/etc/login.defs
++++++++++++++++++++
#	PASS_MAX_DAYS	Maximum number of days a password may be used.
PASS_MAX_DAYS	99999
#	PASS_WARN_AGE	Number of days warning given before a password expires.
PASS_WARN_AGE	7
=========================================================================================
root bin daemon adm lp sync shutdown halt mail news uucp operator games gopher ftp nobody nscd vcsa rpc mailnull smmsp pcap sshd rpcuser nfsnobody dbus avahi haldaemon avahi-autoipd distcache apache webalizer squid ntp xfs gdm sabayon oprofile gpadmin mocha
=========================================================================================
root
+++++++++++++++
Last password change					: Sep 15, 2013
Password expires					: never
Password inactive					: never
Account expires						: never
Minimum number of days between password change		: 0
Maximum number of days between password change		: 99999
Number of days of warning before password expires	: 7
=========================================================================================
bin
+++++++++++++++
Last password change					: Mar 03, 2012
Password expires					: never
Password inactive					: never
Account expires						: never
Minimum number of days between password change		: 0
Maximum number of days between password change		: 99999
Number of days of warning before password expires	: 7
=========================================================================================
daemon
+++++++++++++++
Last password change					: Mar 03, 2012
Password expires					: never
Password inactive					: never
Account expires						: never
Minimum number of days between password change		: 0
Maximum number of days between password change		: 99999
Number of days of warning before password expires	: 7
=========================================================================================
adm
+++++++++++++++
Last password change					: Mar 03, 2012
Password expires					: never
Password inactive					: never
Account expires						: never
Minimum number of days between password change		: 0
Maximum number of days between password change		: 99999
Number of days of warning before password expires	: 7
=========================================================================================
lp
+++++++++++++++
Last password change					: Mar 03, 2012
Password expires					: never
Password inactive					: never
Account expires						: never
Minimum number of days between password change		: 0
Maximum number of days between password change		: 99999
Number of days of warning before password expires	: 7
=========================================================================================
sync
+++++++++++++++
Last password change					: Mar 03, 2012
Password expires					: never
Password inactive					: never
Account expires						: never
Minimum number of days between password change		: 0
Maximum number of days between password change		: 99999
Number of days of warning before password expires	: 7
=========================================================================================
shutdown
+++++++++++++++
Last password change					: Mar 03, 2012
Password expires					: never
Password inactive					: never
Account expires						: never
Minimum number of days between password change		: 0
Maximum number of days between password change		: 99999
Number of days of warning before password expires	: 7
=========================================================================================
halt
+++++++++++++++
Last password change					: Mar 03, 2012
Password expires					: never
Password inactive					: never
Account expires						: never
Minimum number of days between password change		: 0
Maximum number of days between password change		: 99999
Number of days of warning before password expires	: 7
=========================================================================================
mail
+++++++++++++++
Last password change					: Mar 03, 2012
Password expires					: never
Password inactive					: never
Account expires						: never
Minimum number of days between password change		: 0
Maximum number of days between password change		: 99999
Number of days of warning before password expires	: 7
=========================================================================================
news
+++++++++++++++
Last password change					: Mar 03, 2012
Password expires					: never
Password inactive					: never
Account expires						: never
Minimum number of days between password change		: 0
Maximum number of days between password change		: 99999
Number of days of warning before password expires	: 7
=========================================================================================
uucp
+++++++++++++++
Last password change					: Mar 03, 2012
Password expires					: never
Password inactive					: never
Account expires						: never
Minimum number of days between password change		: 0
Maximum number of days between password change		: 99999
Number of days of warning before password expires	: 7
=========================================================================================
operator
+++++++++++++++
Last password change					: Mar 03, 2012
Password expires					: never
Password inactive					: never
Account expires						: never
Minimum number of days between password change		: 0
Maximum number of days between password change		: 99999
Number of days of warning before password expires	: 7
=========================================================================================
games
+++++++++++++++
Last password change					: Mar 03, 2012
Password expires					: never
Password inactive					: never
Account expires						: never
Minimum number of days between password change		: 0
Maximum number of days between password change		: 99999
Number of days of warning before password expires	: 7
=========================================================================================
gopher
+++++++++++++++
Last password change					: Mar 03, 2012
Password expires					: never
Password inactive					: never
Account expires						: never
Minimum number of days between password change		: 0
Maximum number of days between password change		: 99999
Number of days of warning before password expires	: 7
=========================================================================================
ftp
+++++++++++++++
Last password change					: Mar 03, 2012
Password expires					: never
Password inactive					: never
Account expires						: never
Minimum number of days between password change		: 0
Maximum number of days between password change		: 99999
Number of days of warning before password expires	: 7
=========================================================================================
nobody
+++++++++++++++
Last password change					: Mar 03, 2012
Password expires					: never
Password inactive					: never
Account expires						: never
Minimum number of days between password change		: 0
Maximum number of days between password change		: 99999
Number of days of warning before password expires	: 7
=========================================================================================
nscd
+++++++++++++++
Last password change					: Mar 03, 2012
Password expires					: never
Password inactive					: never
Account expires						: never
Minimum number of days between password change		: 0
Maximum number of days between password change		: 99999
Number of days of warning before password expires	: 7
=========================================================================================
vcsa
+++++++++++++++
Last password change					: Mar 03, 2012
Password expires					: never
Password inactive					: never
Account expires						: never
Minimum number of days between password change		: 0
Maximum number of days between password change		: 99999
Number of days of warning before password expires	: 7
=========================================================================================
rpc
+++++++++++++++
Last password change					: Mar 03, 2012
Password expires					: never
Password inactive					: never
Account expires						: never
Minimum number of days between password change		: 0
Maximum number of days between password change		: 99999
Number of days of warning before password expires	: 7
=========================================================================================
mailnull
+++++++++++++++
Last password change					: Mar 03, 2012
Password expires					: never
Password inactive					: never
Account expires						: never
Minimum number of days between password change		: 0
Maximum number of days between password change		: 99999
Number of days of warning before password expires	: 7
=========================================================================================
smmsp
+++++++++++++++
Last password change					: Mar 03, 2012
Password expires					: never
Password inactive					: never
Account expires						: never
Minimum number of days between password change		: 0
Maximum number of days between password change		: 99999
Number of days of warning before password expires	: 7
=========================================================================================
pcap
+++++++++++++++
Last password change					: Mar 03, 2012
Password expires					: never
Password inactive					: never
Account expires						: never
Minimum number of days between password change		: 0
Maximum number of days between password change		: 99999
Number of days of warning before password expires	: 7
=========================================================================================
sshd
+++++++++++++++
Last password change					: Mar 03, 2012
Password expires					: never
Password inactive					: never
Account expires						: never
Minimum number of days between password change		: 0
Maximum number of days between password change		: 99999
Number of days of warning before password expires	: 7
=========================================================================================
rpcuser
+++++++++++++++
Last password change					: Mar 03, 2012
Password expires					: never
Password inactive					: never
Account expires						: never
Minimum number of days between password change		: 0
Maximum number of days between password change		: 99999
Number of days of warning before password expires	: 7
=========================================================================================
nfsnobody
+++++++++++++++
Last password change					: Mar 03, 2012
Password expires					: never
Password inactive					: never
Account expires						: never
Minimum number of days between password change		: 0
Maximum number of days between password change		: 99999
Number of days of warning before password expires	: 7
=========================================================================================
dbus
+++++++++++++++
Last password change					: Mar 03, 2012
Password expires					: never
Password inactive					: never
Account expires						: never
Minimum number of days between password change		: 0
Maximum number of days between password change		: 99999
Number of days of warning before password expires	: 7
=========================================================================================
avahi
+++++++++++++++
Last password change					: Mar 03, 2012
Password expires					: never
Password inactive					: never
Account expires						: never
Minimum number of days between password change		: 0
Maximum number of days between password change		: 99999
Number of days of warning before password expires	: 7
=========================================================================================
haldaemon
+++++++++++++++
Last password change					: Mar 03, 2012
Password expires					: never
Password inactive					: never
Account expires						: never
Minimum number of days between password change		: 0
Maximum number of days between password change		: 99999
Number of days of warning before password expires	: 7
=========================================================================================
avahi-autoipd
+++++++++++++++
Last password change					: Mar 03, 2012
Password expires					: never
Password inactive					: never
Account expires						: never
Minimum number of days between password change		: 0
Maximum number of days between password change		: 99999
Number of days of warning before password expires	: 7
=========================================================================================
distcache
+++++++++++++++
Last password change					: Mar 03, 2012
Password expires					: never
Password inactive					: never
Account expires						: never
Minimum number of days between password change		: 0
Maximum number of days between password change		: 99999
Number of days of warning before password expires	: 7
=========================================================================================
apache
+++++++++++++++
Last password change					: Mar 03, 2012
Password expires					: never
Password inactive					: never
Account expires						: never
Minimum number of days between password change		: 0
Maximum number of days between password change		: 99999
Number of days of warning before password expires	: 7
=========================================================================================
webalizer
+++++++++++++++
Last password change					: Mar 03, 2012
Password expires					: never
Password inactive					: never
Account expires						: never
Minimum number of days between password change		: 0
Maximum number of days between password change		: 99999
Number of days of warning before password expires	: 7
=========================================================================================
squid
+++++++++++++++
Last password change					: Mar 03, 2012
Password expires					: never
Password inactive					: never
Account expires						: never
Minimum number of days between password change		: 0
Maximum number of days between password change		: 99999
Number of days of warning before password expires	: 7
=========================================================================================
ntp
+++++++++++++++
Last password change					: Mar 03, 2012
Password expires					: never
Password inactive					: never
Account expires						: never
Minimum number of days between password change		: 0
Maximum number of days between password change		: 99999
Number of days of warning before password expires	: 7
=========================================================================================
xfs
+++++++++++++++
Last password change					: Mar 03, 2012
Password expires					: never
Password inactive					: never
Account expires						: never
Minimum number of days between password change		: 0
Maximum number of days between password change		: 99999
Number of days of warning before password expires	: 7
=========================================================================================
gdm
+++++++++++++++
Last password change					: Mar 03, 2012
Password expires					: never
Password inactive					: never
Account expires						: never
Minimum number of days between password change		: 0
Maximum number of days between password change		: 99999
Number of days of warning before password expires	: 7
=========================================================================================
sabayon
+++++++++++++++
Last password change					: Mar 03, 2012
Password expires					: never
Password inactive					: never
Account expires						: never
Minimum number of days between password change		: 0
Maximum number of days between password change		: 99999
Number of days of warning before password expires	: 7
=========================================================================================
oprofile
+++++++++++++++
Last password change					: Mar 03, 2012
Password expires					: never
Password inactive					: never
Account expires						: never
Minimum number of days between password change		: 0
Maximum number of days between password change		: 99999
Number of days of warning before password expires	: 7
=========================================================================================
gpadmin
+++++++++++++++
Last password change					: Sep 15, 2013
Password expires					: never
Password inactive					: never
Account expires						: never
Minimum number of days between password change		: 0
Maximum number of days between password change		: 99999
Number of days of warning before password expires	: 7
=========================================================================================
mocha
+++++++++++++++
Last password change					: Aug 15, 2014
Password expires					: never
Password inactive					: never
Account expires						: never
Minimum number of days between password change		: 0
Maximum number of days between password change		: 99999
Number of days of warning before password expires	: 7
=========================================================================================
