###############################################################################################################################
####Volumes resources delete!
-------------------------------------------------------------------------------------------------
abfinance volumes needs deleting ----> listing below 
-------------------------------------------------------------------------------------------------
-----------------------------------------
|            DescribeVolumes            |
+------------------------+------+-------+
|  vol-b4d4c40b          |  90  |  gp2  |
|  vol-91d4c42e          |  90  |  gp2  |
|  vol-99d5c526          |  90  |  gp2  |
|  vol-88d8c837          |  90  |  gp2  |
|  vol-33dbcb8c          |  90  |  gp2  |
|  vol-19dbcba6          |  90  |  gp2  |
|  vol-68dbcbd7          |  90  |  gp2  |
|  vol-61dbcbde          |  90  |  gp2  |
|  vol-4cdbcbf3          |  90  |  gp2  |
|  vol-a3dccc1c          |  90  |  gp2  |
|  vol-9edccc21          |  90  |  gp2  |
|  vol-90dccc2f          |  90  |  gp2  |
|  vol-6b9b8bd4          |  90  |  gp2  |
|  vol-255f24b8          |  90  |  gp2  |
|  vol-ac5e2531          |  290 |  gp2  |
|  vol-5e5e25c3          |  500 |  io1  |
|  vol-595e25c4          |  90  |  gp2  |
|  vol-ba0a4f27          |  500 |  io1  |
|  vol-40a1e7dd          |  90  |  gp2  |
|  vol-c7e7a65a          |  90  |  gp2  |
|  vol-f2dd9e6f          |  90  |  gp2  |
|  vol-eddd9e70          |  90  |  gp2  |
|  vol-25dd9eb8          |  90  |  gp2  |
|  vol-5bdd9ec6          |  90  |  gp2  |
|  vol-3d7338a0          |  500 |  io1  |
|  vol-07713a9a          |  500 |  io1  |
|  vol-00767f4ca62b75452 |  500 |  io1  |
|  vol-81153804          |  90  |  gp2  |
|  vol-9e15381b          |  90  |  gp2  |
|  vol-411439c4          |  90  |  gp2  |
|  vol-4d1439c8          |  90  |  gp2  |
|  vol-80efc205          |  90  |  gp2  |
|  vol-16efc293          |  90  |  gp2  |
|  vol-13efc296          |  90  |  gp2  |
|  vol-18efc29d          |  90  |  gp2  |
|  vol-3fefc2ba          |  90  |  gp2  |
|  vol-3eefc2bb          |  90  |  gp2  |
|  vol-3aefc2bf          |  90  |  gp2  |
|  vol-0bbc918e          |  90  |  gp2  |
|  vol-7f6940fa          |  500 |  io1  |
|  vol-7a3702ff          |  90  |  gp2  |
|  vol-85360300          |  90  |  gp2  |
|  vol-8a31040f          |  90  |  gp2  |
|  vol-1a31049f          |  500 |  io1  |
|  vol-458cbbc0          |  500 |  io1  |
|  vol-68d5eaed          |  90  |  gp2  |
|  vol-92d4eb17          |  90  |  gp2  |
|  vol-a5d4eb20          |  90  |  gp2  |
|  vol-bed4eb3b          |  90  |  gp2  |
|  vol-322e2fb7          |  500 |  io1  |
|  vol-783332fd          |  500 |  io1  |
|  vol-0e1b2f5be2a08f341 |  500 |  io1  |
+------------------------+------+-------+
-------------------------------------------------------------------------------------------------
abfinance volumes available total 52 pieces
-------------------------------------------------------------------------------------------------
-----------------------------------------
the volume vol-b4d4c40b deleting !
-----------------------------------------
-----------------------------------------
the volume vol-91d4c42e deleting !
-----------------------------------------
-----------------------------------------
the volume vol-99d5c526 deleting !
-----------------------------------------
-----------------------------------------
the volume vol-88d8c837 deleting !
-----------------------------------------
-----------------------------------------
the volume vol-33dbcb8c deleting !
-----------------------------------------
-----------------------------------------
the volume vol-19dbcba6 deleting !
-----------------------------------------
-----------------------------------------
the volume vol-68dbcbd7 deleting !
-----------------------------------------
-----------------------------------------
the volume vol-61dbcbde deleting !
-----------------------------------------
-----------------------------------------
the volume vol-4cdbcbf3 deleting !
-----------------------------------------
-----------------------------------------
the volume vol-a3dccc1c deleting !
-----------------------------------------
-----------------------------------------
the volume vol-9edccc21 deleting !
-----------------------------------------
-----------------------------------------
the volume vol-90dccc2f deleting !
-----------------------------------------
-----------------------------------------
the volume vol-6b9b8bd4 deleting !
-----------------------------------------
-----------------------------------------
the volume vol-255f24b8 deleting !
-----------------------------------------
-----------------------------------------
the volume vol-ac5e2531 deleting !
-----------------------------------------
-----------------------------------------
the volume vol-5e5e25c3 deleting !
-----------------------------------------
-----------------------------------------
the volume vol-595e25c4 deleting !
-----------------------------------------
-----------------------------------------
the volume vol-ba0a4f27 deleting !
-----------------------------------------
-----------------------------------------
the volume vol-40a1e7dd deleting !
-----------------------------------------
-----------------------------------------
the volume vol-c7e7a65a deleting !
-----------------------------------------
-----------------------------------------
the volume vol-f2dd9e6f deleting !
-----------------------------------------
-----------------------------------------
the volume vol-eddd9e70 deleting !
-----------------------------------------
-----------------------------------------
the volume vol-25dd9eb8 deleting !
-----------------------------------------
-----------------------------------------
the volume vol-5bdd9ec6 deleting !
-----------------------------------------
-----------------------------------------
the volume vol-3d7338a0 deleting !
-----------------------------------------
-----------------------------------------
the volume vol-07713a9a deleting !
-----------------------------------------
-----------------------------------------
the volume vol-00767f4ca62b75452 deleting !
-----------------------------------------
-----------------------------------------
the volume vol-81153804 deleting !
-----------------------------------------
-----------------------------------------
the volume vol-9e15381b deleting !
-----------------------------------------
-----------------------------------------
the volume vol-411439c4 deleting !
-----------------------------------------
-----------------------------------------
the volume vol-4d1439c8 deleting !
-----------------------------------------
-----------------------------------------
the volume vol-80efc205 deleting !
-----------------------------------------
-----------------------------------------
the volume vol-16efc293 deleting !
-----------------------------------------
-----------------------------------------
the volume vol-13efc296 deleting !
-----------------------------------------
-----------------------------------------
the volume vol-18efc29d deleting !
-----------------------------------------
-----------------------------------------
the volume vol-3fefc2ba deleting !
-----------------------------------------
-----------------------------------------
the volume vol-3eefc2bb deleting !
-----------------------------------------
-----------------------------------------
the volume vol-3aefc2bf deleting !
-----------------------------------------
-----------------------------------------
the volume vol-0bbc918e deleting !
-----------------------------------------
-----------------------------------------
the volume vol-7f6940fa deleting !
-----------------------------------------
-----------------------------------------
the volume vol-7a3702ff deleting !
-----------------------------------------
-----------------------------------------
the volume vol-85360300 deleting !
-----------------------------------------
-----------------------------------------
the volume vol-8a31040f deleting !
-----------------------------------------
-----------------------------------------
the volume vol-1a31049f deleting !
-----------------------------------------
-----------------------------------------
the volume vol-458cbbc0 deleting !
-----------------------------------------
-----------------------------------------
the volume vol-68d5eaed deleting !
-----------------------------------------
-----------------------------------------
the volume vol-92d4eb17 deleting !
-----------------------------------------
-----------------------------------------
the volume vol-a5d4eb20 deleting !
-----------------------------------------
-----------------------------------------
the volume vol-bed4eb3b deleting !
-----------------------------------------
-----------------------------------------
the volume vol-322e2fb7 deleting !
-----------------------------------------
-----------------------------------------
the volume vol-783332fd deleting !
-----------------------------------------
-----------------------------------------
the volume vol-0e1b2f5be2a08f341 deleting !
-----------------------------------------
