/root:[root]# getlvodm -w dbvg
000c75a23d05549e0000000000000000 hdisk1
000c75a23d05576a0000000000000000 hdisk2
000c75a23d0559f30000000000000000 hdisk3
000c75a23d055c8a0000000000000000 hdisk4
000c75a23d055f1e0000000000000000 hdisk5
000c75a23d0561b00000000000000000 hdisk6
000c75a23d05644e0000000000000000 hdisk7
000c75a23d0566e90000000000000000 hdisk8
/root:[root]# lspv|grep -v rootvg
hdisk1          000c75a23d05549e                    dbvg            active
hdisk2          000c75a23d05576a                    dbvg            active
hdisk3          000c75a23d0559f3                    dbvg            active
hdisk4          000c75a23d055c8a                    dbvg            active
hdisk5          000c75a23d055f1e                    dbvg            active
hdisk6          000c75a23d0561b0                    dbvg            active
hdisk7          000c75a23d05644e                    dbvg            active
hdisk8          000c75a23d0566e9                    dbvg            active
/root:[root]# lsvg -o|lsvg -il
dbvg:
LV NAME             TYPE       LPs     PPs     PVs  LV STATE      MOUNT POINT
loglv00             jfs2log    1       1       1    open/syncd    N/A
fslv00              jfs2       6391    6391    8    open/syncd    /data
rootvg:
LV NAME             TYPE       LPs     PPs     PVs  LV STATE      MOUNT POINT
hd5                 boot       1       1       1    closed/syncd  N/A
hd6                 paging     16      16      1    open/syncd    N/A
hd8                 jfs2log    1       1       1    open/syncd    N/A
hd4                 jfs2       3       3       1    open/syncd    /
hd2                 jfs2       8       8       1    open/syncd    /usr
hd9var              jfs2       4       4       1    open/syncd    /var
hd3                 jfs2       4       4       1    open/syncd    /tmp
hd1                 jfs2       660     660     1    open/syncd    /home
hd10opt             jfs2       3       3       1    open/syncd    /opt
lg_dumplv           sysdump    4       4       1    open/syncd    N/A
cdlv                jfs        2       2       1    closed/syncd  N/A
isolv               jfs2       6       6       1    closed/syncd  /isolv
iso1lv              jfs2       6       6       1    closed/syncd  /iso1lv
fslv01              jfs2       20      20      1    closed/syncd  /iso
/root:[root]# getlvcb -At fslv00
m 1 m 000c75a20000d900000001213d056817.2 fslv00 /data C75A2D900 6391 y y 0 0 jfs2 128 vfs=jfs2:log=/dev/loglv00:mount=true:options=rw:account=false Thu May 14 10:58:08 2009
 Mon Aug 17 10:12:21 2015
 
/root:[root]# getlvcb -At fslv01
m 1 m 000c75a20000d900000001206a17cdf9.14 fslv01 /iso C75A2D900 20 y y 0 0 jfs2 32 vfs=jfs2:log=/dev/hd8:options=rw:account=false Tue Dec 30 11:08:59 2014
 Tue Dec 30 12:16:36 2014
 
/root:[root]# getlvcb -At isolv 
 1      6   0 0  0    
/root:[root]# getlvcb -At iso1lv
 1      6   0 0  0    

 
/root:[root]# odmget -q name=dbvg CuAt

CuAt:
        name = "dbvg"
        attribute = "vgserial_id"
        value = "000c75a20000d900000001213d056817"
        type = "R"
        generic = "D"
        rep = "n"
        nls_index = 637

CuAt:
        name = "dbvg"
        attribute = "timestamp"
        value = "530178680909329a"
        type = "R"
        generic = "DU"
        rep = "s"
        nls_index = 0

CuAt:
        name = "dbvg"
        attribute = "pv"
        value = "000c75a23d05549e0000000000000000"
        type = "R"
        generic = ""
        rep = "sl"
        nls_index = 0

CuAt:
        name = "dbvg"
        attribute = "pv"
        value = "000c75a23d05576a0000000000000000"
        type = "R"
        generic = ""
        rep = "sl"
        nls_index = 0

CuAt:
        name = "dbvg"
        attribute = "pv"
        value = "000c75a23d0559f30000000000000000"
        type = "R"
        generic = ""
        rep = "sl"
        nls_index = 0

CuAt:
        name = "dbvg"
        attribute = "pv"
        value = "000c75a23d055c8a0000000000000000"
        type = "R"
        generic = ""
        rep = "sl"
        nls_index = 0

CuAt:
        name = "dbvg"
        attribute = "pv"
        value = "000c75a23d055f1e0000000000000000"
        type = "R"
        generic = ""
        rep = "sl"
        nls_index = 0

CuAt:
        name = "dbvg"
        attribute = "pv"
        value = "000c75a23d0561b00000000000000000"
        type = "R"
        generic = ""
        rep = "sl"
        nls_index = 0

CuAt:
        name = "dbvg"
        attribute = "pv"
        value = "000c75a23d05644e0000000000000000"
        type = "R"
        generic = ""
        rep = "sl"
        nls_index = 0

CuAt:
        name = "dbvg"
        attribute = "pv"
        value = "000c75a23d0566e90000000000000000"
        type = "R"
        generic = ""
        rep = "sl"
        nls_index = 0
/root:[root]# for i in `lspv|grep -v rootvg|awk '{print $1}'`                                    
> do
> echo "-----------------------"
> echo $i
> echo "-----------------------"
> lqueryvg -Atp $i
> done 
-----------------------
hdisk1
-----------------------
Max LVs:        512
PP Size:        26
Free PPs:       0
LV count:       2
PV count:       8
Total VGDAs:    8
Conc Allowed:   0
MAX PPs per PV  1016
MAX PVs:        128
Quorum (disk):  1
Quorum (dd):    1
Auto Varyon ?:  1
Conc Autovaryo  0
Varied on Conc  0
Logical:        000c75a20000d900000001213d056817.1   loglv00 1  
                000c75a20000d900000001213d056817.2   fslv00 1  
Physical:       000c75a23d05549e                1   0  
                000c75a23d05576a                1   0  
                000c75a23d0559f3                1   0  
                000c75a23d055c8a                1   0  
                000c75a23d055f1e                1   0  
                000c75a23d0561b0                1   0  
                000c75a23d05644e                1   0  
                000c75a23d0566e9                1   0  
Total PPs:      6392
LTG size:       128
HOT SPARE:      0
AUTO SYNC:      0
VG PERMISSION:  0
SNAPSHOT VG:    0
IS_PRIMARY VG:  0
PSNFSTPP:       16128
VARYON MODE:    0
VG Type:        1
Max PPs:        130048
-----------------------
hdisk2
-----------------------
Max LVs:        512
PP Size:        26
Free PPs:       0
LV count:       2
PV count:       8
Total VGDAs:    8
Conc Allowed:   0
MAX PPs per PV  1016
MAX PVs:        128
Quorum (disk):  1
Quorum (dd):    1
Auto Varyon ?:  1
Conc Autovaryo  0
Varied on Conc  0
Logical:        000c75a20000d900000001213d056817.1   loglv00 1  
                000c75a20000d900000001213d056817.2   fslv00 1  
Physical:       000c75a23d05549e                1   0  
                000c75a23d05576a                1   0  
                000c75a23d0559f3                1   0  
                000c75a23d055c8a                1   0  
                000c75a23d055f1e                1   0  
                000c75a23d0561b0                1   0  
                000c75a23d05644e                1   0  
                000c75a23d0566e9                1   0  
Total PPs:      6392
LTG size:       128
HOT SPARE:      0
AUTO SYNC:      0
VG PERMISSION:  0
SNAPSHOT VG:    0
IS_PRIMARY VG:  0
PSNFSTPP:       16128
VARYON MODE:    0
VG Type:        1
Max PPs:        130048
-----------------------
hdisk3
-----------------------
Max LVs:        512
PP Size:        26
Free PPs:       0
LV count:       2
PV count:       8
Total VGDAs:    8
Conc Allowed:   0
MAX PPs per PV  1016
MAX PVs:        128
Quorum (disk):  1
Quorum (dd):    1
Auto Varyon ?:  1
Conc Autovaryo  0
Varied on Conc  0
Logical:        000c75a20000d900000001213d056817.1   loglv00 1  
                000c75a20000d900000001213d056817.2   fslv00 1  
Physical:       000c75a23d05549e                1   0  
                000c75a23d05576a                1   0  
                000c75a23d0559f3                1   0  
                000c75a23d055c8a                1   0  
                000c75a23d055f1e                1   0  
                000c75a23d0561b0                1   0  
                000c75a23d05644e                1   0  
                000c75a23d0566e9                1   0  
Total PPs:      6392
LTG size:       128
HOT SPARE:      0
AUTO SYNC:      0
VG PERMISSION:  0
SNAPSHOT VG:    0
IS_PRIMARY VG:  0
PSNFSTPP:       16128
VARYON MODE:    0
VG Type:        1
Max PPs:        130048
-----------------------
hdisk4
-----------------------
Max LVs:        512
PP Size:        26
Free PPs:       0
LV count:       2
PV count:       8
Total VGDAs:    8
Conc Allowed:   0
MAX PPs per PV  1016
MAX PVs:        128
Quorum (disk):  1
Quorum (dd):    1
Auto Varyon ?:  1
Conc Autovaryo  0
Varied on Conc  0
Logical:        000c75a20000d900000001213d056817.1   loglv00 1  
                000c75a20000d900000001213d056817.2   fslv00 1  
Physical:       000c75a23d05549e                1   0  
                000c75a23d05576a                1   0  
                000c75a23d0559f3                1   0  
                000c75a23d055c8a                1   0  
                000c75a23d055f1e                1   0  
                000c75a23d0561b0                1   0  
                000c75a23d05644e                1   0  
                000c75a23d0566e9                1   0  
Total PPs:      6392
LTG size:       128
HOT SPARE:      0
AUTO SYNC:      0
VG PERMISSION:  0
SNAPSHOT VG:    0
IS_PRIMARY VG:  0
PSNFSTPP:       16128
VARYON MODE:    0
VG Type:        1
Max PPs:        130048
-----------------------
hdisk5
-----------------------
Max LVs:        512
PP Size:        26
Free PPs:       0
LV count:       2
PV count:       8
Total VGDAs:    8
Conc Allowed:   0
MAX PPs per PV  1016
MAX PVs:        128
Quorum (disk):  1
Quorum (dd):    1
Auto Varyon ?:  1
Conc Autovaryo  0
Varied on Conc  0
Logical:        000c75a20000d900000001213d056817.1   loglv00 1  
                000c75a20000d900000001213d056817.2   fslv00 1  
Physical:       000c75a23d05549e                1   0  
                000c75a23d05576a                1   0  
                000c75a23d0559f3                1   0  
                000c75a23d055c8a                1   0  
                000c75a23d055f1e                1   0  
                000c75a23d0561b0                1   0  
                000c75a23d05644e                1   0  
                000c75a23d0566e9                1   0  
Total PPs:      6392
LTG size:       128
HOT SPARE:      0
AUTO SYNC:      0
VG PERMISSION:  0
SNAPSHOT VG:    0
IS_PRIMARY VG:  0
PSNFSTPP:       16128
VARYON MODE:    0
VG Type:        1
Max PPs:        130048
-----------------------
hdisk6
-----------------------
Max LVs:        512
PP Size:        26
Free PPs:       0
LV count:       2
PV count:       8
Total VGDAs:    8
Conc Allowed:   0
MAX PPs per PV  1016
MAX PVs:        128
Quorum (disk):  1
Quorum (dd):    1
Auto Varyon ?:  1
Conc Autovaryo  0
Varied on Conc  0
Logical:        000c75a20000d900000001213d056817.1   loglv00 1  
                000c75a20000d900000001213d056817.2   fslv00 1  
Physical:       000c75a23d05549e                1   0  
                000c75a23d05576a                1   0  
                000c75a23d0559f3                1   0  
                000c75a23d055c8a                1   0  
                000c75a23d055f1e                1   0  
                000c75a23d0561b0                1   0  
                000c75a23d05644e                1   0  
                000c75a23d0566e9                1   0  
Total PPs:      6392
LTG size:       128
HOT SPARE:      0
AUTO SYNC:      0
VG PERMISSION:  0
SNAPSHOT VG:    0
IS_PRIMARY VG:  0
PSNFSTPP:       16128
VARYON MODE:    0
VG Type:        1
Max PPs:        130048
-----------------------
hdisk7
-----------------------
Max LVs:        512
PP Size:        26
Free PPs:       0
LV count:       2
PV count:       8
Total VGDAs:    8
Conc Allowed:   0
MAX PPs per PV  1016
MAX PVs:        128
Quorum (disk):  1
Quorum (dd):    1
Auto Varyon ?:  1
Conc Autovaryo  0
Varied on Conc  0
Logical:        000c75a20000d900000001213d056817.1   loglv00 1  
                000c75a20000d900000001213d056817.2   fslv00 1  
Physical:       000c75a23d05549e                1   0  
                000c75a23d05576a                1   0  
                000c75a23d0559f3                1   0  
                000c75a23d055c8a                1   0  
                000c75a23d055f1e                1   0  
                000c75a23d0561b0                1   0  
                000c75a23d05644e                1   0  
                000c75a23d0566e9                1   0  
Total PPs:      6392
LTG size:       128
HOT SPARE:      0
AUTO SYNC:      0
VG PERMISSION:  0
SNAPSHOT VG:    0
IS_PRIMARY VG:  0
PSNFSTPP:       16128
VARYON MODE:    0
VG Type:        1
Max PPs:        130048
-----------------------
hdisk8
-----------------------
Max LVs:        512
PP Size:        26
Free PPs:       0
LV count:       2
PV count:       8
Total VGDAs:    8
Conc Allowed:   0
MAX PPs per PV  1016
MAX PVs:        128
Quorum (disk):  1
Quorum (dd):    1
Auto Varyon ?:  1
Conc Autovaryo  0
Varied on Conc  0
Logical:        000c75a20000d900000001213d056817.1   loglv00 1  
                000c75a20000d900000001213d056817.2   fslv00 1  
Physical:       000c75a23d05549e                1   0  
                000c75a23d05576a                1   0  
                000c75a23d0559f3                1   0  
                000c75a23d055c8a                1   0  
                000c75a23d055f1e                1   0  
                000c75a23d0561b0                1   0  
                000c75a23d05644e                1   0  
                000c75a23d0566e9                1   0  
Total PPs:      6392
LTG size:       128
HOT SPARE:      0
AUTO SYNC:      0
VG PERMISSION:  0
SNAPSHOT VG:    0
IS_PRIMARY VG:  0
PSNFSTPP:       16128
VARYON MODE:    0
VG Type:        1
Max PPs:        130048


/root:[root]# for i in `lspv|grep -v rootvg|awk '{print $1}'`; do echo "-----------------------"; echo $i; echo "-----------------------"; echo "PVID=";getlvodm -p $i ; done 
-----------------------
hdisk1
-----------------------
PVID=
000c75a23d05549e
-----------------------
hdisk2
-----------------------
PVID=
000c75a23d05576a
-----------------------
hdisk3
-----------------------
PVID=
000c75a23d0559f3
-----------------------
hdisk4
-----------------------
PVID=
000c75a23d055c8a
-----------------------
hdisk5
-----------------------
PVID=
000c75a23d055f1e
-----------------------
hdisk6
-----------------------
PVID=
000c75a23d0561b0
-----------------------
hdisk7
-----------------------
PVID=
000c75a23d05644e
-----------------------
hdisk8
-----------------------
PVID=
000c75a23d0566e9
