Password expires is not Never!!!
grid
----------------
Last password change                                    : Sep 15, 2013
Password expires                                        : Dec 14, 2013
Password inactive                                       : never
Account expires                                         : never
Minimum number of days between password change          : 1
Maximum number of days between password change          : 90
Number of days of warning before password expires       : 7
Password expires is not Never!!!
oracle
----------------
Last password change                                    : Jan 26, 2015
Password expires                                        : Jan 21, 2016
Password inactive                                       : never
Account expires                                         : never
Minimum number of days between password change          : 0
Maximum number of days between password change          : 360
Number of days of warning before password expires       : 7
Password expires is not Never!!!
mocha1
----------------
Last password change                                    : Jun 05, 2015
Password expires                                        : May 30, 2016
Password inactive                                       : never
Account expires                                         : never
Minimum number of days between password change          : 0
Maximum number of days between password change          : 360
Number of days of warning before password expires       : 7
