root expires=0 minage=0 maxage=0 maxexpired=-1
daemon expires=0101000070 minage=0 maxage=0 maxexpired=-1
bin expires=0101000070 minage=0 maxage=0 maxexpired=-1
sys expires=0101000070 minage=0 maxage=0 maxexpired=-1
adm expires=0 minage=0 maxage=0 maxexpired=-1
uucp expires=0 minage=0 maxage=0 maxexpired=-1
guest expires=0 minage=0 maxage=0 maxexpired=-1
nobody expires=0101000070 minage=0 maxage=0 maxexpired=-1
lpd expires=0101000070 minage=0 maxage=0 maxexpired=-1
lp expires=0 minage=0 maxage=0 maxexpired=-1
invscout expires=0 minage=0 maxage=0 maxexpired=-1
snapp expires=0 minage=0 maxage=0 maxexpired=-1
ipsec expires=0 minage=0 maxage=0 maxexpired=-1
nuucp expires=0 minage=0 maxage=0 maxexpired=-1
pconsole expires=0 minage=0 maxage=0 maxexpired=-1
esaadmin expires=0 minage=0 maxage=0 maxexpired=-1
oracle expires=0 minage=0 maxage=0 maxexpired=-1
sshd expires=0 minage=0 maxage=0 maxexpired=-1
monitor expires=0 minage=0 maxage=0 maxexpired=-1
mocha expires=0 minage=0 maxage=0 maxexpired=-1
