/etc/login.defs
++++++++++++++++++++
#	PASS_MAX_DAYS	Maximum number of days a password may be used.
PASS_MAX_DAYS	99999
#	PASS_WARN_AGE	Number of days warning given before a password expires.
PASS_WARN_AGE	7
=========================================================================================
root bin daemon adm lp sync shutdown halt mail news uucp operator games gopher ftp nobody nscd vcsa ntp pcap dbus avahi rpc mailnull smmsp oprofile sshd xfs haldaemon avahi-autoipd rpcuser nfsnobody gdm sabayon mocha apache weblogic sinosig jboss viewer
=========================================================================================
root
+++++++++++++++
Last password change					: May 14, 2015
Password expires					: never
Password inactive					: never
Account expires						: never
Minimum number of days between password change		: 0
Maximum number of days between password change		: 99999
Number of days of warning before password expires	: 7
=========================================================================================
bin
+++++++++++++++
Last password change					: May 14, 2015
Password expires					: never
Password inactive					: never
Account expires						: never
Minimum number of days between password change		: 0
Maximum number of days between password change		: 99999
Number of days of warning before password expires	: 7
=========================================================================================
daemon
+++++++++++++++
Last password change					: May 14, 2015
Password expires					: never
Password inactive					: never
Account expires						: never
Minimum number of days between password change		: 0
Maximum number of days between password change		: 99999
Number of days of warning before password expires	: 7
=========================================================================================
adm
+++++++++++++++
Last password change					: May 14, 2015
Password expires					: never
Password inactive					: never
Account expires						: never
Minimum number of days between password change		: 0
Maximum number of days between password change		: 99999
Number of days of warning before password expires	: 7
=========================================================================================
lp
+++++++++++++++
Last password change					: May 14, 2015
Password expires					: never
Password inactive					: never
Account expires						: never
Minimum number of days between password change		: 0
Maximum number of days between password change		: 99999
Number of days of warning before password expires	: 7
=========================================================================================
sync
+++++++++++++++
Last password change					: May 14, 2015
Password expires					: never
Password inactive					: never
Account expires						: never
Minimum number of days between password change		: 0
Maximum number of days between password change		: 99999
Number of days of warning before password expires	: 7
=========================================================================================
shutdown
+++++++++++++++
Last password change					: May 14, 2015
Password expires					: never
Password inactive					: never
Account expires						: never
Minimum number of days between password change		: 0
Maximum number of days between password change		: 99999
Number of days of warning before password expires	: 7
=========================================================================================
halt
+++++++++++++++
Last password change					: May 14, 2015
Password expires					: never
Password inactive					: never
Account expires						: never
Minimum number of days between password change		: 0
Maximum number of days between password change		: 99999
Number of days of warning before password expires	: 7
=========================================================================================
mail
+++++++++++++++
Last password change					: May 14, 2015
Password expires					: never
Password inactive					: never
Account expires						: never
Minimum number of days between password change		: 0
Maximum number of days between password change		: 99999
Number of days of warning before password expires	: 7
=========================================================================================
news
+++++++++++++++
Last password change					: May 14, 2015
Password expires					: never
Password inactive					: never
Account expires						: never
Minimum number of days between password change		: 0
Maximum number of days between password change		: 99999
Number of days of warning before password expires	: 7
=========================================================================================
uucp
+++++++++++++++
Last password change					: May 14, 2015
Password expires					: never
Password inactive					: never
Account expires						: never
Minimum number of days between password change		: 0
Maximum number of days between password change		: 99999
Number of days of warning before password expires	: 7
=========================================================================================
operator
+++++++++++++++
Last password change					: May 14, 2015
Password expires					: never
Password inactive					: never
Account expires						: never
Minimum number of days between password change		: 0
Maximum number of days between password change		: 99999
Number of days of warning before password expires	: 7
=========================================================================================
games
+++++++++++++++
Last password change					: May 14, 2015
Password expires					: never
Password inactive					: never
Account expires						: never
Minimum number of days between password change		: 0
Maximum number of days between password change		: 99999
Number of days of warning before password expires	: 7
=========================================================================================
gopher
+++++++++++++++
Last password change					: May 14, 2015
Password expires					: never
Password inactive					: never
Account expires						: never
Minimum number of days between password change		: 0
Maximum number of days between password change		: 99999
Number of days of warning before password expires	: 7
=========================================================================================
ftp
+++++++++++++++
Last password change					: May 14, 2015
Password expires					: never
Password inactive					: never
Account expires						: never
Minimum number of days between password change		: 0
Maximum number of days between password change		: 99999
Number of days of warning before password expires	: 7
=========================================================================================
nobody
+++++++++++++++
Last password change					: May 14, 2015
Password expires					: never
Password inactive					: never
Account expires						: never
Minimum number of days between password change		: 0
Maximum number of days between password change		: 99999
Number of days of warning before password expires	: 7
=========================================================================================
nscd
+++++++++++++++
Last password change					: May 14, 2015
Password expires					: never
Password inactive					: never
Account expires						: never
Minimum number of days between password change		: 0
Maximum number of days between password change		: 99999
Number of days of warning before password expires	: 7
=========================================================================================
vcsa
+++++++++++++++
Last password change					: May 14, 2015
Password expires					: never
Password inactive					: never
Account expires						: never
Minimum number of days between password change		: 0
Maximum number of days between password change		: 99999
Number of days of warning before password expires	: 7
=========================================================================================
ntp
+++++++++++++++
Last password change					: May 14, 2015
Password expires					: never
Password inactive					: never
Account expires						: never
Minimum number of days between password change		: 0
Maximum number of days between password change		: 99999
Number of days of warning before password expires	: 7
=========================================================================================
pcap
+++++++++++++++
Last password change					: May 14, 2015
Password expires					: never
Password inactive					: never
Account expires						: never
Minimum number of days between password change		: 0
Maximum number of days between password change		: 99999
Number of days of warning before password expires	: 7
=========================================================================================
dbus
+++++++++++++++
Last password change					: May 14, 2015
Password expires					: never
Password inactive					: never
Account expires						: never
Minimum number of days between password change		: 0
Maximum number of days between password change		: 99999
Number of days of warning before password expires	: 7
=========================================================================================
avahi
+++++++++++++++
Last password change					: May 14, 2015
Password expires					: never
Password inactive					: never
Account expires						: never
Minimum number of days between password change		: 0
Maximum number of days between password change		: 99999
Number of days of warning before password expires	: 7
=========================================================================================
rpc
+++++++++++++++
Last password change					: May 14, 2015
Password expires					: never
Password inactive					: never
Account expires						: never
Minimum number of days between password change		: 0
Maximum number of days between password change		: 99999
Number of days of warning before password expires	: 7
=========================================================================================
mailnull
+++++++++++++++
Last password change					: May 14, 2015
Password expires					: never
Password inactive					: never
Account expires						: never
Minimum number of days between password change		: 0
Maximum number of days between password change		: 99999
Number of days of warning before password expires	: 7
=========================================================================================
smmsp
+++++++++++++++
Last password change					: May 14, 2015
Password expires					: never
Password inactive					: never
Account expires						: never
Minimum number of days between password change		: 0
Maximum number of days between password change		: 99999
Number of days of warning before password expires	: 7
=========================================================================================
oprofile
+++++++++++++++
Last password change					: May 14, 2015
Password expires					: never
Password inactive					: never
Account expires						: never
Minimum number of days between password change		: 0
Maximum number of days between password change		: 99999
Number of days of warning before password expires	: 7
=========================================================================================
sshd
+++++++++++++++
Last password change					: May 14, 2015
Password expires					: never
Password inactive					: never
Account expires						: never
Minimum number of days between password change		: 0
Maximum number of days between password change		: 99999
Number of days of warning before password expires	: 7
=========================================================================================
xfs
+++++++++++++++
Last password change					: May 14, 2015
Password expires					: never
Password inactive					: never
Account expires						: never
Minimum number of days between password change		: 0
Maximum number of days between password change		: 99999
Number of days of warning before password expires	: 7
=========================================================================================
haldaemon
+++++++++++++++
Last password change					: May 14, 2015
Password expires					: never
Password inactive					: never
Account expires						: never
Minimum number of days between password change		: 0
Maximum number of days between password change		: 99999
Number of days of warning before password expires	: 7
=========================================================================================
avahi-autoipd
+++++++++++++++
Last password change					: May 14, 2015
Password expires					: never
Password inactive					: never
Account expires						: never
Minimum number of days between password change		: 0
Maximum number of days between password change		: 99999
Number of days of warning before password expires	: 7
=========================================================================================
rpcuser
+++++++++++++++
Last password change					: May 14, 2015
Password expires					: never
Password inactive					: never
Account expires						: never
Minimum number of days between password change		: 0
Maximum number of days between password change		: 99999
Number of days of warning before password expires	: 7
=========================================================================================
nfsnobody
+++++++++++++++
Last password change					: May 14, 2015
Password expires					: never
Password inactive					: never
Account expires						: never
Minimum number of days between password change		: 0
Maximum number of days between password change		: 99999
Number of days of warning before password expires	: 7
=========================================================================================
gdm
+++++++++++++++
Last password change					: May 14, 2015
Password expires					: never
Password inactive					: never
Account expires						: never
Minimum number of days between password change		: 0
Maximum number of days between password change		: 99999
Number of days of warning before password expires	: 7
=========================================================================================
sabayon
+++++++++++++++
Last password change					: May 14, 2015
Password expires					: never
Password inactive					: never
Account expires						: never
Minimum number of days between password change		: 0
Maximum number of days between password change		: 99999
Number of days of warning before password expires	: 7
=========================================================================================
mocha
+++++++++++++++
Last password change					: Jun 10, 2015
Password expires					: never
Password inactive					: never
Account expires						: never
Minimum number of days between password change		: 0
Maximum number of days between password change		: 99999
Number of days of warning before password expires	: 7
=========================================================================================
apache
+++++++++++++++
Last password change					: May 14, 2015
Password expires					: never
Password inactive					: never
Account expires						: never
Minimum number of days between password change		: -1
Maximum number of days between password change		: -1
Number of days of warning before password expires	: -1
=========================================================================================
weblogic
+++++++++++++++
Last password change					: May 21, 2015
Password expires					: never
Password inactive					: never
Account expires						: never
Minimum number of days between password change		: 0
Maximum number of days between password change		: 99999
Number of days of warning before password expires	: 7
=========================================================================================
sinosig
+++++++++++++++
Last password change					: May 19, 2015
Password expires					: never
Password inactive					: never
Account expires						: never
Minimum number of days between password change		: 0
Maximum number of days between password change		: 99999
Number of days of warning before password expires	: 7
=========================================================================================
jboss
+++++++++++++++
Last password change					: May 21, 2015
Password expires					: never
Password inactive					: never
Account expires						: never
Minimum number of days between password change		: 0
Maximum number of days between password change		: 99999
Number of days of warning before password expires	: 7
=========================================================================================
viewer
+++++++++++++++
Last password change					: Jun 04, 2015
Password expires					: never
Password inactive					: never
Account expires						: never
Minimum number of days between password change		: 0
Maximum number of days between password change		: 99999
Number of days of warning before password expires	: 7
=========================================================================================
