Snapshots taken by ec2-volumes-autobackup.sh will be eligible for purging after the following date (the purge after date given in seconds from epoch): 1483035001.
INSTANCE i-ae86a516
INSTANCE NAME: abfinance_nat02
Tagging Snapshot snap-e197abd2 with the following Tags: Key=CreatedBy,Value=ec2-automate-backup Key=InstanceId,Value=i-ae86a516 Key=InstanceName,Value=abfinance_nat02 Key=PurgeAfterFE,Value=1483035001 Key=PurgeAllow,Value=true Key=Volume,Value=vol-dcd3c363 Key=Created,Value=1480443001
INSTANCE i-0286a5ba
INSTANCE NAME: abfinance_lcb_webview03
Tagging Snapshot snap-b0294284 with the following Tags: Key=CreatedBy,Value=ec2-automate-backup Key=InstanceId,Value=i-0286a5ba Key=InstanceName,Value=abfinance_lcb_webview03 Key=PurgeAfterFE,Value=1483035001 Key=PurgeAllow,Value=true Key=Volume,Value=vol-5bd3c3e4 Key=Created,Value=1480443001
INSTANCE i-0286a5ba
INSTANCE NAME: abfinance_lcb_webview03
Tagging Snapshot snap-ba8ebd89 with the following Tags: Key=CreatedBy,Value=ec2-automate-backup Key=InstanceId,Value=i-0286a5ba Key=InstanceName,Value=abfinance_lcb_webview03 Key=PurgeAfterFE,Value=1483035001 Key=PurgeAllow,Value=true Key=Volume,Value=vol-b4d4c40b Key=Created,Value=1480443001
INSTANCE i-0986a5b1
INSTANCE NAME: abfinance_lcb_webview04
Tagging Snapshot snap-77d7ea44 with the following Tags: Key=CreatedBy,Value=ec2-automate-backup Key=InstanceId,Value=i-0986a5b1 Key=InstanceName,Value=abfinance_lcb_webview04 Key=PurgeAfterFE,Value=1483035001 Key=PurgeAllow,Value=true Key=Volume,Value=vol-91d4c42e Key=Created,Value=1480443001
INSTANCE i-0986a5b1
INSTANCE NAME: abfinance_lcb_webview04
Tagging Snapshot snap-e8cfe2db with the following Tags: Key=CreatedBy,Value=ec2-automate-backup Key=InstanceId,Value=i-0986a5b1 Key=InstanceName,Value=abfinance_lcb_webview04 Key=PurgeAfterFE,Value=1483035001 Key=PurgeAllow,Value=true Key=Volume,Value=vol-dcd4c463 Key=Created,Value=1480443001
INSTANCE i-cd85a675
INSTANCE NAME: abfinance_lcb_production02
Tagging Snapshot snap-828fbdb1 with the following Tags: Key=CreatedBy,Value=ec2-automate-backup Key=InstanceId,Value=i-cd85a675 Key=InstanceName,Value=abfinance_lcb_production02 Key=PurgeAfterFE,Value=1483035001 Key=PurgeAllow,Value=true Key=Volume,Value=vol-99d5c526 Key=Created,Value=1480443001
INSTANCE i-cd85a675
INSTANCE NAME: abfinance_lcb_production02
Tagging Snapshot snap-5f156138 with the following Tags: Key=CreatedBy,Value=ec2-automate-backup Key=InstanceId,Value=i-cd85a675 Key=InstanceName,Value=abfinance_lcb_production02 Key=PurgeAfterFE,Value=1483035001 Key=PurgeAllow,Value=true Key=Volume,Value=vol-c4d5c57b Key=Created,Value=1480443001
INSTANCE i-ea8ba852
INSTANCE NAME: abfinance_lcb_sales02
Tagging Snapshot snap-aae4c699 with the following Tags: Key=CreatedBy,Value=ec2-automate-backup Key=InstanceId,Value=i-ea8ba852 Key=InstanceName,Value=abfinance_lcb_sales02 Key=PurgeAfterFE,Value=1483035001 Key=PurgeAllow,Value=true Key=Volume,Value=vol-b2d8c80d Key=Created,Value=1480443001
INSTANCE i-ea8ba852
INSTANCE NAME: abfinance_lcb_sales02
Tagging Snapshot snap-7a3c0e49 with the following Tags: Key=CreatedBy,Value=ec2-automate-backup Key=InstanceId,Value=i-ea8ba852 Key=InstanceName,Value=abfinance_lcb_sales02 Key=PurgeAfterFE,Value=1483035001 Key=PurgeAllow,Value=true Key=Volume,Value=vol-88d8c837 Key=Created,Value=1480443001
INSTANCE i-818aa939
INSTANCE NAME: abfinance_95569_app20
Tagging Snapshot snap-9c022baf with the following Tags: Key=CreatedBy,Value=ec2-automate-backup Key=InstanceId,Value=i-818aa939 Key=InstanceName,Value=abfinance_95569_app20 Key=PurgeAfterFE,Value=1483035001 Key=PurgeAllow,Value=true Key=Volume,Value=vol-35dbcb8a Key=Created,Value=1480443001
INSTANCE i-878aa93f
INSTANCE NAME: abfinance_95569_app26
Tagging Snapshot snap-71417f42 with the following Tags: Key=CreatedBy,Value=ec2-automate-backup Key=InstanceId,Value=i-878aa93f Key=InstanceName,Value=abfinance_95569_app26 Key=PurgeAfterFE,Value=1483035001 Key=PurgeAllow,Value=true Key=Volume,Value=vol-34dbcb8b Key=Created,Value=1480443001
INSTANCE i-868aa93e
INSTANCE NAME: abfinance_95569_app25
Tagging Snapshot snap-a7360194 with the following Tags: Key=CreatedBy,Value=ec2-automate-backup Key=InstanceId,Value=i-868aa93e Key=InstanceName,Value=abfinance_95569_app25 Key=PurgeAfterFE,Value=1483035001 Key=PurgeAllow,Value=true Key=Volume,Value=vol-33dbcb8c Key=Created,Value=1480443001
INSTANCE i-828aa93a
INSTANCE NAME: abfinance_95569_app21
Tagging Snapshot snap-bb073588 with the following Tags: Key=CreatedBy,Value=ec2-automate-backup Key=InstanceId,Value=i-828aa93a Key=InstanceName,Value=abfinance_95569_app21 Key=PurgeAfterFE,Value=1483035001 Key=PurgeAllow,Value=true Key=Volume,Value=vol-19dbcba6 Key=Created,Value=1480443001
INSTANCE i-808aa938
INSTANCE NAME: abfinance_95569_app19
Tagging Snapshot snap-a8ba849b with the following Tags: Key=CreatedBy,Value=ec2-automate-backup Key=InstanceId,Value=i-808aa938 Key=InstanceName,Value=abfinance_95569_app19 Key=PurgeAfterFE,Value=1483035001 Key=PurgeAllow,Value=true Key=Volume,Value=vol-68dbcbd7 Key=Created,Value=1480443001
INSTANCE 
INSTANCE NAME: 
Tagging Snapshot snap-e45a6dd7 with the following Tags: Key=CreatedBy,Value=ec2-automate-backup Key=InstanceId,Value= Key=InstanceName,Value= Key=PurgeAfterFE,Value=1483035001 Key=PurgeAllow,Value=true Key=Volume,Value=vol-67dbcbd8 Key=Created,Value=1480443001
INSTANCE i-818aa939
INSTANCE NAME: abfinance_95569_app20
Tagging Snapshot snap-12a49b21 with the following Tags: Key=CreatedBy,Value=ec2-automate-backup Key=InstanceId,Value=i-818aa939 Key=InstanceName,Value=abfinance_95569_app20 Key=PurgeAfterFE,Value=1483035001 Key=PurgeAllow,Value=true Key=Volume,Value=vol-61dbcbde Key=Created,Value=1480443001
INSTANCE i-868aa93e
INSTANCE NAME: abfinance_95569_app25
Tagging Snapshot snap-5bbf0f6c with the following Tags: Key=CreatedBy,Value=ec2-automate-backup Key=InstanceId,Value=i-868aa93e Key=InstanceName,Value=abfinance_95569_app25 Key=PurgeAfterFE,Value=1483035001 Key=PurgeAllow,Value=true Key=Volume,Value=vol-4edbcbf1 Key=Created,Value=1480443001
INSTANCE i-878aa93f
INSTANCE NAME: abfinance_95569_app26
Tagging Snapshot snap-b1f4c082 with the following Tags: Key=CreatedBy,Value=ec2-automate-backup Key=InstanceId,Value=i-878aa93f Key=InstanceName,Value=abfinance_95569_app26 Key=PurgeAfterFE,Value=1483035001 Key=PurgeAllow,Value=true Key=Volume,Value=vol-4cdbcbf3 Key=Created,Value=1480443001
INSTANCE i-858aa93d
INSTANCE NAME: abfinance_95569_app24
Tagging Snapshot snap-cfeed0fc with the following Tags: Key=CreatedBy,Value=ec2-automate-backup Key=InstanceId,Value=i-858aa93d Key=InstanceName,Value=abfinance_95569_app24 Key=PurgeAfterFE,Value=1483035001 Key=PurgeAllow,Value=true Key=Volume,Value=vol-b1dccc0e Key=Created,Value=1480443001
INSTANCE 
INSTANCE NAME: 
Tagging Snapshot snap-27291414 with the following Tags: Key=CreatedBy,Value=ec2-automate-backup Key=InstanceId,Value= Key=InstanceName,Value= Key=PurgeAfterFE,Value=1483035001 Key=PurgeAllow,Value=true Key=Volume,Value=vol-b0dccc0f Key=Created,Value=1480443001
INSTANCE i-838aa93b
INSTANCE NAME: abfinance_95569_app22
Tagging Snapshot snap-cb7640f8 with the following Tags: Key=CreatedBy,Value=ec2-automate-backup Key=InstanceId,Value=i-838aa93b Key=InstanceName,Value=abfinance_95569_app22 Key=PurgeAfterFE,Value=1483035001 Key=PurgeAllow,Value=true Key=Volume,Value=vol-a4dccc1b Key=Created,Value=1480443001
INSTANCE i-858aa93d
INSTANCE NAME: abfinance_95569_app24
Tagging Snapshot snap-1511041d with the following Tags: Key=CreatedBy,Value=ec2-automate-backup Key=InstanceId,Value=i-858aa93d Key=InstanceName,Value=abfinance_95569_app24 Key=PurgeAfterFE,Value=1483035001 Key=PurgeAllow,Value=true Key=Volume,Value=vol-a3dccc1c Key=Created,Value=1480443001
INSTANCE 
INSTANCE NAME: 
Tagging Snapshot snap-3f03350c with the following Tags: Key=CreatedBy,Value=ec2-automate-backup Key=InstanceId,Value= Key=InstanceName,Value= Key=PurgeAfterFE,Value=1483035001 Key=PurgeAllow,Value=true Key=Volume,Value=vol-a2dccc1d Key=Created,Value=1480443001
INSTANCE i-828aa93a
INSTANCE NAME: abfinance_95569_app21
Tagging Snapshot snap-d7c42f26 with the following Tags: Key=CreatedBy,Value=ec2-automate-backup Key=InstanceId,Value=i-828aa93a Key=InstanceName,Value=abfinance_95569_app21 Key=PurgeAfterFE,Value=1483035001 Key=PurgeAllow,Value=true Key=Volume,Value=vol-a0dccc1f Key=Created,Value=1480443001
INSTANCE 
INSTANCE NAME: 
Tagging Snapshot snap-3191ba02 with the following Tags: Key=CreatedBy,Value=ec2-automate-backup Key=InstanceId,Value= Key=InstanceName,Value= Key=PurgeAfterFE,Value=1483035001 Key=PurgeAllow,Value=true Key=Volume,Value=vol-9fdccc20 Key=Created,Value=1480443001
INSTANCE i-848aa93c
INSTANCE NAME: abfinance_95569_app23
Tagging Snapshot snap-e73b09d4 with the following Tags: Key=CreatedBy,Value=ec2-automate-backup Key=InstanceId,Value=i-848aa93c Key=InstanceName,Value=abfinance_95569_app23 Key=PurgeAfterFE,Value=1483035001 Key=PurgeAllow,Value=true Key=Volume,Value=vol-9edccc21 Key=Created,Value=1480443001
INSTANCE i-808aa938
INSTANCE NAME: abfinance_95569_app19
Tagging Snapshot snap-03764030 with the following Tags: Key=CreatedBy,Value=ec2-automate-backup Key=InstanceId,Value=i-808aa938 Key=InstanceName,Value=abfinance_95569_app19 Key=PurgeAfterFE,Value=1483035001 Key=PurgeAllow,Value=true Key=Volume,Value=vol-91dccc2e Key=Created,Value=1480443001
INSTANCE i-838aa93b
INSTANCE NAME: abfinance_95569_app22
Tagging Snapshot snap-428cbb71 with the following Tags: Key=CreatedBy,Value=ec2-automate-backup Key=InstanceId,Value=i-838aa93b Key=InstanceName,Value=abfinance_95569_app22 Key=PurgeAfterFE,Value=1483035001 Key=PurgeAllow,Value=true Key=Volume,Value=vol-90dccc2f Key=Created,Value=1480443001
INSTANCE i-848aa93c
INSTANCE NAME: abfinance_95569_app23
Tagging Snapshot snap-43daf470 with the following Tags: Key=CreatedBy,Value=ec2-automate-backup Key=InstanceId,Value=i-848aa93c Key=InstanceName,Value=abfinance_95569_app23 Key=PurgeAfterFE,Value=1483035001 Key=PurgeAllow,Value=true Key=Volume,Value=vol-8fdccc30 Key=Created,Value=1480443001
INSTANCE i-898aa931
INSTANCE NAME: abfinance_95569_app27
Tagging Snapshot snap-15182526 with the following Tags: Key=CreatedBy,Value=ec2-automate-backup Key=InstanceId,Value=i-898aa931 Key=InstanceName,Value=abfinance_95569_app27 Key=PurgeAfterFE,Value=1483035001 Key=PurgeAllow,Value=true Key=Volume,Value=vol-8edccc31 Key=Created,Value=1480443001
INSTANCE 
INSTANCE NAME: 
Tagging Snapshot snap-ac90b69f with the following Tags: Key=CreatedBy,Value=ec2-automate-backup Key=InstanceId,Value= Key=InstanceName,Value= Key=PurgeAfterFE,Value=1483035001 Key=PurgeAllow,Value=true Key=Volume,Value=vol-8ddccc32 Key=Created,Value=1480443001
INSTANCE i-898aa931
INSTANCE NAME: abfinance_95569_app27
Tagging Snapshot snap-a895e4a0 with the following Tags: Key=CreatedBy,Value=ec2-automate-backup Key=InstanceId,Value=i-898aa931 Key=InstanceName,Value=abfinance_95569_app27 Key=PurgeAfterFE,Value=1483035001 Key=PurgeAllow,Value=true Key=Volume,Value=vol-6b9b8bd4 Key=Created,Value=1480443001
INSTANCE i-4b80aff3
INSTANCE NAME: abfinance_top20_ubuntu_app3
Tagging Snapshot snap-173fc3e6 with the following Tags: Key=CreatedBy,Value=ec2-automate-backup Key=InstanceId,Value=i-4b80aff3 Key=InstanceName,Value=abfinance_top20_ubuntu_app3 Key=PurgeAfterFE,Value=1483035001 Key=PurgeAllow,Value=true Key=Volume,Value=vol-255f24b8 Key=Created,Value=1480443001
INSTANCE i-4b80aff3
INSTANCE NAME: abfinance_top20_ubuntu_app3
Tagging Snapshot snap-65586518 with the following Tags: Key=CreatedBy,Value=ec2-automate-backup Key=InstanceId,Value=i-4b80aff3 Key=InstanceName,Value=abfinance_top20_ubuntu_app3 Key=PurgeAfterFE,Value=1483035001 Key=PurgeAllow,Value=true Key=Volume,Value=vol-4e5f24d3 Key=Created,Value=1480443001
INSTANCE i-7a9fb0c2
INSTANCE NAME: abfinance_top20_ubuntu_app4
Tagging Snapshot snap-acaf819f with the following Tags: Key=CreatedBy,Value=ec2-automate-backup Key=InstanceId,Value=i-7a9fb0c2 Key=InstanceName,Value=abfinance_top20_ubuntu_app4 Key=PurgeAfterFE,Value=1483035001 Key=PurgeAllow,Value=true Key=Volume,Value=vol-ac5e2531 Key=Created,Value=1480443001
INSTANCE i-7a9fb0c2
INSTANCE NAME: abfinance_top20_ubuntu_app4
Tagging Snapshot snap-79b88b4a with the following Tags: Key=CreatedBy,Value=ec2-automate-backup Key=InstanceId,Value=i-7a9fb0c2 Key=InstanceName,Value=abfinance_top20_ubuntu_app4 Key=PurgeAfterFE,Value=1483035001 Key=PurgeAllow,Value=true Key=Volume,Value=vol-305e25ad Key=Created,Value=1480443001
INSTANCE i-ac9eb114
INSTANCE NAME: abfinance_top20_ubuntu_db2
Tagging Snapshot snap-f95977ca with the following Tags: Key=CreatedBy,Value=ec2-automate-backup Key=InstanceId,Value=i-ac9eb114 Key=InstanceName,Value=abfinance_top20_ubuntu_db2 Key=PurgeAfterFE,Value=1483035001 Key=PurgeAllow,Value=true Key=Volume,Value=vol-5e5e25c3 Key=Created,Value=1480443001
INSTANCE i-ac9eb114
INSTANCE NAME: abfinance_top20_ubuntu_db2
Tagging Snapshot snap-3959a4c8 with the following Tags: Key=CreatedBy,Value=ec2-automate-backup Key=InstanceId,Value=i-ac9eb114 Key=InstanceName,Value=abfinance_top20_ubuntu_db2 Key=PurgeAfterFE,Value=1483035001 Key=PurgeAllow,Value=true Key=Volume,Value=vol-595e25c4 Key=Created,Value=1480443001
INSTANCE i-ac9eb114
INSTANCE NAME: abfinance_top20_ubuntu_db2
Tagging Snapshot snap-995468aa with the following Tags: Key=CreatedBy,Value=ec2-automate-backup Key=InstanceId,Value=i-ac9eb114 Key=InstanceName,Value=abfinance_top20_ubuntu_db2 Key=PurgeAfterFE,Value=1483035001 Key=PurgeAllow,Value=true Key=Volume,Value=vol-aa5d2637 Key=Created,Value=1480443001
INSTANCE i-4b042af3
INSTANCE NAME: internetds_front_nginx02
Tagging Snapshot snap-86625fb5 with the following Tags: Key=CreatedBy,Value=ec2-automate-backup Key=InstanceId,Value=i-4b042af3 Key=InstanceName,Value=internetds_front_nginx02 Key=PurgeAfterFE,Value=1483035001 Key=PurgeAllow,Value=true Key=Volume,Value=vol-51215bcc Key=Created,Value=1480443001
INSTANCE i-da042a62
INSTANCE NAME: internetds_front_zkp_app02
Tagging Snapshot snap-db46aeda with the following Tags: Key=CreatedBy,Value=ec2-automate-backup Key=InstanceId,Value=i-da042a62 Key=InstanceName,Value=internetds_front_zkp_app02 Key=PurgeAfterFE,Value=1483035001 Key=PurgeAllow,Value=true Key=Volume,Value=vol-7e215be3 Key=Created,Value=1480443001
INSTANCE i-4b042af3
INSTANCE NAME: internetds_front_nginx02
Tagging Snapshot snap-1808dd6c with the following Tags: Key=CreatedBy,Value=ec2-automate-backup Key=InstanceId,Value=i-4b042af3 Key=InstanceName,Value=internetds_front_nginx02 Key=PurgeAfterFE,Value=1483035001 Key=PurgeAllow,Value=true Key=Volume,Value=vol-6c215bf1 Key=Created,Value=1480443001
INSTANCE i-c1042a79
INSTANCE NAME: internetds_front_mq_app02
Tagging Snapshot snap-5bfed768 with the following Tags: Key=CreatedBy,Value=ec2-automate-backup Key=InstanceId,Value=i-c1042a79 Key=InstanceName,Value=internetds_front_mq_app02 Key=PurgeAfterFE,Value=1483035001 Key=PurgeAllow,Value=true Key=Volume,Value=vol-dc265c41 Key=Created,Value=1480443001
INSTANCE i-c1042a79
INSTANCE NAME: internetds_front_mq_app02
Tagging Snapshot snap-82d3eeb1 with the following Tags: Key=CreatedBy,Value=ec2-automate-backup Key=InstanceId,Value=i-c1042a79 Key=InstanceName,Value=internetds_front_mq_app02 Key=PurgeAfterFE,Value=1483035001 Key=PurgeAllow,Value=true Key=Volume,Value=vol-df265c42 Key=Created,Value=1480443001
INSTANCE i-da042a62
INSTANCE NAME: internetds_front_zkp_app02
Tagging Snapshot snap-4dd820bc with the following Tags: Key=CreatedBy,Value=ec2-automate-backup Key=InstanceId,Value=i-da042a62 Key=InstanceName,Value=internetds_front_zkp_app02 Key=PurgeAfterFE,Value=1483035001 Key=PurgeAllow,Value=true Key=Volume,Value=vol-d4265c49 Key=Created,Value=1480443001
INSTANCE i-c5042a7d
INSTANCE NAME: internetds_front_dsjr_app02
Tagging Snapshot snap-fbe9c5c8 with the following Tags: Key=CreatedBy,Value=ec2-automate-backup Key=InstanceId,Value=i-c5042a7d Key=InstanceName,Value=internetds_front_dsjr_app02 Key=PurgeAfterFE,Value=1483035001 Key=PurgeAllow,Value=true Key=Volume,Value=vol-c7265c5a Key=Created,Value=1480443001
INSTANCE i-a9052b11
INSTANCE NAME: internetds_front_yyzc_app02
Tagging Snapshot snap-b0a38e83 with the following Tags: Key=CreatedBy,Value=ec2-automate-backup Key=InstanceId,Value=i-a9052b11 Key=InstanceName,Value=internetds_front_yyzc_app02 Key=PurgeAfterFE,Value=1483035001 Key=PurgeAllow,Value=true Key=Volume,Value=vol-09265c94 Key=Created,Value=1480443001
INSTANCE i-c5042a7d
INSTANCE NAME: internetds_front_dsjr_app02
Tagging Snapshot snap-b98ebd8a with the following Tags: Key=CreatedBy,Value=ec2-automate-backup Key=InstanceId,Value=i-c5042a7d Key=InstanceName,Value=internetds_front_dsjr_app02 Key=PurgeAfterFE,Value=1483035001 Key=PurgeAllow,Value=true Key=Volume,Value=vol-01265c9c Key=Created,Value=1480443001
INSTANCE i-9b052b23
INSTANCE NAME: internetds_life_bq_app02
Tagging Snapshot snap-94a22fac with the following Tags: Key=CreatedBy,Value=ec2-automate-backup Key=InstanceId,Value=i-9b052b23 Key=InstanceName,Value=internetds_life_bq_app02 Key=PurgeAfterFE,Value=1483035001 Key=PurgeAllow,Value=true Key=Volume,Value=vol-37265caa Key=Created,Value=1480443001
INSTANCE i-9b052b23
INSTANCE NAME: internetds_life_bq_app02
Tagging Snapshot snap-ddb19bee with the following Tags: Key=CreatedBy,Value=ec2-automate-backup Key=InstanceId,Value=i-9b052b23 Key=InstanceName,Value=internetds_life_bq_app02 Key=PurgeAfterFE,Value=1483035001 Key=PurgeAllow,Value=true Key=Volume,Value=vol-5d265cc0 Key=Created,Value=1480443001
INSTANCE i-a9052b11
INSTANCE NAME: internetds_front_yyzc_app02
Tagging Snapshot snap-7e51ae8f with the following Tags: Key=CreatedBy,Value=ec2-automate-backup Key=InstanceId,Value=i-a9052b11 Key=InstanceName,Value=internetds_front_yyzc_app02 Key=PurgeAfterFE,Value=1483035001 Key=PurgeAllow,Value=true Key=Volume,Value=vol-46265cdb Key=Created,Value=1480443001
INSTANCE i-81042a39
INSTANCE NAME: internetds_life_xqyhb_app02
Tagging Snapshot snap-1dd5ff2e with the following Tags: Key=CreatedBy,Value=ec2-automate-backup Key=InstanceId,Value=i-81042a39 Key=InstanceName,Value=internetds_life_xqyhb_app02 Key=PurgeAfterFE,Value=1483035001 Key=PurgeAllow,Value=true Key=Volume,Value=vol-7e265ce3 Key=Created,Value=1480443001
INSTANCE i-81042a39
INSTANCE NAME: internetds_life_xqyhb_app02
Tagging Snapshot snap-1d0e332e with the following Tags: Key=CreatedBy,Value=ec2-automate-backup Key=InstanceId,Value=i-81042a39 Key=InstanceName,Value=internetds_life_xqyhb_app02 Key=PurgeAfterFE,Value=1483035001 Key=PurgeAllow,Value=true Key=Volume,Value=vol-9d275d00 Key=Created,Value=1480443001
INSTANCE i-61052bd9
INSTANCE NAME: internetds_life_bdgl_app02
Tagging Snapshot snap-155d7d26 with the following Tags: Key=CreatedBy,Value=ec2-automate-backup Key=InstanceId,Value=i-61052bd9 Key=InstanceName,Value=internetds_life_bdgl_app02 Key=PurgeAfterFE,Value=1483035001 Key=PurgeAllow,Value=true Key=Volume,Value=vol-a8275d35 Key=Created,Value=1480443001
INSTANCE i-61052bd9
INSTANCE NAME: internetds_life_bdgl_app02
Tagging Snapshot snap-d75f6be4 with the following Tags: Key=CreatedBy,Value=ec2-automate-backup Key=InstanceId,Value=i-61052bd9 Key=InstanceName,Value=internetds_life_bdgl_app02 Key=PurgeAfterFE,Value=1483035001 Key=PurgeAllow,Value=true Key=Volume,Value=vol-e1275d7c Key=Created,Value=1480443001
INSTANCE i-0c052bb4
INSTANCE NAME: internetds_life_jsyq_app02
Tagging Snapshot snap-8db25b7c with the following Tags: Key=CreatedBy,Value=ec2-automate-backup Key=InstanceId,Value=i-0c052bb4 Key=InstanceName,Value=internetds_life_jsyq_app02 Key=PurgeAfterFE,Value=1483035001 Key=PurgeAllow,Value=true Key=Volume,Value=vol-03275d9e Key=Created,Value=1480443001
INSTANCE i-0c052bb4
INSTANCE NAME: internetds_life_jsyq_app02
Tagging Snapshot snap-f8211ecb with the following Tags: Key=CreatedBy,Value=ec2-automate-backup Key=InstanceId,Value=i-0c052bb4 Key=InstanceName,Value=internetds_life_jsyq_app02 Key=PurgeAfterFE,Value=1483035001 Key=PurgeAllow,Value=true Key=Volume,Value=vol-02275d9f Key=Created,Value=1480443001
INSTANCE i-aa032d12
INSTANCE NAME: internetds_opsmon_app02
Tagging Snapshot snap-81f6d4b2 with the following Tags: Key=CreatedBy,Value=ec2-automate-backup Key=InstanceId,Value=i-aa032d12 Key=InstanceName,Value=internetds_opsmon_app02 Key=PurgeAfterFE,Value=1483035001 Key=PurgeAllow,Value=true Key=Volume,Value=vol-00255f9d Key=Created,Value=1480443001
INSTANCE i-2e032d96
INSTANCE NAME: internetds_opsmon_DB02
Tagging Snapshot snap-b09ea283 with the following Tags: Key=CreatedBy,Value=ec2-automate-backup Key=InstanceId,Value=i-2e032d96 Key=InstanceName,Value=internetds_opsmon_DB02 Key=PurgeAfterFE,Value=1483035001 Key=PurgeAllow,Value=true Key=Volume,Value=vol-56255fcb Key=Created,Value=1480443001
INSTANCE i-aa032d12
INSTANCE NAME: internetds_opsmon_app02
Tagging Snapshot snap-1ebb9336 with the following Tags: Key=CreatedBy,Value=ec2-automate-backup Key=InstanceId,Value=i-aa032d12 Key=InstanceName,Value=internetds_opsmon_app02 Key=PurgeAfterFE,Value=1483035001 Key=PurgeAllow,Value=true Key=Volume,Value=vol-4e255fd3 Key=Created,Value=1480443001
INSTANCE i-2e032d96
INSTANCE NAME: internetds_opsmon_DB02
Tagging Snapshot snap-861b918e with the following Tags: Key=CreatedBy,Value=ec2-automate-backup Key=InstanceId,Value=i-2e032d96 Key=InstanceName,Value=internetds_opsmon_DB02 Key=PurgeAfterFE,Value=1483035001 Key=PurgeAllow,Value=true Key=Volume,Value=vol-f21a606f Key=Created,Value=1480443001
INSTANCE i-64002edc
INSTANCE NAME: internetds_front_yyzc_app02
Tagging Snapshot snap-7eb6974d with the following Tags: Key=CreatedBy,Value=ec2-automate-backup Key=InstanceId,Value=i-64002edc Key=InstanceName,Value=internetds_front_yyzc_app02 Key=PurgeAfterFE,Value=1483035001 Key=PurgeAllow,Value=true Key=Volume,Value=vol-ae1b6133 Key=Created,Value=1480443001
INSTANCE i-6d002ed5
INSTANCE NAME: internetds_dmz_nginx02
Tagging Snapshot snap-020c3331 with the following Tags: Key=CreatedBy,Value=ec2-automate-backup Key=InstanceId,Value=i-6d002ed5 Key=InstanceName,Value=internetds_dmz_nginx02 Key=PurgeAfterFE,Value=1483035001 Key=PurgeAllow,Value=true Key=Volume,Value=vol-da1b6147 Key=Created,Value=1480443001
INSTANCE i-6d002ed5
INSTANCE NAME: internetds_dmz_nginx02
Tagging Snapshot snap-7fb7834c with the following Tags: Key=CreatedBy,Value=ec2-automate-backup Key=InstanceId,Value=i-6d002ed5 Key=InstanceName,Value=internetds_dmz_nginx02 Key=PurgeAfterFE,Value=1483035001 Key=PurgeAllow,Value=true Key=Volume,Value=vol-f21b616f Key=Created,Value=1480443001
INSTANCE i-64002edc
INSTANCE NAME: internetds_front_yyzc_app02
Tagging Snapshot snap-478bba74 with the following Tags: Key=CreatedBy,Value=ec2-automate-backup Key=InstanceId,Value=i-64002edc Key=InstanceName,Value=internetds_front_yyzc_app02 Key=PurgeAfterFE,Value=1483035001 Key=PurgeAllow,Value=true Key=Volume,Value=vol-181b6185 Key=Created,Value=1480443001
INSTANCE i-5a002ee2
INSTANCE NAME: internetds_nat02
Tagging Snapshot snap-bd83be8e with the following Tags: Key=CreatedBy,Value=ec2-automate-backup Key=InstanceId,Value=i-5a002ee2 Key=InstanceName,Value=internetds_nat02 Key=PurgeAfterFE,Value=1483035001 Key=PurgeAllow,Value=true Key=Volume,Value=vol-7f1b61e2 Key=Created,Value=1480443001
INSTANCE i-79b59bc1
INSTANCE NAME: internetds_datax_app02
Tagging Snapshot snap-b911268a with the following Tags: Key=CreatedBy,Value=ec2-automate-backup Key=InstanceId,Value=i-79b59bc1 Key=InstanceName,Value=internetds_datax_app02 Key=PurgeAfterFE,Value=1483035001 Key=PurgeAllow,Value=true Key=Volume,Value=vol-75f68ce8 Key=Created,Value=1480443001
INSTANCE i-7ab59bc2
INSTANCE NAME: internetds_datax_yc_app02
Tagging Snapshot snap-e8b295db with the following Tags: Key=CreatedBy,Value=ec2-automate-backup Key=InstanceId,Value=i-7ab59bc2 Key=InstanceName,Value=internetds_datax_yc_app02 Key=PurgeAfterFE,Value=1483035001 Key=PurgeAllow,Value=true Key=Volume,Value=vol-74f68ce9 Key=Created,Value=1480443001
INSTANCE i-7ab59bc2
INSTANCE NAME: internetds_datax_yc_app02
Tagging Snapshot snap-5191bf62 with the following Tags: Key=CreatedBy,Value=ec2-automate-backup Key=InstanceId,Value=i-7ab59bc2 Key=InstanceName,Value=internetds_datax_yc_app02 Key=PurgeAfterFE,Value=1483035001 Key=PurgeAllow,Value=true Key=Volume,Value=vol-92f78d0f Key=Created,Value=1480443001
INSTANCE i-79b59bc1
INSTANCE NAME: internetds_datax_app02
Tagging Snapshot snap-77b39944 with the following Tags: Key=CreatedBy,Value=ec2-automate-backup Key=InstanceId,Value=i-79b59bc1 Key=InstanceName,Value=internetds_datax_app02 Key=PurgeAfterFE,Value=1483035001 Key=PurgeAllow,Value=true Key=Volume,Value=vol-a9f78d34 Key=Created,Value=1480443001
INSTANCE i-8f6c4537
INSTANCE NAME: abfinance_db02
Tagging Snapshot snap-6e604a5d with the following Tags: Key=CreatedBy,Value=ec2-automate-backup Key=InstanceId,Value=i-8f6c4537 Key=InstanceName,Value=abfinance_db02 Key=PurgeAfterFE,Value=1483035001 Key=PurgeAllow,Value=true Key=Volume,Value=vol-ba0a4f27 Key=Created,Value=1480443001
INSTANCE i-8f6c4537
INSTANCE NAME: abfinance_db02
Tagging Snapshot snap-490c257a with the following Tags: Key=CreatedBy,Value=ec2-automate-backup Key=InstanceId,Value=i-8f6c4537 Key=InstanceName,Value=abfinance_db02 Key=PurgeAfterFE,Value=1483035001 Key=PurgeAllow,Value=true Key=Volume,Value=vol-260a4fbb Key=Created,Value=1480443001
INSTANCE i-046148bc
INSTANCE NAME: internetds_epolicy_app03
Tagging Snapshot snap-442adfb5 with the following Tags: Key=CreatedBy,Value=ec2-automate-backup Key=InstanceId,Value=i-046148bc Key=InstanceName,Value=internetds_epolicy_app03 Key=PurgeAfterFE,Value=1483035001 Key=PurgeAllow,Value=true Key=Volume,Value=vol-bc165321 Key=Created,Value=1480443001
INSTANCE i-046148bc
INSTANCE NAME: internetds_epolicy_app03
Tagging Snapshot snap-01d1ec32 with the following Tags: Key=CreatedBy,Value=ec2-automate-backup Key=InstanceId,Value=i-046148bc Key=InstanceName,Value=internetds_epolicy_app03 Key=PurgeAfterFE,Value=1483035001 Key=PurgeAllow,Value=true Key=Volume,Value=vol-db165346 Key=Created,Value=1480443001
INSTANCE i-056148bd
INSTANCE NAME: internetds_epolicy_app04
Tagging Snapshot snap-0aab8039 with the following Tags: Key=CreatedBy,Value=ec2-automate-backup Key=InstanceId,Value=i-056148bd Key=InstanceName,Value=internetds_epolicy_app04 Key=PurgeAfterFE,Value=1483035001 Key=PurgeAllow,Value=true Key=Volume,Value=vol-fd165360 Key=Created,Value=1480443001
INSTANCE i-056148bd
INSTANCE NAME: internetds_epolicy_app04
Tagging Snapshot snap-adc2f19e with the following Tags: Key=CreatedBy,Value=ec2-automate-backup Key=InstanceId,Value=i-056148bd Key=InstanceName,Value=internetds_epolicy_app04 Key=PurgeAfterFE,Value=1483035001 Key=PurgeAllow,Value=true Key=Volume,Value=vol-e4165379 Key=Created,Value=1480443001
INSTANCE i-51634ae9
INSTANCE NAME: internetds_dmz_email02
Tagging Snapshot snap-bf133e8c with the following Tags: Key=CreatedBy,Value=ec2-automate-backup Key=InstanceId,Value=i-51634ae9 Key=InstanceName,Value=internetds_dmz_email02 Key=PurgeAfterFE,Value=1483035001 Key=PurgeAllow,Value=true Key=Volume,Value=vol-b210552f Key=Created,Value=1480443001
INSTANCE i-51634ae9
INSTANCE NAME: internetds_dmz_email02
Tagging Snapshot snap-3ad4f709 with the following Tags: Key=CreatedBy,Value=ec2-automate-backup Key=InstanceId,Value=i-51634ae9 Key=InstanceName,Value=internetds_dmz_email02 Key=PurgeAfterFE,Value=1483035001 Key=PurgeAllow,Value=true Key=Volume,Value=vol-d9105544 Key=Created,Value=1480443001
INSTANCE i-1f577ea7
INSTANCE NAME: abfinance_95569_db02
Tagging Snapshot snap-f0b38fc3 with the following Tags: Key=CreatedBy,Value=ec2-automate-backup Key=InstanceId,Value=i-1f577ea7 Key=InstanceName,Value=abfinance_95569_db02 Key=PurgeAfterFE,Value=1483035001 Key=PurgeAllow,Value=true Key=Volume,Value=vol-1766238a Key=Created,Value=1480443001
INSTANCE i-1f577ea7
INSTANCE NAME: abfinance_95569_db02
Tagging Snapshot snap-a898a79b with the following Tags: Key=CreatedBy,Value=ec2-automate-backup Key=InstanceId,Value=i-1f577ea7 Key=InstanceName,Value=abfinance_95569_db02 Key=PurgeAfterFE,Value=1483035001 Key=PurgeAllow,Value=true Key=Volume,Value=vol-7d6623e0 Key=Created,Value=1480443001
INSTANCE i-f9635441
INSTANCE NAME: abfinance_top20_nginx02
Tagging Snapshot snap-64aeda5a with the following Tags: Key=CreatedBy,Value=ec2-automate-backup Key=InstanceId,Value=i-f9635441 Key=InstanceName,Value=abfinance_top20_nginx02 Key=PurgeAfterFE,Value=1483035001 Key=PurgeAllow,Value=true Key=Volume,Value=vol-6d2b66f0 Key=Created,Value=1480443001
INSTANCE i-f9635441
INSTANCE NAME: abfinance_top20_nginx02
Tagging Snapshot snap-7d86b94e with the following Tags: Key=CreatedBy,Value=ec2-automate-backup Key=InstanceId,Value=i-f9635441 Key=InstanceName,Value=abfinance_top20_nginx02 Key=PurgeAfterFE,Value=1483035001 Key=PurgeAllow,Value=true Key=Volume,Value=vol-a52a6738 Key=Created,Value=1480443001
INSTANCE i-63f2c3db
INSTANCE NAME: abfinance_95569_app14
Tagging Snapshot snap-1e87b92d with the following Tags: Key=CreatedBy,Value=ec2-automate-backup Key=InstanceId,Value=i-63f2c3db Key=InstanceName,Value=abfinance_95569_app14 Key=PurgeAfterFE,Value=1483035001 Key=PurgeAllow,Value=true Key=Volume,Value=vol-78551be5 Key=Created,Value=1480443001
INSTANCE i-c4f2c37c
INSTANCE NAME: abfinance_95569_app32
Tagging Snapshot snap-f1daf2c2 with the following Tags: Key=CreatedBy,Value=ec2-automate-backup Key=InstanceId,Value=i-c4f2c37c Key=InstanceName,Value=abfinance_95569_app32 Key=PurgeAfterFE,Value=1483035001 Key=PurgeAllow,Value=true Key=Volume,Value=vol-93521c0e Key=Created,Value=1480443001
INSTANCE i-61f2c3d9
INSTANCE NAME: abfinance_95569_app13
Tagging Snapshot snap-6a132d59 with the following Tags: Key=CreatedBy,Value=ec2-automate-backup Key=InstanceId,Value=i-61f2c3d9 Key=InstanceName,Value=abfinance_95569_app13 Key=PurgeAfterFE,Value=1483035001 Key=PurgeAllow,Value=true Key=Volume,Value=vol-8d521c10 Key=Created,Value=1480443001
INSTANCE i-6ff2c3d7
INSTANCE NAME: abfinance_95569_app15
Tagging Snapshot snap-a5fb0a54 with the following Tags: Key=CreatedBy,Value=ec2-automate-backup Key=InstanceId,Value=i-6ff2c3d7 Key=InstanceName,Value=abfinance_95569_app15 Key=PurgeAfterFE,Value=1483035001 Key=PurgeAllow,Value=true Key=Volume,Value=vol-82521c1f Key=Created,Value=1480443001
INSTANCE i-6ff2c3d7
INSTANCE NAME: abfinance_95569_app15
Tagging Snapshot snap-8c071684 with the following Tags: Key=CreatedBy,Value=ec2-automate-backup Key=InstanceId,Value=i-6ff2c3d7 Key=InstanceName,Value=abfinance_95569_app15 Key=PurgeAfterFE,Value=1483035001 Key=PurgeAllow,Value=true Key=Volume,Value=vol-a7521c3a Key=Created,Value=1480443001
INSTANCE i-e6f5c45e
INSTANCE NAME: abfinance_95569_app18
Tagging Snapshot snap-da271be9 with the following Tags: Key=CreatedBy,Value=ec2-automate-backup Key=InstanceId,Value=i-e6f5c45e Key=InstanceName,Value=abfinance_95569_app18 Key=PurgeAfterFE,Value=1483035001 Key=PurgeAllow,Value=true Key=Volume,Value=vol-df521c42 Key=Created,Value=1480443001
INSTANCE i-83f2c33b
INSTANCE NAME: abfinance_95569_app16
Tagging Snapshot snap-28b98d1b with the following Tags: Key=CreatedBy,Value=ec2-automate-backup Key=InstanceId,Value=i-83f2c33b Key=InstanceName,Value=abfinance_95569_app16 Key=PurgeAfterFE,Value=1483035001 Key=PurgeAllow,Value=true Key=Volume,Value=vol-d8521c45 Key=Created,Value=1480443001
INSTANCE i-b2f2c30a
INSTANCE NAME: abfinance_95569_app31
Tagging Snapshot snap-89c8e0ba with the following Tags: Key=CreatedBy,Value=ec2-automate-backup Key=InstanceId,Value=i-b2f2c30a Key=InstanceName,Value=abfinance_95569_app31 Key=PurgeAfterFE,Value=1483035001 Key=PurgeAllow,Value=true Key=Volume,Value=vol-cf521c52 Key=Created,Value=1480443001
INSTANCE i-63f2c3db
INSTANCE NAME: abfinance_95569_app14
Tagging Snapshot snap-e1b47390 with the following Tags: Key=CreatedBy,Value=ec2-automate-backup Key=InstanceId,Value=i-63f2c3db Key=InstanceName,Value=abfinance_95569_app14 Key=PurgeAfterFE,Value=1483035001 Key=PurgeAllow,Value=true Key=Volume,Value=vol-cb521c56 Key=Created,Value=1480443001
INSTANCE i-83f2c33b
INSTANCE NAME: abfinance_95569_app16
Tagging Snapshot snap-cf71803e with the following Tags: Key=CreatedBy,Value=ec2-automate-backup Key=InstanceId,Value=i-83f2c33b Key=InstanceName,Value=abfinance_95569_app16 Key=PurgeAfterFE,Value=1483035001 Key=PurgeAllow,Value=true Key=Volume,Value=vol-c7521c5a Key=Created,Value=1480443001
INSTANCE i-b2f2c30a
INSTANCE NAME: abfinance_95569_app31
Tagging Snapshot snap-6d5f725e with the following Tags: Key=CreatedBy,Value=ec2-automate-backup Key=InstanceId,Value=i-b2f2c30a Key=InstanceName,Value=abfinance_95569_app31 Key=PurgeAfterFE,Value=1483035001 Key=PurgeAllow,Value=true Key=Volume,Value=vol-fc521c61 Key=Created,Value=1480443001
INSTANCE i-c4f2c37c
INSTANCE NAME: abfinance_95569_app32
Tagging Snapshot snap-d7e9d4e4 with the following Tags: Key=CreatedBy,Value=ec2-automate-backup Key=InstanceId,Value=i-c4f2c37c Key=InstanceName,Value=abfinance_95569_app32 Key=PurgeAfterFE,Value=1483035001 Key=PurgeAllow,Value=true Key=Volume,Value=vol-f9521c64 Key=Created,Value=1480443001
INSTANCE i-e6f5c45e
INSTANCE NAME: abfinance_95569_app18
Tagging Snapshot snap-d792bae4 with the following Tags: Key=CreatedBy,Value=ec2-automate-backup Key=InstanceId,Value=i-e6f5c45e Key=InstanceName,Value=abfinance_95569_app18 Key=PurgeAfterFE,Value=1483035001 Key=PurgeAllow,Value=true Key=Volume,Value=vol-fb521c66 Key=Created,Value=1480443001
INSTANCE i-61f2c3d9
INSTANCE NAME: abfinance_95569_app13
Tagging Snapshot snap-523e0b61 with the following Tags: Key=CreatedBy,Value=ec2-automate-backup Key=InstanceId,Value=i-61f2c3d9 Key=InstanceName,Value=abfinance_95569_app13 Key=PurgeAfterFE,Value=1483035001 Key=PurgeAllow,Value=true Key=Volume,Value=vol-fa521c67 Key=Created,Value=1480443001
INSTANCE i-cbf2c373
INSTANCE NAME: abfinance_95569_app37
Tagging Snapshot snap-4f0a357c with the following Tags: Key=CreatedBy,Value=ec2-automate-backup Key=InstanceId,Value=i-cbf2c373 Key=InstanceName,Value=abfinance_95569_app37 Key=PurgeAfterFE,Value=1483035001 Key=PurgeAllow,Value=true Key=Volume,Value=vol-e1521c7c Key=Created,Value=1480443001
INSTANCE i-cbf2c373
INSTANCE NAME: abfinance_95569_app37
Tagging Snapshot snap-2786af14 with the following Tags: Key=CreatedBy,Value=ec2-automate-backup Key=InstanceId,Value=i-cbf2c373 Key=InstanceName,Value=abfinance_95569_app37 Key=PurgeAfterFE,Value=1483035001 Key=PurgeAllow,Value=true Key=Volume,Value=vol-e0521c7d Key=Created,Value=1480443001
INSTANCE i-fdf5c445
INSTANCE NAME: abfinance_95569_app36
Tagging Snapshot snap-995b7baa with the following Tags: Key=CreatedBy,Value=ec2-automate-backup Key=InstanceId,Value=i-fdf5c445 Key=InstanceName,Value=abfinance_95569_app36 Key=PurgeAfterFE,Value=1483035001 Key=PurgeAllow,Value=true Key=Volume,Value=vol-e2521c7f Key=Created,Value=1480443001
INSTANCE i-fdf5c445
INSTANCE NAME: abfinance_95569_app36
Tagging Snapshot snap-7994a04a with the following Tags: Key=CreatedBy,Value=ec2-automate-backup Key=InstanceId,Value=i-fdf5c445 Key=InstanceName,Value=abfinance_95569_app36 Key=PurgeAfterFE,Value=1483035001 Key=PurgeAllow,Value=true Key=Volume,Value=vol-0f521c92 Key=Created,Value=1480443001
INSTANCE i-8af2c332
INSTANCE NAME: abfinance_95569_app17
Tagging Snapshot snap-cab98bf9 with the following Tags: Key=CreatedBy,Value=ec2-automate-backup Key=InstanceId,Value=i-8af2c332 Key=InstanceName,Value=abfinance_95569_app17 Key=PurgeAfterFE,Value=1483035001 Key=PurgeAllow,Value=true Key=Volume,Value=vol-3d521ca0 Key=Created,Value=1480443001
INSTANCE i-8af2c332
INSTANCE NAME: abfinance_95569_app17
Tagging Snapshot snap-7edcfd4d with the following Tags: Key=CreatedBy,Value=ec2-automate-backup Key=InstanceId,Value=i-8af2c332 Key=InstanceName,Value=abfinance_95569_app17 Key=PurgeAfterFE,Value=1483035001 Key=PurgeAllow,Value=true Key=Volume,Value=vol-2a521cb7 Key=Created,Value=1480443001
INSTANCE i-9e685ba6
INSTANCE NAME: abfinance_lcb_webview02
Tagging Snapshot snap-e2645cea with the following Tags: Key=CreatedBy,Value=ec2-automate-backup Key=InstanceId,Value=i-9e685ba6 Key=InstanceName,Value=abfinance_lcb_webview02 Key=PurgeAfterFE,Value=1483035001 Key=PurgeAllow,Value=true Key=Volume,Value=vol-81153804 Key=Created,Value=1480443001
INSTANCE i-89685bb1
INSTANCE NAME: abfinance_lcb_webview01
Tagging Snapshot snap-a4e7cd97 with the following Tags: Key=CreatedBy,Value=ec2-automate-backup Key=InstanceId,Value=i-89685bb1 Key=InstanceName,Value=abfinance_lcb_webview01 Key=PurgeAfterFE,Value=1483035001 Key=PurgeAllow,Value=true Key=Volume,Value=vol-9e15381b Key=Created,Value=1480443001
INSTANCE i-b8685b80
INSTANCE NAME: abfinance_nat01
Tagging Snapshot snap-9d653997 with the following Tags: Key=CreatedBy,Value=ec2-automate-backup Key=InstanceId,Value=i-b8685b80 Key=InstanceName,Value=abfinance_nat01 Key=PurgeAfterFE,Value=1483035001 Key=PurgeAllow,Value=true Key=Volume,Value=vol-a7153822 Key=Created,Value=1480443001
INSTANCE i-9e685ba6
INSTANCE NAME: abfinance_lcb_webview02
Tagging Snapshot snap-78e8db4b with the following Tags: Key=CreatedBy,Value=ec2-automate-backup Key=InstanceId,Value=i-9e685ba6 Key=InstanceName,Value=abfinance_lcb_webview02 Key=PurgeAfterFE,Value=1483035001 Key=PurgeAllow,Value=true Key=Volume,Value=vol-d0153855 Key=Created,Value=1480443001
INSTANCE i-89685bb1
INSTANCE NAME: abfinance_lcb_webview01
Tagging Snapshot snap-52e0975a with the following Tags: Key=CreatedBy,Value=ec2-automate-backup Key=InstanceId,Value=i-89685bb1 Key=InstanceName,Value=abfinance_lcb_webview01 Key=PurgeAfterFE,Value=1483035001 Key=PurgeAllow,Value=true Key=Volume,Value=vol-e6153863 Key=Created,Value=1480443001
INSTANCE i-41685b79
INSTANCE NAME: abfinance_lcb_production01
Tagging Snapshot snap-220f3d11 with the following Tags: Key=CreatedBy,Value=ec2-automate-backup Key=InstanceId,Value=i-41685b79 Key=InstanceName,Value=abfinance_lcb_production01 Key=PurgeAfterFE,Value=1483035001 Key=PurgeAllow,Value=true Key=Volume,Value=vol-2a1439af Key=Created,Value=1480443001
INSTANCE i-54685b6c
INSTANCE NAME: abfinance_lcb_sales01
Tagging Snapshot snap-a1281192 with the following Tags: Key=CreatedBy,Value=ec2-automate-backup Key=InstanceId,Value=i-54685b6c Key=InstanceName,Value=abfinance_lcb_sales01 Key=PurgeAfterFE,Value=1483035001 Key=PurgeAllow,Value=true Key=Volume,Value=vol-411439c4 Key=Created,Value=1480443001
INSTANCE i-41685b79
INSTANCE NAME: abfinance_lcb_production01
Tagging Snapshot snap-4192a272 with the following Tags: Key=CreatedBy,Value=ec2-automate-backup Key=InstanceId,Value=i-41685b79 Key=InstanceName,Value=abfinance_lcb_production01 Key=PurgeAfterFE,Value=1483035001 Key=PurgeAllow,Value=true Key=Volume,Value=vol-4d1439c8 Key=Created,Value=1480443001
INSTANCE i-54685b6c
INSTANCE NAME: abfinance_lcb_sales01
Tagging Snapshot snap-8b446bb8 with the following Tags: Key=CreatedBy,Value=ec2-automate-backup Key=InstanceId,Value=i-54685b6c Key=InstanceName,Value=abfinance_lcb_sales01 Key=PurgeAfterFE,Value=1483035001 Key=PurgeAllow,Value=true Key=Volume,Value=vol-82173a07 Key=Created,Value=1480443001
INSTANCE i-ef6c5fd7
INSTANCE NAME: abfinance_fileshare01
Tagging Snapshot snap-e14f63d2 with the following Tags: Key=CreatedBy,Value=ec2-automate-backup Key=InstanceId,Value=i-ef6c5fd7 Key=InstanceName,Value=abfinance_fileshare01 Key=PurgeAfterFE,Value=1483035001 Key=PurgeAllow,Value=true Key=Volume,Value=vol-07133e82 Key=Created,Value=1480443001
INSTANCE i-ef6c5fd7
INSTANCE NAME: abfinance_fileshare01
Tagging Snapshot snap-3fd5f90c with the following Tags: Key=CreatedBy,Value=ec2-automate-backup Key=InstanceId,Value=i-ef6c5fd7 Key=InstanceName,Value=abfinance_fileshare01 Key=PurgeAfterFE,Value=1483035001 Key=PurgeAllow,Value=true Key=Volume,Value=vol-4d133ec8 Key=Created,Value=1480443001
INSTANCE i-b652618e
INSTANCE NAME: abfinance_95569_app04
Tagging Snapshot snap-a0675b93 with the following Tags: Key=CreatedBy,Value=ec2-automate-backup Key=InstanceId,Value=i-b652618e Key=InstanceName,Value=abfinance_95569_app04 Key=PurgeAfterFE,Value=1483035001 Key=PurgeAllow,Value=true Key=Volume,Value=vol-80efc205 Key=Created,Value=1480443001
INSTANCE 
INSTANCE NAME: 
Tagging Snapshot snap-f581abc6 with the following Tags: Key=CreatedBy,Value=ec2-automate-backup Key=InstanceId,Value= Key=InstanceName,Value= Key=PurgeAfterFE,Value=1483035001 Key=PurgeAllow,Value=true Key=Volume,Value=vol-d1efc254 Key=Created,Value=1480443001
INSTANCE 
INSTANCE NAME: 
Tagging Snapshot snap-c8ba8efb with the following Tags: Key=CreatedBy,Value=ec2-automate-backup Key=InstanceId,Value= Key=InstanceName,Value= Key=PurgeAfterFE,Value=1483035001 Key=PurgeAllow,Value=true Key=Volume,Value=vol-e3efc266 Key=Created,Value=1480443001
INSTANCE i-a352619b
INSTANCE NAME: abfinance_95569_app03
Tagging Snapshot snap-6d22035e with the following Tags: Key=CreatedBy,Value=ec2-automate-backup Key=InstanceId,Value=i-a352619b Key=InstanceName,Value=abfinance_95569_app03 Key=PurgeAfterFE,Value=1483035001 Key=PurgeAllow,Value=true Key=Volume,Value=vol-f0efc275 Key=Created,Value=1480443001
INSTANCE i-b752618f
INSTANCE NAME: abfinance_95569_app05
Tagging Snapshot snap-63123450 with the following Tags: Key=CreatedBy,Value=ec2-automate-backup Key=InstanceId,Value=i-b752618f Key=InstanceName,Value=abfinance_95569_app05 Key=PurgeAfterFE,Value=1483035001 Key=PurgeAllow,Value=true Key=Volume,Value=vol-15efc290 Key=Created,Value=1480443001
INSTANCE i-a1526199
INSTANCE NAME: abfinance_95569_app02
Tagging Snapshot snap-b9724e8a with the following Tags: Key=CreatedBy,Value=ec2-automate-backup Key=InstanceId,Value=i-a1526199 Key=InstanceName,Value=abfinance_95569_app02 Key=PurgeAfterFE,Value=1483035001 Key=PurgeAllow,Value=true Key=Volume,Value=vol-14efc291 Key=Created,Value=1480443001
INSTANCE i-a1526199
INSTANCE NAME: abfinance_95569_app02
Tagging Snapshot snap-b7caf584 with the following Tags: Key=CreatedBy,Value=ec2-automate-backup Key=InstanceId,Value=i-a1526199 Key=InstanceName,Value=abfinance_95569_app02 Key=PurgeAfterFE,Value=1483035001 Key=PurgeAllow,Value=true Key=Volume,Value=vol-16efc293 Key=Created,Value=1480443001
INSTANCE i-b8526180
INSTANCE NAME: abfinance_95569_app06
Tagging Snapshot snap-2f97a81c with the following Tags: Key=CreatedBy,Value=ec2-automate-backup Key=InstanceId,Value=i-b8526180 Key=InstanceName,Value=abfinance_95569_app06 Key=PurgeAfterFE,Value=1483035001 Key=PurgeAllow,Value=true Key=Volume,Value=vol-11efc294 Key=Created,Value=1480443001
INSTANCE i-b8526180
INSTANCE NAME: abfinance_95569_app06
Tagging Snapshot snap-6546fc6b with the following Tags: Key=CreatedBy,Value=ec2-automate-backup Key=InstanceId,Value=i-b8526180 Key=InstanceName,Value=abfinance_95569_app06 Key=PurgeAfterFE,Value=1483035001 Key=PurgeAllow,Value=true Key=Volume,Value=vol-13efc296 Key=Created,Value=1480443001
INSTANCE 
INSTANCE NAME: 
Tagging Snapshot snap-49be8a7a with the following Tags: Key=CreatedBy,Value=ec2-automate-backup Key=InstanceId,Value= Key=InstanceName,Value= Key=PurgeAfterFE,Value=1483035001 Key=PurgeAllow,Value=true Key=Volume,Value=vol-12efc297 Key=Created,Value=1480443001
INSTANCE i-ba526182
INSTANCE NAME: abfinance_95569_app08
Tagging Snapshot snap-35c7f606 with the following Tags: Key=CreatedBy,Value=ec2-automate-backup Key=InstanceId,Value=i-ba526182 Key=InstanceName,Value=abfinance_95569_app08 Key=PurgeAfterFE,Value=1483035001 Key=PurgeAllow,Value=true Key=Volume,Value=vol-19efc29c Key=Created,Value=1480443001
INSTANCE i-b9526181
INSTANCE NAME: abfinance_95569_app07
Tagging Snapshot snap-a27a5391 with the following Tags: Key=CreatedBy,Value=ec2-automate-backup Key=InstanceId,Value=i-b9526181 Key=InstanceName,Value=abfinance_95569_app07 Key=PurgeAfterFE,Value=1483035001 Key=PurgeAllow,Value=true Key=Volume,Value=vol-18efc29d Key=Created,Value=1480443001
INSTANCE i-ba526182
INSTANCE NAME: abfinance_95569_app08
Tagging Snapshot snap-a4b1d4ac with the following Tags: Key=CreatedBy,Value=ec2-automate-backup Key=InstanceId,Value=i-ba526182 Key=InstanceName,Value=abfinance_95569_app08 Key=PurgeAfterFE,Value=1483035001 Key=PurgeAllow,Value=true Key=Volume,Value=vol-3fefc2ba Key=Created,Value=1480443001
INSTANCE i-b752618f
INSTANCE NAME: abfinance_95569_app05
Tagging Snapshot snap-6f88aa5c with the following Tags: Key=CreatedBy,Value=ec2-automate-backup Key=InstanceId,Value=i-b752618f Key=InstanceName,Value=abfinance_95569_app05 Key=PurgeAfterFE,Value=1483035001 Key=PurgeAllow,Value=true Key=Volume,Value=vol-3eefc2bb Key=Created,Value=1480443001
INSTANCE 
INSTANCE NAME: 
Tagging Snapshot snap-09eec53a with the following Tags: Key=CreatedBy,Value=ec2-automate-backup Key=InstanceId,Value= Key=InstanceName,Value= Key=PurgeAfterFE,Value=1483035001 Key=PurgeAllow,Value=true Key=Volume,Value=vol-38efc2bd Key=Created,Value=1480443001
INSTANCE 
INSTANCE NAME: 
Tagging Snapshot snap-0d999850 with the following Tags: Key=CreatedBy,Value=ec2-automate-backup Key=InstanceId,Value= Key=InstanceName,Value= Key=PurgeAfterFE,Value=1483035001 Key=PurgeAllow,Value=true Key=Volume,Value=vol-3befc2be Key=Created,Value=1480443001
INSTANCE i-a352619b
INSTANCE NAME: abfinance_95569_app03
Tagging Snapshot snap-36d1ee05 with the following Tags: Key=CreatedBy,Value=ec2-automate-backup Key=InstanceId,Value=i-a352619b Key=InstanceName,Value=abfinance_95569_app03 Key=PurgeAfterFE,Value=1483035001 Key=PurgeAllow,Value=true Key=Volume,Value=vol-3aefc2bf Key=Created,Value=1480443001
INSTANCE i-b9526181
INSTANCE NAME: abfinance_95569_app07
Tagging Snapshot snap-288778d9 with the following Tags: Key=CreatedBy,Value=ec2-automate-backup Key=InstanceId,Value=i-b9526181 Key=InstanceName,Value=abfinance_95569_app07 Key=PurgeAfterFE,Value=1483035001 Key=PurgeAllow,Value=true Key=Volume,Value=vol-40efc2c5 Key=Created,Value=1480443001
INSTANCE i-b652618e
INSTANCE NAME: abfinance_95569_app04
Tagging Snapshot snap-1e4d7e2d with the following Tags: Key=CreatedBy,Value=ec2-automate-backup Key=InstanceId,Value=i-b652618e Key=InstanceName,Value=abfinance_95569_app04 Key=PurgeAfterFE,Value=1483035001 Key=PurgeAllow,Value=true Key=Volume,Value=vol-43efc2c6 Key=Created,Value=1480443001
INSTANCE i-a0526198
INSTANCE NAME: abfinance_95569_app01
Tagging Snapshot snap-5187ad62 with the following Tags: Key=CreatedBy,Value=ec2-automate-backup Key=InstanceId,Value=i-a0526198 Key=InstanceName,Value=abfinance_95569_app01 Key=PurgeAfterFE,Value=1483035001 Key=PurgeAllow,Value=true Key=Volume,Value=vol-4defc2c8 Key=Created,Value=1480443001
INSTANCE i-a0526198
INSTANCE NAME: abfinance_95569_app01
Tagging Snapshot snap-c06a5ff3 with the following Tags: Key=CreatedBy,Value=ec2-automate-backup Key=InstanceId,Value=i-a0526198 Key=InstanceName,Value=abfinance_95569_app01 Key=PurgeAfterFE,Value=1483035001 Key=PurgeAllow,Value=true Key=Volume,Value=vol-0bbc918e Key=Created,Value=1480443001
INSTANCE i-d8615ce0
INSTANCE NAME: abfinance_db01
Tagging Snapshot snap-bd05388e with the following Tags: Key=CreatedBy,Value=ec2-automate-backup Key=InstanceId,Value=i-d8615ce0 Key=InstanceName,Value=abfinance_db01 Key=PurgeAfterFE,Value=1483035001 Key=PurgeAllow,Value=true Key=Volume,Value=vol-5d6940d8 Key=Created,Value=1480443001
INSTANCE i-d8615ce0
INSTANCE NAME: abfinance_db01
Tagging Snapshot snap-bfa9eeb7 with the following Tags: Key=CreatedBy,Value=ec2-automate-backup Key=InstanceId,Value=i-d8615ce0 Key=InstanceName,Value=abfinance_db01 Key=PurgeAfterFE,Value=1483035001 Key=PurgeAllow,Value=true Key=Volume,Value=vol-7f6940fa Key=Created,Value=1480443001
INSTANCE i-81d9e4b9
INSTANCE NAME: abfinance_lcb_admin01
Tagging Snapshot snap-0eaa9e3d with the following Tags: Key=CreatedBy,Value=ec2-automate-backup Key=InstanceId,Value=i-81d9e4b9 Key=InstanceName,Value=abfinance_lcb_admin01 Key=PurgeAfterFE,Value=1483035001 Key=PurgeAllow,Value=true Key=Volume,Value=vol-e9d2fb6c Key=Created,Value=1480443001
INSTANCE i-81d9e4b9
INSTANCE NAME: abfinance_lcb_admin01
Tagging Snapshot snap-0a153739 with the following Tags: Key=CreatedBy,Value=ec2-automate-backup Key=InstanceId,Value=i-81d9e4b9 Key=InstanceName,Value=abfinance_lcb_admin01 Key=PurgeAfterFE,Value=1483035001 Key=PurgeAllow,Value=true Key=Volume,Value=vol-36d2fbb3 Key=Created,Value=1480443001
INSTANCE i-15dfe02d
INSTANCE NAME: abfinance_top20_ubuntu_app1
Tagging Snapshot snap-f0dbf3c3 with the following Tags: Key=CreatedBy,Value=ec2-automate-backup Key=InstanceId,Value=i-15dfe02d Key=InstanceName,Value=abfinance_top20_ubuntu_app1 Key=PurgeAfterFE,Value=1483035001 Key=PurgeAllow,Value=true Key=Volume,Value=vol-323702b7 Key=Created,Value=1480443001
INSTANCE i-1adfe022
INSTANCE NAME: abfinance_top20_ubuntu_app2
Tagging Snapshot snap-a31d3190 with the following Tags: Key=CreatedBy,Value=ec2-automate-backup Key=InstanceId,Value=i-1adfe022 Key=InstanceName,Value=abfinance_top20_ubuntu_app2 Key=PurgeAfterFE,Value=1483035001 Key=PurgeAllow,Value=true Key=Volume,Value=vol-7b3702fe Key=Created,Value=1480443001
INSTANCE i-1adfe022
INSTANCE NAME: abfinance_top20_ubuntu_app2
Tagging Snapshot snap-3de1c20e with the following Tags: Key=CreatedBy,Value=ec2-automate-backup Key=InstanceId,Value=i-1adfe022 Key=InstanceName,Value=abfinance_top20_ubuntu_app2 Key=PurgeAfterFE,Value=1483035001 Key=PurgeAllow,Value=true Key=Volume,Value=vol-7a3702ff Key=Created,Value=1480443001
INSTANCE i-15dfe02d
INSTANCE NAME: abfinance_top20_ubuntu_app1
Tagging Snapshot snap-7f5c0400 with the following Tags: Key=CreatedBy,Value=ec2-automate-backup Key=InstanceId,Value=i-15dfe02d Key=InstanceName,Value=abfinance_top20_ubuntu_app1 Key=PurgeAfterFE,Value=1483035001 Key=PurgeAllow,Value=true Key=Volume,Value=vol-85360300 Key=Created,Value=1480443001
INSTANCE i-b0dee188
INSTANCE NAME: abfinance_top20_ubuntu_db1
Tagging Snapshot snap-926f53a1 with the following Tags: Key=CreatedBy,Value=ec2-automate-backup Key=InstanceId,Value=i-b0dee188 Key=InstanceName,Value=abfinance_top20_ubuntu_db1 Key=PurgeAfterFE,Value=1483035001 Key=PurgeAllow,Value=true Key=Volume,Value=vol-8a31040f Key=Created,Value=1480443001
INSTANCE i-b0dee188
INSTANCE NAME: abfinance_top20_ubuntu_db1
Tagging Snapshot snap-70be9e43 with the following Tags: Key=CreatedBy,Value=ec2-automate-backup Key=InstanceId,Value=i-b0dee188 Key=InstanceName,Value=abfinance_top20_ubuntu_db1 Key=PurgeAfterFE,Value=1483035001 Key=PurgeAllow,Value=true Key=Volume,Value=vol-1b31049e Key=Created,Value=1480443001
INSTANCE i-b0dee188
INSTANCE NAME: abfinance_top20_ubuntu_db1
Tagging Snapshot snap-6e6d6c5c with the following Tags: Key=CreatedBy,Value=ec2-automate-backup Key=InstanceId,Value=i-b0dee188 Key=InstanceName,Value=abfinance_top20_ubuntu_db1 Key=PurgeAfterFE,Value=1483035001 Key=PurgeAllow,Value=true Key=Volume,Value=vol-1a31049f Key=Created,Value=1480443001
INSTANCE i-8099a6b8
INSTANCE NAME: internetds_dmz_nginx01
Tagging Snapshot snap-3c4a610f with the following Tags: Key=CreatedBy,Value=ec2-automate-backup Key=InstanceId,Value=i-8099a6b8 Key=InstanceName,Value=internetds_dmz_nginx01 Key=PurgeAfterFE,Value=1483035001 Key=PurgeAllow,Value=true Key=Volume,Value=vol-88c6f30d Key=Created,Value=1480443001
INSTANCE i-8099a6b8
INSTANCE NAME: internetds_dmz_nginx01
Tagging Snapshot snap-e5e9f8db with the following Tags: Key=CreatedBy,Value=ec2-automate-backup Key=InstanceId,Value=i-8099a6b8 Key=InstanceName,Value=internetds_dmz_nginx01 Key=PurgeAfterFE,Value=1483035001 Key=PurgeAllow,Value=true Key=Volume,Value=vol-a7c6f322 Key=Created,Value=1480443001
INSTANCE i-a794ab9f
INSTANCE NAME: internetds_front_nginx01
Tagging Snapshot snap-03436530 with the following Tags: Key=CreatedBy,Value=ec2-automate-backup Key=InstanceId,Value=i-a794ab9f Key=InstanceName,Value=internetds_front_nginx01 Key=PurgeAfterFE,Value=1483035001 Key=PurgeAllow,Value=true Key=Volume,Value=vol-b8ccf93d Key=Created,Value=1480443001
INSTANCE i-a794ab9f
INSTANCE NAME: internetds_front_nginx01
Tagging Snapshot snap-2f15391c with the following Tags: Key=CreatedBy,Value=ec2-automate-backup Key=InstanceId,Value=i-a794ab9f Key=InstanceName,Value=internetds_front_nginx01 Key=PurgeAfterFE,Value=1483035001 Key=PurgeAllow,Value=true Key=Volume,Value=vol-cfccf94a Key=Created,Value=1480443001
INSTANCE i-0194ab39
INSTANCE NAME: internetds_front_zkp_app01
Tagging Snapshot snap-abcee998 with the following Tags: Key=CreatedBy,Value=ec2-automate-backup Key=InstanceId,Value=i-0194ab39 Key=InstanceName,Value=internetds_front_zkp_app01 Key=PurgeAfterFE,Value=1483035001 Key=PurgeAllow,Value=true Key=Volume,Value=vol-33ccf9b6 Key=Created,Value=1480443001
INSTANCE i-0194ab39
INSTANCE NAME: internetds_front_zkp_app01
Tagging Snapshot snap-6d3f1f5e with the following Tags: Key=CreatedBy,Value=ec2-automate-backup Key=InstanceId,Value=i-0194ab39 Key=InstanceName,Value=internetds_front_zkp_app01 Key=PurgeAfterFE,Value=1483035001 Key=PurgeAllow,Value=true Key=Volume,Value=vol-c1cffa44 Key=Created,Value=1480443001
INSTANCE i-d187b8e9
INSTANCE NAME: internetds_front_dsjr_app01
Tagging Snapshot snap-a9886158 with the following Tags: Key=CreatedBy,Value=ec2-automate-backup Key=InstanceId,Value=i-d187b8e9 Key=InstanceName,Value=internetds_front_dsjr_app01 Key=PurgeAfterFE,Value=1483035001 Key=PurgeAllow,Value=true Key=Volume,Value=vol-e4b98c61 Key=Created,Value=1480443001
INSTANCE i-9c87b8a4
INSTANCE NAME: internetds_life_jsyq_app01
Tagging Snapshot snap-895971ba with the following Tags: Key=CreatedBy,Value=ec2-automate-backup Key=InstanceId,Value=i-9c87b8a4 Key=InstanceName,Value=internetds_life_jsyq_app01 Key=PurgeAfterFE,Value=1483035001 Key=PurgeAllow,Value=true Key=Volume,Value=vol-f3b98c76 Key=Created,Value=1480443001
INSTANCE i-9c87b8a4
INSTANCE NAME: internetds_life_jsyq_app01
Tagging Snapshot snap-7fe9ca4c with the following Tags: Key=CreatedBy,Value=ec2-automate-backup Key=InstanceId,Value=i-9c87b8a4 Key=InstanceName,Value=internetds_life_jsyq_app01 Key=PurgeAfterFE,Value=1483035001 Key=PurgeAllow,Value=true Key=Volume,Value=vol-f2b98c77 Key=Created,Value=1480443001
INSTANCE i-0187b839
INSTANCE NAME: internetds_life_bdgl_app01
Tagging Snapshot snap-7482ab47 with the following Tags: Key=CreatedBy,Value=ec2-automate-backup Key=InstanceId,Value=i-0187b839 Key=InstanceName,Value=internetds_life_bdgl_app01 Key=PurgeAfterFE,Value=1483035001 Key=PurgeAllow,Value=true Key=Volume,Value=vol-00b98c85 Key=Created,Value=1480443001
INSTANCE i-d187b8e9
INSTANCE NAME: internetds_front_dsjr_app01
Tagging Snapshot snap-764f580c with the following Tags: Key=CreatedBy,Value=ec2-automate-backup Key=InstanceId,Value=i-d187b8e9 Key=InstanceName,Value=internetds_front_dsjr_app01 Key=PurgeAfterFE,Value=1483035001 Key=PurgeAllow,Value=true Key=Volume,Value=vol-0cb98c89 Key=Created,Value=1480443001
INSTANCE i-1786b92f
INSTANCE NAME: internetds_front_mq_app01
Tagging Snapshot snap-b8f5ca8b with the following Tags: Key=CreatedBy,Value=ec2-automate-backup Key=InstanceId,Value=i-1786b92f Key=InstanceName,Value=internetds_front_mq_app01 Key=PurgeAfterFE,Value=1483035001 Key=PurgeAllow,Value=true Key=Volume,Value=vol-0fb98c8a Key=Created,Value=1480443001
INSTANCE i-1186b929
INSTANCE NAME: internetds_life_xqyhb_app01
Tagging Snapshot snap-18d9f52b with the following Tags: Key=CreatedBy,Value=ec2-automate-backup Key=InstanceId,Value=i-1186b929 Key=InstanceName,Value=internetds_life_xqyhb_app01 Key=PurgeAfterFE,Value=1483035001 Key=PurgeAllow,Value=true Key=Volume,Value=vol-56b98cd3 Key=Created,Value=1480443001
INSTANCE i-0a87b832
INSTANCE NAME: internetds_life_bq_app01
Tagging Snapshot snap-139069e2 with the following Tags: Key=CreatedBy,Value=ec2-automate-backup Key=InstanceId,Value=i-0a87b832 Key=InstanceName,Value=internetds_life_bq_app01 Key=PurgeAfterFE,Value=1483035001 Key=PurgeAllow,Value=true Key=Volume,Value=vol-6cb98ce9 Key=Created,Value=1480443001
INSTANCE i-0187b839
INSTANCE NAME: internetds_life_bdgl_app01
Tagging Snapshot snap-05bb8b36 with the following Tags: Key=CreatedBy,Value=ec2-automate-backup Key=InstanceId,Value=i-0187b839 Key=InstanceName,Value=internetds_life_bdgl_app01 Key=PurgeAfterFE,Value=1483035001 Key=PurgeAllow,Value=true Key=Volume,Value=vol-80b88d05 Key=Created,Value=1480443001
INSTANCE i-0a87b832
INSTANCE NAME: internetds_life_bq_app01
Tagging Snapshot snap-0951a2f8 with the following Tags: Key=CreatedBy,Value=ec2-automate-backup Key=InstanceId,Value=i-0a87b832 Key=InstanceName,Value=internetds_life_bq_app01 Key=PurgeAfterFE,Value=1483035001 Key=PurgeAllow,Value=true Key=Volume,Value=vol-89b88d0c Key=Created,Value=1480443001
INSTANCE i-1186b929
INSTANCE NAME: internetds_life_xqyhb_app01
Tagging Snapshot snap-aadc58eb with the following Tags: Key=CreatedBy,Value=ec2-automate-backup Key=InstanceId,Value=i-1186b929 Key=InstanceName,Value=internetds_life_xqyhb_app01 Key=PurgeAfterFE,Value=1483035001 Key=PurgeAllow,Value=true Key=Volume,Value=vol-a7b88d22 Key=Created,Value=1480443001
INSTANCE i-1786b92f
INSTANCE NAME: internetds_front_mq_app01
Tagging Snapshot snap-8519a7c4 with the following Tags: Key=CreatedBy,Value=ec2-automate-backup Key=InstanceId,Value=i-1786b92f Key=InstanceName,Value=internetds_front_mq_app01 Key=PurgeAfterFE,Value=1483035001 Key=PurgeAllow,Value=true Key=Volume,Value=vol-a1b88d24 Key=Created,Value=1480443001
INSTANCE i-d75967ef
INSTANCE NAME: internetds_opsmon_app01
Tagging Snapshot snap-22f1c711 with the following Tags: Key=CreatedBy,Value=ec2-automate-backup Key=InstanceId,Value=i-d75967ef Key=InstanceName,Value=internetds_opsmon_app01 Key=PurgeAfterFE,Value=1483035001 Key=PurgeAllow,Value=true Key=Volume,Value=vol-3d695db8 Key=Created,Value=1480443001
INSTANCE i-d75967ef
INSTANCE NAME: internetds_opsmon_app01
Tagging Snapshot snap-8c1b28bf with the following Tags: Key=CreatedBy,Value=ec2-automate-backup Key=InstanceId,Value=i-d75967ef Key=InstanceName,Value=internetds_opsmon_app01 Key=PurgeAfterFE,Value=1483035001 Key=PurgeAllow,Value=true Key=Volume,Value=vol-9c6a5e19 Key=Created,Value=1480443001
INSTANCE i-dc5967e4
INSTANCE NAME: internetds_opsmon_MongoDB01
Tagging Snapshot snap-87350cb4 with the following Tags: Key=CreatedBy,Value=ec2-automate-backup Key=InstanceId,Value=i-dc5967e4 Key=InstanceName,Value=internetds_opsmon_MongoDB01 Key=PurgeAfterFE,Value=1483035001 Key=PurgeAllow,Value=true Key=Volume,Value=vol-aa6a5e2f Key=Created,Value=1480443001
INSTANCE i-de5967e6
INSTANCE NAME: internetds_opsmon_MongoDB03
Tagging Snapshot snap-995d72aa with the following Tags: Key=CreatedBy,Value=ec2-automate-backup Key=InstanceId,Value=i-de5967e6 Key=InstanceName,Value=internetds_opsmon_MongoDB03 Key=PurgeAfterFE,Value=1483035001 Key=PurgeAllow,Value=true Key=Volume,Value=vol-db6a5e5e Key=Created,Value=1480443001
INSTANCE i-10566828
INSTANCE NAME: internetds_opsmon_DB01
Tagging Snapshot snap-84b894b7 with the following Tags: Key=CreatedBy,Value=ec2-automate-backup Key=InstanceId,Value=i-10566828 Key=InstanceName,Value=internetds_opsmon_DB01 Key=PurgeAfterFE,Value=1483035001 Key=PurgeAllow,Value=true Key=Volume,Value=vol-e26a5e67 Key=Created,Value=1480443001
INSTANCE i-dd5967e5
INSTANCE NAME: internetds_opsmon_MongoDB02
Tagging Snapshot snap-88dbeebb with the following Tags: Key=CreatedBy,Value=ec2-automate-backup Key=InstanceId,Value=i-dd5967e5 Key=InstanceName,Value=internetds_opsmon_MongoDB02 Key=PurgeAfterFE,Value=1483035001 Key=PurgeAllow,Value=true Key=Volume,Value=vol-e86a5e6d Key=Created,Value=1480443001
INSTANCE i-dc5967e4
INSTANCE NAME: internetds_opsmon_MongoDB01
Tagging Snapshot snap-d87c4beb with the following Tags: Key=CreatedBy,Value=ec2-automate-backup Key=InstanceId,Value=i-dc5967e4 Key=InstanceName,Value=internetds_opsmon_MongoDB01 Key=PurgeAfterFE,Value=1483035001 Key=PurgeAllow,Value=true Key=Volume,Value=vol-0d6a5e88 Key=Created,Value=1480443001
INSTANCE i-de5967e6
INSTANCE NAME: internetds_opsmon_MongoDB03
Tagging Snapshot snap-dd6d41ee with the following Tags: Key=CreatedBy,Value=ec2-automate-backup Key=InstanceId,Value=i-de5967e6 Key=InstanceName,Value=internetds_opsmon_MongoDB03 Key=PurgeAfterFE,Value=1483035001 Key=PurgeAllow,Value=true Key=Volume,Value=vol-196a5e9c Key=Created,Value=1480443001
INSTANCE i-dd5967e5
INSTANCE NAME: internetds_opsmon_MongoDB02
Tagging Snapshot snap-4c2e6d44 with the following Tags: Key=CreatedBy,Value=ec2-automate-backup Key=InstanceId,Value=i-dd5967e5 Key=InstanceName,Value=internetds_opsmon_MongoDB02 Key=PurgeAfterFE,Value=1483035001 Key=PurgeAllow,Value=true Key=Volume,Value=vol-186a5e9d Key=Created,Value=1480443001
INSTANCE i-10566828
INSTANCE NAME: internetds_opsmon_DB01
Tagging Snapshot snap-ab351b98 with the following Tags: Key=CreatedBy,Value=ec2-automate-backup Key=InstanceId,Value=i-10566828 Key=InstanceName,Value=internetds_opsmon_DB01 Key=PurgeAfterFE,Value=1483035001 Key=PurgeAllow,Value=true Key=Volume,Value=vol-7f6a5efa Key=Created,Value=1480443001
INSTANCE i-985668a0
INSTANCE NAME: internetds_front_yyzc_app01
Tagging Snapshot snap-11e7d822 with the following Tags: Key=CreatedBy,Value=ec2-automate-backup Key=InstanceId,Value=i-985668a0 Key=InstanceName,Value=internetds_front_yyzc_app01 Key=PurgeAfterFE,Value=1483035001 Key=PurgeAllow,Value=true Key=Volume,Value=vol-9854601d Key=Created,Value=1480443001
INSTANCE i-985668a0
INSTANCE NAME: internetds_front_yyzc_app01
Tagging Snapshot snap-433f0d70 with the following Tags: Key=CreatedBy,Value=ec2-automate-backup Key=InstanceId,Value=i-985668a0 Key=InstanceName,Value=internetds_front_yyzc_app01 Key=PurgeAfterFE,Value=1483035001 Key=PurgeAllow,Value=true Key=Volume,Value=vol-ab54602e Key=Created,Value=1480443001
INSTANCE i-4257697a
INSTANCE NAME: internetds_nat01
Tagging Snapshot snap-eacfedd9 with the following Tags: Key=CreatedBy,Value=ec2-automate-backup Key=InstanceId,Value=i-4257697a Key=InstanceName,Value=internetds_nat01 Key=PurgeAfterFE,Value=1483035001 Key=PurgeAllow,Value=true Key=Volume,Value=vol-a855612d Key=Created,Value=1480443001
INSTANCE i-3bead403
INSTANCE NAME: internetds_life_xqyhb_app03
Tagging Snapshot snap-4f8e8847 with the following Tags: Key=CreatedBy,Value=ec2-automate-backup Key=InstanceId,Value=i-3bead403 Key=InstanceName,Value=internetds_life_xqyhb_app03 Key=PurgeAfterFE,Value=1483035001 Key=PurgeAllow,Value=true Key=Volume,Value=vol-429aaec7 Key=Created,Value=1480443001
INSTANCE i-3bead403
INSTANCE NAME: internetds_life_xqyhb_app03
Tagging Snapshot snap-58103c6b with the following Tags: Key=CreatedBy,Value=ec2-automate-backup Key=InstanceId,Value=i-3bead403 Key=InstanceName,Value=internetds_life_xqyhb_app03 Key=PurgeAfterFE,Value=1483035001 Key=PurgeAllow,Value=true Key=Volume,Value=vol-d89baf5d Key=Created,Value=1480443001
INSTANCE i-a3e9d79b
INSTANCE NAME: internetds_datax_yc_app01
Tagging Snapshot snap-0b024536 with the following Tags: Key=CreatedBy,Value=ec2-automate-backup Key=InstanceId,Value=i-a3e9d79b Key=InstanceName,Value=internetds_datax_yc_app01 Key=PurgeAfterFE,Value=1483035001 Key=PurgeAllow,Value=true Key=Volume,Value=vol-5c87b3d9 Key=Created,Value=1480443001
INSTANCE i-3ce8d604
INSTANCE NAME: internetds_datax_app01
Tagging Snapshot snap-11747719 with the following Tags: Key=CreatedBy,Value=ec2-automate-backup Key=InstanceId,Value=i-3ce8d604 Key=InstanceName,Value=internetds_datax_app01 Key=PurgeAfterFE,Value=1483035001 Key=PurgeAllow,Value=true Key=Volume,Value=vol-5f87b3da Key=Created,Value=1480443001
INSTANCE i-3ce8d604
INSTANCE NAME: internetds_datax_app01
Tagging Snapshot snap-2eeddb1d with the following Tags: Key=CreatedBy,Value=ec2-automate-backup Key=InstanceId,Value=i-3ce8d604 Key=InstanceName,Value=internetds_datax_app01 Key=PurgeAfterFE,Value=1483035001 Key=PurgeAllow,Value=true Key=Volume,Value=vol-9e80b41b Key=Created,Value=1480443001
INSTANCE i-a3e9d79b
INSTANCE NAME: internetds_datax_yc_app01
Tagging Snapshot snap-983917ab with the following Tags: Key=CreatedBy,Value=ec2-automate-backup Key=InstanceId,Value=i-a3e9d79b Key=InstanceName,Value=internetds_datax_yc_app01 Key=PurgeAfterFE,Value=1483035001 Key=PurgeAllow,Value=true Key=Volume,Value=vol-b780b432 Key=Created,Value=1480443001
INSTANCE i-4cc5fb74
INSTANCE NAME: mgmt_bastion01
Tagging Snapshot snap-944272a7 with the following Tags: Key=CreatedBy,Value=ec2-automate-backup Key=InstanceId,Value=i-4cc5fb74 Key=InstanceName,Value=mgmt_bastion01 Key=PurgeAfterFE,Value=1483035001 Key=PurgeAllow,Value=true Key=Volume,Value=vol-234176a6 Key=Created,Value=1480443001
INSTANCE i-4cc5fb74
INSTANCE NAME: mgmt_bastion01
Tagging Snapshot snap-64bd8b57 with the following Tags: Key=CreatedBy,Value=ec2-automate-backup Key=InstanceId,Value=i-4cc5fb74 Key=InstanceName,Value=mgmt_bastion01 Key=PurgeAfterFE,Value=1483035001 Key=PurgeAllow,Value=true Key=Volume,Value=vol-654176e0 Key=Created,Value=1480443001
INSTANCE i-bfba8487
INSTANCE NAME: internetds_epolicy_app02
Tagging Snapshot snap-2833121b with the following Tags: Key=CreatedBy,Value=ec2-automate-backup Key=InstanceId,Value=i-bfba8487 Key=InstanceName,Value=internetds_epolicy_app02 Key=PurgeAfterFE,Value=1483035001 Key=PurgeAllow,Value=true Key=Volume,Value=vol-533f08d6 Key=Created,Value=1480443001
INSTANCE i-beba8486
INSTANCE NAME: internetds_epolicy_app01
Tagging Snapshot snap-6c26005f with the following Tags: Key=CreatedBy,Value=ec2-automate-backup Key=InstanceId,Value=i-beba8486 Key=InstanceName,Value=internetds_epolicy_app01 Key=PurgeAfterFE,Value=1483035001 Key=PurgeAllow,Value=true Key=Volume,Value=vol-523f08d7 Key=Created,Value=1480443001
INSTANCE i-beba8486
INSTANCE NAME: internetds_epolicy_app01
Tagging Snapshot snap-16785625 with the following Tags: Key=CreatedBy,Value=ec2-automate-backup Key=InstanceId,Value=i-beba8486 Key=InstanceName,Value=internetds_epolicy_app01 Key=PurgeAfterFE,Value=1483035001 Key=PurgeAllow,Value=true Key=Volume,Value=vol-a03e0925 Key=Created,Value=1480443001
INSTANCE i-bfba8487
INSTANCE NAME: internetds_epolicy_app02
Tagging Snapshot snap-eb1528d8 with the following Tags: Key=CreatedBy,Value=ec2-automate-backup Key=InstanceId,Value=i-bfba8487 Key=InstanceName,Value=internetds_epolicy_app02 Key=PurgeAfterFE,Value=1483035001 Key=PurgeAllow,Value=true Key=Volume,Value=vol-a33e0926 Key=Created,Value=1480443001
INSTANCE i-b0b88688
INSTANCE NAME: internetds_dmz_email01
Tagging Snapshot snap-6e220c5d with the following Tags: Key=CreatedBy,Value=ec2-automate-backup Key=InstanceId,Value=i-b0b88688 Key=InstanceName,Value=internetds_dmz_email01 Key=PurgeAfterFE,Value=1483035001 Key=PurgeAllow,Value=true Key=Volume,Value=vol-eb3c0b6e Key=Created,Value=1480443001
INSTANCE i-b0b88688
INSTANCE NAME: internetds_dmz_email01
Tagging Snapshot snap-0c818202 with the following Tags: Key=CreatedBy,Value=ec2-automate-backup Key=InstanceId,Value=i-b0b88688 Key=InstanceName,Value=internetds_dmz_email01 Key=PurgeAfterFE,Value=1483035001 Key=PurgeAllow,Value=true Key=Volume,Value=vol-263c0ba3 Key=Created,Value=1480443001
INSTANCE i-80546db8
INSTANCE NAME: abfinance_95569_db01
Tagging Snapshot snap-7f1e3d4c with the following Tags: Key=CreatedBy,Value=ec2-automate-backup Key=InstanceId,Value=i-80546db8 Key=InstanceName,Value=abfinance_95569_db01 Key=PurgeAfterFE,Value=1483035001 Key=PurgeAllow,Value=true Key=Volume,Value=vol-058cbb80 Key=Created,Value=1480443001
INSTANCE i-80546db8
INSTANCE NAME: abfinance_95569_db01
Tagging Snapshot snap-f12cc600 with the following Tags: Key=CreatedBy,Value=ec2-automate-backup Key=InstanceId,Value=i-80546db8 Key=InstanceName,Value=abfinance_95569_db01 Key=PurgeAfterFE,Value=1483035001 Key=PurgeAllow,Value=true Key=Volume,Value=vol-458cbbc0 Key=Created,Value=1480443001
INSTANCE i-98696ea0
INSTANCE NAME: yc_internetds_life_loadrunner3
Tagging Snapshot snap-e73705d4 with the following Tags: Key=CreatedBy,Value=ec2-automate-backup Key=InstanceId,Value=i-98696ea0 Key=InstanceName,Value=yc_internetds_life_loadrunner3 Key=PurgeAfterFE,Value=1483035001 Key=PurgeAllow,Value=true Key=Volume,Value=vol-0d340d88 Key=Created,Value=1480443001
INSTANCE i-4b6a6d73
INSTANCE NAME: yc_internetds_life_loadrunner2
Tagging Snapshot snap-20e011d1 with the following Tags: Key=CreatedBy,Value=ec2-automate-backup Key=InstanceId,Value=i-4b6a6d73 Key=InstanceName,Value=yc_internetds_life_loadrunner2 Key=PurgeAfterFE,Value=1483035001 Key=PurgeAllow,Value=true Key=Volume,Value=vol-1b340d9e Key=Created,Value=1480443001
INSTANCE i-93696eab
INSTANCE NAME: yc_internetds_life_loadrunner5
Tagging Snapshot snap-7b5b6a48 with the following Tags: Key=CreatedBy,Value=ec2-automate-backup Key=InstanceId,Value=i-93696eab Key=InstanceName,Value=yc_internetds_life_loadrunner5 Key=PurgeAfterFE,Value=1483035001 Key=PurgeAllow,Value=true Key=Volume,Value=vol-34340db1 Key=Created,Value=1480443001
INSTANCE i-93696eab
INSTANCE NAME: yc_internetds_life_loadrunner5
Tagging Snapshot snap-d25663e1 with the following Tags: Key=CreatedBy,Value=ec2-automate-backup Key=InstanceId,Value=i-93696eab Key=InstanceName,Value=yc_internetds_life_loadrunner5 Key=PurgeAfterFE,Value=1483035001 Key=PurgeAllow,Value=true Key=Volume,Value=vol-37340db2 Key=Created,Value=1480443001
INSTANCE i-69696e51
INSTANCE NAME: yc_internetds_life_loadrunner4
Tagging Snapshot snap-ae47739d with the following Tags: Key=CreatedBy,Value=ec2-automate-backup Key=InstanceId,Value=i-69696e51 Key=InstanceName,Value=yc_internetds_life_loadrunner4 Key=PurgeAfterFE,Value=1483035001 Key=PurgeAllow,Value=true Key=Volume,Value=vol-62340de7 Key=Created,Value=1480443001
INSTANCE i-69696e51
INSTANCE NAME: yc_internetds_life_loadrunner4
Tagging Snapshot snap-5e95b96d with the following Tags: Key=CreatedBy,Value=ec2-automate-backup Key=InstanceId,Value=i-69696e51 Key=InstanceName,Value=yc_internetds_life_loadrunner4 Key=PurgeAfterFE,Value=1483035001 Key=PurgeAllow,Value=true Key=Volume,Value=vol-7f340dfa Key=Created,Value=1480443001
INSTANCE i-98696ea0
INSTANCE NAME: yc_internetds_life_loadrunner3
Tagging Snapshot snap-f64d9bc8 with the following Tags: Key=CreatedBy,Value=ec2-automate-backup Key=InstanceId,Value=i-98696ea0 Key=InstanceName,Value=yc_internetds_life_loadrunner3 Key=PurgeAfterFE,Value=1483035001 Key=PurgeAllow,Value=true Key=Volume,Value=vol-82370e07 Key=Created,Value=1480443001
INSTANCE i-4b6a6d73
INSTANCE NAME: yc_internetds_life_loadrunner2
Tagging Snapshot snap-43eecc70 with the following Tags: Key=CreatedBy,Value=ec2-automate-backup Key=InstanceId,Value=i-4b6a6d73 Key=InstanceName,Value=yc_internetds_life_loadrunner2 Key=PurgeAfterFE,Value=1483035001 Key=PurgeAllow,Value=true Key=Volume,Value=vol-95370e10 Key=Created,Value=1480443001
INSTANCE i-21757219
INSTANCE NAME: abfinance_top20_nginx01
Tagging Snapshot snap-20785a13 with the following Tags: Key=CreatedBy,Value=ec2-automate-backup Key=InstanceId,Value=i-21757219 Key=InstanceName,Value=abfinance_top20_nginx01 Key=PurgeAfterFE,Value=1483035001 Key=PurgeAllow,Value=true Key=Volume,Value=vol-ca2c154f Key=Created,Value=1480443001
INSTANCE i-21757219
INSTANCE NAME: abfinance_top20_nginx01
Tagging Snapshot snap-14f3cd27 with the following Tags: Key=CreatedBy,Value=ec2-automate-backup Key=InstanceId,Value=i-21757219 Key=InstanceName,Value=abfinance_top20_nginx01 Key=PurgeAfterFE,Value=1483035001 Key=PurgeAllow,Value=true Key=Volume,Value=vol-ff2c157a Key=Created,Value=1480443001
INSTANCE i-907e79a8
INSTANCE NAME: yc_internetds_life_xqyhb_app06
Tagging Snapshot snap-3951aac8 with the following Tags: Key=CreatedBy,Value=ec2-automate-backup Key=InstanceId,Value=i-907e79a8 Key=InstanceName,Value=yc_internetds_life_xqyhb_app06 Key=PurgeAfterFE,Value=1483035001 Key=PurgeAllow,Value=true Key=Volume,Value=vol-0f261f8a Key=Created,Value=1480443001
INSTANCE i-967e79ae
INSTANCE NAME: yc_internetds_life_xqyhb_app04
Tagging Snapshot snap-ba4c7c89 with the following Tags: Key=CreatedBy,Value=ec2-automate-backup Key=InstanceId,Value=i-967e79ae Key=InstanceName,Value=yc_internetds_life_xqyhb_app04 Key=PurgeAfterFE,Value=1483035001 Key=PurgeAllow,Value=true Key=Volume,Value=vol-09261f8c Key=Created,Value=1480443001
INSTANCE i-967e79ae
INSTANCE NAME: yc_internetds_life_xqyhb_app04
Tagging Snapshot snap-4acee979 with the following Tags: Key=CreatedBy,Value=ec2-automate-backup Key=InstanceId,Value=i-967e79ae Key=InstanceName,Value=yc_internetds_life_xqyhb_app04 Key=PurgeAfterFE,Value=1483035001 Key=PurgeAllow,Value=true Key=Volume,Value=vol-26261fa3 Key=Created,Value=1480443001
INSTANCE i-6c7f7854
INSTANCE NAME: yc_internetds_life_xqyhb_app05
Tagging Snapshot snap-ac26d889 with the following Tags: Key=CreatedBy,Value=ec2-automate-backup Key=InstanceId,Value=i-6c7f7854 Key=InstanceName,Value=yc_internetds_life_xqyhb_app05 Key=PurgeAfterFE,Value=1483035001 Key=PurgeAllow,Value=true Key=Volume,Value=vol-21261fa4 Key=Created,Value=1480443001
INSTANCE i-907e79a8
INSTANCE NAME: yc_internetds_life_xqyhb_app06
Tagging Snapshot snap-05123036 with the following Tags: Key=CreatedBy,Value=ec2-automate-backup Key=InstanceId,Value=i-907e79a8 Key=InstanceName,Value=yc_internetds_life_xqyhb_app06 Key=PurgeAfterFE,Value=1483035001 Key=PurgeAllow,Value=true Key=Volume,Value=vol-30261fb5 Key=Created,Value=1480443001
INSTANCE i-6c7f7854
INSTANCE NAME: yc_internetds_life_xqyhb_app05
Tagging Snapshot snap-a1e1d392 with the following Tags: Key=CreatedBy,Value=ec2-automate-backup Key=InstanceId,Value=i-6c7f7854 Key=InstanceName,Value=yc_internetds_life_xqyhb_app05 Key=PurgeAfterFE,Value=1483035001 Key=PurgeAllow,Value=true Key=Volume,Value=vol-6c261fe9 Key=Created,Value=1480443001
INSTANCE i-9d9697a5
INSTANCE NAME: abfinance_95569_app30
Tagging Snapshot snap-1686a625 with the following Tags: Key=CreatedBy,Value=ec2-automate-backup Key=InstanceId,Value=i-9d9697a5 Key=InstanceName,Value=abfinance_95569_app30 Key=PurgeAfterFE,Value=1483035001 Key=PurgeAllow,Value=true Key=Volume,Value=vol-311316b4 Key=Created,Value=1480443001
INSTANCE i-9b9697a3
INSTANCE NAME: abfinance_95569_app29
Tagging Snapshot snap-b815398b with the following Tags: Key=CreatedBy,Value=ec2-automate-backup Key=InstanceId,Value=i-9b9697a3 Key=InstanceName,Value=abfinance_95569_app29 Key=PurgeAfterFE,Value=1483035001 Key=PurgeAllow,Value=true Key=Volume,Value=vol-3f1316ba Key=Created,Value=1480443001
INSTANCE i-c89697f0
INSTANCE NAME: abfinance_95569_app34
Tagging Snapshot snap-892b12ba with the following Tags: Key=CreatedBy,Value=ec2-automate-backup Key=InstanceId,Value=i-c89697f0 Key=InstanceName,Value=abfinance_95569_app34 Key=PurgeAfterFE,Value=1483035001 Key=PurgeAllow,Value=true Key=Volume,Value=vol-451316c0 Key=Created,Value=1480443001
INSTANCE i-9d9697a5
INSTANCE NAME: abfinance_95569_app30
Tagging Snapshot snap-6ccdef5f with the following Tags: Key=CreatedBy,Value=ec2-automate-backup Key=InstanceId,Value=i-9d9697a5 Key=InstanceName,Value=abfinance_95569_app30 Key=PurgeAfterFE,Value=1483035001 Key=PurgeAllow,Value=true Key=Volume,Value=vol-5f1316da Key=Created,Value=1480443001
INSTANCE i-cb9697f3
INSTANCE NAME: abfinance_95569_app35
Tagging Snapshot snap-fa3611f4 with the following Tags: Key=CreatedBy,Value=ec2-automate-backup Key=InstanceId,Value=i-cb9697f3 Key=InstanceName,Value=abfinance_95569_app35 Key=PurgeAfterFE,Value=1483035001 Key=PurgeAllow,Value=true Key=Volume,Value=vol-611316e4 Key=Created,Value=1480443001
INSTANCE i-c59697fd
INSTANCE NAME: abfinance_95569_app33
Tagging Snapshot snap-206be928 with the following Tags: Key=CreatedBy,Value=ec2-automate-backup Key=InstanceId,Value=i-c59697fd Key=InstanceName,Value=abfinance_95569_app33 Key=PurgeAfterFE,Value=1483035001 Key=PurgeAllow,Value=true Key=Volume,Value=vol-7e1316fb Key=Created,Value=1480443001
INSTANCE i-5599986d
INSTANCE NAME: abfinance_95569_app11
Tagging Snapshot snap-30b88603 with the following Tags: Key=CreatedBy,Value=ec2-automate-backup Key=InstanceId,Value=i-5599986d Key=InstanceName,Value=abfinance_95569_app11 Key=PurgeAfterFE,Value=1483035001 Key=PurgeAllow,Value=true Key=Volume,Value=vol-85121700 Key=Created,Value=1480443001
INSTANCE i-c59697fd
INSTANCE NAME: abfinance_95569_app33
Tagging Snapshot snap-86276b8e with the following Tags: Key=CreatedBy,Value=ec2-automate-backup Key=InstanceId,Value=i-c59697fd Key=InstanceName,Value=abfinance_95569_app33 Key=PurgeAfterFE,Value=1483035001 Key=PurgeAllow,Value=true Key=Volume,Value=vol-84121701 Key=Created,Value=1480443001
INSTANCE i-3a969702
INSTANCE NAME: abfinance_95569_app10
Tagging Snapshot snap-8f5a7cbc with the following Tags: Key=CreatedBy,Value=ec2-automate-backup Key=InstanceId,Value=i-3a969702 Key=InstanceName,Value=abfinance_95569_app10 Key=PurgeAfterFE,Value=1483035001 Key=PurgeAllow,Value=true Key=Volume,Value=vol-86121703 Key=Created,Value=1480443001
INSTANCE i-9b9697a3
INSTANCE NAME: abfinance_95569_app29
Tagging Snapshot snap-341d080b with the following Tags: Key=CreatedBy,Value=ec2-automate-backup Key=InstanceId,Value=i-9b9697a3 Key=InstanceName,Value=abfinance_95569_app29 Key=PurgeAfterFE,Value=1483035001 Key=PurgeAllow,Value=true Key=Volume,Value=vol-a1121724 Key=Created,Value=1480443001
INSTANCE i-5599986d
INSTANCE NAME: abfinance_95569_app11
Tagging Snapshot snap-2e1b7a20 with the following Tags: Key=CreatedBy,Value=ec2-automate-backup Key=InstanceId,Value=i-5599986d Key=InstanceName,Value=abfinance_95569_app11 Key=PurgeAfterFE,Value=1483035001 Key=PurgeAllow,Value=true Key=Volume,Value=vol-a812172d Key=Created,Value=1480443001
INSTANCE i-3a969702
INSTANCE NAME: abfinance_95569_app10
Tagging Snapshot snap-6455a195 with the following Tags: Key=CreatedBy,Value=ec2-automate-backup Key=InstanceId,Value=i-3a969702 Key=InstanceName,Value=abfinance_95569_app10 Key=PurgeAfterFE,Value=1483035001 Key=PurgeAllow,Value=true Key=Volume,Value=vol-d7121752 Key=Created,Value=1480443001
INSTANCE i-c89697f0
INSTANCE NAME: abfinance_95569_app34
Tagging Snapshot snap-8b4a60b8 with the following Tags: Key=CreatedBy,Value=ec2-automate-backup Key=InstanceId,Value=i-c89697f0 Key=InstanceName,Value=abfinance_95569_app34 Key=PurgeAfterFE,Value=1483035001 Key=PurgeAllow,Value=true Key=Volume,Value=vol-e7121762 Key=Created,Value=1480443001
INSTANCE i-5699986e
INSTANCE NAME: abfinance_95569_app12
Tagging Snapshot snap-b3b21687 with the following Tags: Key=CreatedBy,Value=ec2-automate-backup Key=InstanceId,Value=i-5699986e Key=InstanceName,Value=abfinance_95569_app12 Key=PurgeAfterFE,Value=1483035001 Key=PurgeAllow,Value=true Key=Volume,Value=vol-e3121766 Key=Created,Value=1480443001
INSTANCE i-5699986e
INSTANCE NAME: abfinance_95569_app12
Tagging Snapshot snap-50cae263 with the following Tags: Key=CreatedBy,Value=ec2-automate-backup Key=InstanceId,Value=i-5699986e Key=InstanceName,Value=abfinance_95569_app12 Key=PurgeAfterFE,Value=1483035001 Key=PurgeAllow,Value=true Key=Volume,Value=vol-e2121767 Key=Created,Value=1480443001
INSTANCE i-929697aa
INSTANCE NAME: abfinance_95569_app28
Tagging Snapshot snap-bc417d8f with the following Tags: Key=CreatedBy,Value=ec2-automate-backup Key=InstanceId,Value=i-929697aa Key=InstanceName,Value=abfinance_95569_app28 Key=PurgeAfterFE,Value=1483035001 Key=PurgeAllow,Value=true Key=Volume,Value=vol-ef12176a Key=Created,Value=1480443001
INSTANCE i-cb9697f3
INSTANCE NAME: abfinance_95569_app35
Tagging Snapshot snap-dce9122d with the following Tags: Key=CreatedBy,Value=ec2-automate-backup Key=InstanceId,Value=i-cb9697f3 Key=InstanceName,Value=abfinance_95569_app35 Key=PurgeAfterFE,Value=1483035001 Key=PurgeAllow,Value=true Key=Volume,Value=vol-0e12178b Key=Created,Value=1480443001
INSTANCE i-929697aa
INSTANCE NAME: abfinance_95569_app28
Tagging Snapshot snap-9e0ff86f with the following Tags: Key=CreatedBy,Value=ec2-automate-backup Key=InstanceId,Value=i-929697aa Key=InstanceName,Value=abfinance_95569_app28 Key=PurgeAfterFE,Value=1483035001 Key=PurgeAllow,Value=true Key=Volume,Value=vol-1812179d Key=Created,Value=1480443001
INSTANCE i-3596970d
INSTANCE NAME: abfinance_95569_app09
Tagging Snapshot snap-db1e28e8 with the following Tags: Key=CreatedBy,Value=ec2-automate-backup Key=InstanceId,Value=i-3596970d Key=InstanceName,Value=abfinance_95569_app09 Key=PurgeAfterFE,Value=1483035001 Key=PurgeAllow,Value=true Key=Volume,Value=vol-271217a2 Key=Created,Value=1480443001
INSTANCE i-3596970d
INSTANCE NAME: abfinance_95569_app09
Tagging Snapshot snap-f082bec3 with the following Tags: Key=CreatedBy,Value=ec2-automate-backup Key=InstanceId,Value=i-3596970d Key=InstanceName,Value=abfinance_95569_app09 Key=PurgeAfterFE,Value=1483035001 Key=PurgeAllow,Value=true Key=Volume,Value=vol-261217a3 Key=Created,Value=1480443001
Snapshot Purging is Starting Now.
