Snapshots taken by ec2-volumes-autobackup.sh will be eligible for purging after the following date (the purge after date given in seconds from epoch): 1481047801.
INSTANCE i-ae86a516
INSTANCE NAME: abfinance_nat02
Tagging Snapshot snap-52351461 with the following Tags: Key=CreatedBy,Value=ec2-automate-backup Key=InstanceId,Value=i-ae86a516 Key=InstanceName,Value=abfinance_nat02 Key=PurgeAfterFE,Value=1481047801 Key=PurgeAllow,Value=true Key=Volume,Value=vol-dcd3c363 Key=Created,Value=1478455801
INSTANCE i-0286a5ba
INSTANCE NAME: abfinance_lcb_webview03
Tagging Snapshot snap-29035f27 with the following Tags: Key=CreatedBy,Value=ec2-automate-backup Key=InstanceId,Value=i-0286a5ba Key=InstanceName,Value=abfinance_lcb_webview03 Key=PurgeAfterFE,Value=1481047801 Key=PurgeAllow,Value=true Key=Volume,Value=vol-5bd3c3e4 Key=Created,Value=1478455801
INSTANCE i-0286a5ba
INSTANCE NAME: abfinance_lcb_webview03
Tagging Snapshot snap-b91fc0b0 with the following Tags: Key=CreatedBy,Value=ec2-automate-backup Key=InstanceId,Value=i-0286a5ba Key=InstanceName,Value=abfinance_lcb_webview03 Key=PurgeAfterFE,Value=1481047801 Key=PurgeAllow,Value=true Key=Volume,Value=vol-b4d4c40b Key=Created,Value=1478455801
INSTANCE i-0986a5b1
INSTANCE NAME: abfinance_lcb_webview04
Tagging Snapshot snap-561f2a65 with the following Tags: Key=CreatedBy,Value=ec2-automate-backup Key=InstanceId,Value=i-0986a5b1 Key=InstanceName,Value=abfinance_lcb_webview04 Key=PurgeAfterFE,Value=1481047801 Key=PurgeAllow,Value=true Key=Volume,Value=vol-91d4c42e Key=Created,Value=1478455801
INSTANCE i-0986a5b1
INSTANCE NAME: abfinance_lcb_webview04
Tagging Snapshot snap-11370922 with the following Tags: Key=CreatedBy,Value=ec2-automate-backup Key=InstanceId,Value=i-0986a5b1 Key=InstanceName,Value=abfinance_lcb_webview04 Key=PurgeAfterFE,Value=1481047801 Key=PurgeAllow,Value=true Key=Volume,Value=vol-dcd4c463 Key=Created,Value=1478455801
INSTANCE i-cd85a675
INSTANCE NAME: abfinance_lcb_production02
Tagging Snapshot snap-1963572a with the following Tags: Key=CreatedBy,Value=ec2-automate-backup Key=InstanceId,Value=i-cd85a675 Key=InstanceName,Value=abfinance_lcb_production02 Key=PurgeAfterFE,Value=1481047801 Key=PurgeAllow,Value=true Key=Volume,Value=vol-99d5c526 Key=Created,Value=1478455801
INSTANCE i-cd85a675
INSTANCE NAME: abfinance_lcb_production02
Tagging Snapshot snap-e21b3ad1 with the following Tags: Key=CreatedBy,Value=ec2-automate-backup Key=InstanceId,Value=i-cd85a675 Key=InstanceName,Value=abfinance_lcb_production02 Key=PurgeAfterFE,Value=1481047801 Key=PurgeAllow,Value=true Key=Volume,Value=vol-c4d5c57b Key=Created,Value=1478455801
INSTANCE i-ea8ba852
INSTANCE NAME: abfinance_lcb_sales02
Tagging Snapshot snap-7084b443 with the following Tags: Key=CreatedBy,Value=ec2-automate-backup Key=InstanceId,Value=i-ea8ba852 Key=InstanceName,Value=abfinance_lcb_sales02 Key=PurgeAfterFE,Value=1481047801 Key=PurgeAllow,Value=true Key=Volume,Value=vol-b2d8c80d Key=Created,Value=1478455801
INSTANCE i-ea8ba852
INSTANCE NAME: abfinance_lcb_sales02
Tagging Snapshot snap-91fdd0a2 with the following Tags: Key=CreatedBy,Value=ec2-automate-backup Key=InstanceId,Value=i-ea8ba852 Key=InstanceName,Value=abfinance_lcb_sales02 Key=PurgeAfterFE,Value=1481047801 Key=PurgeAllow,Value=true Key=Volume,Value=vol-88d8c837 Key=Created,Value=1478455801
INSTANCE i-7a89aac2
INSTANCE NAME: abfinance_95569_app14
Tagging Snapshot snap-7b6e4248 with the following Tags: Key=CreatedBy,Value=ec2-automate-backup Key=InstanceId,Value=i-7a89aac2 Key=InstanceName,Value=abfinance_95569_app14 Key=PurgeAfterFE,Value=1481047801 Key=PurgeAllow,Value=true Key=Volume,Value=vol-abdbcb14 Key=Created,Value=1478455801
INSTANCE i-818aa939
INSTANCE NAME: abfinance_95569_app20
Tagging Snapshot snap-543fc7a5 with the following Tags: Key=CreatedBy,Value=ec2-automate-backup Key=InstanceId,Value=i-818aa939 Key=InstanceName,Value=abfinance_95569_app20 Key=PurgeAfterFE,Value=1481047801 Key=PurgeAllow,Value=true Key=Volume,Value=vol-35dbcb8a Key=Created,Value=1478455801
INSTANCE i-878aa93f
INSTANCE NAME: abfinance_95569_app26
Tagging Snapshot snap-da2200e9 with the following Tags: Key=CreatedBy,Value=ec2-automate-backup Key=InstanceId,Value=i-878aa93f Key=InstanceName,Value=abfinance_95569_app26 Key=PurgeAfterFE,Value=1481047801 Key=PurgeAllow,Value=true Key=Volume,Value=vol-34dbcb8b Key=Created,Value=1478455801
INSTANCE i-868aa93e
INSTANCE NAME: abfinance_95569_app25
Tagging Snapshot snap-54261a67 with the following Tags: Key=CreatedBy,Value=ec2-automate-backup Key=InstanceId,Value=i-868aa93e Key=InstanceName,Value=abfinance_95569_app25 Key=PurgeAfterFE,Value=1481047801 Key=PurgeAllow,Value=true Key=Volume,Value=vol-33dbcb8c Key=Created,Value=1478455801
INSTANCE i-828aa93a
INSTANCE NAME: abfinance_95569_app21
Tagging Snapshot snap-6d047f63 with the following Tags: Key=CreatedBy,Value=ec2-automate-backup Key=InstanceId,Value=i-828aa93a Key=InstanceName,Value=abfinance_95569_app21 Key=PurgeAfterFE,Value=1481047801 Key=PurgeAllow,Value=true Key=Volume,Value=vol-19dbcba6 Key=Created,Value=1478455801
INSTANCE i-808aa938
INSTANCE NAME: abfinance_95569_app19
Tagging Snapshot snap-8d2c05be with the following Tags: Key=CreatedBy,Value=ec2-automate-backup Key=InstanceId,Value=i-808aa938 Key=InstanceName,Value=abfinance_95569_app19 Key=PurgeAfterFE,Value=1481047801 Key=PurgeAllow,Value=true Key=Volume,Value=vol-68dbcbd7 Key=Created,Value=1478455801
INSTANCE i-7e89aac6
INSTANCE NAME: abfinance_95569_app17
Tagging Snapshot snap-82f6dfb1 with the following Tags: Key=CreatedBy,Value=ec2-automate-backup Key=InstanceId,Value=i-7e89aac6 Key=InstanceName,Value=abfinance_95569_app17 Key=PurgeAfterFE,Value=1481047801 Key=PurgeAllow,Value=true Key=Volume,Value=vol-67dbcbd8 Key=Created,Value=1478455801
INSTANCE i-7f89aac7
INSTANCE NAME: abfinance_95569_app18
Tagging Snapshot snap-5ae6c669 with the following Tags: Key=CreatedBy,Value=ec2-automate-backup Key=InstanceId,Value=i-7f89aac7 Key=InstanceName,Value=abfinance_95569_app18 Key=PurgeAfterFE,Value=1481047801 Key=PurgeAllow,Value=true Key=Volume,Value=vol-62dbcbdd Key=Created,Value=1478455801
INSTANCE i-818aa939
INSTANCE NAME: abfinance_95569_app20
Tagging Snapshot snap-cdedc6fe with the following Tags: Key=CreatedBy,Value=ec2-automate-backup Key=InstanceId,Value=i-818aa939 Key=InstanceName,Value=abfinance_95569_app20 Key=PurgeAfterFE,Value=1481047801 Key=PurgeAllow,Value=true Key=Volume,Value=vol-61dbcbde Key=Created,Value=1478455801
INSTANCE i-868aa93e
INSTANCE NAME: abfinance_95569_app25
Tagging Snapshot snap-1987ae2a with the following Tags: Key=CreatedBy,Value=ec2-automate-backup Key=InstanceId,Value=i-868aa93e Key=InstanceName,Value=abfinance_95569_app25 Key=PurgeAfterFE,Value=1481047801 Key=PurgeAllow,Value=true Key=Volume,Value=vol-4edbcbf1 Key=Created,Value=1478455801
INSTANCE i-878aa93f
INSTANCE NAME: abfinance_95569_app26
Tagging Snapshot snap-4ebd4fbf with the following Tags: Key=CreatedBy,Value=ec2-automate-backup Key=InstanceId,Value=i-878aa93f Key=InstanceName,Value=abfinance_95569_app26 Key=PurgeAfterFE,Value=1481047801 Key=PurgeAllow,Value=true Key=Volume,Value=vol-4cdbcbf3 Key=Created,Value=1478455801
INSTANCE i-858aa93d
INSTANCE NAME: abfinance_95569_app24
Tagging Snapshot snap-55775c66 with the following Tags: Key=CreatedBy,Value=ec2-automate-backup Key=InstanceId,Value=i-858aa93d Key=InstanceName,Value=abfinance_95569_app24 Key=PurgeAfterFE,Value=1481047801 Key=PurgeAllow,Value=true Key=Volume,Value=vol-b1dccc0e Key=Created,Value=1478455801
INSTANCE i-7f89aac7
INSTANCE NAME: abfinance_95569_app18
Tagging Snapshot snap-8efc8c86 with the following Tags: Key=CreatedBy,Value=ec2-automate-backup Key=InstanceId,Value=i-7f89aac7 Key=InstanceName,Value=abfinance_95569_app18 Key=PurgeAfterFE,Value=1481047801 Key=PurgeAllow,Value=true Key=Volume,Value=vol-b0dccc0f Key=Created,Value=1478455801
INSTANCE i-7d89aac5
INSTANCE NAME: abfinance_95569_app16
Tagging Snapshot snap-2eaf8d1d with the following Tags: Key=CreatedBy,Value=ec2-automate-backup Key=InstanceId,Value=i-7d89aac5 Key=InstanceName,Value=abfinance_95569_app16 Key=PurgeAfterFE,Value=1481047801 Key=PurgeAllow,Value=true Key=Volume,Value=vol-afdccc10 Key=Created,Value=1478455801
INSTANCE i-838aa93b
INSTANCE NAME: abfinance_95569_app22
Tagging Snapshot snap-5295bd61 with the following Tags: Key=CreatedBy,Value=ec2-automate-backup Key=InstanceId,Value=i-838aa93b Key=InstanceName,Value=abfinance_95569_app22 Key=PurgeAfterFE,Value=1481047801 Key=PurgeAllow,Value=true Key=Volume,Value=vol-a4dccc1b Key=Created,Value=1478455801
INSTANCE i-858aa93d
INSTANCE NAME: abfinance_95569_app24
Tagging Snapshot snap-975a6fa4 with the following Tags: Key=CreatedBy,Value=ec2-automate-backup Key=InstanceId,Value=i-858aa93d Key=InstanceName,Value=abfinance_95569_app24 Key=PurgeAfterFE,Value=1481047801 Key=PurgeAllow,Value=true Key=Volume,Value=vol-a3dccc1c Key=Created,Value=1478455801
INSTANCE i-7c89aac4
INSTANCE NAME: abfinance_95569_app15
Tagging Snapshot snap-66a39455 with the following Tags: Key=CreatedBy,Value=ec2-automate-backup Key=InstanceId,Value=i-7c89aac4 Key=InstanceName,Value=abfinance_95569_app15 Key=PurgeAfterFE,Value=1481047801 Key=PurgeAllow,Value=true Key=Volume,Value=vol-a2dccc1d Key=Created,Value=1478455801
INSTANCE i-7e89aac6
INSTANCE NAME: abfinance_95569_app17
Tagging Snapshot snap-69b2624b with the following Tags: Key=CreatedBy,Value=ec2-automate-backup Key=InstanceId,Value=i-7e89aac6 Key=InstanceName,Value=abfinance_95569_app17 Key=PurgeAfterFE,Value=1481047801 Key=PurgeAllow,Value=true Key=Volume,Value=vol-a1dccc1e Key=Created,Value=1478455801
INSTANCE i-828aa93a
INSTANCE NAME: abfinance_95569_app21
Tagging Snapshot snap-12af9921 with the following Tags: Key=CreatedBy,Value=ec2-automate-backup Key=InstanceId,Value=i-828aa93a Key=InstanceName,Value=abfinance_95569_app21 Key=PurgeAfterFE,Value=1481047801 Key=PurgeAllow,Value=true Key=Volume,Value=vol-a0dccc1f Key=Created,Value=1478455801
INSTANCE i-7d89aac5
INSTANCE NAME: abfinance_95569_app16
Tagging Snapshot snap-b698b385 with the following Tags: Key=CreatedBy,Value=ec2-automate-backup Key=InstanceId,Value=i-7d89aac5 Key=InstanceName,Value=abfinance_95569_app16 Key=PurgeAfterFE,Value=1481047801 Key=PurgeAllow,Value=true Key=Volume,Value=vol-9fdccc20 Key=Created,Value=1478455801
INSTANCE i-848aa93c
INSTANCE NAME: abfinance_95569_app23
Tagging Snapshot snap-e10132d2 with the following Tags: Key=CreatedBy,Value=ec2-automate-backup Key=InstanceId,Value=i-848aa93c Key=InstanceName,Value=abfinance_95569_app23 Key=PurgeAfterFE,Value=1481047801 Key=PurgeAllow,Value=true Key=Volume,Value=vol-9edccc21 Key=Created,Value=1478455801
INSTANCE i-7c89aac4
INSTANCE NAME: abfinance_95569_app15
Tagging Snapshot snap-eb18f41a with the following Tags: Key=CreatedBy,Value=ec2-automate-backup Key=InstanceId,Value=i-7c89aac4 Key=InstanceName,Value=abfinance_95569_app15 Key=PurgeAfterFE,Value=1481047801 Key=PurgeAllow,Value=true Key=Volume,Value=vol-92dccc2d Key=Created,Value=1478455801
INSTANCE i-808aa938
INSTANCE NAME: abfinance_95569_app19
Tagging Snapshot snap-34d0f107 with the following Tags: Key=CreatedBy,Value=ec2-automate-backup Key=InstanceId,Value=i-808aa938 Key=InstanceName,Value=abfinance_95569_app19 Key=PurgeAfterFE,Value=1481047801 Key=PurgeAllow,Value=true Key=Volume,Value=vol-91dccc2e Key=Created,Value=1478455801
INSTANCE i-838aa93b
INSTANCE NAME: abfinance_95569_app22
Tagging Snapshot snap-7b765848 with the following Tags: Key=CreatedBy,Value=ec2-automate-backup Key=InstanceId,Value=i-838aa93b Key=InstanceName,Value=abfinance_95569_app22 Key=PurgeAfterFE,Value=1481047801 Key=PurgeAllow,Value=true Key=Volume,Value=vol-90dccc2f Key=Created,Value=1478455801
INSTANCE i-848aa93c
INSTANCE NAME: abfinance_95569_app23
Tagging Snapshot snap-e8758119 with the following Tags: Key=CreatedBy,Value=ec2-automate-backup Key=InstanceId,Value=i-848aa93c Key=InstanceName,Value=abfinance_95569_app23 Key=PurgeAfterFE,Value=1481047801 Key=PurgeAllow,Value=true Key=Volume,Value=vol-8fdccc30 Key=Created,Value=1478455801
INSTANCE i-898aa931
INSTANCE NAME: abfinance_95569_app27
Tagging Snapshot snap-cb82a9f8 with the following Tags: Key=CreatedBy,Value=ec2-automate-backup Key=InstanceId,Value=i-898aa931 Key=InstanceName,Value=abfinance_95569_app27 Key=PurgeAfterFE,Value=1481047801 Key=PurgeAllow,Value=true Key=Volume,Value=vol-8edccc31 Key=Created,Value=1478455801
INSTANCE i-7a89aac2
INSTANCE NAME: abfinance_95569_app14
Tagging Snapshot snap-e36741d0 with the following Tags: Key=CreatedBy,Value=ec2-automate-backup Key=InstanceId,Value=i-7a89aac2 Key=InstanceName,Value=abfinance_95569_app14 Key=PurgeAfterFE,Value=1481047801 Key=PurgeAllow,Value=true Key=Volume,Value=vol-8ddccc32 Key=Created,Value=1478455801
INSTANCE i-898aa931
INSTANCE NAME: abfinance_95569_app27
Tagging Snapshot snap-6b0d2258 with the following Tags: Key=CreatedBy,Value=ec2-automate-backup Key=InstanceId,Value=i-898aa931 Key=InstanceName,Value=abfinance_95569_app27 Key=PurgeAfterFE,Value=1481047801 Key=PurgeAllow,Value=true Key=Volume,Value=vol-6b9b8bd4 Key=Created,Value=1478455801
INSTANCE i-4b80aff3
INSTANCE NAME: abfinance_top20_ubuntu_app3
Tagging Snapshot snap-e3b691d0 with the following Tags: Key=CreatedBy,Value=ec2-automate-backup Key=InstanceId,Value=i-4b80aff3 Key=InstanceName,Value=abfinance_top20_ubuntu_app3 Key=PurgeAfterFE,Value=1481047801 Key=PurgeAllow,Value=true Key=Volume,Value=vol-255f24b8 Key=Created,Value=1478455801
INSTANCE i-4b80aff3
INSTANCE NAME: abfinance_top20_ubuntu_app3
Tagging Snapshot snap-26a78f15 with the following Tags: Key=CreatedBy,Value=ec2-automate-backup Key=InstanceId,Value=i-4b80aff3 Key=InstanceName,Value=abfinance_top20_ubuntu_app3 Key=PurgeAfterFE,Value=1481047801 Key=PurgeAllow,Value=true Key=Volume,Value=vol-4e5f24d3 Key=Created,Value=1478455801
INSTANCE i-7a9fb0c2
INSTANCE NAME: abfinance_top20_ubuntu_app4
Tagging Snapshot snap-7b4d7348 with the following Tags: Key=CreatedBy,Value=ec2-automate-backup Key=InstanceId,Value=i-7a9fb0c2 Key=InstanceName,Value=abfinance_top20_ubuntu_app4 Key=PurgeAfterFE,Value=1481047801 Key=PurgeAllow,Value=true Key=Volume,Value=vol-ac5e2531 Key=Created,Value=1478455801
INSTANCE i-7a9fb0c2
INSTANCE NAME: abfinance_top20_ubuntu_app4
Tagging Snapshot snap-be1e328d with the following Tags: Key=CreatedBy,Value=ec2-automate-backup Key=InstanceId,Value=i-7a9fb0c2 Key=InstanceName,Value=abfinance_top20_ubuntu_app4 Key=PurgeAfterFE,Value=1481047801 Key=PurgeAllow,Value=true Key=Volume,Value=vol-305e25ad Key=Created,Value=1478455801
INSTANCE i-ac9eb114
INSTANCE NAME: abfinance_top20_ubuntu_db2
Tagging Snapshot snap-77f9d844 with the following Tags: Key=CreatedBy,Value=ec2-automate-backup Key=InstanceId,Value=i-ac9eb114 Key=InstanceName,Value=abfinance_top20_ubuntu_db2 Key=PurgeAfterFE,Value=1481047801 Key=PurgeAllow,Value=true Key=Volume,Value=vol-5e5e25c3 Key=Created,Value=1478455801
INSTANCE i-ac9eb114
INSTANCE NAME: abfinance_top20_ubuntu_db2
Tagging Snapshot snap-61a38452 with the following Tags: Key=CreatedBy,Value=ec2-automate-backup Key=InstanceId,Value=i-ac9eb114 Key=InstanceName,Value=abfinance_top20_ubuntu_db2 Key=PurgeAfterFE,Value=1481047801 Key=PurgeAllow,Value=true Key=Volume,Value=vol-595e25c4 Key=Created,Value=1478455801
INSTANCE i-ac9eb114
INSTANCE NAME: abfinance_top20_ubuntu_db2
Tagging Snapshot snap-00587133 with the following Tags: Key=CreatedBy,Value=ec2-automate-backup Key=InstanceId,Value=i-ac9eb114 Key=InstanceName,Value=abfinance_top20_ubuntu_db2 Key=PurgeAfterFE,Value=1481047801 Key=PurgeAllow,Value=true Key=Volume,Value=vol-aa5d2637 Key=Created,Value=1478455801
INSTANCE i-4b042af3
INSTANCE NAME: internetds_front_nginx02
Tagging Snapshot snap-2cf7d81f with the following Tags: Key=CreatedBy,Value=ec2-automate-backup Key=InstanceId,Value=i-4b042af3 Key=InstanceName,Value=internetds_front_nginx02 Key=PurgeAfterFE,Value=1481047801 Key=PurgeAllow,Value=true Key=Volume,Value=vol-51215bcc Key=Created,Value=1478455801
INSTANCE i-da042a62
INSTANCE NAME: internetds_front_zkp_app02
Tagging Snapshot snap-af7b579c with the following Tags: Key=CreatedBy,Value=ec2-automate-backup Key=InstanceId,Value=i-da042a62 Key=InstanceName,Value=internetds_front_zkp_app02 Key=PurgeAfterFE,Value=1481047801 Key=PurgeAllow,Value=true Key=Volume,Value=vol-7e215be3 Key=Created,Value=1478455801
INSTANCE i-4b042af3
INSTANCE NAME: internetds_front_nginx02
Tagging Snapshot snap-f6c3e1c5 with the following Tags: Key=CreatedBy,Value=ec2-automate-backup Key=InstanceId,Value=i-4b042af3 Key=InstanceName,Value=internetds_front_nginx02 Key=PurgeAfterFE,Value=1481047801 Key=PurgeAllow,Value=true Key=Volume,Value=vol-6c215bf1 Key=Created,Value=1478455801
INSTANCE i-c1042a79
INSTANCE NAME: internetds_front_mq_app02
Tagging Snapshot snap-6c237664 with the following Tags: Key=CreatedBy,Value=ec2-automate-backup Key=InstanceId,Value=i-c1042a79 Key=InstanceName,Value=internetds_front_mq_app02 Key=PurgeAfterFE,Value=1481047801 Key=PurgeAllow,Value=true Key=Volume,Value=vol-dc265c41 Key=Created,Value=1478455801
INSTANCE i-c1042a79
INSTANCE NAME: internetds_front_mq_app02
Tagging Snapshot snap-37c47f7b with the following Tags: Key=CreatedBy,Value=ec2-automate-backup Key=InstanceId,Value=i-c1042a79 Key=InstanceName,Value=internetds_front_mq_app02 Key=PurgeAfterFE,Value=1481047801 Key=PurgeAllow,Value=true Key=Volume,Value=vol-df265c42 Key=Created,Value=1478455801
INSTANCE i-da042a62
INSTANCE NAME: internetds_front_zkp_app02
Tagging Snapshot snap-ef946f1e with the following Tags: Key=CreatedBy,Value=ec2-automate-backup Key=InstanceId,Value=i-da042a62 Key=InstanceName,Value=internetds_front_zkp_app02 Key=PurgeAfterFE,Value=1481047801 Key=PurgeAllow,Value=true Key=Volume,Value=vol-d4265c49 Key=Created,Value=1478455801
INSTANCE i-c5042a7d
INSTANCE NAME: internetds_front_dsjr_app02
Tagging Snapshot snap-829cb2b1 with the following Tags: Key=CreatedBy,Value=ec2-automate-backup Key=InstanceId,Value=i-c5042a7d Key=InstanceName,Value=internetds_front_dsjr_app02 Key=PurgeAfterFE,Value=1481047801 Key=PurgeAllow,Value=true Key=Volume,Value=vol-c7265c5a Key=Created,Value=1478455801
INSTANCE i-a9052b11
INSTANCE NAME: internetds_front_yyzc_app02
Tagging Snapshot snap-ee0438dd with the following Tags: Key=CreatedBy,Value=ec2-automate-backup Key=InstanceId,Value=i-a9052b11 Key=InstanceName,Value=internetds_front_yyzc_app02 Key=PurgeAfterFE,Value=1481047801 Key=PurgeAllow,Value=true Key=Volume,Value=vol-09265c94 Key=Created,Value=1478455801
INSTANCE i-c5042a7d
INSTANCE NAME: internetds_front_dsjr_app02
Tagging Snapshot snap-3487b311 with the following Tags: Key=CreatedBy,Value=ec2-automate-backup Key=InstanceId,Value=i-c5042a7d Key=InstanceName,Value=internetds_front_dsjr_app02 Key=PurgeAfterFE,Value=1481047801 Key=PurgeAllow,Value=true Key=Volume,Value=vol-01265c9c Key=Created,Value=1478455801
INSTANCE i-9b052b23
INSTANCE NAME: internetds_life_bq_app02
Tagging Snapshot snap-fd2819ce with the following Tags: Key=CreatedBy,Value=ec2-automate-backup Key=InstanceId,Value=i-9b052b23 Key=InstanceName,Value=internetds_life_bq_app02 Key=PurgeAfterFE,Value=1481047801 Key=PurgeAllow,Value=true Key=Volume,Value=vol-37265caa Key=Created,Value=1478455801
INSTANCE i-9b052b23
INSTANCE NAME: internetds_life_bq_app02
Tagging Snapshot snap-22744b11 with the following Tags: Key=CreatedBy,Value=ec2-automate-backup Key=InstanceId,Value=i-9b052b23 Key=InstanceName,Value=internetds_life_bq_app02 Key=PurgeAfterFE,Value=1481047801 Key=PurgeAllow,Value=true Key=Volume,Value=vol-5d265cc0 Key=Created,Value=1478455801
INSTANCE i-a9052b11
INSTANCE NAME: internetds_front_yyzc_app02
Tagging Snapshot snap-eebc9ddd with the following Tags: Key=CreatedBy,Value=ec2-automate-backup Key=InstanceId,Value=i-a9052b11 Key=InstanceName,Value=internetds_front_yyzc_app02 Key=PurgeAfterFE,Value=1481047801 Key=PurgeAllow,Value=true Key=Volume,Value=vol-46265cdb Key=Created,Value=1478455801
INSTANCE i-81042a39
INSTANCE NAME: internetds_life_xqyhb_app02
Tagging Snapshot snap-dd28c12c with the following Tags: Key=CreatedBy,Value=ec2-automate-backup Key=InstanceId,Value=i-81042a39 Key=InstanceName,Value=internetds_life_xqyhb_app02 Key=PurgeAfterFE,Value=1481047801 Key=PurgeAllow,Value=true Key=Volume,Value=vol-7e265ce3 Key=Created,Value=1478455801
INSTANCE i-81042a39
INSTANCE NAME: internetds_life_xqyhb_app02
Tagging Snapshot snap-9fd3f9ac with the following Tags: Key=CreatedBy,Value=ec2-automate-backup Key=InstanceId,Value=i-81042a39 Key=InstanceName,Value=internetds_life_xqyhb_app02 Key=PurgeAfterFE,Value=1481047801 Key=PurgeAllow,Value=true Key=Volume,Value=vol-9d275d00 Key=Created,Value=1478455801
INSTANCE i-61052bd9
INSTANCE NAME: internetds_life_bdgl_app02
Tagging Snapshot snap-180a2a10 with the following Tags: Key=CreatedBy,Value=ec2-automate-backup Key=InstanceId,Value=i-61052bd9 Key=InstanceName,Value=internetds_life_bdgl_app02 Key=PurgeAfterFE,Value=1481047801 Key=PurgeAllow,Value=true Key=Volume,Value=vol-a8275d35 Key=Created,Value=1478455801
INSTANCE i-61052bd9
INSTANCE NAME: internetds_life_bdgl_app02
Tagging Snapshot snap-e5ab84d6 with the following Tags: Key=CreatedBy,Value=ec2-automate-backup Key=InstanceId,Value=i-61052bd9 Key=InstanceName,Value=internetds_life_bdgl_app02 Key=PurgeAfterFE,Value=1481047801 Key=PurgeAllow,Value=true Key=Volume,Value=vol-e1275d7c Key=Created,Value=1478455801
INSTANCE i-0c052bb4
INSTANCE NAME: internetds_life_jsyq_app02
Tagging Snapshot snap-63112e50 with the following Tags: Key=CreatedBy,Value=ec2-automate-backup Key=InstanceId,Value=i-0c052bb4 Key=InstanceName,Value=internetds_life_jsyq_app02 Key=PurgeAfterFE,Value=1481047801 Key=PurgeAllow,Value=true Key=Volume,Value=vol-03275d9e Key=Created,Value=1478455801
INSTANCE i-0c052bb4
INSTANCE NAME: internetds_life_jsyq_app02
Tagging Snapshot snap-395e630a with the following Tags: Key=CreatedBy,Value=ec2-automate-backup Key=InstanceId,Value=i-0c052bb4 Key=InstanceName,Value=internetds_life_jsyq_app02 Key=PurgeAfterFE,Value=1481047801 Key=PurgeAllow,Value=true Key=Volume,Value=vol-02275d9f Key=Created,Value=1478455801
INSTANCE i-aa032d12
INSTANCE NAME: internetds_opsmon_app02
Tagging Snapshot snap-2f250f1c with the following Tags: Key=CreatedBy,Value=ec2-automate-backup Key=InstanceId,Value=i-aa032d12 Key=InstanceName,Value=internetds_opsmon_app02 Key=PurgeAfterFE,Value=1481047801 Key=PurgeAllow,Value=true Key=Volume,Value=vol-00255f9d Key=Created,Value=1478455801
INSTANCE i-2e032d96
INSTANCE NAME: internetds_opsmon_DB02
Tagging Snapshot snap-76625445 with the following Tags: Key=CreatedBy,Value=ec2-automate-backup Key=InstanceId,Value=i-2e032d96 Key=InstanceName,Value=internetds_opsmon_DB02 Key=PurgeAfterFE,Value=1481047801 Key=PurgeAllow,Value=true Key=Volume,Value=vol-56255fcb Key=Created,Value=1478455801
INSTANCE i-aa032d12
INSTANCE NAME: internetds_opsmon_app02
Tagging Snapshot snap-026390f3 with the following Tags: Key=CreatedBy,Value=ec2-automate-backup Key=InstanceId,Value=i-aa032d12 Key=InstanceName,Value=internetds_opsmon_app02 Key=PurgeAfterFE,Value=1481047801 Key=PurgeAllow,Value=true Key=Volume,Value=vol-4e255fd3 Key=Created,Value=1478455801
INSTANCE i-2e032d96
INSTANCE NAME: internetds_opsmon_DB02
Tagging Snapshot snap-1966502a with the following Tags: Key=CreatedBy,Value=ec2-automate-backup Key=InstanceId,Value=i-2e032d96 Key=InstanceName,Value=internetds_opsmon_DB02 Key=PurgeAfterFE,Value=1481047801 Key=PurgeAllow,Value=true Key=Volume,Value=vol-f21a606f Key=Created,Value=1478455801
INSTANCE i-64002edc
INSTANCE NAME: internetds_front_yyzc_app02
Tagging Snapshot snap-8f55d1c6 with the following Tags: Key=CreatedBy,Value=ec2-automate-backup Key=InstanceId,Value=i-64002edc Key=InstanceName,Value=internetds_front_yyzc_app02 Key=PurgeAfterFE,Value=1481047801 Key=PurgeAllow,Value=true Key=Volume,Value=vol-ae1b6133 Key=Created,Value=1478455801
INSTANCE i-6d002ed5
INSTANCE NAME: internetds_dmz_nginx02
Tagging Snapshot snap-84f9d8b7 with the following Tags: Key=CreatedBy,Value=ec2-automate-backup Key=InstanceId,Value=i-6d002ed5 Key=InstanceName,Value=internetds_dmz_nginx02 Key=PurgeAfterFE,Value=1481047801 Key=PurgeAllow,Value=true Key=Volume,Value=vol-da1b6147 Key=Created,Value=1478455801
INSTANCE i-6d002ed5
INSTANCE NAME: internetds_dmz_nginx02
Tagging Snapshot snap-de87aded with the following Tags: Key=CreatedBy,Value=ec2-automate-backup Key=InstanceId,Value=i-6d002ed5 Key=InstanceName,Value=internetds_dmz_nginx02 Key=PurgeAfterFE,Value=1481047801 Key=PurgeAllow,Value=true Key=Volume,Value=vol-f21b616f Key=Created,Value=1478455801
INSTANCE i-64002edc
INSTANCE NAME: internetds_front_yyzc_app02
Tagging Snapshot snap-35083406 with the following Tags: Key=CreatedBy,Value=ec2-automate-backup Key=InstanceId,Value=i-64002edc Key=InstanceName,Value=internetds_front_yyzc_app02 Key=PurgeAfterFE,Value=1481047801 Key=PurgeAllow,Value=true Key=Volume,Value=vol-181b6185 Key=Created,Value=1478455801
INSTANCE i-5a002ee2
INSTANCE NAME: internetds_nat02
Tagging Snapshot snap-9510e464 with the following Tags: Key=CreatedBy,Value=ec2-automate-backup Key=InstanceId,Value=i-5a002ee2 Key=InstanceName,Value=internetds_nat02 Key=PurgeAfterFE,Value=1481047801 Key=PurgeAllow,Value=true Key=Volume,Value=vol-7f1b61e2 Key=Created,Value=1478455801
INSTANCE i-79b59bc1
INSTANCE NAME: internetds_datax_app02
Tagging Snapshot snap-beffc18d with the following Tags: Key=CreatedBy,Value=ec2-automate-backup Key=InstanceId,Value=i-79b59bc1 Key=InstanceName,Value=internetds_datax_app02 Key=PurgeAfterFE,Value=1481047801 Key=PurgeAllow,Value=true Key=Volume,Value=vol-75f68ce8 Key=Created,Value=1478455801
INSTANCE i-7ab59bc2
INSTANCE NAME: internetds_datax_yc_app02
Tagging Snapshot snap-46f40a0e with the following Tags: Key=CreatedBy,Value=ec2-automate-backup Key=InstanceId,Value=i-7ab59bc2 Key=InstanceName,Value=internetds_datax_yc_app02 Key=PurgeAfterFE,Value=1481047801 Key=PurgeAllow,Value=true Key=Volume,Value=vol-74f68ce9 Key=Created,Value=1478455801
INSTANCE i-7ab59bc2
INSTANCE NAME: internetds_datax_yc_app02
Tagging Snapshot snap-3e517f30 with the following Tags: Key=CreatedBy,Value=ec2-automate-backup Key=InstanceId,Value=i-7ab59bc2 Key=InstanceName,Value=internetds_datax_yc_app02 Key=PurgeAfterFE,Value=1481047801 Key=PurgeAllow,Value=true Key=Volume,Value=vol-92f78d0f Key=Created,Value=1478455801
INSTANCE i-79b59bc1
INSTANCE NAME: internetds_datax_app02
Tagging Snapshot snap-79bf6f55 with the following Tags: Key=CreatedBy,Value=ec2-automate-backup Key=InstanceId,Value=i-79b59bc1 Key=InstanceName,Value=internetds_datax_app02 Key=PurgeAfterFE,Value=1481047801 Key=PurgeAllow,Value=true Key=Volume,Value=vol-a9f78d34 Key=Created,Value=1478455801
INSTANCE i-8f6c4537
INSTANCE NAME: abfinance_db02
Tagging Snapshot snap-2c2e5574 with the following Tags: Key=CreatedBy,Value=ec2-automate-backup Key=InstanceId,Value=i-8f6c4537 Key=InstanceName,Value=abfinance_db02 Key=PurgeAfterFE,Value=1481047801 Key=PurgeAllow,Value=true Key=Volume,Value=vol-ba0a4f27 Key=Created,Value=1478455801
INSTANCE i-8f6c4537
INSTANCE NAME: abfinance_db02
Tagging Snapshot snap-4cdcec7f with the following Tags: Key=CreatedBy,Value=ec2-automate-backup Key=InstanceId,Value=i-8f6c4537 Key=InstanceName,Value=abfinance_db02 Key=PurgeAfterFE,Value=1481047801 Key=PurgeAllow,Value=true Key=Volume,Value=vol-260a4fbb Key=Created,Value=1478455801
INSTANCE i-046148bc
INSTANCE NAME: internetds_epolicy_app03
Tagging Snapshot snap-342c0707 with the following Tags: Key=CreatedBy,Value=ec2-automate-backup Key=InstanceId,Value=i-046148bc Key=InstanceName,Value=internetds_epolicy_app03 Key=PurgeAfterFE,Value=1481047801 Key=PurgeAllow,Value=true Key=Volume,Value=vol-bc165321 Key=Created,Value=1478455801
INSTANCE i-046148bc
INSTANCE NAME: internetds_epolicy_app03
Tagging Snapshot snap-d3dce1e0 with the following Tags: Key=CreatedBy,Value=ec2-automate-backup Key=InstanceId,Value=i-046148bc Key=InstanceName,Value=internetds_epolicy_app03 Key=PurgeAfterFE,Value=1481047801 Key=PurgeAllow,Value=true Key=Volume,Value=vol-db165346 Key=Created,Value=1478455801
INSTANCE i-056148bd
INSTANCE NAME: internetds_epolicy_app04
Tagging Snapshot snap-c57446f6 with the following Tags: Key=CreatedBy,Value=ec2-automate-backup Key=InstanceId,Value=i-056148bd Key=InstanceName,Value=internetds_epolicy_app04 Key=PurgeAfterFE,Value=1481047801 Key=PurgeAllow,Value=true Key=Volume,Value=vol-fd165360 Key=Created,Value=1478455801
INSTANCE i-056148bd
INSTANCE NAME: internetds_epolicy_app04
Tagging Snapshot snap-eae6a6e4 with the following Tags: Key=CreatedBy,Value=ec2-automate-backup Key=InstanceId,Value=i-056148bd Key=InstanceName,Value=internetds_epolicy_app04 Key=PurgeAfterFE,Value=1481047801 Key=PurgeAllow,Value=true Key=Volume,Value=vol-e4165379 Key=Created,Value=1478455801
INSTANCE i-51634ae9
INSTANCE NAME: internetds_dmz_email02
Tagging Snapshot snap-9aaf86a9 with the following Tags: Key=CreatedBy,Value=ec2-automate-backup Key=InstanceId,Value=i-51634ae9 Key=InstanceName,Value=internetds_dmz_email02 Key=PurgeAfterFE,Value=1481047801 Key=PurgeAllow,Value=true Key=Volume,Value=vol-b210552f Key=Created,Value=1478455801
INSTANCE i-51634ae9
INSTANCE NAME: internetds_dmz_email02
Tagging Snapshot snap-a9f7d89a with the following Tags: Key=CreatedBy,Value=ec2-automate-backup Key=InstanceId,Value=i-51634ae9 Key=InstanceName,Value=internetds_dmz_email02 Key=PurgeAfterFE,Value=1481047801 Key=PurgeAllow,Value=true Key=Volume,Value=vol-d9105544 Key=Created,Value=1478455801
INSTANCE i-1f577ea7
INSTANCE NAME: abfinance_95569_db02
Tagging Snapshot snap-e10b35d2 with the following Tags: Key=CreatedBy,Value=ec2-automate-backup Key=InstanceId,Value=i-1f577ea7 Key=InstanceName,Value=abfinance_95569_db02 Key=PurgeAfterFE,Value=1481047801 Key=PurgeAllow,Value=true Key=Volume,Value=vol-1766238a Key=Created,Value=1478455801
INSTANCE i-1f577ea7
INSTANCE NAME: abfinance_95569_db02
Tagging Snapshot snap-01f0cd32 with the following Tags: Key=CreatedBy,Value=ec2-automate-backup Key=InstanceId,Value=i-1f577ea7 Key=InstanceName,Value=abfinance_95569_db02 Key=PurgeAfterFE,Value=1481047801 Key=PurgeAllow,Value=true Key=Volume,Value=vol-7d6623e0 Key=Created,Value=1478455801
INSTANCE i-9e685ba6
INSTANCE NAME: abfinance_lcb_webview02
Tagging Snapshot snap-7ef1de4d with the following Tags: Key=CreatedBy,Value=ec2-automate-backup Key=InstanceId,Value=i-9e685ba6 Key=InstanceName,Value=abfinance_lcb_webview02 Key=PurgeAfterFE,Value=1481047801 Key=PurgeAllow,Value=true Key=Volume,Value=vol-81153804 Key=Created,Value=1478455801
INSTANCE i-89685bb1
INSTANCE NAME: abfinance_lcb_webview01
Tagging Snapshot snap-14725c27 with the following Tags: Key=CreatedBy,Value=ec2-automate-backup Key=InstanceId,Value=i-89685bb1 Key=InstanceName,Value=abfinance_lcb_webview01 Key=PurgeAfterFE,Value=1481047801 Key=PurgeAllow,Value=true Key=Volume,Value=vol-9e15381b Key=Created,Value=1478455801
INSTANCE i-b8685b80
INSTANCE NAME: abfinance_nat01
Tagging Snapshot snap-688dbd5b with the following Tags: Key=CreatedBy,Value=ec2-automate-backup Key=InstanceId,Value=i-b8685b80 Key=InstanceName,Value=abfinance_nat01 Key=PurgeAfterFE,Value=1481047801 Key=PurgeAllow,Value=true Key=Volume,Value=vol-a7153822 Key=Created,Value=1478455801
INSTANCE i-9e685ba6
INSTANCE NAME: abfinance_lcb_webview02
Tagging Snapshot snap-acf3d09f with the following Tags: Key=CreatedBy,Value=ec2-automate-backup Key=InstanceId,Value=i-9e685ba6 Key=InstanceName,Value=abfinance_lcb_webview02 Key=PurgeAfterFE,Value=1481047801 Key=PurgeAllow,Value=true Key=Volume,Value=vol-d0153855 Key=Created,Value=1478455801
INSTANCE i-89685bb1
INSTANCE NAME: abfinance_lcb_webview01
Tagging Snapshot snap-31871f39 with the following Tags: Key=CreatedBy,Value=ec2-automate-backup Key=InstanceId,Value=i-89685bb1 Key=InstanceName,Value=abfinance_lcb_webview01 Key=PurgeAfterFE,Value=1481047801 Key=PurgeAllow,Value=true Key=Volume,Value=vol-e6153863 Key=Created,Value=1478455801
INSTANCE i-41685b79
INSTANCE NAME: abfinance_lcb_production01
Tagging Snapshot snap-5b89aa68 with the following Tags: Key=CreatedBy,Value=ec2-automate-backup Key=InstanceId,Value=i-41685b79 Key=InstanceName,Value=abfinance_lcb_production01 Key=PurgeAfterFE,Value=1481047801 Key=PurgeAllow,Value=true Key=Volume,Value=vol-2a1439af Key=Created,Value=1478455801
INSTANCE i-54685b6c
INSTANCE NAME: abfinance_lcb_sales01
Tagging Snapshot snap-1347ace2 with the following Tags: Key=CreatedBy,Value=ec2-automate-backup Key=InstanceId,Value=i-54685b6c Key=InstanceName,Value=abfinance_lcb_sales01 Key=PurgeAfterFE,Value=1481047801 Key=PurgeAllow,Value=true Key=Volume,Value=vol-411439c4 Key=Created,Value=1478455801
INSTANCE i-41685b79
INSTANCE NAME: abfinance_lcb_production01
Tagging Snapshot snap-4368234d with the following Tags: Key=CreatedBy,Value=ec2-automate-backup Key=InstanceId,Value=i-41685b79 Key=InstanceName,Value=abfinance_lcb_production01 Key=PurgeAfterFE,Value=1481047801 Key=PurgeAllow,Value=true Key=Volume,Value=vol-4d1439c8 Key=Created,Value=1478455801
INSTANCE i-54685b6c
INSTANCE NAME: abfinance_lcb_sales01
Tagging Snapshot snap-964261a5 with the following Tags: Key=CreatedBy,Value=ec2-automate-backup Key=InstanceId,Value=i-54685b6c Key=InstanceName,Value=abfinance_lcb_sales01 Key=PurgeAfterFE,Value=1481047801 Key=PurgeAllow,Value=true Key=Volume,Value=vol-82173a07 Key=Created,Value=1478455801
INSTANCE i-ef6c5fd7
INSTANCE NAME: abfinance_fileshare01
Tagging Snapshot snap-863810b5 with the following Tags: Key=CreatedBy,Value=ec2-automate-backup Key=InstanceId,Value=i-ef6c5fd7 Key=InstanceName,Value=abfinance_fileshare01 Key=PurgeAfterFE,Value=1481047801 Key=PurgeAllow,Value=true Key=Volume,Value=vol-07133e82 Key=Created,Value=1478455801
INSTANCE i-ef6c5fd7
INSTANCE NAME: abfinance_fileshare01
Tagging Snapshot snap-9384afa0 with the following Tags: Key=CreatedBy,Value=ec2-automate-backup Key=InstanceId,Value=i-ef6c5fd7 Key=InstanceName,Value=abfinance_fileshare01 Key=PurgeAfterFE,Value=1481047801 Key=PurgeAllow,Value=true Key=Volume,Value=vol-4d133ec8 Key=Created,Value=1478455801
INSTANCE i-b652618e
INSTANCE NAME: abfinance_95569_app04
Tagging Snapshot snap-21547612 with the following Tags: Key=CreatedBy,Value=ec2-automate-backup Key=InstanceId,Value=i-b652618e Key=InstanceName,Value=abfinance_95569_app04 Key=PurgeAfterFE,Value=1481047801 Key=PurgeAllow,Value=true Key=Volume,Value=vol-80efc205 Key=Created,Value=1478455801
INSTANCE i-bb526183
INSTANCE NAME: abfinance_95569_app09
Tagging Snapshot snap-d8c0f1eb with the following Tags: Key=CreatedBy,Value=ec2-automate-backup Key=InstanceId,Value=i-bb526183 Key=InstanceName,Value=abfinance_95569_app09 Key=PurgeAfterFE,Value=1481047801 Key=PurgeAllow,Value=true Key=Volume,Value=vol-d1efc254 Key=Created,Value=1478455801
INSTANCE i-bf526187
INSTANCE NAME: abfinance_95569_app13
Tagging Snapshot snap-17426424 with the following Tags: Key=CreatedBy,Value=ec2-automate-backup Key=InstanceId,Value=i-bf526187 Key=InstanceName,Value=abfinance_95569_app13 Key=PurgeAfterFE,Value=1481047801 Key=PurgeAllow,Value=true Key=Volume,Value=vol-e0efc265 Key=Created,Value=1478455801
INSTANCE i-bf526187
INSTANCE NAME: abfinance_95569_app13
Tagging Snapshot snap-61c7f952 with the following Tags: Key=CreatedBy,Value=ec2-automate-backup Key=InstanceId,Value=i-bf526187 Key=InstanceName,Value=abfinance_95569_app13 Key=PurgeAfterFE,Value=1481047801 Key=PurgeAllow,Value=true Key=Volume,Value=vol-e3efc266 Key=Created,Value=1478455801
INSTANCE i-a352619b
INSTANCE NAME: abfinance_95569_app03
Tagging Snapshot snap-00cbed33 with the following Tags: Key=CreatedBy,Value=ec2-automate-backup Key=InstanceId,Value=i-a352619b Key=InstanceName,Value=abfinance_95569_app03 Key=PurgeAfterFE,Value=1481047801 Key=PurgeAllow,Value=true Key=Volume,Value=vol-f0efc275 Key=Created,Value=1478455801
INSTANCE i-b752618f
INSTANCE NAME: abfinance_95569_app05
Tagging Snapshot snap-3b6b5d08 with the following Tags: Key=CreatedBy,Value=ec2-automate-backup Key=InstanceId,Value=i-b752618f Key=InstanceName,Value=abfinance_95569_app05 Key=PurgeAfterFE,Value=1481047801 Key=PurgeAllow,Value=true Key=Volume,Value=vol-15efc290 Key=Created,Value=1478455801
INSTANCE i-a1526199
INSTANCE NAME: abfinance_95569_app02
Tagging Snapshot snap-3ddfd432 with the following Tags: Key=CreatedBy,Value=ec2-automate-backup Key=InstanceId,Value=i-a1526199 Key=InstanceName,Value=abfinance_95569_app02 Key=PurgeAfterFE,Value=1481047801 Key=PurgeAllow,Value=true Key=Volume,Value=vol-14efc291 Key=Created,Value=1478455801
INSTANCE i-bb526183
INSTANCE NAME: abfinance_95569_app09
Tagging Snapshot snap-d90ef0d8 with the following Tags: Key=CreatedBy,Value=ec2-automate-backup Key=InstanceId,Value=i-bb526183 Key=InstanceName,Value=abfinance_95569_app09 Key=PurgeAfterFE,Value=1481047801 Key=PurgeAllow,Value=true Key=Volume,Value=vol-17efc292 Key=Created,Value=1478455801
INSTANCE i-a1526199
INSTANCE NAME: abfinance_95569_app02
Tagging Snapshot snap-0acf5502 with the following Tags: Key=CreatedBy,Value=ec2-automate-backup Key=InstanceId,Value=i-a1526199 Key=InstanceName,Value=abfinance_95569_app02 Key=PurgeAfterFE,Value=1481047801 Key=PurgeAllow,Value=true Key=Volume,Value=vol-16efc293 Key=Created,Value=1478455801
INSTANCE i-b8526180
INSTANCE NAME: abfinance_95569_app06
Tagging Snapshot snap-cba08af8 with the following Tags: Key=CreatedBy,Value=ec2-automate-backup Key=InstanceId,Value=i-b8526180 Key=InstanceName,Value=abfinance_95569_app06 Key=PurgeAfterFE,Value=1481047801 Key=PurgeAllow,Value=true Key=Volume,Value=vol-11efc294 Key=Created,Value=1478455801
INSTANCE i-bc526184
INSTANCE NAME: abfinance_95569_app10
Tagging Snapshot snap-121f2121 with the following Tags: Key=CreatedBy,Value=ec2-automate-backup Key=InstanceId,Value=i-bc526184 Key=InstanceName,Value=abfinance_95569_app10 Key=PurgeAfterFE,Value=1481047801 Key=PurgeAllow,Value=true Key=Volume,Value=vol-10efc295 Key=Created,Value=1478455801
INSTANCE i-b8526180
INSTANCE NAME: abfinance_95569_app06
Tagging Snapshot snap-a4330597 with the following Tags: Key=CreatedBy,Value=ec2-automate-backup Key=InstanceId,Value=i-b8526180 Key=InstanceName,Value=abfinance_95569_app06 Key=PurgeAfterFE,Value=1481047801 Key=PurgeAllow,Value=true Key=Volume,Value=vol-13efc296 Key=Created,Value=1478455801
INSTANCE i-bc526184
INSTANCE NAME: abfinance_95569_app10
Tagging Snapshot snap-1789bd24 with the following Tags: Key=CreatedBy,Value=ec2-automate-backup Key=InstanceId,Value=i-bc526184 Key=InstanceName,Value=abfinance_95569_app10 Key=PurgeAfterFE,Value=1481047801 Key=PurgeAllow,Value=true Key=Volume,Value=vol-12efc297 Key=Created,Value=1478455801
INSTANCE i-ba526182
INSTANCE NAME: abfinance_95569_app08
Tagging Snapshot snap-a62d1d95 with the following Tags: Key=CreatedBy,Value=ec2-automate-backup Key=InstanceId,Value=i-ba526182 Key=InstanceName,Value=abfinance_95569_app08 Key=PurgeAfterFE,Value=1481047801 Key=PurgeAllow,Value=true Key=Volume,Value=vol-19efc29c Key=Created,Value=1478455801
INSTANCE i-b9526181
INSTANCE NAME: abfinance_95569_app07
Tagging Snapshot snap-0d5f2a06 with the following Tags: Key=CreatedBy,Value=ec2-automate-backup Key=InstanceId,Value=i-b9526181 Key=InstanceName,Value=abfinance_95569_app07 Key=PurgeAfterFE,Value=1481047801 Key=PurgeAllow,Value=true Key=Volume,Value=vol-18efc29d Key=Created,Value=1478455801
INSTANCE i-ba526182
INSTANCE NAME: abfinance_95569_app08
Tagging Snapshot snap-fce0d5cf with the following Tags: Key=CreatedBy,Value=ec2-automate-backup Key=InstanceId,Value=i-ba526182 Key=InstanceName,Value=abfinance_95569_app08 Key=PurgeAfterFE,Value=1481047801 Key=PurgeAllow,Value=true Key=Volume,Value=vol-3fefc2ba Key=Created,Value=1478455801
INSTANCE i-b752618f
INSTANCE NAME: abfinance_95569_app05
Tagging Snapshot snap-61c1e652 with the following Tags: Key=CreatedBy,Value=ec2-automate-backup Key=InstanceId,Value=i-b752618f Key=InstanceName,Value=abfinance_95569_app05 Key=PurgeAfterFE,Value=1481047801 Key=PurgeAllow,Value=true Key=Volume,Value=vol-3eefc2bb Key=Created,Value=1478455801
INSTANCE i-bd526185
INSTANCE NAME: abfinance_95569_app11
Tagging Snapshot snap-cec9e8fd with the following Tags: Key=CreatedBy,Value=ec2-automate-backup Key=InstanceId,Value=i-bd526185 Key=InstanceName,Value=abfinance_95569_app11 Key=PurgeAfterFE,Value=1481047801 Key=PurgeAllow,Value=true Key=Volume,Value=vol-39efc2bc Key=Created,Value=1478455801
INSTANCE i-be526186
INSTANCE NAME: abfinance_95569_app12
Tagging Snapshot snap-5ef8c56d with the following Tags: Key=CreatedBy,Value=ec2-automate-backup Key=InstanceId,Value=i-be526186 Key=InstanceName,Value=abfinance_95569_app12 Key=PurgeAfterFE,Value=1481047801 Key=PurgeAllow,Value=true Key=Volume,Value=vol-38efc2bd Key=Created,Value=1478455801
INSTANCE i-bd526185
INSTANCE NAME: abfinance_95569_app11
Tagging Snapshot snap-07b09c34 with the following Tags: Key=CreatedBy,Value=ec2-automate-backup Key=InstanceId,Value=i-bd526185 Key=InstanceName,Value=abfinance_95569_app11 Key=PurgeAfterFE,Value=1481047801 Key=PurgeAllow,Value=true Key=Volume,Value=vol-3befc2be Key=Created,Value=1478455801
INSTANCE i-a352619b
INSTANCE NAME: abfinance_95569_app03
Tagging Snapshot snap-475b6c74 with the following Tags: Key=CreatedBy,Value=ec2-automate-backup Key=InstanceId,Value=i-a352619b Key=InstanceName,Value=abfinance_95569_app03 Key=PurgeAfterFE,Value=1481047801 Key=PurgeAllow,Value=true Key=Volume,Value=vol-3aefc2bf Key=Created,Value=1478455801
INSTANCE i-b9526181
INSTANCE NAME: abfinance_95569_app07
Tagging Snapshot snap-4a80b779 with the following Tags: Key=CreatedBy,Value=ec2-automate-backup Key=InstanceId,Value=i-b9526181 Key=InstanceName,Value=abfinance_95569_app07 Key=PurgeAfterFE,Value=1481047801 Key=PurgeAllow,Value=true Key=Volume,Value=vol-40efc2c5 Key=Created,Value=1478455801
INSTANCE i-b652618e
INSTANCE NAME: abfinance_95569_app04
Tagging Snapshot snap-8389a9b0 with the following Tags: Key=CreatedBy,Value=ec2-automate-backup Key=InstanceId,Value=i-b652618e Key=InstanceName,Value=abfinance_95569_app04 Key=PurgeAfterFE,Value=1481047801 Key=PurgeAllow,Value=true Key=Volume,Value=vol-43efc2c6 Key=Created,Value=1478455801
INSTANCE i-be526186
INSTANCE NAME: abfinance_95569_app12
Tagging Snapshot snap-e9ffd7da with the following Tags: Key=CreatedBy,Value=ec2-automate-backup Key=InstanceId,Value=i-be526186 Key=InstanceName,Value=abfinance_95569_app12 Key=PurgeAfterFE,Value=1481047801 Key=PurgeAllow,Value=true Key=Volume,Value=vol-42efc2c7 Key=Created,Value=1478455801
INSTANCE i-a0526198
INSTANCE NAME: abfinance_95569_app01
Tagging Snapshot snap-21d4fe12 with the following Tags: Key=CreatedBy,Value=ec2-automate-backup Key=InstanceId,Value=i-a0526198 Key=InstanceName,Value=abfinance_95569_app01 Key=PurgeAfterFE,Value=1481047801 Key=PurgeAllow,Value=true Key=Volume,Value=vol-4defc2c8 Key=Created,Value=1478455801
INSTANCE i-a0526198
INSTANCE NAME: abfinance_95569_app01
Tagging Snapshot snap-67eade54 with the following Tags: Key=CreatedBy,Value=ec2-automate-backup Key=InstanceId,Value=i-a0526198 Key=InstanceName,Value=abfinance_95569_app01 Key=PurgeAfterFE,Value=1481047801 Key=PurgeAllow,Value=true Key=Volume,Value=vol-0bbc918e Key=Created,Value=1478455801
INSTANCE i-d8615ce0
INSTANCE NAME: abfinance_db01
Tagging Snapshot snap-e3f5d4d0 with the following Tags: Key=CreatedBy,Value=ec2-automate-backup Key=InstanceId,Value=i-d8615ce0 Key=InstanceName,Value=abfinance_db01 Key=PurgeAfterFE,Value=1481047801 Key=PurgeAllow,Value=true Key=Volume,Value=vol-5d6940d8 Key=Created,Value=1478455801
INSTANCE i-d8615ce0
INSTANCE NAME: abfinance_db01
Tagging Snapshot snap-28f6d91b with the following Tags: Key=CreatedBy,Value=ec2-automate-backup Key=InstanceId,Value=i-d8615ce0 Key=InstanceName,Value=abfinance_db01 Key=PurgeAfterFE,Value=1481047801 Key=PurgeAllow,Value=true Key=Volume,Value=vol-7f6940fa Key=Created,Value=1478455801
INSTANCE i-171d202f
INSTANCE NAME: mgmt_bastion01
Tagging Snapshot snap-b41e2b87 with the following Tags: Key=CreatedBy,Value=ec2-automate-backup Key=InstanceId,Value=i-171d202f Key=InstanceName,Value=mgmt_bastion01 Key=PurgeAfterFE,Value=1481047801 Key=PurgeAllow,Value=true Key=Volume,Value=vol-233d14a6 Key=Created,Value=1478455801
INSTANCE i-81d9e4b9
INSTANCE NAME: abfinance_lcb_admin01
Tagging Snapshot snap-5f5b666c with the following Tags: Key=CreatedBy,Value=ec2-automate-backup Key=InstanceId,Value=i-81d9e4b9 Key=InstanceName,Value=abfinance_lcb_admin01 Key=PurgeAfterFE,Value=1481047801 Key=PurgeAllow,Value=true Key=Volume,Value=vol-e9d2fb6c Key=Created,Value=1478455801
INSTANCE i-81d9e4b9
INSTANCE NAME: abfinance_lcb_admin01
Tagging Snapshot snap-edfccede with the following Tags: Key=CreatedBy,Value=ec2-automate-backup Key=InstanceId,Value=i-81d9e4b9 Key=InstanceName,Value=abfinance_lcb_admin01 Key=PurgeAfterFE,Value=1481047801 Key=PurgeAllow,Value=true Key=Volume,Value=vol-36d2fbb3 Key=Created,Value=1478455801
INSTANCE i-15dfe02d
INSTANCE NAME: abfinance_top20_ubuntu_app1
Tagging Snapshot snap-82e3c1b1 with the following Tags: Key=CreatedBy,Value=ec2-automate-backup Key=InstanceId,Value=i-15dfe02d Key=InstanceName,Value=abfinance_top20_ubuntu_app1 Key=PurgeAfterFE,Value=1481047801 Key=PurgeAllow,Value=true Key=Volume,Value=vol-323702b7 Key=Created,Value=1478455801
INSTANCE i-1adfe022
INSTANCE NAME: abfinance_top20_ubuntu_app2
Tagging Snapshot snap-e7936d16 with the following Tags: Key=CreatedBy,Value=ec2-automate-backup Key=InstanceId,Value=i-1adfe022 Key=InstanceName,Value=abfinance_top20_ubuntu_app2 Key=PurgeAfterFE,Value=1481047801 Key=PurgeAllow,Value=true Key=Volume,Value=vol-7b3702fe Key=Created,Value=1478455801
INSTANCE i-1adfe022
INSTANCE NAME: abfinance_top20_ubuntu_app2
Tagging Snapshot snap-38934e44 with the following Tags: Key=CreatedBy,Value=ec2-automate-backup Key=InstanceId,Value=i-1adfe022 Key=InstanceName,Value=abfinance_top20_ubuntu_app2 Key=PurgeAfterFE,Value=1481047801 Key=PurgeAllow,Value=true Key=Volume,Value=vol-7a3702ff Key=Created,Value=1478455801
INSTANCE i-15dfe02d
INSTANCE NAME: abfinance_top20_ubuntu_app1
Tagging Snapshot snap-d03815e3 with the following Tags: Key=CreatedBy,Value=ec2-automate-backup Key=InstanceId,Value=i-15dfe02d Key=InstanceName,Value=abfinance_top20_ubuntu_app1 Key=PurgeAfterFE,Value=1481047801 Key=PurgeAllow,Value=true Key=Volume,Value=vol-85360300 Key=Created,Value=1478455801
INSTANCE i-b0dee188
INSTANCE NAME: abfinance_top20_ubuntu_db1
Tagging Snapshot snap-1c53712f with the following Tags: Key=CreatedBy,Value=ec2-automate-backup Key=InstanceId,Value=i-b0dee188 Key=InstanceName,Value=abfinance_top20_ubuntu_db1 Key=PurgeAfterFE,Value=1481047801 Key=PurgeAllow,Value=true Key=Volume,Value=vol-8a31040f Key=Created,Value=1478455801
INSTANCE i-b0dee188
INSTANCE NAME: abfinance_top20_ubuntu_db1
Tagging Snapshot snap-7cb1974f with the following Tags: Key=CreatedBy,Value=ec2-automate-backup Key=InstanceId,Value=i-b0dee188 Key=InstanceName,Value=abfinance_top20_ubuntu_db1 Key=PurgeAfterFE,Value=1481047801 Key=PurgeAllow,Value=true Key=Volume,Value=vol-1b31049e Key=Created,Value=1478455801
INSTANCE i-b0dee188
INSTANCE NAME: abfinance_top20_ubuntu_db1
Tagging Snapshot snap-5fcd3bae with the following Tags: Key=CreatedBy,Value=ec2-automate-backup Key=InstanceId,Value=i-b0dee188 Key=InstanceName,Value=abfinance_top20_ubuntu_db1 Key=PurgeAfterFE,Value=1481047801 Key=PurgeAllow,Value=true Key=Volume,Value=vol-1a31049f Key=Created,Value=1478455801
INSTANCE i-8099a6b8
INSTANCE NAME: internetds_dmz_nginx01
Tagging Snapshot snap-2bcce418 with the following Tags: Key=CreatedBy,Value=ec2-automate-backup Key=InstanceId,Value=i-8099a6b8 Key=InstanceName,Value=internetds_dmz_nginx01 Key=PurgeAfterFE,Value=1481047801 Key=PurgeAllow,Value=true Key=Volume,Value=vol-88c6f30d Key=Created,Value=1478455801
INSTANCE i-8099a6b8
INSTANCE NAME: internetds_dmz_nginx01
Tagging Snapshot snap-8abf8eb9 with the following Tags: Key=CreatedBy,Value=ec2-automate-backup Key=InstanceId,Value=i-8099a6b8 Key=InstanceName,Value=internetds_dmz_nginx01 Key=PurgeAfterFE,Value=1481047801 Key=PurgeAllow,Value=true Key=Volume,Value=vol-a7c6f322 Key=Created,Value=1478455801
INSTANCE i-a794ab9f
INSTANCE NAME: internetds_front_nginx01
Tagging Snapshot snap-d36055e0 with the following Tags: Key=CreatedBy,Value=ec2-automate-backup Key=InstanceId,Value=i-a794ab9f Key=InstanceName,Value=internetds_front_nginx01 Key=PurgeAfterFE,Value=1481047801 Key=PurgeAllow,Value=true Key=Volume,Value=vol-b8ccf93d Key=Created,Value=1478455801
INSTANCE i-a794ab9f
INSTANCE NAME: internetds_front_nginx01
Tagging Snapshot snap-4f34bf43 with the following Tags: Key=CreatedBy,Value=ec2-automate-backup Key=InstanceId,Value=i-a794ab9f Key=InstanceName,Value=internetds_front_nginx01 Key=PurgeAfterFE,Value=1481047801 Key=PurgeAllow,Value=true Key=Volume,Value=vol-cfccf94a Key=Created,Value=1478455801
INSTANCE i-0194ab39
INSTANCE NAME: internetds_front_zkp_app01
Tagging Snapshot snap-af5c769c with the following Tags: Key=CreatedBy,Value=ec2-automate-backup Key=InstanceId,Value=i-0194ab39 Key=InstanceName,Value=internetds_front_zkp_app01 Key=PurgeAfterFE,Value=1481047801 Key=PurgeAllow,Value=true Key=Volume,Value=vol-33ccf9b6 Key=Created,Value=1478455801
INSTANCE i-0194ab39
INSTANCE NAME: internetds_front_zkp_app01
Tagging Snapshot snap-987950ab with the following Tags: Key=CreatedBy,Value=ec2-automate-backup Key=InstanceId,Value=i-0194ab39 Key=InstanceName,Value=internetds_front_zkp_app01 Key=PurgeAfterFE,Value=1481047801 Key=PurgeAllow,Value=true Key=Volume,Value=vol-c1cffa44 Key=Created,Value=1478455801
INSTANCE i-d187b8e9
INSTANCE NAME: internetds_front_dsjr_app01
Tagging Snapshot snap-0504faf4 with the following Tags: Key=CreatedBy,Value=ec2-automate-backup Key=InstanceId,Value=i-d187b8e9 Key=InstanceName,Value=internetds_front_dsjr_app01 Key=PurgeAfterFE,Value=1481047801 Key=PurgeAllow,Value=true Key=Volume,Value=vol-e4b98c61 Key=Created,Value=1478455801
INSTANCE i-9c87b8a4
INSTANCE NAME: internetds_life_jsyq_app01
Tagging Snapshot snap-012c1232 with the following Tags: Key=CreatedBy,Value=ec2-automate-backup Key=InstanceId,Value=i-9c87b8a4 Key=InstanceName,Value=internetds_life_jsyq_app01 Key=PurgeAfterFE,Value=1481047801 Key=PurgeAllow,Value=true Key=Volume,Value=vol-f3b98c76 Key=Created,Value=1478455801
INSTANCE i-9c87b8a4
INSTANCE NAME: internetds_life_jsyq_app01
Tagging Snapshot snap-a95a699a with the following Tags: Key=CreatedBy,Value=ec2-automate-backup Key=InstanceId,Value=i-9c87b8a4 Key=InstanceName,Value=internetds_life_jsyq_app01 Key=PurgeAfterFE,Value=1481047801 Key=PurgeAllow,Value=true Key=Volume,Value=vol-f2b98c77 Key=Created,Value=1478455801
INSTANCE i-0187b839
INSTANCE NAME: internetds_life_bdgl_app01
Tagging Snapshot snap-94d5fba7 with the following Tags: Key=CreatedBy,Value=ec2-automate-backup Key=InstanceId,Value=i-0187b839 Key=InstanceName,Value=internetds_life_bdgl_app01 Key=PurgeAfterFE,Value=1481047801 Key=PurgeAllow,Value=true Key=Volume,Value=vol-00b98c85 Key=Created,Value=1478455801
INSTANCE i-d187b8e9
INSTANCE NAME: internetds_front_dsjr_app01
Tagging Snapshot snap-c35d7df0 with the following Tags: Key=CreatedBy,Value=ec2-automate-backup Key=InstanceId,Value=i-d187b8e9 Key=InstanceName,Value=internetds_front_dsjr_app01 Key=PurgeAfterFE,Value=1481047801 Key=PurgeAllow,Value=true Key=Volume,Value=vol-0cb98c89 Key=Created,Value=1478455801
INSTANCE i-1786b92f
INSTANCE NAME: internetds_front_mq_app01
Tagging Snapshot snap-1a270e29 with the following Tags: Key=CreatedBy,Value=ec2-automate-backup Key=InstanceId,Value=i-1786b92f Key=InstanceName,Value=internetds_front_mq_app01 Key=PurgeAfterFE,Value=1481047801 Key=PurgeAllow,Value=true Key=Volume,Value=vol-0fb98c8a Key=Created,Value=1478455801
INSTANCE i-1186b929
INSTANCE NAME: internetds_life_xqyhb_app01
Tagging Snapshot snap-ba496789 with the following Tags: Key=CreatedBy,Value=ec2-automate-backup Key=InstanceId,Value=i-1186b929 Key=InstanceName,Value=internetds_life_xqyhb_app01 Key=PurgeAfterFE,Value=1481047801 Key=PurgeAllow,Value=true Key=Volume,Value=vol-56b98cd3 Key=Created,Value=1478455801
INSTANCE i-0a87b832
INSTANCE NAME: internetds_life_bq_app01
Tagging Snapshot snap-cc3a06ff with the following Tags: Key=CreatedBy,Value=ec2-automate-backup Key=InstanceId,Value=i-0a87b832 Key=InstanceName,Value=internetds_life_bq_app01 Key=PurgeAfterFE,Value=1481047801 Key=PurgeAllow,Value=true Key=Volume,Value=vol-6cb98ce9 Key=Created,Value=1478455801
INSTANCE i-0187b839
INSTANCE NAME: internetds_life_bdgl_app01
Tagging Snapshot snap-5f536f6c with the following Tags: Key=CreatedBy,Value=ec2-automate-backup Key=InstanceId,Value=i-0187b839 Key=InstanceName,Value=internetds_life_bdgl_app01 Key=PurgeAfterFE,Value=1481047801 Key=PurgeAllow,Value=true Key=Volume,Value=vol-80b88d05 Key=Created,Value=1478455801
INSTANCE i-0a87b832
INSTANCE NAME: internetds_life_bq_app01
Tagging Snapshot snap-fba588c8 with the following Tags: Key=CreatedBy,Value=ec2-automate-backup Key=InstanceId,Value=i-0a87b832 Key=InstanceName,Value=internetds_life_bq_app01 Key=PurgeAfterFE,Value=1481047801 Key=PurgeAllow,Value=true Key=Volume,Value=vol-89b88d0c Key=Created,Value=1478455801
INSTANCE i-1186b929
INSTANCE NAME: internetds_life_xqyhb_app01
Tagging Snapshot snap-02bf8f31 with the following Tags: Key=CreatedBy,Value=ec2-automate-backup Key=InstanceId,Value=i-1186b929 Key=InstanceName,Value=internetds_life_xqyhb_app01 Key=PurgeAfterFE,Value=1481047801 Key=PurgeAllow,Value=true Key=Volume,Value=vol-a7b88d22 Key=Created,Value=1478455801
INSTANCE i-1786b92f
INSTANCE NAME: internetds_front_mq_app01
Tagging Snapshot snap-aea4969d with the following Tags: Key=CreatedBy,Value=ec2-automate-backup Key=InstanceId,Value=i-1786b92f Key=InstanceName,Value=internetds_front_mq_app01 Key=PurgeAfterFE,Value=1481047801 Key=PurgeAllow,Value=true Key=Volume,Value=vol-a1b88d24 Key=Created,Value=1478455801
INSTANCE i-d75967ef
INSTANCE NAME: internetds_opsmon_app01
Tagging Snapshot snap-e6e8c8d5 with the following Tags: Key=CreatedBy,Value=ec2-automate-backup Key=InstanceId,Value=i-d75967ef Key=InstanceName,Value=internetds_opsmon_app01 Key=PurgeAfterFE,Value=1481047801 Key=PurgeAllow,Value=true Key=Volume,Value=vol-3d695db8 Key=Created,Value=1478455801
INSTANCE i-d75967ef
INSTANCE NAME: internetds_opsmon_app01
Tagging Snapshot snap-47d38e4f with the following Tags: Key=CreatedBy,Value=ec2-automate-backup Key=InstanceId,Value=i-d75967ef Key=InstanceName,Value=internetds_opsmon_app01 Key=PurgeAfterFE,Value=1481047801 Key=PurgeAllow,Value=true Key=Volume,Value=vol-9c6a5e19 Key=Created,Value=1478455801
INSTANCE i-dc5967e4
INSTANCE NAME: internetds_opsmon_MongoDB01
Tagging Snapshot snap-70a28e43 with the following Tags: Key=CreatedBy,Value=ec2-automate-backup Key=InstanceId,Value=i-dc5967e4 Key=InstanceName,Value=internetds_opsmon_MongoDB01 Key=PurgeAfterFE,Value=1481047801 Key=PurgeAllow,Value=true Key=Volume,Value=vol-aa6a5e2f Key=Created,Value=1478455801
INSTANCE i-de5967e6
INSTANCE NAME: internetds_opsmon_MongoDB03
Tagging Snapshot snap-65754656 with the following Tags: Key=CreatedBy,Value=ec2-automate-backup Key=InstanceId,Value=i-de5967e6 Key=InstanceName,Value=internetds_opsmon_MongoDB03 Key=PurgeAfterFE,Value=1481047801 Key=PurgeAllow,Value=true Key=Volume,Value=vol-db6a5e5e Key=Created,Value=1478455801
INSTANCE i-10566828
INSTANCE NAME: internetds_opsmon_DB01
Tagging Snapshot snap-88416abb with the following Tags: Key=CreatedBy,Value=ec2-automate-backup Key=InstanceId,Value=i-10566828 Key=InstanceName,Value=internetds_opsmon_DB01 Key=PurgeAfterFE,Value=1481047801 Key=PurgeAllow,Value=true Key=Volume,Value=vol-e26a5e67 Key=Created,Value=1478455801
INSTANCE i-dd5967e5
INSTANCE NAME: internetds_opsmon_MongoDB02
Tagging Snapshot snap-99566faa with the following Tags: Key=CreatedBy,Value=ec2-automate-backup Key=InstanceId,Value=i-dd5967e5 Key=InstanceName,Value=internetds_opsmon_MongoDB02 Key=PurgeAfterFE,Value=1481047801 Key=PurgeAllow,Value=true Key=Volume,Value=vol-e86a5e6d Key=Created,Value=1478455801
INSTANCE i-dc5967e4
INSTANCE NAME: internetds_opsmon_MongoDB01
Tagging Snapshot snap-7df5c64e with the following Tags: Key=CreatedBy,Value=ec2-automate-backup Key=InstanceId,Value=i-dc5967e4 Key=InstanceName,Value=internetds_opsmon_MongoDB01 Key=PurgeAfterFE,Value=1481047801 Key=PurgeAllow,Value=true Key=Volume,Value=vol-0d6a5e88 Key=Created,Value=1478455801
INSTANCE i-de5967e6
INSTANCE NAME: internetds_opsmon_MongoDB03
Tagging Snapshot snap-9fae93ac with the following Tags: Key=CreatedBy,Value=ec2-automate-backup Key=InstanceId,Value=i-de5967e6 Key=InstanceName,Value=internetds_opsmon_MongoDB03 Key=PurgeAfterFE,Value=1481047801 Key=PurgeAllow,Value=true Key=Volume,Value=vol-196a5e9c Key=Created,Value=1478455801
INSTANCE i-dd5967e5
INSTANCE NAME: internetds_opsmon_MongoDB02
Tagging Snapshot snap-b1f2cf82 with the following Tags: Key=CreatedBy,Value=ec2-automate-backup Key=InstanceId,Value=i-dd5967e5 Key=InstanceName,Value=internetds_opsmon_MongoDB02 Key=PurgeAfterFE,Value=1481047801 Key=PurgeAllow,Value=true Key=Volume,Value=vol-186a5e9d Key=Created,Value=1478455801
INSTANCE i-10566828
INSTANCE NAME: internetds_opsmon_DB01
Tagging Snapshot snap-af47699c with the following Tags: Key=CreatedBy,Value=ec2-automate-backup Key=InstanceId,Value=i-10566828 Key=InstanceName,Value=internetds_opsmon_DB01 Key=PurgeAfterFE,Value=1481047801 Key=PurgeAllow,Value=true Key=Volume,Value=vol-7f6a5efa Key=Created,Value=1478455801
INSTANCE i-985668a0
INSTANCE NAME: internetds_front_yyzc_app01
Tagging Snapshot snap-6f18215c with the following Tags: Key=CreatedBy,Value=ec2-automate-backup Key=InstanceId,Value=i-985668a0 Key=InstanceName,Value=internetds_front_yyzc_app01 Key=PurgeAfterFE,Value=1481047801 Key=PurgeAllow,Value=true Key=Volume,Value=vol-9854601d Key=Created,Value=1478455801
INSTANCE i-985668a0
INSTANCE NAME: internetds_front_yyzc_app01
Tagging Snapshot snap-59795a6a with the following Tags: Key=CreatedBy,Value=ec2-automate-backup Key=InstanceId,Value=i-985668a0 Key=InstanceName,Value=internetds_front_yyzc_app01 Key=PurgeAfterFE,Value=1481047801 Key=PurgeAllow,Value=true Key=Volume,Value=vol-ab54602e Key=Created,Value=1478455801
INSTANCE i-4257697a
INSTANCE NAME: internetds_nat01
Tagging Snapshot snap-a92b089a with the following Tags: Key=CreatedBy,Value=ec2-automate-backup Key=InstanceId,Value=i-4257697a Key=InstanceName,Value=internetds_nat01 Key=PurgeAfterFE,Value=1481047801 Key=PurgeAllow,Value=true Key=Volume,Value=vol-a855612d Key=Created,Value=1478455801
INSTANCE i-3bead403
INSTANCE NAME: internetds_life_xqyhb_app03
Tagging Snapshot snap-c65379f5 with the following Tags: Key=CreatedBy,Value=ec2-automate-backup Key=InstanceId,Value=i-3bead403 Key=InstanceName,Value=internetds_life_xqyhb_app03 Key=PurgeAfterFE,Value=1481047801 Key=PurgeAllow,Value=true Key=Volume,Value=vol-429aaec7 Key=Created,Value=1478455801
INSTANCE i-3bead403
INSTANCE NAME: internetds_life_xqyhb_app03
Tagging Snapshot snap-cf7145fc with the following Tags: Key=CreatedBy,Value=ec2-automate-backup Key=InstanceId,Value=i-3bead403 Key=InstanceName,Value=internetds_life_xqyhb_app03 Key=PurgeAfterFE,Value=1481047801 Key=PurgeAllow,Value=true Key=Volume,Value=vol-d89baf5d Key=Created,Value=1478455801
INSTANCE i-a3e9d79b
INSTANCE NAME: internetds_datax_yc_app01
Tagging Snapshot snap-36014838 with the following Tags: Key=CreatedBy,Value=ec2-automate-backup Key=InstanceId,Value=i-a3e9d79b Key=InstanceName,Value=internetds_datax_yc_app01 Key=PurgeAfterFE,Value=1481047801 Key=PurgeAllow,Value=true Key=Volume,Value=vol-5c87b3d9 Key=Created,Value=1478455801
INSTANCE i-3ce8d604
INSTANCE NAME: internetds_datax_app01
Tagging Snapshot snap-a3d93752 with the following Tags: Key=CreatedBy,Value=ec2-automate-backup Key=InstanceId,Value=i-3ce8d604 Key=InstanceName,Value=internetds_datax_app01 Key=PurgeAfterFE,Value=1481047801 Key=PurgeAllow,Value=true Key=Volume,Value=vol-5f87b3da Key=Created,Value=1478455801
INSTANCE i-3ce8d604
INSTANCE NAME: internetds_datax_app01
Tagging Snapshot snap-895e5a83 with the following Tags: Key=CreatedBy,Value=ec2-automate-backup Key=InstanceId,Value=i-3ce8d604 Key=InstanceName,Value=internetds_datax_app01 Key=PurgeAfterFE,Value=1481047801 Key=PurgeAllow,Value=true Key=Volume,Value=vol-9e80b41b Key=Created,Value=1478455801
INSTANCE i-a3e9d79b
INSTANCE NAME: internetds_datax_yc_app01
Tagging Snapshot snap-207a4313 with the following Tags: Key=CreatedBy,Value=ec2-automate-backup Key=InstanceId,Value=i-a3e9d79b Key=InstanceName,Value=internetds_datax_yc_app01 Key=PurgeAfterFE,Value=1481047801 Key=PurgeAllow,Value=true Key=Volume,Value=vol-b780b432 Key=Created,Value=1478455801
INSTANCE i-4cc5fb74
INSTANCE NAME: mgmt_bastion02
Tagging Snapshot snap-82e6a6a0 with the following Tags: Key=CreatedBy,Value=ec2-automate-backup Key=InstanceId,Value=i-4cc5fb74 Key=InstanceName,Value=mgmt_bastion02 Key=PurgeAfterFE,Value=1481047801 Key=PurgeAllow,Value=true Key=Volume,Value=vol-234176a6 Key=Created,Value=1478455801
INSTANCE i-4cc5fb74
INSTANCE NAME: mgmt_bastion02
Tagging Snapshot snap-79b5814a with the following Tags: Key=CreatedBy,Value=ec2-automate-backup Key=InstanceId,Value=i-4cc5fb74 Key=InstanceName,Value=mgmt_bastion02 Key=PurgeAfterFE,Value=1481047801 Key=PurgeAllow,Value=true Key=Volume,Value=vol-654176e0 Key=Created,Value=1478455801
INSTANCE i-bfba8487
INSTANCE NAME: internetds_epolicy_app02
Tagging Snapshot snap-dd4672ee with the following Tags: Key=CreatedBy,Value=ec2-automate-backup Key=InstanceId,Value=i-bfba8487 Key=InstanceName,Value=internetds_epolicy_app02 Key=PurgeAfterFE,Value=1481047801 Key=PurgeAllow,Value=true Key=Volume,Value=vol-533f08d6 Key=Created,Value=1478455801
INSTANCE i-beba8486
INSTANCE NAME: internetds_epolicy_app01
Tagging Snapshot snap-b0416783 with the following Tags: Key=CreatedBy,Value=ec2-automate-backup Key=InstanceId,Value=i-beba8486 Key=InstanceName,Value=internetds_epolicy_app01 Key=PurgeAfterFE,Value=1481047801 Key=PurgeAllow,Value=true Key=Volume,Value=vol-523f08d7 Key=Created,Value=1478455801
INSTANCE i-beba8486
INSTANCE NAME: internetds_epolicy_app01
Tagging Snapshot snap-c2192ef1 with the following Tags: Key=CreatedBy,Value=ec2-automate-backup Key=InstanceId,Value=i-beba8486 Key=InstanceName,Value=internetds_epolicy_app01 Key=PurgeAfterFE,Value=1481047801 Key=PurgeAllow,Value=true Key=Volume,Value=vol-a03e0925 Key=Created,Value=1478455801
INSTANCE i-bfba8487
INSTANCE NAME: internetds_epolicy_app02
Tagging Snapshot snap-f021d201 with the following Tags: Key=CreatedBy,Value=ec2-automate-backup Key=InstanceId,Value=i-bfba8487 Key=InstanceName,Value=internetds_epolicy_app02 Key=PurgeAfterFE,Value=1481047801 Key=PurgeAllow,Value=true Key=Volume,Value=vol-a33e0926 Key=Created,Value=1478455801
INSTANCE i-b0b88688
INSTANCE NAME: internetds_dmz_email01
Tagging Snapshot snap-c081adf3 with the following Tags: Key=CreatedBy,Value=ec2-automate-backup Key=InstanceId,Value=i-b0b88688 Key=InstanceName,Value=internetds_dmz_email01 Key=PurgeAfterFE,Value=1481047801 Key=PurgeAllow,Value=true Key=Volume,Value=vol-eb3c0b6e Key=Created,Value=1478455801
INSTANCE i-b0b88688
INSTANCE NAME: internetds_dmz_email01
Tagging Snapshot snap-a81a3a9b with the following Tags: Key=CreatedBy,Value=ec2-automate-backup Key=InstanceId,Value=i-b0b88688 Key=InstanceName,Value=internetds_dmz_email01 Key=PurgeAfterFE,Value=1481047801 Key=PurgeAllow,Value=true Key=Volume,Value=vol-263c0ba3 Key=Created,Value=1478455801
INSTANCE i-80546db8
INSTANCE NAME: abfinance_95569_db01
Tagging Snapshot snap-4183b072 with the following Tags: Key=CreatedBy,Value=ec2-automate-backup Key=InstanceId,Value=i-80546db8 Key=InstanceName,Value=abfinance_95569_db01 Key=PurgeAfterFE,Value=1481047801 Key=PurgeAllow,Value=true Key=Volume,Value=vol-058cbb80 Key=Created,Value=1478455801
INSTANCE i-80546db8
INSTANCE NAME: abfinance_95569_db01
Tagging Snapshot snap-2696b915 with the following Tags: Key=CreatedBy,Value=ec2-automate-backup Key=InstanceId,Value=i-80546db8 Key=InstanceName,Value=abfinance_95569_db01 Key=PurgeAfterFE,Value=1481047801 Key=PurgeAllow,Value=true Key=Volume,Value=vol-458cbbc0 Key=Created,Value=1478455801
Snapshot Purging is Starting Now.
