ids-aws
-------------------------------
 ids-aws<---->484879136155 
-------------------------------
 => vol-02174ff966ec489c0->Backup is turned on
 => vol-06c3758f745911e86->Backup is turned on
 => vol-07222518f1b2c1ebc->Backup is turned on
 => vol-073605c674a0a5e3c->Backup is turned on
 => vol-0891462086eaa89f8->Backup is turned on
 => vol-0a109a8f22fd04a81->Backup is turned on
 => vol-0ba6890e280a39ff3->Backup is turned on
 => vol-0c6666301d78c8346->Backup is turned on
 => vol-0c889186cad35d070->Backup is turned on
 => vol-0ef51dede315e45b7->Backup is turned on
abf-aws
-------------------------------
 abf-aws<---->530545868767 
-------------------------------
 => vol-0a171db3d35833a82->Backup is turned on
 => vol-0adeb8ce9288cb9f0->Backup is turned on
 => vol-0c9c555e321cb7fb5->Backup is turned on
 => vol-0e507dfbbde31e579->Backup is turned on
 => vol-0f91ffb6f9ff57fe9->Backup is turned on
aml-aws
-------------------------------
 aml-aws<---->193679806129 
-------------------------------
