Snapshots taken by ec2-volumes-autobackup.sh will be eligible for purging after the following date (the purge after date given in seconds from epoch): 1490127621.
INSTANCE i-46b0ebfe
INSTANCE NAME: igv-ec2-im02
Tagging Snapshot snap-051ee45da94f08993 with the following Tags: Key=CreatedBy,Value=ec2-automate-backup Key=InstanceId,Value=i-46b0ebfe Key=InstanceName,Value=igv-ec2-im02 Key=PurgeAfterFE,Value=1490127621 Key=PurgeAllow,Value=true Key=Volume,Value=vol-e7515158 Key=Created,Value=1487535621
INSTANCE i-24b0eb9c
INSTANCE NAME: igv-ec2-web02
Tagging Snapshot snap-0408af01472fcf561 with the following Tags: Key=CreatedBy,Value=ec2-automate-backup Key=InstanceId,Value=i-24b0eb9c Key=InstanceName,Value=igv-ec2-web02 Key=PurgeAfterFE,Value=1490127621 Key=PurgeAllow,Value=true Key=Volume,Value=vol-3e515181 Key=Created,Value=1487535621
INSTANCE i-24b0eb9c
INSTANCE NAME: igv-ec2-web02
Tagging Snapshot snap-077a5c55a520ad005 with the following Tags: Key=CreatedBy,Value=ec2-automate-backup Key=InstanceId,Value=i-24b0eb9c Key=InstanceName,Value=igv-ec2-web02 Key=PurgeAfterFE,Value=1490127621 Key=PurgeAllow,Value=true Key=Volume,Value=vol-3d515182 Key=Created,Value=1487535621
INSTANCE i-46b0ebfe
INSTANCE NAME: igv-ec2-im02
Tagging Snapshot snap-05892389524537048 with the following Tags: Key=CreatedBy,Value=ec2-automate-backup Key=InstanceId,Value=i-46b0ebfe Key=InstanceName,Value=igv-ec2-im02 Key=PurgeAfterFE,Value=1490127621 Key=PurgeAllow,Value=true Key=Volume,Value=vol-2d515192 Key=Created,Value=1487535621
INSTANCE i-2eb0eb96
INSTANCE NAME: igv-ec2-fs02
Tagging Snapshot snap-0ec8adb2c9412d345 with the following Tags: Key=CreatedBy,Value=ec2-automate-backup Key=InstanceId,Value=i-2eb0eb96 Key=InstanceName,Value=igv-ec2-fs02 Key=PurgeAfterFE,Value=1490127621 Key=PurgeAllow,Value=true Key=Volume,Value=vol-2151519e Key=Created,Value=1487535621
INSTANCE i-2eb0eb96
INSTANCE NAME: igv-ec2-fs02
Tagging Snapshot snap-070d4c825430b61d8 with the following Tags: Key=CreatedBy,Value=ec2-automate-backup Key=InstanceId,Value=i-2eb0eb96 Key=InstanceName,Value=igv-ec2-fs02 Key=PurgeAfterFE,Value=1490127621 Key=PurgeAllow,Value=true Key=Volume,Value=vol-2051519f Key=Created,Value=1487535621
INSTANCE i-ecbd9b54
INSTANCE NAME: uat-igv-ec2-fs02
Tagging Snapshot snap-05bc04040d7100b2e with the following Tags: Key=CreatedBy,Value=ec2-automate-backup Key=InstanceId,Value=i-ecbd9b54 Key=InstanceName,Value=uat-igv-ec2-fs02 Key=PurgeAfterFE,Value=1490127621 Key=PurgeAllow,Value=true Key=Volume,Value=vol-1c0114a3 Key=Created,Value=1487535621
INSTANCE i-ecbd9b54
INSTANCE NAME: uat-igv-ec2-fs02
Tagging Snapshot snap-0faaabf7c747be033 with the following Tags: Key=CreatedBy,Value=ec2-automate-backup Key=InstanceId,Value=i-ecbd9b54 Key=InstanceName,Value=uat-igv-ec2-fs02 Key=PurgeAfterFE,Value=1490127621 Key=PurgeAllow,Value=true Key=Volume,Value=vol-1b0114a4 Key=Created,Value=1487535621
INSTANCE i-ecbd9b54
INSTANCE NAME: uat-igv-ec2-fs02
Tagging Snapshot snap-00b10d72be7a17ab2 with the following Tags: Key=CreatedBy,Value=ec2-automate-backup Key=InstanceId,Value=i-ecbd9b54 Key=InstanceName,Value=uat-igv-ec2-fs02 Key=PurgeAfterFE,Value=1490127621 Key=PurgeAllow,Value=true Key=Volume,Value=vol-070114b8 Key=Created,Value=1487535621
INSTANCE i-e599bf5d
INSTANCE NAME: uat-igv-ec2-im02
Tagging Snapshot snap-041c52139637f9b4c with the following Tags: Key=CreatedBy,Value=ec2-automate-backup Key=InstanceId,Value=i-e599bf5d Key=InstanceName,Value=uat-igv-ec2-im02 Key=PurgeAfterFE,Value=1490127621 Key=PurgeAllow,Value=true Key=Volume,Value=vol-32d8cd8d Key=Created,Value=1487535621
INSTANCE i-e599bf5d
INSTANCE NAME: uat-igv-ec2-im02
Tagging Snapshot snap-0022b2bbf2d2f0f9c with the following Tags: Key=CreatedBy,Value=ec2-automate-backup Key=InstanceId,Value=i-e599bf5d Key=InstanceName,Value=uat-igv-ec2-im02 Key=PurgeAfterFE,Value=1490127621 Key=PurgeAllow,Value=true Key=Volume,Value=vol-99dbce26 Key=Created,Value=1487535621
INSTANCE i-e599bf5d
INSTANCE NAME: uat-igv-ec2-im02
Tagging Snapshot snap-009bf4f65c73e9564 with the following Tags: Key=CreatedBy,Value=ec2-automate-backup Key=InstanceId,Value=i-e599bf5d Key=InstanceName,Value=uat-igv-ec2-im02 Key=PurgeAfterFE,Value=1490127621 Key=PurgeAllow,Value=true Key=Volume,Value=vol-87dbce38 Key=Created,Value=1487535621
INSTANCE i-46b0ebfe
INSTANCE NAME: igv-ec2-im02
Tagging Snapshot snap-00060d4f12a5b4a39 with the following Tags: Key=CreatedBy,Value=ec2-automate-backup Key=InstanceId,Value=i-46b0ebfe Key=InstanceName,Value=igv-ec2-im02 Key=PurgeAfterFE,Value=1490127621 Key=PurgeAllow,Value=true Key=Volume,Value=vol-0d15268307606d6f0 Key=Created,Value=1487535621
INSTANCE i-2eb0eb96
INSTANCE NAME: igv-ec2-fs02
Tagging Snapshot snap-0272174077fab1457 with the following Tags: Key=CreatedBy,Value=ec2-automate-backup Key=InstanceId,Value=i-2eb0eb96 Key=InstanceName,Value=igv-ec2-fs02 Key=PurgeAfterFE,Value=1490127621 Key=PurgeAllow,Value=true Key=Volume,Value=vol-0e009e505c05a452a Key=Created,Value=1487535621
INSTANCE i-24b0eb9c
INSTANCE NAME: igv-ec2-web02
Tagging Snapshot snap-04905cfb734b10da8 with the following Tags: Key=CreatedBy,Value=ec2-automate-backup Key=InstanceId,Value=i-24b0eb9c Key=InstanceName,Value=igv-ec2-web02 Key=PurgeAfterFE,Value=1490127621 Key=PurgeAllow,Value=true Key=Volume,Value=vol-0b69cceb822f7a407 Key=Created,Value=1487535621
INSTANCE i-b486a98c
INSTANCE NAME: igv-ec2-im01
Tagging Snapshot snap-02d2bbbc98a48a4c9 with the following Tags: Key=CreatedBy,Value=ec2-automate-backup Key=InstanceId,Value=i-b486a98c Key=InstanceName,Value=igv-ec2-im01 Key=PurgeAfterFE,Value=1490127621 Key=PurgeAllow,Value=true Key=Volume,Value=vol-64bceae1 Key=Created,Value=1487535621
INSTANCE i-b486a98c
INSTANCE NAME: igv-ec2-im01
Tagging Snapshot snap-082940779c14368ec with the following Tags: Key=CreatedBy,Value=ec2-automate-backup Key=InstanceId,Value=i-b486a98c Key=InstanceName,Value=igv-ec2-im01 Key=PurgeAfterFE,Value=1490127621 Key=PurgeAllow,Value=true Key=Volume,Value=vol-67bceae2 Key=Created,Value=1487535621
INSTANCE i-b287a88a
INSTANCE NAME: igv-ec2-web01
Tagging Snapshot snap-0bc02f5038c9e51c8 with the following Tags: Key=CreatedBy,Value=ec2-automate-backup Key=InstanceId,Value=i-b287a88a Key=InstanceName,Value=igv-ec2-web01 Key=PurgeAfterFE,Value=1490127621 Key=PurgeAllow,Value=true Key=Volume,Value=vol-b5bdeb30 Key=Created,Value=1487535621
INSTANCE i-b287a88a
INSTANCE NAME: igv-ec2-web01
Tagging Snapshot snap-0f6a44e46b6ee74cd with the following Tags: Key=CreatedBy,Value=ec2-automate-backup Key=InstanceId,Value=i-b287a88a Key=InstanceName,Value=igv-ec2-web01 Key=PurgeAfterFE,Value=1490127621 Key=PurgeAllow,Value=true Key=Volume,Value=vol-c7bdeb42 Key=Created,Value=1487535621
INSTANCE i-0a87a832
INSTANCE NAME: igv-ec2-fs01
Tagging Snapshot snap-07e7e236752251972 with the following Tags: Key=CreatedBy,Value=ec2-automate-backup Key=InstanceId,Value=i-0a87a832 Key=InstanceName,Value=igv-ec2-fs01 Key=PurgeAfterFE,Value=1490127621 Key=PurgeAllow,Value=true Key=Volume,Value=vol-30bdebb5 Key=Created,Value=1487535621
INSTANCE i-0a87a832
INSTANCE NAME: igv-ec2-fs01
Tagging Snapshot snap-0b5a297acf9d8521a with the following Tags: Key=CreatedBy,Value=ec2-automate-backup Key=InstanceId,Value=i-0a87a832 Key=InstanceName,Value=igv-ec2-fs01 Key=PurgeAfterFE,Value=1490127621 Key=PurgeAllow,Value=true Key=Volume,Value=vol-65bdebe0 Key=Created,Value=1487535621
INSTANCE i-e3dcf6db
INSTANCE NAME: uat-igv-ec2-web01
Tagging Snapshot snap-00c043d1f1be0eaf0 with the following Tags: Key=CreatedBy,Value=ec2-automate-backup Key=InstanceId,Value=i-e3dcf6db Key=InstanceName,Value=uat-igv-ec2-web01 Key=PurgeAfterFE,Value=1490127621 Key=PurgeAllow,Value=true Key=Volume,Value=vol-60b0e8e5 Key=Created,Value=1487535621
INSTANCE i-e3dcf6db
INSTANCE NAME: uat-igv-ec2-web01
Tagging Snapshot snap-040f7c17fa6f1f446 with the following Tags: Key=CreatedBy,Value=ec2-automate-backup Key=InstanceId,Value=i-e3dcf6db Key=InstanceName,Value=uat-igv-ec2-web01 Key=PurgeAfterFE,Value=1490127621 Key=PurgeAllow,Value=true Key=Volume,Value=vol-73b0e8f6 Key=Created,Value=1487535621
INSTANCE i-aacec892
INSTANCE NAME: newTags
Tagging Snapshot snap-0ee44373c67af2aed with the following Tags: Key=CreatedBy,Value=ec2-automate-backup Key=InstanceId,Value=i-aacec892 Key=InstanceName,Value=newTags Key=PurgeAfterFE,Value=1490127621 Key=PurgeAllow,Value=true Key=Volume,Value=vol-10241f95 Key=Created,Value=1487535621
INSTANCE i-e3dcf6db
INSTANCE NAME: uat-igv-ec2-web01
Tagging Snapshot snap-02c0b1ed21860a9f1 with the following Tags: Key=CreatedBy,Value=ec2-automate-backup Key=InstanceId,Value=i-e3dcf6db Key=InstanceName,Value=uat-igv-ec2-web01 Key=PurgeAfterFE,Value=1490127621 Key=PurgeAllow,Value=true Key=Volume,Value=vol-010b6aec845fdc72e Key=Created,Value=1487535621
INSTANCE i-b486a98c
INSTANCE NAME: igv-ec2-im01
Tagging Snapshot snap-0caf79864a8a2c673 with the following Tags: Key=CreatedBy,Value=ec2-automate-backup Key=InstanceId,Value=i-b486a98c Key=InstanceName,Value=igv-ec2-im01 Key=PurgeAfterFE,Value=1490127621 Key=PurgeAllow,Value=true Key=Volume,Value=vol-039deb6f07ed7c60c Key=Created,Value=1487535621
INSTANCE i-0a87a832
INSTANCE NAME: igv-ec2-fs01
Tagging Snapshot snap-00373a24116ee42e0 with the following Tags: Key=CreatedBy,Value=ec2-automate-backup Key=InstanceId,Value=i-0a87a832 Key=InstanceName,Value=igv-ec2-fs01 Key=PurgeAfterFE,Value=1490127621 Key=PurgeAllow,Value=true Key=Volume,Value=vol-095211fa83f1b6524 Key=Created,Value=1487535621
INSTANCE i-b287a88a
INSTANCE NAME: igv-ec2-web01
Tagging Snapshot snap-001ba7d0536f47ad1 with the following Tags: Key=CreatedBy,Value=ec2-automate-backup Key=InstanceId,Value=i-b287a88a Key=InstanceName,Value=igv-ec2-web01 Key=PurgeAfterFE,Value=1490127621 Key=PurgeAllow,Value=true Key=Volume,Value=vol-0cd7c487775e1e6bb Key=Created,Value=1487535621
Snapshot Purging is Starting Now.
Snapshot "snap-0597da07a9b78fde7" with the PurgeAfterFE date of "1487535197" will be deleted.
Snapshot "snap-01083cf2f05af7523" with the PurgeAfterFE date of "1487535197" will be deleted.
Snapshot "snap-0f194ce0fc7340ec3" with the PurgeAfterFE date of "1487535197" will be deleted.
Snapshot "snap-02629f822f6ea8211" with the PurgeAfterFE date of "1487535197" will be deleted.
Snapshot "snap-04c94418cc3d4e7c7" with the PurgeAfterFE date of "1487535197" will be deleted.
Snapshot "snap-0079145295b61e1cf" with the PurgeAfterFE date of "1487535197" will be deleted.
Snapshot "snap-0591de0bbefdfdc4b" with the PurgeAfterFE date of "1487535197" will be deleted.
Snapshot "snap-0cac6dae9fb68b8c6" with the PurgeAfterFE date of "1487535197" will be deleted.
Snapshot "snap-0c039f1cb8376e85b" with the PurgeAfterFE date of "1487535197" will be deleted.
Snapshot "snap-011a752752eb0a74a" with the PurgeAfterFE date of "1487535197" will be deleted.
Snapshot "snap-04f73e3196f174ac0" with the PurgeAfterFE date of "1487535197" will be deleted.
Snapshot "snap-0725236bfdeaefab1" with the PurgeAfterFE date of "1487535197" will be deleted.
Snapshot "snap-0c93a174b7bb9edd7" with the PurgeAfterFE date of "1487535197" will be deleted.
Snapshot "snap-0b96ef03a0d1d6b75" with the PurgeAfterFE date of "1487535197" will be deleted.
Snapshot "snap-0618589988d47dd18" with the PurgeAfterFE date of "1487535197" will be deleted.
Snapshot "snap-06a4cd47ee5f51ffb" with the PurgeAfterFE date of "1487535197" will be deleted.
Snapshot "snap-06b3c2cfe36e6bbf6" with the PurgeAfterFE date of "1487535197" will be deleted.
Snapshot "snap-043092332dfda74ad" with the PurgeAfterFE date of "1487535197" will be deleted.
Snapshot "snap-0eee31027ec220bbf" with the PurgeAfterFE date of "1487535197" will be deleted.
Snapshot "snap-085f43b1aed48f988" with the PurgeAfterFE date of "1487535197" will be deleted.
Snapshot "snap-041f29664fcc6b981" with the PurgeAfterFE date of "1487535197" will be deleted.
Snapshot "snap-06d2ba77f32bca305" with the PurgeAfterFE date of "1487535197" will be deleted.
Snapshot "snap-00d1fcc8e2047989c" with the PurgeAfterFE date of "1487535197" will be deleted.
Snapshot "snap-075fabb4c081ea5b8" with the PurgeAfterFE date of "1487535197" will be deleted.
Snapshot "snap-0c7309067c72d41e4" with the PurgeAfterFE date of "1487535197" will be deleted.
Snapshot "snap-0346ebc31bf1d2472" with the PurgeAfterFE date of "1487535197" will be deleted.
Snapshot "snap-0301218dd22a42fa5" with the PurgeAfterFE date of "1487535197" will be deleted.
