Snapshots taken by ec2-volumes-autobackup.sh will be eligible for purging after the following date (the purge after date given in seconds from epoch): 1493320819.
INSTANCE i-03c8fd87e7b05fa05
INSTANCE NAME: abfinance_95569_app16
Tagging Snapshot snap-060d96e9f6723daf9 with the following Tags: Key=CreatedBy,Value=ec2-automate-backup Key=InstanceId,Value=i-03c8fd87e7b05fa05 Key=InstanceName,Value=abfinance_95569_app16 Key=PurgeAfterFE,Value=1493320819 Key=PurgeAllow,Value=true Key=Volume,Value=vol-06c1ef7480d1a0d4c Key=Created,Value=1490728819
INSTANCE i-0c2bf96cb75ee7b5c
INSTANCE NAME: abfinance_95569_app18
Tagging Snapshot snap-0c8f42e75a6d1ee3f with the following Tags: Key=CreatedBy,Value=ec2-automate-backup Key=InstanceId,Value=i-0c2bf96cb75ee7b5c Key=InstanceName,Value=abfinance_95569_app18 Key=PurgeAfterFE,Value=1493320819 Key=PurgeAllow,Value=true Key=Volume,Value=vol-0eae86baf89ae58a6 Key=Created,Value=1490728819
INSTANCE i-0dce85c3f212a5de0
INSTANCE NAME: abfinance_95569_app12
Tagging Snapshot snap-06addc920a78cfeee with the following Tags: Key=CreatedBy,Value=ec2-automate-backup Key=InstanceId,Value=i-0dce85c3f212a5de0 Key=InstanceName,Value=abfinance_95569_app12 Key=PurgeAfterFE,Value=1493320819 Key=PurgeAllow,Value=true Key=Volume,Value=vol-05c5ee0c944c4a763 Key=Created,Value=1490728819
INSTANCE i-0dce85c3f212a5de0
INSTANCE NAME: abfinance_95569_app12
Tagging Snapshot snap-0b56f775c555672ef with the following Tags: Key=CreatedBy,Value=ec2-automate-backup Key=InstanceId,Value=i-0dce85c3f212a5de0 Key=InstanceName,Value=abfinance_95569_app12 Key=PurgeAfterFE,Value=1493320819 Key=PurgeAllow,Value=true Key=Volume,Value=vol-0b081425c7cc17600 Key=Created,Value=1490728819
INSTANCE i-09ddd98828f970e2b
INSTANCE NAME: abfinance_95569_app14
Tagging Snapshot snap-0ac728c8928d05fce with the following Tags: Key=CreatedBy,Value=ec2-automate-backup Key=InstanceId,Value=i-09ddd98828f970e2b Key=InstanceName,Value=abfinance_95569_app14 Key=PurgeAfterFE,Value=1493320819 Key=PurgeAllow,Value=true Key=Volume,Value=vol-029381ba27db23ea5 Key=Created,Value=1490728819
INSTANCE i-0de1db820b03e1279
INSTANCE NAME: abfinance_95569_app22
Tagging Snapshot snap-0b59fc950cae78636 with the following Tags: Key=CreatedBy,Value=ec2-automate-backup Key=InstanceId,Value=i-0de1db820b03e1279 Key=InstanceName,Value=abfinance_95569_app22 Key=PurgeAfterFE,Value=1493320819 Key=PurgeAllow,Value=true Key=Volume,Value=vol-014edcf936f6c26f4 Key=Created,Value=1490728819
INSTANCE i-09ddd98828f970e2b
INSTANCE NAME: abfinance_95569_app14
Tagging Snapshot snap-0ca01042da183e097 with the following Tags: Key=CreatedBy,Value=ec2-automate-backup Key=InstanceId,Value=i-09ddd98828f970e2b Key=InstanceName,Value=abfinance_95569_app14 Key=PurgeAfterFE,Value=1493320819 Key=PurgeAllow,Value=true Key=Volume,Value=vol-0c815aa96dd49c83c Key=Created,Value=1490728819
INSTANCE i-03c8fd87e7b05fa05
INSTANCE NAME: abfinance_95569_app16
Tagging Snapshot snap-02743a7f405ac38e9 with the following Tags: Key=CreatedBy,Value=ec2-automate-backup Key=InstanceId,Value=i-03c8fd87e7b05fa05 Key=InstanceName,Value=abfinance_95569_app16 Key=PurgeAfterFE,Value=1493320819 Key=PurgeAllow,Value=true Key=Volume,Value=vol-0a82f25f21c70ca17 Key=Created,Value=1490728819
INSTANCE i-03ab34c05dc4f22aa
INSTANCE NAME: abfinance_95569_app24
Tagging Snapshot snap-040edb01ca6ea0c0e with the following Tags: Key=CreatedBy,Value=ec2-automate-backup Key=InstanceId,Value=i-03ab34c05dc4f22aa Key=InstanceName,Value=abfinance_95569_app24 Key=PurgeAfterFE,Value=1493320819 Key=PurgeAllow,Value=true Key=Volume,Value=vol-0119f2937c18f7e3e Key=Created,Value=1490728819
INSTANCE i-0bba368770f8bea0e
INSTANCE NAME: abfinance_95569_app28
Tagging Snapshot snap-0304c97ff2db8870e with the following Tags: Key=CreatedBy,Value=ec2-automate-backup Key=InstanceId,Value=i-0bba368770f8bea0e Key=InstanceName,Value=abfinance_95569_app28 Key=PurgeAfterFE,Value=1493320819 Key=PurgeAllow,Value=true Key=Volume,Value=vol-054e16021703bc75b Key=Created,Value=1490728819
INSTANCE i-0bba368770f8bea0e
INSTANCE NAME: abfinance_95569_app28
Tagging Snapshot snap-045099fa77db2df24 with the following Tags: Key=CreatedBy,Value=ec2-automate-backup Key=InstanceId,Value=i-0bba368770f8bea0e Key=InstanceName,Value=abfinance_95569_app28 Key=PurgeAfterFE,Value=1493320819 Key=PurgeAllow,Value=true Key=Volume,Value=vol-0a9917560a4a8eb37 Key=Created,Value=1490728819
INSTANCE i-0900f2c3ece4f73ce
INSTANCE NAME: abfinance_95569_app20
Tagging Snapshot snap-0a00eafe78a63ee2d with the following Tags: Key=CreatedBy,Value=ec2-automate-backup Key=InstanceId,Value=i-0900f2c3ece4f73ce Key=InstanceName,Value=abfinance_95569_app20 Key=PurgeAfterFE,Value=1493320819 Key=PurgeAllow,Value=true Key=Volume,Value=vol-06a26fc47d6b71ffd Key=Created,Value=1490728819
INSTANCE i-0900f2c3ece4f73ce
INSTANCE NAME: abfinance_95569_app20
Tagging Snapshot snap-04dee052bbb194563 with the following Tags: Key=CreatedBy,Value=ec2-automate-backup Key=InstanceId,Value=i-0900f2c3ece4f73ce Key=InstanceName,Value=abfinance_95569_app20 Key=PurgeAfterFE,Value=1493320819 Key=PurgeAllow,Value=true Key=Volume,Value=vol-02e3078096ec01da3 Key=Created,Value=1490728819
INSTANCE i-0de1db820b03e1279
INSTANCE NAME: abfinance_95569_app22
Tagging Snapshot snap-0a06b893fe07f8403 with the following Tags: Key=CreatedBy,Value=ec2-automate-backup Key=InstanceId,Value=i-0de1db820b03e1279 Key=InstanceName,Value=abfinance_95569_app22 Key=PurgeAfterFE,Value=1493320819 Key=PurgeAllow,Value=true Key=Volume,Value=vol-0d5d8a4619da19822 Key=Created,Value=1490728819
INSTANCE i-0c2bf96cb75ee7b5c
INSTANCE NAME: abfinance_95569_app18
Tagging Snapshot snap-025fda05fc3d84ddf with the following Tags: Key=CreatedBy,Value=ec2-automate-backup Key=InstanceId,Value=i-0c2bf96cb75ee7b5c Key=InstanceName,Value=abfinance_95569_app18 Key=PurgeAfterFE,Value=1493320819 Key=PurgeAllow,Value=true Key=Volume,Value=vol-08f0c891fcb55d86a Key=Created,Value=1490728819
INSTANCE i-09bf358be6daff2b8
INSTANCE NAME: abfinance_95569_app26
Tagging Snapshot snap-041a925a4a4df6921 with the following Tags: Key=CreatedBy,Value=ec2-automate-backup Key=InstanceId,Value=i-09bf358be6daff2b8 Key=InstanceName,Value=abfinance_95569_app26 Key=PurgeAfterFE,Value=1493320819 Key=PurgeAllow,Value=true Key=Volume,Value=vol-01783b38ab8d40039 Key=Created,Value=1490728819
INSTANCE i-03ab34c05dc4f22aa
INSTANCE NAME: abfinance_95569_app24
Tagging Snapshot snap-043616be17c128625 with the following Tags: Key=CreatedBy,Value=ec2-automate-backup Key=InstanceId,Value=i-03ab34c05dc4f22aa Key=InstanceName,Value=abfinance_95569_app24 Key=PurgeAfterFE,Value=1493320819 Key=PurgeAllow,Value=true Key=Volume,Value=vol-038fb96ae65962d50 Key=Created,Value=1490728819
INSTANCE i-09bf358be6daff2b8
INSTANCE NAME: abfinance_95569_app26
Tagging Snapshot snap-01d24ee39a2ec0f6d with the following Tags: Key=CreatedBy,Value=ec2-automate-backup Key=InstanceId,Value=i-09bf358be6daff2b8 Key=InstanceName,Value=abfinance_95569_app26 Key=PurgeAfterFE,Value=1493320819 Key=PurgeAllow,Value=true Key=Volume,Value=vol-04b2fa5fca10f2430 Key=Created,Value=1490728819
INSTANCE i-0274c175451fa7094
INSTANCE NAME: abfinance_95569_app08
Tagging Snapshot snap-09aa91c8ba5ab598e with the following Tags: Key=CreatedBy,Value=ec2-automate-backup Key=InstanceId,Value=i-0274c175451fa7094 Key=InstanceName,Value=abfinance_95569_app08 Key=PurgeAfterFE,Value=1493320819 Key=PurgeAllow,Value=true Key=Volume,Value=vol-0c72a7d64241a776c Key=Created,Value=1490728819
INSTANCE i-0c1125d6758d322b7
INSTANCE NAME: abfinance_95569_app06
Tagging Snapshot snap-0d94e580fa70c4340 with the following Tags: Key=CreatedBy,Value=ec2-automate-backup Key=InstanceId,Value=i-0c1125d6758d322b7 Key=InstanceName,Value=abfinance_95569_app06 Key=PurgeAfterFE,Value=1493320819 Key=PurgeAllow,Value=true Key=Volume,Value=vol-091917e30fd32e67a Key=Created,Value=1490728819
INSTANCE i-0bf78d14e8b0eaf1e
INSTANCE NAME: abfinance_95569_app30
Tagging Snapshot snap-0c9331fa9c560bac5 with the following Tags: Key=CreatedBy,Value=ec2-automate-backup Key=InstanceId,Value=i-0bf78d14e8b0eaf1e Key=InstanceName,Value=abfinance_95569_app30 Key=PurgeAfterFE,Value=1493320819 Key=PurgeAllow,Value=true Key=Volume,Value=vol-028a6f552c7c9efe4 Key=Created,Value=1490728819
INSTANCE i-0c1125d6758d322b7
INSTANCE NAME: abfinance_95569_app06
Tagging Snapshot snap-079f777c18e7e40ec with the following Tags: Key=CreatedBy,Value=ec2-automate-backup Key=InstanceId,Value=i-0c1125d6758d322b7 Key=InstanceName,Value=abfinance_95569_app06 Key=PurgeAfterFE,Value=1493320819 Key=PurgeAllow,Value=true Key=Volume,Value=vol-0ba5d36c9573518b5 Key=Created,Value=1490728819
INSTANCE i-0bf78d14e8b0eaf1e
INSTANCE NAME: abfinance_95569_app30
Tagging Snapshot snap-0b98e63cd640ce5e8 with the following Tags: Key=CreatedBy,Value=ec2-automate-backup Key=InstanceId,Value=i-0bf78d14e8b0eaf1e Key=InstanceName,Value=abfinance_95569_app30 Key=PurgeAfterFE,Value=1493320819 Key=PurgeAllow,Value=true Key=Volume,Value=vol-096964d6c38daa9c9 Key=Created,Value=1490728819
INSTANCE i-0274c175451fa7094
INSTANCE NAME: abfinance_95569_app08
Tagging Snapshot snap-0ffa45eb7c9a94684 with the following Tags: Key=CreatedBy,Value=ec2-automate-backup Key=InstanceId,Value=i-0274c175451fa7094 Key=InstanceName,Value=abfinance_95569_app08 Key=PurgeAfterFE,Value=1493320819 Key=PurgeAllow,Value=true Key=Volume,Value=vol-09f82518fd6c90b2b Key=Created,Value=1490728819
INSTANCE i-00649ffaac78d75cb
INSTANCE NAME: abfinance_95569_qyyxapp06
Tagging Snapshot snap-046921cbc77ed4720 with the following Tags: Key=CreatedBy,Value=ec2-automate-backup Key=InstanceId,Value=i-00649ffaac78d75cb Key=InstanceName,Value=abfinance_95569_qyyxapp06 Key=PurgeAfterFE,Value=1493320819 Key=PurgeAllow,Value=true Key=Volume,Value=vol-04ad9f8946e08f89c Key=Created,Value=1490728819
INSTANCE i-00649ffaac78d75cb
INSTANCE NAME: abfinance_95569_qyyxapp06
Tagging Snapshot snap-0b45fbec16e4dabc4 with the following Tags: Key=CreatedBy,Value=ec2-automate-backup Key=InstanceId,Value=i-00649ffaac78d75cb Key=InstanceName,Value=abfinance_95569_qyyxapp06 Key=PurgeAfterFE,Value=1493320819 Key=PurgeAllow,Value=true Key=Volume,Value=vol-0807f8fea0f547086 Key=Created,Value=1490728819
INSTANCE i-0b62ae29318f2ff8b
INSTANCE NAME: abfinance_95569_qyyxapp02
Tagging Snapshot snap-0ed12941bafcf0468 with the following Tags: Key=CreatedBy,Value=ec2-automate-backup Key=InstanceId,Value=i-0b62ae29318f2ff8b Key=InstanceName,Value=abfinance_95569_qyyxapp02 Key=PurgeAfterFE,Value=1493320819 Key=PurgeAllow,Value=true Key=Volume,Value=vol-03ecd9464fd1c5d05 Key=Created,Value=1490728819
INSTANCE i-0b62ae29318f2ff8b
INSTANCE NAME: abfinance_95569_qyyxapp02
Tagging Snapshot snap-091301eccd4049e87 with the following Tags: Key=CreatedBy,Value=ec2-automate-backup Key=InstanceId,Value=i-0b62ae29318f2ff8b Key=InstanceName,Value=abfinance_95569_qyyxapp02 Key=PurgeAfterFE,Value=1493320819 Key=PurgeAllow,Value=true Key=Volume,Value=vol-007d93d5c3db29799 Key=Created,Value=1490728819
INSTANCE i-0792c4456f9092988
INSTANCE NAME: abfinance_95569_qyyxapp08
Tagging Snapshot snap-0a42691d031b9a00a with the following Tags: Key=CreatedBy,Value=ec2-automate-backup Key=InstanceId,Value=i-0792c4456f9092988 Key=InstanceName,Value=abfinance_95569_qyyxapp08 Key=PurgeAfterFE,Value=1493320819 Key=PurgeAllow,Value=true Key=Volume,Value=vol-045f338712882182b Key=Created,Value=1490728819
INSTANCE i-0792c4456f9092988
INSTANCE NAME: abfinance_95569_qyyxapp08
Tagging Snapshot snap-03e0b5d168793919d with the following Tags: Key=CreatedBy,Value=ec2-automate-backup Key=InstanceId,Value=i-0792c4456f9092988 Key=InstanceName,Value=abfinance_95569_qyyxapp08 Key=PurgeAfterFE,Value=1493320819 Key=PurgeAllow,Value=true Key=Volume,Value=vol-0489d109134a1a195 Key=Created,Value=1490728819
INSTANCE i-0a035c9fe74e932da
INSTANCE NAME: abfinance_top20_ubuntu_app02
Tagging Snapshot snap-01b8af325a3121bd2 with the following Tags: Key=CreatedBy,Value=ec2-automate-backup Key=InstanceId,Value=i-0a035c9fe74e932da Key=InstanceName,Value=abfinance_top20_ubuntu_app02 Key=PurgeAfterFE,Value=1493320819 Key=PurgeAllow,Value=true Key=Volume,Value=vol-0b7877736c90d5018 Key=Created,Value=1490728819
INSTANCE i-0d13fdd367f941029
INSTANCE NAME: abfinance_top20_ubuntu_app04
Tagging Snapshot snap-08ffbda6d54f7cc8b with the following Tags: Key=CreatedBy,Value=ec2-automate-backup Key=InstanceId,Value=i-0d13fdd367f941029 Key=InstanceName,Value=abfinance_top20_ubuntu_app04 Key=PurgeAfterFE,Value=1493320819 Key=PurgeAllow,Value=true Key=Volume,Value=vol-0b1860b6a86d65c3c Key=Created,Value=1490728819
INSTANCE i-0a035c9fe74e932da
INSTANCE NAME: abfinance_top20_ubuntu_app02
Tagging Snapshot snap-07d03b4e325fe3054 with the following Tags: Key=CreatedBy,Value=ec2-automate-backup Key=InstanceId,Value=i-0a035c9fe74e932da Key=InstanceName,Value=abfinance_top20_ubuntu_app02 Key=PurgeAfterFE,Value=1493320819 Key=PurgeAllow,Value=true Key=Volume,Value=vol-06d971d61dc6ec5d0 Key=Created,Value=1490728819
INSTANCE i-0d13fdd367f941029
INSTANCE NAME: abfinance_top20_ubuntu_app04
Tagging Snapshot snap-024303d08711a8efc with the following Tags: Key=CreatedBy,Value=ec2-automate-backup Key=InstanceId,Value=i-0d13fdd367f941029 Key=InstanceName,Value=abfinance_top20_ubuntu_app04 Key=PurgeAfterFE,Value=1493320819 Key=PurgeAllow,Value=true Key=Volume,Value=vol-0c99c2848d6180dad Key=Created,Value=1490728819
INSTANCE i-0d13fdd367f941029
INSTANCE NAME: abfinance_top20_ubuntu_app04
Tagging Snapshot snap-0447e802475f3f2ff with the following Tags: Key=CreatedBy,Value=ec2-automate-backup Key=InstanceId,Value=i-0d13fdd367f941029 Key=InstanceName,Value=abfinance_top20_ubuntu_app04 Key=PurgeAfterFE,Value=1493320819 Key=PurgeAllow,Value=true Key=Volume,Value=vol-05552e316d7c4fca7 Key=Created,Value=1490728819
INSTANCE i-0a035c9fe74e932da
INSTANCE NAME: abfinance_top20_ubuntu_app02
Tagging Snapshot snap-0a0f392cb9863a730 with the following Tags: Key=CreatedBy,Value=ec2-automate-backup Key=InstanceId,Value=i-0a035c9fe74e932da Key=InstanceName,Value=abfinance_top20_ubuntu_app02 Key=PurgeAfterFE,Value=1493320819 Key=PurgeAllow,Value=true Key=Volume,Value=vol-086b4833a3e624834 Key=Created,Value=1490728819
INSTANCE i-0d13fdd367f941029
INSTANCE NAME: abfinance_top20_ubuntu_app04
Tagging Snapshot snap-03cc45140bdf4fc9c with the following Tags: Key=CreatedBy,Value=ec2-automate-backup Key=InstanceId,Value=i-0d13fdd367f941029 Key=InstanceName,Value=abfinance_top20_ubuntu_app04 Key=PurgeAfterFE,Value=1493320819 Key=PurgeAllow,Value=true Key=Volume,Value=vol-0237e004eeed33603 Key=Created,Value=1490728819
INSTANCE i-02c96aa526459387c
INSTANCE NAME: abfinance_top20_ubuntu_db02
Tagging Snapshot snap-059f8c974ef11bad4 with the following Tags: Key=CreatedBy,Value=ec2-automate-backup Key=InstanceId,Value=i-02c96aa526459387c Key=InstanceName,Value=abfinance_top20_ubuntu_db02 Key=PurgeAfterFE,Value=1493320819 Key=PurgeAllow,Value=true Key=Volume,Value=vol-0adeb8ce9288cb9f0 Key=Created,Value=1490728819
INSTANCE i-02c96aa526459387c
INSTANCE NAME: abfinance_top20_ubuntu_db02
Tagging Snapshot snap-0b9c7aa8396383f4a with the following Tags: Key=CreatedBy,Value=ec2-automate-backup Key=InstanceId,Value=i-02c96aa526459387c Key=InstanceName,Value=abfinance_top20_ubuntu_db02 Key=PurgeAfterFE,Value=1493320819 Key=PurgeAllow,Value=true Key=Volume,Value=vol-0f91ffb6f9ff57fe9 Key=Created,Value=1490728819
INSTANCE i-02c96aa526459387c
INSTANCE NAME: abfinance_top20_ubuntu_db02
Tagging Snapshot snap-0e66ec4ab1b9a58d0 with the following Tags: Key=CreatedBy,Value=ec2-automate-backup Key=InstanceId,Value=i-02c96aa526459387c Key=InstanceName,Value=abfinance_top20_ubuntu_db02 Key=PurgeAfterFE,Value=1493320819 Key=PurgeAllow,Value=true Key=Volume,Value=vol-0e507dfbbde31e579 Key=Created,Value=1490728819
INSTANCE i-02c96aa526459387c
INSTANCE NAME: abfinance_top20_ubuntu_db02
Tagging Snapshot snap-090e24891cf09f6aa with the following Tags: Key=CreatedBy,Value=ec2-automate-backup Key=InstanceId,Value=i-02c96aa526459387c Key=InstanceName,Value=abfinance_top20_ubuntu_db02 Key=PurgeAfterFE,Value=1493320819 Key=PurgeAllow,Value=true Key=Volume,Value=vol-0c9c555e321cb7fb5 Key=Created,Value=1490728819
INSTANCE i-02c96aa526459387c
INSTANCE NAME: abfinance_top20_ubuntu_db02
Tagging Snapshot snap-09a3af19dd1757db4 with the following Tags: Key=CreatedBy,Value=ec2-automate-backup Key=InstanceId,Value=i-02c96aa526459387c Key=InstanceName,Value=abfinance_top20_ubuntu_db02 Key=PurgeAfterFE,Value=1493320819 Key=PurgeAllow,Value=true Key=Volume,Value=vol-0a171db3d35833a82 Key=Created,Value=1490728819
INSTANCE i-0146762d86a3f8d50
INSTANCE NAME: abfinance_lcb_production02
Tagging Snapshot snap-0d8b51706f283bd3b with the following Tags: Key=CreatedBy,Value=ec2-automate-backup Key=InstanceId,Value=i-0146762d86a3f8d50 Key=InstanceName,Value=abfinance_lcb_production02 Key=PurgeAfterFE,Value=1493320819 Key=PurgeAllow,Value=true Key=Volume,Value=vol-0fea562fe447a3f76 Key=Created,Value=1490728819
INSTANCE i-0146762d86a3f8d50
INSTANCE NAME: abfinance_lcb_production02
Tagging Snapshot snap-0aebff2e23419075e with the following Tags: Key=CreatedBy,Value=ec2-automate-backup Key=InstanceId,Value=i-0146762d86a3f8d50 Key=InstanceName,Value=abfinance_lcb_production02 Key=PurgeAfterFE,Value=1493320819 Key=PurgeAllow,Value=true Key=Volume,Value=vol-0782f08cb6f6c839c Key=Created,Value=1490728819
INSTANCE i-0c9c05c95fadfa579
INSTANCE NAME: abfinance_lcb_webview02
Tagging Snapshot snap-04b14394e8fb449bc with the following Tags: Key=CreatedBy,Value=ec2-automate-backup Key=InstanceId,Value=i-0c9c05c95fadfa579 Key=InstanceName,Value=abfinance_lcb_webview02 Key=PurgeAfterFE,Value=1493320819 Key=PurgeAllow,Value=true Key=Volume,Value=vol-093a7b55a620d4e21 Key=Created,Value=1490728819
INSTANCE i-0ddb468f7fcf6e0df
INSTANCE NAME: abfinance_lcb_sales02
Tagging Snapshot snap-0acbb70e5321e2225 with the following Tags: Key=CreatedBy,Value=ec2-automate-backup Key=InstanceId,Value=i-0ddb468f7fcf6e0df Key=InstanceName,Value=abfinance_lcb_sales02 Key=PurgeAfterFE,Value=1493320819 Key=PurgeAllow,Value=true Key=Volume,Value=vol-0fad69a30ba7bce0d Key=Created,Value=1490728819
INSTANCE i-0ddb468f7fcf6e0df
INSTANCE NAME: abfinance_lcb_sales02
Tagging Snapshot snap-094869bd30c1a9c8a with the following Tags: Key=CreatedBy,Value=ec2-automate-backup Key=InstanceId,Value=i-0ddb468f7fcf6e0df Key=InstanceName,Value=abfinance_lcb_sales02 Key=PurgeAfterFE,Value=1493320819 Key=PurgeAllow,Value=true Key=Volume,Value=vol-045ed94c459ff8b7f Key=Created,Value=1490728819
INSTANCE i-0b4be2bbf8b348d64
INSTANCE NAME: abfinance_lcb_webview04
Tagging Snapshot snap-070d6d592d3bd9d09 with the following Tags: Key=CreatedBy,Value=ec2-automate-backup Key=InstanceId,Value=i-0b4be2bbf8b348d64 Key=InstanceName,Value=abfinance_lcb_webview04 Key=PurgeAfterFE,Value=1493320819 Key=PurgeAllow,Value=true Key=Volume,Value=vol-028cbc9a0070f9b88 Key=Created,Value=1490728819
INSTANCE i-0c9c05c95fadfa579
INSTANCE NAME: abfinance_lcb_webview02
Tagging Snapshot snap-065093b545243b0f7 with the following Tags: Key=CreatedBy,Value=ec2-automate-backup Key=InstanceId,Value=i-0c9c05c95fadfa579 Key=InstanceName,Value=abfinance_lcb_webview02 Key=PurgeAfterFE,Value=1493320819 Key=PurgeAllow,Value=true Key=Volume,Value=vol-0c28572672b1f140b Key=Created,Value=1490728819
INSTANCE i-0b4be2bbf8b348d64
INSTANCE NAME: abfinance_lcb_webview04
Tagging Snapshot snap-098fe304200cdd36a with the following Tags: Key=CreatedBy,Value=ec2-automate-backup Key=InstanceId,Value=i-0b4be2bbf8b348d64 Key=InstanceName,Value=abfinance_lcb_webview04 Key=PurgeAfterFE,Value=1493320819 Key=PurgeAllow,Value=true Key=Volume,Value=vol-0f31367a3565de9bf Key=Created,Value=1490728819
INSTANCE i-014a452a01f729a81
INSTANCE NAME: abfinance_nat02
Tagging Snapshot snap-04b17bf03ce48ea7c with the following Tags: Key=CreatedBy,Value=ec2-automate-backup Key=InstanceId,Value=i-014a452a01f729a81 Key=InstanceName,Value=abfinance_nat02 Key=PurgeAfterFE,Value=1493320819 Key=PurgeAllow,Value=true Key=Volume,Value=vol-0122877394ee0d073 Key=Created,Value=1490728819
INSTANCE i-014a452a01f729a81
INSTANCE NAME: abfinance_nat02
Tagging Snapshot snap-0bc00d0c036ed2ca2 with the following Tags: Key=CreatedBy,Value=ec2-automate-backup Key=InstanceId,Value=i-014a452a01f729a81 Key=InstanceName,Value=abfinance_nat02 Key=PurgeAfterFE,Value=1493320819 Key=PurgeAllow,Value=true Key=Volume,Value=vol-0eb3627979069db71 Key=Created,Value=1490728819
INSTANCE i-0ee80a69b4f45c60e
INSTANCE NAME: abfinance_waf02
Tagging Snapshot snap-00a15ed04663c002d with the following Tags: Key=CreatedBy,Value=ec2-automate-backup Key=InstanceId,Value=i-0ee80a69b4f45c60e Key=InstanceName,Value=abfinance_waf02 Key=PurgeAfterFE,Value=1493320819 Key=PurgeAllow,Value=true Key=Volume,Value=vol-042db02546c7bbc0f Key=Created,Value=1490728819
INSTANCE i-0ee80a69b4f45c60e
INSTANCE NAME: abfinance_waf02
Tagging Snapshot snap-006c9baf2385b395d with the following Tags: Key=CreatedBy,Value=ec2-automate-backup Key=InstanceId,Value=i-0ee80a69b4f45c60e Key=InstanceName,Value=abfinance_waf02 Key=PurgeAfterFE,Value=1493320819 Key=PurgeAllow,Value=true Key=Volume,Value=vol-0b023adea7ec39f41 Key=Created,Value=1490728819
INSTANCE i-0ee80a69b4f45c60e
INSTANCE NAME: abfinance_waf02
Tagging Snapshot snap-0056b2ed89ddf810b with the following Tags: Key=CreatedBy,Value=ec2-automate-backup Key=InstanceId,Value=i-0ee80a69b4f45c60e Key=InstanceName,Value=abfinance_waf02 Key=PurgeAfterFE,Value=1493320819 Key=PurgeAllow,Value=true Key=Volume,Value=vol-02480e8655b6a38b6 Key=Created,Value=1490728819
INSTANCE i-0a035c9fe74e932da
INSTANCE NAME: abfinance_top20_ubuntu_app02
Tagging Snapshot snap-0d08c04195d959380 with the following Tags: Key=CreatedBy,Value=ec2-automate-backup Key=InstanceId,Value=i-0a035c9fe74e932da Key=InstanceName,Value=abfinance_top20_ubuntu_app02 Key=PurgeAfterFE,Value=1493320819 Key=PurgeAllow,Value=true Key=Volume,Value=vol-0833a0ce5b2b225bf Key=Created,Value=1490728819
INSTANCE i-0e7b41ca87688f980
INSTANCE NAME: abfinance_95569_appcl04
Tagging Snapshot snap-0f8e8e46add5bfe49 with the following Tags: Key=CreatedBy,Value=ec2-automate-backup Key=InstanceId,Value=i-0e7b41ca87688f980 Key=InstanceName,Value=abfinance_95569_appcl04 Key=PurgeAfterFE,Value=1493320819 Key=PurgeAllow,Value=true Key=Volume,Value=vol-09962699c969ead77 Key=Created,Value=1490728819
INSTANCE i-00a8d0c18aa729b40
INSTANCE NAME: abfinance_95569_appcl02
Tagging Snapshot snap-0a2ea94d71b8966b5 with the following Tags: Key=CreatedBy,Value=ec2-automate-backup Key=InstanceId,Value=i-00a8d0c18aa729b40 Key=InstanceName,Value=abfinance_95569_appcl02 Key=PurgeAfterFE,Value=1493320819 Key=PurgeAllow,Value=true Key=Volume,Value=vol-0e1b1051e7f20c3af Key=Created,Value=1490728819
INSTANCE i-04231f43893c2cbce
INSTANCE NAME: abfinance_95569_appcl06
Tagging Snapshot snap-0b742feabb6d036f0 with the following Tags: Key=CreatedBy,Value=ec2-automate-backup Key=InstanceId,Value=i-04231f43893c2cbce Key=InstanceName,Value=abfinance_95569_appcl06 Key=PurgeAfterFE,Value=1493320819 Key=PurgeAllow,Value=true Key=Volume,Value=vol-085a1ef336f7f37d6 Key=Created,Value=1490728819
INSTANCE i-0b1524c7e08ea3c00
INSTANCE NAME: abfinance_95569_appcl08
Tagging Snapshot snap-0996ba3b77891b206 with the following Tags: Key=CreatedBy,Value=ec2-automate-backup Key=InstanceId,Value=i-0b1524c7e08ea3c00 Key=InstanceName,Value=abfinance_95569_appcl08 Key=PurgeAfterFE,Value=1493320819 Key=PurgeAllow,Value=true Key=Volume,Value=vol-0fcddf0f0e57da7e4 Key=Created,Value=1490728819
INSTANCE i-00a8d0c18aa729b40
INSTANCE NAME: abfinance_95569_appcl02
Tagging Snapshot snap-0f35e5602d2b3b3e1 with the following Tags: Key=CreatedBy,Value=ec2-automate-backup Key=InstanceId,Value=i-00a8d0c18aa729b40 Key=InstanceName,Value=abfinance_95569_appcl02 Key=PurgeAfterFE,Value=1493320819 Key=PurgeAllow,Value=true Key=Volume,Value=vol-075d9ef6aede855d6 Key=Created,Value=1490728819
INSTANCE i-04231f43893c2cbce
INSTANCE NAME: abfinance_95569_appcl06
Tagging Snapshot snap-0aeb3686d18adbc1c with the following Tags: Key=CreatedBy,Value=ec2-automate-backup Key=InstanceId,Value=i-04231f43893c2cbce Key=InstanceName,Value=abfinance_95569_appcl06 Key=PurgeAfterFE,Value=1493320819 Key=PurgeAllow,Value=true Key=Volume,Value=vol-0ccee881fd83794ed Key=Created,Value=1490728819
INSTANCE i-0b1524c7e08ea3c00
INSTANCE NAME: abfinance_95569_appcl08
Tagging Snapshot snap-0892c9a4425d01768 with the following Tags: Key=CreatedBy,Value=ec2-automate-backup Key=InstanceId,Value=i-0b1524c7e08ea3c00 Key=InstanceName,Value=abfinance_95569_appcl08 Key=PurgeAfterFE,Value=1493320819 Key=PurgeAllow,Value=true Key=Volume,Value=vol-093abd967cc7d7974 Key=Created,Value=1490728819
INSTANCE i-0e7b41ca87688f980
INSTANCE NAME: abfinance_95569_appcl04
Tagging Snapshot snap-07a451a9b3e80c47e with the following Tags: Key=CreatedBy,Value=ec2-automate-backup Key=InstanceId,Value=i-0e7b41ca87688f980 Key=InstanceName,Value=abfinance_95569_appcl04 Key=PurgeAfterFE,Value=1493320819 Key=PurgeAllow,Value=true Key=Volume,Value=vol-0e39f2b3cde217b99 Key=Created,Value=1490728819
INSTANCE i-07a3a15c9f6feeb46
INSTANCE NAME: test_abfinance_nat02
Tagging Snapshot snap-0c708274912d4c1ad with the following Tags: Key=CreatedBy,Value=ec2-automate-backup Key=InstanceId,Value=i-07a3a15c9f6feeb46 Key=InstanceName,Value=test_abfinance_nat02 Key=PurgeAfterFE,Value=1493320819 Key=PurgeAllow,Value=true Key=Volume,Value=vol-01ab7d41e5b31850a Key=Created,Value=1490728819
INSTANCE i-07a3a15c9f6feeb46
INSTANCE NAME: test_abfinance_nat02
Tagging Snapshot snap-01822cc8414aeafc4 with the following Tags: Key=CreatedBy,Value=ec2-automate-backup Key=InstanceId,Value=i-07a3a15c9f6feeb46 Key=InstanceName,Value=test_abfinance_nat02 Key=PurgeAfterFE,Value=1493320819 Key=PurgeAllow,Value=true Key=Volume,Value=vol-0d82762847b8c1626 Key=Created,Value=1490728819
INSTANCE i-0961c1eaf8cb6e3e2
INSTANCE NAME: abfinance_top20_ubuntu_app07
Tagging Snapshot snap-0a3d0ba99374ff778 with the following Tags: Key=CreatedBy,Value=ec2-automate-backup Key=InstanceId,Value=i-0961c1eaf8cb6e3e2 Key=InstanceName,Value=abfinance_top20_ubuntu_app07 Key=PurgeAfterFE,Value=1493320819 Key=PurgeAllow,Value=true Key=Volume,Value=vol-01c97cbcabbffd2f6 Key=Created,Value=1490728819
INSTANCE i-08622f22307f9b3dc
INSTANCE NAME: abfinance_top20_ubuntu_app08
Tagging Snapshot snap-0b6fc7f2d41328ca5 with the following Tags: Key=CreatedBy,Value=ec2-automate-backup Key=InstanceId,Value=i-08622f22307f9b3dc Key=InstanceName,Value=abfinance_top20_ubuntu_app08 Key=PurgeAfterFE,Value=1493320819 Key=PurgeAllow,Value=true Key=Volume,Value=vol-0007abc804d169613 Key=Created,Value=1490728819
INSTANCE i-0961c1eaf8cb6e3e2
INSTANCE NAME: abfinance_top20_ubuntu_app07
Tagging Snapshot snap-0ef3149ac4f04f490 with the following Tags: Key=CreatedBy,Value=ec2-automate-backup Key=InstanceId,Value=i-0961c1eaf8cb6e3e2 Key=InstanceName,Value=abfinance_top20_ubuntu_app07 Key=PurgeAfterFE,Value=1493320819 Key=PurgeAllow,Value=true Key=Volume,Value=vol-0b0833a63623e27fd Key=Created,Value=1490728819
INSTANCE i-0961c1eaf8cb6e3e2
INSTANCE NAME: abfinance_top20_ubuntu_app07
Tagging Snapshot snap-038e92d0207e15f4a with the following Tags: Key=CreatedBy,Value=ec2-automate-backup Key=InstanceId,Value=i-0961c1eaf8cb6e3e2 Key=InstanceName,Value=abfinance_top20_ubuntu_app07 Key=PurgeAfterFE,Value=1493320819 Key=PurgeAllow,Value=true Key=Volume,Value=vol-034ac121f027aee3d Key=Created,Value=1490728819
INSTANCE i-047407af8e70e5586
INSTANCE NAME: abfinance_top20_ubuntu_app09
Tagging Snapshot snap-092aa5bc6b4e8cbd5 with the following Tags: Key=CreatedBy,Value=ec2-automate-backup Key=InstanceId,Value=i-047407af8e70e5586 Key=InstanceName,Value=abfinance_top20_ubuntu_app09 Key=PurgeAfterFE,Value=1493320819 Key=PurgeAllow,Value=true Key=Volume,Value=vol-020dc1f08a4d59a28 Key=Created,Value=1490728819
INSTANCE i-047407af8e70e5586
INSTANCE NAME: abfinance_top20_ubuntu_app09
Tagging Snapshot snap-016cfadc484e7c958 with the following Tags: Key=CreatedBy,Value=ec2-automate-backup Key=InstanceId,Value=i-047407af8e70e5586 Key=InstanceName,Value=abfinance_top20_ubuntu_app09 Key=PurgeAfterFE,Value=1493320819 Key=PurgeAllow,Value=true Key=Volume,Value=vol-0661fcbcb7fca8736 Key=Created,Value=1490728819
INSTANCE i-08622f22307f9b3dc
INSTANCE NAME: abfinance_top20_ubuntu_app08
Tagging Snapshot snap-0b3eb5f0b228ecb2d with the following Tags: Key=CreatedBy,Value=ec2-automate-backup Key=InstanceId,Value=i-08622f22307f9b3dc Key=InstanceName,Value=abfinance_top20_ubuntu_app08 Key=PurgeAfterFE,Value=1493320819 Key=PurgeAllow,Value=true Key=Volume,Value=vol-0e2d6cd9d5d987918 Key=Created,Value=1490728819
INSTANCE i-047407af8e70e5586
INSTANCE NAME: abfinance_top20_ubuntu_app09
Tagging Snapshot snap-0b28be7ffcb700858 with the following Tags: Key=CreatedBy,Value=ec2-automate-backup Key=InstanceId,Value=i-047407af8e70e5586 Key=InstanceName,Value=abfinance_top20_ubuntu_app09 Key=PurgeAfterFE,Value=1493320819 Key=PurgeAllow,Value=true Key=Volume,Value=vol-034bf0cd673d73b04 Key=Created,Value=1490728819
INSTANCE i-0961c1eaf8cb6e3e2
INSTANCE NAME: abfinance_top20_ubuntu_app07
Tagging Snapshot snap-025cbb641bdf7b716 with the following Tags: Key=CreatedBy,Value=ec2-automate-backup Key=InstanceId,Value=i-0961c1eaf8cb6e3e2 Key=InstanceName,Value=abfinance_top20_ubuntu_app07 Key=PurgeAfterFE,Value=1493320819 Key=PurgeAllow,Value=true Key=Volume,Value=vol-014f16614cd6e4f09 Key=Created,Value=1490728819
INSTANCE i-08622f22307f9b3dc
INSTANCE NAME: abfinance_top20_ubuntu_app08
Tagging Snapshot snap-0775db791e991e68d with the following Tags: Key=CreatedBy,Value=ec2-automate-backup Key=InstanceId,Value=i-08622f22307f9b3dc Key=InstanceName,Value=abfinance_top20_ubuntu_app08 Key=PurgeAfterFE,Value=1493320819 Key=PurgeAllow,Value=true Key=Volume,Value=vol-0e98d92b5a271e0c1 Key=Created,Value=1490728819
INSTANCE i-047407af8e70e5586
INSTANCE NAME: abfinance_top20_ubuntu_app09
Tagging Snapshot snap-0bdaf5136a49624fa with the following Tags: Key=CreatedBy,Value=ec2-automate-backup Key=InstanceId,Value=i-047407af8e70e5586 Key=InstanceName,Value=abfinance_top20_ubuntu_app09 Key=PurgeAfterFE,Value=1493320819 Key=PurgeAllow,Value=true Key=Volume,Value=vol-0fdd1c6ac89f46341 Key=Created,Value=1490728819
INSTANCE i-08622f22307f9b3dc
INSTANCE NAME: abfinance_top20_ubuntu_app08
Tagging Snapshot snap-0d90d7a8044794544 with the following Tags: Key=CreatedBy,Value=ec2-automate-backup Key=InstanceId,Value=i-08622f22307f9b3dc Key=InstanceName,Value=abfinance_top20_ubuntu_app08 Key=PurgeAfterFE,Value=1493320819 Key=PurgeAllow,Value=true Key=Volume,Value=vol-09bb75d16f9d1bb61 Key=Created,Value=1490728819
INSTANCE i-0bcd22592948a3bc8
INSTANCE NAME: abfinance_95569_app141
Tagging Snapshot snap-086be56643b5f2910 with the following Tags: Key=CreatedBy,Value=ec2-automate-backup Key=InstanceId,Value=i-0bcd22592948a3bc8 Key=InstanceName,Value=abfinance_95569_app141 Key=PurgeAfterFE,Value=1493320819 Key=PurgeAllow,Value=true Key=Volume,Value=vol-018e795cdbb9f839f Key=Created,Value=1490728819
INSTANCE i-0bcd22592948a3bc8
INSTANCE NAME: abfinance_95569_app141
Tagging Snapshot snap-0b9ebe6251a359fac with the following Tags: Key=CreatedBy,Value=ec2-automate-backup Key=InstanceId,Value=i-0bcd22592948a3bc8 Key=InstanceName,Value=abfinance_95569_app141 Key=PurgeAfterFE,Value=1493320819 Key=PurgeAllow,Value=true Key=Volume,Value=vol-086aba265d94e61b4 Key=Created,Value=1490728819
INSTANCE i-03b57928616a8d119
INSTANCE NAME: abfinance_95569_app11
Tagging Snapshot snap-0703d9fc04f54c761 with the following Tags: Key=CreatedBy,Value=ec2-automate-backup Key=InstanceId,Value=i-03b57928616a8d119 Key=InstanceName,Value=abfinance_95569_app11 Key=PurgeAfterFE,Value=1493320819 Key=PurgeAllow,Value=true Key=Volume,Value=vol-00a4d8cc657fd095f Key=Created,Value=1490728819
INSTANCE i-09c114c3c67ac2768
INSTANCE NAME: abfinance_95569_app15
Tagging Snapshot snap-0e15c1ba375543c46 with the following Tags: Key=CreatedBy,Value=ec2-automate-backup Key=InstanceId,Value=i-09c114c3c67ac2768 Key=InstanceName,Value=abfinance_95569_app15 Key=PurgeAfterFE,Value=1493320819 Key=PurgeAllow,Value=true Key=Volume,Value=vol-0dc2b205ff3e0db9f Key=Created,Value=1490728819
INSTANCE i-09c114c3c67ac2768
INSTANCE NAME: abfinance_95569_app15
Tagging Snapshot snap-09ab4ca8045a9839a with the following Tags: Key=CreatedBy,Value=ec2-automate-backup Key=InstanceId,Value=i-09c114c3c67ac2768 Key=InstanceName,Value=abfinance_95569_app15 Key=PurgeAfterFE,Value=1493320819 Key=PurgeAllow,Value=true Key=Volume,Value=vol-0603570eb189be1e3 Key=Created,Value=1490728819
INSTANCE i-0a5f15688eacd2e3e
INSTANCE NAME: abfinance_95569_app13
Tagging Snapshot snap-015bf88d1adfb9189 with the following Tags: Key=CreatedBy,Value=ec2-automate-backup Key=InstanceId,Value=i-0a5f15688eacd2e3e Key=InstanceName,Value=abfinance_95569_app13 Key=PurgeAfterFE,Value=1493320819 Key=PurgeAllow,Value=true Key=Volume,Value=vol-02298d3eaf4ba7281 Key=Created,Value=1490728819
INSTANCE i-0a5f15688eacd2e3e
INSTANCE NAME: abfinance_95569_app13
Tagging Snapshot snap-0b700b91935c89d7f with the following Tags: Key=CreatedBy,Value=ec2-automate-backup Key=InstanceId,Value=i-0a5f15688eacd2e3e Key=InstanceName,Value=abfinance_95569_app13 Key=PurgeAfterFE,Value=1493320819 Key=PurgeAllow,Value=true Key=Volume,Value=vol-0785e6333055e6365 Key=Created,Value=1490728819
INSTANCE i-0f0c674e5b6788a2c
INSTANCE NAME: abfinance_95569_app19
Tagging Snapshot snap-0a961ee5348524bc1 with the following Tags: Key=CreatedBy,Value=ec2-automate-backup Key=InstanceId,Value=i-0f0c674e5b6788a2c Key=InstanceName,Value=abfinance_95569_app19 Key=PurgeAfterFE,Value=1493320819 Key=PurgeAllow,Value=true Key=Volume,Value=vol-06b68df3e57d2e58d Key=Created,Value=1490728819
INSTANCE i-0f0c674e5b6788a2c
INSTANCE NAME: abfinance_95569_app19
Tagging Snapshot snap-03dd5a9d7faeea889 with the following Tags: Key=CreatedBy,Value=ec2-automate-backup Key=InstanceId,Value=i-0f0c674e5b6788a2c Key=InstanceName,Value=abfinance_95569_app19 Key=PurgeAfterFE,Value=1493320819 Key=PurgeAllow,Value=true Key=Volume,Value=vol-0851a9c76d4ea078c Key=Created,Value=1490728819
INSTANCE i-0a411a0ef749f4cf1
INSTANCE NAME: abfinance_95569_app21
Tagging Snapshot snap-0f01295360a5e8817 with the following Tags: Key=CreatedBy,Value=ec2-automate-backup Key=InstanceId,Value=i-0a411a0ef749f4cf1 Key=InstanceName,Value=abfinance_95569_app21 Key=PurgeAfterFE,Value=1493320819 Key=PurgeAllow,Value=true Key=Volume,Value=vol-0c3d605f9052074d8 Key=Created,Value=1490728819
INSTANCE i-0a411a0ef749f4cf1
INSTANCE NAME: abfinance_95569_app21
Tagging Snapshot snap-0001210b14844623f with the following Tags: Key=CreatedBy,Value=ec2-automate-backup Key=InstanceId,Value=i-0a411a0ef749f4cf1 Key=InstanceName,Value=abfinance_95569_app21 Key=PurgeAfterFE,Value=1493320819 Key=PurgeAllow,Value=true Key=Volume,Value=vol-0310bf0152a386a1f Key=Created,Value=1490728819
INSTANCE i-0d5e1e43bf386d202
INSTANCE NAME: abfinance_95569_app23
Tagging Snapshot snap-05f99eb85573dd00e with the following Tags: Key=CreatedBy,Value=ec2-automate-backup Key=InstanceId,Value=i-0d5e1e43bf386d202 Key=InstanceName,Value=abfinance_95569_app23 Key=PurgeAfterFE,Value=1493320819 Key=PurgeAllow,Value=true Key=Volume,Value=vol-0f81b4a366156ec4e Key=Created,Value=1490728819
INSTANCE i-0d5e1e43bf386d202
INSTANCE NAME: abfinance_95569_app23
Tagging Snapshot snap-095cc2c88abf483e1 with the following Tags: Key=CreatedBy,Value=ec2-automate-backup Key=InstanceId,Value=i-0d5e1e43bf386d202 Key=InstanceName,Value=abfinance_95569_app23 Key=PurgeAfterFE,Value=1493320819 Key=PurgeAllow,Value=true Key=Volume,Value=vol-0111d7f26ad53c4cb Key=Created,Value=1490728819
INSTANCE i-0eb8007a14e67dab2
INSTANCE NAME: abfinance_95569_app27
Tagging Snapshot snap-0323f9f9da00a38dc with the following Tags: Key=CreatedBy,Value=ec2-automate-backup Key=InstanceId,Value=i-0eb8007a14e67dab2 Key=InstanceName,Value=abfinance_95569_app27 Key=PurgeAfterFE,Value=1493320819 Key=PurgeAllow,Value=true Key=Volume,Value=vol-03525070f4c814961 Key=Created,Value=1490728819
INSTANCE i-07edbc122c6a6ac80
INSTANCE NAME: abfinance_95569_app17
Tagging Snapshot snap-003bd3693df7d26c3 with the following Tags: Key=CreatedBy,Value=ec2-automate-backup Key=InstanceId,Value=i-07edbc122c6a6ac80 Key=InstanceName,Value=abfinance_95569_app17 Key=PurgeAfterFE,Value=1493320819 Key=PurgeAllow,Value=true Key=Volume,Value=vol-04e6264745822f286 Key=Created,Value=1490728819
INSTANCE i-03b57928616a8d119
INSTANCE NAME: abfinance_95569_app11
Tagging Snapshot snap-0fab2e2fc3b836342 with the following Tags: Key=CreatedBy,Value=ec2-automate-backup Key=InstanceId,Value=i-03b57928616a8d119 Key=InstanceName,Value=abfinance_95569_app11 Key=PurgeAfterFE,Value=1493320819 Key=PurgeAllow,Value=true Key=Volume,Value=vol-004d8faa59c222aa5 Key=Created,Value=1490728819
INSTANCE i-07edbc122c6a6ac80
INSTANCE NAME: abfinance_95569_app17
Tagging Snapshot snap-064501eec04bbd97e with the following Tags: Key=CreatedBy,Value=ec2-automate-backup Key=InstanceId,Value=i-07edbc122c6a6ac80 Key=InstanceName,Value=abfinance_95569_app17 Key=PurgeAfterFE,Value=1493320819 Key=PurgeAllow,Value=true Key=Volume,Value=vol-01b2522c2d2534299 Key=Created,Value=1490728819
INSTANCE i-07728f7b5bfbf498e
INSTANCE NAME: abfinance_95569_app25
Tagging Snapshot snap-0a5817c0535e8aed2 with the following Tags: Key=CreatedBy,Value=ec2-automate-backup Key=InstanceId,Value=i-07728f7b5bfbf498e Key=InstanceName,Value=abfinance_95569_app25 Key=PurgeAfterFE,Value=1493320819 Key=PurgeAllow,Value=true Key=Volume,Value=vol-04b5c2f0495b27c68 Key=Created,Value=1490728819
INSTANCE i-0eb8007a14e67dab2
INSTANCE NAME: abfinance_95569_app27
Tagging Snapshot snap-0181865eb309351fd with the following Tags: Key=CreatedBy,Value=ec2-automate-backup Key=InstanceId,Value=i-0eb8007a14e67dab2 Key=InstanceName,Value=abfinance_95569_app27 Key=PurgeAfterFE,Value=1493320819 Key=PurgeAllow,Value=true Key=Volume,Value=vol-0dcf38ce3ae3a060a Key=Created,Value=1490728819
INSTANCE i-07728f7b5bfbf498e
INSTANCE NAME: abfinance_95569_app25
Tagging Snapshot snap-06c338820fa71d07b with the following Tags: Key=CreatedBy,Value=ec2-automate-backup Key=InstanceId,Value=i-07728f7b5bfbf498e Key=InstanceName,Value=abfinance_95569_app25 Key=PurgeAfterFE,Value=1493320819 Key=PurgeAllow,Value=true Key=Volume,Value=vol-0200a88c02cfb804d Key=Created,Value=1490728819
INSTANCE i-0257be16b51727274
INSTANCE NAME: abfinance_95569_app01
Tagging Snapshot snap-0b7e9c8b5a0f9db75 with the following Tags: Key=CreatedBy,Value=ec2-automate-backup Key=InstanceId,Value=i-0257be16b51727274 Key=InstanceName,Value=abfinance_95569_app01 Key=PurgeAfterFE,Value=1493320819 Key=PurgeAllow,Value=true Key=Volume,Value=vol-09653c9b7d7cc8b5a Key=Created,Value=1490728819
INSTANCE i-00737f9ceeaad86d1
INSTANCE NAME: abfinance_95569_app03
Tagging Snapshot snap-07a85c6b621215ca0 with the following Tags: Key=CreatedBy,Value=ec2-automate-backup Key=InstanceId,Value=i-00737f9ceeaad86d1 Key=InstanceName,Value=abfinance_95569_app03 Key=PurgeAfterFE,Value=1493320819 Key=PurgeAllow,Value=true Key=Volume,Value=vol-0d4af25a0758d6113 Key=Created,Value=1490728819
INSTANCE i-00737f9ceeaad86d1
INSTANCE NAME: abfinance_95569_app03
Tagging Snapshot snap-097b020e05126dab2 with the following Tags: Key=CreatedBy,Value=ec2-automate-backup Key=InstanceId,Value=i-00737f9ceeaad86d1 Key=InstanceName,Value=abfinance_95569_app03 Key=PurgeAfterFE,Value=1493320819 Key=PurgeAllow,Value=true Key=Volume,Value=vol-08c55b678a9fff5df Key=Created,Value=1490728819
INSTANCE i-0723ff9b3e8e40be7
INSTANCE NAME: abfinance_95569_app37
Tagging Snapshot snap-09df188966ac1af72 with the following Tags: Key=CreatedBy,Value=ec2-automate-backup Key=InstanceId,Value=i-0723ff9b3e8e40be7 Key=InstanceName,Value=abfinance_95569_app37 Key=PurgeAfterFE,Value=1493320819 Key=PurgeAllow,Value=true Key=Volume,Value=vol-0281762adebc253ea Key=Created,Value=1490728819
INSTANCE i-0257be16b51727274
INSTANCE NAME: abfinance_95569_app01
Tagging Snapshot snap-03e537c6691506963 with the following Tags: Key=CreatedBy,Value=ec2-automate-backup Key=InstanceId,Value=i-0257be16b51727274 Key=InstanceName,Value=abfinance_95569_app01 Key=PurgeAfterFE,Value=1493320819 Key=PurgeAllow,Value=true Key=Volume,Value=vol-0d8e0588b2630dc6f Key=Created,Value=1490728819
INSTANCE i-0723ff9b3e8e40be7
INSTANCE NAME: abfinance_95569_app37
Tagging Snapshot snap-08cad1c2b83964f3d with the following Tags: Key=CreatedBy,Value=ec2-automate-backup Key=InstanceId,Value=i-0723ff9b3e8e40be7 Key=InstanceName,Value=abfinance_95569_app37 Key=PurgeAfterFE,Value=1493320819 Key=PurgeAllow,Value=true Key=Volume,Value=vol-0b7b3d56950413d9b Key=Created,Value=1490728819
INSTANCE i-0f705ab54239a1f52
INSTANCE NAME: abfinance_95569_qyyxapp05
Tagging Snapshot snap-0ac77429256367427 with the following Tags: Key=CreatedBy,Value=ec2-automate-backup Key=InstanceId,Value=i-0f705ab54239a1f52 Key=InstanceName,Value=abfinance_95569_qyyxapp05 Key=PurgeAfterFE,Value=1493320819 Key=PurgeAllow,Value=true Key=Volume,Value=vol-09d6b1837b615adf0 Key=Created,Value=1490728819
INSTANCE i-04a60b0759f7eb2ac
INSTANCE NAME: abfinance_95569_qyyxapp01
Tagging Snapshot snap-011a6439324385b30 with the following Tags: Key=CreatedBy,Value=ec2-automate-backup Key=InstanceId,Value=i-04a60b0759f7eb2ac Key=InstanceName,Value=abfinance_95569_qyyxapp01 Key=PurgeAfterFE,Value=1493320819 Key=PurgeAllow,Value=true Key=Volume,Value=vol-0ab00cc4b064066fb Key=Created,Value=1490728819
INSTANCE i-0f705ab54239a1f52
INSTANCE NAME: abfinance_95569_qyyxapp05
Tagging Snapshot snap-0fafd6d47fb87859a with the following Tags: Key=CreatedBy,Value=ec2-automate-backup Key=InstanceId,Value=i-0f705ab54239a1f52 Key=InstanceName,Value=abfinance_95569_qyyxapp05 Key=PurgeAfterFE,Value=1493320819 Key=PurgeAllow,Value=true Key=Volume,Value=vol-0b8edb31bd17a1ded Key=Created,Value=1490728819
INSTANCE i-04a60b0759f7eb2ac
INSTANCE NAME: abfinance_95569_qyyxapp01
Tagging Snapshot snap-08715d087ccd32eed with the following Tags: Key=CreatedBy,Value=ec2-automate-backup Key=InstanceId,Value=i-04a60b0759f7eb2ac Key=InstanceName,Value=abfinance_95569_qyyxapp01 Key=PurgeAfterFE,Value=1493320819 Key=PurgeAllow,Value=true Key=Volume,Value=vol-0966ecafbcd12b336 Key=Created,Value=1490728819
INSTANCE i-00a83f954cf74b49c
INSTANCE NAME: abfinance_top20_ubuntu_db01
Tagging Snapshot snap-05a7cf8906fbe00c4 with the following Tags: Key=CreatedBy,Value=ec2-automate-backup Key=InstanceId,Value=i-00a83f954cf74b49c Key=InstanceName,Value=abfinance_top20_ubuntu_db01 Key=PurgeAfterFE,Value=1493320819 Key=PurgeAllow,Value=true Key=Volume,Value=vol-00650e414cf107b17 Key=Created,Value=1490728819
INSTANCE i-0c216734d128c6375
INSTANCE NAME: abfinance_top20_ubuntu_app03
Tagging Snapshot snap-04f0b1a8e86a63741 with the following Tags: Key=CreatedBy,Value=ec2-automate-backup Key=InstanceId,Value=i-0c216734d128c6375 Key=InstanceName,Value=abfinance_top20_ubuntu_app03 Key=PurgeAfterFE,Value=1493320819 Key=PurgeAllow,Value=true Key=Volume,Value=vol-0f763f4259c95c9b5 Key=Created,Value=1490728819
INSTANCE i-0c216734d128c6375
INSTANCE NAME: abfinance_top20_ubuntu_app03
Tagging Snapshot snap-002cf2ff4030ac8d2 with the following Tags: Key=CreatedBy,Value=ec2-automate-backup Key=InstanceId,Value=i-0c216734d128c6375 Key=InstanceName,Value=abfinance_top20_ubuntu_app03 Key=PurgeAfterFE,Value=1493320819 Key=PurgeAllow,Value=true Key=Volume,Value=vol-0cd52f41e2b7d8e0a Key=Created,Value=1490728819
INSTANCE i-00a83f954cf74b49c
INSTANCE NAME: abfinance_top20_ubuntu_db01
Tagging Snapshot snap-0646fd28bc0fd245e with the following Tags: Key=CreatedBy,Value=ec2-automate-backup Key=InstanceId,Value=i-00a83f954cf74b49c Key=InstanceName,Value=abfinance_top20_ubuntu_db01 Key=PurgeAfterFE,Value=1493320819 Key=PurgeAllow,Value=true Key=Volume,Value=vol-02af501b13bf54b0e Key=Created,Value=1490728819
INSTANCE i-00a83f954cf74b49c
INSTANCE NAME: abfinance_top20_ubuntu_db01
Tagging Snapshot snap-0b95124d8b885d25e with the following Tags: Key=CreatedBy,Value=ec2-automate-backup Key=InstanceId,Value=i-00a83f954cf74b49c Key=InstanceName,Value=abfinance_top20_ubuntu_db01 Key=PurgeAfterFE,Value=1493320819 Key=PurgeAllow,Value=true Key=Volume,Value=vol-0bee7854c001f0356 Key=Created,Value=1490728819
INSTANCE i-0c216734d128c6375
INSTANCE NAME: abfinance_top20_ubuntu_app03
Tagging Snapshot snap-02d115a9a8a153d92 with the following Tags: Key=CreatedBy,Value=ec2-automate-backup Key=InstanceId,Value=i-0c216734d128c6375 Key=InstanceName,Value=abfinance_top20_ubuntu_app03 Key=PurgeAfterFE,Value=1493320819 Key=PurgeAllow,Value=true Key=Volume,Value=vol-0cc56bc37e58a69f8 Key=Created,Value=1490728819
INSTANCE i-0c216734d128c6375
INSTANCE NAME: abfinance_top20_ubuntu_app03
Tagging Snapshot snap-0922d37499b2ede37 with the following Tags: Key=CreatedBy,Value=ec2-automate-backup Key=InstanceId,Value=i-0c216734d128c6375 Key=InstanceName,Value=abfinance_top20_ubuntu_app03 Key=PurgeAfterFE,Value=1493320819 Key=PurgeAllow,Value=true Key=Volume,Value=vol-07fdebcf5a0e444be Key=Created,Value=1490728819
INSTANCE i-00a83f954cf74b49c
INSTANCE NAME: abfinance_top20_ubuntu_db01
Tagging Snapshot snap-04042e9fd3fd0af69 with the following Tags: Key=CreatedBy,Value=ec2-automate-backup Key=InstanceId,Value=i-00a83f954cf74b49c Key=InstanceName,Value=abfinance_top20_ubuntu_db01 Key=PurgeAfterFE,Value=1493320819 Key=PurgeAllow,Value=true Key=Volume,Value=vol-0689fe07556ce52b6 Key=Created,Value=1490728819
INSTANCE i-00a83f954cf74b49c
INSTANCE NAME: abfinance_top20_ubuntu_db01
Tagging Snapshot snap-0c5e9e9755b3a242f with the following Tags: Key=CreatedBy,Value=ec2-automate-backup Key=InstanceId,Value=i-00a83f954cf74b49c Key=InstanceName,Value=abfinance_top20_ubuntu_db01 Key=PurgeAfterFE,Value=1493320819 Key=PurgeAllow,Value=true Key=Volume,Value=vol-06d9a2487a760806c Key=Created,Value=1490728819
INSTANCE i-084540b57e4187648
INSTANCE NAME: abfinance_fileshare01
Tagging Snapshot snap-0cde83149d439f9ee with the following Tags: Key=CreatedBy,Value=ec2-automate-backup Key=InstanceId,Value=i-084540b57e4187648 Key=InstanceName,Value=abfinance_fileshare01 Key=PurgeAfterFE,Value=1493320819 Key=PurgeAllow,Value=true Key=Volume,Value=vol-0fabf5c1d62646d8a Key=Created,Value=1490728819
INSTANCE i-084540b57e4187648
INSTANCE NAME: abfinance_fileshare01
Tagging Snapshot snap-0a2909599bb933780 with the following Tags: Key=CreatedBy,Value=ec2-automate-backup Key=InstanceId,Value=i-084540b57e4187648 Key=InstanceName,Value=abfinance_fileshare01 Key=PurgeAfterFE,Value=1493320819 Key=PurgeAllow,Value=true Key=Volume,Value=vol-03e0f7adfeb97a6d9 Key=Created,Value=1490728819
INSTANCE i-009d3dba5cea1a5fd
INSTANCE NAME: abfinance_lcb_admin01
Tagging Snapshot snap-0b7d20c3240155ff3 with the following Tags: Key=CreatedBy,Value=ec2-automate-backup Key=InstanceId,Value=i-009d3dba5cea1a5fd Key=InstanceName,Value=abfinance_lcb_admin01 Key=PurgeAfterFE,Value=1493320819 Key=PurgeAllow,Value=true Key=Volume,Value=vol-08e53cbca7fc7d50f Key=Created,Value=1490728819
INSTANCE i-009d3dba5cea1a5fd
INSTANCE NAME: abfinance_lcb_admin01
Tagging Snapshot snap-00b24a2fca3755536 with the following Tags: Key=CreatedBy,Value=ec2-automate-backup Key=InstanceId,Value=i-009d3dba5cea1a5fd Key=InstanceName,Value=abfinance_lcb_admin01 Key=PurgeAfterFE,Value=1493320819 Key=PurgeAllow,Value=true Key=Volume,Value=vol-070270ceedb98dca2 Key=Created,Value=1490728819
INSTANCE i-0c692d9224afa0bfa
INSTANCE NAME: abfinance_lcb_production01
Tagging Snapshot snap-006c498e5c2ac92df with the following Tags: Key=CreatedBy,Value=ec2-automate-backup Key=InstanceId,Value=i-0c692d9224afa0bfa Key=InstanceName,Value=abfinance_lcb_production01 Key=PurgeAfterFE,Value=1493320819 Key=PurgeAllow,Value=true Key=Volume,Value=vol-03b3d8c0e1cadf8c1 Key=Created,Value=1490728819
INSTANCE i-0e36e12e65d6b4a4e
INSTANCE NAME: abfinance_lcb_sales01
Tagging Snapshot snap-09ab589138e8aaf04 with the following Tags: Key=CreatedBy,Value=ec2-automate-backup Key=InstanceId,Value=i-0e36e12e65d6b4a4e Key=InstanceName,Value=abfinance_lcb_sales01 Key=PurgeAfterFE,Value=1493320819 Key=PurgeAllow,Value=true Key=Volume,Value=vol-08e5740f9ae393ab6 Key=Created,Value=1490728819
INSTANCE i-0c692d9224afa0bfa
INSTANCE NAME: abfinance_lcb_production01
Tagging Snapshot snap-0daf242f9a5b91ddb with the following Tags: Key=CreatedBy,Value=ec2-automate-backup Key=InstanceId,Value=i-0c692d9224afa0bfa Key=InstanceName,Value=abfinance_lcb_production01 Key=PurgeAfterFE,Value=1493320819 Key=PurgeAllow,Value=true Key=Volume,Value=vol-0734128d6832a8b05 Key=Created,Value=1490728819
INSTANCE i-09c2eabe897e928a7
INSTANCE NAME: abfinance_lcb_webview01
Tagging Snapshot snap-01086af9f0a9b0054 with the following Tags: Key=CreatedBy,Value=ec2-automate-backup Key=InstanceId,Value=i-09c2eabe897e928a7 Key=InstanceName,Value=abfinance_lcb_webview01 Key=PurgeAfterFE,Value=1493320819 Key=PurgeAllow,Value=true Key=Volume,Value=vol-08656f7f1440aa14a Key=Created,Value=1490728819
INSTANCE i-09c2eabe897e928a7
INSTANCE NAME: abfinance_lcb_webview01
Tagging Snapshot snap-09834fc766e4ddba1 with the following Tags: Key=CreatedBy,Value=ec2-automate-backup Key=InstanceId,Value=i-09c2eabe897e928a7 Key=InstanceName,Value=abfinance_lcb_webview01 Key=PurgeAfterFE,Value=1493320819 Key=PurgeAllow,Value=true Key=Volume,Value=vol-0aa81463a2ad03c7a Key=Created,Value=1490728819
INSTANCE i-0518c045d2be93427
INSTANCE NAME: abfinance_nat01
Tagging Snapshot snap-079c69279e02bd7f7 with the following Tags: Key=CreatedBy,Value=ec2-automate-backup Key=InstanceId,Value=i-0518c045d2be93427 Key=InstanceName,Value=abfinance_nat01 Key=PurgeAfterFE,Value=1493320819 Key=PurgeAllow,Value=true Key=Volume,Value=vol-0d9130bb61c0d4c56 Key=Created,Value=1490728819
INSTANCE i-0e36e12e65d6b4a4e
INSTANCE NAME: abfinance_lcb_sales01
Tagging Snapshot snap-00431e5a28ff1eab2 with the following Tags: Key=CreatedBy,Value=ec2-automate-backup Key=InstanceId,Value=i-0e36e12e65d6b4a4e Key=InstanceName,Value=abfinance_lcb_sales01 Key=PurgeAfterFE,Value=1493320819 Key=PurgeAllow,Value=true Key=Volume,Value=vol-023127c32f4b64e52 Key=Created,Value=1490728819
INSTANCE i-0518c045d2be93427
INSTANCE NAME: abfinance_nat01
Tagging Snapshot snap-06de95defe70b0d96 with the following Tags: Key=CreatedBy,Value=ec2-automate-backup Key=InstanceId,Value=i-0518c045d2be93427 Key=InstanceName,Value=abfinance_nat01 Key=PurgeAfterFE,Value=1493320819 Key=PurgeAllow,Value=true Key=Volume,Value=vol-0528c98fb329dffea Key=Created,Value=1490728819
INSTANCE i-038656cd0a5878996
INSTANCE NAME: abfinance_lcb_webview03
Tagging Snapshot snap-0f97b98159c2bc5c0 with the following Tags: Key=CreatedBy,Value=ec2-automate-backup Key=InstanceId,Value=i-038656cd0a5878996 Key=InstanceName,Value=abfinance_lcb_webview03 Key=PurgeAfterFE,Value=1493320819 Key=PurgeAllow,Value=true Key=Volume,Value=vol-029a78effd0af4174 Key=Created,Value=1490728819
INSTANCE i-038656cd0a5878996
INSTANCE NAME: abfinance_lcb_webview03
Tagging Snapshot snap-0af7d7e393be87a70 with the following Tags: Key=CreatedBy,Value=ec2-automate-backup Key=InstanceId,Value=i-038656cd0a5878996 Key=InstanceName,Value=abfinance_lcb_webview03 Key=PurgeAfterFE,Value=1493320819 Key=PurgeAllow,Value=true Key=Volume,Value=vol-0f119584d4b9ada06 Key=Created,Value=1490728819
INSTANCE i-071c0e09746a7cab2
INSTANCE NAME: abfinance_top20_ubuntu_app01
Tagging Snapshot snap-018a33b7142df5e01 with the following Tags: Key=CreatedBy,Value=ec2-automate-backup Key=InstanceId,Value=i-071c0e09746a7cab2 Key=InstanceName,Value=abfinance_top20_ubuntu_app01 Key=PurgeAfterFE,Value=1493320819 Key=PurgeAllow,Value=true Key=Volume,Value=vol-028c8b322e5479cf7 Key=Created,Value=1490728819
INSTANCE i-071c0e09746a7cab2
INSTANCE NAME: abfinance_top20_ubuntu_app01
Tagging Snapshot snap-043e94a0410678f3f with the following Tags: Key=CreatedBy,Value=ec2-automate-backup Key=InstanceId,Value=i-071c0e09746a7cab2 Key=InstanceName,Value=abfinance_top20_ubuntu_app01 Key=PurgeAfterFE,Value=1493320819 Key=PurgeAllow,Value=true Key=Volume,Value=vol-07635e1c11c362ee7 Key=Created,Value=1490728819
INSTANCE i-071c0e09746a7cab2
INSTANCE NAME: abfinance_top20_ubuntu_app01
Tagging Snapshot snap-0676b4391976d4d18 with the following Tags: Key=CreatedBy,Value=ec2-automate-backup Key=InstanceId,Value=i-071c0e09746a7cab2 Key=InstanceName,Value=abfinance_top20_ubuntu_app01 Key=PurgeAfterFE,Value=1493320819 Key=PurgeAllow,Value=true Key=Volume,Value=vol-04f6f153979ec4e04 Key=Created,Value=1490728819
INSTANCE i-071c0e09746a7cab2
INSTANCE NAME: abfinance_top20_ubuntu_app01
Tagging Snapshot snap-0b05c5ee54dff2c28 with the following Tags: Key=CreatedBy,Value=ec2-automate-backup Key=InstanceId,Value=i-071c0e09746a7cab2 Key=InstanceName,Value=abfinance_top20_ubuntu_app01 Key=PurgeAfterFE,Value=1493320819 Key=PurgeAllow,Value=true Key=Volume,Value=vol-05313c753118b3f0e Key=Created,Value=1490728819
INSTANCE i-04301c43465272923
INSTANCE NAME: abfinance_top20_ubuntu_app05
Tagging Snapshot snap-05d596c7d6d97c0c7 with the following Tags: Key=CreatedBy,Value=ec2-automate-backup Key=InstanceId,Value=i-04301c43465272923 Key=InstanceName,Value=abfinance_top20_ubuntu_app05 Key=PurgeAfterFE,Value=1493320819 Key=PurgeAllow,Value=true Key=Volume,Value=vol-042ff0cf25d5159f1 Key=Created,Value=1490728819
INSTANCE i-04301c43465272923
INSTANCE NAME: abfinance_top20_ubuntu_app05
Tagging Snapshot snap-07c4b6fce61c04175 with the following Tags: Key=CreatedBy,Value=ec2-automate-backup Key=InstanceId,Value=i-04301c43465272923 Key=InstanceName,Value=abfinance_top20_ubuntu_app05 Key=PurgeAfterFE,Value=1493320819 Key=PurgeAllow,Value=true Key=Volume,Value=vol-000debe3735b701da Key=Created,Value=1490728819
INSTANCE i-04301c43465272923
INSTANCE NAME: abfinance_top20_ubuntu_app05
Tagging Snapshot snap-0e4510519869e7106 with the following Tags: Key=CreatedBy,Value=ec2-automate-backup Key=InstanceId,Value=i-04301c43465272923 Key=InstanceName,Value=abfinance_top20_ubuntu_app05 Key=PurgeAfterFE,Value=1493320819 Key=PurgeAllow,Value=true Key=Volume,Value=vol-01bc3463f6ddd3d8d Key=Created,Value=1490728819
INSTANCE i-04301c43465272923
INSTANCE NAME: abfinance_top20_ubuntu_app05
Tagging Snapshot snap-0b0a48d6f5bd0091e with the following Tags: Key=CreatedBy,Value=ec2-automate-backup Key=InstanceId,Value=i-04301c43465272923 Key=InstanceName,Value=abfinance_top20_ubuntu_app05 Key=PurgeAfterFE,Value=1493320819 Key=PurgeAllow,Value=true Key=Volume,Value=vol-0ce01a4e917347781 Key=Created,Value=1490728819
INSTANCE i-061100ef3944cdc9f
INSTANCE NAME: abfinance_waf01
Tagging Snapshot snap-047d65590dec5a633 with the following Tags: Key=CreatedBy,Value=ec2-automate-backup Key=InstanceId,Value=i-061100ef3944cdc9f Key=InstanceName,Value=abfinance_waf01 Key=PurgeAfterFE,Value=1493320819 Key=PurgeAllow,Value=true Key=Volume,Value=vol-047bd2af9ad7b8607 Key=Created,Value=1490728819
INSTANCE i-061100ef3944cdc9f
INSTANCE NAME: abfinance_waf01
Tagging Snapshot snap-01077ec254f9962a5 with the following Tags: Key=CreatedBy,Value=ec2-automate-backup Key=InstanceId,Value=i-061100ef3944cdc9f Key=InstanceName,Value=abfinance_waf01 Key=PurgeAfterFE,Value=1493320819 Key=PurgeAllow,Value=true Key=Volume,Value=vol-033f40c6a90487e43 Key=Created,Value=1490728819
INSTANCE i-061100ef3944cdc9f
INSTANCE NAME: abfinance_waf01
Tagging Snapshot snap-0043300f226eb6c66 with the following Tags: Key=CreatedBy,Value=ec2-automate-backup Key=InstanceId,Value=i-061100ef3944cdc9f Key=InstanceName,Value=abfinance_waf01 Key=PurgeAfterFE,Value=1493320819 Key=PurgeAllow,Value=true Key=Volume,Value=vol-0e7a9cd48468a007e Key=Created,Value=1490728819
INSTANCE i-05bce44dc8bdd25cc
INSTANCE NAME: test_abfinance_top20_ubuntu_web
Tagging Snapshot snap-05708705b8dd60265 with the following Tags: Key=CreatedBy,Value=ec2-automate-backup Key=InstanceId,Value=i-05bce44dc8bdd25cc Key=InstanceName,Value=test_abfinance_top20_ubuntu_web Key=PurgeAfterFE,Value=1493320819 Key=PurgeAllow,Value=true Key=Volume,Value=vol-0bb8640ab9584a3b6 Key=Created,Value=1490728819
INSTANCE i-05bce44dc8bdd25cc
INSTANCE NAME: test_abfinance_top20_ubuntu_web
Tagging Snapshot snap-0401eff7996ad2d16 with the following Tags: Key=CreatedBy,Value=ec2-automate-backup Key=InstanceId,Value=i-05bce44dc8bdd25cc Key=InstanceName,Value=test_abfinance_top20_ubuntu_web Key=PurgeAfterFE,Value=1493320819 Key=PurgeAllow,Value=true Key=Volume,Value=vol-01e180d6472981af9 Key=Created,Value=1490728819
INSTANCE i-068562c066d5fe7a2
INSTANCE NAME: test_abfinance_top20_ubuntu_das
Tagging Snapshot snap-058b6920cde2bca3c with the following Tags: Key=CreatedBy,Value=ec2-automate-backup Key=InstanceId,Value=i-068562c066d5fe7a2 Key=InstanceName,Value=test_abfinance_top20_ubuntu_das Key=PurgeAfterFE,Value=1493320819 Key=PurgeAllow,Value=true Key=Volume,Value=vol-018ff67469c8f095c Key=Created,Value=1490728819
INSTANCE i-05bce44dc8bdd25cc
INSTANCE NAME: test_abfinance_top20_ubuntu_web
Tagging Snapshot snap-0b378593143c2626d with the following Tags: Key=CreatedBy,Value=ec2-automate-backup Key=InstanceId,Value=i-05bce44dc8bdd25cc Key=InstanceName,Value=test_abfinance_top20_ubuntu_web Key=PurgeAfterFE,Value=1493320819 Key=PurgeAllow,Value=true Key=Volume,Value=vol-03689106d82cd6e4a Key=Created,Value=1490728819
INSTANCE i-068562c066d5fe7a2
INSTANCE NAME: test_abfinance_top20_ubuntu_das
Tagging Snapshot snap-0b9e54b9ab34eef72 with the following Tags: Key=CreatedBy,Value=ec2-automate-backup Key=InstanceId,Value=i-068562c066d5fe7a2 Key=InstanceName,Value=test_abfinance_top20_ubuntu_das Key=PurgeAfterFE,Value=1493320819 Key=PurgeAllow,Value=true Key=Volume,Value=vol-0474fb56e6b14a15b Key=Created,Value=1490728819
INSTANCE i-05bce44dc8bdd25cc
INSTANCE NAME: test_abfinance_top20_ubuntu_web
Tagging Snapshot snap-03cff91540c2a0ddc with the following Tags: Key=CreatedBy,Value=ec2-automate-backup Key=InstanceId,Value=i-05bce44dc8bdd25cc Key=InstanceName,Value=test_abfinance_top20_ubuntu_web Key=PurgeAfterFE,Value=1493320819 Key=PurgeAllow,Value=true Key=Volume,Value=vol-0187f4ef773ed4690 Key=Created,Value=1490728819
INSTANCE i-068562c066d5fe7a2
INSTANCE NAME: test_abfinance_top20_ubuntu_das
Tagging Snapshot snap-0616d07b4550700ef with the following Tags: Key=CreatedBy,Value=ec2-automate-backup Key=InstanceId,Value=i-068562c066d5fe7a2 Key=InstanceName,Value=test_abfinance_top20_ubuntu_das Key=PurgeAfterFE,Value=1493320819 Key=PurgeAllow,Value=true Key=Volume,Value=vol-0d148878cb016398c Key=Created,Value=1490728819
INSTANCE i-068562c066d5fe7a2
INSTANCE NAME: test_abfinance_top20_ubuntu_das
Tagging Snapshot snap-029f5b2671303011d with the following Tags: Key=CreatedBy,Value=ec2-automate-backup Key=InstanceId,Value=i-068562c066d5fe7a2 Key=InstanceName,Value=test_abfinance_top20_ubuntu_das Key=PurgeAfterFE,Value=1493320819 Key=PurgeAllow,Value=true Key=Volume,Value=vol-01bb9e2f8003e968f Key=Created,Value=1490728819
INSTANCE i-052f4f04423466953
INSTANCE NAME: test_abfinance_top20_ubuntu_db
Tagging Snapshot snap-07b37d606885cf02d with the following Tags: Key=CreatedBy,Value=ec2-automate-backup Key=InstanceId,Value=i-052f4f04423466953 Key=InstanceName,Value=test_abfinance_top20_ubuntu_db Key=PurgeAfterFE,Value=1493320819 Key=PurgeAllow,Value=true Key=Volume,Value=vol-0fc43ef9b5183590f Key=Created,Value=1490728819
INSTANCE i-052f4f04423466953
INSTANCE NAME: test_abfinance_top20_ubuntu_db
Tagging Snapshot snap-0e082198e47629d01 with the following Tags: Key=CreatedBy,Value=ec2-automate-backup Key=InstanceId,Value=i-052f4f04423466953 Key=InstanceName,Value=test_abfinance_top20_ubuntu_db Key=PurgeAfterFE,Value=1493320819 Key=PurgeAllow,Value=true Key=Volume,Value=vol-0d39b74222598de3c Key=Created,Value=1490728819
INSTANCE i-052f4f04423466953
INSTANCE NAME: test_abfinance_top20_ubuntu_db
Tagging Snapshot snap-072a3c4a0f0cecdd9 with the following Tags: Key=CreatedBy,Value=ec2-automate-backup Key=InstanceId,Value=i-052f4f04423466953 Key=InstanceName,Value=test_abfinance_top20_ubuntu_db Key=PurgeAfterFE,Value=1493320819 Key=PurgeAllow,Value=true Key=Volume,Value=vol-0a1924f6a042870d5 Key=Created,Value=1490728819
INSTANCE i-052f4f04423466953
INSTANCE NAME: test_abfinance_top20_ubuntu_db
Tagging Snapshot snap-0a59b44194e4b9603 with the following Tags: Key=CreatedBy,Value=ec2-automate-backup Key=InstanceId,Value=i-052f4f04423466953 Key=InstanceName,Value=test_abfinance_top20_ubuntu_db Key=PurgeAfterFE,Value=1493320819 Key=PurgeAllow,Value=true Key=Volume,Value=vol-08566fbfa4fcc7349 Key=Created,Value=1490728819
INSTANCE i-052f4f04423466953
INSTANCE NAME: test_abfinance_top20_ubuntu_db
Tagging Snapshot snap-08da878927462baed with the following Tags: Key=CreatedBy,Value=ec2-automate-backup Key=InstanceId,Value=i-052f4f04423466953 Key=InstanceName,Value=test_abfinance_top20_ubuntu_db Key=PurgeAfterFE,Value=1493320819 Key=PurgeAllow,Value=true Key=Volume,Value=vol-0ed624d81990c5924 Key=Created,Value=1490728819
INSTANCE i-0427fb4302ef61cc6
INSTANCE NAME: abfinance_95569_appcl01
Tagging Snapshot snap-0e2be585c1908b8ab with the following Tags: Key=CreatedBy,Value=ec2-automate-backup Key=InstanceId,Value=i-0427fb4302ef61cc6 Key=InstanceName,Value=abfinance_95569_appcl01 Key=PurgeAfterFE,Value=1493320819 Key=PurgeAllow,Value=true Key=Volume,Value=vol-0434458d095cc7274 Key=Created,Value=1490728819
INSTANCE i-0fbdac98d95d47127
INSTANCE NAME: abfinance_95569_appcl07
Tagging Snapshot snap-0763fa02ff0a4706e with the following Tags: Key=CreatedBy,Value=ec2-automate-backup Key=InstanceId,Value=i-0fbdac98d95d47127 Key=InstanceName,Value=abfinance_95569_appcl07 Key=PurgeAfterFE,Value=1493320819 Key=PurgeAllow,Value=true Key=Volume,Value=vol-03ee68939b4e18403 Key=Created,Value=1490728819
INSTANCE i-0443041937edbecb9
INSTANCE NAME: abfinance_95569_appcl05
Tagging Snapshot snap-02bc5f0ac3cdc9aa4 with the following Tags: Key=CreatedBy,Value=ec2-automate-backup Key=InstanceId,Value=i-0443041937edbecb9 Key=InstanceName,Value=abfinance_95569_appcl05 Key=PurgeAfterFE,Value=1493320819 Key=PurgeAllow,Value=true Key=Volume,Value=vol-0eb061e9f27329a2d Key=Created,Value=1490728819
INSTANCE i-0504ecba1c44228d3
INSTANCE NAME: abfinance_95569_appcl03
Tagging Snapshot snap-04ce7b53a28546cbf with the following Tags: Key=CreatedBy,Value=ec2-automate-backup Key=InstanceId,Value=i-0504ecba1c44228d3 Key=InstanceName,Value=abfinance_95569_appcl03 Key=PurgeAfterFE,Value=1493320819 Key=PurgeAllow,Value=true Key=Volume,Value=vol-094ce86db46d5c688 Key=Created,Value=1490728819
INSTANCE i-0fbdac98d95d47127
INSTANCE NAME: abfinance_95569_appcl07
Tagging Snapshot snap-03787fd518941d0a0 with the following Tags: Key=CreatedBy,Value=ec2-automate-backup Key=InstanceId,Value=i-0fbdac98d95d47127 Key=InstanceName,Value=abfinance_95569_appcl07 Key=PurgeAfterFE,Value=1493320819 Key=PurgeAllow,Value=true Key=Volume,Value=vol-060d483c541d15da8 Key=Created,Value=1490728819
INSTANCE i-0427fb4302ef61cc6
INSTANCE NAME: abfinance_95569_appcl01
Tagging Snapshot snap-03adf26a09467b707 with the following Tags: Key=CreatedBy,Value=ec2-automate-backup Key=InstanceId,Value=i-0427fb4302ef61cc6 Key=InstanceName,Value=abfinance_95569_appcl01 Key=PurgeAfterFE,Value=1493320819 Key=PurgeAllow,Value=true Key=Volume,Value=vol-0caeb5a4b5a37c88f Key=Created,Value=1490728819
INSTANCE i-0504ecba1c44228d3
INSTANCE NAME: abfinance_95569_appcl03
Tagging Snapshot snap-0555fb9b3e47d9173 with the following Tags: Key=CreatedBy,Value=ec2-automate-backup Key=InstanceId,Value=i-0504ecba1c44228d3 Key=InstanceName,Value=abfinance_95569_appcl03 Key=PurgeAfterFE,Value=1493320819 Key=PurgeAllow,Value=true Key=Volume,Value=vol-0c1c9cf2c598d2aae Key=Created,Value=1490728819
INSTANCE i-0443041937edbecb9
INSTANCE NAME: abfinance_95569_appcl05
Tagging Snapshot snap-0feb4eb97781f57dc with the following Tags: Key=CreatedBy,Value=ec2-automate-backup Key=InstanceId,Value=i-0443041937edbecb9 Key=InstanceName,Value=abfinance_95569_appcl05 Key=PurgeAfterFE,Value=1493320819 Key=PurgeAllow,Value=true Key=Volume,Value=vol-07d059a80d8fdeea1 Key=Created,Value=1490728819
INSTANCE i-0a023139f2506e638
INSTANCE NAME: test_abfinance_nat01
Tagging Snapshot snap-0da5b3c4fbace52ec with the following Tags: Key=CreatedBy,Value=ec2-automate-backup Key=InstanceId,Value=i-0a023139f2506e638 Key=InstanceName,Value=test_abfinance_nat01 Key=PurgeAfterFE,Value=1493320819 Key=PurgeAllow,Value=true Key=Volume,Value=vol-01bd9498cae18b125 Key=Created,Value=1490728819
INSTANCE i-0a023139f2506e638
INSTANCE NAME: test_abfinance_nat01
Tagging Snapshot snap-02890ef594fd579b3 with the following Tags: Key=CreatedBy,Value=ec2-automate-backup Key=InstanceId,Value=i-0a023139f2506e638 Key=InstanceName,Value=test_abfinance_nat01 Key=PurgeAfterFE,Value=1493320819 Key=PurgeAllow,Value=true Key=Volume,Value=vol-06289d0b8cdcfbd04 Key=Created,Value=1490728819
INSTANCE i-065acbe8bac578721
INSTANCE NAME: abfinance_top20_ubuntu_app06
Tagging Snapshot snap-0d87d9ee599b393be with the following Tags: Key=CreatedBy,Value=ec2-automate-backup Key=InstanceId,Value=i-065acbe8bac578721 Key=InstanceName,Value=abfinance_top20_ubuntu_app06 Key=PurgeAfterFE,Value=1493320819 Key=PurgeAllow,Value=true Key=Volume,Value=vol-0ed17d3b2c9b50cf7 Key=Created,Value=1490728819
INSTANCE i-065acbe8bac578721
INSTANCE NAME: abfinance_top20_ubuntu_app06
Tagging Snapshot snap-0924a31b327ab7563 with the following Tags: Key=CreatedBy,Value=ec2-automate-backup Key=InstanceId,Value=i-065acbe8bac578721 Key=InstanceName,Value=abfinance_top20_ubuntu_app06 Key=PurgeAfterFE,Value=1493320819 Key=PurgeAllow,Value=true Key=Volume,Value=vol-0e0ddbafb27c663dd Key=Created,Value=1490728819
INSTANCE i-065acbe8bac578721
INSTANCE NAME: abfinance_top20_ubuntu_app06
Tagging Snapshot snap-05f310734277574ca with the following Tags: Key=CreatedBy,Value=ec2-automate-backup Key=InstanceId,Value=i-065acbe8bac578721 Key=InstanceName,Value=abfinance_top20_ubuntu_app06 Key=PurgeAfterFE,Value=1493320819 Key=PurgeAllow,Value=true Key=Volume,Value=vol-03e7706d44e6a1831 Key=Created,Value=1490728819
INSTANCE i-065acbe8bac578721
INSTANCE NAME: abfinance_top20_ubuntu_app06
Tagging Snapshot snap-034257f2584cf3ae0 with the following Tags: Key=CreatedBy,Value=ec2-automate-backup Key=InstanceId,Value=i-065acbe8bac578721 Key=InstanceName,Value=abfinance_top20_ubuntu_app06 Key=PurgeAfterFE,Value=1493320819 Key=PurgeAllow,Value=true Key=Volume,Value=vol-0e405f4dddd4b2122 Key=Created,Value=1490728819
INSTANCE i-003e572b72696bd8b
INSTANCE NAME: abfinance_95569_app152
Tagging Snapshot snap-0be3ee3acebb21869 with the following Tags: Key=CreatedBy,Value=ec2-automate-backup Key=InstanceId,Value=i-003e572b72696bd8b Key=InstanceName,Value=abfinance_95569_app152 Key=PurgeAfterFE,Value=1493320819 Key=PurgeAllow,Value=true Key=Volume,Value=vol-0077565cb767761b1 Key=Created,Value=1490728819
INSTANCE i-003e572b72696bd8b
INSTANCE NAME: abfinance_95569_app152
Tagging Snapshot snap-0a2f1d58728269015 with the following Tags: Key=CreatedBy,Value=ec2-automate-backup Key=InstanceId,Value=i-003e572b72696bd8b Key=InstanceName,Value=abfinance_95569_app152 Key=PurgeAfterFE,Value=1493320819 Key=PurgeAllow,Value=true Key=Volume,Value=vol-02f1c5a0c7e1662cc Key=Created,Value=1490728819
Snapshot Purging is Starting Now.
Snapshot "snap-0a87229e4596ecab2" with the PurgeAfterFE date of "1490642517" will be deleted.
Snapshot "snap-06ac636b1917b01e6" with the PurgeAfterFE date of "1490642517" will be deleted.
Snapshot "snap-0f1cc4a086ffab7e7" with the PurgeAfterFE date of "1490642517" will be deleted.
Snapshot "snap-06d066905509c4a7e" with the PurgeAfterFE date of "1490642517" will be deleted.
Snapshot "snap-013ed725f44b087dc" with the PurgeAfterFE date of "1490642517" will be deleted.
Snapshot "snap-053815dfaca0c14af" with the PurgeAfterFE date of "1490642517" will be deleted.
Snapshot "snap-088945d7a9bd55d70" with the PurgeAfterFE date of "1490642517" will be deleted.
Snapshot "snap-000433a66b8bf7683" with the PurgeAfterFE date of "1490642517" will be deleted.
Snapshot "snap-0510794944677a88c" with the PurgeAfterFE date of "1490642517" will be deleted.
Snapshot "snap-0eeffd62d2398d91c" with the PurgeAfterFE date of "1490642517" will be deleted.
Snapshot "snap-0a8e79f346e9cd77d" with the PurgeAfterFE date of "1490642517" will be deleted.
Snapshot "snap-038a754fbbce3ffe3" with the PurgeAfterFE date of "1490642517" will be deleted.
Snapshot "snap-0cb508f2e965958ff" with the PurgeAfterFE date of "1490642517" will be deleted.
Snapshot "snap-06f7262ef1417ece1" with the PurgeAfterFE date of "1490642517" will be deleted.
Snapshot "snap-09477bc79b9f13311" with the PurgeAfterFE date of "1490642517" will be deleted.
Snapshot "snap-065acb236fd01981d" with the PurgeAfterFE date of "1490642517" will be deleted.
Snapshot "snap-09d4c4de2c07c9d13" with the PurgeAfterFE date of "1490642517" will be deleted.
Snapshot "snap-06f935704b89a7514" with the PurgeAfterFE date of "1490642517" will be deleted.
Snapshot "snap-04108f72e462e9615" with the PurgeAfterFE date of "1490642517" will be deleted.
Snapshot "snap-0779c54fb1f820905" with the PurgeAfterFE date of "1490642517" will be deleted.
Snapshot "snap-01e8588743c5996c6" with the PurgeAfterFE date of "1490642517" will be deleted.
Snapshot "snap-0bc7559b2523de84f" with the PurgeAfterFE date of "1490642517" will be deleted.
Snapshot "snap-08bc8fbdd929b46ef" with the PurgeAfterFE date of "1490642517" will be deleted.
Snapshot "snap-070cebf9769699b9e" with the PurgeAfterFE date of "1490642517" will be deleted.
Snapshot "snap-095184984cba38c63" with the PurgeAfterFE date of "1490642517" will be deleted.
Snapshot "snap-02bc050d9657df247" with the PurgeAfterFE date of "1490642517" will be deleted.
Snapshot "snap-0dfbb35fca31b2d38" with the PurgeAfterFE date of "1490642517" will be deleted.
Snapshot "snap-061f1c9efd9cff221" with the PurgeAfterFE date of "1490642517" will be deleted.
Snapshot "snap-03cc117088c9a6589" with the PurgeAfterFE date of "1490642517" will be deleted.
Snapshot "snap-04280ac318fd4a008" with the PurgeAfterFE date of "1490642517" will be deleted.
Snapshot "snap-01112da660c1d128e" with the PurgeAfterFE date of "1490642517" will be deleted.
Snapshot "snap-078be9d59f2883432" with the PurgeAfterFE date of "1490642517" will be deleted.
Snapshot "snap-09bda229fde0384ad" with the PurgeAfterFE date of "1490642517" will be deleted.
Snapshot "snap-047481e9bf89aded8" with the PurgeAfterFE date of "1490642517" will be deleted.
Snapshot "snap-0241fe54c906888e6" with the PurgeAfterFE date of "1490642517" will be deleted.
Snapshot "snap-0db524e037b1847ab" with the PurgeAfterFE date of "1490642517" will be deleted.
Snapshot "snap-02e40b144f49edd08" with the PurgeAfterFE date of "1490642517" will be deleted.
Snapshot "snap-08e16e35dadeabb32" with the PurgeAfterFE date of "1490642517" will be deleted.
Snapshot "snap-035b3cecad984796e" with the PurgeAfterFE date of "1490642517" will be deleted.
Snapshot "snap-0f438679a06398c9e" with the PurgeAfterFE date of "1490642517" will be deleted.
Snapshot "snap-051cafa7ddbadbc7e" with the PurgeAfterFE date of "1490642517" will be deleted.
Snapshot "snap-02aaa3f43f990520e" with the PurgeAfterFE date of "1490642517" will be deleted.
Snapshot "snap-067e2470c0f12666e" with the PurgeAfterFE date of "1490642517" will be deleted.
Snapshot "snap-04df6310231522ebc" with the PurgeAfterFE date of "1490642517" will be deleted.
Snapshot "snap-09465e21ea035211c" with the PurgeAfterFE date of "1490642517" will be deleted.
Snapshot "snap-02d83748040d9e49a" with the PurgeAfterFE date of "1490642517" will be deleted.
Snapshot "snap-0d5f03f69264a2d8e" with the PurgeAfterFE date of "1490642517" will be deleted.
Snapshot "snap-095ec07c48d022c41" with the PurgeAfterFE date of "1490642517" will be deleted.
Snapshot "snap-0b0b9de0ef46775fd" with the PurgeAfterFE date of "1490642517" will be deleted.
Snapshot "snap-02034bf69bef8b908" with the PurgeAfterFE date of "1490642517" will be deleted.
Snapshot "snap-0de495b557e2903a3" with the PurgeAfterFE date of "1490642517" will be deleted.
Snapshot "snap-03bab16a930087026" with the PurgeAfterFE date of "1490642517" will be deleted.
Snapshot "snap-0819237d9dba3c77c" with the PurgeAfterFE date of "1490642517" will be deleted.
Snapshot "snap-08651197ae7be3e1e" with the PurgeAfterFE date of "1490642517" will be deleted.
Snapshot "snap-0eeea7f4be4966693" with the PurgeAfterFE date of "1490642517" will be deleted.
Snapshot "snap-0faefc18ba36a82d9" with the PurgeAfterFE date of "1490642517" will be deleted.
Snapshot "snap-04faf7a1170dd8685" with the PurgeAfterFE date of "1490642517" will be deleted.
Snapshot "snap-09cf2fd92691549a2" with the PurgeAfterFE date of "1490642517" will be deleted.
Snapshot "snap-02d086023b8cc4f87" with the PurgeAfterFE date of "1490642517" will be deleted.
Snapshot "snap-06f2e7ff38dcb513d" with the PurgeAfterFE date of "1490642517" will be deleted.
Snapshot "snap-0f0097662e36e72be" with the PurgeAfterFE date of "1490642517" will be deleted.
Snapshot "snap-03746958a5b79627b" with the PurgeAfterFE date of "1490642517" will be deleted.
Snapshot "snap-0deb1b22b33b087e7" with the PurgeAfterFE date of "1490642517" will be deleted.
Snapshot "snap-0356ee7bf70d8e7a5" with the PurgeAfterFE date of "1490642517" will be deleted.
Snapshot "snap-0b53456fcefc1cd19" with the PurgeAfterFE date of "1490642517" will be deleted.
Snapshot "snap-0e7f5036488e50a0e" with the PurgeAfterFE date of "1490642517" will be deleted.
Snapshot "snap-0ccbfb6128ecdff12" with the PurgeAfterFE date of "1490642517" will be deleted.
Snapshot "snap-084f95f1853571c4d" with the PurgeAfterFE date of "1490642517" will be deleted.
Snapshot "snap-030a713139589452c" with the PurgeAfterFE date of "1490642517" will be deleted.
Snapshot "snap-0fb1e9e8e1db082a2" with the PurgeAfterFE date of "1490642517" will be deleted.
Snapshot "snap-0f13e986de18d6837" with the PurgeAfterFE date of "1490642517" will be deleted.
Snapshot "snap-05cb8159987c07c16" with the PurgeAfterFE date of "1490642517" will be deleted.
Snapshot "snap-0814ef13bb9073f0e" with the PurgeAfterFE date of "1490642517" will be deleted.
Snapshot "snap-0a250b3693c066585" with the PurgeAfterFE date of "1490642517" will be deleted.
Snapshot "snap-08e3943ca5a0e7233" with the PurgeAfterFE date of "1490642517" will be deleted.
Snapshot "snap-0ea7dc72da6092f6b" with the PurgeAfterFE date of "1490642517" will be deleted.
Snapshot "snap-0d8924d2037d35e62" with the PurgeAfterFE date of "1490642517" will be deleted.
Snapshot "snap-07468cadc62f01e1c" with the PurgeAfterFE date of "1490642517" will be deleted.
Snapshot "snap-0d03b4e5eb5611f97" with the PurgeAfterFE date of "1490642517" will be deleted.
Snapshot "snap-09598d439646b913b" with the PurgeAfterFE date of "1490642517" will be deleted.
Snapshot "snap-0f4ff831812343010" with the PurgeAfterFE date of "1490642517" will be deleted.
Snapshot "snap-0aa04b22668e45839" with the PurgeAfterFE date of "1490642517" will be deleted.
Snapshot "snap-04210d122e6c02e9a" with the PurgeAfterFE date of "1490642517" will be deleted.
Snapshot "snap-0a2f89ef7d15c6d66" with the PurgeAfterFE date of "1490642517" will be deleted.
Snapshot "snap-079d7d2a7878687a2" with the PurgeAfterFE date of "1490642517" will be deleted.
Snapshot "snap-0fbd883bb8b90b791" with the PurgeAfterFE date of "1490642517" will be deleted.
Snapshot "snap-023c549fc2db04e4d" with the PurgeAfterFE date of "1490642517" will be deleted.
Snapshot "snap-07a28d98ecc7f90b6" with the PurgeAfterFE date of "1490642517" will be deleted.
Snapshot "snap-099282a95e0d9b3a8" with the PurgeAfterFE date of "1490642517" will be deleted.
Snapshot "snap-02fe3a8a1ae596750" with the PurgeAfterFE date of "1490642517" will be deleted.
Snapshot "snap-05b7232331968e993" with the PurgeAfterFE date of "1490642517" will be deleted.
Snapshot "snap-094d26e71e925a95e" with the PurgeAfterFE date of "1490642517" will be deleted.
Snapshot "snap-02293455fda22f64c" with the PurgeAfterFE date of "1490642517" will be deleted.
Snapshot "snap-0cfc7a9967de0b2b7" with the PurgeAfterFE date of "1490642517" will be deleted.
Snapshot "snap-05ee8ad10468b825c" with the PurgeAfterFE date of "1490642517" will be deleted.
Snapshot "snap-05bdb2dd1100c5057" with the PurgeAfterFE date of "1490642517" will be deleted.
Snapshot "snap-05f5bfe99a9f12ccb" with the PurgeAfterFE date of "1490642517" will be deleted.
Snapshot "snap-0ebe17ed846d8124f" with the PurgeAfterFE date of "1490642517" will be deleted.
Snapshot "snap-05286a990ddccf6b4" with the PurgeAfterFE date of "1490642517" will be deleted.
Snapshot "snap-02dfc7dda8f59207d" with the PurgeAfterFE date of "1490642517" will be deleted.
Snapshot "snap-09beebe0cb81ce689" with the PurgeAfterFE date of "1490642517" will be deleted.
Snapshot "snap-0a2c1a222f040f3a7" with the PurgeAfterFE date of "1490642517" will be deleted.
Snapshot "snap-0a64ccfb1c3ad5ba9" with the PurgeAfterFE date of "1490642517" will be deleted.
Snapshot "snap-08e5413847f87f3e5" with the PurgeAfterFE date of "1490642517" will be deleted.
Snapshot "snap-0fd4e864934de28fb" with the PurgeAfterFE date of "1490642517" will be deleted.
Snapshot "snap-0b1cb4cefa3c9947d" with the PurgeAfterFE date of "1490642517" will be deleted.
Snapshot "snap-07356040c8b2af7cc" with the PurgeAfterFE date of "1490642517" will be deleted.
Snapshot "snap-07de992eab497af1a" with the PurgeAfterFE date of "1490642517" will be deleted.
Snapshot "snap-075c534e40bd5dcf3" with the PurgeAfterFE date of "1490642517" will be deleted.
Snapshot "snap-0e3840564f158c5c8" with the PurgeAfterFE date of "1490642517" will be deleted.
Snapshot "snap-06606d96285082c9c" with the PurgeAfterFE date of "1490642517" will be deleted.
Snapshot "snap-0bef7378b646e9c1f" with the PurgeAfterFE date of "1490642517" will be deleted.
Snapshot "snap-0a0eb5f2add651dce" with the PurgeAfterFE date of "1490642517" will be deleted.
Snapshot "snap-00dd1ea72cbfb3367" with the PurgeAfterFE date of "1490642517" will be deleted.
Snapshot "snap-0464b0e1049c16c02" with the PurgeAfterFE date of "1490642517" will be deleted.
Snapshot "snap-0716da2062de2c483" with the PurgeAfterFE date of "1490642517" will be deleted.
Snapshot "snap-068f87a3eff4606b6" with the PurgeAfterFE date of "1490642517" will be deleted.
Snapshot "snap-0763afcb93b9a5e97" with the PurgeAfterFE date of "1490642517" will be deleted.
Snapshot "snap-0c088bff9053a452c" with the PurgeAfterFE date of "1490642517" will be deleted.
Snapshot "snap-0181def2ba2ad07ef" with the PurgeAfterFE date of "1490642517" will be deleted.
Snapshot "snap-022c850f58393cef6" with the PurgeAfterFE date of "1490642517" will be deleted.
Snapshot "snap-030979fdfad606865" with the PurgeAfterFE date of "1490642517" will be deleted.
Snapshot "snap-0641d4bbc41334fbf" with the PurgeAfterFE date of "1490642517" will be deleted.
Snapshot "snap-0811392d108f7ed7b" with the PurgeAfterFE date of "1490642517" will be deleted.
Snapshot "snap-04dab171c816ba8e1" with the PurgeAfterFE date of "1490642517" will be deleted.
Snapshot "snap-0d3eb51e3f095cab1" with the PurgeAfterFE date of "1490642517" will be deleted.
Snapshot "snap-0dff087483a6c53fb" with the PurgeAfterFE date of "1490642517" will be deleted.
Snapshot "snap-05cab58a9f0d3ad83" with the PurgeAfterFE date of "1490642517" will be deleted.
Snapshot "snap-01faabd40e513b370" with the PurgeAfterFE date of "1490642517" will be deleted.
Snapshot "snap-02beaf91a42efb8e6" with the PurgeAfterFE date of "1490642517" will be deleted.
Snapshot "snap-03cfc5ecf31ac351b" with the PurgeAfterFE date of "1490642517" will be deleted.
Snapshot "snap-0aab586026d37f9f6" with the PurgeAfterFE date of "1490642517" will be deleted.
Snapshot "snap-0152e69f480f525f2" with the PurgeAfterFE date of "1490642517" will be deleted.
Snapshot "snap-0140456f4043d8627" with the PurgeAfterFE date of "1490642517" will be deleted.
Snapshot "snap-02ee92a9412701711" with the PurgeAfterFE date of "1490642517" will be deleted.
Snapshot "snap-00332ebd278a8521d" with the PurgeAfterFE date of "1490642517" will be deleted.
Snapshot "snap-05e36f3fc93c35c1f" with the PurgeAfterFE date of "1490642517" will be deleted.
Snapshot "snap-0a240522e36c650f8" with the PurgeAfterFE date of "1490642517" will be deleted.
Snapshot "snap-0004985428dcdc7db" with the PurgeAfterFE date of "1490642517" will be deleted.
Snapshot "snap-063643d080b0c28f9" with the PurgeAfterFE date of "1490642517" will be deleted.
Snapshot "snap-0dc790c7f31eb0d7a" with the PurgeAfterFE date of "1490642517" will be deleted.
Snapshot "snap-0bf890dcfa5746e15" with the PurgeAfterFE date of "1490642517" will be deleted.
Snapshot "snap-089bcf343aa82c657" with the PurgeAfterFE date of "1490642517" will be deleted.
Snapshot "snap-089ebe8aadcda3789" with the PurgeAfterFE date of "1490642517" will be deleted.
Snapshot "snap-04d496769e8de5e5b" with the PurgeAfterFE date of "1490642517" will be deleted.
Snapshot "snap-0e81fb887205dac60" with the PurgeAfterFE date of "1490642517" will be deleted.
Snapshot "snap-040c676b99b52063a" with the PurgeAfterFE date of "1490642517" will be deleted.
Snapshot "snap-075faedaf9e9efbc9" with the PurgeAfterFE date of "1490642517" will be deleted.
Snapshot "snap-0a509a5704a0e5895" with the PurgeAfterFE date of "1490642517" will be deleted.
Snapshot "snap-0eca2cd86be5ec3a2" with the PurgeAfterFE date of "1490642517" will be deleted.
Snapshot "snap-04665e98169759945" with the PurgeAfterFE date of "1490642517" will be deleted.
Snapshot "snap-0a2ddbf10b1cbc257" with the PurgeAfterFE date of "1490642517" will be deleted.
Snapshot "snap-0cd2cc225f4e58c1e" with the PurgeAfterFE date of "1490642517" will be deleted.
Snapshot "snap-0f0f7f3bb65b9e00b" with the PurgeAfterFE date of "1490642517" will be deleted.
Snapshot "snap-0d36e0e4b1d68516e" with the PurgeAfterFE date of "1490642517" will be deleted.
Snapshot "snap-05bf6542cf71a9ed9" with the PurgeAfterFE date of "1490642517" will be deleted.
Snapshot "snap-0ad298c26d159a8bf" with the PurgeAfterFE date of "1490642517" will be deleted.
Snapshot "snap-0aa80b129ccdd0ed5" with the PurgeAfterFE date of "1490642517" will be deleted.
Snapshot "snap-084feba54864b2e28" with the PurgeAfterFE date of "1490642517" will be deleted.
Snapshot "snap-0ef48e3e6aa3e45d5" with the PurgeAfterFE date of "1490642517" will be deleted.
Snapshot "snap-03e1c9041387b6514" with the PurgeAfterFE date of "1490642517" will be deleted.
Snapshot "snap-0fbfe556452ed2f94" with the PurgeAfterFE date of "1490642517" will be deleted.
Snapshot "snap-077962d51b7990417" with the PurgeAfterFE date of "1490642517" will be deleted.
Snapshot "snap-0b70c5b6dec19e9de" with the PurgeAfterFE date of "1490642517" will be deleted.
