Snapshots taken by ec2-volumes-autobackup.sh will be eligible for purging after the following date (the purge after date given in seconds from epoch): 1493662204.
INSTANCE i-526547ea
INSTANCE NAME: test_internetds_nat02
Tagging Snapshot snap-086044680555e9088 with the following Tags: Key=CreatedBy,Value=ec2-automate-backup Key=InstanceId,Value=i-526547ea Key=InstanceName,Value=test_internetds_nat02 Key=PurgeAfterFE,Value=1493662204 Key=PurgeAllow,Value=true Key=Volume,Value=vol-719282ce Key=Created,Value=1491070204
INSTANCE i-b17a5809
INSTANCE NAME: uat_internetds_front_app01
Tagging Snapshot snap-0890ee298da20ad71 with the following Tags: Key=CreatedBy,Value=ec2-automate-backup Key=InstanceId,Value=i-b17a5809 Key=InstanceName,Value=uat_internetds_front_app01 Key=PurgeAfterFE,Value=1493662204 Key=PurgeAllow,Value=true Key=Volume,Value=vol-c6849479 Key=Created,Value=1491070204
INSTANCE i-b17a5809
INSTANCE NAME: uat_internetds_front_app01
Tagging Snapshot snap-0a1a8ae64d765eee5 with the following Tags: Key=CreatedBy,Value=ec2-automate-backup Key=InstanceId,Value=i-b17a5809 Key=InstanceName,Value=uat_internetds_front_app01 Key=PurgeAfterFE,Value=1493662204 Key=PurgeAllow,Value=true Key=Volume,Value=vol-3084948f Key=Created,Value=1491070204
INSTANCE i-8a7a5832
INSTANCE NAME: uat_internetds_mid01
Tagging Snapshot snap-052c300aa1c303b2e with the following Tags: Key=CreatedBy,Value=ec2-automate-backup Key=InstanceId,Value=i-8a7a5832 Key=InstanceName,Value=uat_internetds_mid01 Key=PurgeAfterFE,Value=1493662204 Key=PurgeAllow,Value=true Key=Volume,Value=vol-8c859533 Key=Created,Value=1491070204
INSTANCE i-8a7a5832
INSTANCE NAME: uat_internetds_mid01
Tagging Snapshot snap-0929eb23defc39a3c with the following Tags: Key=CreatedBy,Value=ec2-automate-backup Key=InstanceId,Value=i-8a7a5832 Key=InstanceName,Value=uat_internetds_mid01 Key=PurgeAfterFE,Value=1493662204 Key=PurgeAllow,Value=true Key=Volume,Value=vol-798595c6 Key=Created,Value=1491070204
INSTANCE i-1b7a58a3
INSTANCE NAME: uat_internetds_opsmon_mongo01
Tagging Snapshot snap-0b6f21a0431fd6ddc with the following Tags: Key=CreatedBy,Value=ec2-automate-backup Key=InstanceId,Value=i-1b7a58a3 Key=InstanceName,Value=uat_internetds_opsmon_mongo01 Key=PurgeAfterFE,Value=1493662204 Key=PurgeAllow,Value=true Key=Volume,Value=vol-bf879700 Key=Created,Value=1491070204
INSTANCE i-1a7a58a2
INSTANCE NAME: uat_internetds_opsmon_mongo02
Tagging Snapshot snap-01facf24b07619574 with the following Tags: Key=CreatedBy,Value=ec2-automate-backup Key=InstanceId,Value=i-1a7a58a2 Key=InstanceName,Value=uat_internetds_opsmon_mongo02 Key=PurgeAfterFE,Value=1493662204 Key=PurgeAllow,Value=true Key=Volume,Value=vol-fd879742 Key=Created,Value=1491070204
INSTANCE i-1b7a58a3
INSTANCE NAME: uat_internetds_opsmon_mongo01
Tagging Snapshot snap-06c2f031531aa8a24 with the following Tags: Key=CreatedBy,Value=ec2-automate-backup Key=InstanceId,Value=i-1b7a58a3 Key=InstanceName,Value=uat_internetds_opsmon_mongo01 Key=PurgeAfterFE,Value=1493662204 Key=PurgeAllow,Value=true Key=Volume,Value=vol-e287975d Key=Created,Value=1491070204
INSTANCE i-1a7a58a2
INSTANCE NAME: uat_internetds_opsmon_mongo02
Tagging Snapshot snap-01b7cb5c51a3dce81 with the following Tags: Key=CreatedBy,Value=ec2-automate-backup Key=InstanceId,Value=i-1a7a58a2 Key=InstanceName,Value=uat_internetds_opsmon_mongo02 Key=PurgeAfterFE,Value=1493662204 Key=PurgeAllow,Value=true Key=Volume,Value=vol-e187975e Key=Created,Value=1491070204
INSTANCE i-c7795b7f
INSTANCE NAME: uat_internetds_life_app02
Tagging Snapshot snap-0f2fe561e33ff403e with the following Tags: Key=CreatedBy,Value=ec2-automate-backup Key=InstanceId,Value=i-c7795b7f Key=InstanceName,Value=uat_internetds_life_app02 Key=PurgeAfterFE,Value=1493662204 Key=PurgeAllow,Value=true Key=Volume,Value=vol-698b9bd6 Key=Created,Value=1491070204
INSTANCE i-c7795b7f
INSTANCE NAME: uat_internetds_life_app02
Tagging Snapshot snap-003fb0494135b7499 with the following Tags: Key=CreatedBy,Value=ec2-automate-backup Key=InstanceId,Value=i-c7795b7f Key=InstanceName,Value=uat_internetds_life_app02 Key=PurgeAfterFE,Value=1493662204 Key=PurgeAllow,Value=true Key=Volume,Value=vol-fa8c9c45 Key=Created,Value=1491070204
INSTANCE i-d6785a6e
INSTANCE NAME: dev_internetds_front_app02
Tagging Snapshot snap-0d2f81584c7464f71 with the following Tags: Key=CreatedBy,Value=ec2-automate-backup Key=InstanceId,Value=i-d6785a6e Key=InstanceName,Value=dev_internetds_front_app02 Key=PurgeAfterFE,Value=1493662204 Key=PurgeAllow,Value=true Key=Volume,Value=vol-068c9cb9 Key=Created,Value=1491070204
INSTANCE i-d6785a6e
INSTANCE NAME: dev_internetds_front_app02
Tagging Snapshot snap-09823e8ca87382dd4 with the following Tags: Key=CreatedBy,Value=ec2-automate-backup Key=InstanceId,Value=i-d6785a6e Key=InstanceName,Value=dev_internetds_front_app02 Key=PurgeAfterFE,Value=1493662204 Key=PurgeAllow,Value=true Key=Volume,Value=vol-058c9cba Key=Created,Value=1491070204
INSTANCE i-3f7e5c87
INSTANCE NAME: dev_internetds_opsmon_mongo02
Tagging Snapshot snap-0669b9ca9ceb4a282 with the following Tags: Key=CreatedBy,Value=ec2-automate-backup Key=InstanceId,Value=i-3f7e5c87 Key=InstanceName,Value=dev_internetds_opsmon_mongo02 Key=PurgeAfterFE,Value=1493662204 Key=PurgeAllow,Value=true Key=Volume,Value=vol-738c9ccc Key=Created,Value=1491070204
INSTANCE i-3e7e5c86
INSTANCE NAME: dev_internetds_opsmon_mongo01
Tagging Snapshot snap-01e3dc698895139a0 with the following Tags: Key=CreatedBy,Value=ec2-automate-backup Key=InstanceId,Value=i-3e7e5c86 Key=InstanceName,Value=dev_internetds_opsmon_mongo01 Key=PurgeAfterFE,Value=1493662204 Key=PurgeAllow,Value=true Key=Volume,Value=vol-528c9ced Key=Created,Value=1491070204
INSTANCE i-3f7e5c87
INSTANCE NAME: dev_internetds_opsmon_mongo02
Tagging Snapshot snap-08373325dfabeda01 with the following Tags: Key=CreatedBy,Value=ec2-automate-backup Key=InstanceId,Value=i-3f7e5c87 Key=InstanceName,Value=dev_internetds_opsmon_mongo02 Key=PurgeAfterFE,Value=1493662204 Key=PurgeAllow,Value=true Key=Volume,Value=vol-bd8d9d02 Key=Created,Value=1491070204
INSTANCE i-3e7e5c86
INSTANCE NAME: dev_internetds_opsmon_mongo01
Tagging Snapshot snap-056f072e48f39b76d with the following Tags: Key=CreatedBy,Value=ec2-automate-backup Key=InstanceId,Value=i-3e7e5c86 Key=InstanceName,Value=dev_internetds_opsmon_mongo01 Key=PurgeAfterFE,Value=1493662204 Key=PurgeAllow,Value=true Key=Volume,Value=vol-8e8d9d31 Key=Created,Value=1491070204
INSTANCE i-587e5ce0
INSTANCE NAME: uat_internetds_health_app01
Tagging Snapshot snap-03634ece62b3d61f6 with the following Tags: Key=CreatedBy,Value=ec2-automate-backup Key=InstanceId,Value=i-587e5ce0 Key=InstanceName,Value=uat_internetds_health_app01 Key=PurgeAfterFE,Value=1493662204 Key=PurgeAllow,Value=true Key=Volume,Value=vol-738d9dcc Key=Created,Value=1491070204
INSTANCE i-587e5ce0
INSTANCE NAME: uat_internetds_health_app01
Tagging Snapshot snap-035aa3fe78f8631e8 with the following Tags: Key=CreatedBy,Value=ec2-automate-backup Key=InstanceId,Value=i-587e5ce0 Key=InstanceName,Value=uat_internetds_health_app01 Key=PurgeAfterFE,Value=1493662204 Key=PurgeAllow,Value=true Key=Volume,Value=vol-468d9df9 Key=Created,Value=1491070204
INSTANCE i-bd7e5c05
INSTANCE NAME: dev_internetds_health_app02
Tagging Snapshot snap-06435621a0f62885b with the following Tags: Key=CreatedBy,Value=ec2-automate-backup Key=InstanceId,Value=i-bd7e5c05 Key=InstanceName,Value=dev_internetds_health_app02 Key=PurgeAfterFE,Value=1493662204 Key=PurgeAllow,Value=true Key=Volume,Value=vol-e78e9e58 Key=Created,Value=1491070204
INSTANCE i-bd7e5c05
INSTANCE NAME: dev_internetds_health_app02
Tagging Snapshot snap-08eddd6e0214934c2 with the following Tags: Key=CreatedBy,Value=ec2-automate-backup Key=InstanceId,Value=i-bd7e5c05 Key=InstanceName,Value=dev_internetds_health_app02 Key=PurgeAfterFE,Value=1493662204 Key=PurgeAllow,Value=true Key=Volume,Value=vol-338e9e8c Key=Created,Value=1491070204
INSTANCE i-6d7f5dd5
INSTANCE NAME: dev_internetds_cache01
Tagging Snapshot snap-073a6b39e356adb94 with the following Tags: Key=CreatedBy,Value=ec2-automate-backup Key=InstanceId,Value=i-6d7f5dd5 Key=InstanceName,Value=dev_internetds_cache01 Key=PurgeAfterFE,Value=1493662204 Key=PurgeAllow,Value=true Key=Volume,Value=vol-bab0a005 Key=Created,Value=1491070204
INSTANCE i-627f5dda
INSTANCE NAME: dev_internetds_mid02
Tagging Snapshot snap-0e101768af32ce125 with the following Tags: Key=CreatedBy,Value=ec2-automate-backup Key=InstanceId,Value=i-627f5dda Key=InstanceName,Value=dev_internetds_mid02 Key=PurgeAfterFE,Value=1493662204 Key=PurgeAllow,Value=true Key=Volume,Value=vol-efb0a050 Key=Created,Value=1491070204
INSTANCE i-6d7f5dd5
INSTANCE NAME: dev_internetds_cache01
Tagging Snapshot snap-080c20f814dc05070 with the following Tags: Key=CreatedBy,Value=ec2-automate-backup Key=InstanceId,Value=i-6d7f5dd5 Key=InstanceName,Value=dev_internetds_cache01 Key=PurgeAfterFE,Value=1493662204 Key=PurgeAllow,Value=true Key=Volume,Value=vol-d4b0a06b Key=Created,Value=1491070204
INSTANCE i-627f5dda
INSTANCE NAME: dev_internetds_mid02
Tagging Snapshot snap-03eb15142deeea45e with the following Tags: Key=CreatedBy,Value=ec2-automate-backup Key=InstanceId,Value=i-627f5dda Key=InstanceName,Value=dev_internetds_mid02 Key=PurgeAfterFE,Value=1493662204 Key=PurgeAllow,Value=true Key=Volume,Value=vol-c5b0a07a Key=Created,Value=1491070204
INSTANCE i-397f5d81
INSTANCE NAME: dev_internetds_datax_app02
Tagging Snapshot snap-012583710e2bb7cff with the following Tags: Key=CreatedBy,Value=ec2-automate-backup Key=InstanceId,Value=i-397f5d81 Key=InstanceName,Value=dev_internetds_datax_app02 Key=PurgeAfterFE,Value=1493662204 Key=PurgeAllow,Value=true Key=Volume,Value=vol-14b0a0ab Key=Created,Value=1491070204
INSTANCE i-397f5d81
INSTANCE NAME: dev_internetds_datax_app02
Tagging Snapshot snap-08d2660682f1c2854 with the following Tags: Key=CreatedBy,Value=ec2-automate-backup Key=InstanceId,Value=i-397f5d81 Key=InstanceName,Value=dev_internetds_datax_app02 Key=PurgeAfterFE,Value=1493662204 Key=PurgeAllow,Value=true Key=Volume,Value=vol-6db0a0d2 Key=Created,Value=1491070204
INSTANCE i-987f5d20
INSTANCE NAME: dev_internetds_cache02
Tagging Snapshot snap-0c527378ea3c40fde with the following Tags: Key=CreatedBy,Value=ec2-automate-backup Key=InstanceId,Value=i-987f5d20 Key=InstanceName,Value=dev_internetds_cache02 Key=PurgeAfterFE,Value=1493662204 Key=PurgeAllow,Value=true Key=Volume,Value=vol-b8b1a107 Key=Created,Value=1491070204
INSTANCE i-8e7f5d36
INSTANCE NAME: uat_internetds_opsmon_app01
Tagging Snapshot snap-0e42551ccf9657b74 with the following Tags: Key=CreatedBy,Value=ec2-automate-backup Key=InstanceId,Value=i-8e7f5d36 Key=InstanceName,Value=uat_internetds_opsmon_app01 Key=PurgeAfterFE,Value=1493662204 Key=PurgeAllow,Value=true Key=Volume,Value=vol-9cb1a123 Key=Created,Value=1491070204
INSTANCE i-987f5d20
INSTANCE NAME: dev_internetds_cache02
Tagging Snapshot snap-035325d99e6a2a394 with the following Tags: Key=CreatedBy,Value=ec2-automate-backup Key=InstanceId,Value=i-987f5d20 Key=InstanceName,Value=dev_internetds_cache02 Key=PurgeAfterFE,Value=1493662204 Key=PurgeAllow,Value=true Key=Volume,Value=vol-90b1a12f Key=Created,Value=1491070204
INSTANCE i-8e7f5d36
INSTANCE NAME: uat_internetds_opsmon_app01
Tagging Snapshot snap-0204ae636c1dd78b9 with the following Tags: Key=CreatedBy,Value=ec2-automate-backup Key=InstanceId,Value=i-8e7f5d36 Key=InstanceName,Value=uat_internetds_opsmon_app01 Key=PurgeAfterFE,Value=1493662204 Key=PurgeAllow,Value=true Key=Volume,Value=vol-86b1a139 Key=Created,Value=1491070204
INSTANCE i-aabd9012
INSTANCE NAME: test_epolicy_mail02
Tagging Snapshot snap-09b465e02dc4cb132 with the following Tags: Key=CreatedBy,Value=ec2-automate-backup Key=InstanceId,Value=i-aabd9012 Key=InstanceName,Value=test_epolicy_mail02 Key=PurgeAfterFE,Value=1493662204 Key=PurgeAllow,Value=true Key=Volume,Value=vol-ac205e31 Key=Created,Value=1491070204
INSTANCE i-aabd9012
INSTANCE NAME: test_epolicy_mail02
Tagging Snapshot snap-03752c6d606fed51a with the following Tags: Key=CreatedBy,Value=ec2-automate-backup Key=InstanceId,Value=i-aabd9012 Key=InstanceName,Value=test_epolicy_mail02 Key=PurgeAfterFE,Value=1493662204 Key=PurgeAllow,Value=true Key=Volume,Value=vol-dc205e41 Key=Created,Value=1491070204
INSTANCE i-95260a2d
INSTANCE NAME: dev_internetds_life_app02
Tagging Snapshot snap-01aa23221bf6fd72b with the following Tags: Key=CreatedBy,Value=ec2-automate-backup Key=InstanceId,Value=i-95260a2d Key=InstanceName,Value=dev_internetds_life_app02 Key=PurgeAfterFE,Value=1493662204 Key=PurgeAllow,Value=true Key=Volume,Value=vol-f6f58b6b Key=Created,Value=1491070204
INSTANCE i-95260a2d
INSTANCE NAME: dev_internetds_life_app02
Tagging Snapshot snap-0e87350f3d42ba587 with the following Tags: Key=CreatedBy,Value=ec2-automate-backup Key=InstanceId,Value=i-95260a2d Key=InstanceName,Value=dev_internetds_life_app02 Key=PurgeAfterFE,Value=1493662204 Key=PurgeAllow,Value=true Key=Volume,Value=vol-28f58bb5 Key=Created,Value=1491070204
INSTANCE i-f3ddf24b
INSTANCE NAME: uat_internetds_datax_app3
Tagging Snapshot snap-0d39caed691b1cea7 with the following Tags: Key=CreatedBy,Value=ec2-automate-backup Key=InstanceId,Value=i-f3ddf24b Key=InstanceName,Value=uat_internetds_datax_app3 Key=PurgeAfterFE,Value=1493662204 Key=PurgeAllow,Value=true Key=Volume,Value=vol-19394284 Key=Created,Value=1491070204
INSTANCE i-43ddf2fb
INSTANCE NAME: uat_internetds_datax_app4
Tagging Snapshot snap-087f1deba02fba01e with the following Tags: Key=CreatedBy,Value=ec2-automate-backup Key=InstanceId,Value=i-43ddf2fb Key=InstanceName,Value=uat_internetds_datax_app4 Key=PurgeAfterFE,Value=1493662204 Key=PurgeAllow,Value=true Key=Volume,Value=vol-393942a4 Key=Created,Value=1491070204
INSTANCE i-f3ddf24b
INSTANCE NAME: uat_internetds_datax_app3
Tagging Snapshot snap-024250a892f1edd8c with the following Tags: Key=CreatedBy,Value=ec2-automate-backup Key=InstanceId,Value=i-f3ddf24b Key=InstanceName,Value=uat_internetds_datax_app3 Key=PurgeAfterFE,Value=1493662204 Key=PurgeAllow,Value=true Key=Volume,Value=vol-503942cd Key=Created,Value=1491070204
INSTANCE i-43ddf2fb
INSTANCE NAME: uat_internetds_datax_app4
Tagging Snapshot snap-085abbdcb4c5bfdb3 with the following Tags: Key=CreatedBy,Value=ec2-automate-backup Key=InstanceId,Value=i-43ddf2fb Key=InstanceName,Value=uat_internetds_datax_app4 Key=PurgeAfterFE,Value=1493662204 Key=PurgeAllow,Value=true Key=Volume,Value=vol-8038431d Key=Created,Value=1491070204
INSTANCE i-4b042af3
INSTANCE NAME: internetds_front_nginx02
Tagging Snapshot snap-07fc4444aec2a91e1 with the following Tags: Key=CreatedBy,Value=ec2-automate-backup Key=InstanceId,Value=i-4b042af3 Key=InstanceName,Value=internetds_front_nginx02 Key=PurgeAfterFE,Value=1493662204 Key=PurgeAllow,Value=true Key=Volume,Value=vol-51215bcc Key=Created,Value=1491070204
INSTANCE i-da042a62
INSTANCE NAME: internetds_front_zkp_app02
Tagging Snapshot snap-09cded6721276acc8 with the following Tags: Key=CreatedBy,Value=ec2-automate-backup Key=InstanceId,Value=i-da042a62 Key=InstanceName,Value=internetds_front_zkp_app02 Key=PurgeAfterFE,Value=1493662204 Key=PurgeAllow,Value=true Key=Volume,Value=vol-7e215be3 Key=Created,Value=1491070204
INSTANCE i-4b042af3
INSTANCE NAME: internetds_front_nginx02
Tagging Snapshot snap-0b42bef8b2b28dfd0 with the following Tags: Key=CreatedBy,Value=ec2-automate-backup Key=InstanceId,Value=i-4b042af3 Key=InstanceName,Value=internetds_front_nginx02 Key=PurgeAfterFE,Value=1493662204 Key=PurgeAllow,Value=true Key=Volume,Value=vol-6c215bf1 Key=Created,Value=1491070204
INSTANCE i-c1042a79
INSTANCE NAME: internetds_front_mq_app02
Tagging Snapshot snap-0243063691be0cb74 with the following Tags: Key=CreatedBy,Value=ec2-automate-backup Key=InstanceId,Value=i-c1042a79 Key=InstanceName,Value=internetds_front_mq_app02 Key=PurgeAfterFE,Value=1493662204 Key=PurgeAllow,Value=true Key=Volume,Value=vol-dc265c41 Key=Created,Value=1491070204
INSTANCE i-c1042a79
INSTANCE NAME: internetds_front_mq_app02
Tagging Snapshot snap-016da6b88b364f198 with the following Tags: Key=CreatedBy,Value=ec2-automate-backup Key=InstanceId,Value=i-c1042a79 Key=InstanceName,Value=internetds_front_mq_app02 Key=PurgeAfterFE,Value=1493662204 Key=PurgeAllow,Value=true Key=Volume,Value=vol-df265c42 Key=Created,Value=1491070204
INSTANCE i-da042a62
INSTANCE NAME: internetds_front_zkp_app02
Tagging Snapshot snap-0afbe2f347cee1f08 with the following Tags: Key=CreatedBy,Value=ec2-automate-backup Key=InstanceId,Value=i-da042a62 Key=InstanceName,Value=internetds_front_zkp_app02 Key=PurgeAfterFE,Value=1493662204 Key=PurgeAllow,Value=true Key=Volume,Value=vol-d4265c49 Key=Created,Value=1491070204
INSTANCE i-c5042a7d
INSTANCE NAME: internetds_front_dsjr_app02
Tagging Snapshot snap-03eec652e13eb56cd with the following Tags: Key=CreatedBy,Value=ec2-automate-backup Key=InstanceId,Value=i-c5042a7d Key=InstanceName,Value=internetds_front_dsjr_app02 Key=PurgeAfterFE,Value=1493662204 Key=PurgeAllow,Value=true Key=Volume,Value=vol-c7265c5a Key=Created,Value=1491070204
INSTANCE i-a9052b11
INSTANCE NAME: internetds_front_yyzc_app02
Tagging Snapshot snap-0f8eac3720ca20396 with the following Tags: Key=CreatedBy,Value=ec2-automate-backup Key=InstanceId,Value=i-a9052b11 Key=InstanceName,Value=internetds_front_yyzc_app02 Key=PurgeAfterFE,Value=1493662204 Key=PurgeAllow,Value=true Key=Volume,Value=vol-09265c94 Key=Created,Value=1491070204
INSTANCE i-c5042a7d
INSTANCE NAME: internetds_front_dsjr_app02
Tagging Snapshot snap-0203e2328ec7de131 with the following Tags: Key=CreatedBy,Value=ec2-automate-backup Key=InstanceId,Value=i-c5042a7d Key=InstanceName,Value=internetds_front_dsjr_app02 Key=PurgeAfterFE,Value=1493662204 Key=PurgeAllow,Value=true Key=Volume,Value=vol-01265c9c Key=Created,Value=1491070204
INSTANCE i-a9052b11
INSTANCE NAME: internetds_front_yyzc_app02
Tagging Snapshot snap-007a0bd0b2bc31003 with the following Tags: Key=CreatedBy,Value=ec2-automate-backup Key=InstanceId,Value=i-a9052b11 Key=InstanceName,Value=internetds_front_yyzc_app02 Key=PurgeAfterFE,Value=1493662204 Key=PurgeAllow,Value=true Key=Volume,Value=vol-46265cdb Key=Created,Value=1491070204
INSTANCE i-aa032d12
INSTANCE NAME: internetds_opsmon_app02
Tagging Snapshot snap-0a0c4d14d9e10e296 with the following Tags: Key=CreatedBy,Value=ec2-automate-backup Key=InstanceId,Value=i-aa032d12 Key=InstanceName,Value=internetds_opsmon_app02 Key=PurgeAfterFE,Value=1493662204 Key=PurgeAllow,Value=true Key=Volume,Value=vol-00255f9d Key=Created,Value=1491070204
INSTANCE i-aa032d12
INSTANCE NAME: internetds_opsmon_app02
Tagging Snapshot snap-069852b7a9e9b1a10 with the following Tags: Key=CreatedBy,Value=ec2-automate-backup Key=InstanceId,Value=i-aa032d12 Key=InstanceName,Value=internetds_opsmon_app02 Key=PurgeAfterFE,Value=1493662204 Key=PurgeAllow,Value=true Key=Volume,Value=vol-4e255fd3 Key=Created,Value=1491070204
INSTANCE i-64002edc
INSTANCE NAME: internetds_front_yyzc_app02
Tagging Snapshot snap-08193ad90a74373cb with the following Tags: Key=CreatedBy,Value=ec2-automate-backup Key=InstanceId,Value=i-64002edc Key=InstanceName,Value=internetds_front_yyzc_app02 Key=PurgeAfterFE,Value=1493662204 Key=PurgeAllow,Value=true Key=Volume,Value=vol-ae1b6133 Key=Created,Value=1491070204
INSTANCE i-6d002ed5
INSTANCE NAME: internetds_dmz_nginx02
Tagging Snapshot snap-0b7df47bc372967f4 with the following Tags: Key=CreatedBy,Value=ec2-automate-backup Key=InstanceId,Value=i-6d002ed5 Key=InstanceName,Value=internetds_dmz_nginx02 Key=PurgeAfterFE,Value=1493662204 Key=PurgeAllow,Value=true Key=Volume,Value=vol-da1b6147 Key=Created,Value=1491070204
INSTANCE i-6d002ed5
INSTANCE NAME: internetds_dmz_nginx02
Tagging Snapshot snap-0a4c667268628b097 with the following Tags: Key=CreatedBy,Value=ec2-automate-backup Key=InstanceId,Value=i-6d002ed5 Key=InstanceName,Value=internetds_dmz_nginx02 Key=PurgeAfterFE,Value=1493662204 Key=PurgeAllow,Value=true Key=Volume,Value=vol-f21b616f Key=Created,Value=1491070204
INSTANCE i-64002edc
INSTANCE NAME: internetds_front_yyzc_app02
Tagging Snapshot snap-0509e813d8dd6fd7b with the following Tags: Key=CreatedBy,Value=ec2-automate-backup Key=InstanceId,Value=i-64002edc Key=InstanceName,Value=internetds_front_yyzc_app02 Key=PurgeAfterFE,Value=1493662204 Key=PurgeAllow,Value=true Key=Volume,Value=vol-181b6185 Key=Created,Value=1491070204
INSTANCE i-5a002ee2
INSTANCE NAME: internetds_nat02
Tagging Snapshot snap-0967cdae15575ef1b with the following Tags: Key=CreatedBy,Value=ec2-automate-backup Key=InstanceId,Value=i-5a002ee2 Key=InstanceName,Value=internetds_nat02 Key=PurgeAfterFE,Value=1493662204 Key=PurgeAllow,Value=true Key=Volume,Value=vol-7f1b61e2 Key=Created,Value=1491070204
INSTANCE i-79b59bc1
INSTANCE NAME: internetds_datax_app02
Tagging Snapshot snap-00a07149a7631041d with the following Tags: Key=CreatedBy,Value=ec2-automate-backup Key=InstanceId,Value=i-79b59bc1 Key=InstanceName,Value=internetds_datax_app02 Key=PurgeAfterFE,Value=1493662204 Key=PurgeAllow,Value=true Key=Volume,Value=vol-75f68ce8 Key=Created,Value=1491070204
INSTANCE i-7ab59bc2
INSTANCE NAME: internetds_datax_yc_app02
Tagging Snapshot snap-071818d69ecf6629a with the following Tags: Key=CreatedBy,Value=ec2-automate-backup Key=InstanceId,Value=i-7ab59bc2 Key=InstanceName,Value=internetds_datax_yc_app02 Key=PurgeAfterFE,Value=1493662204 Key=PurgeAllow,Value=true Key=Volume,Value=vol-74f68ce9 Key=Created,Value=1491070204
INSTANCE i-7ab59bc2
INSTANCE NAME: internetds_datax_yc_app02
Tagging Snapshot snap-07443a3924c7e9f4c with the following Tags: Key=CreatedBy,Value=ec2-automate-backup Key=InstanceId,Value=i-7ab59bc2 Key=InstanceName,Value=internetds_datax_yc_app02 Key=PurgeAfterFE,Value=1493662204 Key=PurgeAllow,Value=true Key=Volume,Value=vol-92f78d0f Key=Created,Value=1491070204
INSTANCE i-79b59bc1
INSTANCE NAME: internetds_datax_app02
Tagging Snapshot snap-0f621c93f7eb60eb5 with the following Tags: Key=CreatedBy,Value=ec2-automate-backup Key=InstanceId,Value=i-79b59bc1 Key=InstanceName,Value=internetds_datax_app02 Key=PurgeAfterFE,Value=1493662204 Key=PurgeAllow,Value=true Key=Volume,Value=vol-a9f78d34 Key=Created,Value=1491070204
INSTANCE i-046148bc
INSTANCE NAME: internetds_epolicy_app03
Tagging Snapshot snap-0cdfb194bce09c35a with the following Tags: Key=CreatedBy,Value=ec2-automate-backup Key=InstanceId,Value=i-046148bc Key=InstanceName,Value=internetds_epolicy_app03 Key=PurgeAfterFE,Value=1493662204 Key=PurgeAllow,Value=true Key=Volume,Value=vol-bc165321 Key=Created,Value=1491070204
INSTANCE i-046148bc
INSTANCE NAME: internetds_epolicy_app03
Tagging Snapshot snap-0f8e5592ce58b399c with the following Tags: Key=CreatedBy,Value=ec2-automate-backup Key=InstanceId,Value=i-046148bc Key=InstanceName,Value=internetds_epolicy_app03 Key=PurgeAfterFE,Value=1493662204 Key=PurgeAllow,Value=true Key=Volume,Value=vol-db165346 Key=Created,Value=1491070204
INSTANCE i-056148bd
INSTANCE NAME: internetds_epolicy_app04
Tagging Snapshot snap-0e5ac5e09fbdf4511 with the following Tags: Key=CreatedBy,Value=ec2-automate-backup Key=InstanceId,Value=i-056148bd Key=InstanceName,Value=internetds_epolicy_app04 Key=PurgeAfterFE,Value=1493662204 Key=PurgeAllow,Value=true Key=Volume,Value=vol-fd165360 Key=Created,Value=1491070204
INSTANCE i-056148bd
INSTANCE NAME: internetds_epolicy_app04
Tagging Snapshot snap-00fc48b26938bc4d6 with the following Tags: Key=CreatedBy,Value=ec2-automate-backup Key=InstanceId,Value=i-056148bd Key=InstanceName,Value=internetds_epolicy_app04 Key=PurgeAfterFE,Value=1493662204 Key=PurgeAllow,Value=true Key=Volume,Value=vol-e4165379 Key=Created,Value=1491070204
INSTANCE i-51634ae9
INSTANCE NAME: internetds_dmz_email02
Tagging Snapshot snap-066293459a0a346ca with the following Tags: Key=CreatedBy,Value=ec2-automate-backup Key=InstanceId,Value=i-51634ae9 Key=InstanceName,Value=internetds_dmz_email02 Key=PurgeAfterFE,Value=1493662204 Key=PurgeAllow,Value=true Key=Volume,Value=vol-b210552f Key=Created,Value=1491070204
INSTANCE i-51634ae9
INSTANCE NAME: internetds_dmz_email02
Tagging Snapshot snap-085205d1674c91980 with the following Tags: Key=CreatedBy,Value=ec2-automate-backup Key=InstanceId,Value=i-51634ae9 Key=InstanceName,Value=internetds_dmz_email02 Key=PurgeAfterFE,Value=1493662204 Key=PurgeAllow,Value=true Key=Volume,Value=vol-d9105544 Key=Created,Value=1491070204
INSTANCE i-e298b05a
INSTANCE NAME: internetds_epolicy_app07
Tagging Snapshot snap-0a56819a349bb3325 with the following Tags: Key=CreatedBy,Value=ec2-automate-backup Key=InstanceId,Value=i-e298b05a Key=InstanceName,Value=internetds_epolicy_app07 Key=PurgeAfterFE,Value=1493662204 Key=PurgeAllow,Value=true Key=Volume,Value=vol-17e8af8a Key=Created,Value=1491070204
INSTANCE i-e398b05b
INSTANCE NAME: internetds_epolicy_app08
Tagging Snapshot snap-0a09f5f23674dd82c with the following Tags: Key=CreatedBy,Value=ec2-automate-backup Key=InstanceId,Value=i-e398b05b Key=InstanceName,Value=internetds_epolicy_app08 Key=PurgeAfterFE,Value=1493662204 Key=PurgeAllow,Value=true Key=Volume,Value=vol-16e8af8b Key=Created,Value=1491070204
INSTANCE i-e398b05b
INSTANCE NAME: internetds_epolicy_app08
Tagging Snapshot snap-05943cd68785828d8 with the following Tags: Key=CreatedBy,Value=ec2-automate-backup Key=InstanceId,Value=i-e398b05b Key=InstanceName,Value=internetds_epolicy_app08 Key=PurgeAfterFE,Value=1493662204 Key=PurgeAllow,Value=true Key=Volume,Value=vol-11e8af8c Key=Created,Value=1491070204
INSTANCE i-e298b05a
INSTANCE NAME: internetds_epolicy_app07
Tagging Snapshot snap-05514fe3846d2f814 with the following Tags: Key=CreatedBy,Value=ec2-automate-backup Key=InstanceId,Value=i-e298b05a Key=InstanceName,Value=internetds_epolicy_app07 Key=PurgeAfterFE,Value=1493662204 Key=PurgeAllow,Value=true Key=Volume,Value=vol-34e8afa9 Key=Created,Value=1491070204
INSTANCE i-b61a2e0e
INSTANCE NAME: internetds_life_bq_app02
Tagging Snapshot snap-0b02aff029f752200 with the following Tags: Key=CreatedBy,Value=ec2-automate-backup Key=InstanceId,Value=i-b61a2e0e Key=InstanceName,Value=internetds_life_bq_app02 Key=PurgeAfterFE,Value=1493662204 Key=PurgeAllow,Value=true Key=Volume,Value=vol-b93a7824 Key=Created,Value=1491070204
INSTANCE i-741a2ecc
INSTANCE NAME: internetds_life_xqyhb_app02
Tagging Snapshot snap-03d7bc53e663e65bf with the following Tags: Key=CreatedBy,Value=ec2-automate-backup Key=InstanceId,Value=i-741a2ecc Key=InstanceName,Value=internetds_life_xqyhb_app02 Key=PurgeAfterFE,Value=1493662204 Key=PurgeAllow,Value=true Key=Volume,Value=vol-d63a784b Key=Created,Value=1491070204
INSTANCE i-741a2ecc
INSTANCE NAME: internetds_life_xqyhb_app02
Tagging Snapshot snap-0c2ab9d6d4869fc59 with the following Tags: Key=CreatedBy,Value=ec2-automate-backup Key=InstanceId,Value=i-741a2ecc Key=InstanceName,Value=internetds_life_xqyhb_app02 Key=PurgeAfterFE,Value=1493662204 Key=PurgeAllow,Value=true Key=Volume,Value=vol-1b3a7886 Key=Created,Value=1491070204
INSTANCE i-731a2ecb
INSTANCE NAME: internetds_life_bdgl_app02
Tagging Snapshot snap-0b29ea11212aa3f94 with the following Tags: Key=CreatedBy,Value=ec2-automate-backup Key=InstanceId,Value=i-731a2ecb Key=InstanceName,Value=internetds_life_bdgl_app02 Key=PurgeAfterFE,Value=1493662204 Key=PurgeAllow,Value=true Key=Volume,Value=vol-353a78a8 Key=Created,Value=1491070204
INSTANCE i-4b1a2ef3
INSTANCE NAME: internetds_life_jsyq_app02
Tagging Snapshot snap-0b1c77f6bcf6801ae with the following Tags: Key=CreatedBy,Value=ec2-automate-backup Key=InstanceId,Value=i-4b1a2ef3 Key=InstanceName,Value=internetds_life_jsyq_app02 Key=PurgeAfterFE,Value=1493662204 Key=PurgeAllow,Value=true Key=Volume,Value=vol-2d3a78b0 Key=Created,Value=1491070204
INSTANCE i-731a2ecb
INSTANCE NAME: internetds_life_bdgl_app02
Tagging Snapshot snap-0f3d889827df53b61 with the following Tags: Key=CreatedBy,Value=ec2-automate-backup Key=InstanceId,Value=i-731a2ecb Key=InstanceName,Value=internetds_life_bdgl_app02 Key=PurgeAfterFE,Value=1493662204 Key=PurgeAllow,Value=true Key=Volume,Value=vol-2e3a78b3 Key=Created,Value=1491070204
INSTANCE i-b61a2e0e
INSTANCE NAME: internetds_life_bq_app02
Tagging Snapshot snap-097eb335537207ed6 with the following Tags: Key=CreatedBy,Value=ec2-automate-backup Key=InstanceId,Value=i-b61a2e0e Key=InstanceName,Value=internetds_life_bq_app02 Key=PurgeAfterFE,Value=1493662204 Key=PurgeAllow,Value=true Key=Volume,Value=vol-583a78c5 Key=Created,Value=1491070204
INSTANCE i-4b1a2ef3
INSTANCE NAME: internetds_life_jsyq_app02
Tagging Snapshot snap-03f4017c36721de38 with the following Tags: Key=CreatedBy,Value=ec2-automate-backup Key=InstanceId,Value=i-4b1a2ef3 Key=InstanceName,Value=internetds_life_jsyq_app02 Key=PurgeAfterFE,Value=1493662204 Key=PurgeAllow,Value=true Key=Volume,Value=vol-973b790a Key=Created,Value=1491070204
INSTANCE i-6b81b0d3
INSTANCE NAME: mgmt-bastion02
Tagging Snapshot snap-06481ef34ec3dcc69 with the following Tags: Key=CreatedBy,Value=ec2-automate-backup Key=InstanceId,Value=i-6b81b0d3 Key=InstanceName,Value=mgmt-bastion02 Key=PurgeAfterFE,Value=1493662204 Key=PurgeAllow,Value=true Key=Volume,Value=vol-22e6a8bf Key=Created,Value=1491070204
INSTANCE i-6b81b0d3
INSTANCE NAME: mgmt-bastion02
Tagging Snapshot snap-0cb3ced665bace5c1 with the following Tags: Key=CreatedBy,Value=ec2-automate-backup Key=InstanceId,Value=i-6b81b0d3 Key=InstanceName,Value=mgmt-bastion02 Key=PurgeAfterFE,Value=1493662204 Key=PurgeAllow,Value=true Key=Volume,Value=vol-b6e7a92b Key=Created,Value=1491070204
INSTANCE i-5c9eade4
INSTANCE NAME: internetds_opsmon_DB02
Tagging Snapshot snap-060d209a92f008497 with the following Tags: Key=CreatedBy,Value=ec2-automate-backup Key=InstanceId,Value=i-5c9eade4 Key=InstanceName,Value=internetds_opsmon_DB02 Key=PurgeAfterFE,Value=1493662204 Key=PurgeAllow,Value=true Key=Volume,Value=vol-ad357e30 Key=Created,Value=1491070204
INSTANCE i-5c9eade4
INSTANCE NAME: internetds_opsmon_DB02
Tagging Snapshot snap-0f4d3262df50703ca with the following Tags: Key=CreatedBy,Value=ec2-automate-backup Key=InstanceId,Value=i-5c9eade4 Key=InstanceName,Value=internetds_opsmon_DB02 Key=PurgeAfterFE,Value=1493662204 Key=PurgeAllow,Value=true Key=Volume,Value=vol-f7357e6a Key=Created,Value=1491070204
INSTANCE i-0035f2a004086aae8
INSTANCE NAME: dev_internetds_health_mid_app02
Tagging Snapshot snap-0247aeb577362f396 with the following Tags: Key=CreatedBy,Value=ec2-automate-backup Key=InstanceId,Value=i-0035f2a004086aae8 Key=InstanceName,Value=dev_internetds_health_mid_app02 Key=PurgeAfterFE,Value=1493662204 Key=PurgeAllow,Value=true Key=Volume,Value=vol-04c1b9bcdbcbb80b3 Key=Created,Value=1491070204
INSTANCE i-0035f2a004086aae8
INSTANCE NAME: dev_internetds_health_mid_app02
Tagging Snapshot snap-0039cf9612959ae4a with the following Tags: Key=CreatedBy,Value=ec2-automate-backup Key=InstanceId,Value=i-0035f2a004086aae8 Key=InstanceName,Value=dev_internetds_health_mid_app02 Key=PurgeAfterFE,Value=1493662204 Key=PurgeAllow,Value=true Key=Volume,Value=vol-0adcba272a3852e1d Key=Created,Value=1491070204
INSTANCE i-049e6dedca392ba39
INSTANCE NAME: uat_internetds_health_mid_app02
Tagging Snapshot snap-0e28c9b347c8b9dad with the following Tags: Key=CreatedBy,Value=ec2-automate-backup Key=InstanceId,Value=i-049e6dedca392ba39 Key=InstanceName,Value=uat_internetds_health_mid_app02 Key=PurgeAfterFE,Value=1493662204 Key=PurgeAllow,Value=true Key=Volume,Value=vol-0d3596bbe1256e96e Key=Created,Value=1491070204
INSTANCE i-049e6dedca392ba39
INSTANCE NAME: uat_internetds_health_mid_app02
Tagging Snapshot snap-0e6ee6e93cebb12ed with the following Tags: Key=CreatedBy,Value=ec2-automate-backup Key=InstanceId,Value=i-049e6dedca392ba39 Key=InstanceName,Value=uat_internetds_health_mid_app02 Key=PurgeAfterFE,Value=1493662204 Key=PurgeAllow,Value=true Key=Volume,Value=vol-031c7fada2f400cd3 Key=Created,Value=1491070204
INSTANCE i-0d80b94f10ad463a5
INSTANCE NAME: dev_internetds_health_datax_app02
Tagging Snapshot snap-09d2cf8e8fe8b560d with the following Tags: Key=CreatedBy,Value=ec2-automate-backup Key=InstanceId,Value=i-0d80b94f10ad463a5 Key=InstanceName,Value=dev_internetds_health_datax_app02 Key=PurgeAfterFE,Value=1493662204 Key=PurgeAllow,Value=true Key=Volume,Value=vol-0d9ef08f7a180f5b0 Key=Created,Value=1491070204
INSTANCE i-0d80b94f10ad463a5
INSTANCE NAME: dev_internetds_health_datax_app02
Tagging Snapshot snap-0d2a0850251278f53 with the following Tags: Key=CreatedBy,Value=ec2-automate-backup Key=InstanceId,Value=i-0d80b94f10ad463a5 Key=InstanceName,Value=dev_internetds_health_datax_app02 Key=PurgeAfterFE,Value=1493662204 Key=PurgeAllow,Value=true Key=Volume,Value=vol-0c65fceeaf7b26474 Key=Created,Value=1491070204
INSTANCE i-047d5b1b7b46ff8b5
INSTANCE NAME: uat_internetds_health_datax_app02
Tagging Snapshot snap-0e5df06e1d26e39b5 with the following Tags: Key=CreatedBy,Value=ec2-automate-backup Key=InstanceId,Value=i-047d5b1b7b46ff8b5 Key=InstanceName,Value=uat_internetds_health_datax_app02 Key=PurgeAfterFE,Value=1493662204 Key=PurgeAllow,Value=true Key=Volume,Value=vol-04c86372c8aa60fd2 Key=Created,Value=1491070204
INSTANCE i-047d5b1b7b46ff8b5
INSTANCE NAME: uat_internetds_health_datax_app02
Tagging Snapshot snap-09edb52573c95797f with the following Tags: Key=CreatedBy,Value=ec2-automate-backup Key=InstanceId,Value=i-047d5b1b7b46ff8b5 Key=InstanceName,Value=uat_internetds_health_datax_app02 Key=PurgeAfterFE,Value=1493662204 Key=PurgeAllow,Value=true Key=Volume,Value=vol-04b89aa3e8e55dc22 Key=Created,Value=1491070204
INSTANCE i-0ec8d523fc2d64041
INSTANCE NAME: dev_internetds_health_gzyq_app02
Tagging Snapshot snap-0596ec7a99c96f102 with the following Tags: Key=CreatedBy,Value=ec2-automate-backup Key=InstanceId,Value=i-0ec8d523fc2d64041 Key=InstanceName,Value=dev_internetds_health_gzyq_app02 Key=PurgeAfterFE,Value=1493662204 Key=PurgeAllow,Value=true Key=Volume,Value=vol-0bbe766dc8574b493 Key=Created,Value=1491070204
INSTANCE i-0ec8d523fc2d64041
INSTANCE NAME: dev_internetds_health_gzyq_app02
Tagging Snapshot snap-021a165d9ef5d9f03 with the following Tags: Key=CreatedBy,Value=ec2-automate-backup Key=InstanceId,Value=i-0ec8d523fc2d64041 Key=InstanceName,Value=dev_internetds_health_gzyq_app02 Key=PurgeAfterFE,Value=1493662204 Key=PurgeAllow,Value=true Key=Volume,Value=vol-08081e8af7f16a7c4 Key=Created,Value=1491070204
INSTANCE i-0b8ae15ea595f4d7f
INSTANCE NAME: uat_internetds_health_gzyq_app02
Tagging Snapshot snap-023a92d0de3fcdad1 with the following Tags: Key=CreatedBy,Value=ec2-automate-backup Key=InstanceId,Value=i-0b8ae15ea595f4d7f Key=InstanceName,Value=uat_internetds_health_gzyq_app02 Key=PurgeAfterFE,Value=1493662204 Key=PurgeAllow,Value=true Key=Volume,Value=vol-0dfeb2215d34ed215 Key=Created,Value=1491070204
INSTANCE i-0b8ae15ea595f4d7f
INSTANCE NAME: uat_internetds_health_gzyq_app02
Tagging Snapshot snap-055a560a39fd3716b with the following Tags: Key=CreatedBy,Value=ec2-automate-backup Key=InstanceId,Value=i-0b8ae15ea595f4d7f Key=InstanceName,Value=uat_internetds_health_gzyq_app02 Key=PurgeAfterFE,Value=1493662204 Key=PurgeAllow,Value=true Key=Volume,Value=vol-0826b6434ca5179fe Key=Created,Value=1491070204
INSTANCE i-02318f7e4ca5c9fb6
INSTANCE NAME: yc_internetds_health_bq_app02
Tagging Snapshot snap-0ec3e6b530f3cd63e with the following Tags: Key=CreatedBy,Value=ec2-automate-backup Key=InstanceId,Value=i-02318f7e4ca5c9fb6 Key=InstanceName,Value=yc_internetds_health_bq_app02 Key=PurgeAfterFE,Value=1493662204 Key=PurgeAllow,Value=true Key=Volume,Value=vol-010599ee64bb16595 Key=Created,Value=1491070204
INSTANCE i-010950ff9d6d65930
INSTANCE NAME: yc_internetds_health_bq_app04
Tagging Snapshot snap-01f296b9ce05336e0 with the following Tags: Key=CreatedBy,Value=ec2-automate-backup Key=InstanceId,Value=i-010950ff9d6d65930 Key=InstanceName,Value=yc_internetds_health_bq_app04 Key=PurgeAfterFE,Value=1493662204 Key=PurgeAllow,Value=true Key=Volume,Value=vol-0973426713069a48a Key=Created,Value=1491070204
INSTANCE i-010950ff9d6d65930
INSTANCE NAME: yc_internetds_health_bq_app04
Tagging Snapshot snap-00815afbc66fe0912 with the following Tags: Key=CreatedBy,Value=ec2-automate-backup Key=InstanceId,Value=i-010950ff9d6d65930 Key=InstanceName,Value=yc_internetds_health_bq_app04 Key=PurgeAfterFE,Value=1493662204 Key=PurgeAllow,Value=true Key=Volume,Value=vol-06f1e19c4ab60d6e0 Key=Created,Value=1491070204
INSTANCE i-02318f7e4ca5c9fb6
INSTANCE NAME: yc_internetds_health_bq_app02
Tagging Snapshot snap-0786cb6a43187a1c2 with the following Tags: Key=CreatedBy,Value=ec2-automate-backup Key=InstanceId,Value=i-02318f7e4ca5c9fb6 Key=InstanceName,Value=yc_internetds_health_bq_app02 Key=PurgeAfterFE,Value=1493662204 Key=PurgeAllow,Value=true Key=Volume,Value=vol-0a2eef75f9d32d9ce Key=Created,Value=1491070204
INSTANCE i-0e3e4bc8b248bcf95
INSTANCE NAME: dev_internetds_opsmon_app02
Tagging Snapshot snap-0c5b36acc6c0d7616 with the following Tags: Key=CreatedBy,Value=ec2-automate-backup Key=InstanceId,Value=i-0e3e4bc8b248bcf95 Key=InstanceName,Value=dev_internetds_opsmon_app02 Key=PurgeAfterFE,Value=1493662204 Key=PurgeAllow,Value=true Key=Volume,Value=vol-0aaf55242dfdc35da Key=Created,Value=1491070204
INSTANCE i-0e3e4bc8b248bcf95
INSTANCE NAME: dev_internetds_opsmon_app02
Tagging Snapshot snap-00601206790df92b7 with the following Tags: Key=CreatedBy,Value=ec2-automate-backup Key=InstanceId,Value=i-0e3e4bc8b248bcf95 Key=InstanceName,Value=dev_internetds_opsmon_app02 Key=PurgeAfterFE,Value=1493662204 Key=PurgeAllow,Value=true Key=Volume,Value=vol-0ad5556ab59afa3ca Key=Created,Value=1491070204
INSTANCE i-6b340753
INSTANCE NAME: test_internetds_nat01
Tagging Snapshot snap-0f33a9b260f87afc3 with the following Tags: Key=CreatedBy,Value=ec2-automate-backup Key=InstanceId,Value=i-6b340753 Key=InstanceName,Value=test_internetds_nat01 Key=PurgeAfterFE,Value=1493662204 Key=PurgeAllow,Value=true Key=Volume,Value=vol-55a18cd0 Key=Created,Value=1491070204
INSTANCE i-fe2516c6
INSTANCE NAME: uat_internetds_front_app02
Tagging Snapshot snap-09fc828f4a8c93cb6 with the following Tags: Key=CreatedBy,Value=ec2-automate-backup Key=InstanceId,Value=i-fe2516c6 Key=InstanceName,Value=uat_internetds_front_app02 Key=PurgeAfterFE,Value=1493662204 Key=PurgeAllow,Value=true Key=Volume,Value=vol-c88da04d Key=Created,Value=1491070204
INSTANCE i-fe2516c6
INSTANCE NAME: uat_internetds_front_app02
Tagging Snapshot snap-00b76c2928fe1c21a with the following Tags: Key=CreatedBy,Value=ec2-automate-backup Key=InstanceId,Value=i-fe2516c6 Key=InstanceName,Value=uat_internetds_front_app02 Key=PurgeAfterFE,Value=1493662204 Key=PurgeAllow,Value=true Key=Volume,Value=vol-0b8da08e Key=Created,Value=1491070204
INSTANCE i-ae241796
INSTANCE NAME: uat_internetds_health_app02
Tagging Snapshot snap-0327770b5e7d15e32 with the following Tags: Key=CreatedBy,Value=ec2-automate-backup Key=InstanceId,Value=i-ae241796 Key=InstanceName,Value=uat_internetds_health_app02 Key=PurgeAfterFE,Value=1493662204 Key=PurgeAllow,Value=true Key=Volume,Value=vol-218da0a4 Key=Created,Value=1491070204
INSTANCE i-ae241796
INSTANCE NAME: uat_internetds_health_app02
Tagging Snapshot snap-02da7328c9ce44075 with the following Tags: Key=CreatedBy,Value=ec2-automate-backup Key=InstanceId,Value=i-ae241796 Key=InstanceName,Value=uat_internetds_health_app02 Key=PurgeAfterFE,Value=1493662204 Key=PurgeAllow,Value=true Key=Volume,Value=vol-818ca104 Key=Created,Value=1491070204
INSTANCE i-d82516e0
INSTANCE NAME: dev_internetds_epolicy_app01
Tagging Snapshot snap-0459a6374c40cf7a2 with the following Tags: Key=CreatedBy,Value=ec2-automate-backup Key=InstanceId,Value=i-d82516e0 Key=InstanceName,Value=dev_internetds_epolicy_app01 Key=PurgeAfterFE,Value=1493662204 Key=PurgeAllow,Value=true Key=Volume,Value=vol-838ca106 Key=Created,Value=1491070204
INSTANCE i-ab251693
INSTANCE NAME: uat_internetds_opsmon_app02
Tagging Snapshot snap-05fd37268bf5a6b78 with the following Tags: Key=CreatedBy,Value=ec2-automate-backup Key=InstanceId,Value=i-ab251693 Key=InstanceName,Value=uat_internetds_opsmon_app02 Key=PurgeAfterFE,Value=1493662204 Key=PurgeAllow,Value=true Key=Volume,Value=vol-998ca11c Key=Created,Value=1491070204
INSTANCE i-ba241782
INSTANCE NAME: uat_internetds_mid02
Tagging Snapshot snap-0801f930214cf4791 with the following Tags: Key=CreatedBy,Value=ec2-automate-backup Key=InstanceId,Value=i-ba241782 Key=InstanceName,Value=uat_internetds_mid02 Key=PurgeAfterFE,Value=1493662204 Key=PurgeAllow,Value=true Key=Volume,Value=vol-ea8ca16f Key=Created,Value=1491070204
INSTANCE i-ae251696
INSTANCE NAME: sim_internetds_epolicy_app01
Tagging Snapshot snap-023bf4d302e144fd8 with the following Tags: Key=CreatedBy,Value=ec2-automate-backup Key=InstanceId,Value=i-ae251696 Key=InstanceName,Value=sim_internetds_epolicy_app01 Key=PurgeAfterFE,Value=1493662204 Key=PurgeAllow,Value=true Key=Volume,Value=vol-0d8ca188 Key=Created,Value=1491070204
INSTANCE i-d92516e1
INSTANCE NAME: dat_internetds_epolicy_app01
Tagging Snapshot snap-038b1f401857cd4e3 with the following Tags: Key=CreatedBy,Value=ec2-automate-backup Key=InstanceId,Value=i-d92516e1 Key=InstanceName,Value=dat_internetds_epolicy_app01 Key=PurgeAfterFE,Value=1493662204 Key=PurgeAllow,Value=true Key=Volume,Value=vol-0c8ca189 Key=Created,Value=1491070204
INSTANCE i-ab251693
INSTANCE NAME: uat_internetds_opsmon_app02
Tagging Snapshot snap-0f135ea77668bd5de with the following Tags: Key=CreatedBy,Value=ec2-automate-backup Key=InstanceId,Value=i-ab251693 Key=InstanceName,Value=uat_internetds_opsmon_app02 Key=PurgeAfterFE,Value=1493662204 Key=PurgeAllow,Value=true Key=Volume,Value=vol-098ca18c Key=Created,Value=1491070204
INSTANCE i-af251697
INSTANCE NAME: uat_internetds_epolicy_app01
Tagging Snapshot snap-09b46631dc6536894 with the following Tags: Key=CreatedBy,Value=ec2-automate-backup Key=InstanceId,Value=i-af251697 Key=InstanceName,Value=uat_internetds_epolicy_app01 Key=PurgeAfterFE,Value=1493662204 Key=PurgeAllow,Value=true Key=Volume,Value=vol-1c8ca199 Key=Created,Value=1491070204
INSTANCE i-ba241782
INSTANCE NAME: uat_internetds_mid02
Tagging Snapshot snap-07943b8e7d802f6fb with the following Tags: Key=CreatedBy,Value=ec2-automate-backup Key=InstanceId,Value=i-ba241782 Key=InstanceName,Value=uat_internetds_mid02 Key=PurgeAfterFE,Value=1493662204 Key=PurgeAllow,Value=true Key=Volume,Value=vol-348ca1b1 Key=Created,Value=1491070204
INSTANCE i-00241738
INSTANCE NAME: uat_internetds_life_app01
Tagging Snapshot snap-02599966d743d24e1 with the following Tags: Key=CreatedBy,Value=ec2-automate-backup Key=InstanceId,Value=i-00241738 Key=InstanceName,Value=uat_internetds_life_app01 Key=PurgeAfterFE,Value=1493662204 Key=PurgeAllow,Value=true Key=Volume,Value=vol-dc8fa259 Key=Created,Value=1491070204
INSTANCE i-00241738
INSTANCE NAME: uat_internetds_life_app01
Tagging Snapshot snap-08c715dc1320a1833 with the following Tags: Key=CreatedBy,Value=ec2-automate-backup Key=InstanceId,Value=i-00241738 Key=InstanceName,Value=uat_internetds_life_app01 Key=PurgeAfterFE,Value=1493662204 Key=PurgeAllow,Value=true Key=Volume,Value=vol-e78fa262 Key=Created,Value=1491070204
INSTANCE i-2e281b16
INSTANCE NAME: dev_internetds_front_app01
Tagging Snapshot snap-0801ca4e6b892662c with the following Tags: Key=CreatedBy,Value=ec2-automate-backup Key=InstanceId,Value=i-2e281b16 Key=InstanceName,Value=dev_internetds_front_app01 Key=PurgeAfterFE,Value=1493662204 Key=PurgeAllow,Value=true Key=Volume,Value=vol-4c84a9c9 Key=Created,Value=1491070204
INSTANCE i-2e281b16
INSTANCE NAME: dev_internetds_front_app01
Tagging Snapshot snap-0c77ae9a49b2f35e0 with the following Tags: Key=CreatedBy,Value=ec2-automate-backup Key=InstanceId,Value=i-2e281b16 Key=InstanceName,Value=dev_internetds_front_app01 Key=PurgeAfterFE,Value=1493662204 Key=PurgeAllow,Value=true Key=Volume,Value=vol-cd87aa48 Key=Created,Value=1491070204
INSTANCE i-08281b30
INSTANCE NAME: dev_internetds_life_app01
Tagging Snapshot snap-0efb928377e9aba6a with the following Tags: Key=CreatedBy,Value=ec2-automate-backup Key=InstanceId,Value=i-08281b30 Key=InstanceName,Value=dev_internetds_life_app01 Key=PurgeAfterFE,Value=1493662204 Key=PurgeAllow,Value=true Key=Volume,Value=vol-5287aad7 Key=Created,Value=1491070204
INSTANCE i-08281b30
INSTANCE NAME: dev_internetds_life_app01
Tagging Snapshot snap-051a1cd9ca9f31ee5 with the following Tags: Key=CreatedBy,Value=ec2-automate-backup Key=InstanceId,Value=i-08281b30 Key=InstanceName,Value=dev_internetds_life_app01 Key=PurgeAfterFE,Value=1493662204 Key=PurgeAllow,Value=true Key=Volume,Value=vol-a486ab21 Key=Created,Value=1491070204
INSTANCE i-05281b3d
INSTANCE NAME: dev_internetds_health_app01
Tagging Snapshot snap-07806320c91440d02 with the following Tags: Key=CreatedBy,Value=ec2-automate-backup Key=InstanceId,Value=i-05281b3d Key=InstanceName,Value=dev_internetds_health_app01 Key=PurgeAfterFE,Value=1493662204 Key=PurgeAllow,Value=true Key=Volume,Value=vol-3486abb1 Key=Created,Value=1491070204
INSTANCE i-c4281bfc
INSTANCE NAME: dev_internetds_opsmon_app01
Tagging Snapshot snap-051ebc4545be3f8ee with the following Tags: Key=CreatedBy,Value=ec2-automate-backup Key=InstanceId,Value=i-c4281bfc Key=InstanceName,Value=dev_internetds_opsmon_app01 Key=PurgeAfterFE,Value=1493662204 Key=PurgeAllow,Value=true Key=Volume,Value=vol-7286abf7 Key=Created,Value=1491070204
INSTANCE i-05281b3d
INSTANCE NAME: dev_internetds_health_app01
Tagging Snapshot snap-0de1fb09d7b691f28 with the following Tags: Key=CreatedBy,Value=ec2-automate-backup Key=InstanceId,Value=i-05281b3d Key=InstanceName,Value=dev_internetds_health_app01 Key=PurgeAfterFE,Value=1493662204 Key=PurgeAllow,Value=true Key=Volume,Value=vol-8581ac00 Key=Created,Value=1491070204
INSTANCE i-c4281bfc
INSTANCE NAME: dev_internetds_opsmon_app01
Tagging Snapshot snap-058e0c74e49df69ae with the following Tags: Key=CreatedBy,Value=ec2-automate-backup Key=InstanceId,Value=i-c4281bfc Key=InstanceName,Value=dev_internetds_opsmon_app01 Key=PurgeAfterFE,Value=1493662204 Key=PurgeAllow,Value=true Key=Volume,Value=vol-9581ac10 Key=Created,Value=1491070204
INSTANCE i-392d1e01
INSTANCE NAME: dev_internetds_mid01
Tagging Snapshot snap-06418a19af16d32f8 with the following Tags: Key=CreatedBy,Value=ec2-automate-backup Key=InstanceId,Value=i-392d1e01 Key=InstanceName,Value=dev_internetds_mid01 Key=PurgeAfterFE,Value=1493662204 Key=PurgeAllow,Value=true Key=Volume,Value=vol-a29db027 Key=Created,Value=1491070204
INSTANCE i-392d1e01
INSTANCE NAME: dev_internetds_mid01
Tagging Snapshot snap-01a1692ceaa549812 with the following Tags: Key=CreatedBy,Value=ec2-automate-backup Key=InstanceId,Value=i-392d1e01 Key=InstanceName,Value=dev_internetds_mid01 Key=PurgeAfterFE,Value=1493662204 Key=PurgeAllow,Value=true Key=Volume,Value=vol-ce9db04b Key=Created,Value=1491070204
INSTANCE i-322d1e0a
INSTANCE NAME: dev_internetds_datax_app01
Tagging Snapshot snap-06154222466c12c22 with the following Tags: Key=CreatedBy,Value=ec2-automate-backup Key=InstanceId,Value=i-322d1e0a Key=InstanceName,Value=dev_internetds_datax_app01 Key=PurgeAfterFE,Value=1493662204 Key=PurgeAllow,Value=true Key=Volume,Value=vol-f19db074 Key=Created,Value=1491070204
INSTANCE i-322d1e0a
INSTANCE NAME: dev_internetds_datax_app01
Tagging Snapshot snap-0d9ab2e9b5a1a89ec with the following Tags: Key=CreatedBy,Value=ec2-automate-backup Key=InstanceId,Value=i-322d1e0a Key=InstanceName,Value=dev_internetds_datax_app01 Key=PurgeAfterFE,Value=1493662204 Key=PurgeAllow,Value=true Key=Volume,Value=vol-2a9db0af Key=Created,Value=1491070204
INSTANCE i-062d1e3e
INSTANCE NAME: uat_internetds_datax_app02
Tagging Snapshot snap-00558d46371022873 with the following Tags: Key=CreatedBy,Value=ec2-automate-backup Key=InstanceId,Value=i-062d1e3e Key=InstanceName,Value=uat_internetds_datax_app02 Key=PurgeAfterFE,Value=1493662204 Key=PurgeAllow,Value=true Key=Volume,Value=vol-729db0f7 Key=Created,Value=1491070204
INSTANCE i-062d1e3e
INSTANCE NAME: uat_internetds_datax_app02
Tagging Snapshot snap-063c439c626b0f087 with the following Tags: Key=CreatedBy,Value=ec2-automate-backup Key=InstanceId,Value=i-062d1e3e Key=InstanceName,Value=uat_internetds_datax_app02 Key=PurgeAfterFE,Value=1493662204 Key=PurgeAllow,Value=true Key=Volume,Value=vol-d79cb152 Key=Created,Value=1491070204
INSTANCE i-04330e3c
INSTANCE NAME: test_epolicy_mail01
Tagging Snapshot snap-0155c63a22b3c284a with the following Tags: Key=CreatedBy,Value=ec2-automate-backup Key=InstanceId,Value=i-04330e3c Key=InstanceName,Value=test_epolicy_mail01 Key=PurgeAfterFE,Value=1493662204 Key=PurgeAllow,Value=true Key=Volume,Value=vol-f0567f75 Key=Created,Value=1491070204
INSTANCE i-04330e3c
INSTANCE NAME: test_epolicy_mail01
Tagging Snapshot snap-0fc260355b5545c2b with the following Tags: Key=CreatedBy,Value=ec2-automate-backup Key=InstanceId,Value=i-04330e3c Key=InstanceName,Value=test_epolicy_mail01 Key=PurgeAfterFE,Value=1493662204 Key=PurgeAllow,Value=true Key=Volume,Value=vol-74567ff1 Key=Created,Value=1491070204
INSTANCE i-1eb28f26
INSTANCE NAME: uat_internetds_datax_app1
Tagging Snapshot snap-06231866c1c603ed2 with the following Tags: Key=CreatedBy,Value=ec2-automate-backup Key=InstanceId,Value=i-1eb28f26 Key=InstanceName,Value=uat_internetds_datax_app1 Key=PurgeAfterFE,Value=1493662204 Key=PurgeAllow,Value=true Key=Volume,Value=vol-41644cc4 Key=Created,Value=1491070204
INSTANCE i-1eb28f26
INSTANCE NAME: uat_internetds_datax_app1
Tagging Snapshot snap-0565303017c8ac356 with the following Tags: Key=CreatedBy,Value=ec2-automate-backup Key=InstanceId,Value=i-1eb28f26 Key=InstanceName,Value=uat_internetds_datax_app1 Key=PurgeAfterFE,Value=1493662204 Key=PurgeAllow,Value=true Key=Volume,Value=vol-ab654d2e Key=Created,Value=1491070204
INSTANCE i-d1a598e9
INSTANCE NAME: dev_internetds_datax_app03
Tagging Snapshot snap-0b42dc42826a2ab09 with the following Tags: Key=CreatedBy,Value=ec2-automate-backup Key=InstanceId,Value=i-d1a598e9 Key=InstanceName,Value=dev_internetds_datax_app03 Key=PurgeAfterFE,Value=1493662204 Key=PurgeAllow,Value=true Key=Volume,Value=vol-13745c96 Key=Created,Value=1491070204
INSTANCE i-d1a598e9
INSTANCE NAME: dev_internetds_datax_app03
Tagging Snapshot snap-03de77805082480ad with the following Tags: Key=CreatedBy,Value=ec2-automate-backup Key=InstanceId,Value=i-d1a598e9 Key=InstanceName,Value=dev_internetds_datax_app03 Key=PurgeAfterFE,Value=1493662204 Key=PurgeAllow,Value=true Key=Volume,Value=vol-50745cd5 Key=Created,Value=1491070204
INSTANCE i-8099a6b8
INSTANCE NAME: internetds_dmz_nginx01
Tagging Snapshot snap-0a2e3fbc2812cac7b with the following Tags: Key=CreatedBy,Value=ec2-automate-backup Key=InstanceId,Value=i-8099a6b8 Key=InstanceName,Value=internetds_dmz_nginx01 Key=PurgeAfterFE,Value=1493662204 Key=PurgeAllow,Value=true Key=Volume,Value=vol-88c6f30d Key=Created,Value=1491070204
INSTANCE i-8099a6b8
INSTANCE NAME: internetds_dmz_nginx01
Tagging Snapshot snap-085e8d5e0664b61c2 with the following Tags: Key=CreatedBy,Value=ec2-automate-backup Key=InstanceId,Value=i-8099a6b8 Key=InstanceName,Value=internetds_dmz_nginx01 Key=PurgeAfterFE,Value=1493662204 Key=PurgeAllow,Value=true Key=Volume,Value=vol-a7c6f322 Key=Created,Value=1491070204
INSTANCE i-a794ab9f
INSTANCE NAME: internetds_front_nginx01
Tagging Snapshot snap-070f44f10475fda55 with the following Tags: Key=CreatedBy,Value=ec2-automate-backup Key=InstanceId,Value=i-a794ab9f Key=InstanceName,Value=internetds_front_nginx01 Key=PurgeAfterFE,Value=1493662204 Key=PurgeAllow,Value=true Key=Volume,Value=vol-b8ccf93d Key=Created,Value=1491070204
INSTANCE i-a794ab9f
INSTANCE NAME: internetds_front_nginx01
Tagging Snapshot snap-0d02172436363af45 with the following Tags: Key=CreatedBy,Value=ec2-automate-backup Key=InstanceId,Value=i-a794ab9f Key=InstanceName,Value=internetds_front_nginx01 Key=PurgeAfterFE,Value=1493662204 Key=PurgeAllow,Value=true Key=Volume,Value=vol-cfccf94a Key=Created,Value=1491070204
INSTANCE i-0194ab39
INSTANCE NAME: internetds_front_zkp_app01
Tagging Snapshot snap-088d484784757d66f with the following Tags: Key=CreatedBy,Value=ec2-automate-backup Key=InstanceId,Value=i-0194ab39 Key=InstanceName,Value=internetds_front_zkp_app01 Key=PurgeAfterFE,Value=1493662204 Key=PurgeAllow,Value=true Key=Volume,Value=vol-33ccf9b6 Key=Created,Value=1491070204
INSTANCE i-0194ab39
INSTANCE NAME: internetds_front_zkp_app01
Tagging Snapshot snap-0427b5a549985265b with the following Tags: Key=CreatedBy,Value=ec2-automate-backup Key=InstanceId,Value=i-0194ab39 Key=InstanceName,Value=internetds_front_zkp_app01 Key=PurgeAfterFE,Value=1493662204 Key=PurgeAllow,Value=true Key=Volume,Value=vol-c1cffa44 Key=Created,Value=1491070204
INSTANCE i-d187b8e9
INSTANCE NAME: internetds_front_dsjr_app01
Tagging Snapshot snap-0f27b9127f551af7c with the following Tags: Key=CreatedBy,Value=ec2-automate-backup Key=InstanceId,Value=i-d187b8e9 Key=InstanceName,Value=internetds_front_dsjr_app01 Key=PurgeAfterFE,Value=1493662204 Key=PurgeAllow,Value=true Key=Volume,Value=vol-e4b98c61 Key=Created,Value=1491070204
INSTANCE i-9c87b8a4
INSTANCE NAME: internetds_life_jsyq_app01
Tagging Snapshot snap-0f20574cd0b4fa2b4 with the following Tags: Key=CreatedBy,Value=ec2-automate-backup Key=InstanceId,Value=i-9c87b8a4 Key=InstanceName,Value=internetds_life_jsyq_app01 Key=PurgeAfterFE,Value=1493662204 Key=PurgeAllow,Value=true Key=Volume,Value=vol-f3b98c76 Key=Created,Value=1491070204
INSTANCE i-9c87b8a4
INSTANCE NAME: internetds_life_jsyq_app01
Tagging Snapshot snap-0ce6fc9d87022f947 with the following Tags: Key=CreatedBy,Value=ec2-automate-backup Key=InstanceId,Value=i-9c87b8a4 Key=InstanceName,Value=internetds_life_jsyq_app01 Key=PurgeAfterFE,Value=1493662204 Key=PurgeAllow,Value=true Key=Volume,Value=vol-f2b98c77 Key=Created,Value=1491070204
INSTANCE i-0187b839
INSTANCE NAME: internetds_life_bdgl_app01
Tagging Snapshot snap-0c2ef8ffc5a4e596f with the following Tags: Key=CreatedBy,Value=ec2-automate-backup Key=InstanceId,Value=i-0187b839 Key=InstanceName,Value=internetds_life_bdgl_app01 Key=PurgeAfterFE,Value=1493662204 Key=PurgeAllow,Value=true Key=Volume,Value=vol-00b98c85 Key=Created,Value=1491070204
INSTANCE i-d187b8e9
INSTANCE NAME: internetds_front_dsjr_app01
Tagging Snapshot snap-0ee810605b07f93ea with the following Tags: Key=CreatedBy,Value=ec2-automate-backup Key=InstanceId,Value=i-d187b8e9 Key=InstanceName,Value=internetds_front_dsjr_app01 Key=PurgeAfterFE,Value=1493662204 Key=PurgeAllow,Value=true Key=Volume,Value=vol-0cb98c89 Key=Created,Value=1491070204
INSTANCE i-1786b92f
INSTANCE NAME: internetds_front_mq_app01
Tagging Snapshot snap-0910e2571e2c4c8ee with the following Tags: Key=CreatedBy,Value=ec2-automate-backup Key=InstanceId,Value=i-1786b92f Key=InstanceName,Value=internetds_front_mq_app01 Key=PurgeAfterFE,Value=1493662204 Key=PurgeAllow,Value=true Key=Volume,Value=vol-0fb98c8a Key=Created,Value=1491070204
INSTANCE i-1186b929
INSTANCE NAME: internetds_life_xqyhb_app01
Tagging Snapshot snap-073fb087ebcd75a56 with the following Tags: Key=CreatedBy,Value=ec2-automate-backup Key=InstanceId,Value=i-1186b929 Key=InstanceName,Value=internetds_life_xqyhb_app01 Key=PurgeAfterFE,Value=1493662204 Key=PurgeAllow,Value=true Key=Volume,Value=vol-56b98cd3 Key=Created,Value=1491070204
INSTANCE i-0a87b832
INSTANCE NAME: internetds_life_bq_app01
Tagging Snapshot snap-0aba3ff5857623e3e with the following Tags: Key=CreatedBy,Value=ec2-automate-backup Key=InstanceId,Value=i-0a87b832 Key=InstanceName,Value=internetds_life_bq_app01 Key=PurgeAfterFE,Value=1493662204 Key=PurgeAllow,Value=true Key=Volume,Value=vol-6cb98ce9 Key=Created,Value=1491070204
INSTANCE i-0187b839
INSTANCE NAME: internetds_life_bdgl_app01
Tagging Snapshot snap-0f17c19a899194116 with the following Tags: Key=CreatedBy,Value=ec2-automate-backup Key=InstanceId,Value=i-0187b839 Key=InstanceName,Value=internetds_life_bdgl_app01 Key=PurgeAfterFE,Value=1493662204 Key=PurgeAllow,Value=true Key=Volume,Value=vol-80b88d05 Key=Created,Value=1491070204
INSTANCE i-0a87b832
INSTANCE NAME: internetds_life_bq_app01
Tagging Snapshot snap-04e3139a21a05545d with the following Tags: Key=CreatedBy,Value=ec2-automate-backup Key=InstanceId,Value=i-0a87b832 Key=InstanceName,Value=internetds_life_bq_app01 Key=PurgeAfterFE,Value=1493662204 Key=PurgeAllow,Value=true Key=Volume,Value=vol-89b88d0c Key=Created,Value=1491070204
INSTANCE i-1186b929
INSTANCE NAME: internetds_life_xqyhb_app01
Tagging Snapshot snap-04e6f2f7516042181 with the following Tags: Key=CreatedBy,Value=ec2-automate-backup Key=InstanceId,Value=i-1186b929 Key=InstanceName,Value=internetds_life_xqyhb_app01 Key=PurgeAfterFE,Value=1493662204 Key=PurgeAllow,Value=true Key=Volume,Value=vol-a7b88d22 Key=Created,Value=1491070204
INSTANCE i-1786b92f
INSTANCE NAME: internetds_front_mq_app01
Tagging Snapshot snap-088a632326bff9304 with the following Tags: Key=CreatedBy,Value=ec2-automate-backup Key=InstanceId,Value=i-1786b92f Key=InstanceName,Value=internetds_front_mq_app01 Key=PurgeAfterFE,Value=1493662204 Key=PurgeAllow,Value=true Key=Volume,Value=vol-a1b88d24 Key=Created,Value=1491070204
INSTANCE i-d75967ef
INSTANCE NAME: internetds_opsmon_app01
Tagging Snapshot snap-0be160e0a46598752 with the following Tags: Key=CreatedBy,Value=ec2-automate-backup Key=InstanceId,Value=i-d75967ef Key=InstanceName,Value=internetds_opsmon_app01 Key=PurgeAfterFE,Value=1493662204 Key=PurgeAllow,Value=true Key=Volume,Value=vol-3d695db8 Key=Created,Value=1491070204
INSTANCE i-d75967ef
INSTANCE NAME: internetds_opsmon_app01
Tagging Snapshot snap-0279155a597bedc52 with the following Tags: Key=CreatedBy,Value=ec2-automate-backup Key=InstanceId,Value=i-d75967ef Key=InstanceName,Value=internetds_opsmon_app01 Key=PurgeAfterFE,Value=1493662204 Key=PurgeAllow,Value=true Key=Volume,Value=vol-9c6a5e19 Key=Created,Value=1491070204
INSTANCE i-985668a0
INSTANCE NAME: internetds_front_yyzc_app01
Tagging Snapshot snap-065b241b84d5a3361 with the following Tags: Key=CreatedBy,Value=ec2-automate-backup Key=InstanceId,Value=i-985668a0 Key=InstanceName,Value=internetds_front_yyzc_app01 Key=PurgeAfterFE,Value=1493662204 Key=PurgeAllow,Value=true Key=Volume,Value=vol-9854601d Key=Created,Value=1491070204
INSTANCE i-985668a0
INSTANCE NAME: internetds_front_yyzc_app01
Tagging Snapshot snap-0bb5a4f760cfa02a8 with the following Tags: Key=CreatedBy,Value=ec2-automate-backup Key=InstanceId,Value=i-985668a0 Key=InstanceName,Value=internetds_front_yyzc_app01 Key=PurgeAfterFE,Value=1493662204 Key=PurgeAllow,Value=true Key=Volume,Value=vol-ab54602e Key=Created,Value=1491070204
INSTANCE i-4257697a
INSTANCE NAME: internetds_nat01
Tagging Snapshot snap-0662f6aeb64732c56 with the following Tags: Key=CreatedBy,Value=ec2-automate-backup Key=InstanceId,Value=i-4257697a Key=InstanceName,Value=internetds_nat01 Key=PurgeAfterFE,Value=1493662204 Key=PurgeAllow,Value=true Key=Volume,Value=vol-a855612d Key=Created,Value=1491070204
INSTANCE i-3bead403
INSTANCE NAME: internetds_life_xqyhb_app03
Tagging Snapshot snap-05be1b18b5cde4e94 with the following Tags: Key=CreatedBy,Value=ec2-automate-backup Key=InstanceId,Value=i-3bead403 Key=InstanceName,Value=internetds_life_xqyhb_app03 Key=PurgeAfterFE,Value=1493662204 Key=PurgeAllow,Value=true Key=Volume,Value=vol-429aaec7 Key=Created,Value=1491070204
INSTANCE i-3bead403
INSTANCE NAME: internetds_life_xqyhb_app03
Tagging Snapshot snap-0175f1eb2c75ff73c with the following Tags: Key=CreatedBy,Value=ec2-automate-backup Key=InstanceId,Value=i-3bead403 Key=InstanceName,Value=internetds_life_xqyhb_app03 Key=PurgeAfterFE,Value=1493662204 Key=PurgeAllow,Value=true Key=Volume,Value=vol-d89baf5d Key=Created,Value=1491070204
INSTANCE i-a3e9d79b
INSTANCE NAME: internetds_datax_yc_app01
Tagging Snapshot snap-0ee59a70252f36e8b with the following Tags: Key=CreatedBy,Value=ec2-automate-backup Key=InstanceId,Value=i-a3e9d79b Key=InstanceName,Value=internetds_datax_yc_app01 Key=PurgeAfterFE,Value=1493662204 Key=PurgeAllow,Value=true Key=Volume,Value=vol-5c87b3d9 Key=Created,Value=1491070204
INSTANCE i-3ce8d604
INSTANCE NAME: internetds_datax_app01
Tagging Snapshot snap-01a3f3954bdc83040 with the following Tags: Key=CreatedBy,Value=ec2-automate-backup Key=InstanceId,Value=i-3ce8d604 Key=InstanceName,Value=internetds_datax_app01 Key=PurgeAfterFE,Value=1493662204 Key=PurgeAllow,Value=true Key=Volume,Value=vol-5f87b3da Key=Created,Value=1491070204
INSTANCE i-3ce8d604
INSTANCE NAME: internetds_datax_app01
Tagging Snapshot snap-0c167ccd23b9029aa with the following Tags: Key=CreatedBy,Value=ec2-automate-backup Key=InstanceId,Value=i-3ce8d604 Key=InstanceName,Value=internetds_datax_app01 Key=PurgeAfterFE,Value=1493662204 Key=PurgeAllow,Value=true Key=Volume,Value=vol-9e80b41b Key=Created,Value=1491070204
INSTANCE i-a3e9d79b
INSTANCE NAME: internetds_datax_yc_app01
Tagging Snapshot snap-09eec30d15e8fc004 with the following Tags: Key=CreatedBy,Value=ec2-automate-backup Key=InstanceId,Value=i-a3e9d79b Key=InstanceName,Value=internetds_datax_yc_app01 Key=PurgeAfterFE,Value=1493662204 Key=PurgeAllow,Value=true Key=Volume,Value=vol-b780b432 Key=Created,Value=1491070204
INSTANCE i-4cc5fb74
INSTANCE NAME: mgmt_bastion01
Tagging Snapshot snap-086213592c1c50909 with the following Tags: Key=CreatedBy,Value=ec2-automate-backup Key=InstanceId,Value=i-4cc5fb74 Key=InstanceName,Value=mgmt_bastion01 Key=PurgeAfterFE,Value=1493662204 Key=PurgeAllow,Value=true Key=Volume,Value=vol-234176a6 Key=Created,Value=1491070204
INSTANCE i-bfba8487
INSTANCE NAME: internetds_epolicy_app02
Tagging Snapshot snap-09882e99cdf775b27 with the following Tags: Key=CreatedBy,Value=ec2-automate-backup Key=InstanceId,Value=i-bfba8487 Key=InstanceName,Value=internetds_epolicy_app02 Key=PurgeAfterFE,Value=1493662204 Key=PurgeAllow,Value=true Key=Volume,Value=vol-533f08d6 Key=Created,Value=1491070204
INSTANCE i-beba8486
INSTANCE NAME: internetds_epolicy_app01
Tagging Snapshot snap-089201db59814675e with the following Tags: Key=CreatedBy,Value=ec2-automate-backup Key=InstanceId,Value=i-beba8486 Key=InstanceName,Value=internetds_epolicy_app01 Key=PurgeAfterFE,Value=1493662204 Key=PurgeAllow,Value=true Key=Volume,Value=vol-523f08d7 Key=Created,Value=1491070204
INSTANCE i-beba8486
INSTANCE NAME: internetds_epolicy_app01
Tagging Snapshot snap-09d6c24fb4445056a with the following Tags: Key=CreatedBy,Value=ec2-automate-backup Key=InstanceId,Value=i-beba8486 Key=InstanceName,Value=internetds_epolicy_app01 Key=PurgeAfterFE,Value=1493662204 Key=PurgeAllow,Value=true Key=Volume,Value=vol-a03e0925 Key=Created,Value=1491070204
INSTANCE i-bfba8487
INSTANCE NAME: internetds_epolicy_app02
Tagging Snapshot snap-05065a1ca695adbae with the following Tags: Key=CreatedBy,Value=ec2-automate-backup Key=InstanceId,Value=i-bfba8487 Key=InstanceName,Value=internetds_epolicy_app02 Key=PurgeAfterFE,Value=1493662204 Key=PurgeAllow,Value=true Key=Volume,Value=vol-a33e0926 Key=Created,Value=1491070204
INSTANCE i-b0b88688
INSTANCE NAME: internetds_dmz_email01
Tagging Snapshot snap-05d6f86053da33a03 with the following Tags: Key=CreatedBy,Value=ec2-automate-backup Key=InstanceId,Value=i-b0b88688 Key=InstanceName,Value=internetds_dmz_email01 Key=PurgeAfterFE,Value=1493662204 Key=PurgeAllow,Value=true Key=Volume,Value=vol-eb3c0b6e Key=Created,Value=1491070204
INSTANCE i-b0b88688
INSTANCE NAME: internetds_dmz_email01
Tagging Snapshot snap-06f6d7b0684ac479b with the following Tags: Key=CreatedBy,Value=ec2-automate-backup Key=InstanceId,Value=i-b0b88688 Key=InstanceName,Value=internetds_dmz_email01 Key=PurgeAfterFE,Value=1493662204 Key=PurgeAllow,Value=true Key=Volume,Value=vol-263c0ba3 Key=Created,Value=1491070204
INSTANCE i-08b18930
INSTANCE NAME: internetds_epolicy_app05
Tagging Snapshot snap-06765aa2ff3b4fb5b with the following Tags: Key=CreatedBy,Value=ec2-automate-backup Key=InstanceId,Value=i-08b18930 Key=InstanceName,Value=internetds_epolicy_app05 Key=PurgeAfterFE,Value=1493662204 Key=PurgeAllow,Value=true Key=Volume,Value=vol-2ca494a9 Key=Created,Value=1491070204
INSTANCE i-09b18931
INSTANCE NAME: internetds_epolicy_app06
Tagging Snapshot snap-0a9ce5a120ea9aa42 with the following Tags: Key=CreatedBy,Value=ec2-automate-backup Key=InstanceId,Value=i-09b18931 Key=InstanceName,Value=internetds_epolicy_app06 Key=PurgeAfterFE,Value=1493662204 Key=PurgeAllow,Value=true Key=Volume,Value=vol-2fa494aa Key=Created,Value=1491070204
INSTANCE i-09b18931
INSTANCE NAME: internetds_epolicy_app06
Tagging Snapshot snap-0850a6f5924ef8560 with the following Tags: Key=CreatedBy,Value=ec2-automate-backup Key=InstanceId,Value=i-09b18931 Key=InstanceName,Value=internetds_epolicy_app06 Key=PurgeAfterFE,Value=1493662204 Key=PurgeAllow,Value=true Key=Volume,Value=vol-33a494b6 Key=Created,Value=1491070204
INSTANCE i-08b18930
INSTANCE NAME: internetds_epolicy_app05
Tagging Snapshot snap-0a4595dc27a1eb702 with the following Tags: Key=CreatedBy,Value=ec2-automate-backup Key=InstanceId,Value=i-08b18930 Key=InstanceName,Value=internetds_epolicy_app05 Key=PurgeAfterFE,Value=1493662204 Key=PurgeAllow,Value=true Key=Volume,Value=vol-59a494dc Key=Created,Value=1491070204
INSTANCE i-8feeeab7
INSTANCE NAME: internetds_life_wzyhdz_ftp
Tagging Snapshot snap-0a876f49803c8f4ef with the following Tags: Key=CreatedBy,Value=ec2-automate-backup Key=InstanceId,Value=i-8feeeab7 Key=InstanceName,Value=internetds_life_wzyhdz_ftp Key=PurgeAfterFE,Value=1493662204 Key=PurgeAllow,Value=true Key=Volume,Value=vol-550638d0 Key=Created,Value=1491070204
INSTANCE i-8feeeab7
INSTANCE NAME: internetds_life_wzyhdz_ftp
Tagging Snapshot snap-0e6e7db3068e7aaca with the following Tags: Key=CreatedBy,Value=ec2-automate-backup Key=InstanceId,Value=i-8feeeab7 Key=InstanceName,Value=internetds_life_wzyhdz_ftp Key=PurgeAfterFE,Value=1493662204 Key=PurgeAllow,Value=true Key=Volume,Value=vol-7b0739fe Key=Created,Value=1491070204
INSTANCE i-66eaee5e
INSTANCE NAME: test_internetds_life_wzyhdz_ftp
Tagging Snapshot snap-059f1c22b5cc0e5eb with the following Tags: Key=CreatedBy,Value=ec2-automate-backup Key=InstanceId,Value=i-66eaee5e Key=InstanceName,Value=test_internetds_life_wzyhdz_ftp Key=PurgeAfterFE,Value=1493662204 Key=PurgeAllow,Value=true Key=Volume,Value=vol-b5033d30 Key=Created,Value=1491070204
INSTANCE i-66eaee5e
INSTANCE NAME: test_internetds_life_wzyhdz_ftp
Tagging Snapshot snap-0fcc64ac5bf119afa with the following Tags: Key=CreatedBy,Value=ec2-automate-backup Key=InstanceId,Value=i-66eaee5e Key=InstanceName,Value=test_internetds_life_wzyhdz_ftp Key=PurgeAfterFE,Value=1493662204 Key=PurgeAllow,Value=true Key=Volume,Value=vol-d9033d5c Key=Created,Value=1491070204
INSTANCE i-98696ea0
INSTANCE NAME: yc_internetds_life_loadrunner3
Tagging Snapshot snap-09c348c67e583f59b with the following Tags: Key=CreatedBy,Value=ec2-automate-backup Key=InstanceId,Value=i-98696ea0 Key=InstanceName,Value=yc_internetds_life_loadrunner3 Key=PurgeAfterFE,Value=1493662204 Key=PurgeAllow,Value=true Key=Volume,Value=vol-0d340d88 Key=Created,Value=1491070204
INSTANCE i-69696e51
INSTANCE NAME: yc_internetds_life_loadrunner4
Tagging Snapshot snap-0d0e9452a0fa2124f with the following Tags: Key=CreatedBy,Value=ec2-automate-backup Key=InstanceId,Value=i-69696e51 Key=InstanceName,Value=yc_internetds_life_loadrunner4 Key=PurgeAfterFE,Value=1493662204 Key=PurgeAllow,Value=true Key=Volume,Value=vol-62340de7 Key=Created,Value=1491070204
INSTANCE i-69696e51
INSTANCE NAME: yc_internetds_life_loadrunner4
Tagging Snapshot snap-075ecda83346e9c57 with the following Tags: Key=CreatedBy,Value=ec2-automate-backup Key=InstanceId,Value=i-69696e51 Key=InstanceName,Value=yc_internetds_life_loadrunner4 Key=PurgeAfterFE,Value=1493662204 Key=PurgeAllow,Value=true Key=Volume,Value=vol-7f340dfa Key=Created,Value=1491070204
INSTANCE i-98696ea0
INSTANCE NAME: yc_internetds_life_loadrunner3
Tagging Snapshot snap-0d65b6ccb88bbb714 with the following Tags: Key=CreatedBy,Value=ec2-automate-backup Key=InstanceId,Value=i-98696ea0 Key=InstanceName,Value=yc_internetds_life_loadrunner3 Key=PurgeAfterFE,Value=1493662204 Key=PurgeAllow,Value=true Key=Volume,Value=vol-82370e07 Key=Created,Value=1491070204
INSTANCE i-ea5855d2
INSTANCE NAME: internetds_opsmon_MongoDB01
Tagging Snapshot snap-0d6e8d6b0f9b53d4f with the following Tags: Key=CreatedBy,Value=ec2-automate-backup Key=InstanceId,Value=i-ea5855d2 Key=InstanceName,Value=internetds_opsmon_MongoDB01 Key=PurgeAfterFE,Value=1493662204 Key=PurgeAllow,Value=true Key=Volume,Value=vol-916b6a14 Key=Created,Value=1491070204
INSTANCE i-6758555f
INSTANCE NAME: internetds_opsmon_MongoDB02
Tagging Snapshot snap-08620a4f5d8421d5b with the following Tags: Key=CreatedBy,Value=ec2-automate-backup Key=InstanceId,Value=i-6758555f Key=InstanceName,Value=internetds_opsmon_MongoDB02 Key=PurgeAfterFE,Value=1493662204 Key=PurgeAllow,Value=true Key=Volume,Value=vol-9d6b6a18 Key=Created,Value=1491070204
INSTANCE i-965855ae
INSTANCE NAME: internetds_opsmon_MongoDB03
Tagging Snapshot snap-0855ad983f7d8ad64 with the following Tags: Key=CreatedBy,Value=ec2-automate-backup Key=InstanceId,Value=i-965855ae Key=InstanceName,Value=internetds_opsmon_MongoDB03 Key=PurgeAfterFE,Value=1493662204 Key=PurgeAllow,Value=true Key=Volume,Value=vol-e06b6a65 Key=Created,Value=1491070204
INSTANCE i-6758555f
INSTANCE NAME: internetds_opsmon_MongoDB02
Tagging Snapshot snap-0c91bdcb966ea59fb with the following Tags: Key=CreatedBy,Value=ec2-automate-backup Key=InstanceId,Value=i-6758555f Key=InstanceName,Value=internetds_opsmon_MongoDB02 Key=PurgeAfterFE,Value=1493662204 Key=PurgeAllow,Value=true Key=Volume,Value=vol-f66b6a73 Key=Created,Value=1491070204
INSTANCE i-ea5855d2
INSTANCE NAME: internetds_opsmon_MongoDB01
Tagging Snapshot snap-0596123480a2b9b2c with the following Tags: Key=CreatedBy,Value=ec2-automate-backup Key=InstanceId,Value=i-ea5855d2 Key=InstanceName,Value=internetds_opsmon_MongoDB01 Key=PurgeAfterFE,Value=1493662204 Key=PurgeAllow,Value=true Key=Volume,Value=vol-006b6a85 Key=Created,Value=1491070204
INSTANCE i-965855ae
INSTANCE NAME: internetds_opsmon_MongoDB03
Tagging Snapshot snap-072cc5bb2f1e524ac with the following Tags: Key=CreatedBy,Value=ec2-automate-backup Key=InstanceId,Value=i-965855ae Key=InstanceName,Value=internetds_opsmon_MongoDB03 Key=PurgeAfterFE,Value=1493662204 Key=PurgeAllow,Value=true Key=Volume,Value=vol-116b6a94 Key=Created,Value=1491070204
INSTANCE i-0c585534
INSTANCE NAME: internetds_opsmon_DB01
Tagging Snapshot snap-08e671643984c8dc8 with the following Tags: Key=CreatedBy,Value=ec2-automate-backup Key=InstanceId,Value=i-0c585534 Key=InstanceName,Value=internetds_opsmon_DB01 Key=PurgeAfterFE,Value=1493662204 Key=PurgeAllow,Value=true Key=Volume,Value=vol-8f6a6b0a Key=Created,Value=1491070204
INSTANCE i-0c585534
INSTANCE NAME: internetds_opsmon_DB01
Tagging Snapshot snap-0824b36a0c266c7d4 with the following Tags: Key=CreatedBy,Value=ec2-automate-backup Key=InstanceId,Value=i-0c585534 Key=InstanceName,Value=internetds_opsmon_DB01 Key=PurgeAfterFE,Value=1493662204 Key=PurgeAllow,Value=true Key=Volume,Value=vol-f26a6b77 Key=Created,Value=1491070204
INSTANCE i-050a03a5a66df8028
INSTANCE NAME: dev_internetds_health_mid_app01
Tagging Snapshot snap-0d51789afc2ffdcb3 with the following Tags: Key=CreatedBy,Value=ec2-automate-backup Key=InstanceId,Value=i-050a03a5a66df8028 Key=InstanceName,Value=dev_internetds_health_mid_app01 Key=PurgeAfterFE,Value=1493662204 Key=PurgeAllow,Value=true Key=Volume,Value=vol-043c0352acf24d5d9 Key=Created,Value=1491070204
INSTANCE i-050a03a5a66df8028
INSTANCE NAME: dev_internetds_health_mid_app01
Tagging Snapshot snap-00502157754bdc3df with the following Tags: Key=CreatedBy,Value=ec2-automate-backup Key=InstanceId,Value=i-050a03a5a66df8028 Key=InstanceName,Value=dev_internetds_health_mid_app01 Key=PurgeAfterFE,Value=1493662204 Key=PurgeAllow,Value=true Key=Volume,Value=vol-0168547c8e130e25c Key=Created,Value=1491070204
INSTANCE i-0e0a6ed23b32e226e
INSTANCE NAME: uat_internetds_health_mid_app01
Tagging Snapshot snap-01f328b41f94b8aa1 with the following Tags: Key=CreatedBy,Value=ec2-automate-backup Key=InstanceId,Value=i-0e0a6ed23b32e226e Key=InstanceName,Value=uat_internetds_health_mid_app01 Key=PurgeAfterFE,Value=1493662204 Key=PurgeAllow,Value=true Key=Volume,Value=vol-0afa35598272ee33a Key=Created,Value=1491070204
INSTANCE i-0e0a6ed23b32e226e
INSTANCE NAME: uat_internetds_health_mid_app01
Tagging Snapshot snap-0310357b3beb2e54b with the following Tags: Key=CreatedBy,Value=ec2-automate-backup Key=InstanceId,Value=i-0e0a6ed23b32e226e Key=InstanceName,Value=uat_internetds_health_mid_app01 Key=PurgeAfterFE,Value=1493662204 Key=PurgeAllow,Value=true Key=Volume,Value=vol-0a58fdefe505b5f9c Key=Created,Value=1491070204
INSTANCE i-01b5bff014607d4f7
INSTANCE NAME: dev_internetds_health_datax_app01
Tagging Snapshot snap-0034d5b604e88d3b7 with the following Tags: Key=CreatedBy,Value=ec2-automate-backup Key=InstanceId,Value=i-01b5bff014607d4f7 Key=InstanceName,Value=dev_internetds_health_datax_app01 Key=PurgeAfterFE,Value=1493662204 Key=PurgeAllow,Value=true Key=Volume,Value=vol-0bb879fc8a757300a Key=Created,Value=1491070204
INSTANCE i-01b5bff014607d4f7
INSTANCE NAME: dev_internetds_health_datax_app01
Tagging Snapshot snap-06104fdcc0e37ba7e with the following Tags: Key=CreatedBy,Value=ec2-automate-backup Key=InstanceId,Value=i-01b5bff014607d4f7 Key=InstanceName,Value=dev_internetds_health_datax_app01 Key=PurgeAfterFE,Value=1493662204 Key=PurgeAllow,Value=true Key=Volume,Value=vol-0f7aad9912e0ac78f Key=Created,Value=1491070204
INSTANCE i-04bdc4bc1f009c0ea
INSTANCE NAME: uat_internetds_health_datax_app01
Tagging Snapshot snap-0aab91ecdc5ccb20f with the following Tags: Key=CreatedBy,Value=ec2-automate-backup Key=InstanceId,Value=i-04bdc4bc1f009c0ea Key=InstanceName,Value=uat_internetds_health_datax_app01 Key=PurgeAfterFE,Value=1493662204 Key=PurgeAllow,Value=true Key=Volume,Value=vol-02b1f7b9a208a8cf3 Key=Created,Value=1491070204
INSTANCE i-06bbe1529e0cf11a7
INSTANCE NAME: dev_internetds_health_gzyq_app01
Tagging Snapshot snap-0ff1ba7597fbda9de with the following Tags: Key=CreatedBy,Value=ec2-automate-backup Key=InstanceId,Value=i-06bbe1529e0cf11a7 Key=InstanceName,Value=dev_internetds_health_gzyq_app01 Key=PurgeAfterFE,Value=1493662204 Key=PurgeAllow,Value=true Key=Volume,Value=vol-08bb86e51d56539a0 Key=Created,Value=1491070204
INSTANCE i-04bdc4bc1f009c0ea
INSTANCE NAME: uat_internetds_health_datax_app01
Tagging Snapshot snap-0b026949b2374950c with the following Tags: Key=CreatedBy,Value=ec2-automate-backup Key=InstanceId,Value=i-04bdc4bc1f009c0ea Key=InstanceName,Value=uat_internetds_health_datax_app01 Key=PurgeAfterFE,Value=1493662204 Key=PurgeAllow,Value=true Key=Volume,Value=vol-05de05e324a99ef83 Key=Created,Value=1491070204
INSTANCE i-0923e5fab39808597
INSTANCE NAME: uat_internetds_health_gzyq_app01
Tagging Snapshot snap-00f0f12236eb9b5ec with the following Tags: Key=CreatedBy,Value=ec2-automate-backup Key=InstanceId,Value=i-0923e5fab39808597 Key=InstanceName,Value=uat_internetds_health_gzyq_app01 Key=PurgeAfterFE,Value=1493662204 Key=PurgeAllow,Value=true Key=Volume,Value=vol-0434385cfaf1b40b6 Key=Created,Value=1491070204
INSTANCE i-0a880d078466aa9fa
INSTANCE NAME: yc_internetds_health_bq_app01
Tagging Snapshot snap-06cb167618257a51d with the following Tags: Key=CreatedBy,Value=ec2-automate-backup Key=InstanceId,Value=i-0a880d078466aa9fa Key=InstanceName,Value=yc_internetds_health_bq_app01 Key=PurgeAfterFE,Value=1493662204 Key=PurgeAllow,Value=true Key=Volume,Value=vol-09a0e66fac3d5e1eb Key=Created,Value=1491070204
INSTANCE i-06bbe1529e0cf11a7
INSTANCE NAME: dev_internetds_health_gzyq_app01
Tagging Snapshot snap-07190e7962aa810b6 with the following Tags: Key=CreatedBy,Value=ec2-automate-backup Key=InstanceId,Value=i-06bbe1529e0cf11a7 Key=InstanceName,Value=dev_internetds_health_gzyq_app01 Key=PurgeAfterFE,Value=1493662204 Key=PurgeAllow,Value=true Key=Volume,Value=vol-08a8143f5c85716ca Key=Created,Value=1491070204
INSTANCE i-0923e5fab39808597
INSTANCE NAME: uat_internetds_health_gzyq_app01
Tagging Snapshot snap-03c6547b0d43bafea with the following Tags: Key=CreatedBy,Value=ec2-automate-backup Key=InstanceId,Value=i-0923e5fab39808597 Key=InstanceName,Value=uat_internetds_health_gzyq_app01 Key=PurgeAfterFE,Value=1493662204 Key=PurgeAllow,Value=true Key=Volume,Value=vol-07121f37e79416b11 Key=Created,Value=1491070204
INSTANCE i-0586ab5c2c0ecfd7e
INSTANCE NAME: yc_internetds_health_bq_app03
Tagging Snapshot snap-0fc863987843fb079 with the following Tags: Key=CreatedBy,Value=ec2-automate-backup Key=InstanceId,Value=i-0586ab5c2c0ecfd7e Key=InstanceName,Value=yc_internetds_health_bq_app03 Key=PurgeAfterFE,Value=1493662204 Key=PurgeAllow,Value=true Key=Volume,Value=vol-00a45c4b239d50c63 Key=Created,Value=1491070204
INSTANCE i-4cc5fb74
INSTANCE NAME: mgmt_bastion01
Tagging Snapshot snap-04ff07cb314c6139d with the following Tags: Key=CreatedBy,Value=ec2-automate-backup Key=InstanceId,Value=i-4cc5fb74 Key=InstanceName,Value=mgmt_bastion01 Key=PurgeAfterFE,Value=1493662204 Key=PurgeAllow,Value=true Key=Volume,Value=vol-019a8dea1bccde116 Key=Created,Value=1491070204
INSTANCE i-0a880d078466aa9fa
INSTANCE NAME: yc_internetds_health_bq_app01
Tagging Snapshot snap-0796c5ea97250e3ed with the following Tags: Key=CreatedBy,Value=ec2-automate-backup Key=InstanceId,Value=i-0a880d078466aa9fa Key=InstanceName,Value=yc_internetds_health_bq_app01 Key=PurgeAfterFE,Value=1493662204 Key=PurgeAllow,Value=true Key=Volume,Value=vol-0283afe05698da23f Key=Created,Value=1491070204
INSTANCE i-0586ab5c2c0ecfd7e
INSTANCE NAME: yc_internetds_health_bq_app03
Tagging Snapshot snap-05107b537c08589ee with the following Tags: Key=CreatedBy,Value=ec2-automate-backup Key=InstanceId,Value=i-0586ab5c2c0ecfd7e Key=InstanceName,Value=yc_internetds_health_bq_app03 Key=PurgeAfterFE,Value=1493662204 Key=PurgeAllow,Value=true Key=Volume,Value=vol-01e82bf5c47c9b151 Key=Created,Value=1491070204
Snapshot Purging is Starting Now.
Snapshot "snap-019caf90f2ee1e351" with the PurgeAfterFE date of "1490983805" will be deleted.
Snapshot "snap-073ab9bdc3ea50aae" with the PurgeAfterFE date of "1490983805" will be deleted.
Snapshot "snap-04a0819549c95ca00" with the PurgeAfterFE date of "1490983805" will be deleted.
Snapshot "snap-0496b8777f32c9fa1" with the PurgeAfterFE date of "1490983805" will be deleted.
Snapshot "snap-06499e26bd78564f1" with the PurgeAfterFE date of "1490983805" will be deleted.
Snapshot "snap-0c1567c4adb0a4cbf" with the PurgeAfterFE date of "1490983805" will be deleted.
Snapshot "snap-084198aeca9ecdf0a" with the PurgeAfterFE date of "1490983805" will be deleted.
Snapshot "snap-0f1983028ccbe7e34" with the PurgeAfterFE date of "1490983805" will be deleted.
Snapshot "snap-0ad9aa2efef4e0cb4" with the PurgeAfterFE date of "1490983805" will be deleted.
Snapshot "snap-0a70345ae8eebbc46" with the PurgeAfterFE date of "1490983805" will be deleted.
Snapshot "snap-043184614ca432fa9" with the PurgeAfterFE date of "1490983805" will be deleted.
Snapshot "snap-0d49942da9d0ab6e6" with the PurgeAfterFE date of "1490983805" will be deleted.
Snapshot "snap-01fc810fa37487c07" with the PurgeAfterFE date of "1490983805" will be deleted.
Snapshot "snap-0662ca357321f617a" with the PurgeAfterFE date of "1490983805" will be deleted.
Snapshot "snap-0de880b9c0c928aab" with the PurgeAfterFE date of "1490983805" will be deleted.
Snapshot "snap-0223055a2876f8440" with the PurgeAfterFE date of "1490983805" will be deleted.
Snapshot "snap-0d69c1a0d705d1c05" with the PurgeAfterFE date of "1490983805" will be deleted.
Snapshot "snap-0d482a581100c2d21" with the PurgeAfterFE date of "1490983805" will be deleted.
Snapshot "snap-01be6bec427123f80" with the PurgeAfterFE date of "1490983805" will be deleted.
Snapshot "snap-06388a5b3faebbc56" with the PurgeAfterFE date of "1490983805" will be deleted.
Snapshot "snap-0308e1d5cb7c345ec" with the PurgeAfterFE date of "1490983805" will be deleted.
Snapshot "snap-047d2e3a89cfb8f4c" with the PurgeAfterFE date of "1490983805" will be deleted.
Snapshot "snap-0ba9c3cbcf998a922" with the PurgeAfterFE date of "1490983805" will be deleted.
Snapshot "snap-0d5b17d004b3eb977" with the PurgeAfterFE date of "1490983805" will be deleted.
Snapshot "snap-000dee06d86b35f06" with the PurgeAfterFE date of "1490983805" will be deleted.
Snapshot "snap-0b470b87f8f2546dc" with the PurgeAfterFE date of "1490983805" will be deleted.
Snapshot "snap-04d55f2d89404e723" with the PurgeAfterFE date of "1490983805" will be deleted.
Snapshot "snap-0f6f16660b7c19055" with the PurgeAfterFE date of "1490983805" will be deleted.
Snapshot "snap-0d8e1b3b281cab5b7" with the PurgeAfterFE date of "1490983805" will be deleted.
Snapshot "snap-099dee471ea779ae7" with the PurgeAfterFE date of "1490983805" will be deleted.
Snapshot "snap-080e2c82fc7be68aa" with the PurgeAfterFE date of "1490983805" will be deleted.
Snapshot "snap-06337b77ace81bf72" with the PurgeAfterFE date of "1490983805" will be deleted.
Snapshot "snap-0ae027d1a4417528c" with the PurgeAfterFE date of "1490983805" will be deleted.
Snapshot "snap-0dd8a0ca8dc7265f8" with the PurgeAfterFE date of "1490983805" will be deleted.
Snapshot "snap-0f9101b59e1b20d85" with the PurgeAfterFE date of "1490983805" will be deleted.
Snapshot "snap-0175bef2f245c74d8" with the PurgeAfterFE date of "1490983805" will be deleted.
Snapshot "snap-080a7a73bb75ee61c" with the PurgeAfterFE date of "1490983805" will be deleted.
Snapshot "snap-032b94e51191743a5" with the PurgeAfterFE date of "1490983805" will be deleted.
Snapshot "snap-029ceba2ee1563001" with the PurgeAfterFE date of "1490983805" will be deleted.
Snapshot "snap-038e51eff9930a5e1" with the PurgeAfterFE date of "1490983805" will be deleted.
Snapshot "snap-05ad2acc412633c5d" with the PurgeAfterFE date of "1490983805" will be deleted.
Snapshot "snap-005a6f6a94e5932d9" with the PurgeAfterFE date of "1490983805" will be deleted.
Snapshot "snap-0c96cbe600a4ba6b6" with the PurgeAfterFE date of "1490983805" will be deleted.
Snapshot "snap-0a5b99fabdcc87b5c" with the PurgeAfterFE date of "1490983805" will be deleted.
Snapshot "snap-0e6c8eb7cdcd1f9c4" with the PurgeAfterFE date of "1490983805" will be deleted.
Snapshot "snap-0861a67070a7fa228" with the PurgeAfterFE date of "1490983805" will be deleted.
Snapshot "snap-0383ae1d0e610116e" with the PurgeAfterFE date of "1490983805" will be deleted.
Snapshot "snap-0120b31205038f7b8" with the PurgeAfterFE date of "1490983805" will be deleted.
Snapshot "snap-056c626e90ac712ee" with the PurgeAfterFE date of "1490983805" will be deleted.
Snapshot "snap-093f5ee5285c12b93" with the PurgeAfterFE date of "1490983805" will be deleted.
Snapshot "snap-03b5f65fc3e019749" with the PurgeAfterFE date of "1490983805" will be deleted.
Snapshot "snap-0e588626e76f65f7e" with the PurgeAfterFE date of "1490983805" will be deleted.
Snapshot "snap-0ed9b4b0f4fb08a8a" with the PurgeAfterFE date of "1490983805" will be deleted.
Snapshot "snap-0a1921067a881758f" with the PurgeAfterFE date of "1490983805" will be deleted.
Snapshot "snap-0b1bb9ea03fb4c5e0" with the PurgeAfterFE date of "1490983805" will be deleted.
Snapshot "snap-0eddbaedd3935c02d" with the PurgeAfterFE date of "1490983805" will be deleted.
Snapshot "snap-03d71c47e5c7fa668" with the PurgeAfterFE date of "1490983805" will be deleted.
Snapshot "snap-02e622014d5b030ac" with the PurgeAfterFE date of "1490983805" will be deleted.
Snapshot "snap-09becf643b10b13f9" with the PurgeAfterFE date of "1490983805" will be deleted.
Snapshot "snap-08cbb0729b2f1a140" with the PurgeAfterFE date of "1490983805" will be deleted.
Snapshot "snap-08284b986be492e67" with the PurgeAfterFE date of "1490983805" will be deleted.
Snapshot "snap-094c1476c0fdb1241" with the PurgeAfterFE date of "1490983805" will be deleted.
Snapshot "snap-07c574819ed72d9c5" with the PurgeAfterFE date of "1490983805" will be deleted.
Snapshot "snap-08e4b0060bed86c69" with the PurgeAfterFE date of "1490983805" will be deleted.
Snapshot "snap-0202716a2f5235117" with the PurgeAfterFE date of "1490983805" will be deleted.
Snapshot "snap-0c310a72a08dc5de0" with the PurgeAfterFE date of "1490983805" will be deleted.
Snapshot "snap-030925da620be972d" with the PurgeAfterFE date of "1490983805" will be deleted.
Snapshot "snap-081fc6cbaf8ed9880" with the PurgeAfterFE date of "1490983805" will be deleted.
Snapshot "snap-09cd51c1fa679c0bf" with the PurgeAfterFE date of "1490983805" will be deleted.
Snapshot "snap-0af5ed466f3b60991" with the PurgeAfterFE date of "1490983805" will be deleted.
Snapshot "snap-04d42d312bdf94c61" with the PurgeAfterFE date of "1490983805" will be deleted.
Snapshot "snap-019e841488fdbb3df" with the PurgeAfterFE date of "1490983805" will be deleted.
Snapshot "snap-0c8bce23819e03022" with the PurgeAfterFE date of "1490983805" will be deleted.
Snapshot "snap-0ee52f54ee503babe" with the PurgeAfterFE date of "1490983805" will be deleted.
Snapshot "snap-0036d9970b4d859ab" with the PurgeAfterFE date of "1490983805" will be deleted.
Snapshot "snap-090cab29132bfe8e0" with the PurgeAfterFE date of "1490983805" will be deleted.
Snapshot "snap-0f5178ce256a4edb3" with the PurgeAfterFE date of "1490983805" will be deleted.
Snapshot "snap-00ec830a7a5f009e2" with the PurgeAfterFE date of "1490983805" will be deleted.
Snapshot "snap-0a6257ff2bde50382" with the PurgeAfterFE date of "1490983805" will be deleted.
Snapshot "snap-07c4d0b544a78e27b" with the PurgeAfterFE date of "1490983805" will be deleted.
Snapshot "snap-0fe8ce9aea76d9f29" with the PurgeAfterFE date of "1490983805" will be deleted.
Snapshot "snap-02cddbae9b94e58d3" with the PurgeAfterFE date of "1490983805" will be deleted.
Snapshot "snap-0a5b1e5b6c28a544d" with the PurgeAfterFE date of "1490983805" will be deleted.
Snapshot "snap-0a9356d871cab32cd" with the PurgeAfterFE date of "1490983805" will be deleted.
Snapshot "snap-0cb9c05e20e64ca80" with the PurgeAfterFE date of "1490983805" will be deleted.
Snapshot "snap-0efd646c48a4d55f1" with the PurgeAfterFE date of "1490983805" will be deleted.
Snapshot "snap-07e12e11aba117980" with the PurgeAfterFE date of "1490983805" will be deleted.
Snapshot "snap-039be74b3e3a17d0b" with the PurgeAfterFE date of "1490983805" will be deleted.
Snapshot "snap-08ac0d59b814bf339" with the PurgeAfterFE date of "1490983805" will be deleted.
Snapshot "snap-0a09610107a473bfd" with the PurgeAfterFE date of "1490983805" will be deleted.
Snapshot "snap-027135d1567dee0ec" with the PurgeAfterFE date of "1490983805" will be deleted.
Snapshot "snap-00e6b7dd8de746984" with the PurgeAfterFE date of "1490983805" will be deleted.
Snapshot "snap-0bf9bda7cd27bd97b" with the PurgeAfterFE date of "1490983805" will be deleted.
Snapshot "snap-04ad33719f1c86a78" with the PurgeAfterFE date of "1490983805" will be deleted.
Snapshot "snap-0781b5c33de007b6c" with the PurgeAfterFE date of "1490983805" will be deleted.
Snapshot "snap-075654f6c00de60fa" with the PurgeAfterFE date of "1490983805" will be deleted.
Snapshot "snap-0793f4c541a6449dc" with the PurgeAfterFE date of "1490983805" will be deleted.
Snapshot "snap-0a8776b54f6cfc6a6" with the PurgeAfterFE date of "1490983805" will be deleted.
Snapshot "snap-0fd1c1a62aeca6c98" with the PurgeAfterFE date of "1490983805" will be deleted.
Snapshot "snap-0cf3842d738f9e6dd" with the PurgeAfterFE date of "1490983805" will be deleted.
Snapshot "snap-02dc228f57a9320ca" with the PurgeAfterFE date of "1490983805" will be deleted.
Snapshot "snap-0f28fbf0e6695e782" with the PurgeAfterFE date of "1490983805" will be deleted.
Snapshot "snap-0415d04f53450248f" with the PurgeAfterFE date of "1490983805" will be deleted.
Snapshot "snap-088c46affbadd4dfa" with the PurgeAfterFE date of "1490983805" will be deleted.
Snapshot "snap-0bff382eec1a684dc" with the PurgeAfterFE date of "1490983805" will be deleted.
Snapshot "snap-0d0181f3655215289" with the PurgeAfterFE date of "1490983805" will be deleted.
Snapshot "snap-0de62433c593d5f44" with the PurgeAfterFE date of "1490983805" will be deleted.
Snapshot "snap-025823a0d31499cf7" with the PurgeAfterFE date of "1490983805" will be deleted.
Snapshot "snap-04f9238f319727e01" with the PurgeAfterFE date of "1490983805" will be deleted.
Snapshot "snap-028fa244a39fef7b8" with the PurgeAfterFE date of "1490983805" will be deleted.
Snapshot "snap-0ae59d0d677540cd8" with the PurgeAfterFE date of "1490983805" will be deleted.
Snapshot "snap-0c574cbc81e450f3a" with the PurgeAfterFE date of "1490983805" will be deleted.
Snapshot "snap-08e2f550c190c0102" with the PurgeAfterFE date of "1490983805" will be deleted.
Snapshot "snap-03e0579fd745b516b" with the PurgeAfterFE date of "1490983805" will be deleted.
Snapshot "snap-0c049b6715569d13f" with the PurgeAfterFE date of "1490983805" will be deleted.
Snapshot "snap-0f1ae080376f124a7" with the PurgeAfterFE date of "1490983805" will be deleted.
Snapshot "snap-0abbbe5ea2b7831c2" with the PurgeAfterFE date of "1490983805" will be deleted.
Snapshot "snap-0763e82bd688a5965" with the PurgeAfterFE date of "1490983805" will be deleted.
Snapshot "snap-062c38897d633476d" with the PurgeAfterFE date of "1490983805" will be deleted.
Snapshot "snap-036a1319ae99c86cd" with the PurgeAfterFE date of "1490983805" will be deleted.
Snapshot "snap-0075bba812f39f838" with the PurgeAfterFE date of "1490983805" will be deleted.
Snapshot "snap-0792884e0ae81887f" with the PurgeAfterFE date of "1490983805" will be deleted.
Snapshot "snap-0c875b82839470c30" with the PurgeAfterFE date of "1490983805" will be deleted.
Snapshot "snap-081a829295d6f1a1b" with the PurgeAfterFE date of "1490983805" will be deleted.
Snapshot "snap-0b40ee84ddb8fef9a" with the PurgeAfterFE date of "1490983805" will be deleted.
Snapshot "snap-0ce4da26999542fca" with the PurgeAfterFE date of "1490983805" will be deleted.
Snapshot "snap-07fb941c038a4d9b9" with the PurgeAfterFE date of "1490983805" will be deleted.
Snapshot "snap-09fa203aff4c53d05" with the PurgeAfterFE date of "1490983805" will be deleted.
Snapshot "snap-07b7d85d0a1a726b0" with the PurgeAfterFE date of "1490983805" will be deleted.
Snapshot "snap-001c716ef34f3a4fa" with the PurgeAfterFE date of "1490983805" will be deleted.
Snapshot "snap-04fec4e0e631af3dc" with the PurgeAfterFE date of "1490983805" will be deleted.
Snapshot "snap-05a6f81f448487744" with the PurgeAfterFE date of "1490983805" will be deleted.
Snapshot "snap-085e4e8d25c4a579e" with the PurgeAfterFE date of "1490983805" will be deleted.
Snapshot "snap-0dd9fb8ae87e9b8cd" with the PurgeAfterFE date of "1490983805" will be deleted.
Snapshot "snap-0bed5de9610d547e7" with the PurgeAfterFE date of "1490983805" will be deleted.
Snapshot "snap-026c25b331da9d076" with the PurgeAfterFE date of "1490983805" will be deleted.
Snapshot "snap-03dc37b2530b05f26" with the PurgeAfterFE date of "1490983805" will be deleted.
Snapshot "snap-0a9f7e6f40ab8aa4f" with the PurgeAfterFE date of "1490983805" will be deleted.
Snapshot "snap-0517c8af258bf7f31" with the PurgeAfterFE date of "1490983805" will be deleted.
Snapshot "snap-059c23118f90dde55" with the PurgeAfterFE date of "1490983805" will be deleted.
Snapshot "snap-017c605347bf91b4d" with the PurgeAfterFE date of "1490983805" will be deleted.
Snapshot "snap-002b52760d0654345" with the PurgeAfterFE date of "1490983805" will be deleted.
Snapshot "snap-0e65b53006848aa95" with the PurgeAfterFE date of "1490983805" will be deleted.
Snapshot "snap-0515508babe6cc5c2" with the PurgeAfterFE date of "1490983805" will be deleted.
Snapshot "snap-031e51b5ad58cb79e" with the PurgeAfterFE date of "1490983805" will be deleted.
Snapshot "snap-07ec1d5766605abe8" with the PurgeAfterFE date of "1490983805" will be deleted.
Snapshot "snap-013aca0cba6f2616d" with the PurgeAfterFE date of "1490983805" will be deleted.
Snapshot "snap-01a98b3d276329692" with the PurgeAfterFE date of "1490983805" will be deleted.
Snapshot "snap-0fb493d556049791a" with the PurgeAfterFE date of "1490983805" will be deleted.
Snapshot "snap-0c469a98ab7e118cc" with the PurgeAfterFE date of "1490983805" will be deleted.
Snapshot "snap-06081fa8295fd85fb" with the PurgeAfterFE date of "1490983805" will be deleted.
Snapshot "snap-0c28e1f96ad341c15" with the PurgeAfterFE date of "1490983805" will be deleted.
Snapshot "snap-0c3dd322d4d4baced" with the PurgeAfterFE date of "1490983805" will be deleted.
Snapshot "snap-0830930a590ed1346" with the PurgeAfterFE date of "1490983805" will be deleted.
Snapshot "snap-0d9d6703923dfcf96" with the PurgeAfterFE date of "1490983805" will be deleted.
Snapshot "snap-0a87416d871566691" with the PurgeAfterFE date of "1490983805" will be deleted.
Snapshot "snap-0a9bcb8ba4f9fb9e6" with the PurgeAfterFE date of "1490983805" will be deleted.
Snapshot "snap-0bbdb711467a8a53d" with the PurgeAfterFE date of "1490983805" will be deleted.
Snapshot "snap-0444cbfe9e43f27d7" with the PurgeAfterFE date of "1490983805" will be deleted.
Snapshot "snap-0c2079362904a7723" with the PurgeAfterFE date of "1490983805" will be deleted.
Snapshot "snap-004f94d6fdc3c8f09" with the PurgeAfterFE date of "1490983805" will be deleted.
Snapshot "snap-0e52854a8a263f0d0" with the PurgeAfterFE date of "1490983805" will be deleted.
Snapshot "snap-022367e99306e80f2" with the PurgeAfterFE date of "1490983805" will be deleted.
Snapshot "snap-0146618ae4df482c3" with the PurgeAfterFE date of "1490983805" will be deleted.
Snapshot "snap-08f6d77fa60e9aa15" with the PurgeAfterFE date of "1490983805" will be deleted.
Snapshot "snap-025404e916459336c" with the PurgeAfterFE date of "1490983805" will be deleted.
Snapshot "snap-0b44d0c81ce1910ca" with the PurgeAfterFE date of "1490983805" will be deleted.
Snapshot "snap-04f89211e7a459c54" with the PurgeAfterFE date of "1490983805" will be deleted.
Snapshot "snap-01c6eb4365f9c7b3a" with the PurgeAfterFE date of "1490983805" will be deleted.
Snapshot "snap-05ce0eda710bb3675" with the PurgeAfterFE date of "1490983805" will be deleted.
Snapshot "snap-0f4d12f066b785fd8" with the PurgeAfterFE date of "1490983805" will be deleted.
Snapshot "snap-0153c59abfbe9766d" with the PurgeAfterFE date of "1490983805" will be deleted.
Snapshot "snap-01f2fa9722b946134" with the PurgeAfterFE date of "1490983805" will be deleted.
Snapshot "snap-049d57b348dc06c59" with the PurgeAfterFE date of "1490983805" will be deleted.
Snapshot "snap-0a71d118001e7c94d" with the PurgeAfterFE date of "1490983805" will be deleted.
Snapshot "snap-0642f85db5629b7dd" with the PurgeAfterFE date of "1490983805" will be deleted.
Snapshot "snap-01bd160f1a28aabea" with the PurgeAfterFE date of "1490983805" will be deleted.
Snapshot "snap-0547a8600dc7d257d" with the PurgeAfterFE date of "1490983805" will be deleted.
Snapshot "snap-05460f9126137c01f" with the PurgeAfterFE date of "1490983805" will be deleted.
Snapshot "snap-070a38a4a770cdd88" with the PurgeAfterFE date of "1490983805" will be deleted.
Snapshot "snap-06a6b7ef7f70588cc" with the PurgeAfterFE date of "1490983805" will be deleted.
Snapshot "snap-036ed919122ef1d01" with the PurgeAfterFE date of "1490983805" will be deleted.
Snapshot "snap-07566005f8039622e" with the PurgeAfterFE date of "1490983805" will be deleted.
Snapshot "snap-0bcdd21b3f538fa43" with the PurgeAfterFE date of "1490983805" will be deleted.
Snapshot "snap-001234d0a2c87526b" with the PurgeAfterFE date of "1490983805" will be deleted.
Snapshot "snap-0c1ad9461a55d7700" with the PurgeAfterFE date of "1490983805" will be deleted.
Snapshot "snap-01bd53b6a0dc4db18" with the PurgeAfterFE date of "1490983805" will be deleted.
Snapshot "snap-0fb9043cb5c0f458d" with the PurgeAfterFE date of "1490983805" will be deleted.
Snapshot "snap-0282470e942a97479" with the PurgeAfterFE date of "1490983805" will be deleted.
Snapshot "snap-0164f2cb278860ed0" with the PurgeAfterFE date of "1490983805" will be deleted.
Snapshot "snap-074f451d0ad226071" with the PurgeAfterFE date of "1490983805" will be deleted.
Snapshot "snap-03c17fbfda96ee0f2" with the PurgeAfterFE date of "1490983805" will be deleted.
Snapshot "snap-01b13a337fdbaedce" with the PurgeAfterFE date of "1490983805" will be deleted.
Snapshot "snap-0ba9b5b1d086afb1b" with the PurgeAfterFE date of "1490983805" will be deleted.
Snapshot "snap-057671a37171a9354" with the PurgeAfterFE date of "1490983805" will be deleted.
Snapshot "snap-0473a30fdb648efee" with the PurgeAfterFE date of "1490983805" will be deleted.
Snapshot "snap-04e94104a0f8523e4" with the PurgeAfterFE date of "1490983805" will be deleted.
Snapshot "snap-0833ed9a62a17e9a3" with the PurgeAfterFE date of "1490983805" will be deleted.
Snapshot "snap-0014a8b0c09d23045" with the PurgeAfterFE date of "1490983805" will be deleted.
Snapshot "snap-06244f3492b9f305d" with the PurgeAfterFE date of "1490983805" will be deleted.
Snapshot "snap-016d67b373c164367" with the PurgeAfterFE date of "1490983805" will be deleted.
Snapshot "snap-05bab232916090b90" with the PurgeAfterFE date of "1490983805" will be deleted.
Snapshot "snap-0706c2397809701c2" with the PurgeAfterFE date of "1490983805" will be deleted.
Snapshot "snap-0ff3d451b916c5e5d" with the PurgeAfterFE date of "1490983805" will be deleted.
Snapshot "snap-0839d186ffa0901ac" with the PurgeAfterFE date of "1490983805" will be deleted.
Snapshot "snap-0727f5f00de0f6b84" with the PurgeAfterFE date of "1490983805" will be deleted.
Snapshot "snap-0eeca61d24d58266a" with the PurgeAfterFE date of "1490983805" will be deleted.
Snapshot "snap-048d0b44b0bb1d419" with the PurgeAfterFE date of "1490983805" will be deleted.
