Snapshots taken by ec2-volumes-autobackup.sh will be eligible for purging after the following date (the purge after date given in seconds from epoch): 1494015616.
INSTANCE i-46b0ebfe
INSTANCE NAME: igv-ec2-im02
Tagging Snapshot snap-056a1e610a107e207 with the following Tags: Key=CreatedBy,Value=ec2-automate-backup Key=InstanceId,Value=i-46b0ebfe Key=InstanceName,Value=igv-ec2-im02 Key=PurgeAfterFE,Value=1494015616 Key=PurgeAllow,Value=true Key=Volume,Value=vol-e7515158 Key=Created,Value=1491423616
INSTANCE 
INSTANCE NAME: 
Tagging Snapshot snap-0eed86f7ee6b10cc6 with the following Tags: Key=CreatedBy,Value=ec2-automate-backup Key=InstanceId,Value= Key=InstanceName,Value= Key=PurgeAfterFE,Value=1494015616 Key=PurgeAllow,Value=true Key=Volume,Value=vol-3e515181 Key=Created,Value=1491423616
INSTANCE i-24b0eb9c
INSTANCE NAME: igv-ec2-web02
Tagging Snapshot snap-0921bb33081a1d89b with the following Tags: Key=CreatedBy,Value=ec2-automate-backup Key=InstanceId,Value=i-24b0eb9c Key=InstanceName,Value=igv-ec2-web02 Key=PurgeAfterFE,Value=1494015616 Key=PurgeAllow,Value=true Key=Volume,Value=vol-3d515182 Key=Created,Value=1491423616
INSTANCE i-46b0ebfe
INSTANCE NAME: igv-ec2-im02
Tagging Snapshot snap-04841fd6e3adef691 with the following Tags: Key=CreatedBy,Value=ec2-automate-backup Key=InstanceId,Value=i-46b0ebfe Key=InstanceName,Value=igv-ec2-im02 Key=PurgeAfterFE,Value=1494015616 Key=PurgeAllow,Value=true Key=Volume,Value=vol-2d515192 Key=Created,Value=1491423616
INSTANCE i-2eb0eb96
INSTANCE NAME: igv-ec2-fs02
Tagging Snapshot snap-0df148a9842cf9c0d with the following Tags: Key=CreatedBy,Value=ec2-automate-backup Key=InstanceId,Value=i-2eb0eb96 Key=InstanceName,Value=igv-ec2-fs02 Key=PurgeAfterFE,Value=1494015616 Key=PurgeAllow,Value=true Key=Volume,Value=vol-2151519e Key=Created,Value=1491423616
INSTANCE i-2eb0eb96
INSTANCE NAME: igv-ec2-fs02
Tagging Snapshot snap-0f9fd9f52c5c76c64 with the following Tags: Key=CreatedBy,Value=ec2-automate-backup Key=InstanceId,Value=i-2eb0eb96 Key=InstanceName,Value=igv-ec2-fs02 Key=PurgeAfterFE,Value=1494015616 Key=PurgeAllow,Value=true Key=Volume,Value=vol-2051519f Key=Created,Value=1491423616
INSTANCE i-ecbd9b54
INSTANCE NAME: uat-igv-ec2-fs02
Tagging Snapshot snap-03f375fb4113fb028 with the following Tags: Key=CreatedBy,Value=ec2-automate-backup Key=InstanceId,Value=i-ecbd9b54 Key=InstanceName,Value=uat-igv-ec2-fs02 Key=PurgeAfterFE,Value=1494015616 Key=PurgeAllow,Value=true Key=Volume,Value=vol-1c0114a3 Key=Created,Value=1491423616
INSTANCE 
INSTANCE NAME: 
Tagging Snapshot snap-0bf5adabf9d1f6a4e with the following Tags: Key=CreatedBy,Value=ec2-automate-backup Key=InstanceId,Value= Key=InstanceName,Value= Key=PurgeAfterFE,Value=1494015616 Key=PurgeAllow,Value=true Key=Volume,Value=vol-1b0114a4 Key=Created,Value=1491423616
INSTANCE 
INSTANCE NAME: 
Tagging Snapshot snap-01df379a5caf75192 with the following Tags: Key=CreatedBy,Value=ec2-automate-backup Key=InstanceId,Value= Key=InstanceName,Value= Key=PurgeAfterFE,Value=1494015616 Key=PurgeAllow,Value=true Key=Volume,Value=vol-070114b8 Key=Created,Value=1491423616
INSTANCE 
INSTANCE NAME: 
Tagging Snapshot snap-0cf03bc645fdb4740 with the following Tags: Key=CreatedBy,Value=ec2-automate-backup Key=InstanceId,Value= Key=InstanceName,Value= Key=PurgeAfterFE,Value=1494015616 Key=PurgeAllow,Value=true Key=Volume,Value=vol-32d8cd8d Key=Created,Value=1491423616
INSTANCE 
INSTANCE NAME: 
Tagging Snapshot snap-0bede601709e0e7e2 with the following Tags: Key=CreatedBy,Value=ec2-automate-backup Key=InstanceId,Value= Key=InstanceName,Value= Key=PurgeAfterFE,Value=1494015616 Key=PurgeAllow,Value=true Key=Volume,Value=vol-99dbce26 Key=Created,Value=1491423616
INSTANCE i-e599bf5d
INSTANCE NAME: uat-igv-ec2-im02
Tagging Snapshot snap-00312284bfb689f30 with the following Tags: Key=CreatedBy,Value=ec2-automate-backup Key=InstanceId,Value=i-e599bf5d Key=InstanceName,Value=uat-igv-ec2-im02 Key=PurgeAfterFE,Value=1494015616 Key=PurgeAllow,Value=true Key=Volume,Value=vol-87dbce38 Key=Created,Value=1491423616
INSTANCE i-46b0ebfe
INSTANCE NAME: igv-ec2-im02
Tagging Snapshot snap-0d95c5288bad818ef with the following Tags: Key=CreatedBy,Value=ec2-automate-backup Key=InstanceId,Value=i-46b0ebfe Key=InstanceName,Value=igv-ec2-im02 Key=PurgeAfterFE,Value=1494015616 Key=PurgeAllow,Value=true Key=Volume,Value=vol-0d15268307606d6f0 Key=Created,Value=1491423616
INSTANCE i-2eb0eb96
INSTANCE NAME: igv-ec2-fs02
Tagging Snapshot snap-0d44d00b8867b32e4 with the following Tags: Key=CreatedBy,Value=ec2-automate-backup Key=InstanceId,Value=i-2eb0eb96 Key=InstanceName,Value=igv-ec2-fs02 Key=PurgeAfterFE,Value=1494015616 Key=PurgeAllow,Value=true Key=Volume,Value=vol-0e009e505c05a452a Key=Created,Value=1491423616
INSTANCE i-24b0eb9c
INSTANCE NAME: igv-ec2-web02
Tagging Snapshot snap-05a32b2e9e48ee64a with the following Tags: Key=CreatedBy,Value=ec2-automate-backup Key=InstanceId,Value=i-24b0eb9c Key=InstanceName,Value=igv-ec2-web02 Key=PurgeAfterFE,Value=1494015616 Key=PurgeAllow,Value=true Key=Volume,Value=vol-0b69cceb822f7a407 Key=Created,Value=1491423616
INSTANCE i-24b0eb9c
INSTANCE NAME: igv-ec2-web02
Tagging Snapshot snap-01fb7cb661657b926 with the following Tags: Key=CreatedBy,Value=ec2-automate-backup Key=InstanceId,Value=i-24b0eb9c Key=InstanceName,Value=igv-ec2-web02 Key=PurgeAfterFE,Value=1494015616 Key=PurgeAllow,Value=true Key=Volume,Value=vol-0857f1e325fd6018e Key=Created,Value=1491423616
INSTANCE i-ecbd9b54
INSTANCE NAME: uat-igv-ec2-fs02
Tagging Snapshot snap-0e91b1019149a14f4 with the following Tags: Key=CreatedBy,Value=ec2-automate-backup Key=InstanceId,Value=i-ecbd9b54 Key=InstanceName,Value=uat-igv-ec2-fs02 Key=PurgeAfterFE,Value=1494015616 Key=PurgeAllow,Value=true Key=Volume,Value=vol-0aeb647bfb345986b Key=Created,Value=1491423616
INSTANCE i-e599bf5d
INSTANCE NAME: uat-igv-ec2-im02
Tagging Snapshot snap-0850bba0ae548a049 with the following Tags: Key=CreatedBy,Value=ec2-automate-backup Key=InstanceId,Value=i-e599bf5d Key=InstanceName,Value=uat-igv-ec2-im02 Key=PurgeAfterFE,Value=1494015616 Key=PurgeAllow,Value=true Key=Volume,Value=vol-090d85094cc305b84 Key=Created,Value=1491423616
INSTANCE i-e599bf5d
INSTANCE NAME: uat-igv-ec2-im02
Tagging Snapshot snap-01c2f71d83688df3e with the following Tags: Key=CreatedBy,Value=ec2-automate-backup Key=InstanceId,Value=i-e599bf5d Key=InstanceName,Value=uat-igv-ec2-im02 Key=PurgeAfterFE,Value=1494015616 Key=PurgeAllow,Value=true Key=Volume,Value=vol-06ef69f28a2955ade Key=Created,Value=1491423616
INSTANCE i-ecbd9b54
INSTANCE NAME: uat-igv-ec2-fs02
Tagging Snapshot snap-0b848bb2ec6aa596e with the following Tags: Key=CreatedBy,Value=ec2-automate-backup Key=InstanceId,Value=i-ecbd9b54 Key=InstanceName,Value=uat-igv-ec2-fs02 Key=PurgeAfterFE,Value=1494015616 Key=PurgeAllow,Value=true Key=Volume,Value=vol-03d55165c7fdb0d9e Key=Created,Value=1491423616
INSTANCE i-b486a98c
INSTANCE NAME: igv-ec2-im01
Tagging Snapshot snap-046bc2119720f4ee9 with the following Tags: Key=CreatedBy,Value=ec2-automate-backup Key=InstanceId,Value=i-b486a98c Key=InstanceName,Value=igv-ec2-im01 Key=PurgeAfterFE,Value=1494015616 Key=PurgeAllow,Value=true Key=Volume,Value=vol-64bceae1 Key=Created,Value=1491423616
INSTANCE i-b486a98c
INSTANCE NAME: igv-ec2-im01
Tagging Snapshot snap-0e04d3d6cd6df5710 with the following Tags: Key=CreatedBy,Value=ec2-automate-backup Key=InstanceId,Value=i-b486a98c Key=InstanceName,Value=igv-ec2-im01 Key=PurgeAfterFE,Value=1494015616 Key=PurgeAllow,Value=true Key=Volume,Value=vol-67bceae2 Key=Created,Value=1491423616
INSTANCE i-b287a88a
INSTANCE NAME: igv-ec2-web01
Tagging Snapshot snap-01e213c6bc5cf8372 with the following Tags: Key=CreatedBy,Value=ec2-automate-backup Key=InstanceId,Value=i-b287a88a Key=InstanceName,Value=igv-ec2-web01 Key=PurgeAfterFE,Value=1494015616 Key=PurgeAllow,Value=true Key=Volume,Value=vol-b5bdeb30 Key=Created,Value=1491423616
INSTANCE i-b287a88a
INSTANCE NAME: igv-ec2-web01
Tagging Snapshot snap-06f7840eaf66ea4e0 with the following Tags: Key=CreatedBy,Value=ec2-automate-backup Key=InstanceId,Value=i-b287a88a Key=InstanceName,Value=igv-ec2-web01 Key=PurgeAfterFE,Value=1494015616 Key=PurgeAllow,Value=true Key=Volume,Value=vol-c7bdeb42 Key=Created,Value=1491423616
INSTANCE i-0a87a832
INSTANCE NAME: igv-ec2-fs01
Tagging Snapshot snap-06dce4165af774821 with the following Tags: Key=CreatedBy,Value=ec2-automate-backup Key=InstanceId,Value=i-0a87a832 Key=InstanceName,Value=igv-ec2-fs01 Key=PurgeAfterFE,Value=1494015616 Key=PurgeAllow,Value=true Key=Volume,Value=vol-30bdebb5 Key=Created,Value=1491423616
INSTANCE i-0a87a832
INSTANCE NAME: igv-ec2-fs01
Tagging Snapshot snap-045c35eb3894f0c95 with the following Tags: Key=CreatedBy,Value=ec2-automate-backup Key=InstanceId,Value=i-0a87a832 Key=InstanceName,Value=igv-ec2-fs01 Key=PurgeAfterFE,Value=1494015616 Key=PurgeAllow,Value=true Key=Volume,Value=vol-65bdebe0 Key=Created,Value=1491423616
INSTANCE i-e3dcf6db
INSTANCE NAME: uat-igv-ec2-web01
Tagging Snapshot snap-097ba4524d3045dbe with the following Tags: Key=CreatedBy,Value=ec2-automate-backup Key=InstanceId,Value=i-e3dcf6db Key=InstanceName,Value=uat-igv-ec2-web01 Key=PurgeAfterFE,Value=1494015616 Key=PurgeAllow,Value=true Key=Volume,Value=vol-60b0e8e5 Key=Created,Value=1491423616
INSTANCE i-e3dcf6db
INSTANCE NAME: uat-igv-ec2-web01
Tagging Snapshot snap-0317aecb4c619afe5 with the following Tags: Key=CreatedBy,Value=ec2-automate-backup Key=InstanceId,Value=i-e3dcf6db Key=InstanceName,Value=uat-igv-ec2-web01 Key=PurgeAfterFE,Value=1494015616 Key=PurgeAllow,Value=true Key=Volume,Value=vol-73b0e8f6 Key=Created,Value=1491423616
INSTANCE i-aacec892
INSTANCE NAME: newTags
Tagging Snapshot snap-04f4a33e643e1883d with the following Tags: Key=CreatedBy,Value=ec2-automate-backup Key=InstanceId,Value=i-aacec892 Key=InstanceName,Value=newTags Key=PurgeAfterFE,Value=1494015616 Key=PurgeAllow,Value=true Key=Volume,Value=vol-10241f95 Key=Created,Value=1491423616
INSTANCE i-e3dcf6db
INSTANCE NAME: uat-igv-ec2-web01
Tagging Snapshot snap-0a8b257e9af1e66e2 with the following Tags: Key=CreatedBy,Value=ec2-automate-backup Key=InstanceId,Value=i-e3dcf6db Key=InstanceName,Value=uat-igv-ec2-web01 Key=PurgeAfterFE,Value=1494015616 Key=PurgeAllow,Value=true Key=Volume,Value=vol-010b6aec845fdc72e Key=Created,Value=1491423616
INSTANCE i-b486a98c
INSTANCE NAME: igv-ec2-im01
Tagging Snapshot snap-05043a8a20c9229db with the following Tags: Key=CreatedBy,Value=ec2-automate-backup Key=InstanceId,Value=i-b486a98c Key=InstanceName,Value=igv-ec2-im01 Key=PurgeAfterFE,Value=1494015616 Key=PurgeAllow,Value=true Key=Volume,Value=vol-039deb6f07ed7c60c Key=Created,Value=1491423616
INSTANCE i-0a87a832
INSTANCE NAME: igv-ec2-fs01
Tagging Snapshot snap-09436907d16edaf81 with the following Tags: Key=CreatedBy,Value=ec2-automate-backup Key=InstanceId,Value=i-0a87a832 Key=InstanceName,Value=igv-ec2-fs01 Key=PurgeAfterFE,Value=1494015616 Key=PurgeAllow,Value=true Key=Volume,Value=vol-095211fa83f1b6524 Key=Created,Value=1491423616
INSTANCE i-b287a88a
INSTANCE NAME: igv-ec2-web01
Tagging Snapshot snap-058f6963167e1a655 with the following Tags: Key=CreatedBy,Value=ec2-automate-backup Key=InstanceId,Value=i-b287a88a Key=InstanceName,Value=igv-ec2-web01 Key=PurgeAfterFE,Value=1494015616 Key=PurgeAllow,Value=true Key=Volume,Value=vol-0cd7c487775e1e6bb Key=Created,Value=1491423616
Snapshot Purging is Starting Now.
Snapshot "snap-03ef7b82b1a1577ea" with the PurgeAfterFE date of "1491423436" will be deleted.
Snapshot "snap-0818c6cfb66b74bd9" with the PurgeAfterFE date of "1491423436" will be deleted.
Snapshot "snap-0eaddc31411365a72" with the PurgeAfterFE date of "1491423436" will be deleted.
Snapshot "snap-0b27fcb93e9b1b237" with the PurgeAfterFE date of "1491423436" will be deleted.
Snapshot "snap-0a9b27afb50b5ca15" with the PurgeAfterFE date of "1491423436" will be deleted.
Snapshot "snap-03e457f328b2277d0" with the PurgeAfterFE date of "1491423436" will be deleted.
Snapshot "snap-057a107cfeda6ad74" with the PurgeAfterFE date of "1491423436" will be deleted.
Snapshot "snap-04539d6a3c739b228" with the PurgeAfterFE date of "1491423436" will be deleted.
Snapshot "snap-029d63cc9b132fa9e" with the PurgeAfterFE date of "1491423436" will be deleted.
Snapshot "snap-040fe1ec7e41fc2d2" with the PurgeAfterFE date of "1491423436" will be deleted.
Snapshot "snap-05eb1d7015e0e977d" with the PurgeAfterFE date of "1491423436" will be deleted.
Snapshot "snap-084f7165a55ed3747" with the PurgeAfterFE date of "1491423436" will be deleted.
Snapshot "snap-01469aae4de75fa17" with the PurgeAfterFE date of "1491423436" will be deleted.
Snapshot "snap-083a9c8217e51a4e5" with the PurgeAfterFE date of "1491423436" will be deleted.
Snapshot "snap-02aceaadfdc1f9ec3" with the PurgeAfterFE date of "1491423436" will be deleted.
Snapshot "snap-035e9f7bce66050be" with the PurgeAfterFE date of "1491423436" will be deleted.
Snapshot "snap-0d4a560d42c92a2a2" with the PurgeAfterFE date of "1491423436" will be deleted.
Snapshot "snap-01081c555c87afaec" with the PurgeAfterFE date of "1491423436" will be deleted.
Snapshot "snap-02aded2584a9a24e6" with the PurgeAfterFE date of "1491423436" will be deleted.
Snapshot "snap-04558ade1e527680d" with the PurgeAfterFE date of "1491423436" will be deleted.
Snapshot "snap-074f1f33d931a62bb" with the PurgeAfterFE date of "1491423436" will be deleted.
Snapshot "snap-0fe55cb460b38d6e6" with the PurgeAfterFE date of "1491423436" will be deleted.
Snapshot "snap-0dd5fed1487817533" with the PurgeAfterFE date of "1491423436" will be deleted.
Snapshot "snap-021176c3966d951c0" with the PurgeAfterFE date of "1491423436" will be deleted.
Snapshot "snap-097839c8caf218053" with the PurgeAfterFE date of "1491423436" will be deleted.
Snapshot "snap-05d21c6a49bac802e" with the PurgeAfterFE date of "1491423436" will be deleted.
Snapshot "snap-0fb6d3e4f907b0e74" with the PurgeAfterFE date of "1491423436" will be deleted.
Snapshot "snap-0bb9463fff630245f" with the PurgeAfterFE date of "1491423436" will be deleted.
Snapshot "snap-0671fe6743e659b81" with the PurgeAfterFE date of "1491337392" will be deleted.
Snapshot "snap-0e664b3240d3e91d2" with the PurgeAfterFE date of "1491337392" will be deleted.
Snapshot "snap-046a7d39cf672ba33" with the PurgeAfterFE date of "1491337392" will be deleted.
Snapshot "snap-0dbe18b9894dee360" with the PurgeAfterFE date of "1491337392" will be deleted.
Snapshot "snap-06474c9dc88d5476a" with the PurgeAfterFE date of "1491337392" will be deleted.
Snapshot "snap-0db4f196104e6a7ef" with the PurgeAfterFE date of "1491337392" will be deleted.
Snapshot "snap-05a7ac27b4196d537" with the PurgeAfterFE date of "1491337392" will be deleted.
Snapshot "snap-036ce3b9a6d8b53d3" with the PurgeAfterFE date of "1491337392" will be deleted.
Snapshot "snap-006ee91f32214150a" with the PurgeAfterFE date of "1491337392" will be deleted.
Snapshot "snap-09364dc2d3e4695c7" with the PurgeAfterFE date of "1491337392" will be deleted.
Snapshot "snap-0e2fdb96ffd7357d0" with the PurgeAfterFE date of "1491337392" will be deleted.
Snapshot "snap-06923552403dd2e22" with the PurgeAfterFE date of "1491337392" will be deleted.
Snapshot "snap-0b0559ceb3d988ab3" with the PurgeAfterFE date of "1491337392" will be deleted.
Snapshot "snap-099ddb94e9201cf3b" with the PurgeAfterFE date of "1491337392" will be deleted.
Snapshot "snap-08472fe60b81d151e" with the PurgeAfterFE date of "1491337392" will be deleted.
Snapshot "snap-0feb7e5f55a8f287b" with the PurgeAfterFE date of "1491337392" will be deleted.
Snapshot "snap-0a80a7b1101aa1b76" with the PurgeAfterFE date of "1491337392" will be deleted.
Snapshot "snap-062cff85bb26c1bdb" with the PurgeAfterFE date of "1491337392" will be deleted.
Snapshot "snap-07d16350f178a59c1" with the PurgeAfterFE date of "1491337392" will be deleted.
Snapshot "snap-0a98a1b6c6c8f6be7" with the PurgeAfterFE date of "1491337392" will be deleted.
Snapshot "snap-0bd8c21f8fd96db88" with the PurgeAfterFE date of "1491337392" will be deleted.
Snapshot "snap-02fee8bc656e5c406" with the PurgeAfterFE date of "1491337392" will be deleted.
Snapshot "snap-0f9f41282eaa4cd8d" with the PurgeAfterFE date of "1491337392" will be deleted.
Snapshot "snap-03f25057c71630edc" with the PurgeAfterFE date of "1491337392" will be deleted.
Snapshot "snap-05b85af9bbc13e460" with the PurgeAfterFE date of "1491337392" will be deleted.
Snapshot "snap-0658c962c143f1545" with the PurgeAfterFE date of "1491337392" will be deleted.
Snapshot "snap-0c1dd5d735add2251" with the PurgeAfterFE date of "1491337392" will be deleted.
Snapshot "snap-0160acf224524bd2d" with the PurgeAfterFE date of "1491337392" will be deleted.
