Snapshots taken by ec2-volumes-autobackup.sh will be eligible for purging after the following date (the purge after date given in seconds from epoch): 1489260512.
INSTANCE i-03c8fd87e7b05fa05
INSTANCE NAME: abfinance_95569_app16
Tagging Snapshot snap-08b69882a441d65c4 with the following Tags: Key=CreatedBy,Value=ec2-automate-backup Key=InstanceId,Value=i-03c8fd87e7b05fa05 Key=InstanceName,Value=abfinance_95569_app16 Key=PurgeAfterFE,Value=1489260512 Key=PurgeAllow,Value=true Key=Volume,Value=vol-06c1ef7480d1a0d4c Key=Created,Value=1486668512
INSTANCE i-0c2bf96cb75ee7b5c
INSTANCE NAME: abfinance_95569_app18
Tagging Snapshot snap-093855068e8a2d860 with the following Tags: Key=CreatedBy,Value=ec2-automate-backup Key=InstanceId,Value=i-0c2bf96cb75ee7b5c Key=InstanceName,Value=abfinance_95569_app18 Key=PurgeAfterFE,Value=1489260512 Key=PurgeAllow,Value=true Key=Volume,Value=vol-0eae86baf89ae58a6 Key=Created,Value=1486668512
INSTANCE i-0dce85c3f212a5de0
INSTANCE NAME: abfinance_95569_app12
Tagging Snapshot snap-0edf8610db5e9192e with the following Tags: Key=CreatedBy,Value=ec2-automate-backup Key=InstanceId,Value=i-0dce85c3f212a5de0 Key=InstanceName,Value=abfinance_95569_app12 Key=PurgeAfterFE,Value=1489260512 Key=PurgeAllow,Value=true Key=Volume,Value=vol-05c5ee0c944c4a763 Key=Created,Value=1486668512
INSTANCE i-0129ce0f3255429b0
INSTANCE NAME: abfinance_95569_app10
Tagging Snapshot snap-021e91757a36a6d88 with the following Tags: Key=CreatedBy,Value=ec2-automate-backup Key=InstanceId,Value=i-0129ce0f3255429b0 Key=InstanceName,Value=abfinance_95569_app10 Key=PurgeAfterFE,Value=1489260512 Key=PurgeAllow,Value=true Key=Volume,Value=vol-0ebb5f79ffc3244da Key=Created,Value=1486668512
INSTANCE i-0dce85c3f212a5de0
INSTANCE NAME: abfinance_95569_app12
Tagging Snapshot snap-09c92b4879b41b6b1 with the following Tags: Key=CreatedBy,Value=ec2-automate-backup Key=InstanceId,Value=i-0dce85c3f212a5de0 Key=InstanceName,Value=abfinance_95569_app12 Key=PurgeAfterFE,Value=1489260512 Key=PurgeAllow,Value=true Key=Volume,Value=vol-0b081425c7cc17600 Key=Created,Value=1486668512
INSTANCE i-09ddd98828f970e2b
INSTANCE NAME: abfinance_95569_app14
Tagging Snapshot snap-0ff837730b85477d8 with the following Tags: Key=CreatedBy,Value=ec2-automate-backup Key=InstanceId,Value=i-09ddd98828f970e2b Key=InstanceName,Value=abfinance_95569_app14 Key=PurgeAfterFE,Value=1489260512 Key=PurgeAllow,Value=true Key=Volume,Value=vol-029381ba27db23ea5 Key=Created,Value=1486668512
INSTANCE i-0129ce0f3255429b0
INSTANCE NAME: abfinance_95569_app10
Tagging Snapshot snap-076843c43604d435c with the following Tags: Key=CreatedBy,Value=ec2-automate-backup Key=InstanceId,Value=i-0129ce0f3255429b0 Key=InstanceName,Value=abfinance_95569_app10 Key=PurgeAfterFE,Value=1489260512 Key=PurgeAllow,Value=true Key=Volume,Value=vol-0258943e0b3a406a0 Key=Created,Value=1486668512
INSTANCE i-0de1db820b03e1279
INSTANCE NAME: abfinance_95569_app22
Tagging Snapshot snap-0167f74a4bc4a1a46 with the following Tags: Key=CreatedBy,Value=ec2-automate-backup Key=InstanceId,Value=i-0de1db820b03e1279 Key=InstanceName,Value=abfinance_95569_app22 Key=PurgeAfterFE,Value=1489260512 Key=PurgeAllow,Value=true Key=Volume,Value=vol-014edcf936f6c26f4 Key=Created,Value=1486668512
INSTANCE i-09ddd98828f970e2b
INSTANCE NAME: abfinance_95569_app14
Tagging Snapshot snap-0f6ecf6b9b283696d with the following Tags: Key=CreatedBy,Value=ec2-automate-backup Key=InstanceId,Value=i-09ddd98828f970e2b Key=InstanceName,Value=abfinance_95569_app14 Key=PurgeAfterFE,Value=1489260512 Key=PurgeAllow,Value=true Key=Volume,Value=vol-0c815aa96dd49c83c Key=Created,Value=1486668512
INSTANCE i-03c8fd87e7b05fa05
INSTANCE NAME: abfinance_95569_app16
Tagging Snapshot snap-020f09c1092bd4471 with the following Tags: Key=CreatedBy,Value=ec2-automate-backup Key=InstanceId,Value=i-03c8fd87e7b05fa05 Key=InstanceName,Value=abfinance_95569_app16 Key=PurgeAfterFE,Value=1489260512 Key=PurgeAllow,Value=true Key=Volume,Value=vol-0a82f25f21c70ca17 Key=Created,Value=1486668512
INSTANCE i-03ab34c05dc4f22aa
INSTANCE NAME: abfinance_95569_app24
Tagging Snapshot snap-035e20d118a9a75f1 with the following Tags: Key=CreatedBy,Value=ec2-automate-backup Key=InstanceId,Value=i-03ab34c05dc4f22aa Key=InstanceName,Value=abfinance_95569_app24 Key=PurgeAfterFE,Value=1489260512 Key=PurgeAllow,Value=true Key=Volume,Value=vol-0119f2937c18f7e3e Key=Created,Value=1486668512
INSTANCE i-0bba368770f8bea0e
INSTANCE NAME: abfinance_95569_app28
Tagging Snapshot snap-0609b363b5d916838 with the following Tags: Key=CreatedBy,Value=ec2-automate-backup Key=InstanceId,Value=i-0bba368770f8bea0e Key=InstanceName,Value=abfinance_95569_app28 Key=PurgeAfterFE,Value=1489260512 Key=PurgeAllow,Value=true Key=Volume,Value=vol-054e16021703bc75b Key=Created,Value=1486668512
INSTANCE i-0bba368770f8bea0e
INSTANCE NAME: abfinance_95569_app28
Tagging Snapshot snap-0ff055ea71dfe9311 with the following Tags: Key=CreatedBy,Value=ec2-automate-backup Key=InstanceId,Value=i-0bba368770f8bea0e Key=InstanceName,Value=abfinance_95569_app28 Key=PurgeAfterFE,Value=1489260512 Key=PurgeAllow,Value=true Key=Volume,Value=vol-0a9917560a4a8eb37 Key=Created,Value=1486668512
INSTANCE i-0900f2c3ece4f73ce
INSTANCE NAME: abfinance_95569_app20
Tagging Snapshot snap-00adfd863792686ae with the following Tags: Key=CreatedBy,Value=ec2-automate-backup Key=InstanceId,Value=i-0900f2c3ece4f73ce Key=InstanceName,Value=abfinance_95569_app20 Key=PurgeAfterFE,Value=1489260512 Key=PurgeAllow,Value=true Key=Volume,Value=vol-06a26fc47d6b71ffd Key=Created,Value=1486668512
INSTANCE i-0900f2c3ece4f73ce
INSTANCE NAME: abfinance_95569_app20
Tagging Snapshot snap-098dca74b5f281e1b with the following Tags: Key=CreatedBy,Value=ec2-automate-backup Key=InstanceId,Value=i-0900f2c3ece4f73ce Key=InstanceName,Value=abfinance_95569_app20 Key=PurgeAfterFE,Value=1489260512 Key=PurgeAllow,Value=true Key=Volume,Value=vol-02e3078096ec01da3 Key=Created,Value=1486668512
INSTANCE i-0de1db820b03e1279
INSTANCE NAME: abfinance_95569_app22
Tagging Snapshot snap-074d845ac0fb4ee13 with the following Tags: Key=CreatedBy,Value=ec2-automate-backup Key=InstanceId,Value=i-0de1db820b03e1279 Key=InstanceName,Value=abfinance_95569_app22 Key=PurgeAfterFE,Value=1489260512 Key=PurgeAllow,Value=true Key=Volume,Value=vol-0d5d8a4619da19822 Key=Created,Value=1486668512
INSTANCE i-0c2bf96cb75ee7b5c
INSTANCE NAME: abfinance_95569_app18
Tagging Snapshot snap-0e5347f0523e176bb with the following Tags: Key=CreatedBy,Value=ec2-automate-backup Key=InstanceId,Value=i-0c2bf96cb75ee7b5c Key=InstanceName,Value=abfinance_95569_app18 Key=PurgeAfterFE,Value=1489260512 Key=PurgeAllow,Value=true Key=Volume,Value=vol-08f0c891fcb55d86a Key=Created,Value=1486668512
INSTANCE i-09bf358be6daff2b8
INSTANCE NAME: abfinance_95569_app26
Tagging Snapshot snap-06cc1ccc79143a91d with the following Tags: Key=CreatedBy,Value=ec2-automate-backup Key=InstanceId,Value=i-09bf358be6daff2b8 Key=InstanceName,Value=abfinance_95569_app26 Key=PurgeAfterFE,Value=1489260512 Key=PurgeAllow,Value=true Key=Volume,Value=vol-01783b38ab8d40039 Key=Created,Value=1486668512
INSTANCE i-03ab34c05dc4f22aa
INSTANCE NAME: abfinance_95569_app24
Tagging Snapshot snap-05f483f77f6ea27d7 with the following Tags: Key=CreatedBy,Value=ec2-automate-backup Key=InstanceId,Value=i-03ab34c05dc4f22aa Key=InstanceName,Value=abfinance_95569_app24 Key=PurgeAfterFE,Value=1489260512 Key=PurgeAllow,Value=true Key=Volume,Value=vol-038fb96ae65962d50 Key=Created,Value=1486668512
INSTANCE i-09bf358be6daff2b8
INSTANCE NAME: abfinance_95569_app26
Tagging Snapshot snap-072303ddccaa0f29b with the following Tags: Key=CreatedBy,Value=ec2-automate-backup Key=InstanceId,Value=i-09bf358be6daff2b8 Key=InstanceName,Value=abfinance_95569_app26 Key=PurgeAfterFE,Value=1489260512 Key=PurgeAllow,Value=true Key=Volume,Value=vol-04b2fa5fca10f2430 Key=Created,Value=1486668512
INSTANCE i-0274c175451fa7094
INSTANCE NAME: abfinance_95569_app08
Tagging Snapshot snap-041ae39023110bd48 with the following Tags: Key=CreatedBy,Value=ec2-automate-backup Key=InstanceId,Value=i-0274c175451fa7094 Key=InstanceName,Value=abfinance_95569_app08 Key=PurgeAfterFE,Value=1489260512 Key=PurgeAllow,Value=true Key=Volume,Value=vol-0c72a7d64241a776c Key=Created,Value=1486668512
INSTANCE i-0c1125d6758d322b7
INSTANCE NAME: abfinance_95569_app06
Tagging Snapshot snap-0a1b02b719bb2b113 with the following Tags: Key=CreatedBy,Value=ec2-automate-backup Key=InstanceId,Value=i-0c1125d6758d322b7 Key=InstanceName,Value=abfinance_95569_app06 Key=PurgeAfterFE,Value=1489260512 Key=PurgeAllow,Value=true Key=Volume,Value=vol-091917e30fd32e67a Key=Created,Value=1486668512
INSTANCE i-0d6c7beed860de6ff
INSTANCE NAME: abfinance_95569_app02
Tagging Snapshot snap-0ea92de8c6c7ea77c with the following Tags: Key=CreatedBy,Value=ec2-automate-backup Key=InstanceId,Value=i-0d6c7beed860de6ff Key=InstanceName,Value=abfinance_95569_app02 Key=PurgeAfterFE,Value=1489260512 Key=PurgeAllow,Value=true Key=Volume,Value=vol-02835ed9f869e882d Key=Created,Value=1486668512
INSTANCE i-0bf78d14e8b0eaf1e
INSTANCE NAME: abfinance_95569_app30
Tagging Snapshot snap-003a766c871e4d426 with the following Tags: Key=CreatedBy,Value=ec2-automate-backup Key=InstanceId,Value=i-0bf78d14e8b0eaf1e Key=InstanceName,Value=abfinance_95569_app30 Key=PurgeAfterFE,Value=1489260512 Key=PurgeAllow,Value=true Key=Volume,Value=vol-028a6f552c7c9efe4 Key=Created,Value=1486668512
INSTANCE i-01bfc53726a11ca9c
INSTANCE NAME: abfinance_95569_app04
Tagging Snapshot snap-02541edabbe5b4326 with the following Tags: Key=CreatedBy,Value=ec2-automate-backup Key=InstanceId,Value=i-01bfc53726a11ca9c Key=InstanceName,Value=abfinance_95569_app04 Key=PurgeAfterFE,Value=1489260512 Key=PurgeAllow,Value=true Key=Volume,Value=vol-0598a12d733568f31 Key=Created,Value=1486668512
INSTANCE i-0c1125d6758d322b7
INSTANCE NAME: abfinance_95569_app06
Tagging Snapshot snap-0d902f942548ca307 with the following Tags: Key=CreatedBy,Value=ec2-automate-backup Key=InstanceId,Value=i-0c1125d6758d322b7 Key=InstanceName,Value=abfinance_95569_app06 Key=PurgeAfterFE,Value=1489260512 Key=PurgeAllow,Value=true Key=Volume,Value=vol-0ba5d36c9573518b5 Key=Created,Value=1486668512
INSTANCE i-0bf78d14e8b0eaf1e
INSTANCE NAME: abfinance_95569_app30
Tagging Snapshot snap-04b93a9713957feb7 with the following Tags: Key=CreatedBy,Value=ec2-automate-backup Key=InstanceId,Value=i-0bf78d14e8b0eaf1e Key=InstanceName,Value=abfinance_95569_app30 Key=PurgeAfterFE,Value=1489260512 Key=PurgeAllow,Value=true Key=Volume,Value=vol-096964d6c38daa9c9 Key=Created,Value=1486668512
INSTANCE i-0b7bbda7e056f8f90
INSTANCE NAME: abfinance_95569_app36
Tagging Snapshot snap-016812232e052f171 with the following Tags: Key=CreatedBy,Value=ec2-automate-backup Key=InstanceId,Value=i-0b7bbda7e056f8f90 Key=InstanceName,Value=abfinance_95569_app36 Key=PurgeAfterFE,Value=1489260512 Key=PurgeAllow,Value=true Key=Volume,Value=vol-02d1561acea2b31a6 Key=Created,Value=1486668512
INSTANCE i-0b7bbda7e056f8f90
INSTANCE NAME: abfinance_95569_app36
Tagging Snapshot snap-0f260def115433963 with the following Tags: Key=CreatedBy,Value=ec2-automate-backup Key=InstanceId,Value=i-0b7bbda7e056f8f90 Key=InstanceName,Value=abfinance_95569_app36 Key=PurgeAfterFE,Value=1489260512 Key=PurgeAllow,Value=true Key=Volume,Value=vol-000a10baf81142e01 Key=Created,Value=1486668512
INSTANCE i-0d6c7beed860de6ff
INSTANCE NAME: abfinance_95569_app02
Tagging Snapshot snap-0c432bb0903bdc0ab with the following Tags: Key=CreatedBy,Value=ec2-automate-backup Key=InstanceId,Value=i-0d6c7beed860de6ff Key=InstanceName,Value=abfinance_95569_app02 Key=PurgeAfterFE,Value=1489260512 Key=PurgeAllow,Value=true Key=Volume,Value=vol-048b299ebe9275c3f Key=Created,Value=1486668512
INSTANCE i-01bfc53726a11ca9c
INSTANCE NAME: abfinance_95569_app04
Tagging Snapshot snap-0821b0ba0191a914e with the following Tags: Key=CreatedBy,Value=ec2-automate-backup Key=InstanceId,Value=i-01bfc53726a11ca9c Key=InstanceName,Value=abfinance_95569_app04 Key=PurgeAfterFE,Value=1489260512 Key=PurgeAllow,Value=true Key=Volume,Value=vol-0484891d5cc89bb2e Key=Created,Value=1486668512
INSTANCE i-0deb0e74a87668941
INSTANCE NAME: abfinance_95569_app32
Tagging Snapshot snap-07470f7a4e0052a44 with the following Tags: Key=CreatedBy,Value=ec2-automate-backup Key=InstanceId,Value=i-0deb0e74a87668941 Key=InstanceName,Value=abfinance_95569_app32 Key=PurgeAfterFE,Value=1489260512 Key=PurgeAllow,Value=true Key=Volume,Value=vol-015fe792f2ce928a7 Key=Created,Value=1486668512
INSTANCE i-0deb0e74a87668941
INSTANCE NAME: abfinance_95569_app32
Tagging Snapshot snap-0be2c2aabb3eea437 with the following Tags: Key=CreatedBy,Value=ec2-automate-backup Key=InstanceId,Value=i-0deb0e74a87668941 Key=InstanceName,Value=abfinance_95569_app32 Key=PurgeAfterFE,Value=1489260512 Key=PurgeAllow,Value=true Key=Volume,Value=vol-043d9d8a5e4d73574 Key=Created,Value=1486668512
INSTANCE i-03e0f8c5eac3f588a
INSTANCE NAME: abfinance_95569_app34
Tagging Snapshot snap-0413c373ad3b33c64 with the following Tags: Key=CreatedBy,Value=ec2-automate-backup Key=InstanceId,Value=i-03e0f8c5eac3f588a Key=InstanceName,Value=abfinance_95569_app34 Key=PurgeAfterFE,Value=1489260512 Key=PurgeAllow,Value=true Key=Volume,Value=vol-03300b65aac660dfc Key=Created,Value=1486668512
INSTANCE i-0274c175451fa7094
INSTANCE NAME: abfinance_95569_app08
Tagging Snapshot snap-02a9a769c6761a16d with the following Tags: Key=CreatedBy,Value=ec2-automate-backup Key=InstanceId,Value=i-0274c175451fa7094 Key=InstanceName,Value=abfinance_95569_app08 Key=PurgeAfterFE,Value=1489260512 Key=PurgeAllow,Value=true Key=Volume,Value=vol-09f82518fd6c90b2b Key=Created,Value=1486668512
INSTANCE i-03e0f8c5eac3f588a
INSTANCE NAME: abfinance_95569_app34
Tagging Snapshot snap-0f2587e31cb52a3d0 with the following Tags: Key=CreatedBy,Value=ec2-automate-backup Key=InstanceId,Value=i-03e0f8c5eac3f588a Key=InstanceName,Value=abfinance_95569_app34 Key=PurgeAfterFE,Value=1489260512 Key=PurgeAllow,Value=true Key=Volume,Value=vol-0ab3d1b79bd335c97 Key=Created,Value=1486668512
INSTANCE i-02d7ffae25154e179
INSTANCE NAME: abfinance_95569_qyyxapp04
Tagging Snapshot snap-035162c7dabdd480a with the following Tags: Key=CreatedBy,Value=ec2-automate-backup Key=InstanceId,Value=i-02d7ffae25154e179 Key=InstanceName,Value=abfinance_95569_qyyxapp04 Key=PurgeAfterFE,Value=1489260512 Key=PurgeAllow,Value=true Key=Volume,Value=vol-0391c9e8e798109f5 Key=Created,Value=1486668512
INSTANCE i-02d7ffae25154e179
INSTANCE NAME: abfinance_95569_qyyxapp04
Tagging Snapshot snap-078fecb38fb61d724 with the following Tags: Key=CreatedBy,Value=ec2-automate-backup Key=InstanceId,Value=i-02d7ffae25154e179 Key=InstanceName,Value=abfinance_95569_qyyxapp04 Key=PurgeAfterFE,Value=1489260512 Key=PurgeAllow,Value=true Key=Volume,Value=vol-0d266856f74e8355e Key=Created,Value=1486668512
INSTANCE i-00649ffaac78d75cb
INSTANCE NAME: abfinance_95569_qyyxapp06
Tagging Snapshot snap-08739f232280fa8b2 with the following Tags: Key=CreatedBy,Value=ec2-automate-backup Key=InstanceId,Value=i-00649ffaac78d75cb Key=InstanceName,Value=abfinance_95569_qyyxapp06 Key=PurgeAfterFE,Value=1489260512 Key=PurgeAllow,Value=true Key=Volume,Value=vol-04ad9f8946e08f89c Key=Created,Value=1486668512
INSTANCE i-00649ffaac78d75cb
INSTANCE NAME: abfinance_95569_qyyxapp06
Tagging Snapshot snap-022cdf18b9fd6676b with the following Tags: Key=CreatedBy,Value=ec2-automate-backup Key=InstanceId,Value=i-00649ffaac78d75cb Key=InstanceName,Value=abfinance_95569_qyyxapp06 Key=PurgeAfterFE,Value=1489260512 Key=PurgeAllow,Value=true Key=Volume,Value=vol-0807f8fea0f547086 Key=Created,Value=1486668512
INSTANCE i-0b62ae29318f2ff8b
INSTANCE NAME: abfinance_95569_qyyxapp02
Tagging Snapshot snap-052ec7ecaaaad6f8b with the following Tags: Key=CreatedBy,Value=ec2-automate-backup Key=InstanceId,Value=i-0b62ae29318f2ff8b Key=InstanceName,Value=abfinance_95569_qyyxapp02 Key=PurgeAfterFE,Value=1489260512 Key=PurgeAllow,Value=true Key=Volume,Value=vol-03ecd9464fd1c5d05 Key=Created,Value=1486668512
INSTANCE i-0b62ae29318f2ff8b
INSTANCE NAME: abfinance_95569_qyyxapp02
Tagging Snapshot snap-0b47a4a24d7089f02 with the following Tags: Key=CreatedBy,Value=ec2-automate-backup Key=InstanceId,Value=i-0b62ae29318f2ff8b Key=InstanceName,Value=abfinance_95569_qyyxapp02 Key=PurgeAfterFE,Value=1489260512 Key=PurgeAllow,Value=true Key=Volume,Value=vol-007d93d5c3db29799 Key=Created,Value=1486668512
INSTANCE i-0792c4456f9092988
INSTANCE NAME: abfinance_95569_qyyxapp08
Tagging Snapshot snap-05cdb5fe70896f9a9 with the following Tags: Key=CreatedBy,Value=ec2-automate-backup Key=InstanceId,Value=i-0792c4456f9092988 Key=InstanceName,Value=abfinance_95569_qyyxapp08 Key=PurgeAfterFE,Value=1489260512 Key=PurgeAllow,Value=true Key=Volume,Value=vol-045f338712882182b Key=Created,Value=1486668512
INSTANCE i-0792c4456f9092988
INSTANCE NAME: abfinance_95569_qyyxapp08
Tagging Snapshot snap-0f68e280fabce871f with the following Tags: Key=CreatedBy,Value=ec2-automate-backup Key=InstanceId,Value=i-0792c4456f9092988 Key=InstanceName,Value=abfinance_95569_qyyxapp08 Key=PurgeAfterFE,Value=1489260512 Key=PurgeAllow,Value=true Key=Volume,Value=vol-0489d109134a1a195 Key=Created,Value=1486668512
INSTANCE i-0612d908206bc2861
INSTANCE NAME: abfinance_95569_db02
Tagging Snapshot snap-031b9438a7395f623 with the following Tags: Key=CreatedBy,Value=ec2-automate-backup Key=InstanceId,Value=i-0612d908206bc2861 Key=InstanceName,Value=abfinance_95569_db02 Key=PurgeAfterFE,Value=1489260512 Key=PurgeAllow,Value=true Key=Volume,Value=vol-00932a51c4361be6a Key=Created,Value=1486668512
INSTANCE i-0612d908206bc2861
INSTANCE NAME: abfinance_95569_db02
Tagging Snapshot snap-026a0c2aa7248ff14 with the following Tags: Key=CreatedBy,Value=ec2-automate-backup Key=InstanceId,Value=i-0612d908206bc2861 Key=InstanceName,Value=abfinance_95569_db02 Key=PurgeAfterFE,Value=1489260512 Key=PurgeAllow,Value=true Key=Volume,Value=vol-0441e909f2a98af4a Key=Created,Value=1486668512
INSTANCE i-0612d908206bc2861
INSTANCE NAME: abfinance_95569_db02
Tagging Snapshot snap-0ec15e4bd4a49551c with the following Tags: Key=CreatedBy,Value=ec2-automate-backup Key=InstanceId,Value=i-0612d908206bc2861 Key=InstanceName,Value=abfinance_95569_db02 Key=PurgeAfterFE,Value=1489260512 Key=PurgeAllow,Value=true Key=Volume,Value=vol-0cbadea7e7c09a245 Key=Created,Value=1486668512
INSTANCE i-0612d908206bc2861
INSTANCE NAME: abfinance_95569_db02
Tagging Snapshot snap-0cebc34862065c1a1 with the following Tags: Key=CreatedBy,Value=ec2-automate-backup Key=InstanceId,Value=i-0612d908206bc2861 Key=InstanceName,Value=abfinance_95569_db02 Key=PurgeAfterFE,Value=1489260512 Key=PurgeAllow,Value=true Key=Volume,Value=vol-0bb3d3b39e4ae4a88 Key=Created,Value=1486668512
INSTANCE i-0a035c9fe74e932da
INSTANCE NAME: abfinance_top20_ubuntu_app02
Tagging Snapshot snap-0355b486ba11cd96a with the following Tags: Key=CreatedBy,Value=ec2-automate-backup Key=InstanceId,Value=i-0a035c9fe74e932da Key=InstanceName,Value=abfinance_top20_ubuntu_app02 Key=PurgeAfterFE,Value=1489260512 Key=PurgeAllow,Value=true Key=Volume,Value=vol-0d546115a23bd511e Key=Created,Value=1486668512
INSTANCE i-0a035c9fe74e932da
INSTANCE NAME: abfinance_top20_ubuntu_app02
Tagging Snapshot snap-064a4082b3db9d4ea with the following Tags: Key=CreatedBy,Value=ec2-automate-backup Key=InstanceId,Value=i-0a035c9fe74e932da Key=InstanceName,Value=abfinance_top20_ubuntu_app02 Key=PurgeAfterFE,Value=1489260512 Key=PurgeAllow,Value=true Key=Volume,Value=vol-0b7877736c90d5018 Key=Created,Value=1486668512
INSTANCE i-0d13fdd367f941029
INSTANCE NAME: abfinance_top20_ubuntu_app04
Tagging Snapshot snap-015fd521dc4ba748e with the following Tags: Key=CreatedBy,Value=ec2-automate-backup Key=InstanceId,Value=i-0d13fdd367f941029 Key=InstanceName,Value=abfinance_top20_ubuntu_app04 Key=PurgeAfterFE,Value=1489260512 Key=PurgeAllow,Value=true Key=Volume,Value=vol-0b1860b6a86d65c3c Key=Created,Value=1486668512
INSTANCE i-0a035c9fe74e932da
INSTANCE NAME: abfinance_top20_ubuntu_app02
Tagging Snapshot snap-0d7bf95a5cc99e403 with the following Tags: Key=CreatedBy,Value=ec2-automate-backup Key=InstanceId,Value=i-0a035c9fe74e932da Key=InstanceName,Value=abfinance_top20_ubuntu_app02 Key=PurgeAfterFE,Value=1489260512 Key=PurgeAllow,Value=true Key=Volume,Value=vol-06d971d61dc6ec5d0 Key=Created,Value=1486668512
INSTANCE i-0d13fdd367f941029
INSTANCE NAME: abfinance_top20_ubuntu_app04
Tagging Snapshot snap-0bddb90d86bfa5b07 with the following Tags: Key=CreatedBy,Value=ec2-automate-backup Key=InstanceId,Value=i-0d13fdd367f941029 Key=InstanceName,Value=abfinance_top20_ubuntu_app04 Key=PurgeAfterFE,Value=1489260512 Key=PurgeAllow,Value=true Key=Volume,Value=vol-0c99c2848d6180dad Key=Created,Value=1486668512
INSTANCE i-0d13fdd367f941029
INSTANCE NAME: abfinance_top20_ubuntu_app04
Tagging Snapshot snap-076e7151dcd844917 with the following Tags: Key=CreatedBy,Value=ec2-automate-backup Key=InstanceId,Value=i-0d13fdd367f941029 Key=InstanceName,Value=abfinance_top20_ubuntu_app04 Key=PurgeAfterFE,Value=1489260512 Key=PurgeAllow,Value=true Key=Volume,Value=vol-05552e316d7c4fca7 Key=Created,Value=1486668512
INSTANCE i-0a035c9fe74e932da
INSTANCE NAME: abfinance_top20_ubuntu_app02
Tagging Snapshot snap-0bc3d936d1e8b76f9 with the following Tags: Key=CreatedBy,Value=ec2-automate-backup Key=InstanceId,Value=i-0a035c9fe74e932da Key=InstanceName,Value=abfinance_top20_ubuntu_app02 Key=PurgeAfterFE,Value=1489260512 Key=PurgeAllow,Value=true Key=Volume,Value=vol-086b4833a3e624834 Key=Created,Value=1486668512
INSTANCE i-0d13fdd367f941029
INSTANCE NAME: abfinance_top20_ubuntu_app04
Tagging Snapshot snap-0781a8685736461a3 with the following Tags: Key=CreatedBy,Value=ec2-automate-backup Key=InstanceId,Value=i-0d13fdd367f941029 Key=InstanceName,Value=abfinance_top20_ubuntu_app04 Key=PurgeAfterFE,Value=1489260512 Key=PurgeAllow,Value=true Key=Volume,Value=vol-0237e004eeed33603 Key=Created,Value=1486668512
INSTANCE i-02c96aa526459387c
INSTANCE NAME: abfinance_top20_ubuntu_db02
Tagging Snapshot snap-09d3533468ef6cf2d with the following Tags: Key=CreatedBy,Value=ec2-automate-backup Key=InstanceId,Value=i-02c96aa526459387c Key=InstanceName,Value=abfinance_top20_ubuntu_db02 Key=PurgeAfterFE,Value=1489260512 Key=PurgeAllow,Value=true Key=Volume,Value=vol-0adeb8ce9288cb9f0 Key=Created,Value=1486668512
INSTANCE i-02c96aa526459387c
INSTANCE NAME: abfinance_top20_ubuntu_db02
Tagging Snapshot snap-0c06598df005b9914 with the following Tags: Key=CreatedBy,Value=ec2-automate-backup Key=InstanceId,Value=i-02c96aa526459387c Key=InstanceName,Value=abfinance_top20_ubuntu_db02 Key=PurgeAfterFE,Value=1489260512 Key=PurgeAllow,Value=true Key=Volume,Value=vol-0f91ffb6f9ff57fe9 Key=Created,Value=1486668512
INSTANCE i-02c96aa526459387c
INSTANCE NAME: abfinance_top20_ubuntu_db02
Tagging Snapshot snap-0a86e5b7023ca4874 with the following Tags: Key=CreatedBy,Value=ec2-automate-backup Key=InstanceId,Value=i-02c96aa526459387c Key=InstanceName,Value=abfinance_top20_ubuntu_db02 Key=PurgeAfterFE,Value=1489260512 Key=PurgeAllow,Value=true Key=Volume,Value=vol-0e507dfbbde31e579 Key=Created,Value=1486668512
INSTANCE i-02c96aa526459387c
INSTANCE NAME: abfinance_top20_ubuntu_db02
Tagging Snapshot snap-08eb42a2e8a964ea6 with the following Tags: Key=CreatedBy,Value=ec2-automate-backup Key=InstanceId,Value=i-02c96aa526459387c Key=InstanceName,Value=abfinance_top20_ubuntu_db02 Key=PurgeAfterFE,Value=1489260512 Key=PurgeAllow,Value=true Key=Volume,Value=vol-0c9c555e321cb7fb5 Key=Created,Value=1486668512
INSTANCE i-02c96aa526459387c
INSTANCE NAME: abfinance_top20_ubuntu_db02
Tagging Snapshot snap-0eda98aa2f84c37ee with the following Tags: Key=CreatedBy,Value=ec2-automate-backup Key=InstanceId,Value=i-02c96aa526459387c Key=InstanceName,Value=abfinance_top20_ubuntu_db02 Key=PurgeAfterFE,Value=1489260512 Key=PurgeAllow,Value=true Key=Volume,Value=vol-0a171db3d35833a82 Key=Created,Value=1486668512
INSTANCE i-07c4c99e14c226dd1
INSTANCE NAME: abfinance_db02
Tagging Snapshot snap-0c4f8de8718a9a5a7 with the following Tags: Key=CreatedBy,Value=ec2-automate-backup Key=InstanceId,Value=i-07c4c99e14c226dd1 Key=InstanceName,Value=abfinance_db02 Key=PurgeAfterFE,Value=1489260512 Key=PurgeAllow,Value=true Key=Volume,Value=vol-05e7e019fed5d6e4f Key=Created,Value=1486668512
INSTANCE i-07c4c99e14c226dd1
INSTANCE NAME: abfinance_db02
Tagging Snapshot snap-01c97f853dbc9c1ce with the following Tags: Key=CreatedBy,Value=ec2-automate-backup Key=InstanceId,Value=i-07c4c99e14c226dd1 Key=InstanceName,Value=abfinance_db02 Key=PurgeAfterFE,Value=1489260512 Key=PurgeAllow,Value=true Key=Volume,Value=vol-005a8fb46ac90c6c8 Key=Created,Value=1486668512
INSTANCE i-07c4c99e14c226dd1
INSTANCE NAME: abfinance_db02
Tagging Snapshot snap-0b7d470348e3e88cf with the following Tags: Key=CreatedBy,Value=ec2-automate-backup Key=InstanceId,Value=i-07c4c99e14c226dd1 Key=InstanceName,Value=abfinance_db02 Key=PurgeAfterFE,Value=1489260512 Key=PurgeAllow,Value=true Key=Volume,Value=vol-0ee99e47c26b1b6ab Key=Created,Value=1486668512
INSTANCE i-0146762d86a3f8d50
INSTANCE NAME: abfinance_lcb_production02
Tagging Snapshot snap-0c801a9bd66ef3b34 with the following Tags: Key=CreatedBy,Value=ec2-automate-backup Key=InstanceId,Value=i-0146762d86a3f8d50 Key=InstanceName,Value=abfinance_lcb_production02 Key=PurgeAfterFE,Value=1489260512 Key=PurgeAllow,Value=true Key=Volume,Value=vol-0fea562fe447a3f76 Key=Created,Value=1486668512
INSTANCE i-0146762d86a3f8d50
INSTANCE NAME: abfinance_lcb_production02
Tagging Snapshot snap-0fc515894602fce17 with the following Tags: Key=CreatedBy,Value=ec2-automate-backup Key=InstanceId,Value=i-0146762d86a3f8d50 Key=InstanceName,Value=abfinance_lcb_production02 Key=PurgeAfterFE,Value=1489260512 Key=PurgeAllow,Value=true Key=Volume,Value=vol-0782f08cb6f6c839c Key=Created,Value=1486668512
INSTANCE i-0c9c05c95fadfa579
INSTANCE NAME: abfinance_lcb_webview02
Tagging Snapshot snap-0b206adb058c344ba with the following Tags: Key=CreatedBy,Value=ec2-automate-backup Key=InstanceId,Value=i-0c9c05c95fadfa579 Key=InstanceName,Value=abfinance_lcb_webview02 Key=PurgeAfterFE,Value=1489260512 Key=PurgeAllow,Value=true Key=Volume,Value=vol-093a7b55a620d4e21 Key=Created,Value=1486668512
INSTANCE i-0ddb468f7fcf6e0df
INSTANCE NAME: abfinance_lcb_sales02
Tagging Snapshot snap-02e891ad3ff547360 with the following Tags: Key=CreatedBy,Value=ec2-automate-backup Key=InstanceId,Value=i-0ddb468f7fcf6e0df Key=InstanceName,Value=abfinance_lcb_sales02 Key=PurgeAfterFE,Value=1489260512 Key=PurgeAllow,Value=true Key=Volume,Value=vol-0fad69a30ba7bce0d Key=Created,Value=1486668512
INSTANCE i-0ddb468f7fcf6e0df
INSTANCE NAME: abfinance_lcb_sales02
Tagging Snapshot snap-0532ad00b26a8353f with the following Tags: Key=CreatedBy,Value=ec2-automate-backup Key=InstanceId,Value=i-0ddb468f7fcf6e0df Key=InstanceName,Value=abfinance_lcb_sales02 Key=PurgeAfterFE,Value=1489260512 Key=PurgeAllow,Value=true Key=Volume,Value=vol-045ed94c459ff8b7f Key=Created,Value=1486668512
INSTANCE i-0b4be2bbf8b348d64
INSTANCE NAME: abfinance_lcb_webview04
Tagging Snapshot snap-0f7659657e532e6bb with the following Tags: Key=CreatedBy,Value=ec2-automate-backup Key=InstanceId,Value=i-0b4be2bbf8b348d64 Key=InstanceName,Value=abfinance_lcb_webview04 Key=PurgeAfterFE,Value=1489260512 Key=PurgeAllow,Value=true Key=Volume,Value=vol-028cbc9a0070f9b88 Key=Created,Value=1486668512
INSTANCE i-0c9c05c95fadfa579
INSTANCE NAME: abfinance_lcb_webview02
Tagging Snapshot snap-040fb50bbde8e0572 with the following Tags: Key=CreatedBy,Value=ec2-automate-backup Key=InstanceId,Value=i-0c9c05c95fadfa579 Key=InstanceName,Value=abfinance_lcb_webview02 Key=PurgeAfterFE,Value=1489260512 Key=PurgeAllow,Value=true Key=Volume,Value=vol-0c28572672b1f140b Key=Created,Value=1486668512
INSTANCE i-0b4be2bbf8b348d64
INSTANCE NAME: abfinance_lcb_webview04
Tagging Snapshot snap-01f307f6fdd0c01f8 with the following Tags: Key=CreatedBy,Value=ec2-automate-backup Key=InstanceId,Value=i-0b4be2bbf8b348d64 Key=InstanceName,Value=abfinance_lcb_webview04 Key=PurgeAfterFE,Value=1489260512 Key=PurgeAllow,Value=true Key=Volume,Value=vol-0f31367a3565de9bf Key=Created,Value=1486668512
INSTANCE i-014a452a01f729a81
INSTANCE NAME: abfinance_nat02
Tagging Snapshot snap-0b9546c31bfea67d5 with the following Tags: Key=CreatedBy,Value=ec2-automate-backup Key=InstanceId,Value=i-014a452a01f729a81 Key=InstanceName,Value=abfinance_nat02 Key=PurgeAfterFE,Value=1489260512 Key=PurgeAllow,Value=true Key=Volume,Value=vol-0122877394ee0d073 Key=Created,Value=1486668512
INSTANCE i-014a452a01f729a81
INSTANCE NAME: abfinance_nat02
Tagging Snapshot snap-0f90d60194145c4af with the following Tags: Key=CreatedBy,Value=ec2-automate-backup Key=InstanceId,Value=i-014a452a01f729a81 Key=InstanceName,Value=abfinance_nat02 Key=PurgeAfterFE,Value=1489260512 Key=PurgeAllow,Value=true Key=Volume,Value=vol-0eb3627979069db71 Key=Created,Value=1486668512
INSTANCE i-0ec3141f7a8500cb7
INSTANCE NAME: abfinance_95569_app09
Tagging Snapshot snap-04873fd240fc7185f with the following Tags: Key=CreatedBy,Value=ec2-automate-backup Key=InstanceId,Value=i-0ec3141f7a8500cb7 Key=InstanceName,Value=abfinance_95569_app09 Key=PurgeAfterFE,Value=1489260512 Key=PurgeAllow,Value=true Key=Volume,Value=vol-081196262722f4f10 Key=Created,Value=1486668512
INSTANCE i-03b57928616a8d119
INSTANCE NAME: abfinance_95569_app11
Tagging Snapshot snap-07bd3dfad372ea98e with the following Tags: Key=CreatedBy,Value=ec2-automate-backup Key=InstanceId,Value=i-03b57928616a8d119 Key=InstanceName,Value=abfinance_95569_app11 Key=PurgeAfterFE,Value=1489260512 Key=PurgeAllow,Value=true Key=Volume,Value=vol-00a4d8cc657fd095f Key=Created,Value=1486668512
INSTANCE i-09c114c3c67ac2768
INSTANCE NAME: abfinance_95569_app15
Tagging Snapshot snap-0542c01e6bc148ffb with the following Tags: Key=CreatedBy,Value=ec2-automate-backup Key=InstanceId,Value=i-09c114c3c67ac2768 Key=InstanceName,Value=abfinance_95569_app15 Key=PurgeAfterFE,Value=1489260512 Key=PurgeAllow,Value=true Key=Volume,Value=vol-0dc2b205ff3e0db9f Key=Created,Value=1486668512
INSTANCE i-09c114c3c67ac2768
INSTANCE NAME: abfinance_95569_app15
Tagging Snapshot snap-0c72e46eec9297875 with the following Tags: Key=CreatedBy,Value=ec2-automate-backup Key=InstanceId,Value=i-09c114c3c67ac2768 Key=InstanceName,Value=abfinance_95569_app15 Key=PurgeAfterFE,Value=1489260512 Key=PurgeAllow,Value=true Key=Volume,Value=vol-0603570eb189be1e3 Key=Created,Value=1486668512
INSTANCE i-0ec3141f7a8500cb7
INSTANCE NAME: abfinance_95569_app09
Tagging Snapshot snap-0b77769dd1f35a529 with the following Tags: Key=CreatedBy,Value=ec2-automate-backup Key=InstanceId,Value=i-0ec3141f7a8500cb7 Key=InstanceName,Value=abfinance_95569_app09 Key=PurgeAfterFE,Value=1489260512 Key=PurgeAllow,Value=true Key=Volume,Value=vol-033dfab10affed3a2 Key=Created,Value=1486668512
INSTANCE i-0a5f15688eacd2e3e
INSTANCE NAME: abfinance_95569_app13
Tagging Snapshot snap-080e59a0ed859d5de with the following Tags: Key=CreatedBy,Value=ec2-automate-backup Key=InstanceId,Value=i-0a5f15688eacd2e3e Key=InstanceName,Value=abfinance_95569_app13 Key=PurgeAfterFE,Value=1489260512 Key=PurgeAllow,Value=true Key=Volume,Value=vol-02298d3eaf4ba7281 Key=Created,Value=1486668512
INSTANCE i-0a5f15688eacd2e3e
INSTANCE NAME: abfinance_95569_app13
Tagging Snapshot snap-09fb17c29c9f75bb8 with the following Tags: Key=CreatedBy,Value=ec2-automate-backup Key=InstanceId,Value=i-0a5f15688eacd2e3e Key=InstanceName,Value=abfinance_95569_app13 Key=PurgeAfterFE,Value=1489260512 Key=PurgeAllow,Value=true Key=Volume,Value=vol-0785e6333055e6365 Key=Created,Value=1486668512
INSTANCE i-0f0c674e5b6788a2c
INSTANCE NAME: abfinance_95569_app19
Tagging Snapshot snap-07a94854f9db20786 with the following Tags: Key=CreatedBy,Value=ec2-automate-backup Key=InstanceId,Value=i-0f0c674e5b6788a2c Key=InstanceName,Value=abfinance_95569_app19 Key=PurgeAfterFE,Value=1489260512 Key=PurgeAllow,Value=true Key=Volume,Value=vol-06b68df3e57d2e58d Key=Created,Value=1486668512
INSTANCE i-0f0c674e5b6788a2c
INSTANCE NAME: abfinance_95569_app19
Tagging Snapshot snap-00f03b4d213b2d0db with the following Tags: Key=CreatedBy,Value=ec2-automate-backup Key=InstanceId,Value=i-0f0c674e5b6788a2c Key=InstanceName,Value=abfinance_95569_app19 Key=PurgeAfterFE,Value=1489260512 Key=PurgeAllow,Value=true Key=Volume,Value=vol-0851a9c76d4ea078c Key=Created,Value=1486668512
INSTANCE i-0a411a0ef749f4cf1
INSTANCE NAME: abfinance_95569_app21
Tagging Snapshot snap-0df345981fc34af96 with the following Tags: Key=CreatedBy,Value=ec2-automate-backup Key=InstanceId,Value=i-0a411a0ef749f4cf1 Key=InstanceName,Value=abfinance_95569_app21 Key=PurgeAfterFE,Value=1489260512 Key=PurgeAllow,Value=true Key=Volume,Value=vol-0c3d605f9052074d8 Key=Created,Value=1486668512
INSTANCE i-0a411a0ef749f4cf1
INSTANCE NAME: abfinance_95569_app21
Tagging Snapshot snap-0bf78c9e4c961a162 with the following Tags: Key=CreatedBy,Value=ec2-automate-backup Key=InstanceId,Value=i-0a411a0ef749f4cf1 Key=InstanceName,Value=abfinance_95569_app21 Key=PurgeAfterFE,Value=1489260512 Key=PurgeAllow,Value=true Key=Volume,Value=vol-0310bf0152a386a1f Key=Created,Value=1486668512
INSTANCE i-0d5e1e43bf386d202
INSTANCE NAME: abfinance_95569_app23
Tagging Snapshot snap-098f5b5e270b0d76d with the following Tags: Key=CreatedBy,Value=ec2-automate-backup Key=InstanceId,Value=i-0d5e1e43bf386d202 Key=InstanceName,Value=abfinance_95569_app23 Key=PurgeAfterFE,Value=1489260512 Key=PurgeAllow,Value=true Key=Volume,Value=vol-0f81b4a366156ec4e Key=Created,Value=1486668512
INSTANCE i-0d5e1e43bf386d202
INSTANCE NAME: abfinance_95569_app23
Tagging Snapshot snap-0967795d61cef2940 with the following Tags: Key=CreatedBy,Value=ec2-automate-backup Key=InstanceId,Value=i-0d5e1e43bf386d202 Key=InstanceName,Value=abfinance_95569_app23 Key=PurgeAfterFE,Value=1489260512 Key=PurgeAllow,Value=true Key=Volume,Value=vol-0111d7f26ad53c4cb Key=Created,Value=1486668512
INSTANCE i-0eb8007a14e67dab2
INSTANCE NAME: abfinance_95569_app27
Tagging Snapshot snap-00be17f7ecec73273 with the following Tags: Key=CreatedBy,Value=ec2-automate-backup Key=InstanceId,Value=i-0eb8007a14e67dab2 Key=InstanceName,Value=abfinance_95569_app27 Key=PurgeAfterFE,Value=1489260512 Key=PurgeAllow,Value=true Key=Volume,Value=vol-03525070f4c814961 Key=Created,Value=1486668512
INSTANCE i-07edbc122c6a6ac80
INSTANCE NAME: abfinance_95569_app17
Tagging Snapshot snap-0c1c8063133874c82 with the following Tags: Key=CreatedBy,Value=ec2-automate-backup Key=InstanceId,Value=i-07edbc122c6a6ac80 Key=InstanceName,Value=abfinance_95569_app17 Key=PurgeAfterFE,Value=1489260512 Key=PurgeAllow,Value=true Key=Volume,Value=vol-04e6264745822f286 Key=Created,Value=1486668512
INSTANCE i-03b57928616a8d119
INSTANCE NAME: abfinance_95569_app11
Tagging Snapshot snap-0e803c8142ee9a680 with the following Tags: Key=CreatedBy,Value=ec2-automate-backup Key=InstanceId,Value=i-03b57928616a8d119 Key=InstanceName,Value=abfinance_95569_app11 Key=PurgeAfterFE,Value=1489260512 Key=PurgeAllow,Value=true Key=Volume,Value=vol-004d8faa59c222aa5 Key=Created,Value=1486668512
INSTANCE i-07edbc122c6a6ac80
INSTANCE NAME: abfinance_95569_app17
Tagging Snapshot snap-0847b6b2a81222e35 with the following Tags: Key=CreatedBy,Value=ec2-automate-backup Key=InstanceId,Value=i-07edbc122c6a6ac80 Key=InstanceName,Value=abfinance_95569_app17 Key=PurgeAfterFE,Value=1489260512 Key=PurgeAllow,Value=true Key=Volume,Value=vol-01b2522c2d2534299 Key=Created,Value=1486668512
INSTANCE i-07728f7b5bfbf498e
INSTANCE NAME: abfinance_95569_app25
Tagging Snapshot snap-02cb9b890662a263e with the following Tags: Key=CreatedBy,Value=ec2-automate-backup Key=InstanceId,Value=i-07728f7b5bfbf498e Key=InstanceName,Value=abfinance_95569_app25 Key=PurgeAfterFE,Value=1489260512 Key=PurgeAllow,Value=true Key=Volume,Value=vol-04b5c2f0495b27c68 Key=Created,Value=1486668512
INSTANCE i-0eb8007a14e67dab2
INSTANCE NAME: abfinance_95569_app27
Tagging Snapshot snap-09cb1bceec5a0b660 with the following Tags: Key=CreatedBy,Value=ec2-automate-backup Key=InstanceId,Value=i-0eb8007a14e67dab2 Key=InstanceName,Value=abfinance_95569_app27 Key=PurgeAfterFE,Value=1489260512 Key=PurgeAllow,Value=true Key=Volume,Value=vol-0dcf38ce3ae3a060a Key=Created,Value=1486668512
INSTANCE i-07728f7b5bfbf498e
INSTANCE NAME: abfinance_95569_app25
Tagging Snapshot snap-0103803bc8cf3f873 with the following Tags: Key=CreatedBy,Value=ec2-automate-backup Key=InstanceId,Value=i-07728f7b5bfbf498e Key=InstanceName,Value=abfinance_95569_app25 Key=PurgeAfterFE,Value=1489260512 Key=PurgeAllow,Value=true Key=Volume,Value=vol-0200a88c02cfb804d Key=Created,Value=1486668512
INSTANCE i-07705f35bff445c41
INSTANCE NAME: abfinance_95569_app07
Tagging Snapshot snap-0aa8176f674c231a4 with the following Tags: Key=CreatedBy,Value=ec2-automate-backup Key=InstanceId,Value=i-07705f35bff445c41 Key=InstanceName,Value=abfinance_95569_app07 Key=PurgeAfterFE,Value=1489260512 Key=PurgeAllow,Value=true Key=Volume,Value=vol-08bc36523beab866f Key=Created,Value=1486668512
INSTANCE i-033cd6848a0ee1ed5
INSTANCE NAME: abfinance_95569_app31
Tagging Snapshot snap-0a5ee82bb82e13086 with the following Tags: Key=CreatedBy,Value=ec2-automate-backup Key=InstanceId,Value=i-033cd6848a0ee1ed5 Key=InstanceName,Value=abfinance_95569_app31 Key=PurgeAfterFE,Value=1489260512 Key=PurgeAllow,Value=true Key=Volume,Value=vol-0f627f4a287f07de3 Key=Created,Value=1486668512
INSTANCE i-08b97f2fe53f80f22
INSTANCE NAME: abfinance_95569_app05
Tagging Snapshot snap-0807796895119b563 with the following Tags: Key=CreatedBy,Value=ec2-automate-backup Key=InstanceId,Value=i-08b97f2fe53f80f22 Key=InstanceName,Value=abfinance_95569_app05 Key=PurgeAfterFE,Value=1489260512 Key=PurgeAllow,Value=true Key=Volume,Value=vol-099c0fd92df48a286 Key=Created,Value=1486668512
INSTANCE i-038f55a947fe549b9
INSTANCE NAME: abfinance_95569_app29
Tagging Snapshot snap-03478f110f2f29526 with the following Tags: Key=CreatedBy,Value=ec2-automate-backup Key=InstanceId,Value=i-038f55a947fe549b9 Key=InstanceName,Value=abfinance_95569_app29 Key=PurgeAfterFE,Value=1489260512 Key=PurgeAllow,Value=true Key=Volume,Value=vol-086413bf696d0b35e Key=Created,Value=1486668512
INSTANCE i-038f55a947fe549b9
INSTANCE NAME: abfinance_95569_app29
Tagging Snapshot snap-073a0bfa15e6a67dc with the following Tags: Key=CreatedBy,Value=ec2-automate-backup Key=InstanceId,Value=i-038f55a947fe549b9 Key=InstanceName,Value=abfinance_95569_app29 Key=PurgeAfterFE,Value=1489260512 Key=PurgeAllow,Value=true Key=Volume,Value=vol-0fdaee4b23a29e129 Key=Created,Value=1486668512
INSTANCE i-0c74aacdacea37885
INSTANCE NAME: abfinance_95569_app35
Tagging Snapshot snap-063a15b4be0494ed4 with the following Tags: Key=CreatedBy,Value=ec2-automate-backup Key=InstanceId,Value=i-0c74aacdacea37885 Key=InstanceName,Value=abfinance_95569_app35 Key=PurgeAfterFE,Value=1489260512 Key=PurgeAllow,Value=true Key=Volume,Value=vol-072183b6a817893f7 Key=Created,Value=1486668512
INSTANCE i-0257be16b51727274
INSTANCE NAME: abfinance_95569_app01
Tagging Snapshot snap-09e4692dccf398aa1 with the following Tags: Key=CreatedBy,Value=ec2-automate-backup Key=InstanceId,Value=i-0257be16b51727274 Key=InstanceName,Value=abfinance_95569_app01 Key=PurgeAfterFE,Value=1489260512 Key=PurgeAllow,Value=true Key=Volume,Value=vol-09653c9b7d7cc8b5a Key=Created,Value=1486668512
INSTANCE i-0c74aacdacea37885
INSTANCE NAME: abfinance_95569_app35
Tagging Snapshot snap-05b672dbe3ab51a07 with the following Tags: Key=CreatedBy,Value=ec2-automate-backup Key=InstanceId,Value=i-0c74aacdacea37885 Key=InstanceName,Value=abfinance_95569_app35 Key=PurgeAfterFE,Value=1489260512 Key=PurgeAllow,Value=true Key=Volume,Value=vol-090f117c456e8e47c Key=Created,Value=1486668512
INSTANCE i-033cd6848a0ee1ed5
INSTANCE NAME: abfinance_95569_app31
Tagging Snapshot snap-04b2954b96a792011 with the following Tags: Key=CreatedBy,Value=ec2-automate-backup Key=InstanceId,Value=i-033cd6848a0ee1ed5 Key=InstanceName,Value=abfinance_95569_app31 Key=PurgeAfterFE,Value=1489260512 Key=PurgeAllow,Value=true Key=Volume,Value=vol-0f44e3615bdc25730 Key=Created,Value=1486668512
INSTANCE i-0f829d60597e5c715
INSTANCE NAME: abfinance_95569_app33
Tagging Snapshot snap-06b8a9f70d004182f with the following Tags: Key=CreatedBy,Value=ec2-automate-backup Key=InstanceId,Value=i-0f829d60597e5c715 Key=InstanceName,Value=abfinance_95569_app33 Key=PurgeAfterFE,Value=1489260512 Key=PurgeAllow,Value=true Key=Volume,Value=vol-0eb8e231a42b429a3 Key=Created,Value=1486668512
INSTANCE i-0f829d60597e5c715
INSTANCE NAME: abfinance_95569_app33
Tagging Snapshot snap-0cef02f3d34500896 with the following Tags: Key=CreatedBy,Value=ec2-automate-backup Key=InstanceId,Value=i-0f829d60597e5c715 Key=InstanceName,Value=abfinance_95569_app33 Key=PurgeAfterFE,Value=1489260512 Key=PurgeAllow,Value=true Key=Volume,Value=vol-0380591138b2bac42 Key=Created,Value=1486668512
INSTANCE i-00737f9ceeaad86d1
INSTANCE NAME: abfinance_95569_app03
Tagging Snapshot snap-0f52cdc8bc300bdea with the following Tags: Key=CreatedBy,Value=ec2-automate-backup Key=InstanceId,Value=i-00737f9ceeaad86d1 Key=InstanceName,Value=abfinance_95569_app03 Key=PurgeAfterFE,Value=1489260512 Key=PurgeAllow,Value=true Key=Volume,Value=vol-0d4af25a0758d6113 Key=Created,Value=1486668512
INSTANCE i-00737f9ceeaad86d1
INSTANCE NAME: abfinance_95569_app03
Tagging Snapshot snap-0775dbc49195aca7e with the following Tags: Key=CreatedBy,Value=ec2-automate-backup Key=InstanceId,Value=i-00737f9ceeaad86d1 Key=InstanceName,Value=abfinance_95569_app03 Key=PurgeAfterFE,Value=1489260512 Key=PurgeAllow,Value=true Key=Volume,Value=vol-08c55b678a9fff5df Key=Created,Value=1486668512
INSTANCE i-08b97f2fe53f80f22
INSTANCE NAME: abfinance_95569_app05
Tagging Snapshot snap-0b0cacd9fc9c3777a with the following Tags: Key=CreatedBy,Value=ec2-automate-backup Key=InstanceId,Value=i-08b97f2fe53f80f22 Key=InstanceName,Value=abfinance_95569_app05 Key=PurgeAfterFE,Value=1489260512 Key=PurgeAllow,Value=true Key=Volume,Value=vol-00ab47222a671a9a3 Key=Created,Value=1486668512
INSTANCE i-0723ff9b3e8e40be7
INSTANCE NAME: abfinance_95569_app37
Tagging Snapshot snap-0759ddc2f7186d4c1 with the following Tags: Key=CreatedBy,Value=ec2-automate-backup Key=InstanceId,Value=i-0723ff9b3e8e40be7 Key=InstanceName,Value=abfinance_95569_app37 Key=PurgeAfterFE,Value=1489260512 Key=PurgeAllow,Value=true Key=Volume,Value=vol-0281762adebc253ea Key=Created,Value=1486668512
INSTANCE i-0257be16b51727274
INSTANCE NAME: abfinance_95569_app01
Tagging Snapshot snap-0d8b9bcc5bc0f857f with the following Tags: Key=CreatedBy,Value=ec2-automate-backup Key=InstanceId,Value=i-0257be16b51727274 Key=InstanceName,Value=abfinance_95569_app01 Key=PurgeAfterFE,Value=1489260512 Key=PurgeAllow,Value=true Key=Volume,Value=vol-0d8e0588b2630dc6f Key=Created,Value=1486668512
INSTANCE i-07705f35bff445c41
INSTANCE NAME: abfinance_95569_app07
Tagging Snapshot snap-023c1c5d6431ff1c0 with the following Tags: Key=CreatedBy,Value=ec2-automate-backup Key=InstanceId,Value=i-07705f35bff445c41 Key=InstanceName,Value=abfinance_95569_app07 Key=PurgeAfterFE,Value=1489260512 Key=PurgeAllow,Value=true Key=Volume,Value=vol-061fdd835777e319c Key=Created,Value=1486668512
INSTANCE i-0723ff9b3e8e40be7
INSTANCE NAME: abfinance_95569_app37
Tagging Snapshot snap-0e26f6ffce585201a with the following Tags: Key=CreatedBy,Value=ec2-automate-backup Key=InstanceId,Value=i-0723ff9b3e8e40be7 Key=InstanceName,Value=abfinance_95569_app37 Key=PurgeAfterFE,Value=1489260512 Key=PurgeAllow,Value=true Key=Volume,Value=vol-0b7b3d56950413d9b Key=Created,Value=1486668512
INSTANCE i-0f705ab54239a1f52
INSTANCE NAME: abfinance_95569_qyyxapp05
Tagging Snapshot snap-0005459b916ef00e0 with the following Tags: Key=CreatedBy,Value=ec2-automate-backup Key=InstanceId,Value=i-0f705ab54239a1f52 Key=InstanceName,Value=abfinance_95569_qyyxapp05 Key=PurgeAfterFE,Value=1489260512 Key=PurgeAllow,Value=true Key=Volume,Value=vol-09d6b1837b615adf0 Key=Created,Value=1486668512
INSTANCE i-04a60b0759f7eb2ac
INSTANCE NAME: abfinance_95569_qyyxapp01
Tagging Snapshot snap-029d30de1df3f7ba8 with the following Tags: Key=CreatedBy,Value=ec2-automate-backup Key=InstanceId,Value=i-04a60b0759f7eb2ac Key=InstanceName,Value=abfinance_95569_qyyxapp01 Key=PurgeAfterFE,Value=1489260512 Key=PurgeAllow,Value=true Key=Volume,Value=vol-0ab00cc4b064066fb Key=Created,Value=1486668512
INSTANCE i-0b94ec86e798d7437
INSTANCE NAME: abfinance_95569_qyyxapp03
Tagging Snapshot snap-0430c44630a30240a with the following Tags: Key=CreatedBy,Value=ec2-automate-backup Key=InstanceId,Value=i-0b94ec86e798d7437 Key=InstanceName,Value=abfinance_95569_qyyxapp03 Key=PurgeAfterFE,Value=1489260512 Key=PurgeAllow,Value=true Key=Volume,Value=vol-02fe979ffb7dc9b91 Key=Created,Value=1486668512
INSTANCE i-0f705ab54239a1f52
INSTANCE NAME: abfinance_95569_qyyxapp05
Tagging Snapshot snap-0abce32224280115d with the following Tags: Key=CreatedBy,Value=ec2-automate-backup Key=InstanceId,Value=i-0f705ab54239a1f52 Key=InstanceName,Value=abfinance_95569_qyyxapp05 Key=PurgeAfterFE,Value=1489260512 Key=PurgeAllow,Value=true Key=Volume,Value=vol-0b8edb31bd17a1ded Key=Created,Value=1486668512
INSTANCE i-04a60b0759f7eb2ac
INSTANCE NAME: abfinance_95569_qyyxapp01
Tagging Snapshot snap-055378c512b52a252 with the following Tags: Key=CreatedBy,Value=ec2-automate-backup Key=InstanceId,Value=i-04a60b0759f7eb2ac Key=InstanceName,Value=abfinance_95569_qyyxapp01 Key=PurgeAfterFE,Value=1489260512 Key=PurgeAllow,Value=true Key=Volume,Value=vol-0966ecafbcd12b336 Key=Created,Value=1486668512
INSTANCE i-0b94ec86e798d7437
INSTANCE NAME: abfinance_95569_qyyxapp03
Tagging Snapshot snap-0e23b583342941331 with the following Tags: Key=CreatedBy,Value=ec2-automate-backup Key=InstanceId,Value=i-0b94ec86e798d7437 Key=InstanceName,Value=abfinance_95569_qyyxapp03 Key=PurgeAfterFE,Value=1489260512 Key=PurgeAllow,Value=true Key=Volume,Value=vol-037854b3916095873 Key=Created,Value=1486668512
INSTANCE i-04a06b4c7bf9d94e3
INSTANCE NAME: abfinance_95569_qyyxapp07
Tagging Snapshot snap-032fb498926e0db16 with the following Tags: Key=CreatedBy,Value=ec2-automate-backup Key=InstanceId,Value=i-04a06b4c7bf9d94e3 Key=InstanceName,Value=abfinance_95569_qyyxapp07 Key=PurgeAfterFE,Value=1489260512 Key=PurgeAllow,Value=true Key=Volume,Value=vol-0c00fa4c526514642 Key=Created,Value=1486668512
INSTANCE i-04a06b4c7bf9d94e3
INSTANCE NAME: abfinance_95569_qyyxapp07
Tagging Snapshot snap-0fe1b355686f97f29 with the following Tags: Key=CreatedBy,Value=ec2-automate-backup Key=InstanceId,Value=i-04a06b4c7bf9d94e3 Key=InstanceName,Value=abfinance_95569_qyyxapp07 Key=PurgeAfterFE,Value=1489260512 Key=PurgeAllow,Value=true Key=Volume,Value=vol-0224e39c7f51f325d Key=Created,Value=1486668512
INSTANCE i-0e3788bfe6f90f34c
INSTANCE NAME: abfinance_95569_db01
Tagging Snapshot snap-0d6c4c52a3890c6a9 with the following Tags: Key=CreatedBy,Value=ec2-automate-backup Key=InstanceId,Value=i-0e3788bfe6f90f34c Key=InstanceName,Value=abfinance_95569_db01 Key=PurgeAfterFE,Value=1489260512 Key=PurgeAllow,Value=true Key=Volume,Value=vol-07eeda4b057720025 Key=Created,Value=1486668512
INSTANCE i-0e3788bfe6f90f34c
INSTANCE NAME: abfinance_95569_db01
Tagging Snapshot snap-0f0cdaa52fb727b4b with the following Tags: Key=CreatedBy,Value=ec2-automate-backup Key=InstanceId,Value=i-0e3788bfe6f90f34c Key=InstanceName,Value=abfinance_95569_db01 Key=PurgeAfterFE,Value=1489260512 Key=PurgeAllow,Value=true Key=Volume,Value=vol-08ae7f3e7ca5aba00 Key=Created,Value=1486668512
INSTANCE i-0e3788bfe6f90f34c
INSTANCE NAME: abfinance_95569_db01
Tagging Snapshot snap-0cad146d7dee051ff with the following Tags: Key=CreatedBy,Value=ec2-automate-backup Key=InstanceId,Value=i-0e3788bfe6f90f34c Key=InstanceName,Value=abfinance_95569_db01 Key=PurgeAfterFE,Value=1489260512 Key=PurgeAllow,Value=true Key=Volume,Value=vol-080136fd0268ba249 Key=Created,Value=1486668512
INSTANCE i-0e3788bfe6f90f34c
INSTANCE NAME: abfinance_95569_db01
Tagging Snapshot snap-04636615fe6bfe2fb with the following Tags: Key=CreatedBy,Value=ec2-automate-backup Key=InstanceId,Value=i-0e3788bfe6f90f34c Key=InstanceName,Value=abfinance_95569_db01 Key=PurgeAfterFE,Value=1489260512 Key=PurgeAllow,Value=true Key=Volume,Value=vol-0e39a5064691379ba Key=Created,Value=1486668512
INSTANCE i-00a83f954cf74b49c
INSTANCE NAME: abfinance_top20_ubuntu_db01
Tagging Snapshot snap-05cdf3ee27918e512 with the following Tags: Key=CreatedBy,Value=ec2-automate-backup Key=InstanceId,Value=i-00a83f954cf74b49c Key=InstanceName,Value=abfinance_top20_ubuntu_db01 Key=PurgeAfterFE,Value=1489260512 Key=PurgeAllow,Value=true Key=Volume,Value=vol-00650e414cf107b17 Key=Created,Value=1486668512
INSTANCE i-0c216734d128c6375
INSTANCE NAME: abfinance_top20_ubuntu_app03
Tagging Snapshot snap-09c2f7721b67a01bc with the following Tags: Key=CreatedBy,Value=ec2-automate-backup Key=InstanceId,Value=i-0c216734d128c6375 Key=InstanceName,Value=abfinance_top20_ubuntu_app03 Key=PurgeAfterFE,Value=1489260512 Key=PurgeAllow,Value=true Key=Volume,Value=vol-0f763f4259c95c9b5 Key=Created,Value=1486668512
INSTANCE i-0c216734d128c6375
INSTANCE NAME: abfinance_top20_ubuntu_app03
Tagging Snapshot snap-0a1ac2f4010d851e0 with the following Tags: Key=CreatedBy,Value=ec2-automate-backup Key=InstanceId,Value=i-0c216734d128c6375 Key=InstanceName,Value=abfinance_top20_ubuntu_app03 Key=PurgeAfterFE,Value=1489260512 Key=PurgeAllow,Value=true Key=Volume,Value=vol-0cd52f41e2b7d8e0a Key=Created,Value=1486668512
INSTANCE i-00a83f954cf74b49c
INSTANCE NAME: abfinance_top20_ubuntu_db01
Tagging Snapshot snap-02bda324824dbd9d8 with the following Tags: Key=CreatedBy,Value=ec2-automate-backup Key=InstanceId,Value=i-00a83f954cf74b49c Key=InstanceName,Value=abfinance_top20_ubuntu_db01 Key=PurgeAfterFE,Value=1489260512 Key=PurgeAllow,Value=true Key=Volume,Value=vol-02af501b13bf54b0e Key=Created,Value=1486668512
INSTANCE i-00a83f954cf74b49c
INSTANCE NAME: abfinance_top20_ubuntu_db01
Tagging Snapshot snap-097f1e77261c98b4b with the following Tags: Key=CreatedBy,Value=ec2-automate-backup Key=InstanceId,Value=i-00a83f954cf74b49c Key=InstanceName,Value=abfinance_top20_ubuntu_db01 Key=PurgeAfterFE,Value=1489260512 Key=PurgeAllow,Value=true Key=Volume,Value=vol-0bee7854c001f0356 Key=Created,Value=1486668512
INSTANCE i-0c216734d128c6375
INSTANCE NAME: abfinance_top20_ubuntu_app03
Tagging Snapshot snap-0875e9830639766b7 with the following Tags: Key=CreatedBy,Value=ec2-automate-backup Key=InstanceId,Value=i-0c216734d128c6375 Key=InstanceName,Value=abfinance_top20_ubuntu_app03 Key=PurgeAfterFE,Value=1489260512 Key=PurgeAllow,Value=true Key=Volume,Value=vol-0cc56bc37e58a69f8 Key=Created,Value=1486668512
INSTANCE i-0c216734d128c6375
INSTANCE NAME: abfinance_top20_ubuntu_app03
Tagging Snapshot snap-04d5b56695100653c with the following Tags: Key=CreatedBy,Value=ec2-automate-backup Key=InstanceId,Value=i-0c216734d128c6375 Key=InstanceName,Value=abfinance_top20_ubuntu_app03 Key=PurgeAfterFE,Value=1489260512 Key=PurgeAllow,Value=true Key=Volume,Value=vol-07fdebcf5a0e444be Key=Created,Value=1486668512
INSTANCE i-00a83f954cf74b49c
INSTANCE NAME: abfinance_top20_ubuntu_db01
Tagging Snapshot snap-0d9ccd0fc236ff5f7 with the following Tags: Key=CreatedBy,Value=ec2-automate-backup Key=InstanceId,Value=i-00a83f954cf74b49c Key=InstanceName,Value=abfinance_top20_ubuntu_db01 Key=PurgeAfterFE,Value=1489260512 Key=PurgeAllow,Value=true Key=Volume,Value=vol-0689fe07556ce52b6 Key=Created,Value=1486668512
INSTANCE i-00a83f954cf74b49c
INSTANCE NAME: abfinance_top20_ubuntu_db01
Tagging Snapshot snap-03db8d46631f42f3b with the following Tags: Key=CreatedBy,Value=ec2-automate-backup Key=InstanceId,Value=i-00a83f954cf74b49c Key=InstanceName,Value=abfinance_top20_ubuntu_db01 Key=PurgeAfterFE,Value=1489260512 Key=PurgeAllow,Value=true Key=Volume,Value=vol-06d9a2487a760806c Key=Created,Value=1486668512
INSTANCE i-09614d304ca622c2e
INSTANCE NAME: abfinance_db01
Tagging Snapshot snap-0fcccc6538a532704 with the following Tags: Key=CreatedBy,Value=ec2-automate-backup Key=InstanceId,Value=i-09614d304ca622c2e Key=InstanceName,Value=abfinance_db01 Key=PurgeAfterFE,Value=1489260512 Key=PurgeAllow,Value=true Key=Volume,Value=vol-0c7bfa0ebf99f741e Key=Created,Value=1486668512
INSTANCE i-09614d304ca622c2e
INSTANCE NAME: abfinance_db01
Tagging Snapshot snap-054b60197794158e9 with the following Tags: Key=CreatedBy,Value=ec2-automate-backup Key=InstanceId,Value=i-09614d304ca622c2e Key=InstanceName,Value=abfinance_db01 Key=PurgeAfterFE,Value=1489260512 Key=PurgeAllow,Value=true Key=Volume,Value=vol-07864df19d9ea6dd1 Key=Created,Value=1486668512
INSTANCE i-09614d304ca622c2e
INSTANCE NAME: abfinance_db01
Tagging Snapshot snap-0833d7f93c8509d6d with the following Tags: Key=CreatedBy,Value=ec2-automate-backup Key=InstanceId,Value=i-09614d304ca622c2e Key=InstanceName,Value=abfinance_db01 Key=PurgeAfterFE,Value=1489260512 Key=PurgeAllow,Value=true Key=Volume,Value=vol-076d04fffdc647343 Key=Created,Value=1486668512
INSTANCE i-09614d304ca622c2e
INSTANCE NAME: abfinance_db01
Tagging Snapshot snap-0c8c2020670be4e73 with the following Tags: Key=CreatedBy,Value=ec2-automate-backup Key=InstanceId,Value=i-09614d304ca622c2e Key=InstanceName,Value=abfinance_db01 Key=PurgeAfterFE,Value=1489260512 Key=PurgeAllow,Value=true Key=Volume,Value=vol-0f6a730738cff2c86 Key=Created,Value=1486668512
INSTANCE i-084540b57e4187648
INSTANCE NAME: abfinance_fileshare01
Tagging Snapshot snap-087246eab2ac87bb3 with the following Tags: Key=CreatedBy,Value=ec2-automate-backup Key=InstanceId,Value=i-084540b57e4187648 Key=InstanceName,Value=abfinance_fileshare01 Key=PurgeAfterFE,Value=1489260512 Key=PurgeAllow,Value=true Key=Volume,Value=vol-0fabf5c1d62646d8a Key=Created,Value=1486668512
INSTANCE i-084540b57e4187648
INSTANCE NAME: abfinance_fileshare01
Tagging Snapshot snap-0538e9874d6aa704a with the following Tags: Key=CreatedBy,Value=ec2-automate-backup Key=InstanceId,Value=i-084540b57e4187648 Key=InstanceName,Value=abfinance_fileshare01 Key=PurgeAfterFE,Value=1489260512 Key=PurgeAllow,Value=true Key=Volume,Value=vol-03e0f7adfeb97a6d9 Key=Created,Value=1486668512
INSTANCE i-009d3dba5cea1a5fd
INSTANCE NAME: abfinance_lcb_admin01
Tagging Snapshot snap-059b0171e0fbefc5c with the following Tags: Key=CreatedBy,Value=ec2-automate-backup Key=InstanceId,Value=i-009d3dba5cea1a5fd Key=InstanceName,Value=abfinance_lcb_admin01 Key=PurgeAfterFE,Value=1489260512 Key=PurgeAllow,Value=true Key=Volume,Value=vol-08e53cbca7fc7d50f Key=Created,Value=1486668512
INSTANCE i-009d3dba5cea1a5fd
INSTANCE NAME: abfinance_lcb_admin01
Tagging Snapshot snap-0502fc666404d4d61 with the following Tags: Key=CreatedBy,Value=ec2-automate-backup Key=InstanceId,Value=i-009d3dba5cea1a5fd Key=InstanceName,Value=abfinance_lcb_admin01 Key=PurgeAfterFE,Value=1489260512 Key=PurgeAllow,Value=true Key=Volume,Value=vol-070270ceedb98dca2 Key=Created,Value=1486668512
INSTANCE i-0c692d9224afa0bfa
INSTANCE NAME: abfinance_lcb_production01
Tagging Snapshot snap-03936c8e03738560d with the following Tags: Key=CreatedBy,Value=ec2-automate-backup Key=InstanceId,Value=i-0c692d9224afa0bfa Key=InstanceName,Value=abfinance_lcb_production01 Key=PurgeAfterFE,Value=1489260512 Key=PurgeAllow,Value=true Key=Volume,Value=vol-03b3d8c0e1cadf8c1 Key=Created,Value=1486668512
INSTANCE i-0e36e12e65d6b4a4e
INSTANCE NAME: abfinance_lcb_sales01
Tagging Snapshot snap-08b6625838bf20c5f with the following Tags: Key=CreatedBy,Value=ec2-automate-backup Key=InstanceId,Value=i-0e36e12e65d6b4a4e Key=InstanceName,Value=abfinance_lcb_sales01 Key=PurgeAfterFE,Value=1489260512 Key=PurgeAllow,Value=true Key=Volume,Value=vol-08e5740f9ae393ab6 Key=Created,Value=1486668512
INSTANCE i-0c692d9224afa0bfa
INSTANCE NAME: abfinance_lcb_production01
Tagging Snapshot snap-0b88a3c495d2a30fe with the following Tags: Key=CreatedBy,Value=ec2-automate-backup Key=InstanceId,Value=i-0c692d9224afa0bfa Key=InstanceName,Value=abfinance_lcb_production01 Key=PurgeAfterFE,Value=1489260512 Key=PurgeAllow,Value=true Key=Volume,Value=vol-0734128d6832a8b05 Key=Created,Value=1486668512
INSTANCE i-09c2eabe897e928a7
INSTANCE NAME: abfinance_lcb_webview01
Tagging Snapshot snap-00b0458eb67e9b0bd with the following Tags: Key=CreatedBy,Value=ec2-automate-backup Key=InstanceId,Value=i-09c2eabe897e928a7 Key=InstanceName,Value=abfinance_lcb_webview01 Key=PurgeAfterFE,Value=1489260512 Key=PurgeAllow,Value=true Key=Volume,Value=vol-08656f7f1440aa14a Key=Created,Value=1486668512
INSTANCE i-09c2eabe897e928a7
INSTANCE NAME: abfinance_lcb_webview01
Tagging Snapshot snap-09bbd752e0fc9981a with the following Tags: Key=CreatedBy,Value=ec2-automate-backup Key=InstanceId,Value=i-09c2eabe897e928a7 Key=InstanceName,Value=abfinance_lcb_webview01 Key=PurgeAfterFE,Value=1489260512 Key=PurgeAllow,Value=true Key=Volume,Value=vol-0aa81463a2ad03c7a Key=Created,Value=1486668512
INSTANCE i-0518c045d2be93427
INSTANCE NAME: abfinance_nat01
Tagging Snapshot snap-04eb7aa2162effa47 with the following Tags: Key=CreatedBy,Value=ec2-automate-backup Key=InstanceId,Value=i-0518c045d2be93427 Key=InstanceName,Value=abfinance_nat01 Key=PurgeAfterFE,Value=1489260512 Key=PurgeAllow,Value=true Key=Volume,Value=vol-0d9130bb61c0d4c56 Key=Created,Value=1486668512
INSTANCE i-0e36e12e65d6b4a4e
INSTANCE NAME: abfinance_lcb_sales01
Tagging Snapshot snap-0f447e4910e7fa1d7 with the following Tags: Key=CreatedBy,Value=ec2-automate-backup Key=InstanceId,Value=i-0e36e12e65d6b4a4e Key=InstanceName,Value=abfinance_lcb_sales01 Key=PurgeAfterFE,Value=1489260512 Key=PurgeAllow,Value=true Key=Volume,Value=vol-023127c32f4b64e52 Key=Created,Value=1486668512
INSTANCE i-0518c045d2be93427
INSTANCE NAME: abfinance_nat01
Tagging Snapshot snap-071fd1cda85ade2a9 with the following Tags: Key=CreatedBy,Value=ec2-automate-backup Key=InstanceId,Value=i-0518c045d2be93427 Key=InstanceName,Value=abfinance_nat01 Key=PurgeAfterFE,Value=1489260512 Key=PurgeAllow,Value=true Key=Volume,Value=vol-0528c98fb329dffea Key=Created,Value=1486668512
INSTANCE i-038656cd0a5878996
INSTANCE NAME: abfinance_lcb_webview03
Tagging Snapshot snap-059d3555956649759 with the following Tags: Key=CreatedBy,Value=ec2-automate-backup Key=InstanceId,Value=i-038656cd0a5878996 Key=InstanceName,Value=abfinance_lcb_webview03 Key=PurgeAfterFE,Value=1489260512 Key=PurgeAllow,Value=true Key=Volume,Value=vol-029a78effd0af4174 Key=Created,Value=1486668512
INSTANCE i-038656cd0a5878996
INSTANCE NAME: abfinance_lcb_webview03
Tagging Snapshot snap-0d21f21f29e9ba68f with the following Tags: Key=CreatedBy,Value=ec2-automate-backup Key=InstanceId,Value=i-038656cd0a5878996 Key=InstanceName,Value=abfinance_lcb_webview03 Key=PurgeAfterFE,Value=1489260512 Key=PurgeAllow,Value=true Key=Volume,Value=vol-0f119584d4b9ada06 Key=Created,Value=1486668512
INSTANCE i-071c0e09746a7cab2
INSTANCE NAME: abfinance_top20_ubuntu_app01
Tagging Snapshot snap-065eec848632f9332 with the following Tags: Key=CreatedBy,Value=ec2-automate-backup Key=InstanceId,Value=i-071c0e09746a7cab2 Key=InstanceName,Value=abfinance_top20_ubuntu_app01 Key=PurgeAfterFE,Value=1489260512 Key=PurgeAllow,Value=true Key=Volume,Value=vol-028c8b322e5479cf7 Key=Created,Value=1486668512
INSTANCE i-071c0e09746a7cab2
INSTANCE NAME: abfinance_top20_ubuntu_app01
Tagging Snapshot snap-05f570f8593798f78 with the following Tags: Key=CreatedBy,Value=ec2-automate-backup Key=InstanceId,Value=i-071c0e09746a7cab2 Key=InstanceName,Value=abfinance_top20_ubuntu_app01 Key=PurgeAfterFE,Value=1489260512 Key=PurgeAllow,Value=true Key=Volume,Value=vol-07635e1c11c362ee7 Key=Created,Value=1486668512
INSTANCE i-071c0e09746a7cab2
INSTANCE NAME: abfinance_top20_ubuntu_app01
Tagging Snapshot snap-07a9c83c19a4b6bbf with the following Tags: Key=CreatedBy,Value=ec2-automate-backup Key=InstanceId,Value=i-071c0e09746a7cab2 Key=InstanceName,Value=abfinance_top20_ubuntu_app01 Key=PurgeAfterFE,Value=1489260512 Key=PurgeAllow,Value=true Key=Volume,Value=vol-04f6f153979ec4e04 Key=Created,Value=1486668512
INSTANCE i-071c0e09746a7cab2
INSTANCE NAME: abfinance_top20_ubuntu_app01
Tagging Snapshot snap-0317bf558ca8738bd with the following Tags: Key=CreatedBy,Value=ec2-automate-backup Key=InstanceId,Value=i-071c0e09746a7cab2 Key=InstanceName,Value=abfinance_top20_ubuntu_app01 Key=PurgeAfterFE,Value=1489260512 Key=PurgeAllow,Value=true Key=Volume,Value=vol-05313c753118b3f0e Key=Created,Value=1486668512
INSTANCE i-04301c43465272923
INSTANCE NAME: abfinance_top20_ubuntu_app05
Tagging Snapshot snap-0efa429d68c36f705 with the following Tags: Key=CreatedBy,Value=ec2-automate-backup Key=InstanceId,Value=i-04301c43465272923 Key=InstanceName,Value=abfinance_top20_ubuntu_app05 Key=PurgeAfterFE,Value=1489260512 Key=PurgeAllow,Value=true Key=Volume,Value=vol-042ff0cf25d5159f1 Key=Created,Value=1486668512
INSTANCE i-04301c43465272923
INSTANCE NAME: abfinance_top20_ubuntu_app05
Tagging Snapshot snap-009badb9fff48a7e1 with the following Tags: Key=CreatedBy,Value=ec2-automate-backup Key=InstanceId,Value=i-04301c43465272923 Key=InstanceName,Value=abfinance_top20_ubuntu_app05 Key=PurgeAfterFE,Value=1489260512 Key=PurgeAllow,Value=true Key=Volume,Value=vol-000debe3735b701da Key=Created,Value=1486668512
INSTANCE i-04301c43465272923
INSTANCE NAME: abfinance_top20_ubuntu_app05
Tagging Snapshot snap-065476bf634851047 with the following Tags: Key=CreatedBy,Value=ec2-automate-backup Key=InstanceId,Value=i-04301c43465272923 Key=InstanceName,Value=abfinance_top20_ubuntu_app05 Key=PurgeAfterFE,Value=1489260512 Key=PurgeAllow,Value=true Key=Volume,Value=vol-01bc3463f6ddd3d8d Key=Created,Value=1486668512
INSTANCE i-04301c43465272923
INSTANCE NAME: abfinance_top20_ubuntu_app05
Tagging Snapshot snap-01f7063713d5f3346 with the following Tags: Key=CreatedBy,Value=ec2-automate-backup Key=InstanceId,Value=i-04301c43465272923 Key=InstanceName,Value=abfinance_top20_ubuntu_app05 Key=PurgeAfterFE,Value=1489260512 Key=PurgeAllow,Value=true Key=Volume,Value=vol-0ce01a4e917347781 Key=Created,Value=1486668512
Snapshot Purging is Starting Now.
Snapshot "snap-0a89e1c4e762e0cb5" with the PurgeAfterFE date of "1486668448" will be deleted.
Snapshot "snap-08d6f154dc46acd88" with the PurgeAfterFE date of "1486668448" will be deleted.
Snapshot "snap-0d179b530040428c0" with the PurgeAfterFE date of "1486668448" will be deleted.
Snapshot "snap-0605e4434e1338e2a" with the PurgeAfterFE date of "1486668448" will be deleted.
Snapshot "snap-07285942f9cd7316e" with the PurgeAfterFE date of "1486668448" will be deleted.
Snapshot "snap-01ec8ae98793f9b57" with the PurgeAfterFE date of "1486668448" will be deleted.
Snapshot "snap-0fac4c6cf7d5f14e2" with the PurgeAfterFE date of "1486668448" will be deleted.
Snapshot "snap-0e14cdf08300359fc" with the PurgeAfterFE date of "1486668448" will be deleted.
Snapshot "snap-08c7e952397a31528" with the PurgeAfterFE date of "1486668448" will be deleted.
Snapshot "snap-05fd6bde7e5597b07" with the PurgeAfterFE date of "1486668448" will be deleted.
Snapshot "snap-0f0d3cbe62f8a860f" with the PurgeAfterFE date of "1486668448" will be deleted.
Snapshot "snap-0259097250fbdf0a9" with the PurgeAfterFE date of "1486668448" will be deleted.
Snapshot "snap-03f7e18500c6f1284" with the PurgeAfterFE date of "1486668448" will be deleted.
Snapshot "snap-061851397cd152fd6" with the PurgeAfterFE date of "1486668448" will be deleted.
Snapshot "snap-07a86c964bb8c4d2d" with the PurgeAfterFE date of "1486668448" will be deleted.
Snapshot "snap-0981f470bcb3ee559" with the PurgeAfterFE date of "1486668448" will be deleted.
Snapshot "snap-0cd02f59864bc12b9" with the PurgeAfterFE date of "1486668448" will be deleted.
Snapshot "snap-0ae63638f6e4e848a" with the PurgeAfterFE date of "1486668448" will be deleted.
Snapshot "snap-01d4b33e03dae997a" with the PurgeAfterFE date of "1486668448" will be deleted.
Snapshot "snap-0f9f75f0e35dd5bd1" with the PurgeAfterFE date of "1486668448" will be deleted.
Snapshot "snap-06c0c0979828b633b" with the PurgeAfterFE date of "1486668448" will be deleted.
Snapshot "snap-0ea61d0cdae43dd82" with the PurgeAfterFE date of "1486668448" will be deleted.
Snapshot "snap-07840de0024ae28a4" with the PurgeAfterFE date of "1486668448" will be deleted.
Snapshot "snap-06e8ad040a5dfe844" with the PurgeAfterFE date of "1486668448" will be deleted.
Snapshot "snap-0c4605ac485f65f05" with the PurgeAfterFE date of "1486668448" will be deleted.
Snapshot "snap-024f73cfa273a2ce4" with the PurgeAfterFE date of "1486668448" will be deleted.
Snapshot "snap-009aa37a87f3c8bc0" with the PurgeAfterFE date of "1486668448" will be deleted.
Snapshot "snap-000a3b8251f111292" with the PurgeAfterFE date of "1486668448" will be deleted.
Snapshot "snap-0db5c71460b3b85b3" with the PurgeAfterFE date of "1486668448" will be deleted.
Snapshot "snap-09ff88835bb6c7b4f" with the PurgeAfterFE date of "1486668448" will be deleted.
Snapshot "snap-0ff7921c303203a00" with the PurgeAfterFE date of "1486668448" will be deleted.
Snapshot "snap-0c9bbf0ce26210972" with the PurgeAfterFE date of "1486668448" will be deleted.
Snapshot "snap-07b2d5f8e5dc8f6d7" with the PurgeAfterFE date of "1486668448" will be deleted.
Snapshot "snap-0d84fea76fad9bd8e" with the PurgeAfterFE date of "1486668448" will be deleted.
Snapshot "snap-0c10b96b782c31dac" with the PurgeAfterFE date of "1486668448" will be deleted.
Snapshot "snap-01693202564ff36ca" with the PurgeAfterFE date of "1486668448" will be deleted.
Snapshot "snap-09ddb2c678d0f0994" with the PurgeAfterFE date of "1486668448" will be deleted.
Snapshot "snap-0d68e3fbbca8183a1" with the PurgeAfterFE date of "1486668448" will be deleted.
Snapshot "snap-093ebb55b94a6d7de" with the PurgeAfterFE date of "1486668448" will be deleted.
Snapshot "snap-05385b67393c0c4b6" with the PurgeAfterFE date of "1486668448" will be deleted.
Snapshot "snap-0603a30ba55783e4b" with the PurgeAfterFE date of "1486668448" will be deleted.
Snapshot "snap-071007d4191f66ada" with the PurgeAfterFE date of "1486668448" will be deleted.
Snapshot "snap-093d12f1b2b748bd6" with the PurgeAfterFE date of "1486668448" will be deleted.
Snapshot "snap-0e0d8a126f0ae6bc1" with the PurgeAfterFE date of "1486668448" will be deleted.
Snapshot "snap-04b80af5c5d984801" with the PurgeAfterFE date of "1486668448" will be deleted.
Snapshot "snap-0cee7c5a64e7f36f1" with the PurgeAfterFE date of "1486668448" will be deleted.
Snapshot "snap-0b6a48baa67b529a2" with the PurgeAfterFE date of "1486668448" will be deleted.
Snapshot "snap-0f90ba816998b4fe6" with the PurgeAfterFE date of "1486668448" will be deleted.
Snapshot "snap-0624970053d51e8f0" with the PurgeAfterFE date of "1486668448" will be deleted.
Snapshot "snap-0fbf5f79f8919225b" with the PurgeAfterFE date of "1486668448" will be deleted.
Snapshot "snap-05e42918b377bda9d" with the PurgeAfterFE date of "1486668448" will be deleted.
Snapshot "snap-0a44d76bbff134c05" with the PurgeAfterFE date of "1486668448" will be deleted.
Snapshot "snap-0a7ce4fe699f62e7f" with the PurgeAfterFE date of "1486668448" will be deleted.
Snapshot "snap-053543d9b58132e9f" with the PurgeAfterFE date of "1486668448" will be deleted.
Snapshot "snap-01926d104289e0b74" with the PurgeAfterFE date of "1486668448" will be deleted.
Snapshot "snap-0529c273be0eefa75" with the PurgeAfterFE date of "1486668448" will be deleted.
Snapshot "snap-0d16eb4cf11cda8fe" with the PurgeAfterFE date of "1486668448" will be deleted.
Snapshot "snap-0b4a31bb4d389f090" with the PurgeAfterFE date of "1486668448" will be deleted.
Snapshot "snap-013f9e8e0e31d792c" with the PurgeAfterFE date of "1486668448" will be deleted.
Snapshot "snap-03ff111b5e0be07a3" with the PurgeAfterFE date of "1486668448" will be deleted.
Snapshot "snap-0fcf4b6cd1c8540b4" with the PurgeAfterFE date of "1486668448" will be deleted.
Snapshot "snap-0c3e6602dcce5d429" with the PurgeAfterFE date of "1486668448" will be deleted.
Snapshot "snap-0d8a13b5b65dfcd26" with the PurgeAfterFE date of "1486668448" will be deleted.
Snapshot "snap-0844b7c7e2a71af6f" with the PurgeAfterFE date of "1486668448" will be deleted.
Snapshot "snap-0dd117db3a1a819ac" with the PurgeAfterFE date of "1486668448" will be deleted.
Snapshot "snap-09936b268b8b42aa1" with the PurgeAfterFE date of "1486668448" will be deleted.
Snapshot "snap-086e2701052930602" with the PurgeAfterFE date of "1486668448" will be deleted.
Snapshot "snap-04252a23527a210a0" with the PurgeAfterFE date of "1486668448" will be deleted.
Snapshot "snap-0402f0630f222cddf" with the PurgeAfterFE date of "1486668448" will be deleted.
Snapshot "snap-0b9a169d707e705f1" with the PurgeAfterFE date of "1486668448" will be deleted.
Snapshot "snap-0f88b902fced38851" with the PurgeAfterFE date of "1486668448" will be deleted.
Snapshot "snap-0a3126165e60d529d" with the PurgeAfterFE date of "1486668448" will be deleted.
Snapshot "snap-0b8c79f29b705de18" with the PurgeAfterFE date of "1486668448" will be deleted.
Snapshot "snap-0e3d96dcd36e38bc7" with the PurgeAfterFE date of "1486668448" will be deleted.
Snapshot "snap-0c2e2c01641416f79" with the PurgeAfterFE date of "1486668448" will be deleted.
Snapshot "snap-0be3b8bb85ef9d571" with the PurgeAfterFE date of "1486668448" will be deleted.
Snapshot "snap-03035dc0fb767d808" with the PurgeAfterFE date of "1486668448" will be deleted.
Snapshot "snap-0545da61aea202eb5" with the PurgeAfterFE date of "1486668448" will be deleted.
Snapshot "snap-0666273a8e3958ecb" with the PurgeAfterFE date of "1486668448" will be deleted.
Snapshot "snap-020ff6b864bf6dd4b" with the PurgeAfterFE date of "1486668448" will be deleted.
Snapshot "snap-0f1e10b23180a8fdc" with the PurgeAfterFE date of "1486668448" will be deleted.
Snapshot "snap-031a33339668a23f5" with the PurgeAfterFE date of "1486668448" will be deleted.
Snapshot "snap-05345b395a586095e" with the PurgeAfterFE date of "1486668448" will be deleted.
Snapshot "snap-0ba974db4497a0b6f" with the PurgeAfterFE date of "1486668448" will be deleted.
Snapshot "snap-039873301caa4849c" with the PurgeAfterFE date of "1486668448" will be deleted.
Snapshot "snap-061919e7156663d12" with the PurgeAfterFE date of "1486668448" will be deleted.
Snapshot "snap-0dcae0733edfc5848" with the PurgeAfterFE date of "1486668448" will be deleted.
Snapshot "snap-0531571939886e585" with the PurgeAfterFE date of "1486668448" will be deleted.
Snapshot "snap-003ba289705d19c0e" with the PurgeAfterFE date of "1486668448" will be deleted.
Snapshot "snap-05b0a78c26588e0ec" with the PurgeAfterFE date of "1486668448" will be deleted.
Snapshot "snap-0285bbf5a6e7bd3b3" with the PurgeAfterFE date of "1486668448" will be deleted.
Snapshot "snap-046812beafc16e04b" with the PurgeAfterFE date of "1486668448" will be deleted.
Snapshot "snap-0a9150b9a8a7b6bd8" with the PurgeAfterFE date of "1486668448" will be deleted.
Snapshot "snap-00fb0c3aaf3698dec" with the PurgeAfterFE date of "1486668448" will be deleted.
Snapshot "snap-0dfcd07dfdbf232fc" with the PurgeAfterFE date of "1486668448" will be deleted.
Snapshot "snap-0fa931bf0780af49b" with the PurgeAfterFE date of "1486668448" will be deleted.
Snapshot "snap-0b6e54b73856418f8" with the PurgeAfterFE date of "1486668448" will be deleted.
Snapshot "snap-038f3bc3f6686085f" with the PurgeAfterFE date of "1486668448" will be deleted.
Snapshot "snap-07d87538958bbb245" with the PurgeAfterFE date of "1486668448" will be deleted.
Snapshot "snap-0545f7e89aa2bf697" with the PurgeAfterFE date of "1486668448" will be deleted.
Snapshot "snap-0107024f5cd6e1ac2" with the PurgeAfterFE date of "1486668448" will be deleted.
Snapshot "snap-06548a657822276e6" with the PurgeAfterFE date of "1486668448" will be deleted.
Snapshot "snap-0279c65fcff51debc" with the PurgeAfterFE date of "1486668448" will be deleted.
Snapshot "snap-059876335236c7881" with the PurgeAfterFE date of "1486668448" will be deleted.
Snapshot "snap-0a0b172760b019a6f" with the PurgeAfterFE date of "1486668448" will be deleted.
Snapshot "snap-015112d1533acb042" with the PurgeAfterFE date of "1486668448" will be deleted.
Snapshot "snap-0083a70a4159f9616" with the PurgeAfterFE date of "1486668448" will be deleted.
Snapshot "snap-0d31eab763f990173" with the PurgeAfterFE date of "1486668448" will be deleted.
Snapshot "snap-05bfea09efc39fe20" with the PurgeAfterFE date of "1486668448" will be deleted.
Snapshot "snap-0e490f231ff1e59ea" with the PurgeAfterFE date of "1486668448" will be deleted.
Snapshot "snap-00fee71fdfc9e78f4" with the PurgeAfterFE date of "1486668448" will be deleted.
Snapshot "snap-0c7170dd14989ad9d" with the PurgeAfterFE date of "1486668448" will be deleted.
Snapshot "snap-0c6d1f8f52e42575c" with the PurgeAfterFE date of "1486668448" will be deleted.
Snapshot "snap-0550149d91a0df7fc" with the PurgeAfterFE date of "1486668448" will be deleted.
Snapshot "snap-086cfd3fd8faca46e" with the PurgeAfterFE date of "1486668448" will be deleted.
Snapshot "snap-06d13443d4068ed63" with the PurgeAfterFE date of "1486668448" will be deleted.
Snapshot "snap-08e63e1db2170ebbf" with the PurgeAfterFE date of "1486668448" will be deleted.
Snapshot "snap-0911606571bb49053" with the PurgeAfterFE date of "1486668448" will be deleted.
Snapshot "snap-0ee5dafebbbc3728b" with the PurgeAfterFE date of "1486668448" will be deleted.
Snapshot "snap-0c01c6af594481ba2" with the PurgeAfterFE date of "1486668448" will be deleted.
Snapshot "snap-002b97778cac94167" with the PurgeAfterFE date of "1486668448" will be deleted.
Snapshot "snap-0b9b6a415f576b286" with the PurgeAfterFE date of "1486668448" will be deleted.
Snapshot "snap-0980f1c147495bc89" with the PurgeAfterFE date of "1486668448" will be deleted.
Snapshot "snap-0780062dbaf3a2e29" with the PurgeAfterFE date of "1486668448" will be deleted.
Snapshot "snap-0c47c04c8abdb0fa1" with the PurgeAfterFE date of "1486668448" will be deleted.
Snapshot "snap-06335cb457ab518cd" with the PurgeAfterFE date of "1486668448" will be deleted.
Snapshot "snap-003a92bc5effbd3dc" with the PurgeAfterFE date of "1486668448" will be deleted.
Snapshot "snap-003a733d50a989111" with the PurgeAfterFE date of "1486668448" will be deleted.
Snapshot "snap-0aee524721196511b" with the PurgeAfterFE date of "1486668448" will be deleted.
Snapshot "snap-0b999404919bf84a6" with the PurgeAfterFE date of "1486668448" will be deleted.
Snapshot "snap-0e54ddb5eac5ed246" with the PurgeAfterFE date of "1486668448" will be deleted.
Snapshot "snap-04d5b649bc1d31709" with the PurgeAfterFE date of "1486668448" will be deleted.
Snapshot "snap-03b29f9e6a10a8d01" with the PurgeAfterFE date of "1486668448" will be deleted.
Snapshot "snap-0eb36e003e120df5b" with the PurgeAfterFE date of "1486668448" will be deleted.
Snapshot "snap-06e3842b4af478f69" with the PurgeAfterFE date of "1486668448" will be deleted.
Snapshot "snap-075406fa3962dc1e6" with the PurgeAfterFE date of "1486668448" will be deleted.
Snapshot "snap-056ef68e93eec8d1c" with the PurgeAfterFE date of "1486668448" will be deleted.
Snapshot "snap-055969db43ba77586" with the PurgeAfterFE date of "1486668448" will be deleted.
Snapshot "snap-004e069eda9ffaa59" with the PurgeAfterFE date of "1486668448" will be deleted.
Snapshot "snap-07e017cb762ec2eaf" with the PurgeAfterFE date of "1486668448" will be deleted.
Snapshot "snap-02f2487925a00a9c2" with the PurgeAfterFE date of "1486668448" will be deleted.
Snapshot "snap-0ec7950a9d3d6b4f9" with the PurgeAfterFE date of "1486668448" will be deleted.
Snapshot "snap-030387fd1180de737" with the PurgeAfterFE date of "1486668448" will be deleted.
Snapshot "snap-0121c2aa71f66a68a" with the PurgeAfterFE date of "1486668448" will be deleted.
Snapshot "snap-03688e68bf778a9ff" with the PurgeAfterFE date of "1486668448" will be deleted.
Snapshot "snap-0a88b76b889108b12" with the PurgeAfterFE date of "1486668448" will be deleted.
Snapshot "snap-0f19376b9a352a485" with the PurgeAfterFE date of "1486668448" will be deleted.
Snapshot "snap-088bd7882e3a41157" with the PurgeAfterFE date of "1486668448" will be deleted.
Snapshot "snap-044f23224db7aa7b5" with the PurgeAfterFE date of "1486668448" will be deleted.
Snapshot "snap-057f3dcaeb63d963c" with the PurgeAfterFE date of "1486668448" will be deleted.
Snapshot "snap-0dd07c2b377a1dc06" with the PurgeAfterFE date of "1486668448" will be deleted.
Snapshot "snap-0a3534d1ecfee0d51" with the PurgeAfterFE date of "1486668448" will be deleted.
Snapshot "snap-00bedb03ee1369e34" with the PurgeAfterFE date of "1486668448" will be deleted.
Snapshot "snap-04fd29913845d3a3c" with the PurgeAfterFE date of "1486668448" will be deleted.
Snapshot "snap-0a09672356682bce1" with the PurgeAfterFE date of "1486668448" will be deleted.
Snapshot "snap-0a4c979f35c068647" with the PurgeAfterFE date of "1486582194" will be deleted.
Snapshot "snap-0d4d918bd6de9369f" with the PurgeAfterFE date of "1486582194" will be deleted.
Snapshot "snap-0f64b84ef15817b26" with the PurgeAfterFE date of "1486582194" will be deleted.
Snapshot "snap-05ed02346a7404cb9" with the PurgeAfterFE date of "1486582194" will be deleted.
Snapshot "snap-08d99b2eb120abba5" with the PurgeAfterFE date of "1486582194" will be deleted.
Snapshot "snap-07f1f64bca29a2a2d" with the PurgeAfterFE date of "1486582194" will be deleted.
Snapshot "snap-04d3a7d5191027cbf" with the PurgeAfterFE date of "1486582194" will be deleted.
Snapshot "snap-095632977470480e8" with the PurgeAfterFE date of "1486582194" will be deleted.
Snapshot "snap-09010a356cc806275" with the PurgeAfterFE date of "1486582194" will be deleted.
Snapshot "snap-01894fd4beb4001d3" with the PurgeAfterFE date of "1486582194" will be deleted.
Snapshot "snap-05986b99d340a356a" with the PurgeAfterFE date of "1486582194" will be deleted.
Snapshot "snap-08a79de6eec2d4be9" with the PurgeAfterFE date of "1486582194" will be deleted.
Snapshot "snap-0cf2f444bb8046fab" with the PurgeAfterFE date of "1486582194" will be deleted.
Snapshot "snap-0d892481cf19a3bbd" with the PurgeAfterFE date of "1486582194" will be deleted.
Snapshot "snap-0d9a2c15fc6694159" with the PurgeAfterFE date of "1486582194" will be deleted.
Snapshot "snap-0b7a84a0c2b10b83f" with the PurgeAfterFE date of "1486582194" will be deleted.
Snapshot "snap-0226a6a9940f475c2" with the PurgeAfterFE date of "1486582194" will be deleted.
Snapshot "snap-0b0fd1700411946e5" with the PurgeAfterFE date of "1486582194" will be deleted.
Snapshot "snap-0c06899a5d76c552e" with the PurgeAfterFE date of "1486582194" will be deleted.
Snapshot "snap-0253f60ffe9a77151" with the PurgeAfterFE date of "1486582194" will be deleted.
Snapshot "snap-08fda20e53aaccc4f" with the PurgeAfterFE date of "1486582194" will be deleted.
Snapshot "snap-0546425f114ed9ec5" with the PurgeAfterFE date of "1486582194" will be deleted.
Snapshot "snap-05b7967a6077f7245" with the PurgeAfterFE date of "1486582194" will be deleted.
Snapshot "snap-0d63786da0f8a8c9f" with the PurgeAfterFE date of "1486582194" will be deleted.
Snapshot "snap-0113ecbf25d18f6e4" with the PurgeAfterFE date of "1486582194" will be deleted.
Snapshot "snap-04b669a2b01c0679e" with the PurgeAfterFE date of "1486582194" will be deleted.
Snapshot "snap-086fab3d414697f61" with the PurgeAfterFE date of "1486582194" will be deleted.
Snapshot "snap-07cfef3c7bc21ec9c" with the PurgeAfterFE date of "1486582194" will be deleted.
Snapshot "snap-067e7df50157f2cf5" with the PurgeAfterFE date of "1486582194" will be deleted.
Snapshot "snap-036b6a9fdb97be684" with the PurgeAfterFE date of "1486582194" will be deleted.
Snapshot "snap-07167d20ddfef5237" with the PurgeAfterFE date of "1486582194" will be deleted.
Snapshot "snap-046afc7e5b98710ff" with the PurgeAfterFE date of "1486582194" will be deleted.
Snapshot "snap-0a342f21ba1bbde5c" with the PurgeAfterFE date of "1486582194" will be deleted.
Snapshot "snap-0b489937417a24914" with the PurgeAfterFE date of "1486582194" will be deleted.
Snapshot "snap-0d4f576e5c09b30b7" with the PurgeAfterFE date of "1486582194" will be deleted.
Snapshot "snap-059bb3eb1f0029383" with the PurgeAfterFE date of "1486582194" will be deleted.
Snapshot "snap-0c7bd7948cb2a3240" with the PurgeAfterFE date of "1486582194" will be deleted.
Snapshot "snap-080c81bef2144ea3e" with the PurgeAfterFE date of "1486582194" will be deleted.
Snapshot "snap-0314450ccf532b9bb" with the PurgeAfterFE date of "1486582194" will be deleted.
Snapshot "snap-061c620d1187534a1" with the PurgeAfterFE date of "1486582194" will be deleted.
Snapshot "snap-0c9a6f162d98a0cdb" with the PurgeAfterFE date of "1486582194" will be deleted.
Snapshot "snap-002e58875af99619a" with the PurgeAfterFE date of "1486582194" will be deleted.
Snapshot "snap-06e4f8d162fedba32" with the PurgeAfterFE date of "1486582194" will be deleted.
Snapshot "snap-08774936bbce8234d" with the PurgeAfterFE date of "1486582194" will be deleted.
Snapshot "snap-0b72bb79f81eecc68" with the PurgeAfterFE date of "1486582194" will be deleted.
Snapshot "snap-06aa0b1ede0606641" with the PurgeAfterFE date of "1486582194" will be deleted.
Snapshot "snap-05adb319e26443aa5" with the PurgeAfterFE date of "1486582194" will be deleted.
Snapshot "snap-0d7e6b1a6ff8a7f93" with the PurgeAfterFE date of "1486582194" will be deleted.
Snapshot "snap-066e941d1b2bc1e28" with the PurgeAfterFE date of "1486582194" will be deleted.
Snapshot "snap-07b0c7ac871e6b033" with the PurgeAfterFE date of "1486582194" will be deleted.
Snapshot "snap-0284ad4da7557214a" with the PurgeAfterFE date of "1486582194" will be deleted.
Snapshot "snap-0c0d132a42b4a01d6" with the PurgeAfterFE date of "1486582194" will be deleted.
Snapshot "snap-0d4291f237ff4731d" with the PurgeAfterFE date of "1486582194" will be deleted.
Snapshot "snap-09f495e89aee650bd" with the PurgeAfterFE date of "1486582194" will be deleted.
Snapshot "snap-0f9b5d02855a36436" with the PurgeAfterFE date of "1486582194" will be deleted.
Snapshot "snap-0b51bf08ac7d7c237" with the PurgeAfterFE date of "1486582194" will be deleted.
Snapshot "snap-0060be3d2a3a1f49f" with the PurgeAfterFE date of "1486582194" will be deleted.
Snapshot "snap-03a0fbd0cc853b1c7" with the PurgeAfterFE date of "1486582194" will be deleted.
Snapshot "snap-05545f7a7d54a5326" with the PurgeAfterFE date of "1486582194" will be deleted.
Snapshot "snap-0a422d9b783ca7658" with the PurgeAfterFE date of "1486582194" will be deleted.
Snapshot "snap-03e703e20afbd36ff" with the PurgeAfterFE date of "1486582194" will be deleted.
Snapshot "snap-06e382c0ce1696bed" with the PurgeAfterFE date of "1486582194" will be deleted.
Snapshot "snap-02f5164514ae0b763" with the PurgeAfterFE date of "1486582194" will be deleted.
Snapshot "snap-0fc99c579b0780697" with the PurgeAfterFE date of "1486582194" will be deleted.
Snapshot "snap-037cfcb60b2f42f72" with the PurgeAfterFE date of "1486582194" will be deleted.
Snapshot "snap-08bbd1245c76c7c88" with the PurgeAfterFE date of "1486582194" will be deleted.
Snapshot "snap-09c59a7e85ad789f7" with the PurgeAfterFE date of "1486582194" will be deleted.
Snapshot "snap-01413cb96a4c16d7b" with the PurgeAfterFE date of "1486582194" will be deleted.
Snapshot "snap-0c9dced76e826bd70" with the PurgeAfterFE date of "1486582194" will be deleted.
Snapshot "snap-073620a6612ba87b2" with the PurgeAfterFE date of "1486582194" will be deleted.
Snapshot "snap-07822c0d1d2aca65e" with the PurgeAfterFE date of "1486582194" will be deleted.
Snapshot "snap-01e9b8a0744b158b7" with the PurgeAfterFE date of "1486582194" will be deleted.
Snapshot "snap-0d4bce4c43e113c66" with the PurgeAfterFE date of "1486582194" will be deleted.
Snapshot "snap-0ce7886f176808d42" with the PurgeAfterFE date of "1486582194" will be deleted.
Snapshot "snap-03a492857b52f629c" with the PurgeAfterFE date of "1486582194" will be deleted.
Snapshot "snap-00d0a20c40d2346c6" with the PurgeAfterFE date of "1486582194" will be deleted.
Snapshot "snap-026318ded2e2eae21" with the PurgeAfterFE date of "1486582194" will be deleted.
Snapshot "snap-0b082e1c301f931af" with the PurgeAfterFE date of "1486582194" will be deleted.
Snapshot "snap-0b1ab4f8837977561" with the PurgeAfterFE date of "1486582194" will be deleted.
Snapshot "snap-0d331426f4c841fc8" with the PurgeAfterFE date of "1486582194" will be deleted.
Snapshot "snap-0478ee327473ccd83" with the PurgeAfterFE date of "1486582194" will be deleted.
Snapshot "snap-07b9f33ec26f61feb" with the PurgeAfterFE date of "1486582194" will be deleted.
Snapshot "snap-0264302ef197d0ad0" with the PurgeAfterFE date of "1486582194" will be deleted.
Snapshot "snap-0189106d4ad89da5f" with the PurgeAfterFE date of "1486582194" will be deleted.
Snapshot "snap-06250801d317ac06a" with the PurgeAfterFE date of "1486582194" will be deleted.
Snapshot "snap-09d0cc6bf8f5d942c" with the PurgeAfterFE date of "1486582194" will be deleted.
Snapshot "snap-0bf6d18c9094ffe6b" with the PurgeAfterFE date of "1486582194" will be deleted.
Snapshot "snap-0fd239f77612b1d3e" with the PurgeAfterFE date of "1486582194" will be deleted.
Snapshot "snap-0c79188cdb60e203c" with the PurgeAfterFE date of "1486582194" will be deleted.
Snapshot "snap-091d82fb4cb129a26" with the PurgeAfterFE date of "1486582194" will be deleted.
Snapshot "snap-0b4555b5a94df42f1" with the PurgeAfterFE date of "1486582194" will be deleted.
Snapshot "snap-0d31dde4be20fca03" with the PurgeAfterFE date of "1486582194" will be deleted.
Snapshot "snap-02dab7ffddc25b4f0" with the PurgeAfterFE date of "1486582194" will be deleted.
Snapshot "snap-0082992552cf2e5eb" with the PurgeAfterFE date of "1486582194" will be deleted.
Snapshot "snap-029b81b413008adbd" with the PurgeAfterFE date of "1486582194" will be deleted.
Snapshot "snap-0d358f8eeeeac478d" with the PurgeAfterFE date of "1486582194" will be deleted.
Snapshot "snap-0829525bed24dd72c" with the PurgeAfterFE date of "1486582194" will be deleted.
Snapshot "snap-01b4ae0ee9c89e078" with the PurgeAfterFE date of "1486582194" will be deleted.
Snapshot "snap-037f9f93ff32ce3d9" with the PurgeAfterFE date of "1486582194" will be deleted.
Snapshot "snap-05d87655daa943ec9" with the PurgeAfterFE date of "1486582194" will be deleted.
Snapshot "snap-0e2fd17a8de7e7d84" with the PurgeAfterFE date of "1486582194" will be deleted.
Snapshot "snap-03f94cf10ec86bdd9" with the PurgeAfterFE date of "1486582194" will be deleted.
Snapshot "snap-0c6d09b9681dc7873" with the PurgeAfterFE date of "1486582194" will be deleted.
Snapshot "snap-017bf7444abaa7bd4" with the PurgeAfterFE date of "1486582194" will be deleted.
Snapshot "snap-0e6abb6e746f99b0d" with the PurgeAfterFE date of "1486582194" will be deleted.
Snapshot "snap-02ee58a9b226507c8" with the PurgeAfterFE date of "1486582194" will be deleted.
Snapshot "snap-097dce9cb9618c0f1" with the PurgeAfterFE date of "1486582194" will be deleted.
Snapshot "snap-0f9b74a885700a29a" with the PurgeAfterFE date of "1486582194" will be deleted.
Snapshot "snap-0277eefc7e324a868" with the PurgeAfterFE date of "1486582194" will be deleted.
Snapshot "snap-0fa3602c7a2f25518" with the PurgeAfterFE date of "1486582194" will be deleted.
Snapshot "snap-06457a992447e4c20" with the PurgeAfterFE date of "1486582194" will be deleted.
Snapshot "snap-08cc6ccfad2f3250f" with the PurgeAfterFE date of "1486582194" will be deleted.
Snapshot "snap-07c6dce4edfc46c89" with the PurgeAfterFE date of "1486582194" will be deleted.
Snapshot "snap-05e926f691b2c1800" with the PurgeAfterFE date of "1486582194" will be deleted.
Snapshot "snap-06a258ca169202cbb" with the PurgeAfterFE date of "1486582194" will be deleted.
Snapshot "snap-0e2711a4a7ca49716" with the PurgeAfterFE date of "1486582194" will be deleted.
Snapshot "snap-021d5eb257b586769" with the PurgeAfterFE date of "1486582194" will be deleted.
Snapshot "snap-0b5577150ed1dc957" with the PurgeAfterFE date of "1486582194" will be deleted.
Snapshot "snap-0d28e0174f38232ce" with the PurgeAfterFE date of "1486582194" will be deleted.
Snapshot "snap-0720725da899c8089" with the PurgeAfterFE date of "1486582194" will be deleted.
Snapshot "snap-05279c1987db8bd97" with the PurgeAfterFE date of "1486582194" will be deleted.
Snapshot "snap-075f2f22264aeadca" with the PurgeAfterFE date of "1486582194" will be deleted.
Snapshot "snap-0bfa6ea026569bb4a" with the PurgeAfterFE date of "1486582194" will be deleted.
Snapshot "snap-0d7a908409e09252f" with the PurgeAfterFE date of "1486582194" will be deleted.
Snapshot "snap-02594cd8e3336622f" with the PurgeAfterFE date of "1486582194" will be deleted.
Snapshot "snap-0ff3edb1949be13ff" with the PurgeAfterFE date of "1486582194" will be deleted.
Snapshot "snap-0b12d36b8578d3a60" with the PurgeAfterFE date of "1486582194" will be deleted.
Snapshot "snap-0799791ab096706c3" with the PurgeAfterFE date of "1486582194" will be deleted.
Snapshot "snap-0bd9b028dd07d2b16" with the PurgeAfterFE date of "1486582194" will be deleted.
Snapshot "snap-022f33282d7ac0111" with the PurgeAfterFE date of "1486582194" will be deleted.
Snapshot "snap-07cb061fe9f13e8f2" with the PurgeAfterFE date of "1486582194" will be deleted.
Snapshot "snap-0e3f1109432f4b6fe" with the PurgeAfterFE date of "1486582194" will be deleted.
Snapshot "snap-0763f284ffdadc973" with the PurgeAfterFE date of "1486582194" will be deleted.
Snapshot "snap-0d3bbabfeb7a9ef27" with the PurgeAfterFE date of "1486582194" will be deleted.
Snapshot "snap-0fae6ed3ab898b6a9" with the PurgeAfterFE date of "1486582194" will be deleted.
Snapshot "snap-0befc610098690092" with the PurgeAfterFE date of "1486582194" will be deleted.
Snapshot "snap-06291254076f7e09f" with the PurgeAfterFE date of "1486582194" will be deleted.
Snapshot "snap-01bd18d2509a2b906" with the PurgeAfterFE date of "1486582194" will be deleted.
Snapshot "snap-06d7e1d60208f11cd" with the PurgeAfterFE date of "1486582194" will be deleted.
Snapshot "snap-02b17d8b8e639bf6a" with the PurgeAfterFE date of "1486582194" will be deleted.
Snapshot "snap-08876f50285a0c3ca" with the PurgeAfterFE date of "1486582194" will be deleted.
Snapshot "snap-092707c7247022588" with the PurgeAfterFE date of "1486582194" will be deleted.
Snapshot "snap-0cf47d02285155b1e" with the PurgeAfterFE date of "1486582194" will be deleted.
Snapshot "snap-0a32cf18afd0c0a0e" with the PurgeAfterFE date of "1486582194" will be deleted.
Snapshot "snap-0e5348cb3de4d543b" with the PurgeAfterFE date of "1486582194" will be deleted.
Snapshot "snap-03192798405f37f05" with the PurgeAfterFE date of "1486582194" will be deleted.
Snapshot "snap-0689a50d2a454cc48" with the PurgeAfterFE date of "1486582194" will be deleted.
Snapshot "snap-0f01caa184468a2ad" with the PurgeAfterFE date of "1486582194" will be deleted.
Snapshot "snap-0fbec895e341c9397" with the PurgeAfterFE date of "1486582194" will be deleted.
Snapshot "snap-01eef55828c233dd9" with the PurgeAfterFE date of "1486582194" will be deleted.
Snapshot "snap-00999b8ba9828f935" with the PurgeAfterFE date of "1486582194" will be deleted.
Snapshot "snap-07077670bd6eac83e" with the PurgeAfterFE date of "1486582194" will be deleted.
Snapshot "snap-09b4b5685bb7cb479" with the PurgeAfterFE date of "1486582194" will be deleted.
Snapshot "snap-00c57808b75e6979e" with the PurgeAfterFE date of "1486582194" will be deleted.
Snapshot "snap-0aee440587a32057b" with the PurgeAfterFE date of "1486582194" will be deleted.
