Snapshots taken by ec2-volumes-autobackup.sh will be eligible for purging after the following date (the purge after date given in seconds from epoch): 1488658697.
INSTANCE i-46b0ebfe
INSTANCE NAME: igv-ec2-im02
Tagging Snapshot snap-06ed2858695c0fb57 with the following Tags: Key=CreatedBy,Value=ec2-automate-backup Key=InstanceId,Value=i-46b0ebfe Key=InstanceName,Value=igv-ec2-im02 Key=PurgeAfterFE,Value=1488658697 Key=PurgeAllow,Value=true Key=Volume,Value=vol-e7515158 Key=Created,Value=1486066697
INSTANCE i-24b0eb9c
INSTANCE NAME: igv-ec2-web02
Tagging Snapshot snap-0d15850bd96242f7a with the following Tags: Key=CreatedBy,Value=ec2-automate-backup Key=InstanceId,Value=i-24b0eb9c Key=InstanceName,Value=igv-ec2-web02 Key=PurgeAfterFE,Value=1488658697 Key=PurgeAllow,Value=true Key=Volume,Value=vol-3e515181 Key=Created,Value=1486066697
INSTANCE i-24b0eb9c
INSTANCE NAME: igv-ec2-web02
Tagging Snapshot snap-013ca9620fd0866b9 with the following Tags: Key=CreatedBy,Value=ec2-automate-backup Key=InstanceId,Value=i-24b0eb9c Key=InstanceName,Value=igv-ec2-web02 Key=PurgeAfterFE,Value=1488658697 Key=PurgeAllow,Value=true Key=Volume,Value=vol-3d515182 Key=Created,Value=1486066697
INSTANCE i-46b0ebfe
INSTANCE NAME: igv-ec2-im02
Tagging Snapshot snap-0a99c3fc09b4549ae with the following Tags: Key=CreatedBy,Value=ec2-automate-backup Key=InstanceId,Value=i-46b0ebfe Key=InstanceName,Value=igv-ec2-im02 Key=PurgeAfterFE,Value=1488658697 Key=PurgeAllow,Value=true Key=Volume,Value=vol-2d515192 Key=Created,Value=1486066697
INSTANCE i-2eb0eb96
INSTANCE NAME: igv-ec2-fs02
Tagging Snapshot snap-09262789e3259ff78 with the following Tags: Key=CreatedBy,Value=ec2-automate-backup Key=InstanceId,Value=i-2eb0eb96 Key=InstanceName,Value=igv-ec2-fs02 Key=PurgeAfterFE,Value=1488658697 Key=PurgeAllow,Value=true Key=Volume,Value=vol-2151519e Key=Created,Value=1486066697
INSTANCE i-2eb0eb96
INSTANCE NAME: igv-ec2-fs02
Tagging Snapshot snap-0e9561bb46723f83e with the following Tags: Key=CreatedBy,Value=ec2-automate-backup Key=InstanceId,Value=i-2eb0eb96 Key=InstanceName,Value=igv-ec2-fs02 Key=PurgeAfterFE,Value=1488658697 Key=PurgeAllow,Value=true Key=Volume,Value=vol-2051519f Key=Created,Value=1486066697
INSTANCE i-ecbd9b54
INSTANCE NAME: uat-igv-ec2-fs02
Tagging Snapshot snap-09d11dc9945645399 with the following Tags: Key=CreatedBy,Value=ec2-automate-backup Key=InstanceId,Value=i-ecbd9b54 Key=InstanceName,Value=uat-igv-ec2-fs02 Key=PurgeAfterFE,Value=1488658697 Key=PurgeAllow,Value=true Key=Volume,Value=vol-1c0114a3 Key=Created,Value=1486066697
INSTANCE i-ecbd9b54
INSTANCE NAME: uat-igv-ec2-fs02
Tagging Snapshot snap-067311a70b55016fb with the following Tags: Key=CreatedBy,Value=ec2-automate-backup Key=InstanceId,Value=i-ecbd9b54 Key=InstanceName,Value=uat-igv-ec2-fs02 Key=PurgeAfterFE,Value=1488658697 Key=PurgeAllow,Value=true Key=Volume,Value=vol-1b0114a4 Key=Created,Value=1486066697
INSTANCE i-ecbd9b54
INSTANCE NAME: uat-igv-ec2-fs02
Tagging Snapshot snap-04a506c202fa8b1e1 with the following Tags: Key=CreatedBy,Value=ec2-automate-backup Key=InstanceId,Value=i-ecbd9b54 Key=InstanceName,Value=uat-igv-ec2-fs02 Key=PurgeAfterFE,Value=1488658697 Key=PurgeAllow,Value=true Key=Volume,Value=vol-070114b8 Key=Created,Value=1486066697
INSTANCE i-e599bf5d
INSTANCE NAME: uat-igv-ec2-im02
Tagging Snapshot snap-04335529abf2c0166 with the following Tags: Key=CreatedBy,Value=ec2-automate-backup Key=InstanceId,Value=i-e599bf5d Key=InstanceName,Value=uat-igv-ec2-im02 Key=PurgeAfterFE,Value=1488658697 Key=PurgeAllow,Value=true Key=Volume,Value=vol-32d8cd8d Key=Created,Value=1486066697
INSTANCE i-e599bf5d
INSTANCE NAME: uat-igv-ec2-im02
Tagging Snapshot snap-04e8a59b052993865 with the following Tags: Key=CreatedBy,Value=ec2-automate-backup Key=InstanceId,Value=i-e599bf5d Key=InstanceName,Value=uat-igv-ec2-im02 Key=PurgeAfterFE,Value=1488658697 Key=PurgeAllow,Value=true Key=Volume,Value=vol-99dbce26 Key=Created,Value=1486066697
INSTANCE i-e599bf5d
INSTANCE NAME: uat-igv-ec2-im02
Tagging Snapshot snap-0ad298576b82083cd with the following Tags: Key=CreatedBy,Value=ec2-automate-backup Key=InstanceId,Value=i-e599bf5d Key=InstanceName,Value=uat-igv-ec2-im02 Key=PurgeAfterFE,Value=1488658697 Key=PurgeAllow,Value=true Key=Volume,Value=vol-87dbce38 Key=Created,Value=1486066697
INSTANCE i-46b0ebfe
INSTANCE NAME: igv-ec2-im02
Tagging Snapshot snap-0cf2e490d7d7277c9 with the following Tags: Key=CreatedBy,Value=ec2-automate-backup Key=InstanceId,Value=i-46b0ebfe Key=InstanceName,Value=igv-ec2-im02 Key=PurgeAfterFE,Value=1488658697 Key=PurgeAllow,Value=true Key=Volume,Value=vol-0d15268307606d6f0 Key=Created,Value=1486066697
INSTANCE i-2eb0eb96
INSTANCE NAME: igv-ec2-fs02
Tagging Snapshot snap-0db31547ff18fc0da with the following Tags: Key=CreatedBy,Value=ec2-automate-backup Key=InstanceId,Value=i-2eb0eb96 Key=InstanceName,Value=igv-ec2-fs02 Key=PurgeAfterFE,Value=1488658697 Key=PurgeAllow,Value=true Key=Volume,Value=vol-0e009e505c05a452a Key=Created,Value=1486066697
INSTANCE i-b486a98c
INSTANCE NAME: igv-ec2-im01
Tagging Snapshot snap-0613fc030b094b6b6 with the following Tags: Key=CreatedBy,Value=ec2-automate-backup Key=InstanceId,Value=i-b486a98c Key=InstanceName,Value=igv-ec2-im01 Key=PurgeAfterFE,Value=1488658697 Key=PurgeAllow,Value=true Key=Volume,Value=vol-64bceae1 Key=Created,Value=1486066697
INSTANCE i-b486a98c
INSTANCE NAME: igv-ec2-im01
Tagging Snapshot snap-06877fe015e7e05c4 with the following Tags: Key=CreatedBy,Value=ec2-automate-backup Key=InstanceId,Value=i-b486a98c Key=InstanceName,Value=igv-ec2-im01 Key=PurgeAfterFE,Value=1488658697 Key=PurgeAllow,Value=true Key=Volume,Value=vol-67bceae2 Key=Created,Value=1486066697
INSTANCE i-b287a88a
INSTANCE NAME: igv-ec2-web01
Tagging Snapshot snap-0672eb8497668d53c with the following Tags: Key=CreatedBy,Value=ec2-automate-backup Key=InstanceId,Value=i-b287a88a Key=InstanceName,Value=igv-ec2-web01 Key=PurgeAfterFE,Value=1488658697 Key=PurgeAllow,Value=true Key=Volume,Value=vol-b5bdeb30 Key=Created,Value=1486066697
INSTANCE i-b287a88a
INSTANCE NAME: igv-ec2-web01
Tagging Snapshot snap-07a3e0348e06e9ec1 with the following Tags: Key=CreatedBy,Value=ec2-automate-backup Key=InstanceId,Value=i-b287a88a Key=InstanceName,Value=igv-ec2-web01 Key=PurgeAfterFE,Value=1488658697 Key=PurgeAllow,Value=true Key=Volume,Value=vol-c7bdeb42 Key=Created,Value=1486066697
INSTANCE i-0a87a832
INSTANCE NAME: igv-ec2-fs01
Tagging Snapshot snap-0e2530d76f6d2ddcc with the following Tags: Key=CreatedBy,Value=ec2-automate-backup Key=InstanceId,Value=i-0a87a832 Key=InstanceName,Value=igv-ec2-fs01 Key=PurgeAfterFE,Value=1488658697 Key=PurgeAllow,Value=true Key=Volume,Value=vol-30bdebb5 Key=Created,Value=1486066697
INSTANCE i-0a87a832
INSTANCE NAME: igv-ec2-fs01
Tagging Snapshot snap-0ec144561aff1cfa1 with the following Tags: Key=CreatedBy,Value=ec2-automate-backup Key=InstanceId,Value=i-0a87a832 Key=InstanceName,Value=igv-ec2-fs01 Key=PurgeAfterFE,Value=1488658697 Key=PurgeAllow,Value=true Key=Volume,Value=vol-65bdebe0 Key=Created,Value=1486066697
INSTANCE i-e3dcf6db
INSTANCE NAME: uat-igv-ec2-web01
Tagging Snapshot snap-0b51d19c063a7e8c7 with the following Tags: Key=CreatedBy,Value=ec2-automate-backup Key=InstanceId,Value=i-e3dcf6db Key=InstanceName,Value=uat-igv-ec2-web01 Key=PurgeAfterFE,Value=1488658697 Key=PurgeAllow,Value=true Key=Volume,Value=vol-60b0e8e5 Key=Created,Value=1486066697
INSTANCE i-e3dcf6db
INSTANCE NAME: uat-igv-ec2-web01
Tagging Snapshot snap-01f879809dfc371ac with the following Tags: Key=CreatedBy,Value=ec2-automate-backup Key=InstanceId,Value=i-e3dcf6db Key=InstanceName,Value=uat-igv-ec2-web01 Key=PurgeAfterFE,Value=1488658697 Key=PurgeAllow,Value=true Key=Volume,Value=vol-73b0e8f6 Key=Created,Value=1486066697
INSTANCE i-aacec892
INSTANCE NAME: newTags
Tagging Snapshot snap-05f5f2ef8e68d997c with the following Tags: Key=CreatedBy,Value=ec2-automate-backup Key=InstanceId,Value=i-aacec892 Key=InstanceName,Value=newTags Key=PurgeAfterFE,Value=1488658697 Key=PurgeAllow,Value=true Key=Volume,Value=vol-10241f95 Key=Created,Value=1486066697
INSTANCE i-e3dcf6db
INSTANCE NAME: uat-igv-ec2-web01
Tagging Snapshot snap-0d672c4b0699620b7 with the following Tags: Key=CreatedBy,Value=ec2-automate-backup Key=InstanceId,Value=i-e3dcf6db Key=InstanceName,Value=uat-igv-ec2-web01 Key=PurgeAfterFE,Value=1488658697 Key=PurgeAllow,Value=true Key=Volume,Value=vol-010b6aec845fdc72e Key=Created,Value=1486066697
INSTANCE i-b486a98c
INSTANCE NAME: igv-ec2-im01
Tagging Snapshot snap-05ef96ee87fe03cfc with the following Tags: Key=CreatedBy,Value=ec2-automate-backup Key=InstanceId,Value=i-b486a98c Key=InstanceName,Value=igv-ec2-im01 Key=PurgeAfterFE,Value=1488658697 Key=PurgeAllow,Value=true Key=Volume,Value=vol-039deb6f07ed7c60c Key=Created,Value=1486066697
INSTANCE i-0a87a832
INSTANCE NAME: igv-ec2-fs01
Tagging Snapshot snap-0a62a77749f2d8cda with the following Tags: Key=CreatedBy,Value=ec2-automate-backup Key=InstanceId,Value=i-0a87a832 Key=InstanceName,Value=igv-ec2-fs01 Key=PurgeAfterFE,Value=1488658697 Key=PurgeAllow,Value=true Key=Volume,Value=vol-095211fa83f1b6524 Key=Created,Value=1486066697
INSTANCE i-b287a88a
INSTANCE NAME: igv-ec2-web01
Tagging Snapshot snap-04ca65e224c80cf25 with the following Tags: Key=CreatedBy,Value=ec2-automate-backup Key=InstanceId,Value=i-b287a88a Key=InstanceName,Value=igv-ec2-web01 Key=PurgeAfterFE,Value=1488658697 Key=PurgeAllow,Value=true Key=Volume,Value=vol-0cd7c487775e1e6bb Key=Created,Value=1486066697
Snapshot Purging is Starting Now.
Snapshot "snap-0a621d6340d13e668" with the PurgeAfterFE date of "1486022794" will be deleted.
Snapshot "snap-08ec412298b37f9a6" with the PurgeAfterFE date of "1486022794" will be deleted.
Snapshot "snap-0567c0039fa5fe958" with the PurgeAfterFE date of "1486022794" will be deleted.
Snapshot "snap-045aceded5d42d3fd" with the PurgeAfterFE date of "1486022794" will be deleted.
Snapshot "snap-063f2904c10677495" with the PurgeAfterFE date of "1486022794" will be deleted.
Snapshot "snap-01ca77254d51eb007" with the PurgeAfterFE date of "1486022794" will be deleted.
Snapshot "snap-04648a42a639b05c9" with the PurgeAfterFE date of "1486023336" will be deleted.
Snapshot "snap-0960c4d9814934d8d" with the PurgeAfterFE date of "1486023336" will be deleted.
Snapshot "snap-0e633110981cc33fa" with the PurgeAfterFE date of "1486023336" will be deleted.
Snapshot "snap-0feeadc6be09a0664" with the PurgeAfterFE date of "1486022794" will be deleted.
Snapshot "snap-01870fe83b0fa41fd" with the PurgeAfterFE date of "1486022794" will be deleted.
Snapshot "snap-0bd3481131d1806c0" with the PurgeAfterFE date of "1486023336" will be deleted.
Snapshot "snap-0ca176db13c918f1d" with the PurgeAfterFE date of "1486023336" will be deleted.
Snapshot "snap-09381a778d1241886" with the PurgeAfterFE date of "1486023336" will be deleted.
Snapshot "snap-0f745eee6013698e3" with the PurgeAfterFE date of "1486022794" will be deleted.
Snapshot "snap-020f1d59ab6ff1068" with the PurgeAfterFE date of "1486022794" will be deleted.
Snapshot "snap-0bd798bba4698c6ed" with the PurgeAfterFE date of "1486022794" will be deleted.
Snapshot "snap-0665e67e055af2d50" with the PurgeAfterFE date of "1486022794" will be deleted.
Snapshot "snap-0ad86998484fe401c" with the PurgeAfterFE date of "1486023336" will be deleted.
Snapshot "snap-054e7946c6d5ada67" with the PurgeAfterFE date of "1486023336" will be deleted.
Snapshot "snap-0a483903fc371b30b" with the PurgeAfterFE date of "1486023336" will be deleted.
Snapshot "snap-01c9efad0166eac6a" with the PurgeAfterFE date of "1486023336" will be deleted.
Snapshot "snap-020d48000b03b6e9f" with the PurgeAfterFE date of "1486022794" will be deleted.
Snapshot "snap-0a90e12581b4f28ca" with the PurgeAfterFE date of "1486022794" will be deleted.
Snapshot "snap-084a72823e42ba7a0" with the PurgeAfterFE date of "1486023336" will be deleted.
Snapshot "snap-0ae0aeaf94a0aa82d" with the PurgeAfterFE date of "1486022794" will be deleted.
Snapshot "snap-0ed425e15b893306d" with the PurgeAfterFE date of "1486023336" will be deleted.
Snapshot "snap-03041c1e1c8609334" with the PurgeAfterFE date of "1486022794" will be deleted.
Snapshot "snap-074071f56252cbcdb" with the PurgeAfterFE date of "1486022794" will be deleted.
Snapshot "snap-077d723ab878e9d3a" with the PurgeAfterFE date of "1486023336" will be deleted.
Snapshot "snap-06cbb3a58c5aad233" with the PurgeAfterFE date of "1486023336" will be deleted.
Snapshot "snap-041fea38dc4a1aef8" with the PurgeAfterFE date of "1486023336" will be deleted.
Snapshot "snap-0a9843509451065af" with the PurgeAfterFE date of "1486023336" will be deleted.
Snapshot "snap-06fdb162b6b082fb9" with the PurgeAfterFE date of "1486023336" will be deleted.
Snapshot "snap-02fcdb6c5fe0cf90e" with the PurgeAfterFE date of "1486022794" will be deleted.
Snapshot "snap-0b54bca1be4a54a5f" with the PurgeAfterFE date of "1486022794" will be deleted.
Snapshot "snap-0e04e08da21aff4bf" with the PurgeAfterFE date of "1486022794" will be deleted.
Snapshot "snap-0ebbe50ecc0c5517d" with the PurgeAfterFE date of "1486022794" will be deleted.
Snapshot "snap-06278951a7306dfed" with the PurgeAfterFE date of "1486023336" will be deleted.
Snapshot "snap-0dd52dba2f42536c3" with the PurgeAfterFE date of "1486023336" will be deleted.
Snapshot "snap-0f2b3412e66a96d2d" with the PurgeAfterFE date of "1486023336" will be deleted.
Snapshot "snap-04f40c259dda44445" with the PurgeAfterFE date of "1486023336" will be deleted.
Snapshot "snap-060d6ebdce7afc160" with the PurgeAfterFE date of "1486023336" will be deleted.
Snapshot "snap-00aa6f2d4551bef51" with the PurgeAfterFE date of "1486023336" will be deleted.
Snapshot "snap-0e592000a6eec249a" with the PurgeAfterFE date of "1486023336" will be deleted.
Snapshot "snap-00b0bedb52cdae928" with the PurgeAfterFE date of "1486022794" will be deleted.
Snapshot "snap-0df5e88b3b3cf08d3" with the PurgeAfterFE date of "1486022794" will be deleted.
Snapshot "snap-0a328c352f29caaa0" with the PurgeAfterFE date of "1486022794" will be deleted.
Snapshot "snap-02e4c799ab0707421" with the PurgeAfterFE date of "1486022794" will be deleted.
Snapshot "snap-08b9e067bf52d4f06" with the PurgeAfterFE date of "1486023336" will be deleted.
Snapshot "snap-0c929725846eaf195" with the PurgeAfterFE date of "1486022794" will be deleted.
Snapshot "snap-087df743ae358b377" with the PurgeAfterFE date of "1486022794" will be deleted.
Snapshot "snap-0624ae8971ff93e79" with the PurgeAfterFE date of "1486023336" will be deleted.
Snapshot "snap-04820dd13b3ce4775" with the PurgeAfterFE date of "1486022794" will be deleted.
Snapshot "snap-0da951d70ffba33ed" with the PurgeAfterFE date of "1486022794" will be deleted.
Snapshot "snap-0a92fd4c65cea7b6e" with the PurgeAfterFE date of "1486022794" will be deleted.
Snapshot "snap-04c00a10a7e5c207b" with the PurgeAfterFE date of "1486023336" will be deleted.
Snapshot "snap-0c6f7b1d7626e7f93" with the PurgeAfterFE date of "1486022794" will be deleted.
Snapshot "snap-0eb3582ceb4d7648d" with the PurgeAfterFE date of "1486022794" will be deleted.
Snapshot "snap-0ba6238700901d717" with the PurgeAfterFE date of "1486022794" will be deleted.
Snapshot "snap-0109dc4b148480a66" with the PurgeAfterFE date of "1486022794" will be deleted.
Snapshot "snap-08e51b71663504037" with the PurgeAfterFE date of "1486022794" will be deleted.
