Snapshots taken by ec2-volumes-autobackup.sh will be eligible for purging after the following date (the purge after date given in seconds from epoch): 1490300407.
INSTANCE i-46b0ebfe
INSTANCE NAME: igv-ec2-im02
Tagging Snapshot snap-0f95537074cd33b75 with the following Tags: Key=CreatedBy,Value=ec2-automate-backup Key=InstanceId,Value=i-46b0ebfe Key=InstanceName,Value=igv-ec2-im02 Key=PurgeAfterFE,Value=1490300407 Key=PurgeAllow,Value=true Key=Volume,Value=vol-e7515158 Key=Created,Value=1487708407
INSTANCE i-24b0eb9c
INSTANCE NAME: igv-ec2-web02
Tagging Snapshot snap-01cf9dfe40abcda15 with the following Tags: Key=CreatedBy,Value=ec2-automate-backup Key=InstanceId,Value=i-24b0eb9c Key=InstanceName,Value=igv-ec2-web02 Key=PurgeAfterFE,Value=1490300407 Key=PurgeAllow,Value=true Key=Volume,Value=vol-3e515181 Key=Created,Value=1487708407
INSTANCE i-24b0eb9c
INSTANCE NAME: igv-ec2-web02
Tagging Snapshot snap-081763fc42a51ad5e with the following Tags: Key=CreatedBy,Value=ec2-automate-backup Key=InstanceId,Value=i-24b0eb9c Key=InstanceName,Value=igv-ec2-web02 Key=PurgeAfterFE,Value=1490300407 Key=PurgeAllow,Value=true Key=Volume,Value=vol-3d515182 Key=Created,Value=1487708407
INSTANCE i-46b0ebfe
INSTANCE NAME: igv-ec2-im02
Tagging Snapshot snap-03fd85b8d5c4148a5 with the following Tags: Key=CreatedBy,Value=ec2-automate-backup Key=InstanceId,Value=i-46b0ebfe Key=InstanceName,Value=igv-ec2-im02 Key=PurgeAfterFE,Value=1490300407 Key=PurgeAllow,Value=true Key=Volume,Value=vol-2d515192 Key=Created,Value=1487708407
INSTANCE i-2eb0eb96
INSTANCE NAME: igv-ec2-fs02
Tagging Snapshot snap-04c6c905f72a76322 with the following Tags: Key=CreatedBy,Value=ec2-automate-backup Key=InstanceId,Value=i-2eb0eb96 Key=InstanceName,Value=igv-ec2-fs02 Key=PurgeAfterFE,Value=1490300407 Key=PurgeAllow,Value=true Key=Volume,Value=vol-2151519e Key=Created,Value=1487708407
INSTANCE i-2eb0eb96
INSTANCE NAME: igv-ec2-fs02
Tagging Snapshot snap-01a70966b7f535cb6 with the following Tags: Key=CreatedBy,Value=ec2-automate-backup Key=InstanceId,Value=i-2eb0eb96 Key=InstanceName,Value=igv-ec2-fs02 Key=PurgeAfterFE,Value=1490300407 Key=PurgeAllow,Value=true Key=Volume,Value=vol-2051519f Key=Created,Value=1487708407
INSTANCE i-ecbd9b54
INSTANCE NAME: uat-igv-ec2-fs02
Tagging Snapshot snap-025737e7510e2d47b with the following Tags: Key=CreatedBy,Value=ec2-automate-backup Key=InstanceId,Value=i-ecbd9b54 Key=InstanceName,Value=uat-igv-ec2-fs02 Key=PurgeAfterFE,Value=1490300407 Key=PurgeAllow,Value=true Key=Volume,Value=vol-1c0114a3 Key=Created,Value=1487708407
INSTANCE i-ecbd9b54
INSTANCE NAME: uat-igv-ec2-fs02
Tagging Snapshot snap-067588debf105ed7a with the following Tags: Key=CreatedBy,Value=ec2-automate-backup Key=InstanceId,Value=i-ecbd9b54 Key=InstanceName,Value=uat-igv-ec2-fs02 Key=PurgeAfterFE,Value=1490300407 Key=PurgeAllow,Value=true Key=Volume,Value=vol-1b0114a4 Key=Created,Value=1487708407
INSTANCE i-ecbd9b54
INSTANCE NAME: uat-igv-ec2-fs02
Tagging Snapshot snap-09c004e68c0499acf with the following Tags: Key=CreatedBy,Value=ec2-automate-backup Key=InstanceId,Value=i-ecbd9b54 Key=InstanceName,Value=uat-igv-ec2-fs02 Key=PurgeAfterFE,Value=1490300407 Key=PurgeAllow,Value=true Key=Volume,Value=vol-070114b8 Key=Created,Value=1487708407
INSTANCE i-e599bf5d
INSTANCE NAME: uat-igv-ec2-im02
Tagging Snapshot snap-09a09d2c6fb918ea3 with the following Tags: Key=CreatedBy,Value=ec2-automate-backup Key=InstanceId,Value=i-e599bf5d Key=InstanceName,Value=uat-igv-ec2-im02 Key=PurgeAfterFE,Value=1490300407 Key=PurgeAllow,Value=true Key=Volume,Value=vol-32d8cd8d Key=Created,Value=1487708407
INSTANCE i-e599bf5d
INSTANCE NAME: uat-igv-ec2-im02
Tagging Snapshot snap-0d0aab5244ca61550 with the following Tags: Key=CreatedBy,Value=ec2-automate-backup Key=InstanceId,Value=i-e599bf5d Key=InstanceName,Value=uat-igv-ec2-im02 Key=PurgeAfterFE,Value=1490300407 Key=PurgeAllow,Value=true Key=Volume,Value=vol-99dbce26 Key=Created,Value=1487708407
INSTANCE i-e599bf5d
INSTANCE NAME: uat-igv-ec2-im02
Tagging Snapshot snap-0b4cd3be8400976dd with the following Tags: Key=CreatedBy,Value=ec2-automate-backup Key=InstanceId,Value=i-e599bf5d Key=InstanceName,Value=uat-igv-ec2-im02 Key=PurgeAfterFE,Value=1490300407 Key=PurgeAllow,Value=true Key=Volume,Value=vol-87dbce38 Key=Created,Value=1487708407
INSTANCE i-46b0ebfe
INSTANCE NAME: igv-ec2-im02
Tagging Snapshot snap-049e82c93d6a564a6 with the following Tags: Key=CreatedBy,Value=ec2-automate-backup Key=InstanceId,Value=i-46b0ebfe Key=InstanceName,Value=igv-ec2-im02 Key=PurgeAfterFE,Value=1490300407 Key=PurgeAllow,Value=true Key=Volume,Value=vol-0d15268307606d6f0 Key=Created,Value=1487708407
INSTANCE i-2eb0eb96
INSTANCE NAME: igv-ec2-fs02
Tagging Snapshot snap-08e73762b3ecbdcce with the following Tags: Key=CreatedBy,Value=ec2-automate-backup Key=InstanceId,Value=i-2eb0eb96 Key=InstanceName,Value=igv-ec2-fs02 Key=PurgeAfterFE,Value=1490300407 Key=PurgeAllow,Value=true Key=Volume,Value=vol-0e009e505c05a452a Key=Created,Value=1487708407
INSTANCE i-24b0eb9c
INSTANCE NAME: igv-ec2-web02
Tagging Snapshot snap-0ae2e2db5dfdfbd40 with the following Tags: Key=CreatedBy,Value=ec2-automate-backup Key=InstanceId,Value=i-24b0eb9c Key=InstanceName,Value=igv-ec2-web02 Key=PurgeAfterFE,Value=1490300407 Key=PurgeAllow,Value=true Key=Volume,Value=vol-0b69cceb822f7a407 Key=Created,Value=1487708407
INSTANCE i-b486a98c
INSTANCE NAME: igv-ec2-im01
Tagging Snapshot snap-01a950d56872bfda5 with the following Tags: Key=CreatedBy,Value=ec2-automate-backup Key=InstanceId,Value=i-b486a98c Key=InstanceName,Value=igv-ec2-im01 Key=PurgeAfterFE,Value=1490300407 Key=PurgeAllow,Value=true Key=Volume,Value=vol-64bceae1 Key=Created,Value=1487708407
INSTANCE i-b486a98c
INSTANCE NAME: igv-ec2-im01
Tagging Snapshot snap-07873b5b47baaf53d with the following Tags: Key=CreatedBy,Value=ec2-automate-backup Key=InstanceId,Value=i-b486a98c Key=InstanceName,Value=igv-ec2-im01 Key=PurgeAfterFE,Value=1490300407 Key=PurgeAllow,Value=true Key=Volume,Value=vol-67bceae2 Key=Created,Value=1487708407
INSTANCE i-b287a88a
INSTANCE NAME: igv-ec2-web01
Tagging Snapshot snap-0bb7ce924d6daf7a0 with the following Tags: Key=CreatedBy,Value=ec2-automate-backup Key=InstanceId,Value=i-b287a88a Key=InstanceName,Value=igv-ec2-web01 Key=PurgeAfterFE,Value=1490300407 Key=PurgeAllow,Value=true Key=Volume,Value=vol-b5bdeb30 Key=Created,Value=1487708407
INSTANCE i-b287a88a
INSTANCE NAME: igv-ec2-web01
Tagging Snapshot snap-05701eb20c35a64dc with the following Tags: Key=CreatedBy,Value=ec2-automate-backup Key=InstanceId,Value=i-b287a88a Key=InstanceName,Value=igv-ec2-web01 Key=PurgeAfterFE,Value=1490300407 Key=PurgeAllow,Value=true Key=Volume,Value=vol-c7bdeb42 Key=Created,Value=1487708407
INSTANCE i-0a87a832
INSTANCE NAME: igv-ec2-fs01
Tagging Snapshot snap-058342967c9cb43d6 with the following Tags: Key=CreatedBy,Value=ec2-automate-backup Key=InstanceId,Value=i-0a87a832 Key=InstanceName,Value=igv-ec2-fs01 Key=PurgeAfterFE,Value=1490300407 Key=PurgeAllow,Value=true Key=Volume,Value=vol-30bdebb5 Key=Created,Value=1487708407
INSTANCE i-0a87a832
INSTANCE NAME: igv-ec2-fs01
Tagging Snapshot snap-09e01c17921f5b55e with the following Tags: Key=CreatedBy,Value=ec2-automate-backup Key=InstanceId,Value=i-0a87a832 Key=InstanceName,Value=igv-ec2-fs01 Key=PurgeAfterFE,Value=1490300407 Key=PurgeAllow,Value=true Key=Volume,Value=vol-65bdebe0 Key=Created,Value=1487708407
INSTANCE i-e3dcf6db
INSTANCE NAME: uat-igv-ec2-web01
Tagging Snapshot snap-04d5fb85d0409c8c8 with the following Tags: Key=CreatedBy,Value=ec2-automate-backup Key=InstanceId,Value=i-e3dcf6db Key=InstanceName,Value=uat-igv-ec2-web01 Key=PurgeAfterFE,Value=1490300407 Key=PurgeAllow,Value=true Key=Volume,Value=vol-60b0e8e5 Key=Created,Value=1487708407
INSTANCE i-e3dcf6db
INSTANCE NAME: uat-igv-ec2-web01
Tagging Snapshot snap-00c642ecb26505bcd with the following Tags: Key=CreatedBy,Value=ec2-automate-backup Key=InstanceId,Value=i-e3dcf6db Key=InstanceName,Value=uat-igv-ec2-web01 Key=PurgeAfterFE,Value=1490300407 Key=PurgeAllow,Value=true Key=Volume,Value=vol-73b0e8f6 Key=Created,Value=1487708407
INSTANCE i-aacec892
INSTANCE NAME: newTags
Tagging Snapshot snap-07c940db7988459f7 with the following Tags: Key=CreatedBy,Value=ec2-automate-backup Key=InstanceId,Value=i-aacec892 Key=InstanceName,Value=newTags Key=PurgeAfterFE,Value=1490300407 Key=PurgeAllow,Value=true Key=Volume,Value=vol-10241f95 Key=Created,Value=1487708407
INSTANCE i-e3dcf6db
INSTANCE NAME: uat-igv-ec2-web01
Tagging Snapshot snap-0e1a9753328321da5 with the following Tags: Key=CreatedBy,Value=ec2-automate-backup Key=InstanceId,Value=i-e3dcf6db Key=InstanceName,Value=uat-igv-ec2-web01 Key=PurgeAfterFE,Value=1490300407 Key=PurgeAllow,Value=true Key=Volume,Value=vol-010b6aec845fdc72e Key=Created,Value=1487708407
INSTANCE i-b486a98c
INSTANCE NAME: igv-ec2-im01
Tagging Snapshot snap-007b84e606b4d8c87 with the following Tags: Key=CreatedBy,Value=ec2-automate-backup Key=InstanceId,Value=i-b486a98c Key=InstanceName,Value=igv-ec2-im01 Key=PurgeAfterFE,Value=1490300407 Key=PurgeAllow,Value=true Key=Volume,Value=vol-039deb6f07ed7c60c Key=Created,Value=1487708407
INSTANCE i-0a87a832
INSTANCE NAME: igv-ec2-fs01
Tagging Snapshot snap-0f182a18547f448a7 with the following Tags: Key=CreatedBy,Value=ec2-automate-backup Key=InstanceId,Value=i-0a87a832 Key=InstanceName,Value=igv-ec2-fs01 Key=PurgeAfterFE,Value=1490300407 Key=PurgeAllow,Value=true Key=Volume,Value=vol-095211fa83f1b6524 Key=Created,Value=1487708407
INSTANCE i-b287a88a
INSTANCE NAME: igv-ec2-web01
Tagging Snapshot snap-0b2e176450a9a7b89 with the following Tags: Key=CreatedBy,Value=ec2-automate-backup Key=InstanceId,Value=i-b287a88a Key=InstanceName,Value=igv-ec2-web01 Key=PurgeAfterFE,Value=1490300407 Key=PurgeAllow,Value=true Key=Volume,Value=vol-0cd7c487775e1e6bb Key=Created,Value=1487708407
Snapshot Purging is Starting Now.
Snapshot "snap-05043dc3493206f8a" with the PurgeAfterFE date of "1487707997" will be deleted.
Snapshot "snap-07e6be0d42f237503" with the PurgeAfterFE date of "1487707997" will be deleted.
Snapshot "snap-03c4b5484a805ac2c" with the PurgeAfterFE date of "1487707997" will be deleted.
Snapshot "snap-018125fd5445ba297" with the PurgeAfterFE date of "1487707997" will be deleted.
Snapshot "snap-0a81a004a93e6fbf9" with the PurgeAfterFE date of "1487707997" will be deleted.
Snapshot "snap-098064fc3982df656" with the PurgeAfterFE date of "1487707997" will be deleted.
Snapshot "snap-0e490f22335890b44" with the PurgeAfterFE date of "1487707997" will be deleted.
Snapshot "snap-0d5c54ec633429c85" with the PurgeAfterFE date of "1487707997" will be deleted.
Snapshot "snap-0e0e6165876cd30c6" with the PurgeAfterFE date of "1487707997" will be deleted.
Snapshot "snap-05f9c2e265e9c315f" with the PurgeAfterFE date of "1487707997" will be deleted.
Snapshot "snap-0fbef95721ddebab2" with the PurgeAfterFE date of "1487707997" will be deleted.
Snapshot "snap-04c90cec7eed7e75d" with the PurgeAfterFE date of "1487707997" will be deleted.
Snapshot "snap-0ea0033e579550a99" with the PurgeAfterFE date of "1487707997" will be deleted.
Snapshot "snap-016c46ed414aa7112" with the PurgeAfterFE date of "1487707997" will be deleted.
Snapshot "snap-0e2cf7d9aa7b3e0ea" with the PurgeAfterFE date of "1487707997" will be deleted.
Snapshot "snap-041c139130284ac6e" with the PurgeAfterFE date of "1487707997" will be deleted.
Snapshot "snap-0e8e72ebbbee35cab" with the PurgeAfterFE date of "1487707997" will be deleted.
Snapshot "snap-053ec772a55646ff7" with the PurgeAfterFE date of "1487707997" will be deleted.
Snapshot "snap-0429d580c9ce3b3ee" with the PurgeAfterFE date of "1487707997" will be deleted.
Snapshot "snap-07b90881514ece073" with the PurgeAfterFE date of "1487707997" will be deleted.
Snapshot "snap-02043a2ac4cec5c09" with the PurgeAfterFE date of "1487707997" will be deleted.
Snapshot "snap-04ce5c8f716af051d" with the PurgeAfterFE date of "1487707997" will be deleted.
Snapshot "snap-02dac5de60e5d8252" with the PurgeAfterFE date of "1487707997" will be deleted.
Snapshot "snap-033803e28363671de" with the PurgeAfterFE date of "1487707997" will be deleted.
Snapshot "snap-0c814b8dd13b676ce" with the PurgeAfterFE date of "1487707997" will be deleted.
Snapshot "snap-0216b313b0361bfc8" with the PurgeAfterFE date of "1487707997" will be deleted.
Snapshot "snap-001d202b2449d62c6" with the PurgeAfterFE date of "1487707997" will be deleted.
