Snapshots taken by ec2-volumes-autobackup.sh will be eligible for purging after the following date (the purge after date given in seconds from epoch): 1487959805.
INSTANCE i-526547ea
INSTANCE NAME: test_internetds_nat02
Tagging Snapshot snap-0b29424a40603118c with the following Tags: Key=CreatedBy,Value=ec2-automate-backup Key=InstanceId,Value=i-526547ea Key=InstanceName,Value=test_internetds_nat02 Key=PurgeAfterFE,Value=1487959805 Key=PurgeAllow,Value=true Key=Volume,Value=vol-719282ce Key=Created,Value=1485367805
INSTANCE i-b17a5809
INSTANCE NAME: uat_internetds_front_app01
Tagging Snapshot snap-01688d9cf232491b3 with the following Tags: Key=CreatedBy,Value=ec2-automate-backup Key=InstanceId,Value=i-b17a5809 Key=InstanceName,Value=uat_internetds_front_app01 Key=PurgeAfterFE,Value=1487959805 Key=PurgeAllow,Value=true Key=Volume,Value=vol-c6849479 Key=Created,Value=1485367805
INSTANCE i-b17a5809
INSTANCE NAME: uat_internetds_front_app01
Tagging Snapshot snap-093b76f085af5d257 with the following Tags: Key=CreatedBy,Value=ec2-automate-backup Key=InstanceId,Value=i-b17a5809 Key=InstanceName,Value=uat_internetds_front_app01 Key=PurgeAfterFE,Value=1487959805 Key=PurgeAllow,Value=true Key=Volume,Value=vol-3084948f Key=Created,Value=1485367805
INSTANCE i-8a7a5832
INSTANCE NAME: uat_internetds_mid01
Tagging Snapshot snap-0994ce08cdd83c112 with the following Tags: Key=CreatedBy,Value=ec2-automate-backup Key=InstanceId,Value=i-8a7a5832 Key=InstanceName,Value=uat_internetds_mid01 Key=PurgeAfterFE,Value=1487959805 Key=PurgeAllow,Value=true Key=Volume,Value=vol-8c859533 Key=Created,Value=1485367805
INSTANCE i-8a7a5832
INSTANCE NAME: uat_internetds_mid01
Tagging Snapshot snap-0ad5d4a8435bb2a69 with the following Tags: Key=CreatedBy,Value=ec2-automate-backup Key=InstanceId,Value=i-8a7a5832 Key=InstanceName,Value=uat_internetds_mid01 Key=PurgeAfterFE,Value=1487959805 Key=PurgeAllow,Value=true Key=Volume,Value=vol-798595c6 Key=Created,Value=1485367805
INSTANCE i-1b7a58a3
INSTANCE NAME: uat_internetds_opsmon_mongo01
Tagging Snapshot snap-0d51b362f3cf05678 with the following Tags: Key=CreatedBy,Value=ec2-automate-backup Key=InstanceId,Value=i-1b7a58a3 Key=InstanceName,Value=uat_internetds_opsmon_mongo01 Key=PurgeAfterFE,Value=1487959805 Key=PurgeAllow,Value=true Key=Volume,Value=vol-bf879700 Key=Created,Value=1485367805
INSTANCE i-1a7a58a2
INSTANCE NAME: uat_internetds_opsmon_mongo02
Tagging Snapshot snap-0a71f2cc3fa5f1fdc with the following Tags: Key=CreatedBy,Value=ec2-automate-backup Key=InstanceId,Value=i-1a7a58a2 Key=InstanceName,Value=uat_internetds_opsmon_mongo02 Key=PurgeAfterFE,Value=1487959805 Key=PurgeAllow,Value=true Key=Volume,Value=vol-fd879742 Key=Created,Value=1485367805
INSTANCE i-1b7a58a3
INSTANCE NAME: uat_internetds_opsmon_mongo01
Tagging Snapshot snap-014b232f9a34d56fb with the following Tags: Key=CreatedBy,Value=ec2-automate-backup Key=InstanceId,Value=i-1b7a58a3 Key=InstanceName,Value=uat_internetds_opsmon_mongo01 Key=PurgeAfterFE,Value=1487959805 Key=PurgeAllow,Value=true Key=Volume,Value=vol-e287975d Key=Created,Value=1485367805
INSTANCE i-1a7a58a2
INSTANCE NAME: uat_internetds_opsmon_mongo02
Tagging Snapshot snap-06655aac61fcf6684 with the following Tags: Key=CreatedBy,Value=ec2-automate-backup Key=InstanceId,Value=i-1a7a58a2 Key=InstanceName,Value=uat_internetds_opsmon_mongo02 Key=PurgeAfterFE,Value=1487959805 Key=PurgeAllow,Value=true Key=Volume,Value=vol-e187975e Key=Created,Value=1485367805
INSTANCE i-c7795b7f
INSTANCE NAME: uat_internetds_life_app02
Tagging Snapshot snap-0cb26960f2e784b93 with the following Tags: Key=CreatedBy,Value=ec2-automate-backup Key=InstanceId,Value=i-c7795b7f Key=InstanceName,Value=uat_internetds_life_app02 Key=PurgeAfterFE,Value=1487959805 Key=PurgeAllow,Value=true Key=Volume,Value=vol-698b9bd6 Key=Created,Value=1485367805
INSTANCE i-c7795b7f
INSTANCE NAME: uat_internetds_life_app02
Tagging Snapshot snap-031c668a912f7818c with the following Tags: Key=CreatedBy,Value=ec2-automate-backup Key=InstanceId,Value=i-c7795b7f Key=InstanceName,Value=uat_internetds_life_app02 Key=PurgeAfterFE,Value=1487959805 Key=PurgeAllow,Value=true Key=Volume,Value=vol-fa8c9c45 Key=Created,Value=1485367805
INSTANCE i-d6785a6e
INSTANCE NAME: dev_internetds_front_app02
Tagging Snapshot snap-02a2afaa825f05a66 with the following Tags: Key=CreatedBy,Value=ec2-automate-backup Key=InstanceId,Value=i-d6785a6e Key=InstanceName,Value=dev_internetds_front_app02 Key=PurgeAfterFE,Value=1487959805 Key=PurgeAllow,Value=true Key=Volume,Value=vol-068c9cb9 Key=Created,Value=1485367805
INSTANCE i-d6785a6e
INSTANCE NAME: dev_internetds_front_app02
Tagging Snapshot snap-0e8c914ffb28f5b7d with the following Tags: Key=CreatedBy,Value=ec2-automate-backup Key=InstanceId,Value=i-d6785a6e Key=InstanceName,Value=dev_internetds_front_app02 Key=PurgeAfterFE,Value=1487959805 Key=PurgeAllow,Value=true Key=Volume,Value=vol-058c9cba Key=Created,Value=1485367805
INSTANCE i-3f7e5c87
INSTANCE NAME: dev_internetds_opsmon_mongo02
Tagging Snapshot snap-0ec6c2d6bbca78cd0 with the following Tags: Key=CreatedBy,Value=ec2-automate-backup Key=InstanceId,Value=i-3f7e5c87 Key=InstanceName,Value=dev_internetds_opsmon_mongo02 Key=PurgeAfterFE,Value=1487959805 Key=PurgeAllow,Value=true Key=Volume,Value=vol-738c9ccc Key=Created,Value=1485367805
INSTANCE i-3e7e5c86
INSTANCE NAME: dev_internetds_opsmon_mongo01
Tagging Snapshot snap-010805fe10a4ae159 with the following Tags: Key=CreatedBy,Value=ec2-automate-backup Key=InstanceId,Value=i-3e7e5c86 Key=InstanceName,Value=dev_internetds_opsmon_mongo01 Key=PurgeAfterFE,Value=1487959805 Key=PurgeAllow,Value=true Key=Volume,Value=vol-528c9ced Key=Created,Value=1485367805
INSTANCE i-3f7e5c87
INSTANCE NAME: dev_internetds_opsmon_mongo02
Tagging Snapshot snap-0d83db99c0f692d51 with the following Tags: Key=CreatedBy,Value=ec2-automate-backup Key=InstanceId,Value=i-3f7e5c87 Key=InstanceName,Value=dev_internetds_opsmon_mongo02 Key=PurgeAfterFE,Value=1487959805 Key=PurgeAllow,Value=true Key=Volume,Value=vol-bd8d9d02 Key=Created,Value=1485367805
INSTANCE i-3e7e5c86
INSTANCE NAME: dev_internetds_opsmon_mongo01
Tagging Snapshot snap-01eb5039d082d01af with the following Tags: Key=CreatedBy,Value=ec2-automate-backup Key=InstanceId,Value=i-3e7e5c86 Key=InstanceName,Value=dev_internetds_opsmon_mongo01 Key=PurgeAfterFE,Value=1487959805 Key=PurgeAllow,Value=true Key=Volume,Value=vol-8e8d9d31 Key=Created,Value=1485367805
INSTANCE i-607e5cd8
INSTANCE NAME: dev_internetds_opsmon_app02
Tagging Snapshot snap-0828b3ae7cbdedd3e with the following Tags: Key=CreatedBy,Value=ec2-automate-backup Key=InstanceId,Value=i-607e5cd8 Key=InstanceName,Value=dev_internetds_opsmon_app02 Key=PurgeAfterFE,Value=1487959805 Key=PurgeAllow,Value=true Key=Volume,Value=vol-2d8d9d92 Key=Created,Value=1485367805
INSTANCE i-587e5ce0
INSTANCE NAME: uat_internetds_health_app01
Tagging Snapshot snap-0b1018e38aad54f6c with the following Tags: Key=CreatedBy,Value=ec2-automate-backup Key=InstanceId,Value=i-587e5ce0 Key=InstanceName,Value=uat_internetds_health_app01 Key=PurgeAfterFE,Value=1487959805 Key=PurgeAllow,Value=true Key=Volume,Value=vol-738d9dcc Key=Created,Value=1485367805
INSTANCE i-607e5cd8
INSTANCE NAME: dev_internetds_opsmon_app02
Tagging Snapshot snap-021c8dca9c3906b0d with the following Tags: Key=CreatedBy,Value=ec2-automate-backup Key=InstanceId,Value=i-607e5cd8 Key=InstanceName,Value=dev_internetds_opsmon_app02 Key=PurgeAfterFE,Value=1487959805 Key=PurgeAllow,Value=true Key=Volume,Value=vol-6e8d9dd1 Key=Created,Value=1485367805
INSTANCE i-587e5ce0
INSTANCE NAME: uat_internetds_health_app01
Tagging Snapshot snap-0d81306bbdac69c36 with the following Tags: Key=CreatedBy,Value=ec2-automate-backup Key=InstanceId,Value=i-587e5ce0 Key=InstanceName,Value=uat_internetds_health_app01 Key=PurgeAfterFE,Value=1487959805 Key=PurgeAllow,Value=true Key=Volume,Value=vol-468d9df9 Key=Created,Value=1485367805
INSTANCE i-bd7e5c05
INSTANCE NAME: dev_internetds_health_app02
Tagging Snapshot snap-03401810977bd3ffa with the following Tags: Key=CreatedBy,Value=ec2-automate-backup Key=InstanceId,Value=i-bd7e5c05 Key=InstanceName,Value=dev_internetds_health_app02 Key=PurgeAfterFE,Value=1487959805 Key=PurgeAllow,Value=true Key=Volume,Value=vol-e78e9e58 Key=Created,Value=1485367805
INSTANCE i-bd7e5c05
INSTANCE NAME: dev_internetds_health_app02
Tagging Snapshot snap-01ce3216e55b22955 with the following Tags: Key=CreatedBy,Value=ec2-automate-backup Key=InstanceId,Value=i-bd7e5c05 Key=InstanceName,Value=dev_internetds_health_app02 Key=PurgeAfterFE,Value=1487959805 Key=PurgeAllow,Value=true Key=Volume,Value=vol-338e9e8c Key=Created,Value=1485367805
INSTANCE i-6d7f5dd5
INSTANCE NAME: dev_internetds_cache01
Tagging Snapshot snap-062c14f7637b7560e with the following Tags: Key=CreatedBy,Value=ec2-automate-backup Key=InstanceId,Value=i-6d7f5dd5 Key=InstanceName,Value=dev_internetds_cache01 Key=PurgeAfterFE,Value=1487959805 Key=PurgeAllow,Value=true Key=Volume,Value=vol-bab0a005 Key=Created,Value=1485367805
INSTANCE i-627f5dda
INSTANCE NAME: dev_internetds_mid02
Tagging Snapshot snap-03e3de5ded9bd04f3 with the following Tags: Key=CreatedBy,Value=ec2-automate-backup Key=InstanceId,Value=i-627f5dda Key=InstanceName,Value=dev_internetds_mid02 Key=PurgeAfterFE,Value=1487959805 Key=PurgeAllow,Value=true Key=Volume,Value=vol-efb0a050 Key=Created,Value=1485367805
INSTANCE i-6d7f5dd5
INSTANCE NAME: dev_internetds_cache01
Tagging Snapshot snap-0b6af37a5f3a9ddeb with the following Tags: Key=CreatedBy,Value=ec2-automate-backup Key=InstanceId,Value=i-6d7f5dd5 Key=InstanceName,Value=dev_internetds_cache01 Key=PurgeAfterFE,Value=1487959805 Key=PurgeAllow,Value=true Key=Volume,Value=vol-d4b0a06b Key=Created,Value=1485367805
INSTANCE i-627f5dda
INSTANCE NAME: dev_internetds_mid02
Tagging Snapshot snap-06e7eec84625403bb with the following Tags: Key=CreatedBy,Value=ec2-automate-backup Key=InstanceId,Value=i-627f5dda Key=InstanceName,Value=dev_internetds_mid02 Key=PurgeAfterFE,Value=1487959805 Key=PurgeAllow,Value=true Key=Volume,Value=vol-c5b0a07a Key=Created,Value=1485367805
INSTANCE i-397f5d81
INSTANCE NAME: dev_internetds_datax_app02
Tagging Snapshot snap-0d9dda50045b24524 with the following Tags: Key=CreatedBy,Value=ec2-automate-backup Key=InstanceId,Value=i-397f5d81 Key=InstanceName,Value=dev_internetds_datax_app02 Key=PurgeAfterFE,Value=1487959805 Key=PurgeAllow,Value=true Key=Volume,Value=vol-14b0a0ab Key=Created,Value=1485367805
INSTANCE i-397f5d81
INSTANCE NAME: dev_internetds_datax_app02
Tagging Snapshot snap-0d8f1f49b68f5dfe2 with the following Tags: Key=CreatedBy,Value=ec2-automate-backup Key=InstanceId,Value=i-397f5d81 Key=InstanceName,Value=dev_internetds_datax_app02 Key=PurgeAfterFE,Value=1487959805 Key=PurgeAllow,Value=true Key=Volume,Value=vol-6db0a0d2 Key=Created,Value=1485367805
INSTANCE i-987f5d20
INSTANCE NAME: dev_internetds_cache02
Tagging Snapshot snap-005449d22dc911827 with the following Tags: Key=CreatedBy,Value=ec2-automate-backup Key=InstanceId,Value=i-987f5d20 Key=InstanceName,Value=dev_internetds_cache02 Key=PurgeAfterFE,Value=1487959805 Key=PurgeAllow,Value=true Key=Volume,Value=vol-b8b1a107 Key=Created,Value=1485367805
INSTANCE i-8e7f5d36
INSTANCE NAME: uat_internetds_opsmon_app01
Tagging Snapshot snap-001edd526c7798786 with the following Tags: Key=CreatedBy,Value=ec2-automate-backup Key=InstanceId,Value=i-8e7f5d36 Key=InstanceName,Value=uat_internetds_opsmon_app01 Key=PurgeAfterFE,Value=1487959805 Key=PurgeAllow,Value=true Key=Volume,Value=vol-9cb1a123 Key=Created,Value=1485367805
INSTANCE i-987f5d20
INSTANCE NAME: dev_internetds_cache02
Tagging Snapshot snap-0eba4aadf038a68f5 with the following Tags: Key=CreatedBy,Value=ec2-automate-backup Key=InstanceId,Value=i-987f5d20 Key=InstanceName,Value=dev_internetds_cache02 Key=PurgeAfterFE,Value=1487959805 Key=PurgeAllow,Value=true Key=Volume,Value=vol-90b1a12f Key=Created,Value=1485367805
INSTANCE i-8e7f5d36
INSTANCE NAME: uat_internetds_opsmon_app01
Tagging Snapshot snap-0655a8d9f44f94242 with the following Tags: Key=CreatedBy,Value=ec2-automate-backup Key=InstanceId,Value=i-8e7f5d36 Key=InstanceName,Value=uat_internetds_opsmon_app01 Key=PurgeAfterFE,Value=1487959805 Key=PurgeAllow,Value=true Key=Volume,Value=vol-86b1a139 Key=Created,Value=1485367805
INSTANCE i-aabd9012
INSTANCE NAME: test_epolicy_mail02
Tagging Snapshot snap-017fd5e80d19055ce with the following Tags: Key=CreatedBy,Value=ec2-automate-backup Key=InstanceId,Value=i-aabd9012 Key=InstanceName,Value=test_epolicy_mail02 Key=PurgeAfterFE,Value=1487959805 Key=PurgeAllow,Value=true Key=Volume,Value=vol-ac205e31 Key=Created,Value=1485367805
INSTANCE i-aabd9012
INSTANCE NAME: test_epolicy_mail02
Tagging Snapshot snap-0ff7510ce9d322263 with the following Tags: Key=CreatedBy,Value=ec2-automate-backup Key=InstanceId,Value=i-aabd9012 Key=InstanceName,Value=test_epolicy_mail02 Key=PurgeAfterFE,Value=1487959805 Key=PurgeAllow,Value=true Key=Volume,Value=vol-dc205e41 Key=Created,Value=1485367805
INSTANCE i-95260a2d
INSTANCE NAME: dev_internetds_life_app01
Tagging Snapshot snap-01fa20b7b33478489 with the following Tags: Key=CreatedBy,Value=ec2-automate-backup Key=InstanceId,Value=i-95260a2d Key=InstanceName,Value=dev_internetds_life_app01 Key=PurgeAfterFE,Value=1487959805 Key=PurgeAllow,Value=true Key=Volume,Value=vol-f6f58b6b Key=Created,Value=1485367805
INSTANCE i-95260a2d
INSTANCE NAME: dev_internetds_life_app01
Tagging Snapshot snap-04bff34b908947e76 with the following Tags: Key=CreatedBy,Value=ec2-automate-backup Key=InstanceId,Value=i-95260a2d Key=InstanceName,Value=dev_internetds_life_app01 Key=PurgeAfterFE,Value=1487959805 Key=PurgeAllow,Value=true Key=Volume,Value=vol-28f58bb5 Key=Created,Value=1485367805
INSTANCE i-f3ddf24b
INSTANCE NAME: uat_internetds_datax_app3
Tagging Snapshot snap-07ca3f201c519df63 with the following Tags: Key=CreatedBy,Value=ec2-automate-backup Key=InstanceId,Value=i-f3ddf24b Key=InstanceName,Value=uat_internetds_datax_app3 Key=PurgeAfterFE,Value=1487959805 Key=PurgeAllow,Value=true Key=Volume,Value=vol-19394284 Key=Created,Value=1485367805
INSTANCE i-43ddf2fb
INSTANCE NAME: uat_internetds_datax_app4
Tagging Snapshot snap-0af476e85badc7b94 with the following Tags: Key=CreatedBy,Value=ec2-automate-backup Key=InstanceId,Value=i-43ddf2fb Key=InstanceName,Value=uat_internetds_datax_app4 Key=PurgeAfterFE,Value=1487959805 Key=PurgeAllow,Value=true Key=Volume,Value=vol-393942a4 Key=Created,Value=1485367805
INSTANCE i-f3ddf24b
INSTANCE NAME: uat_internetds_datax_app3
Tagging Snapshot snap-0a058a24019273c67 with the following Tags: Key=CreatedBy,Value=ec2-automate-backup Key=InstanceId,Value=i-f3ddf24b Key=InstanceName,Value=uat_internetds_datax_app3 Key=PurgeAfterFE,Value=1487959805 Key=PurgeAllow,Value=true Key=Volume,Value=vol-503942cd Key=Created,Value=1485367805
INSTANCE i-43ddf2fb
INSTANCE NAME: uat_internetds_datax_app4
Tagging Snapshot snap-0f0b3cf9764544091 with the following Tags: Key=CreatedBy,Value=ec2-automate-backup Key=InstanceId,Value=i-43ddf2fb Key=InstanceName,Value=uat_internetds_datax_app4 Key=PurgeAfterFE,Value=1487959805 Key=PurgeAllow,Value=true Key=Volume,Value=vol-8038431d Key=Created,Value=1485367805
INSTANCE i-4b042af3
INSTANCE NAME: internetds_front_nginx02
Tagging Snapshot snap-086b66dab68bcf9e8 with the following Tags: Key=CreatedBy,Value=ec2-automate-backup Key=InstanceId,Value=i-4b042af3 Key=InstanceName,Value=internetds_front_nginx02 Key=PurgeAfterFE,Value=1487959805 Key=PurgeAllow,Value=true Key=Volume,Value=vol-51215bcc Key=Created,Value=1485367805
INSTANCE i-da042a62
INSTANCE NAME: internetds_front_zkp_app02
Tagging Snapshot snap-0adf3942fc8822066 with the following Tags: Key=CreatedBy,Value=ec2-automate-backup Key=InstanceId,Value=i-da042a62 Key=InstanceName,Value=internetds_front_zkp_app02 Key=PurgeAfterFE,Value=1487959805 Key=PurgeAllow,Value=true Key=Volume,Value=vol-7e215be3 Key=Created,Value=1485367805
INSTANCE i-4b042af3
INSTANCE NAME: internetds_front_nginx02
Tagging Snapshot snap-03e895336e465b359 with the following Tags: Key=CreatedBy,Value=ec2-automate-backup Key=InstanceId,Value=i-4b042af3 Key=InstanceName,Value=internetds_front_nginx02 Key=PurgeAfterFE,Value=1487959805 Key=PurgeAllow,Value=true Key=Volume,Value=vol-6c215bf1 Key=Created,Value=1485367805
INSTANCE i-c1042a79
INSTANCE NAME: internetds_front_mq_app02
Tagging Snapshot snap-058cdc7598a665b4e with the following Tags: Key=CreatedBy,Value=ec2-automate-backup Key=InstanceId,Value=i-c1042a79 Key=InstanceName,Value=internetds_front_mq_app02 Key=PurgeAfterFE,Value=1487959805 Key=PurgeAllow,Value=true Key=Volume,Value=vol-dc265c41 Key=Created,Value=1485367805
INSTANCE i-c1042a79
INSTANCE NAME: internetds_front_mq_app02
Tagging Snapshot snap-03025827c6389668b with the following Tags: Key=CreatedBy,Value=ec2-automate-backup Key=InstanceId,Value=i-c1042a79 Key=InstanceName,Value=internetds_front_mq_app02 Key=PurgeAfterFE,Value=1487959805 Key=PurgeAllow,Value=true Key=Volume,Value=vol-df265c42 Key=Created,Value=1485367805
INSTANCE i-da042a62
INSTANCE NAME: internetds_front_zkp_app02
Tagging Snapshot snap-059059f06eb4796ee with the following Tags: Key=CreatedBy,Value=ec2-automate-backup Key=InstanceId,Value=i-da042a62 Key=InstanceName,Value=internetds_front_zkp_app02 Key=PurgeAfterFE,Value=1487959805 Key=PurgeAllow,Value=true Key=Volume,Value=vol-d4265c49 Key=Created,Value=1485367805
INSTANCE i-c5042a7d
INSTANCE NAME: internetds_front_dsjr_app02
Tagging Snapshot snap-00a3488ce3ed822e1 with the following Tags: Key=CreatedBy,Value=ec2-automate-backup Key=InstanceId,Value=i-c5042a7d Key=InstanceName,Value=internetds_front_dsjr_app02 Key=PurgeAfterFE,Value=1487959805 Key=PurgeAllow,Value=true Key=Volume,Value=vol-c7265c5a Key=Created,Value=1485367805
INSTANCE i-a9052b11
INSTANCE NAME: internetds_front_yyzc_app02
Tagging Snapshot snap-0f74824133abd2280 with the following Tags: Key=CreatedBy,Value=ec2-automate-backup Key=InstanceId,Value=i-a9052b11 Key=InstanceName,Value=internetds_front_yyzc_app02 Key=PurgeAfterFE,Value=1487959805 Key=PurgeAllow,Value=true Key=Volume,Value=vol-09265c94 Key=Created,Value=1485367805
INSTANCE i-c5042a7d
INSTANCE NAME: internetds_front_dsjr_app02
Tagging Snapshot snap-0443fff32f4e539d1 with the following Tags: Key=CreatedBy,Value=ec2-automate-backup Key=InstanceId,Value=i-c5042a7d Key=InstanceName,Value=internetds_front_dsjr_app02 Key=PurgeAfterFE,Value=1487959805 Key=PurgeAllow,Value=true Key=Volume,Value=vol-01265c9c Key=Created,Value=1485367805
INSTANCE i-a9052b11
INSTANCE NAME: internetds_front_yyzc_app02
Tagging Snapshot snap-0d4c237a9b1098fca with the following Tags: Key=CreatedBy,Value=ec2-automate-backup Key=InstanceId,Value=i-a9052b11 Key=InstanceName,Value=internetds_front_yyzc_app02 Key=PurgeAfterFE,Value=1487959805 Key=PurgeAllow,Value=true Key=Volume,Value=vol-46265cdb Key=Created,Value=1485367805
INSTANCE i-aa032d12
INSTANCE NAME: internetds_opsmon_app02
Tagging Snapshot snap-09ab5c71241b79fad with the following Tags: Key=CreatedBy,Value=ec2-automate-backup Key=InstanceId,Value=i-aa032d12 Key=InstanceName,Value=internetds_opsmon_app02 Key=PurgeAfterFE,Value=1487959805 Key=PurgeAllow,Value=true Key=Volume,Value=vol-00255f9d Key=Created,Value=1485367805
INSTANCE i-aa032d12
INSTANCE NAME: internetds_opsmon_app02
Tagging Snapshot snap-00d561534d60f89aa with the following Tags: Key=CreatedBy,Value=ec2-automate-backup Key=InstanceId,Value=i-aa032d12 Key=InstanceName,Value=internetds_opsmon_app02 Key=PurgeAfterFE,Value=1487959805 Key=PurgeAllow,Value=true Key=Volume,Value=vol-4e255fd3 Key=Created,Value=1485367805
INSTANCE i-64002edc
INSTANCE NAME: internetds_front_yyzc_app02
Tagging Snapshot snap-0321c11e5874fe3eb with the following Tags: Key=CreatedBy,Value=ec2-automate-backup Key=InstanceId,Value=i-64002edc Key=InstanceName,Value=internetds_front_yyzc_app02 Key=PurgeAfterFE,Value=1487959805 Key=PurgeAllow,Value=true Key=Volume,Value=vol-ae1b6133 Key=Created,Value=1485367805
INSTANCE i-6d002ed5
INSTANCE NAME: internetds_dmz_nginx02
Tagging Snapshot snap-071e4764b87c5b5a4 with the following Tags: Key=CreatedBy,Value=ec2-automate-backup Key=InstanceId,Value=i-6d002ed5 Key=InstanceName,Value=internetds_dmz_nginx02 Key=PurgeAfterFE,Value=1487959805 Key=PurgeAllow,Value=true Key=Volume,Value=vol-da1b6147 Key=Created,Value=1485367805
INSTANCE i-6d002ed5
INSTANCE NAME: internetds_dmz_nginx02
Tagging Snapshot snap-028e8ba92ae8e0fa2 with the following Tags: Key=CreatedBy,Value=ec2-automate-backup Key=InstanceId,Value=i-6d002ed5 Key=InstanceName,Value=internetds_dmz_nginx02 Key=PurgeAfterFE,Value=1487959805 Key=PurgeAllow,Value=true Key=Volume,Value=vol-f21b616f Key=Created,Value=1485367805
INSTANCE i-64002edc
INSTANCE NAME: internetds_front_yyzc_app02
Tagging Snapshot snap-0c47ee0cc3690be58 with the following Tags: Key=CreatedBy,Value=ec2-automate-backup Key=InstanceId,Value=i-64002edc Key=InstanceName,Value=internetds_front_yyzc_app02 Key=PurgeAfterFE,Value=1487959805 Key=PurgeAllow,Value=true Key=Volume,Value=vol-181b6185 Key=Created,Value=1485367805
INSTANCE i-5a002ee2
INSTANCE NAME: internetds_nat02
Tagging Snapshot snap-06218bdf6b60d4ce9 with the following Tags: Key=CreatedBy,Value=ec2-automate-backup Key=InstanceId,Value=i-5a002ee2 Key=InstanceName,Value=internetds_nat02 Key=PurgeAfterFE,Value=1487959805 Key=PurgeAllow,Value=true Key=Volume,Value=vol-7f1b61e2 Key=Created,Value=1485367805
INSTANCE i-79b59bc1
INSTANCE NAME: internetds_datax_app02
Tagging Snapshot snap-0bc1a8cd8fbbbdd56 with the following Tags: Key=CreatedBy,Value=ec2-automate-backup Key=InstanceId,Value=i-79b59bc1 Key=InstanceName,Value=internetds_datax_app02 Key=PurgeAfterFE,Value=1487959805 Key=PurgeAllow,Value=true Key=Volume,Value=vol-75f68ce8 Key=Created,Value=1485367805
INSTANCE i-7ab59bc2
INSTANCE NAME: internetds_datax_yc_app02
Tagging Snapshot snap-061cc1a311cb13d08 with the following Tags: Key=CreatedBy,Value=ec2-automate-backup Key=InstanceId,Value=i-7ab59bc2 Key=InstanceName,Value=internetds_datax_yc_app02 Key=PurgeAfterFE,Value=1487959805 Key=PurgeAllow,Value=true Key=Volume,Value=vol-74f68ce9 Key=Created,Value=1485367805
INSTANCE i-7ab59bc2
INSTANCE NAME: internetds_datax_yc_app02
Tagging Snapshot snap-009c88c314eefb3b9 with the following Tags: Key=CreatedBy,Value=ec2-automate-backup Key=InstanceId,Value=i-7ab59bc2 Key=InstanceName,Value=internetds_datax_yc_app02 Key=PurgeAfterFE,Value=1487959805 Key=PurgeAllow,Value=true Key=Volume,Value=vol-92f78d0f Key=Created,Value=1485367805
INSTANCE i-79b59bc1
INSTANCE NAME: internetds_datax_app02
Tagging Snapshot snap-06054ba6024f50d11 with the following Tags: Key=CreatedBy,Value=ec2-automate-backup Key=InstanceId,Value=i-79b59bc1 Key=InstanceName,Value=internetds_datax_app02 Key=PurgeAfterFE,Value=1487959805 Key=PurgeAllow,Value=true Key=Volume,Value=vol-a9f78d34 Key=Created,Value=1485367805
INSTANCE i-046148bc
INSTANCE NAME: internetds_epolicy_app03
Tagging Snapshot snap-08695cb4378b4184b with the following Tags: Key=CreatedBy,Value=ec2-automate-backup Key=InstanceId,Value=i-046148bc Key=InstanceName,Value=internetds_epolicy_app03 Key=PurgeAfterFE,Value=1487959805 Key=PurgeAllow,Value=true Key=Volume,Value=vol-bc165321 Key=Created,Value=1485367805
INSTANCE i-046148bc
INSTANCE NAME: internetds_epolicy_app03
Tagging Snapshot snap-057298daa31815bdf with the following Tags: Key=CreatedBy,Value=ec2-automate-backup Key=InstanceId,Value=i-046148bc Key=InstanceName,Value=internetds_epolicy_app03 Key=PurgeAfterFE,Value=1487959805 Key=PurgeAllow,Value=true Key=Volume,Value=vol-db165346 Key=Created,Value=1485367805
INSTANCE i-056148bd
INSTANCE NAME: internetds_epolicy_app04
Tagging Snapshot snap-0f48b1572ab7ff47d with the following Tags: Key=CreatedBy,Value=ec2-automate-backup Key=InstanceId,Value=i-056148bd Key=InstanceName,Value=internetds_epolicy_app04 Key=PurgeAfterFE,Value=1487959805 Key=PurgeAllow,Value=true Key=Volume,Value=vol-fd165360 Key=Created,Value=1485367805
INSTANCE i-056148bd
INSTANCE NAME: internetds_epolicy_app04
Tagging Snapshot snap-09791a014fe47766c with the following Tags: Key=CreatedBy,Value=ec2-automate-backup Key=InstanceId,Value=i-056148bd Key=InstanceName,Value=internetds_epolicy_app04 Key=PurgeAfterFE,Value=1487959805 Key=PurgeAllow,Value=true Key=Volume,Value=vol-e4165379 Key=Created,Value=1485367805
INSTANCE i-51634ae9
INSTANCE NAME: internetds_dmz_email02
Tagging Snapshot snap-068c290779359a1a3 with the following Tags: Key=CreatedBy,Value=ec2-automate-backup Key=InstanceId,Value=i-51634ae9 Key=InstanceName,Value=internetds_dmz_email02 Key=PurgeAfterFE,Value=1487959805 Key=PurgeAllow,Value=true Key=Volume,Value=vol-b210552f Key=Created,Value=1485367805
INSTANCE i-51634ae9
INSTANCE NAME: internetds_dmz_email02
Tagging Snapshot snap-0bed7a6a919b179c4 with the following Tags: Key=CreatedBy,Value=ec2-automate-backup Key=InstanceId,Value=i-51634ae9 Key=InstanceName,Value=internetds_dmz_email02 Key=PurgeAfterFE,Value=1487959805 Key=PurgeAllow,Value=true Key=Volume,Value=vol-d9105544 Key=Created,Value=1485367805
INSTANCE i-e298b05a
INSTANCE NAME: internetds_epolicy_app07
Tagging Snapshot snap-018408468ebd01eaf with the following Tags: Key=CreatedBy,Value=ec2-automate-backup Key=InstanceId,Value=i-e298b05a Key=InstanceName,Value=internetds_epolicy_app07 Key=PurgeAfterFE,Value=1487959805 Key=PurgeAllow,Value=true Key=Volume,Value=vol-17e8af8a Key=Created,Value=1485367805
INSTANCE i-e398b05b
INSTANCE NAME: internetds_epolicy_app08
Tagging Snapshot snap-0f362eaec32c11d33 with the following Tags: Key=CreatedBy,Value=ec2-automate-backup Key=InstanceId,Value=i-e398b05b Key=InstanceName,Value=internetds_epolicy_app08 Key=PurgeAfterFE,Value=1487959805 Key=PurgeAllow,Value=true Key=Volume,Value=vol-16e8af8b Key=Created,Value=1485367805
INSTANCE i-e398b05b
INSTANCE NAME: internetds_epolicy_app08
Tagging Snapshot snap-0906db12dca03747e with the following Tags: Key=CreatedBy,Value=ec2-automate-backup Key=InstanceId,Value=i-e398b05b Key=InstanceName,Value=internetds_epolicy_app08 Key=PurgeAfterFE,Value=1487959805 Key=PurgeAllow,Value=true Key=Volume,Value=vol-11e8af8c Key=Created,Value=1485367805
INSTANCE i-e298b05a
INSTANCE NAME: internetds_epolicy_app07
Tagging Snapshot snap-037d2eef83f565de0 with the following Tags: Key=CreatedBy,Value=ec2-automate-backup Key=InstanceId,Value=i-e298b05a Key=InstanceName,Value=internetds_epolicy_app07 Key=PurgeAfterFE,Value=1487959805 Key=PurgeAllow,Value=true Key=Volume,Value=vol-34e8afa9 Key=Created,Value=1485367805
INSTANCE i-b61a2e0e
INSTANCE NAME: internetds_life_bq_app02
Tagging Snapshot snap-03891b538808217ab with the following Tags: Key=CreatedBy,Value=ec2-automate-backup Key=InstanceId,Value=i-b61a2e0e Key=InstanceName,Value=internetds_life_bq_app02 Key=PurgeAfterFE,Value=1487959805 Key=PurgeAllow,Value=true Key=Volume,Value=vol-b93a7824 Key=Created,Value=1485367805
INSTANCE i-741a2ecc
INSTANCE NAME: internetds_life_xqyhb_app02
Tagging Snapshot snap-0dbc36ae5228742ca with the following Tags: Key=CreatedBy,Value=ec2-automate-backup Key=InstanceId,Value=i-741a2ecc Key=InstanceName,Value=internetds_life_xqyhb_app02 Key=PurgeAfterFE,Value=1487959805 Key=PurgeAllow,Value=true Key=Volume,Value=vol-d63a784b Key=Created,Value=1485367805
INSTANCE i-741a2ecc
INSTANCE NAME: internetds_life_xqyhb_app02
Tagging Snapshot snap-05c07330d2482b2e0 with the following Tags: Key=CreatedBy,Value=ec2-automate-backup Key=InstanceId,Value=i-741a2ecc Key=InstanceName,Value=internetds_life_xqyhb_app02 Key=PurgeAfterFE,Value=1487959805 Key=PurgeAllow,Value=true Key=Volume,Value=vol-1b3a7886 Key=Created,Value=1485367805
INSTANCE i-731a2ecb
INSTANCE NAME: internetds_life_bdgl_app02
Tagging Snapshot snap-00e2c6bf0d76ffedf with the following Tags: Key=CreatedBy,Value=ec2-automate-backup Key=InstanceId,Value=i-731a2ecb Key=InstanceName,Value=internetds_life_bdgl_app02 Key=PurgeAfterFE,Value=1487959805 Key=PurgeAllow,Value=true Key=Volume,Value=vol-353a78a8 Key=Created,Value=1485367805
INSTANCE i-4b1a2ef3
INSTANCE NAME: internetds_life_jsyq_app02
Tagging Snapshot snap-058172f0c029545f1 with the following Tags: Key=CreatedBy,Value=ec2-automate-backup Key=InstanceId,Value=i-4b1a2ef3 Key=InstanceName,Value=internetds_life_jsyq_app02 Key=PurgeAfterFE,Value=1487959805 Key=PurgeAllow,Value=true Key=Volume,Value=vol-2d3a78b0 Key=Created,Value=1485367805
INSTANCE i-731a2ecb
INSTANCE NAME: internetds_life_bdgl_app02
Tagging Snapshot snap-051e573d390b2b0ac with the following Tags: Key=CreatedBy,Value=ec2-automate-backup Key=InstanceId,Value=i-731a2ecb Key=InstanceName,Value=internetds_life_bdgl_app02 Key=PurgeAfterFE,Value=1487959805 Key=PurgeAllow,Value=true Key=Volume,Value=vol-2e3a78b3 Key=Created,Value=1485367805
INSTANCE i-b61a2e0e
INSTANCE NAME: internetds_life_bq_app02
Tagging Snapshot snap-06e4cc6dcc860ef2d with the following Tags: Key=CreatedBy,Value=ec2-automate-backup Key=InstanceId,Value=i-b61a2e0e Key=InstanceName,Value=internetds_life_bq_app02 Key=PurgeAfterFE,Value=1487959805 Key=PurgeAllow,Value=true Key=Volume,Value=vol-583a78c5 Key=Created,Value=1485367805
INSTANCE i-4b1a2ef3
INSTANCE NAME: internetds_life_jsyq_app02
Tagging Snapshot snap-07949c591ed154b92 with the following Tags: Key=CreatedBy,Value=ec2-automate-backup Key=InstanceId,Value=i-4b1a2ef3 Key=InstanceName,Value=internetds_life_jsyq_app02 Key=PurgeAfterFE,Value=1487959805 Key=PurgeAllow,Value=true Key=Volume,Value=vol-973b790a Key=Created,Value=1485367805
INSTANCE i-6b81b0d3
INSTANCE NAME: mgmt-bastion02
Tagging Snapshot snap-074312a1dc7f89356 with the following Tags: Key=CreatedBy,Value=ec2-automate-backup Key=InstanceId,Value=i-6b81b0d3 Key=InstanceName,Value=mgmt-bastion02 Key=PurgeAfterFE,Value=1487959805 Key=PurgeAllow,Value=true Key=Volume,Value=vol-22e6a8bf Key=Created,Value=1485367805
INSTANCE i-6b81b0d3
INSTANCE NAME: mgmt-bastion02
Tagging Snapshot snap-0f94c56c68b864333 with the following Tags: Key=CreatedBy,Value=ec2-automate-backup Key=InstanceId,Value=i-6b81b0d3 Key=InstanceName,Value=mgmt-bastion02 Key=PurgeAfterFE,Value=1487959805 Key=PurgeAllow,Value=true Key=Volume,Value=vol-b6e7a92b Key=Created,Value=1485367805
INSTANCE i-5c9eade4
INSTANCE NAME: internetds_opsmon_DB02
Tagging Snapshot snap-065c1911eba1a574a with the following Tags: Key=CreatedBy,Value=ec2-automate-backup Key=InstanceId,Value=i-5c9eade4 Key=InstanceName,Value=internetds_opsmon_DB02 Key=PurgeAfterFE,Value=1487959805 Key=PurgeAllow,Value=true Key=Volume,Value=vol-ad357e30 Key=Created,Value=1485367805
INSTANCE i-5c9eade4
INSTANCE NAME: internetds_opsmon_DB02
Tagging Snapshot snap-02fdd8ad057de6d99 with the following Tags: Key=CreatedBy,Value=ec2-automate-backup Key=InstanceId,Value=i-5c9eade4 Key=InstanceName,Value=internetds_opsmon_DB02 Key=PurgeAfterFE,Value=1487959805 Key=PurgeAllow,Value=true Key=Volume,Value=vol-f7357e6a Key=Created,Value=1485367805
INSTANCE i-6b340753
INSTANCE NAME: test_internetds_nat01
Tagging Snapshot snap-0ea89d2f5029f1c16 with the following Tags: Key=CreatedBy,Value=ec2-automate-backup Key=InstanceId,Value=i-6b340753 Key=InstanceName,Value=test_internetds_nat01 Key=PurgeAfterFE,Value=1487959805 Key=PurgeAllow,Value=true Key=Volume,Value=vol-55a18cd0 Key=Created,Value=1485367805
INSTANCE i-fe2516c6
INSTANCE NAME: uat_internetds_front_app02
Tagging Snapshot snap-0fdc0a78d39a1c97e with the following Tags: Key=CreatedBy,Value=ec2-automate-backup Key=InstanceId,Value=i-fe2516c6 Key=InstanceName,Value=uat_internetds_front_app02 Key=PurgeAfterFE,Value=1487959805 Key=PurgeAllow,Value=true Key=Volume,Value=vol-c88da04d Key=Created,Value=1485367805
INSTANCE i-fe2516c6
INSTANCE NAME: uat_internetds_front_app02
Tagging Snapshot snap-08b0845ce2c222705 with the following Tags: Key=CreatedBy,Value=ec2-automate-backup Key=InstanceId,Value=i-fe2516c6 Key=InstanceName,Value=uat_internetds_front_app02 Key=PurgeAfterFE,Value=1487959805 Key=PurgeAllow,Value=true Key=Volume,Value=vol-0b8da08e Key=Created,Value=1485367805
INSTANCE i-ae241796
INSTANCE NAME: uat_internetds_health_app02
Tagging Snapshot snap-0bd4cf9aa8cf16369 with the following Tags: Key=CreatedBy,Value=ec2-automate-backup Key=InstanceId,Value=i-ae241796 Key=InstanceName,Value=uat_internetds_health_app02 Key=PurgeAfterFE,Value=1487959805 Key=PurgeAllow,Value=true Key=Volume,Value=vol-218da0a4 Key=Created,Value=1485367805
INSTANCE i-ae241796
INSTANCE NAME: uat_internetds_health_app02
Tagging Snapshot snap-0bb0f0eba4b1db748 with the following Tags: Key=CreatedBy,Value=ec2-automate-backup Key=InstanceId,Value=i-ae241796 Key=InstanceName,Value=uat_internetds_health_app02 Key=PurgeAfterFE,Value=1487959805 Key=PurgeAllow,Value=true Key=Volume,Value=vol-818ca104 Key=Created,Value=1485367805
INSTANCE i-d82516e0
INSTANCE NAME: dev_internetds_epolicy_app01
Tagging Snapshot snap-0fda443e1aa3afb80 with the following Tags: Key=CreatedBy,Value=ec2-automate-backup Key=InstanceId,Value=i-d82516e0 Key=InstanceName,Value=dev_internetds_epolicy_app01 Key=PurgeAfterFE,Value=1487959805 Key=PurgeAllow,Value=true Key=Volume,Value=vol-838ca106 Key=Created,Value=1485367805
INSTANCE i-ab251693
INSTANCE NAME: uat_internetds_opsmon_app02
Tagging Snapshot snap-0f0270943268f934d with the following Tags: Key=CreatedBy,Value=ec2-automate-backup Key=InstanceId,Value=i-ab251693 Key=InstanceName,Value=uat_internetds_opsmon_app02 Key=PurgeAfterFE,Value=1487959805 Key=PurgeAllow,Value=true Key=Volume,Value=vol-998ca11c Key=Created,Value=1485367805
INSTANCE i-ba241782
INSTANCE NAME: uat_internetds_mid02
Tagging Snapshot snap-00cc78521d78699db with the following Tags: Key=CreatedBy,Value=ec2-automate-backup Key=InstanceId,Value=i-ba241782 Key=InstanceName,Value=uat_internetds_mid02 Key=PurgeAfterFE,Value=1487959805 Key=PurgeAllow,Value=true Key=Volume,Value=vol-ea8ca16f Key=Created,Value=1485367805
INSTANCE i-ae251696
INSTANCE NAME: sim_internetds_epolicy_app01
Tagging Snapshot snap-0012bbfee1f710435 with the following Tags: Key=CreatedBy,Value=ec2-automate-backup Key=InstanceId,Value=i-ae251696 Key=InstanceName,Value=sim_internetds_epolicy_app01 Key=PurgeAfterFE,Value=1487959805 Key=PurgeAllow,Value=true Key=Volume,Value=vol-0d8ca188 Key=Created,Value=1485367805
INSTANCE i-d92516e1
INSTANCE NAME: dat_internetds_epolicy_app01
Tagging Snapshot snap-0c0d134ebe5336dc0 with the following Tags: Key=CreatedBy,Value=ec2-automate-backup Key=InstanceId,Value=i-d92516e1 Key=InstanceName,Value=dat_internetds_epolicy_app01 Key=PurgeAfterFE,Value=1487959805 Key=PurgeAllow,Value=true Key=Volume,Value=vol-0c8ca189 Key=Created,Value=1485367805
INSTANCE i-ab251693
INSTANCE NAME: uat_internetds_opsmon_app02
Tagging Snapshot snap-095a7429614fa60e6 with the following Tags: Key=CreatedBy,Value=ec2-automate-backup Key=InstanceId,Value=i-ab251693 Key=InstanceName,Value=uat_internetds_opsmon_app02 Key=PurgeAfterFE,Value=1487959805 Key=PurgeAllow,Value=true Key=Volume,Value=vol-098ca18c Key=Created,Value=1485367805
INSTANCE i-af251697
INSTANCE NAME: uat_internetds_epolicy_app01
Tagging Snapshot snap-0612a422ed0c53fc6 with the following Tags: Key=CreatedBy,Value=ec2-automate-backup Key=InstanceId,Value=i-af251697 Key=InstanceName,Value=uat_internetds_epolicy_app01 Key=PurgeAfterFE,Value=1487959805 Key=PurgeAllow,Value=true Key=Volume,Value=vol-1c8ca199 Key=Created,Value=1485367805
INSTANCE i-ba241782
INSTANCE NAME: uat_internetds_mid02
Tagging Snapshot snap-0710fe17080fa67e2 with the following Tags: Key=CreatedBy,Value=ec2-automate-backup Key=InstanceId,Value=i-ba241782 Key=InstanceName,Value=uat_internetds_mid02 Key=PurgeAfterFE,Value=1487959805 Key=PurgeAllow,Value=true Key=Volume,Value=vol-348ca1b1 Key=Created,Value=1485367805
INSTANCE i-00241738
INSTANCE NAME: uat_internetds_life_app01
Tagging Snapshot snap-0a0c9d5faaf413fae with the following Tags: Key=CreatedBy,Value=ec2-automate-backup Key=InstanceId,Value=i-00241738 Key=InstanceName,Value=uat_internetds_life_app01 Key=PurgeAfterFE,Value=1487959805 Key=PurgeAllow,Value=true Key=Volume,Value=vol-dc8fa259 Key=Created,Value=1485367805
INSTANCE i-00241738
INSTANCE NAME: uat_internetds_life_app01
Tagging Snapshot snap-0903ac1864bcb96b4 with the following Tags: Key=CreatedBy,Value=ec2-automate-backup Key=InstanceId,Value=i-00241738 Key=InstanceName,Value=uat_internetds_life_app01 Key=PurgeAfterFE,Value=1487959805 Key=PurgeAllow,Value=true Key=Volume,Value=vol-e78fa262 Key=Created,Value=1485367805
INSTANCE i-2e281b16
INSTANCE NAME: dev_internetds_front_app01
Tagging Snapshot snap-097b68e8fecb12661 with the following Tags: Key=CreatedBy,Value=ec2-automate-backup Key=InstanceId,Value=i-2e281b16 Key=InstanceName,Value=dev_internetds_front_app01 Key=PurgeAfterFE,Value=1487959805 Key=PurgeAllow,Value=true Key=Volume,Value=vol-4c84a9c9 Key=Created,Value=1485367805
INSTANCE i-2e281b16
INSTANCE NAME: dev_internetds_front_app01
Tagging Snapshot snap-06a1645cb523ce510 with the following Tags: Key=CreatedBy,Value=ec2-automate-backup Key=InstanceId,Value=i-2e281b16 Key=InstanceName,Value=dev_internetds_front_app01 Key=PurgeAfterFE,Value=1487959805 Key=PurgeAllow,Value=true Key=Volume,Value=vol-cd87aa48 Key=Created,Value=1485367805
INSTANCE i-08281b30
INSTANCE NAME: dev_internetds_life_app01
Tagging Snapshot snap-073875ca3522909e4 with the following Tags: Key=CreatedBy,Value=ec2-automate-backup Key=InstanceId,Value=i-08281b30 Key=InstanceName,Value=dev_internetds_life_app01 Key=PurgeAfterFE,Value=1487959805 Key=PurgeAllow,Value=true Key=Volume,Value=vol-5287aad7 Key=Created,Value=1485367805
INSTANCE i-08281b30
INSTANCE NAME: dev_internetds_life_app01
Tagging Snapshot snap-0adc0e8e3d2bf28ff with the following Tags: Key=CreatedBy,Value=ec2-automate-backup Key=InstanceId,Value=i-08281b30 Key=InstanceName,Value=dev_internetds_life_app01 Key=PurgeAfterFE,Value=1487959805 Key=PurgeAllow,Value=true Key=Volume,Value=vol-a486ab21 Key=Created,Value=1485367805
INSTANCE i-05281b3d
INSTANCE NAME: dev_internetds_health_app01
Tagging Snapshot snap-0f374a62682353e73 with the following Tags: Key=CreatedBy,Value=ec2-automate-backup Key=InstanceId,Value=i-05281b3d Key=InstanceName,Value=dev_internetds_health_app01 Key=PurgeAfterFE,Value=1487959805 Key=PurgeAllow,Value=true Key=Volume,Value=vol-3486abb1 Key=Created,Value=1485367805
INSTANCE i-c4281bfc
INSTANCE NAME: dev_internetds_opsmon_app01
Tagging Snapshot snap-0ba60dd38bb1e92c9 with the following Tags: Key=CreatedBy,Value=ec2-automate-backup Key=InstanceId,Value=i-c4281bfc Key=InstanceName,Value=dev_internetds_opsmon_app01 Key=PurgeAfterFE,Value=1487959805 Key=PurgeAllow,Value=true Key=Volume,Value=vol-7286abf7 Key=Created,Value=1485367805
INSTANCE i-05281b3d
INSTANCE NAME: dev_internetds_health_app01
Tagging Snapshot snap-092b1c2c55fd72e1d with the following Tags: Key=CreatedBy,Value=ec2-automate-backup Key=InstanceId,Value=i-05281b3d Key=InstanceName,Value=dev_internetds_health_app01 Key=PurgeAfterFE,Value=1487959805 Key=PurgeAllow,Value=true Key=Volume,Value=vol-8581ac00 Key=Created,Value=1485367805
INSTANCE i-c4281bfc
INSTANCE NAME: dev_internetds_opsmon_app01
Tagging Snapshot snap-0f77a324e07673eff with the following Tags: Key=CreatedBy,Value=ec2-automate-backup Key=InstanceId,Value=i-c4281bfc Key=InstanceName,Value=dev_internetds_opsmon_app01 Key=PurgeAfterFE,Value=1487959805 Key=PurgeAllow,Value=true Key=Volume,Value=vol-9581ac10 Key=Created,Value=1485367805
INSTANCE i-392d1e01
INSTANCE NAME: dev_internetds_mid01
Tagging Snapshot snap-0bc92c4666448d0ad with the following Tags: Key=CreatedBy,Value=ec2-automate-backup Key=InstanceId,Value=i-392d1e01 Key=InstanceName,Value=dev_internetds_mid01 Key=PurgeAfterFE,Value=1487959805 Key=PurgeAllow,Value=true Key=Volume,Value=vol-a29db027 Key=Created,Value=1485367805
INSTANCE i-392d1e01
INSTANCE NAME: dev_internetds_mid01
Tagging Snapshot snap-0babf63edfbb2286e with the following Tags: Key=CreatedBy,Value=ec2-automate-backup Key=InstanceId,Value=i-392d1e01 Key=InstanceName,Value=dev_internetds_mid01 Key=PurgeAfterFE,Value=1487959805 Key=PurgeAllow,Value=true Key=Volume,Value=vol-ce9db04b Key=Created,Value=1485367805
INSTANCE i-322d1e0a
INSTANCE NAME: dev_internetds_datax_app01
Tagging Snapshot snap-0b925989085be5123 with the following Tags: Key=CreatedBy,Value=ec2-automate-backup Key=InstanceId,Value=i-322d1e0a Key=InstanceName,Value=dev_internetds_datax_app01 Key=PurgeAfterFE,Value=1487959805 Key=PurgeAllow,Value=true Key=Volume,Value=vol-f19db074 Key=Created,Value=1485367805
INSTANCE i-322d1e0a
INSTANCE NAME: dev_internetds_datax_app01
Tagging Snapshot snap-0e4628b398dc99790 with the following Tags: Key=CreatedBy,Value=ec2-automate-backup Key=InstanceId,Value=i-322d1e0a Key=InstanceName,Value=dev_internetds_datax_app01 Key=PurgeAfterFE,Value=1487959805 Key=PurgeAllow,Value=true Key=Volume,Value=vol-2a9db0af Key=Created,Value=1485367805
INSTANCE i-062d1e3e
INSTANCE NAME: uat_internetds_datax_app02
Tagging Snapshot snap-074ae5c3b210901ac with the following Tags: Key=CreatedBy,Value=ec2-automate-backup Key=InstanceId,Value=i-062d1e3e Key=InstanceName,Value=uat_internetds_datax_app02 Key=PurgeAfterFE,Value=1487959805 Key=PurgeAllow,Value=true Key=Volume,Value=vol-729db0f7 Key=Created,Value=1485367805
INSTANCE i-062d1e3e
INSTANCE NAME: uat_internetds_datax_app02
Tagging Snapshot snap-02fec2a73c78e8f39 with the following Tags: Key=CreatedBy,Value=ec2-automate-backup Key=InstanceId,Value=i-062d1e3e Key=InstanceName,Value=uat_internetds_datax_app02 Key=PurgeAfterFE,Value=1487959805 Key=PurgeAllow,Value=true Key=Volume,Value=vol-d79cb152 Key=Created,Value=1485367805
INSTANCE i-04330e3c
INSTANCE NAME: test_epolicy_mail01
Tagging Snapshot snap-0af686e47713795a7 with the following Tags: Key=CreatedBy,Value=ec2-automate-backup Key=InstanceId,Value=i-04330e3c Key=InstanceName,Value=test_epolicy_mail01 Key=PurgeAfterFE,Value=1487959805 Key=PurgeAllow,Value=true Key=Volume,Value=vol-f0567f75 Key=Created,Value=1485367805
INSTANCE i-04330e3c
INSTANCE NAME: test_epolicy_mail01
Tagging Snapshot snap-0213beaa37fbf0f23 with the following Tags: Key=CreatedBy,Value=ec2-automate-backup Key=InstanceId,Value=i-04330e3c Key=InstanceName,Value=test_epolicy_mail01 Key=PurgeAfterFE,Value=1487959805 Key=PurgeAllow,Value=true Key=Volume,Value=vol-74567ff1 Key=Created,Value=1485367805
INSTANCE i-1eb28f26
INSTANCE NAME: uat_internetds_datax_app1
Tagging Snapshot snap-00812fed51a3f2a56 with the following Tags: Key=CreatedBy,Value=ec2-automate-backup Key=InstanceId,Value=i-1eb28f26 Key=InstanceName,Value=uat_internetds_datax_app1 Key=PurgeAfterFE,Value=1487959805 Key=PurgeAllow,Value=true Key=Volume,Value=vol-41644cc4 Key=Created,Value=1485367805
INSTANCE i-1eb28f26
INSTANCE NAME: uat_internetds_datax_app1
Tagging Snapshot snap-071e4987d1fc4764b with the following Tags: Key=CreatedBy,Value=ec2-automate-backup Key=InstanceId,Value=i-1eb28f26 Key=InstanceName,Value=uat_internetds_datax_app1 Key=PurgeAfterFE,Value=1487959805 Key=PurgeAllow,Value=true Key=Volume,Value=vol-ab654d2e Key=Created,Value=1485367805
INSTANCE i-d1a598e9
INSTANCE NAME: dev_internetds_datax_app03
Tagging Snapshot snap-0bfda1d296b936db9 with the following Tags: Key=CreatedBy,Value=ec2-automate-backup Key=InstanceId,Value=i-d1a598e9 Key=InstanceName,Value=dev_internetds_datax_app03 Key=PurgeAfterFE,Value=1487959805 Key=PurgeAllow,Value=true Key=Volume,Value=vol-13745c96 Key=Created,Value=1485367805
INSTANCE i-d1a598e9
INSTANCE NAME: dev_internetds_datax_app03
Tagging Snapshot snap-0033f357828019573 with the following Tags: Key=CreatedBy,Value=ec2-automate-backup Key=InstanceId,Value=i-d1a598e9 Key=InstanceName,Value=dev_internetds_datax_app03 Key=PurgeAfterFE,Value=1487959805 Key=PurgeAllow,Value=true Key=Volume,Value=vol-50745cd5 Key=Created,Value=1485367805
INSTANCE i-8099a6b8
INSTANCE NAME: internetds_dmz_nginx01
Tagging Snapshot snap-0d14f02cbbbbdc994 with the following Tags: Key=CreatedBy,Value=ec2-automate-backup Key=InstanceId,Value=i-8099a6b8 Key=InstanceName,Value=internetds_dmz_nginx01 Key=PurgeAfterFE,Value=1487959805 Key=PurgeAllow,Value=true Key=Volume,Value=vol-88c6f30d Key=Created,Value=1485367805
INSTANCE i-8099a6b8
INSTANCE NAME: internetds_dmz_nginx01
Tagging Snapshot snap-0e24cdc772cd9dda0 with the following Tags: Key=CreatedBy,Value=ec2-automate-backup Key=InstanceId,Value=i-8099a6b8 Key=InstanceName,Value=internetds_dmz_nginx01 Key=PurgeAfterFE,Value=1487959805 Key=PurgeAllow,Value=true Key=Volume,Value=vol-a7c6f322 Key=Created,Value=1485367805
INSTANCE i-a794ab9f
INSTANCE NAME: internetds_front_nginx01
Tagging Snapshot snap-0181d09f7fc53546c with the following Tags: Key=CreatedBy,Value=ec2-automate-backup Key=InstanceId,Value=i-a794ab9f Key=InstanceName,Value=internetds_front_nginx01 Key=PurgeAfterFE,Value=1487959805 Key=PurgeAllow,Value=true Key=Volume,Value=vol-b8ccf93d Key=Created,Value=1485367805
INSTANCE i-a794ab9f
INSTANCE NAME: internetds_front_nginx01
Tagging Snapshot snap-0e89126aa5a9078cb with the following Tags: Key=CreatedBy,Value=ec2-automate-backup Key=InstanceId,Value=i-a794ab9f Key=InstanceName,Value=internetds_front_nginx01 Key=PurgeAfterFE,Value=1487959805 Key=PurgeAllow,Value=true Key=Volume,Value=vol-cfccf94a Key=Created,Value=1485367805
INSTANCE i-0194ab39
INSTANCE NAME: internetds_front_zkp_app01
Tagging Snapshot snap-0ffdfb5847569c52b with the following Tags: Key=CreatedBy,Value=ec2-automate-backup Key=InstanceId,Value=i-0194ab39 Key=InstanceName,Value=internetds_front_zkp_app01 Key=PurgeAfterFE,Value=1487959805 Key=PurgeAllow,Value=true Key=Volume,Value=vol-33ccf9b6 Key=Created,Value=1485367805
INSTANCE i-0194ab39
INSTANCE NAME: internetds_front_zkp_app01
Tagging Snapshot snap-0454e42a13fd02d7c with the following Tags: Key=CreatedBy,Value=ec2-automate-backup Key=InstanceId,Value=i-0194ab39 Key=InstanceName,Value=internetds_front_zkp_app01 Key=PurgeAfterFE,Value=1487959805 Key=PurgeAllow,Value=true Key=Volume,Value=vol-c1cffa44 Key=Created,Value=1485367805
INSTANCE i-d187b8e9
INSTANCE NAME: internetds_front_dsjr_app01
Tagging Snapshot snap-0bfb2b8b0227db282 with the following Tags: Key=CreatedBy,Value=ec2-automate-backup Key=InstanceId,Value=i-d187b8e9 Key=InstanceName,Value=internetds_front_dsjr_app01 Key=PurgeAfterFE,Value=1487959805 Key=PurgeAllow,Value=true Key=Volume,Value=vol-e4b98c61 Key=Created,Value=1485367805
INSTANCE i-9c87b8a4
INSTANCE NAME: internetds_life_jsyq_app01
Tagging Snapshot snap-0f0146634dbcfaf86 with the following Tags: Key=CreatedBy,Value=ec2-automate-backup Key=InstanceId,Value=i-9c87b8a4 Key=InstanceName,Value=internetds_life_jsyq_app01 Key=PurgeAfterFE,Value=1487959805 Key=PurgeAllow,Value=true Key=Volume,Value=vol-f3b98c76 Key=Created,Value=1485367805
INSTANCE i-9c87b8a4
INSTANCE NAME: internetds_life_jsyq_app01
Tagging Snapshot snap-0c1fbfe50cfcff797 with the following Tags: Key=CreatedBy,Value=ec2-automate-backup Key=InstanceId,Value=i-9c87b8a4 Key=InstanceName,Value=internetds_life_jsyq_app01 Key=PurgeAfterFE,Value=1487959805 Key=PurgeAllow,Value=true Key=Volume,Value=vol-f2b98c77 Key=Created,Value=1485367805
INSTANCE i-0187b839
INSTANCE NAME: internetds_life_bdgl_app01
Tagging Snapshot snap-08f1813e2efd5a26c with the following Tags: Key=CreatedBy,Value=ec2-automate-backup Key=InstanceId,Value=i-0187b839 Key=InstanceName,Value=internetds_life_bdgl_app01 Key=PurgeAfterFE,Value=1487959805 Key=PurgeAllow,Value=true Key=Volume,Value=vol-00b98c85 Key=Created,Value=1485367805
INSTANCE i-d187b8e9
INSTANCE NAME: internetds_front_dsjr_app01
Tagging Snapshot snap-09cb322178c957a7d with the following Tags: Key=CreatedBy,Value=ec2-automate-backup Key=InstanceId,Value=i-d187b8e9 Key=InstanceName,Value=internetds_front_dsjr_app01 Key=PurgeAfterFE,Value=1487959805 Key=PurgeAllow,Value=true Key=Volume,Value=vol-0cb98c89 Key=Created,Value=1485367805
INSTANCE i-1786b92f
INSTANCE NAME: internetds_front_mq_app01
Tagging Snapshot snap-0c43158e70292a7d5 with the following Tags: Key=CreatedBy,Value=ec2-automate-backup Key=InstanceId,Value=i-1786b92f Key=InstanceName,Value=internetds_front_mq_app01 Key=PurgeAfterFE,Value=1487959805 Key=PurgeAllow,Value=true Key=Volume,Value=vol-0fb98c8a Key=Created,Value=1485367805
INSTANCE i-1186b929
INSTANCE NAME: internetds_life_xqyhb_app01
Tagging Snapshot snap-0642c2a74d4b22c32 with the following Tags: Key=CreatedBy,Value=ec2-automate-backup Key=InstanceId,Value=i-1186b929 Key=InstanceName,Value=internetds_life_xqyhb_app01 Key=PurgeAfterFE,Value=1487959805 Key=PurgeAllow,Value=true Key=Volume,Value=vol-56b98cd3 Key=Created,Value=1485367805
INSTANCE i-0a87b832
INSTANCE NAME: internetds_life_bq_app01
Tagging Snapshot snap-0fd7c7dacd3aeb4e5 with the following Tags: Key=CreatedBy,Value=ec2-automate-backup Key=InstanceId,Value=i-0a87b832 Key=InstanceName,Value=internetds_life_bq_app01 Key=PurgeAfterFE,Value=1487959805 Key=PurgeAllow,Value=true Key=Volume,Value=vol-6cb98ce9 Key=Created,Value=1485367805
INSTANCE i-0187b839
INSTANCE NAME: internetds_life_bdgl_app01
Tagging Snapshot snap-0dfb5aa252836fe08 with the following Tags: Key=CreatedBy,Value=ec2-automate-backup Key=InstanceId,Value=i-0187b839 Key=InstanceName,Value=internetds_life_bdgl_app01 Key=PurgeAfterFE,Value=1487959805 Key=PurgeAllow,Value=true Key=Volume,Value=vol-80b88d05 Key=Created,Value=1485367805
INSTANCE i-0a87b832
INSTANCE NAME: internetds_life_bq_app01
Tagging Snapshot snap-018b4c9b2cfa8b364 with the following Tags: Key=CreatedBy,Value=ec2-automate-backup Key=InstanceId,Value=i-0a87b832 Key=InstanceName,Value=internetds_life_bq_app01 Key=PurgeAfterFE,Value=1487959805 Key=PurgeAllow,Value=true Key=Volume,Value=vol-89b88d0c Key=Created,Value=1485367805
INSTANCE i-1186b929
INSTANCE NAME: internetds_life_xqyhb_app01
Tagging Snapshot snap-0f93c92d500b31b66 with the following Tags: Key=CreatedBy,Value=ec2-automate-backup Key=InstanceId,Value=i-1186b929 Key=InstanceName,Value=internetds_life_xqyhb_app01 Key=PurgeAfterFE,Value=1487959805 Key=PurgeAllow,Value=true Key=Volume,Value=vol-a7b88d22 Key=Created,Value=1485367805
INSTANCE i-1786b92f
INSTANCE NAME: internetds_front_mq_app01
Tagging Snapshot snap-0779cb6458c6a5168 with the following Tags: Key=CreatedBy,Value=ec2-automate-backup Key=InstanceId,Value=i-1786b92f Key=InstanceName,Value=internetds_front_mq_app01 Key=PurgeAfterFE,Value=1487959805 Key=PurgeAllow,Value=true Key=Volume,Value=vol-a1b88d24 Key=Created,Value=1485367805
INSTANCE i-d75967ef
INSTANCE NAME: internetds_opsmon_app01
Tagging Snapshot snap-0b6dd47682770f278 with the following Tags: Key=CreatedBy,Value=ec2-automate-backup Key=InstanceId,Value=i-d75967ef Key=InstanceName,Value=internetds_opsmon_app01 Key=PurgeAfterFE,Value=1487959805 Key=PurgeAllow,Value=true Key=Volume,Value=vol-3d695db8 Key=Created,Value=1485367805
INSTANCE i-d75967ef
INSTANCE NAME: internetds_opsmon_app01
Tagging Snapshot snap-0007597497b7cc80e with the following Tags: Key=CreatedBy,Value=ec2-automate-backup Key=InstanceId,Value=i-d75967ef Key=InstanceName,Value=internetds_opsmon_app01 Key=PurgeAfterFE,Value=1487959805 Key=PurgeAllow,Value=true Key=Volume,Value=vol-9c6a5e19 Key=Created,Value=1485367805
INSTANCE i-985668a0
INSTANCE NAME: internetds_front_yyzc_app01
Tagging Snapshot snap-01aba8de0a138c10b with the following Tags: Key=CreatedBy,Value=ec2-automate-backup Key=InstanceId,Value=i-985668a0 Key=InstanceName,Value=internetds_front_yyzc_app01 Key=PurgeAfterFE,Value=1487959805 Key=PurgeAllow,Value=true Key=Volume,Value=vol-9854601d Key=Created,Value=1485367805
INSTANCE i-985668a0
INSTANCE NAME: internetds_front_yyzc_app01
Tagging Snapshot snap-01e030331d5e5c439 with the following Tags: Key=CreatedBy,Value=ec2-automate-backup Key=InstanceId,Value=i-985668a0 Key=InstanceName,Value=internetds_front_yyzc_app01 Key=PurgeAfterFE,Value=1487959805 Key=PurgeAllow,Value=true Key=Volume,Value=vol-ab54602e Key=Created,Value=1485367805
INSTANCE i-4257697a
INSTANCE NAME: internetds_nat01
Tagging Snapshot snap-0e88ad537d2fff38d with the following Tags: Key=CreatedBy,Value=ec2-automate-backup Key=InstanceId,Value=i-4257697a Key=InstanceName,Value=internetds_nat01 Key=PurgeAfterFE,Value=1487959805 Key=PurgeAllow,Value=true Key=Volume,Value=vol-a855612d Key=Created,Value=1485367805
INSTANCE i-3bead403
INSTANCE NAME: internetds_life_xqyhb_app03
Tagging Snapshot snap-0256e44704dfdc0ac with the following Tags: Key=CreatedBy,Value=ec2-automate-backup Key=InstanceId,Value=i-3bead403 Key=InstanceName,Value=internetds_life_xqyhb_app03 Key=PurgeAfterFE,Value=1487959805 Key=PurgeAllow,Value=true Key=Volume,Value=vol-429aaec7 Key=Created,Value=1485367805
INSTANCE i-3bead403
INSTANCE NAME: internetds_life_xqyhb_app03
Tagging Snapshot snap-033a4a814ee937cde with the following Tags: Key=CreatedBy,Value=ec2-automate-backup Key=InstanceId,Value=i-3bead403 Key=InstanceName,Value=internetds_life_xqyhb_app03 Key=PurgeAfterFE,Value=1487959805 Key=PurgeAllow,Value=true Key=Volume,Value=vol-d89baf5d Key=Created,Value=1485367805
INSTANCE i-a3e9d79b
INSTANCE NAME: internetds_datax_yc_app01
Tagging Snapshot snap-0afcf69bd05f627d8 with the following Tags: Key=CreatedBy,Value=ec2-automate-backup Key=InstanceId,Value=i-a3e9d79b Key=InstanceName,Value=internetds_datax_yc_app01 Key=PurgeAfterFE,Value=1487959805 Key=PurgeAllow,Value=true Key=Volume,Value=vol-5c87b3d9 Key=Created,Value=1485367805
INSTANCE i-3ce8d604
INSTANCE NAME: internetds_datax_app01
Tagging Snapshot snap-0fb09652f75701daa with the following Tags: Key=CreatedBy,Value=ec2-automate-backup Key=InstanceId,Value=i-3ce8d604 Key=InstanceName,Value=internetds_datax_app01 Key=PurgeAfterFE,Value=1487959805 Key=PurgeAllow,Value=true Key=Volume,Value=vol-5f87b3da Key=Created,Value=1485367805
INSTANCE i-3ce8d604
INSTANCE NAME: internetds_datax_app01
Tagging Snapshot snap-0e095114cad6008f8 with the following Tags: Key=CreatedBy,Value=ec2-automate-backup Key=InstanceId,Value=i-3ce8d604 Key=InstanceName,Value=internetds_datax_app01 Key=PurgeAfterFE,Value=1487959805 Key=PurgeAllow,Value=true Key=Volume,Value=vol-9e80b41b Key=Created,Value=1485367805
INSTANCE i-a3e9d79b
INSTANCE NAME: internetds_datax_yc_app01
Tagging Snapshot snap-0ab4546accd4a0a8b with the following Tags: Key=CreatedBy,Value=ec2-automate-backup Key=InstanceId,Value=i-a3e9d79b Key=InstanceName,Value=internetds_datax_yc_app01 Key=PurgeAfterFE,Value=1487959805 Key=PurgeAllow,Value=true Key=Volume,Value=vol-b780b432 Key=Created,Value=1485367805
INSTANCE i-4cc5fb74
INSTANCE NAME: mgmt_bastion01
Tagging Snapshot snap-0a5632a27ed991ae3 with the following Tags: Key=CreatedBy,Value=ec2-automate-backup Key=InstanceId,Value=i-4cc5fb74 Key=InstanceName,Value=mgmt_bastion01 Key=PurgeAfterFE,Value=1487959805 Key=PurgeAllow,Value=true Key=Volume,Value=vol-234176a6 Key=Created,Value=1485367805
INSTANCE i-4cc5fb74
INSTANCE NAME: mgmt_bastion01
Tagging Snapshot snap-0e8d849d6dd1c0627 with the following Tags: Key=CreatedBy,Value=ec2-automate-backup Key=InstanceId,Value=i-4cc5fb74 Key=InstanceName,Value=mgmt_bastion01 Key=PurgeAfterFE,Value=1487959805 Key=PurgeAllow,Value=true Key=Volume,Value=vol-654176e0 Key=Created,Value=1485367805
INSTANCE i-bfba8487
INSTANCE NAME: internetds_epolicy_app02
Tagging Snapshot snap-0caef6ec7fe6a3a56 with the following Tags: Key=CreatedBy,Value=ec2-automate-backup Key=InstanceId,Value=i-bfba8487 Key=InstanceName,Value=internetds_epolicy_app02 Key=PurgeAfterFE,Value=1487959805 Key=PurgeAllow,Value=true Key=Volume,Value=vol-533f08d6 Key=Created,Value=1485367805
INSTANCE i-beba8486
INSTANCE NAME: internetds_epolicy_app01
Tagging Snapshot snap-0dc9b34dfdf753032 with the following Tags: Key=CreatedBy,Value=ec2-automate-backup Key=InstanceId,Value=i-beba8486 Key=InstanceName,Value=internetds_epolicy_app01 Key=PurgeAfterFE,Value=1487959805 Key=PurgeAllow,Value=true Key=Volume,Value=vol-523f08d7 Key=Created,Value=1485367805
INSTANCE i-beba8486
INSTANCE NAME: internetds_epolicy_app01
Tagging Snapshot snap-0b048a04df6964454 with the following Tags: Key=CreatedBy,Value=ec2-automate-backup Key=InstanceId,Value=i-beba8486 Key=InstanceName,Value=internetds_epolicy_app01 Key=PurgeAfterFE,Value=1487959805 Key=PurgeAllow,Value=true Key=Volume,Value=vol-a03e0925 Key=Created,Value=1485367805
INSTANCE i-bfba8487
INSTANCE NAME: internetds_epolicy_app02
Tagging Snapshot snap-0677877bdadbfd0c6 with the following Tags: Key=CreatedBy,Value=ec2-automate-backup Key=InstanceId,Value=i-bfba8487 Key=InstanceName,Value=internetds_epolicy_app02 Key=PurgeAfterFE,Value=1487959805 Key=PurgeAllow,Value=true Key=Volume,Value=vol-a33e0926 Key=Created,Value=1485367805
INSTANCE i-b0b88688
INSTANCE NAME: internetds_dmz_email01
Tagging Snapshot snap-07e130c3fb05f3205 with the following Tags: Key=CreatedBy,Value=ec2-automate-backup Key=InstanceId,Value=i-b0b88688 Key=InstanceName,Value=internetds_dmz_email01 Key=PurgeAfterFE,Value=1487959805 Key=PurgeAllow,Value=true Key=Volume,Value=vol-eb3c0b6e Key=Created,Value=1485367805
INSTANCE i-b0b88688
INSTANCE NAME: internetds_dmz_email01
Tagging Snapshot snap-06b2755c8d41b54df with the following Tags: Key=CreatedBy,Value=ec2-automate-backup Key=InstanceId,Value=i-b0b88688 Key=InstanceName,Value=internetds_dmz_email01 Key=PurgeAfterFE,Value=1487959805 Key=PurgeAllow,Value=true Key=Volume,Value=vol-263c0ba3 Key=Created,Value=1485367805
INSTANCE i-08b18930
INSTANCE NAME: internetds_epolicy_app05
Tagging Snapshot snap-0b4366fab48ad78ab with the following Tags: Key=CreatedBy,Value=ec2-automate-backup Key=InstanceId,Value=i-08b18930 Key=InstanceName,Value=internetds_epolicy_app05 Key=PurgeAfterFE,Value=1487959805 Key=PurgeAllow,Value=true Key=Volume,Value=vol-2ca494a9 Key=Created,Value=1485367805
INSTANCE i-09b18931
INSTANCE NAME: internetds_epolicy_app06
Tagging Snapshot snap-0b4b898baf663ed1b with the following Tags: Key=CreatedBy,Value=ec2-automate-backup Key=InstanceId,Value=i-09b18931 Key=InstanceName,Value=internetds_epolicy_app06 Key=PurgeAfterFE,Value=1487959805 Key=PurgeAllow,Value=true Key=Volume,Value=vol-2fa494aa Key=Created,Value=1485367805
INSTANCE i-09b18931
INSTANCE NAME: internetds_epolicy_app06
Tagging Snapshot snap-0ef42b85591b0959d with the following Tags: Key=CreatedBy,Value=ec2-automate-backup Key=InstanceId,Value=i-09b18931 Key=InstanceName,Value=internetds_epolicy_app06 Key=PurgeAfterFE,Value=1487959805 Key=PurgeAllow,Value=true Key=Volume,Value=vol-33a494b6 Key=Created,Value=1485367805
INSTANCE i-08b18930
INSTANCE NAME: internetds_epolicy_app05
Tagging Snapshot snap-0c87fb05b04aeb8a4 with the following Tags: Key=CreatedBy,Value=ec2-automate-backup Key=InstanceId,Value=i-08b18930 Key=InstanceName,Value=internetds_epolicy_app05 Key=PurgeAfterFE,Value=1487959805 Key=PurgeAllow,Value=true Key=Volume,Value=vol-59a494dc Key=Created,Value=1485367805
INSTANCE i-8feeeab7
INSTANCE NAME: internetds_life_wzyhdz_ftp
Tagging Snapshot snap-0a68ed1d7807208ab with the following Tags: Key=CreatedBy,Value=ec2-automate-backup Key=InstanceId,Value=i-8feeeab7 Key=InstanceName,Value=internetds_life_wzyhdz_ftp Key=PurgeAfterFE,Value=1487959805 Key=PurgeAllow,Value=true Key=Volume,Value=vol-550638d0 Key=Created,Value=1485367805
INSTANCE i-8feeeab7
INSTANCE NAME: internetds_life_wzyhdz_ftp
Tagging Snapshot snap-01dda376fa1355cf5 with the following Tags: Key=CreatedBy,Value=ec2-automate-backup Key=InstanceId,Value=i-8feeeab7 Key=InstanceName,Value=internetds_life_wzyhdz_ftp Key=PurgeAfterFE,Value=1487959805 Key=PurgeAllow,Value=true Key=Volume,Value=vol-7b0739fe Key=Created,Value=1485367805
INSTANCE i-66eaee5e
INSTANCE NAME: test_internetds_life_wzyhdz_ftp
Tagging Snapshot snap-0695b2fbc0cff7180 with the following Tags: Key=CreatedBy,Value=ec2-automate-backup Key=InstanceId,Value=i-66eaee5e Key=InstanceName,Value=test_internetds_life_wzyhdz_ftp Key=PurgeAfterFE,Value=1487959805 Key=PurgeAllow,Value=true Key=Volume,Value=vol-b5033d30 Key=Created,Value=1485367805
INSTANCE i-66eaee5e
INSTANCE NAME: test_internetds_life_wzyhdz_ftp
Tagging Snapshot snap-031bb447a40456467 with the following Tags: Key=CreatedBy,Value=ec2-automate-backup Key=InstanceId,Value=i-66eaee5e Key=InstanceName,Value=test_internetds_life_wzyhdz_ftp Key=PurgeAfterFE,Value=1487959805 Key=PurgeAllow,Value=true Key=Volume,Value=vol-d9033d5c Key=Created,Value=1485367805
INSTANCE i-98696ea0
INSTANCE NAME: yc_internetds_life_loadrunner3
Tagging Snapshot snap-0a367ab97170ed68f with the following Tags: Key=CreatedBy,Value=ec2-automate-backup Key=InstanceId,Value=i-98696ea0 Key=InstanceName,Value=yc_internetds_life_loadrunner3 Key=PurgeAfterFE,Value=1487959805 Key=PurgeAllow,Value=true Key=Volume,Value=vol-0d340d88 Key=Created,Value=1485367805
INSTANCE i-69696e51
INSTANCE NAME: yc_internetds_life_loadrunner4
Tagging Snapshot snap-0526397afe4c749ec with the following Tags: Key=CreatedBy,Value=ec2-automate-backup Key=InstanceId,Value=i-69696e51 Key=InstanceName,Value=yc_internetds_life_loadrunner4 Key=PurgeAfterFE,Value=1487959805 Key=PurgeAllow,Value=true Key=Volume,Value=vol-62340de7 Key=Created,Value=1485367805
INSTANCE i-69696e51
INSTANCE NAME: yc_internetds_life_loadrunner4
Tagging Snapshot snap-00f106a10041c5dc5 with the following Tags: Key=CreatedBy,Value=ec2-automate-backup Key=InstanceId,Value=i-69696e51 Key=InstanceName,Value=yc_internetds_life_loadrunner4 Key=PurgeAfterFE,Value=1487959805 Key=PurgeAllow,Value=true Key=Volume,Value=vol-7f340dfa Key=Created,Value=1485367805
INSTANCE i-98696ea0
INSTANCE NAME: yc_internetds_life_loadrunner3
Tagging Snapshot snap-08528f2e76944dca8 with the following Tags: Key=CreatedBy,Value=ec2-automate-backup Key=InstanceId,Value=i-98696ea0 Key=InstanceName,Value=yc_internetds_life_loadrunner3 Key=PurgeAfterFE,Value=1487959805 Key=PurgeAllow,Value=true Key=Volume,Value=vol-82370e07 Key=Created,Value=1485367805
INSTANCE i-ea5855d2
INSTANCE NAME: internetds_opsmon_MongoDB01
Tagging Snapshot snap-019834891c74960c0 with the following Tags: Key=CreatedBy,Value=ec2-automate-backup Key=InstanceId,Value=i-ea5855d2 Key=InstanceName,Value=internetds_opsmon_MongoDB01 Key=PurgeAfterFE,Value=1487959805 Key=PurgeAllow,Value=true Key=Volume,Value=vol-916b6a14 Key=Created,Value=1485367805
INSTANCE i-6758555f
INSTANCE NAME: internetds_opsmon_MongoDB02
Tagging Snapshot snap-05fcf699084273501 with the following Tags: Key=CreatedBy,Value=ec2-automate-backup Key=InstanceId,Value=i-6758555f Key=InstanceName,Value=internetds_opsmon_MongoDB02 Key=PurgeAfterFE,Value=1487959805 Key=PurgeAllow,Value=true Key=Volume,Value=vol-9d6b6a18 Key=Created,Value=1485367805
INSTANCE i-965855ae
INSTANCE NAME: internetds_opsmon_MongoDB03
Tagging Snapshot snap-07424f3df2584325e with the following Tags: Key=CreatedBy,Value=ec2-automate-backup Key=InstanceId,Value=i-965855ae Key=InstanceName,Value=internetds_opsmon_MongoDB03 Key=PurgeAfterFE,Value=1487959805 Key=PurgeAllow,Value=true Key=Volume,Value=vol-e06b6a65 Key=Created,Value=1485367805
INSTANCE i-6758555f
INSTANCE NAME: internetds_opsmon_MongoDB02
Tagging Snapshot snap-00e5a9914e7f2f558 with the following Tags: Key=CreatedBy,Value=ec2-automate-backup Key=InstanceId,Value=i-6758555f Key=InstanceName,Value=internetds_opsmon_MongoDB02 Key=PurgeAfterFE,Value=1487959805 Key=PurgeAllow,Value=true Key=Volume,Value=vol-f66b6a73 Key=Created,Value=1485367805
INSTANCE i-ea5855d2
INSTANCE NAME: internetds_opsmon_MongoDB01
Tagging Snapshot snap-09229221bcbb04470 with the following Tags: Key=CreatedBy,Value=ec2-automate-backup Key=InstanceId,Value=i-ea5855d2 Key=InstanceName,Value=internetds_opsmon_MongoDB01 Key=PurgeAfterFE,Value=1487959805 Key=PurgeAllow,Value=true Key=Volume,Value=vol-006b6a85 Key=Created,Value=1485367805
INSTANCE i-965855ae
INSTANCE NAME: internetds_opsmon_MongoDB03
Tagging Snapshot snap-01536014444d6dd1c with the following Tags: Key=CreatedBy,Value=ec2-automate-backup Key=InstanceId,Value=i-965855ae Key=InstanceName,Value=internetds_opsmon_MongoDB03 Key=PurgeAfterFE,Value=1487959805 Key=PurgeAllow,Value=true Key=Volume,Value=vol-116b6a94 Key=Created,Value=1485367805
INSTANCE i-0c585534
INSTANCE NAME: internetds_opsmon_DB01
Tagging Snapshot snap-09c14cfcb90b5255a with the following Tags: Key=CreatedBy,Value=ec2-automate-backup Key=InstanceId,Value=i-0c585534 Key=InstanceName,Value=internetds_opsmon_DB01 Key=PurgeAfterFE,Value=1487959805 Key=PurgeAllow,Value=true Key=Volume,Value=vol-8f6a6b0a Key=Created,Value=1485367805
INSTANCE i-0c585534
INSTANCE NAME: internetds_opsmon_DB01
Tagging Snapshot snap-0b7304e48faa69465 with the following Tags: Key=CreatedBy,Value=ec2-automate-backup Key=InstanceId,Value=i-0c585534 Key=InstanceName,Value=internetds_opsmon_DB01 Key=PurgeAfterFE,Value=1487959805 Key=PurgeAllow,Value=true Key=Volume,Value=vol-f26a6b77 Key=Created,Value=1485367805
Snapshot Purging is Starting Now.
