Snapshots taken by ec2-volumes-autobackup.sh will be eligible for purging after the following date (the purge after date given in seconds from epoch): 1486756678.
INSTANCE i-46b0ebfe
INSTANCE NAME: igv-ec2-im02
Tagging Snapshot snap-0552fa3549a1ec876 with the following Tags: Key=CreatedBy,Value=ec2-automate-backup Key=InstanceId,Value=i-46b0ebfe Key=InstanceName,Value=igv-ec2-im02 Key=PurgeAfterFE,Value=1486756678 Key=PurgeAllow,Value=true Key=Volume,Value=vol-e7515158 Key=Created,Value=1484164678
INSTANCE i-24b0eb9c
INSTANCE NAME: igv-ec2-web02
Tagging Snapshot snap-061bf0356b62f003e with the following Tags: Key=CreatedBy,Value=ec2-automate-backup Key=InstanceId,Value=i-24b0eb9c Key=InstanceName,Value=igv-ec2-web02 Key=PurgeAfterFE,Value=1486756678 Key=PurgeAllow,Value=true Key=Volume,Value=vol-3e515181 Key=Created,Value=1484164678
INSTANCE i-24b0eb9c
INSTANCE NAME: igv-ec2-web02
Tagging Snapshot snap-02773365f12a5fc96 with the following Tags: Key=CreatedBy,Value=ec2-automate-backup Key=InstanceId,Value=i-24b0eb9c Key=InstanceName,Value=igv-ec2-web02 Key=PurgeAfterFE,Value=1486756678 Key=PurgeAllow,Value=true Key=Volume,Value=vol-3d515182 Key=Created,Value=1484164678
INSTANCE i-46b0ebfe
INSTANCE NAME: igv-ec2-im02
Tagging Snapshot snap-0579a89d8cac94335 with the following Tags: Key=CreatedBy,Value=ec2-automate-backup Key=InstanceId,Value=i-46b0ebfe Key=InstanceName,Value=igv-ec2-im02 Key=PurgeAfterFE,Value=1486756678 Key=PurgeAllow,Value=true Key=Volume,Value=vol-2d515192 Key=Created,Value=1484164678
INSTANCE i-2eb0eb96
INSTANCE NAME: igv-ec2-fs02
Tagging Snapshot snap-08dd672342860e5a5 with the following Tags: Key=CreatedBy,Value=ec2-automate-backup Key=InstanceId,Value=i-2eb0eb96 Key=InstanceName,Value=igv-ec2-fs02 Key=PurgeAfterFE,Value=1486756678 Key=PurgeAllow,Value=true Key=Volume,Value=vol-2151519e Key=Created,Value=1484164678
INSTANCE i-2eb0eb96
INSTANCE NAME: igv-ec2-fs02
Tagging Snapshot snap-089bef709d34a9c1b with the following Tags: Key=CreatedBy,Value=ec2-automate-backup Key=InstanceId,Value=i-2eb0eb96 Key=InstanceName,Value=igv-ec2-fs02 Key=PurgeAfterFE,Value=1486756678 Key=PurgeAllow,Value=true Key=Volume,Value=vol-2051519f Key=Created,Value=1484164678
INSTANCE i-ecbd9b54
INSTANCE NAME: uat-igv-ec2-fs02
Tagging Snapshot snap-00524852364bf9884 with the following Tags: Key=CreatedBy,Value=ec2-automate-backup Key=InstanceId,Value=i-ecbd9b54 Key=InstanceName,Value=uat-igv-ec2-fs02 Key=PurgeAfterFE,Value=1486756678 Key=PurgeAllow,Value=true Key=Volume,Value=vol-1c0114a3 Key=Created,Value=1484164678
INSTANCE i-ecbd9b54
INSTANCE NAME: uat-igv-ec2-fs02
Tagging Snapshot snap-0c60863d6f7ab969d with the following Tags: Key=CreatedBy,Value=ec2-automate-backup Key=InstanceId,Value=i-ecbd9b54 Key=InstanceName,Value=uat-igv-ec2-fs02 Key=PurgeAfterFE,Value=1486756678 Key=PurgeAllow,Value=true Key=Volume,Value=vol-1b0114a4 Key=Created,Value=1484164678
INSTANCE i-ecbd9b54
INSTANCE NAME: uat-igv-ec2-fs02
Tagging Snapshot snap-09f43170af9a12a41 with the following Tags: Key=CreatedBy,Value=ec2-automate-backup Key=InstanceId,Value=i-ecbd9b54 Key=InstanceName,Value=uat-igv-ec2-fs02 Key=PurgeAfterFE,Value=1486756678 Key=PurgeAllow,Value=true Key=Volume,Value=vol-070114b8 Key=Created,Value=1484164678
INSTANCE i-e599bf5d
INSTANCE NAME: uat-igv-ec2-im02
Tagging Snapshot snap-031384e8dc2834ab4 with the following Tags: Key=CreatedBy,Value=ec2-automate-backup Key=InstanceId,Value=i-e599bf5d Key=InstanceName,Value=uat-igv-ec2-im02 Key=PurgeAfterFE,Value=1486756678 Key=PurgeAllow,Value=true Key=Volume,Value=vol-32d8cd8d Key=Created,Value=1484164678
INSTANCE i-e599bf5d
INSTANCE NAME: uat-igv-ec2-im02
Tagging Snapshot snap-0cea2790a4838f93c with the following Tags: Key=CreatedBy,Value=ec2-automate-backup Key=InstanceId,Value=i-e599bf5d Key=InstanceName,Value=uat-igv-ec2-im02 Key=PurgeAfterFE,Value=1486756678 Key=PurgeAllow,Value=true Key=Volume,Value=vol-99dbce26 Key=Created,Value=1484164678
INSTANCE i-e599bf5d
INSTANCE NAME: uat-igv-ec2-im02
Tagging Snapshot snap-00aa926ca00287246 with the following Tags: Key=CreatedBy,Value=ec2-automate-backup Key=InstanceId,Value=i-e599bf5d Key=InstanceName,Value=uat-igv-ec2-im02 Key=PurgeAfterFE,Value=1486756678 Key=PurgeAllow,Value=true Key=Volume,Value=vol-87dbce38 Key=Created,Value=1484164678
INSTANCE i-46b0ebfe
INSTANCE NAME: igv-ec2-im02
Tagging Snapshot snap-02cf3ba28509b4441 with the following Tags: Key=CreatedBy,Value=ec2-automate-backup Key=InstanceId,Value=i-46b0ebfe Key=InstanceName,Value=igv-ec2-im02 Key=PurgeAfterFE,Value=1486756678 Key=PurgeAllow,Value=true Key=Volume,Value=vol-0d15268307606d6f0 Key=Created,Value=1484164678
INSTANCE i-2eb0eb96
INSTANCE NAME: igv-ec2-fs02
Tagging Snapshot snap-022a14afeec61f545 with the following Tags: Key=CreatedBy,Value=ec2-automate-backup Key=InstanceId,Value=i-2eb0eb96 Key=InstanceName,Value=igv-ec2-fs02 Key=PurgeAfterFE,Value=1486756678 Key=PurgeAllow,Value=true Key=Volume,Value=vol-0e009e505c05a452a Key=Created,Value=1484164678
INSTANCE i-b486a98c
INSTANCE NAME: igv-ec2-im01
Tagging Snapshot snap-0a468ad180a8aab70 with the following Tags: Key=CreatedBy,Value=ec2-automate-backup Key=InstanceId,Value=i-b486a98c Key=InstanceName,Value=igv-ec2-im01 Key=PurgeAfterFE,Value=1486756678 Key=PurgeAllow,Value=true Key=Volume,Value=vol-64bceae1 Key=Created,Value=1484164678
INSTANCE i-b486a98c
INSTANCE NAME: igv-ec2-im01
Tagging Snapshot snap-020f2c094db9921a2 with the following Tags: Key=CreatedBy,Value=ec2-automate-backup Key=InstanceId,Value=i-b486a98c Key=InstanceName,Value=igv-ec2-im01 Key=PurgeAfterFE,Value=1486756678 Key=PurgeAllow,Value=true Key=Volume,Value=vol-67bceae2 Key=Created,Value=1484164678
INSTANCE i-b287a88a
INSTANCE NAME: igv-ec2-web01
Tagging Snapshot snap-08d78e3ba1cfee6c0 with the following Tags: Key=CreatedBy,Value=ec2-automate-backup Key=InstanceId,Value=i-b287a88a Key=InstanceName,Value=igv-ec2-web01 Key=PurgeAfterFE,Value=1486756678 Key=PurgeAllow,Value=true Key=Volume,Value=vol-b5bdeb30 Key=Created,Value=1484164678
INSTANCE i-b287a88a
INSTANCE NAME: igv-ec2-web01
Tagging Snapshot snap-087987f8ab64f80d0 with the following Tags: Key=CreatedBy,Value=ec2-automate-backup Key=InstanceId,Value=i-b287a88a Key=InstanceName,Value=igv-ec2-web01 Key=PurgeAfterFE,Value=1486756678 Key=PurgeAllow,Value=true Key=Volume,Value=vol-c7bdeb42 Key=Created,Value=1484164678
INSTANCE i-0a87a832
INSTANCE NAME: igv-ec2-fs01
Tagging Snapshot snap-0967890291bfb2c80 with the following Tags: Key=CreatedBy,Value=ec2-automate-backup Key=InstanceId,Value=i-0a87a832 Key=InstanceName,Value=igv-ec2-fs01 Key=PurgeAfterFE,Value=1486756678 Key=PurgeAllow,Value=true Key=Volume,Value=vol-30bdebb5 Key=Created,Value=1484164678
INSTANCE i-0a87a832
INSTANCE NAME: igv-ec2-fs01
Tagging Snapshot snap-040ee5d7b1a8768cb with the following Tags: Key=CreatedBy,Value=ec2-automate-backup Key=InstanceId,Value=i-0a87a832 Key=InstanceName,Value=igv-ec2-fs01 Key=PurgeAfterFE,Value=1486756678 Key=PurgeAllow,Value=true Key=Volume,Value=vol-65bdebe0 Key=Created,Value=1484164678
INSTANCE i-e3dcf6db
INSTANCE NAME: uat-igv-ec2-web01
Tagging Snapshot snap-0d1373914d1ac96c0 with the following Tags: Key=CreatedBy,Value=ec2-automate-backup Key=InstanceId,Value=i-e3dcf6db Key=InstanceName,Value=uat-igv-ec2-web01 Key=PurgeAfterFE,Value=1486756678 Key=PurgeAllow,Value=true Key=Volume,Value=vol-60b0e8e5 Key=Created,Value=1484164678
INSTANCE i-e3dcf6db
INSTANCE NAME: uat-igv-ec2-web01
Tagging Snapshot snap-05fa64b2d623874b7 with the following Tags: Key=CreatedBy,Value=ec2-automate-backup Key=InstanceId,Value=i-e3dcf6db Key=InstanceName,Value=uat-igv-ec2-web01 Key=PurgeAfterFE,Value=1486756678 Key=PurgeAllow,Value=true Key=Volume,Value=vol-73b0e8f6 Key=Created,Value=1484164678
INSTANCE i-aacec892
INSTANCE NAME: newTags
Tagging Snapshot snap-035396a0cde4785ae with the following Tags: Key=CreatedBy,Value=ec2-automate-backup Key=InstanceId,Value=i-aacec892 Key=InstanceName,Value=newTags Key=PurgeAfterFE,Value=1486756678 Key=PurgeAllow,Value=true Key=Volume,Value=vol-10241f95 Key=Created,Value=1484164678
INSTANCE i-e3dcf6db
INSTANCE NAME: uat-igv-ec2-web01
Tagging Snapshot snap-04733d82e16e497f7 with the following Tags: Key=CreatedBy,Value=ec2-automate-backup Key=InstanceId,Value=i-e3dcf6db Key=InstanceName,Value=uat-igv-ec2-web01 Key=PurgeAfterFE,Value=1486756678 Key=PurgeAllow,Value=true Key=Volume,Value=vol-010b6aec845fdc72e Key=Created,Value=1484164678
INSTANCE i-b486a98c
INSTANCE NAME: igv-ec2-im01
Tagging Snapshot snap-02015998bf2abcafd with the following Tags: Key=CreatedBy,Value=ec2-automate-backup Key=InstanceId,Value=i-b486a98c Key=InstanceName,Value=igv-ec2-im01 Key=PurgeAfterFE,Value=1486756678 Key=PurgeAllow,Value=true Key=Volume,Value=vol-039deb6f07ed7c60c Key=Created,Value=1484164678
INSTANCE i-0a87a832
INSTANCE NAME: igv-ec2-fs01
Tagging Snapshot snap-00470b42475f90753 with the following Tags: Key=CreatedBy,Value=ec2-automate-backup Key=InstanceId,Value=i-0a87a832 Key=InstanceName,Value=igv-ec2-fs01 Key=PurgeAfterFE,Value=1486756678 Key=PurgeAllow,Value=true Key=Volume,Value=vol-095211fa83f1b6524 Key=Created,Value=1484164678
INSTANCE i-b287a88a
INSTANCE NAME: igv-ec2-web01
Tagging Snapshot snap-03faa81ebc374de63 with the following Tags: Key=CreatedBy,Value=ec2-automate-backup Key=InstanceId,Value=i-b287a88a Key=InstanceName,Value=igv-ec2-web01 Key=PurgeAfterFE,Value=1486756678 Key=PurgeAllow,Value=true Key=Volume,Value=vol-0cd7c487775e1e6bb Key=Created,Value=1484164678
Snapshot Purging is Starting Now.
