Snapshots taken by ec2-volumes-autobackup.sh will be eligible for purging after the following date (the purge after date given in seconds from epoch): 1489005104.
INSTANCE i-46b0ebfe
INSTANCE NAME: igv-ec2-im02
Tagging Snapshot snap-04d628e2e90f3857d with the following Tags: Key=CreatedBy,Value=ec2-automate-backup Key=InstanceId,Value=i-46b0ebfe Key=InstanceName,Value=igv-ec2-im02 Key=PurgeAfterFE,Value=1489005104 Key=PurgeAllow,Value=true Key=Volume,Value=vol-e7515158 Key=Created,Value=1486413104
INSTANCE i-24b0eb9c
INSTANCE NAME: igv-ec2-web02
Tagging Snapshot snap-04d38bb33b87953b6 with the following Tags: Key=CreatedBy,Value=ec2-automate-backup Key=InstanceId,Value=i-24b0eb9c Key=InstanceName,Value=igv-ec2-web02 Key=PurgeAfterFE,Value=1489005104 Key=PurgeAllow,Value=true Key=Volume,Value=vol-3e515181 Key=Created,Value=1486413104
INSTANCE i-24b0eb9c
INSTANCE NAME: igv-ec2-web02
Tagging Snapshot snap-04998d107b1c7424c with the following Tags: Key=CreatedBy,Value=ec2-automate-backup Key=InstanceId,Value=i-24b0eb9c Key=InstanceName,Value=igv-ec2-web02 Key=PurgeAfterFE,Value=1489005104 Key=PurgeAllow,Value=true Key=Volume,Value=vol-3d515182 Key=Created,Value=1486413104
INSTANCE i-46b0ebfe
INSTANCE NAME: igv-ec2-im02
Tagging Snapshot snap-0585e6dac0fcb6142 with the following Tags: Key=CreatedBy,Value=ec2-automate-backup Key=InstanceId,Value=i-46b0ebfe Key=InstanceName,Value=igv-ec2-im02 Key=PurgeAfterFE,Value=1489005104 Key=PurgeAllow,Value=true Key=Volume,Value=vol-2d515192 Key=Created,Value=1486413104
INSTANCE i-2eb0eb96
INSTANCE NAME: igv-ec2-fs02
Tagging Snapshot snap-094345a7aade1e226 with the following Tags: Key=CreatedBy,Value=ec2-automate-backup Key=InstanceId,Value=i-2eb0eb96 Key=InstanceName,Value=igv-ec2-fs02 Key=PurgeAfterFE,Value=1489005104 Key=PurgeAllow,Value=true Key=Volume,Value=vol-2151519e Key=Created,Value=1486413104
INSTANCE i-2eb0eb96
INSTANCE NAME: igv-ec2-fs02
Tagging Snapshot snap-057fe39bcc7cec6ca with the following Tags: Key=CreatedBy,Value=ec2-automate-backup Key=InstanceId,Value=i-2eb0eb96 Key=InstanceName,Value=igv-ec2-fs02 Key=PurgeAfterFE,Value=1489005104 Key=PurgeAllow,Value=true Key=Volume,Value=vol-2051519f Key=Created,Value=1486413104
INSTANCE i-ecbd9b54
INSTANCE NAME: uat-igv-ec2-fs02
Tagging Snapshot snap-0f01f2666cec51718 with the following Tags: Key=CreatedBy,Value=ec2-automate-backup Key=InstanceId,Value=i-ecbd9b54 Key=InstanceName,Value=uat-igv-ec2-fs02 Key=PurgeAfterFE,Value=1489005104 Key=PurgeAllow,Value=true Key=Volume,Value=vol-1c0114a3 Key=Created,Value=1486413104
INSTANCE i-ecbd9b54
INSTANCE NAME: uat-igv-ec2-fs02
Tagging Snapshot snap-0c079a2df2205a48e with the following Tags: Key=CreatedBy,Value=ec2-automate-backup Key=InstanceId,Value=i-ecbd9b54 Key=InstanceName,Value=uat-igv-ec2-fs02 Key=PurgeAfterFE,Value=1489005104 Key=PurgeAllow,Value=true Key=Volume,Value=vol-1b0114a4 Key=Created,Value=1486413104
INSTANCE i-ecbd9b54
INSTANCE NAME: uat-igv-ec2-fs02
Tagging Snapshot snap-00e7afd1f6cb63fc4 with the following Tags: Key=CreatedBy,Value=ec2-automate-backup Key=InstanceId,Value=i-ecbd9b54 Key=InstanceName,Value=uat-igv-ec2-fs02 Key=PurgeAfterFE,Value=1489005104 Key=PurgeAllow,Value=true Key=Volume,Value=vol-070114b8 Key=Created,Value=1486413104
INSTANCE i-e599bf5d
INSTANCE NAME: uat-igv-ec2-im02
Tagging Snapshot snap-057cea9c6dd02eaa1 with the following Tags: Key=CreatedBy,Value=ec2-automate-backup Key=InstanceId,Value=i-e599bf5d Key=InstanceName,Value=uat-igv-ec2-im02 Key=PurgeAfterFE,Value=1489005104 Key=PurgeAllow,Value=true Key=Volume,Value=vol-32d8cd8d Key=Created,Value=1486413104
INSTANCE i-e599bf5d
INSTANCE NAME: uat-igv-ec2-im02
Tagging Snapshot snap-0a88e5629dd091b67 with the following Tags: Key=CreatedBy,Value=ec2-automate-backup Key=InstanceId,Value=i-e599bf5d Key=InstanceName,Value=uat-igv-ec2-im02 Key=PurgeAfterFE,Value=1489005104 Key=PurgeAllow,Value=true Key=Volume,Value=vol-99dbce26 Key=Created,Value=1486413104
INSTANCE i-e599bf5d
INSTANCE NAME: uat-igv-ec2-im02
Tagging Snapshot snap-04b902f6a8c040534 with the following Tags: Key=CreatedBy,Value=ec2-automate-backup Key=InstanceId,Value=i-e599bf5d Key=InstanceName,Value=uat-igv-ec2-im02 Key=PurgeAfterFE,Value=1489005104 Key=PurgeAllow,Value=true Key=Volume,Value=vol-87dbce38 Key=Created,Value=1486413104
INSTANCE i-46b0ebfe
INSTANCE NAME: igv-ec2-im02
Tagging Snapshot snap-003d7523b640cca7a with the following Tags: Key=CreatedBy,Value=ec2-automate-backup Key=InstanceId,Value=i-46b0ebfe Key=InstanceName,Value=igv-ec2-im02 Key=PurgeAfterFE,Value=1489005104 Key=PurgeAllow,Value=true Key=Volume,Value=vol-0d15268307606d6f0 Key=Created,Value=1486413104
INSTANCE i-2eb0eb96
INSTANCE NAME: igv-ec2-fs02
Tagging Snapshot snap-0f159602eed708eeb with the following Tags: Key=CreatedBy,Value=ec2-automate-backup Key=InstanceId,Value=i-2eb0eb96 Key=InstanceName,Value=igv-ec2-fs02 Key=PurgeAfterFE,Value=1489005104 Key=PurgeAllow,Value=true Key=Volume,Value=vol-0e009e505c05a452a Key=Created,Value=1486413104
INSTANCE i-b486a98c
INSTANCE NAME: igv-ec2-im01
Tagging Snapshot snap-05ff89ef1dd4fbcda with the following Tags: Key=CreatedBy,Value=ec2-automate-backup Key=InstanceId,Value=i-b486a98c Key=InstanceName,Value=igv-ec2-im01 Key=PurgeAfterFE,Value=1489005104 Key=PurgeAllow,Value=true Key=Volume,Value=vol-64bceae1 Key=Created,Value=1486413104
INSTANCE i-b486a98c
INSTANCE NAME: igv-ec2-im01
Tagging Snapshot snap-04bdd428c5b658905 with the following Tags: Key=CreatedBy,Value=ec2-automate-backup Key=InstanceId,Value=i-b486a98c Key=InstanceName,Value=igv-ec2-im01 Key=PurgeAfterFE,Value=1489005104 Key=PurgeAllow,Value=true Key=Volume,Value=vol-67bceae2 Key=Created,Value=1486413104
INSTANCE i-b287a88a
INSTANCE NAME: igv-ec2-web01
Tagging Snapshot snap-0ad67c67dda037f08 with the following Tags: Key=CreatedBy,Value=ec2-automate-backup Key=InstanceId,Value=i-b287a88a Key=InstanceName,Value=igv-ec2-web01 Key=PurgeAfterFE,Value=1489005104 Key=PurgeAllow,Value=true Key=Volume,Value=vol-b5bdeb30 Key=Created,Value=1486413104
INSTANCE i-b287a88a
INSTANCE NAME: igv-ec2-web01
Tagging Snapshot snap-054708ffbf25a00ee with the following Tags: Key=CreatedBy,Value=ec2-automate-backup Key=InstanceId,Value=i-b287a88a Key=InstanceName,Value=igv-ec2-web01 Key=PurgeAfterFE,Value=1489005104 Key=PurgeAllow,Value=true Key=Volume,Value=vol-c7bdeb42 Key=Created,Value=1486413104
INSTANCE i-0a87a832
INSTANCE NAME: igv-ec2-fs01
Tagging Snapshot snap-0d089703f17156a2c with the following Tags: Key=CreatedBy,Value=ec2-automate-backup Key=InstanceId,Value=i-0a87a832 Key=InstanceName,Value=igv-ec2-fs01 Key=PurgeAfterFE,Value=1489005104 Key=PurgeAllow,Value=true Key=Volume,Value=vol-30bdebb5 Key=Created,Value=1486413104
INSTANCE i-0a87a832
INSTANCE NAME: igv-ec2-fs01
Tagging Snapshot snap-0f845a7d801960fc3 with the following Tags: Key=CreatedBy,Value=ec2-automate-backup Key=InstanceId,Value=i-0a87a832 Key=InstanceName,Value=igv-ec2-fs01 Key=PurgeAfterFE,Value=1489005104 Key=PurgeAllow,Value=true Key=Volume,Value=vol-65bdebe0 Key=Created,Value=1486413104
INSTANCE i-e3dcf6db
INSTANCE NAME: uat-igv-ec2-web01
Tagging Snapshot snap-06ecfb3ee787ad4da with the following Tags: Key=CreatedBy,Value=ec2-automate-backup Key=InstanceId,Value=i-e3dcf6db Key=InstanceName,Value=uat-igv-ec2-web01 Key=PurgeAfterFE,Value=1489005104 Key=PurgeAllow,Value=true Key=Volume,Value=vol-60b0e8e5 Key=Created,Value=1486413104
INSTANCE i-e3dcf6db
INSTANCE NAME: uat-igv-ec2-web01
Tagging Snapshot snap-0bbf8aa8d8bbfccc1 with the following Tags: Key=CreatedBy,Value=ec2-automate-backup Key=InstanceId,Value=i-e3dcf6db Key=InstanceName,Value=uat-igv-ec2-web01 Key=PurgeAfterFE,Value=1489005104 Key=PurgeAllow,Value=true Key=Volume,Value=vol-73b0e8f6 Key=Created,Value=1486413104
INSTANCE i-aacec892
INSTANCE NAME: newTags
Tagging Snapshot snap-0f8423ef242a9f329 with the following Tags: Key=CreatedBy,Value=ec2-automate-backup Key=InstanceId,Value=i-aacec892 Key=InstanceName,Value=newTags Key=PurgeAfterFE,Value=1489005104 Key=PurgeAllow,Value=true Key=Volume,Value=vol-10241f95 Key=Created,Value=1486413104
INSTANCE i-e3dcf6db
INSTANCE NAME: uat-igv-ec2-web01
Tagging Snapshot snap-0d96787da383135e7 with the following Tags: Key=CreatedBy,Value=ec2-automate-backup Key=InstanceId,Value=i-e3dcf6db Key=InstanceName,Value=uat-igv-ec2-web01 Key=PurgeAfterFE,Value=1489005104 Key=PurgeAllow,Value=true Key=Volume,Value=vol-010b6aec845fdc72e Key=Created,Value=1486413104
INSTANCE i-b486a98c
INSTANCE NAME: igv-ec2-im01
Tagging Snapshot snap-08f8770b121c63dd1 with the following Tags: Key=CreatedBy,Value=ec2-automate-backup Key=InstanceId,Value=i-b486a98c Key=InstanceName,Value=igv-ec2-im01 Key=PurgeAfterFE,Value=1489005104 Key=PurgeAllow,Value=true Key=Volume,Value=vol-039deb6f07ed7c60c Key=Created,Value=1486413104
INSTANCE i-0a87a832
INSTANCE NAME: igv-ec2-fs01
Tagging Snapshot snap-0050628692f67fc2d with the following Tags: Key=CreatedBy,Value=ec2-automate-backup Key=InstanceId,Value=i-0a87a832 Key=InstanceName,Value=igv-ec2-fs01 Key=PurgeAfterFE,Value=1489005104 Key=PurgeAllow,Value=true Key=Volume,Value=vol-095211fa83f1b6524 Key=Created,Value=1486413104
INSTANCE i-b287a88a
INSTANCE NAME: igv-ec2-web01
Tagging Snapshot snap-03a9fce417a0a6470 with the following Tags: Key=CreatedBy,Value=ec2-automate-backup Key=InstanceId,Value=i-b287a88a Key=InstanceName,Value=igv-ec2-web01 Key=PurgeAfterFE,Value=1489005104 Key=PurgeAllow,Value=true Key=Volume,Value=vol-0cd7c487775e1e6bb Key=Created,Value=1486413104
Snapshot Purging is Starting Now.
Snapshot "snap-01fb12b642b182d87" with the PurgeAfterFE date of "1486411035" will be deleted.
Snapshot "snap-0819c55c376ee10aa" with the PurgeAfterFE date of "1486411035" will be deleted.
Snapshot "snap-054276c0e380a86fc" with the PurgeAfterFE date of "1486411035" will be deleted.
Snapshot "snap-086df9b1127275108" with the PurgeAfterFE date of "1486411035" will be deleted.
Snapshot "snap-07f9940374cb17b35" with the PurgeAfterFE date of "1486411035" will be deleted.
Snapshot "snap-01e0c1ca9bb432a54" with the PurgeAfterFE date of "1486411035" will be deleted.
Snapshot "snap-07d0ad9b136dd356d" with the PurgeAfterFE date of "1486411035" will be deleted.
Snapshot "snap-0e1a6ddb91cc8102c" with the PurgeAfterFE date of "1486411035" will be deleted.
Snapshot "snap-00c650dc67b6d5843" with the PurgeAfterFE date of "1486411035" will be deleted.
Snapshot "snap-03c9aafb2dce06a7a" with the PurgeAfterFE date of "1486411035" will be deleted.
Snapshot "snap-0d35bd9b4d890e5b0" with the PurgeAfterFE date of "1486411035" will be deleted.
Snapshot "snap-0071e31508380ca1c" with the PurgeAfterFE date of "1486411035" will be deleted.
Snapshot "snap-0f9072c28b730be84" with the PurgeAfterFE date of "1486411035" will be deleted.
Snapshot "snap-0681834e0caffd3a5" with the PurgeAfterFE date of "1486411035" will be deleted.
Snapshot "snap-0873f204004a5bb06" with the PurgeAfterFE date of "1486411035" will be deleted.
Snapshot "snap-06cb645103849cdf9" with the PurgeAfterFE date of "1486411035" will be deleted.
Snapshot "snap-0fddcfd0171de6540" with the PurgeAfterFE date of "1486411035" will be deleted.
Snapshot "snap-0451763c3cd680ce1" with the PurgeAfterFE date of "1486411035" will be deleted.
Snapshot "snap-07271e72bd165b065" with the PurgeAfterFE date of "1486411035" will be deleted.
Snapshot "snap-06c68f91fcf0974c5" with the PurgeAfterFE date of "1486411035" will be deleted.
Snapshot "snap-0d16fed47fb79ae18" with the PurgeAfterFE date of "1486411035" will be deleted.
Snapshot "snap-044b31495c271ba2a" with the PurgeAfterFE date of "1486411035" will be deleted.
Snapshot "snap-0ef2807b5f5dfe69e" with the PurgeAfterFE date of "1486411035" will be deleted.
Snapshot "snap-07e2caa5d3689f528" with the PurgeAfterFE date of "1486411035" will be deleted.
Snapshot "snap-04218bdfe3478213d" with the PurgeAfterFE date of "1486411035" will be deleted.
Snapshot "snap-0ee944d6f6e6a6dc6" with the PurgeAfterFE date of "1486411035" will be deleted.
Snapshot "snap-00d56471141d261df" with the PurgeAfterFE date of "1486411035" will be deleted.
