Snapshots taken by ec2-volumes-autobackup.sh will be eligible for purging after the following date (the purge after date given in seconds from epoch): 1492452605.
INSTANCE i-526547ea
INSTANCE NAME: test_internetds_nat02
Tagging Snapshot snap-0a2839005f6b96f82 with the following Tags: Key=CreatedBy,Value=ec2-automate-backup Key=InstanceId,Value=i-526547ea Key=InstanceName,Value=test_internetds_nat02 Key=PurgeAfterFE,Value=1492452605 Key=PurgeAllow,Value=true Key=Volume,Value=vol-719282ce Key=Created,Value=1489860605
INSTANCE i-b17a5809
INSTANCE NAME: uat_internetds_front_app01
Tagging Snapshot snap-08e81ba7fef22434a with the following Tags: Key=CreatedBy,Value=ec2-automate-backup Key=InstanceId,Value=i-b17a5809 Key=InstanceName,Value=uat_internetds_front_app01 Key=PurgeAfterFE,Value=1492452605 Key=PurgeAllow,Value=true Key=Volume,Value=vol-c6849479 Key=Created,Value=1489860605
INSTANCE i-b17a5809
INSTANCE NAME: uat_internetds_front_app01
Tagging Snapshot snap-02067641d41bb89fa with the following Tags: Key=CreatedBy,Value=ec2-automate-backup Key=InstanceId,Value=i-b17a5809 Key=InstanceName,Value=uat_internetds_front_app01 Key=PurgeAfterFE,Value=1492452605 Key=PurgeAllow,Value=true Key=Volume,Value=vol-3084948f Key=Created,Value=1489860605
INSTANCE i-8a7a5832
INSTANCE NAME: uat_internetds_mid01
Tagging Snapshot snap-00f8c14ea131caa9d with the following Tags: Key=CreatedBy,Value=ec2-automate-backup Key=InstanceId,Value=i-8a7a5832 Key=InstanceName,Value=uat_internetds_mid01 Key=PurgeAfterFE,Value=1492452605 Key=PurgeAllow,Value=true Key=Volume,Value=vol-8c859533 Key=Created,Value=1489860605
INSTANCE i-8a7a5832
INSTANCE NAME: uat_internetds_mid01
Tagging Snapshot snap-0c782373da032fcd8 with the following Tags: Key=CreatedBy,Value=ec2-automate-backup Key=InstanceId,Value=i-8a7a5832 Key=InstanceName,Value=uat_internetds_mid01 Key=PurgeAfterFE,Value=1492452605 Key=PurgeAllow,Value=true Key=Volume,Value=vol-798595c6 Key=Created,Value=1489860605
INSTANCE i-1b7a58a3
INSTANCE NAME: uat_internetds_opsmon_mongo01
Tagging Snapshot snap-0ab52d86d1a455694 with the following Tags: Key=CreatedBy,Value=ec2-automate-backup Key=InstanceId,Value=i-1b7a58a3 Key=InstanceName,Value=uat_internetds_opsmon_mongo01 Key=PurgeAfterFE,Value=1492452605 Key=PurgeAllow,Value=true Key=Volume,Value=vol-bf879700 Key=Created,Value=1489860605
INSTANCE i-1a7a58a2
INSTANCE NAME: uat_internetds_opsmon_mongo02
Tagging Snapshot snap-0cc0ccf65ca968bee with the following Tags: Key=CreatedBy,Value=ec2-automate-backup Key=InstanceId,Value=i-1a7a58a2 Key=InstanceName,Value=uat_internetds_opsmon_mongo02 Key=PurgeAfterFE,Value=1492452605 Key=PurgeAllow,Value=true Key=Volume,Value=vol-fd879742 Key=Created,Value=1489860605
INSTANCE i-1b7a58a3
INSTANCE NAME: uat_internetds_opsmon_mongo01
Tagging Snapshot snap-03e5a94e1453dbc3b with the following Tags: Key=CreatedBy,Value=ec2-automate-backup Key=InstanceId,Value=i-1b7a58a3 Key=InstanceName,Value=uat_internetds_opsmon_mongo01 Key=PurgeAfterFE,Value=1492452605 Key=PurgeAllow,Value=true Key=Volume,Value=vol-e287975d Key=Created,Value=1489860605
INSTANCE i-1a7a58a2
INSTANCE NAME: uat_internetds_opsmon_mongo02
Tagging Snapshot snap-09aedf3d069b89316 with the following Tags: Key=CreatedBy,Value=ec2-automate-backup Key=InstanceId,Value=i-1a7a58a2 Key=InstanceName,Value=uat_internetds_opsmon_mongo02 Key=PurgeAfterFE,Value=1492452605 Key=PurgeAllow,Value=true Key=Volume,Value=vol-e187975e Key=Created,Value=1489860605
INSTANCE i-c7795b7f
INSTANCE NAME: uat_internetds_life_app02
Tagging Snapshot snap-08441629334422393 with the following Tags: Key=CreatedBy,Value=ec2-automate-backup Key=InstanceId,Value=i-c7795b7f Key=InstanceName,Value=uat_internetds_life_app02 Key=PurgeAfterFE,Value=1492452605 Key=PurgeAllow,Value=true Key=Volume,Value=vol-698b9bd6 Key=Created,Value=1489860605
INSTANCE i-c7795b7f
INSTANCE NAME: uat_internetds_life_app02
Tagging Snapshot snap-07d94b9fdd3da247d with the following Tags: Key=CreatedBy,Value=ec2-automate-backup Key=InstanceId,Value=i-c7795b7f Key=InstanceName,Value=uat_internetds_life_app02 Key=PurgeAfterFE,Value=1492452605 Key=PurgeAllow,Value=true Key=Volume,Value=vol-fa8c9c45 Key=Created,Value=1489860605
INSTANCE i-d6785a6e
INSTANCE NAME: dev_internetds_front_app02
Tagging Snapshot snap-0346dfd33aa45f7f1 with the following Tags: Key=CreatedBy,Value=ec2-automate-backup Key=InstanceId,Value=i-d6785a6e Key=InstanceName,Value=dev_internetds_front_app02 Key=PurgeAfterFE,Value=1492452605 Key=PurgeAllow,Value=true Key=Volume,Value=vol-068c9cb9 Key=Created,Value=1489860605
INSTANCE i-d6785a6e
INSTANCE NAME: dev_internetds_front_app02
Tagging Snapshot snap-0aa14b838343bae1d with the following Tags: Key=CreatedBy,Value=ec2-automate-backup Key=InstanceId,Value=i-d6785a6e Key=InstanceName,Value=dev_internetds_front_app02 Key=PurgeAfterFE,Value=1492452605 Key=PurgeAllow,Value=true Key=Volume,Value=vol-058c9cba Key=Created,Value=1489860605
INSTANCE i-3f7e5c87
INSTANCE NAME: dev_internetds_opsmon_mongo02
Tagging Snapshot snap-0c4079171e0a9b4b6 with the following Tags: Key=CreatedBy,Value=ec2-automate-backup Key=InstanceId,Value=i-3f7e5c87 Key=InstanceName,Value=dev_internetds_opsmon_mongo02 Key=PurgeAfterFE,Value=1492452605 Key=PurgeAllow,Value=true Key=Volume,Value=vol-738c9ccc Key=Created,Value=1489860605
INSTANCE i-3e7e5c86
INSTANCE NAME: dev_internetds_opsmon_mongo01
Tagging Snapshot snap-00699f7fd62e2f96a with the following Tags: Key=CreatedBy,Value=ec2-automate-backup Key=InstanceId,Value=i-3e7e5c86 Key=InstanceName,Value=dev_internetds_opsmon_mongo01 Key=PurgeAfterFE,Value=1492452605 Key=PurgeAllow,Value=true Key=Volume,Value=vol-528c9ced Key=Created,Value=1489860605
INSTANCE i-3f7e5c87
INSTANCE NAME: dev_internetds_opsmon_mongo02
Tagging Snapshot snap-00c0458d95a9deae8 with the following Tags: Key=CreatedBy,Value=ec2-automate-backup Key=InstanceId,Value=i-3f7e5c87 Key=InstanceName,Value=dev_internetds_opsmon_mongo02 Key=PurgeAfterFE,Value=1492452605 Key=PurgeAllow,Value=true Key=Volume,Value=vol-bd8d9d02 Key=Created,Value=1489860605
INSTANCE i-3e7e5c86
INSTANCE NAME: dev_internetds_opsmon_mongo01
Tagging Snapshot snap-07eede18ce553d3ac with the following Tags: Key=CreatedBy,Value=ec2-automate-backup Key=InstanceId,Value=i-3e7e5c86 Key=InstanceName,Value=dev_internetds_opsmon_mongo01 Key=PurgeAfterFE,Value=1492452605 Key=PurgeAllow,Value=true Key=Volume,Value=vol-8e8d9d31 Key=Created,Value=1489860605
INSTANCE i-587e5ce0
INSTANCE NAME: uat_internetds_health_app01
Tagging Snapshot snap-0725b1a1ceda64399 with the following Tags: Key=CreatedBy,Value=ec2-automate-backup Key=InstanceId,Value=i-587e5ce0 Key=InstanceName,Value=uat_internetds_health_app01 Key=PurgeAfterFE,Value=1492452605 Key=PurgeAllow,Value=true Key=Volume,Value=vol-738d9dcc Key=Created,Value=1489860605
INSTANCE i-587e5ce0
INSTANCE NAME: uat_internetds_health_app01
Tagging Snapshot snap-06d7e78005141915d with the following Tags: Key=CreatedBy,Value=ec2-automate-backup Key=InstanceId,Value=i-587e5ce0 Key=InstanceName,Value=uat_internetds_health_app01 Key=PurgeAfterFE,Value=1492452605 Key=PurgeAllow,Value=true Key=Volume,Value=vol-468d9df9 Key=Created,Value=1489860605
INSTANCE i-bd7e5c05
INSTANCE NAME: dev_internetds_health_app02
Tagging Snapshot snap-0ea545a95115cefa2 with the following Tags: Key=CreatedBy,Value=ec2-automate-backup Key=InstanceId,Value=i-bd7e5c05 Key=InstanceName,Value=dev_internetds_health_app02 Key=PurgeAfterFE,Value=1492452605 Key=PurgeAllow,Value=true Key=Volume,Value=vol-e78e9e58 Key=Created,Value=1489860605
INSTANCE i-bd7e5c05
INSTANCE NAME: dev_internetds_health_app02
Tagging Snapshot snap-010e37960ad85f677 with the following Tags: Key=CreatedBy,Value=ec2-automate-backup Key=InstanceId,Value=i-bd7e5c05 Key=InstanceName,Value=dev_internetds_health_app02 Key=PurgeAfterFE,Value=1492452605 Key=PurgeAllow,Value=true Key=Volume,Value=vol-338e9e8c Key=Created,Value=1489860605
INSTANCE i-6d7f5dd5
INSTANCE NAME: dev_internetds_cache01
Tagging Snapshot snap-0364744280eb3b163 with the following Tags: Key=CreatedBy,Value=ec2-automate-backup Key=InstanceId,Value=i-6d7f5dd5 Key=InstanceName,Value=dev_internetds_cache01 Key=PurgeAfterFE,Value=1492452605 Key=PurgeAllow,Value=true Key=Volume,Value=vol-bab0a005 Key=Created,Value=1489860605
INSTANCE i-627f5dda
INSTANCE NAME: dev_internetds_mid02
Tagging Snapshot snap-02ff6fa40d77ce0c6 with the following Tags: Key=CreatedBy,Value=ec2-automate-backup Key=InstanceId,Value=i-627f5dda Key=InstanceName,Value=dev_internetds_mid02 Key=PurgeAfterFE,Value=1492452605 Key=PurgeAllow,Value=true Key=Volume,Value=vol-efb0a050 Key=Created,Value=1489860605
INSTANCE i-6d7f5dd5
INSTANCE NAME: dev_internetds_cache01
Tagging Snapshot snap-0f35f32584d84f357 with the following Tags: Key=CreatedBy,Value=ec2-automate-backup Key=InstanceId,Value=i-6d7f5dd5 Key=InstanceName,Value=dev_internetds_cache01 Key=PurgeAfterFE,Value=1492452605 Key=PurgeAllow,Value=true Key=Volume,Value=vol-d4b0a06b Key=Created,Value=1489860605
INSTANCE i-627f5dda
INSTANCE NAME: dev_internetds_mid02
Tagging Snapshot snap-07cf5e5f42f11ae50 with the following Tags: Key=CreatedBy,Value=ec2-automate-backup Key=InstanceId,Value=i-627f5dda Key=InstanceName,Value=dev_internetds_mid02 Key=PurgeAfterFE,Value=1492452605 Key=PurgeAllow,Value=true Key=Volume,Value=vol-c5b0a07a Key=Created,Value=1489860605
INSTANCE i-397f5d81
INSTANCE NAME: dev_internetds_datax_app02
Tagging Snapshot snap-0363a7346cf50bed1 with the following Tags: Key=CreatedBy,Value=ec2-automate-backup Key=InstanceId,Value=i-397f5d81 Key=InstanceName,Value=dev_internetds_datax_app02 Key=PurgeAfterFE,Value=1492452605 Key=PurgeAllow,Value=true Key=Volume,Value=vol-14b0a0ab Key=Created,Value=1489860605
INSTANCE i-397f5d81
INSTANCE NAME: dev_internetds_datax_app02
Tagging Snapshot snap-0e7d91234f873e054 with the following Tags: Key=CreatedBy,Value=ec2-automate-backup Key=InstanceId,Value=i-397f5d81 Key=InstanceName,Value=dev_internetds_datax_app02 Key=PurgeAfterFE,Value=1492452605 Key=PurgeAllow,Value=true Key=Volume,Value=vol-6db0a0d2 Key=Created,Value=1489860605
INSTANCE i-987f5d20
INSTANCE NAME: dev_internetds_cache02
Tagging Snapshot snap-084d67f162350d06e with the following Tags: Key=CreatedBy,Value=ec2-automate-backup Key=InstanceId,Value=i-987f5d20 Key=InstanceName,Value=dev_internetds_cache02 Key=PurgeAfterFE,Value=1492452605 Key=PurgeAllow,Value=true Key=Volume,Value=vol-b8b1a107 Key=Created,Value=1489860605
INSTANCE i-8e7f5d36
INSTANCE NAME: uat_internetds_opsmon_app01
Tagging Snapshot snap-04fc4200a3a16095e with the following Tags: Key=CreatedBy,Value=ec2-automate-backup Key=InstanceId,Value=i-8e7f5d36 Key=InstanceName,Value=uat_internetds_opsmon_app01 Key=PurgeAfterFE,Value=1492452605 Key=PurgeAllow,Value=true Key=Volume,Value=vol-9cb1a123 Key=Created,Value=1489860605
INSTANCE i-987f5d20
INSTANCE NAME: dev_internetds_cache02
Tagging Snapshot snap-0355a30c116ca2d98 with the following Tags: Key=CreatedBy,Value=ec2-automate-backup Key=InstanceId,Value=i-987f5d20 Key=InstanceName,Value=dev_internetds_cache02 Key=PurgeAfterFE,Value=1492452605 Key=PurgeAllow,Value=true Key=Volume,Value=vol-90b1a12f Key=Created,Value=1489860605
INSTANCE i-8e7f5d36
INSTANCE NAME: uat_internetds_opsmon_app01
Tagging Snapshot snap-0646dbe90dd65ba8a with the following Tags: Key=CreatedBy,Value=ec2-automate-backup Key=InstanceId,Value=i-8e7f5d36 Key=InstanceName,Value=uat_internetds_opsmon_app01 Key=PurgeAfterFE,Value=1492452605 Key=PurgeAllow,Value=true Key=Volume,Value=vol-86b1a139 Key=Created,Value=1489860605
INSTANCE i-aabd9012
INSTANCE NAME: test_epolicy_mail02
Tagging Snapshot snap-010dc7ada9bf49bfc with the following Tags: Key=CreatedBy,Value=ec2-automate-backup Key=InstanceId,Value=i-aabd9012 Key=InstanceName,Value=test_epolicy_mail02 Key=PurgeAfterFE,Value=1492452605 Key=PurgeAllow,Value=true Key=Volume,Value=vol-ac205e31 Key=Created,Value=1489860605
INSTANCE i-aabd9012
INSTANCE NAME: test_epolicy_mail02
Tagging Snapshot snap-00e595120c7c1576c with the following Tags: Key=CreatedBy,Value=ec2-automate-backup Key=InstanceId,Value=i-aabd9012 Key=InstanceName,Value=test_epolicy_mail02 Key=PurgeAfterFE,Value=1492452605 Key=PurgeAllow,Value=true Key=Volume,Value=vol-dc205e41 Key=Created,Value=1489860605
INSTANCE i-95260a2d
INSTANCE NAME: dev_internetds_life_app02
Tagging Snapshot snap-0eef508ffd2828904 with the following Tags: Key=CreatedBy,Value=ec2-automate-backup Key=InstanceId,Value=i-95260a2d Key=InstanceName,Value=dev_internetds_life_app02 Key=PurgeAfterFE,Value=1492452605 Key=PurgeAllow,Value=true Key=Volume,Value=vol-f6f58b6b Key=Created,Value=1489860605
INSTANCE i-95260a2d
INSTANCE NAME: dev_internetds_life_app02
Tagging Snapshot snap-0dfef65c17b663a1a with the following Tags: Key=CreatedBy,Value=ec2-automate-backup Key=InstanceId,Value=i-95260a2d Key=InstanceName,Value=dev_internetds_life_app02 Key=PurgeAfterFE,Value=1492452605 Key=PurgeAllow,Value=true Key=Volume,Value=vol-28f58bb5 Key=Created,Value=1489860605
INSTANCE i-f3ddf24b
INSTANCE NAME: uat_internetds_datax_app3
Tagging Snapshot snap-0004abe8cac5cb464 with the following Tags: Key=CreatedBy,Value=ec2-automate-backup Key=InstanceId,Value=i-f3ddf24b Key=InstanceName,Value=uat_internetds_datax_app3 Key=PurgeAfterFE,Value=1492452605 Key=PurgeAllow,Value=true Key=Volume,Value=vol-19394284 Key=Created,Value=1489860605
INSTANCE i-43ddf2fb
INSTANCE NAME: uat_internetds_datax_app4
Tagging Snapshot snap-05b3dea069226f33b with the following Tags: Key=CreatedBy,Value=ec2-automate-backup Key=InstanceId,Value=i-43ddf2fb Key=InstanceName,Value=uat_internetds_datax_app4 Key=PurgeAfterFE,Value=1492452605 Key=PurgeAllow,Value=true Key=Volume,Value=vol-393942a4 Key=Created,Value=1489860605
INSTANCE i-f3ddf24b
INSTANCE NAME: uat_internetds_datax_app3
Tagging Snapshot snap-01633a37deb97b9b0 with the following Tags: Key=CreatedBy,Value=ec2-automate-backup Key=InstanceId,Value=i-f3ddf24b Key=InstanceName,Value=uat_internetds_datax_app3 Key=PurgeAfterFE,Value=1492452605 Key=PurgeAllow,Value=true Key=Volume,Value=vol-503942cd Key=Created,Value=1489860605
INSTANCE i-43ddf2fb
INSTANCE NAME: uat_internetds_datax_app4
Tagging Snapshot snap-0d0596ede9d46d8ea with the following Tags: Key=CreatedBy,Value=ec2-automate-backup Key=InstanceId,Value=i-43ddf2fb Key=InstanceName,Value=uat_internetds_datax_app4 Key=PurgeAfterFE,Value=1492452605 Key=PurgeAllow,Value=true Key=Volume,Value=vol-8038431d Key=Created,Value=1489860605
INSTANCE i-4b042af3
INSTANCE NAME: internetds_front_nginx02
Tagging Snapshot snap-0db776365a51100a5 with the following Tags: Key=CreatedBy,Value=ec2-automate-backup Key=InstanceId,Value=i-4b042af3 Key=InstanceName,Value=internetds_front_nginx02 Key=PurgeAfterFE,Value=1492452605 Key=PurgeAllow,Value=true Key=Volume,Value=vol-51215bcc Key=Created,Value=1489860605
INSTANCE i-da042a62
INSTANCE NAME: internetds_front_zkp_app02
Tagging Snapshot snap-0bc26a27a754808c9 with the following Tags: Key=CreatedBy,Value=ec2-automate-backup Key=InstanceId,Value=i-da042a62 Key=InstanceName,Value=internetds_front_zkp_app02 Key=PurgeAfterFE,Value=1492452605 Key=PurgeAllow,Value=true Key=Volume,Value=vol-7e215be3 Key=Created,Value=1489860605
INSTANCE i-4b042af3
INSTANCE NAME: internetds_front_nginx02
Tagging Snapshot snap-0fc37886603bb866c with the following Tags: Key=CreatedBy,Value=ec2-automate-backup Key=InstanceId,Value=i-4b042af3 Key=InstanceName,Value=internetds_front_nginx02 Key=PurgeAfterFE,Value=1492452605 Key=PurgeAllow,Value=true Key=Volume,Value=vol-6c215bf1 Key=Created,Value=1489860605
INSTANCE i-c1042a79
INSTANCE NAME: internetds_front_mq_app02
Tagging Snapshot snap-0831d92c6a5613808 with the following Tags: Key=CreatedBy,Value=ec2-automate-backup Key=InstanceId,Value=i-c1042a79 Key=InstanceName,Value=internetds_front_mq_app02 Key=PurgeAfterFE,Value=1492452605 Key=PurgeAllow,Value=true Key=Volume,Value=vol-dc265c41 Key=Created,Value=1489860605
INSTANCE i-c1042a79
INSTANCE NAME: internetds_front_mq_app02
Tagging Snapshot snap-08d4b6c1c2c91cdce with the following Tags: Key=CreatedBy,Value=ec2-automate-backup Key=InstanceId,Value=i-c1042a79 Key=InstanceName,Value=internetds_front_mq_app02 Key=PurgeAfterFE,Value=1492452605 Key=PurgeAllow,Value=true Key=Volume,Value=vol-df265c42 Key=Created,Value=1489860605
INSTANCE i-da042a62
INSTANCE NAME: internetds_front_zkp_app02
Tagging Snapshot snap-0b29dfe919542356a with the following Tags: Key=CreatedBy,Value=ec2-automate-backup Key=InstanceId,Value=i-da042a62 Key=InstanceName,Value=internetds_front_zkp_app02 Key=PurgeAfterFE,Value=1492452605 Key=PurgeAllow,Value=true Key=Volume,Value=vol-d4265c49 Key=Created,Value=1489860605
INSTANCE i-c5042a7d
INSTANCE NAME: internetds_front_dsjr_app02
Tagging Snapshot snap-072aeac8413b92e0f with the following Tags: Key=CreatedBy,Value=ec2-automate-backup Key=InstanceId,Value=i-c5042a7d Key=InstanceName,Value=internetds_front_dsjr_app02 Key=PurgeAfterFE,Value=1492452605 Key=PurgeAllow,Value=true Key=Volume,Value=vol-c7265c5a Key=Created,Value=1489860605
INSTANCE i-a9052b11
INSTANCE NAME: internetds_front_yyzc_app02
Tagging Snapshot snap-0ad5c9dc3ff2da608 with the following Tags: Key=CreatedBy,Value=ec2-automate-backup Key=InstanceId,Value=i-a9052b11 Key=InstanceName,Value=internetds_front_yyzc_app02 Key=PurgeAfterFE,Value=1492452605 Key=PurgeAllow,Value=true Key=Volume,Value=vol-09265c94 Key=Created,Value=1489860605
INSTANCE i-c5042a7d
INSTANCE NAME: internetds_front_dsjr_app02
Tagging Snapshot snap-08bee93b647202548 with the following Tags: Key=CreatedBy,Value=ec2-automate-backup Key=InstanceId,Value=i-c5042a7d Key=InstanceName,Value=internetds_front_dsjr_app02 Key=PurgeAfterFE,Value=1492452605 Key=PurgeAllow,Value=true Key=Volume,Value=vol-01265c9c Key=Created,Value=1489860605
INSTANCE i-a9052b11
INSTANCE NAME: internetds_front_yyzc_app02
Tagging Snapshot snap-0ac2790c73bee63dd with the following Tags: Key=CreatedBy,Value=ec2-automate-backup Key=InstanceId,Value=i-a9052b11 Key=InstanceName,Value=internetds_front_yyzc_app02 Key=PurgeAfterFE,Value=1492452605 Key=PurgeAllow,Value=true Key=Volume,Value=vol-46265cdb Key=Created,Value=1489860605
INSTANCE i-aa032d12
INSTANCE NAME: internetds_opsmon_app02
Tagging Snapshot snap-04f03e2a5d7d4f527 with the following Tags: Key=CreatedBy,Value=ec2-automate-backup Key=InstanceId,Value=i-aa032d12 Key=InstanceName,Value=internetds_opsmon_app02 Key=PurgeAfterFE,Value=1492452605 Key=PurgeAllow,Value=true Key=Volume,Value=vol-00255f9d Key=Created,Value=1489860605
INSTANCE i-aa032d12
INSTANCE NAME: internetds_opsmon_app02
Tagging Snapshot snap-0abe0d0789a648343 with the following Tags: Key=CreatedBy,Value=ec2-automate-backup Key=InstanceId,Value=i-aa032d12 Key=InstanceName,Value=internetds_opsmon_app02 Key=PurgeAfterFE,Value=1492452605 Key=PurgeAllow,Value=true Key=Volume,Value=vol-4e255fd3 Key=Created,Value=1489860605
INSTANCE i-64002edc
INSTANCE NAME: internetds_front_yyzc_app02
Tagging Snapshot snap-03b82bb61291a8f09 with the following Tags: Key=CreatedBy,Value=ec2-automate-backup Key=InstanceId,Value=i-64002edc Key=InstanceName,Value=internetds_front_yyzc_app02 Key=PurgeAfterFE,Value=1492452605 Key=PurgeAllow,Value=true Key=Volume,Value=vol-ae1b6133 Key=Created,Value=1489860605
INSTANCE i-6d002ed5
INSTANCE NAME: internetds_dmz_nginx02
Tagging Snapshot snap-08499957784f56010 with the following Tags: Key=CreatedBy,Value=ec2-automate-backup Key=InstanceId,Value=i-6d002ed5 Key=InstanceName,Value=internetds_dmz_nginx02 Key=PurgeAfterFE,Value=1492452605 Key=PurgeAllow,Value=true Key=Volume,Value=vol-da1b6147 Key=Created,Value=1489860605
INSTANCE i-6d002ed5
INSTANCE NAME: internetds_dmz_nginx02
Tagging Snapshot snap-072b925770a87147f with the following Tags: Key=CreatedBy,Value=ec2-automate-backup Key=InstanceId,Value=i-6d002ed5 Key=InstanceName,Value=internetds_dmz_nginx02 Key=PurgeAfterFE,Value=1492452605 Key=PurgeAllow,Value=true Key=Volume,Value=vol-f21b616f Key=Created,Value=1489860605
INSTANCE i-64002edc
INSTANCE NAME: internetds_front_yyzc_app02
Tagging Snapshot snap-0aef8ec040281045c with the following Tags: Key=CreatedBy,Value=ec2-automate-backup Key=InstanceId,Value=i-64002edc Key=InstanceName,Value=internetds_front_yyzc_app02 Key=PurgeAfterFE,Value=1492452605 Key=PurgeAllow,Value=true Key=Volume,Value=vol-181b6185 Key=Created,Value=1489860605
INSTANCE i-5a002ee2
INSTANCE NAME: internetds_nat02
Tagging Snapshot snap-0c596f89ca723011e with the following Tags: Key=CreatedBy,Value=ec2-automate-backup Key=InstanceId,Value=i-5a002ee2 Key=InstanceName,Value=internetds_nat02 Key=PurgeAfterFE,Value=1492452605 Key=PurgeAllow,Value=true Key=Volume,Value=vol-7f1b61e2 Key=Created,Value=1489860605
INSTANCE i-79b59bc1
INSTANCE NAME: internetds_datax_app02
Tagging Snapshot snap-05d1289316ae8c739 with the following Tags: Key=CreatedBy,Value=ec2-automate-backup Key=InstanceId,Value=i-79b59bc1 Key=InstanceName,Value=internetds_datax_app02 Key=PurgeAfterFE,Value=1492452605 Key=PurgeAllow,Value=true Key=Volume,Value=vol-75f68ce8 Key=Created,Value=1489860605
INSTANCE i-7ab59bc2
INSTANCE NAME: internetds_datax_yc_app02
Tagging Snapshot snap-0ba47fe08e92985ac with the following Tags: Key=CreatedBy,Value=ec2-automate-backup Key=InstanceId,Value=i-7ab59bc2 Key=InstanceName,Value=internetds_datax_yc_app02 Key=PurgeAfterFE,Value=1492452605 Key=PurgeAllow,Value=true Key=Volume,Value=vol-74f68ce9 Key=Created,Value=1489860605
INSTANCE i-7ab59bc2
INSTANCE NAME: internetds_datax_yc_app02
Tagging Snapshot snap-01d2ddbb2c7e0cc27 with the following Tags: Key=CreatedBy,Value=ec2-automate-backup Key=InstanceId,Value=i-7ab59bc2 Key=InstanceName,Value=internetds_datax_yc_app02 Key=PurgeAfterFE,Value=1492452605 Key=PurgeAllow,Value=true Key=Volume,Value=vol-92f78d0f Key=Created,Value=1489860605
INSTANCE i-79b59bc1
INSTANCE NAME: internetds_datax_app02
Tagging Snapshot snap-07da5415da0b26f97 with the following Tags: Key=CreatedBy,Value=ec2-automate-backup Key=InstanceId,Value=i-79b59bc1 Key=InstanceName,Value=internetds_datax_app02 Key=PurgeAfterFE,Value=1492452605 Key=PurgeAllow,Value=true Key=Volume,Value=vol-a9f78d34 Key=Created,Value=1489860605
INSTANCE i-046148bc
INSTANCE NAME: internetds_epolicy_app03
Tagging Snapshot snap-0f2d027e4a18d1ce1 with the following Tags: Key=CreatedBy,Value=ec2-automate-backup Key=InstanceId,Value=i-046148bc Key=InstanceName,Value=internetds_epolicy_app03 Key=PurgeAfterFE,Value=1492452605 Key=PurgeAllow,Value=true Key=Volume,Value=vol-bc165321 Key=Created,Value=1489860605
INSTANCE i-046148bc
INSTANCE NAME: internetds_epolicy_app03
Tagging Snapshot snap-05880c47e98e54e3e with the following Tags: Key=CreatedBy,Value=ec2-automate-backup Key=InstanceId,Value=i-046148bc Key=InstanceName,Value=internetds_epolicy_app03 Key=PurgeAfterFE,Value=1492452605 Key=PurgeAllow,Value=true Key=Volume,Value=vol-db165346 Key=Created,Value=1489860605
INSTANCE i-056148bd
INSTANCE NAME: internetds_epolicy_app04
Tagging Snapshot snap-0ddb90f82e8099386 with the following Tags: Key=CreatedBy,Value=ec2-automate-backup Key=InstanceId,Value=i-056148bd Key=InstanceName,Value=internetds_epolicy_app04 Key=PurgeAfterFE,Value=1492452605 Key=PurgeAllow,Value=true Key=Volume,Value=vol-fd165360 Key=Created,Value=1489860605
INSTANCE i-056148bd
INSTANCE NAME: internetds_epolicy_app04
Tagging Snapshot snap-0ebd02702c73f9c8e with the following Tags: Key=CreatedBy,Value=ec2-automate-backup Key=InstanceId,Value=i-056148bd Key=InstanceName,Value=internetds_epolicy_app04 Key=PurgeAfterFE,Value=1492452605 Key=PurgeAllow,Value=true Key=Volume,Value=vol-e4165379 Key=Created,Value=1489860605
INSTANCE i-51634ae9
INSTANCE NAME: internetds_dmz_email02
Tagging Snapshot snap-0ddfce88b57013304 with the following Tags: Key=CreatedBy,Value=ec2-automate-backup Key=InstanceId,Value=i-51634ae9 Key=InstanceName,Value=internetds_dmz_email02 Key=PurgeAfterFE,Value=1492452605 Key=PurgeAllow,Value=true Key=Volume,Value=vol-b210552f Key=Created,Value=1489860605
INSTANCE i-51634ae9
INSTANCE NAME: internetds_dmz_email02
Tagging Snapshot snap-0dcfca3241e44dc86 with the following Tags: Key=CreatedBy,Value=ec2-automate-backup Key=InstanceId,Value=i-51634ae9 Key=InstanceName,Value=internetds_dmz_email02 Key=PurgeAfterFE,Value=1492452605 Key=PurgeAllow,Value=true Key=Volume,Value=vol-d9105544 Key=Created,Value=1489860605
INSTANCE i-e298b05a
INSTANCE NAME: internetds_epolicy_app07
Tagging Snapshot snap-05c321a0cdb11984c with the following Tags: Key=CreatedBy,Value=ec2-automate-backup Key=InstanceId,Value=i-e298b05a Key=InstanceName,Value=internetds_epolicy_app07 Key=PurgeAfterFE,Value=1492452605 Key=PurgeAllow,Value=true Key=Volume,Value=vol-17e8af8a Key=Created,Value=1489860605
INSTANCE i-e398b05b
INSTANCE NAME: internetds_epolicy_app08
Tagging Snapshot snap-0f707b7e9a12ed12d with the following Tags: Key=CreatedBy,Value=ec2-automate-backup Key=InstanceId,Value=i-e398b05b Key=InstanceName,Value=internetds_epolicy_app08 Key=PurgeAfterFE,Value=1492452605 Key=PurgeAllow,Value=true Key=Volume,Value=vol-16e8af8b Key=Created,Value=1489860605
INSTANCE i-e398b05b
INSTANCE NAME: internetds_epolicy_app08
Tagging Snapshot snap-0e6c06a2c1bd62bf4 with the following Tags: Key=CreatedBy,Value=ec2-automate-backup Key=InstanceId,Value=i-e398b05b Key=InstanceName,Value=internetds_epolicy_app08 Key=PurgeAfterFE,Value=1492452605 Key=PurgeAllow,Value=true Key=Volume,Value=vol-11e8af8c Key=Created,Value=1489860605
INSTANCE i-e298b05a
INSTANCE NAME: internetds_epolicy_app07
Tagging Snapshot snap-033c414ac7ec6482e with the following Tags: Key=CreatedBy,Value=ec2-automate-backup Key=InstanceId,Value=i-e298b05a Key=InstanceName,Value=internetds_epolicy_app07 Key=PurgeAfterFE,Value=1492452605 Key=PurgeAllow,Value=true Key=Volume,Value=vol-34e8afa9 Key=Created,Value=1489860605
INSTANCE i-b61a2e0e
INSTANCE NAME: internetds_life_bq_app02
Tagging Snapshot snap-0bacc6201160cf27f with the following Tags: Key=CreatedBy,Value=ec2-automate-backup Key=InstanceId,Value=i-b61a2e0e Key=InstanceName,Value=internetds_life_bq_app02 Key=PurgeAfterFE,Value=1492452605 Key=PurgeAllow,Value=true Key=Volume,Value=vol-b93a7824 Key=Created,Value=1489860605
INSTANCE i-741a2ecc
INSTANCE NAME: internetds_life_xqyhb_app02
Tagging Snapshot snap-0e0be2d75c2d02d07 with the following Tags: Key=CreatedBy,Value=ec2-automate-backup Key=InstanceId,Value=i-741a2ecc Key=InstanceName,Value=internetds_life_xqyhb_app02 Key=PurgeAfterFE,Value=1492452605 Key=PurgeAllow,Value=true Key=Volume,Value=vol-d63a784b Key=Created,Value=1489860605
INSTANCE i-741a2ecc
INSTANCE NAME: internetds_life_xqyhb_app02
Tagging Snapshot snap-0158b8b58ac39b35d with the following Tags: Key=CreatedBy,Value=ec2-automate-backup Key=InstanceId,Value=i-741a2ecc Key=InstanceName,Value=internetds_life_xqyhb_app02 Key=PurgeAfterFE,Value=1492452605 Key=PurgeAllow,Value=true Key=Volume,Value=vol-1b3a7886 Key=Created,Value=1489860605
INSTANCE i-731a2ecb
INSTANCE NAME: internetds_life_bdgl_app02
Tagging Snapshot snap-08f38993e9b86805a with the following Tags: Key=CreatedBy,Value=ec2-automate-backup Key=InstanceId,Value=i-731a2ecb Key=InstanceName,Value=internetds_life_bdgl_app02 Key=PurgeAfterFE,Value=1492452605 Key=PurgeAllow,Value=true Key=Volume,Value=vol-353a78a8 Key=Created,Value=1489860605
INSTANCE i-4b1a2ef3
INSTANCE NAME: internetds_life_jsyq_app02
Tagging Snapshot snap-0ff0d76911ee3a0e3 with the following Tags: Key=CreatedBy,Value=ec2-automate-backup Key=InstanceId,Value=i-4b1a2ef3 Key=InstanceName,Value=internetds_life_jsyq_app02 Key=PurgeAfterFE,Value=1492452605 Key=PurgeAllow,Value=true Key=Volume,Value=vol-2d3a78b0 Key=Created,Value=1489860605
INSTANCE i-731a2ecb
INSTANCE NAME: internetds_life_bdgl_app02
Tagging Snapshot snap-06eae487acb129be9 with the following Tags: Key=CreatedBy,Value=ec2-automate-backup Key=InstanceId,Value=i-731a2ecb Key=InstanceName,Value=internetds_life_bdgl_app02 Key=PurgeAfterFE,Value=1492452605 Key=PurgeAllow,Value=true Key=Volume,Value=vol-2e3a78b3 Key=Created,Value=1489860605
INSTANCE i-b61a2e0e
INSTANCE NAME: internetds_life_bq_app02
Tagging Snapshot snap-0a6a90b4772b3e77f with the following Tags: Key=CreatedBy,Value=ec2-automate-backup Key=InstanceId,Value=i-b61a2e0e Key=InstanceName,Value=internetds_life_bq_app02 Key=PurgeAfterFE,Value=1492452605 Key=PurgeAllow,Value=true Key=Volume,Value=vol-583a78c5 Key=Created,Value=1489860605
INSTANCE i-4b1a2ef3
INSTANCE NAME: internetds_life_jsyq_app02
Tagging Snapshot snap-07506ad9afba3351b with the following Tags: Key=CreatedBy,Value=ec2-automate-backup Key=InstanceId,Value=i-4b1a2ef3 Key=InstanceName,Value=internetds_life_jsyq_app02 Key=PurgeAfterFE,Value=1492452605 Key=PurgeAllow,Value=true Key=Volume,Value=vol-973b790a Key=Created,Value=1489860605
INSTANCE i-6b81b0d3
INSTANCE NAME: mgmt-bastion02
Tagging Snapshot snap-019c260e64997f9ff with the following Tags: Key=CreatedBy,Value=ec2-automate-backup Key=InstanceId,Value=i-6b81b0d3 Key=InstanceName,Value=mgmt-bastion02 Key=PurgeAfterFE,Value=1492452605 Key=PurgeAllow,Value=true Key=Volume,Value=vol-22e6a8bf Key=Created,Value=1489860605
INSTANCE i-6b81b0d3
INSTANCE NAME: mgmt-bastion02
Tagging Snapshot snap-03486f28d9874ab7e with the following Tags: Key=CreatedBy,Value=ec2-automate-backup Key=InstanceId,Value=i-6b81b0d3 Key=InstanceName,Value=mgmt-bastion02 Key=PurgeAfterFE,Value=1492452605 Key=PurgeAllow,Value=true Key=Volume,Value=vol-b6e7a92b Key=Created,Value=1489860605
INSTANCE i-5c9eade4
INSTANCE NAME: internetds_opsmon_DB02
Tagging Snapshot snap-01a934be7f48e8603 with the following Tags: Key=CreatedBy,Value=ec2-automate-backup Key=InstanceId,Value=i-5c9eade4 Key=InstanceName,Value=internetds_opsmon_DB02 Key=PurgeAfterFE,Value=1492452605 Key=PurgeAllow,Value=true Key=Volume,Value=vol-ad357e30 Key=Created,Value=1489860605
INSTANCE i-5c9eade4
INSTANCE NAME: internetds_opsmon_DB02
Tagging Snapshot snap-09a9d636efaf2e989 with the following Tags: Key=CreatedBy,Value=ec2-automate-backup Key=InstanceId,Value=i-5c9eade4 Key=InstanceName,Value=internetds_opsmon_DB02 Key=PurgeAfterFE,Value=1492452605 Key=PurgeAllow,Value=true Key=Volume,Value=vol-f7357e6a Key=Created,Value=1489860605
INSTANCE i-0035f2a004086aae8
INSTANCE NAME: dev_internetds_health_mid_app02
Tagging Snapshot snap-0adc47e63f026abc6 with the following Tags: Key=CreatedBy,Value=ec2-automate-backup Key=InstanceId,Value=i-0035f2a004086aae8 Key=InstanceName,Value=dev_internetds_health_mid_app02 Key=PurgeAfterFE,Value=1492452605 Key=PurgeAllow,Value=true Key=Volume,Value=vol-04c1b9bcdbcbb80b3 Key=Created,Value=1489860605
INSTANCE i-0035f2a004086aae8
INSTANCE NAME: dev_internetds_health_mid_app02
Tagging Snapshot snap-0b9ca653b4fcd1b7a with the following Tags: Key=CreatedBy,Value=ec2-automate-backup Key=InstanceId,Value=i-0035f2a004086aae8 Key=InstanceName,Value=dev_internetds_health_mid_app02 Key=PurgeAfterFE,Value=1492452605 Key=PurgeAllow,Value=true Key=Volume,Value=vol-0adcba272a3852e1d Key=Created,Value=1489860605
INSTANCE i-049e6dedca392ba39
INSTANCE NAME: uat_internetds_health_mid_app02
Tagging Snapshot snap-026f238c401de8ce6 with the following Tags: Key=CreatedBy,Value=ec2-automate-backup Key=InstanceId,Value=i-049e6dedca392ba39 Key=InstanceName,Value=uat_internetds_health_mid_app02 Key=PurgeAfterFE,Value=1492452605 Key=PurgeAllow,Value=true Key=Volume,Value=vol-0d3596bbe1256e96e Key=Created,Value=1489860605
INSTANCE i-049e6dedca392ba39
INSTANCE NAME: uat_internetds_health_mid_app02
Tagging Snapshot snap-0f4fec324def14fde with the following Tags: Key=CreatedBy,Value=ec2-automate-backup Key=InstanceId,Value=i-049e6dedca392ba39 Key=InstanceName,Value=uat_internetds_health_mid_app02 Key=PurgeAfterFE,Value=1492452605 Key=PurgeAllow,Value=true Key=Volume,Value=vol-031c7fada2f400cd3 Key=Created,Value=1489860605
INSTANCE i-0d80b94f10ad463a5
INSTANCE NAME: dev_internetds_health_datax_app02
Tagging Snapshot snap-0ddfb454e5d52ace2 with the following Tags: Key=CreatedBy,Value=ec2-automate-backup Key=InstanceId,Value=i-0d80b94f10ad463a5 Key=InstanceName,Value=dev_internetds_health_datax_app02 Key=PurgeAfterFE,Value=1492452605 Key=PurgeAllow,Value=true Key=Volume,Value=vol-0d9ef08f7a180f5b0 Key=Created,Value=1489860605
INSTANCE i-0d80b94f10ad463a5
INSTANCE NAME: dev_internetds_health_datax_app02
Tagging Snapshot snap-03e3cb17267747a10 with the following Tags: Key=CreatedBy,Value=ec2-automate-backup Key=InstanceId,Value=i-0d80b94f10ad463a5 Key=InstanceName,Value=dev_internetds_health_datax_app02 Key=PurgeAfterFE,Value=1492452605 Key=PurgeAllow,Value=true Key=Volume,Value=vol-0c65fceeaf7b26474 Key=Created,Value=1489860605
INSTANCE i-047d5b1b7b46ff8b5
INSTANCE NAME: uat_internetds_health_datax_app02
Tagging Snapshot snap-0b4cd23d4fc0d7bca with the following Tags: Key=CreatedBy,Value=ec2-automate-backup Key=InstanceId,Value=i-047d5b1b7b46ff8b5 Key=InstanceName,Value=uat_internetds_health_datax_app02 Key=PurgeAfterFE,Value=1492452605 Key=PurgeAllow,Value=true Key=Volume,Value=vol-04c86372c8aa60fd2 Key=Created,Value=1489860605
INSTANCE i-047d5b1b7b46ff8b5
INSTANCE NAME: uat_internetds_health_datax_app02
Tagging Snapshot snap-07f3fc52936d03d5d with the following Tags: Key=CreatedBy,Value=ec2-automate-backup Key=InstanceId,Value=i-047d5b1b7b46ff8b5 Key=InstanceName,Value=uat_internetds_health_datax_app02 Key=PurgeAfterFE,Value=1492452605 Key=PurgeAllow,Value=true Key=Volume,Value=vol-04b89aa3e8e55dc22 Key=Created,Value=1489860605
INSTANCE i-0ec8d523fc2d64041
INSTANCE NAME: dev_internetds_health_gzyq_app02
Tagging Snapshot snap-0e705b62b2efdb76e with the following Tags: Key=CreatedBy,Value=ec2-automate-backup Key=InstanceId,Value=i-0ec8d523fc2d64041 Key=InstanceName,Value=dev_internetds_health_gzyq_app02 Key=PurgeAfterFE,Value=1492452605 Key=PurgeAllow,Value=true Key=Volume,Value=vol-0bbe766dc8574b493 Key=Created,Value=1489860605
INSTANCE i-0ec8d523fc2d64041
INSTANCE NAME: dev_internetds_health_gzyq_app02
Tagging Snapshot snap-0771290082b681ae0 with the following Tags: Key=CreatedBy,Value=ec2-automate-backup Key=InstanceId,Value=i-0ec8d523fc2d64041 Key=InstanceName,Value=dev_internetds_health_gzyq_app02 Key=PurgeAfterFE,Value=1492452605 Key=PurgeAllow,Value=true Key=Volume,Value=vol-08081e8af7f16a7c4 Key=Created,Value=1489860605
INSTANCE i-0b8ae15ea595f4d7f
INSTANCE NAME: uat_internetds_health_gzyq_app02
Tagging Snapshot snap-07b94162ac575a48f with the following Tags: Key=CreatedBy,Value=ec2-automate-backup Key=InstanceId,Value=i-0b8ae15ea595f4d7f Key=InstanceName,Value=uat_internetds_health_gzyq_app02 Key=PurgeAfterFE,Value=1492452605 Key=PurgeAllow,Value=true Key=Volume,Value=vol-0dfeb2215d34ed215 Key=Created,Value=1489860605
INSTANCE i-0b8ae15ea595f4d7f
INSTANCE NAME: uat_internetds_health_gzyq_app02
Tagging Snapshot snap-04008225868c4d26b with the following Tags: Key=CreatedBy,Value=ec2-automate-backup Key=InstanceId,Value=i-0b8ae15ea595f4d7f Key=InstanceName,Value=uat_internetds_health_gzyq_app02 Key=PurgeAfterFE,Value=1492452605 Key=PurgeAllow,Value=true Key=Volume,Value=vol-0826b6434ca5179fe Key=Created,Value=1489860605
INSTANCE i-02318f7e4ca5c9fb6
INSTANCE NAME: yc_internetds_health_bq_app02
Tagging Snapshot snap-0108b142cfa549013 with the following Tags: Key=CreatedBy,Value=ec2-automate-backup Key=InstanceId,Value=i-02318f7e4ca5c9fb6 Key=InstanceName,Value=yc_internetds_health_bq_app02 Key=PurgeAfterFE,Value=1492452605 Key=PurgeAllow,Value=true Key=Volume,Value=vol-010599ee64bb16595 Key=Created,Value=1489860605
INSTANCE i-010950ff9d6d65930
INSTANCE NAME: yc_internetds_health_bq_app04
Tagging Snapshot snap-05969e0cc94c91f70 with the following Tags: Key=CreatedBy,Value=ec2-automate-backup Key=InstanceId,Value=i-010950ff9d6d65930 Key=InstanceName,Value=yc_internetds_health_bq_app04 Key=PurgeAfterFE,Value=1492452605 Key=PurgeAllow,Value=true Key=Volume,Value=vol-0973426713069a48a Key=Created,Value=1489860605
INSTANCE i-010950ff9d6d65930
INSTANCE NAME: yc_internetds_health_bq_app04
Tagging Snapshot snap-05f9ebc3d1defa222 with the following Tags: Key=CreatedBy,Value=ec2-automate-backup Key=InstanceId,Value=i-010950ff9d6d65930 Key=InstanceName,Value=yc_internetds_health_bq_app04 Key=PurgeAfterFE,Value=1492452605 Key=PurgeAllow,Value=true Key=Volume,Value=vol-06f1e19c4ab60d6e0 Key=Created,Value=1489860605
INSTANCE i-02318f7e4ca5c9fb6
INSTANCE NAME: yc_internetds_health_bq_app02
Tagging Snapshot snap-0e5c5b43adce2859c with the following Tags: Key=CreatedBy,Value=ec2-automate-backup Key=InstanceId,Value=i-02318f7e4ca5c9fb6 Key=InstanceName,Value=yc_internetds_health_bq_app02 Key=PurgeAfterFE,Value=1492452605 Key=PurgeAllow,Value=true Key=Volume,Value=vol-0a2eef75f9d32d9ce Key=Created,Value=1489860605
INSTANCE i-0e3e4bc8b248bcf95
INSTANCE NAME: dev_internetds_opsmon_app02
Tagging Snapshot snap-03ad750e632a0d738 with the following Tags: Key=CreatedBy,Value=ec2-automate-backup Key=InstanceId,Value=i-0e3e4bc8b248bcf95 Key=InstanceName,Value=dev_internetds_opsmon_app02 Key=PurgeAfterFE,Value=1492452605 Key=PurgeAllow,Value=true Key=Volume,Value=vol-0aaf55242dfdc35da Key=Created,Value=1489860605
INSTANCE i-0e3e4bc8b248bcf95
INSTANCE NAME: dev_internetds_opsmon_app02
Tagging Snapshot snap-0ff8c5ae73b7d5d9f with the following Tags: Key=CreatedBy,Value=ec2-automate-backup Key=InstanceId,Value=i-0e3e4bc8b248bcf95 Key=InstanceName,Value=dev_internetds_opsmon_app02 Key=PurgeAfterFE,Value=1492452605 Key=PurgeAllow,Value=true Key=Volume,Value=vol-0ad5556ab59afa3ca Key=Created,Value=1489860605
INSTANCE i-6b340753
INSTANCE NAME: test_internetds_nat01
Tagging Snapshot snap-0c7fd6bea12e96786 with the following Tags: Key=CreatedBy,Value=ec2-automate-backup Key=InstanceId,Value=i-6b340753 Key=InstanceName,Value=test_internetds_nat01 Key=PurgeAfterFE,Value=1492452605 Key=PurgeAllow,Value=true Key=Volume,Value=vol-55a18cd0 Key=Created,Value=1489860605
INSTANCE i-fe2516c6
INSTANCE NAME: uat_internetds_front_app02
Tagging Snapshot snap-0793bed014e5f79f4 with the following Tags: Key=CreatedBy,Value=ec2-automate-backup Key=InstanceId,Value=i-fe2516c6 Key=InstanceName,Value=uat_internetds_front_app02 Key=PurgeAfterFE,Value=1492452605 Key=PurgeAllow,Value=true Key=Volume,Value=vol-c88da04d Key=Created,Value=1489860605
INSTANCE i-fe2516c6
INSTANCE NAME: uat_internetds_front_app02
Tagging Snapshot snap-073d0edf83b149ad6 with the following Tags: Key=CreatedBy,Value=ec2-automate-backup Key=InstanceId,Value=i-fe2516c6 Key=InstanceName,Value=uat_internetds_front_app02 Key=PurgeAfterFE,Value=1492452605 Key=PurgeAllow,Value=true Key=Volume,Value=vol-0b8da08e Key=Created,Value=1489860605
INSTANCE i-ae241796
INSTANCE NAME: uat_internetds_health_app02
Tagging Snapshot snap-0b956d7c6f541c7f9 with the following Tags: Key=CreatedBy,Value=ec2-automate-backup Key=InstanceId,Value=i-ae241796 Key=InstanceName,Value=uat_internetds_health_app02 Key=PurgeAfterFE,Value=1492452605 Key=PurgeAllow,Value=true Key=Volume,Value=vol-218da0a4 Key=Created,Value=1489860605
INSTANCE i-ae241796
INSTANCE NAME: uat_internetds_health_app02
Tagging Snapshot snap-052bdc3ec0ef4016b with the following Tags: Key=CreatedBy,Value=ec2-automate-backup Key=InstanceId,Value=i-ae241796 Key=InstanceName,Value=uat_internetds_health_app02 Key=PurgeAfterFE,Value=1492452605 Key=PurgeAllow,Value=true Key=Volume,Value=vol-818ca104 Key=Created,Value=1489860605
INSTANCE i-d82516e0
INSTANCE NAME: dev_internetds_epolicy_app01
Tagging Snapshot snap-0e1b1bcb708e1d5ef with the following Tags: Key=CreatedBy,Value=ec2-automate-backup Key=InstanceId,Value=i-d82516e0 Key=InstanceName,Value=dev_internetds_epolicy_app01 Key=PurgeAfterFE,Value=1492452605 Key=PurgeAllow,Value=true Key=Volume,Value=vol-838ca106 Key=Created,Value=1489860605
INSTANCE i-ab251693
INSTANCE NAME: uat_internetds_opsmon_app02
Tagging Snapshot snap-07d5ddfcc6e4ec620 with the following Tags: Key=CreatedBy,Value=ec2-automate-backup Key=InstanceId,Value=i-ab251693 Key=InstanceName,Value=uat_internetds_opsmon_app02 Key=PurgeAfterFE,Value=1492452605 Key=PurgeAllow,Value=true Key=Volume,Value=vol-998ca11c Key=Created,Value=1489860605
INSTANCE i-ba241782
INSTANCE NAME: uat_internetds_mid02
Tagging Snapshot snap-04f2fdf1e9e6e9e14 with the following Tags: Key=CreatedBy,Value=ec2-automate-backup Key=InstanceId,Value=i-ba241782 Key=InstanceName,Value=uat_internetds_mid02 Key=PurgeAfterFE,Value=1492452605 Key=PurgeAllow,Value=true Key=Volume,Value=vol-ea8ca16f Key=Created,Value=1489860605
INSTANCE i-ae251696
INSTANCE NAME: sim_internetds_epolicy_app01
Tagging Snapshot snap-0d3b9f205af1f8fff with the following Tags: Key=CreatedBy,Value=ec2-automate-backup Key=InstanceId,Value=i-ae251696 Key=InstanceName,Value=sim_internetds_epolicy_app01 Key=PurgeAfterFE,Value=1492452605 Key=PurgeAllow,Value=true Key=Volume,Value=vol-0d8ca188 Key=Created,Value=1489860605
INSTANCE i-d92516e1
INSTANCE NAME: dat_internetds_epolicy_app01
Tagging Snapshot snap-09a272b5157eff533 with the following Tags: Key=CreatedBy,Value=ec2-automate-backup Key=InstanceId,Value=i-d92516e1 Key=InstanceName,Value=dat_internetds_epolicy_app01 Key=PurgeAfterFE,Value=1492452605 Key=PurgeAllow,Value=true Key=Volume,Value=vol-0c8ca189 Key=Created,Value=1489860605
INSTANCE i-ab251693
INSTANCE NAME: uat_internetds_opsmon_app02
Tagging Snapshot snap-03792297a30bf000f with the following Tags: Key=CreatedBy,Value=ec2-automate-backup Key=InstanceId,Value=i-ab251693 Key=InstanceName,Value=uat_internetds_opsmon_app02 Key=PurgeAfterFE,Value=1492452605 Key=PurgeAllow,Value=true Key=Volume,Value=vol-098ca18c Key=Created,Value=1489860605
INSTANCE i-af251697
INSTANCE NAME: uat_internetds_epolicy_app01
Tagging Snapshot snap-01a1e923c5507e292 with the following Tags: Key=CreatedBy,Value=ec2-automate-backup Key=InstanceId,Value=i-af251697 Key=InstanceName,Value=uat_internetds_epolicy_app01 Key=PurgeAfterFE,Value=1492452605 Key=PurgeAllow,Value=true Key=Volume,Value=vol-1c8ca199 Key=Created,Value=1489860605
INSTANCE i-ba241782
INSTANCE NAME: uat_internetds_mid02
Tagging Snapshot snap-09d721c71969c3f6e with the following Tags: Key=CreatedBy,Value=ec2-automate-backup Key=InstanceId,Value=i-ba241782 Key=InstanceName,Value=uat_internetds_mid02 Key=PurgeAfterFE,Value=1492452605 Key=PurgeAllow,Value=true Key=Volume,Value=vol-348ca1b1 Key=Created,Value=1489860605
INSTANCE i-00241738
INSTANCE NAME: uat_internetds_life_app01
Tagging Snapshot snap-045572e3bdcf24ef2 with the following Tags: Key=CreatedBy,Value=ec2-automate-backup Key=InstanceId,Value=i-00241738 Key=InstanceName,Value=uat_internetds_life_app01 Key=PurgeAfterFE,Value=1492452605 Key=PurgeAllow,Value=true Key=Volume,Value=vol-dc8fa259 Key=Created,Value=1489860605
INSTANCE i-00241738
INSTANCE NAME: uat_internetds_life_app01
Tagging Snapshot snap-085880cb2d46d1ff0 with the following Tags: Key=CreatedBy,Value=ec2-automate-backup Key=InstanceId,Value=i-00241738 Key=InstanceName,Value=uat_internetds_life_app01 Key=PurgeAfterFE,Value=1492452605 Key=PurgeAllow,Value=true Key=Volume,Value=vol-e78fa262 Key=Created,Value=1489860605
INSTANCE i-2e281b16
INSTANCE NAME: dev_internetds_front_app01
Tagging Snapshot snap-0117a43b0140d7d81 with the following Tags: Key=CreatedBy,Value=ec2-automate-backup Key=InstanceId,Value=i-2e281b16 Key=InstanceName,Value=dev_internetds_front_app01 Key=PurgeAfterFE,Value=1492452605 Key=PurgeAllow,Value=true Key=Volume,Value=vol-4c84a9c9 Key=Created,Value=1489860605
INSTANCE i-2e281b16
INSTANCE NAME: dev_internetds_front_app01
Tagging Snapshot snap-0e3d8ab76cb2083ea with the following Tags: Key=CreatedBy,Value=ec2-automate-backup Key=InstanceId,Value=i-2e281b16 Key=InstanceName,Value=dev_internetds_front_app01 Key=PurgeAfterFE,Value=1492452605 Key=PurgeAllow,Value=true Key=Volume,Value=vol-cd87aa48 Key=Created,Value=1489860605
INSTANCE i-08281b30
INSTANCE NAME: dev_internetds_life_app01
Tagging Snapshot snap-0e9bad8d6202e88b7 with the following Tags: Key=CreatedBy,Value=ec2-automate-backup Key=InstanceId,Value=i-08281b30 Key=InstanceName,Value=dev_internetds_life_app01 Key=PurgeAfterFE,Value=1492452605 Key=PurgeAllow,Value=true Key=Volume,Value=vol-5287aad7 Key=Created,Value=1489860605
INSTANCE i-08281b30
INSTANCE NAME: dev_internetds_life_app01
Tagging Snapshot snap-0172470f952bb4964 with the following Tags: Key=CreatedBy,Value=ec2-automate-backup Key=InstanceId,Value=i-08281b30 Key=InstanceName,Value=dev_internetds_life_app01 Key=PurgeAfterFE,Value=1492452605 Key=PurgeAllow,Value=true Key=Volume,Value=vol-a486ab21 Key=Created,Value=1489860605
INSTANCE i-05281b3d
INSTANCE NAME: dev_internetds_health_app01
Tagging Snapshot snap-02d5fc33a0851ed40 with the following Tags: Key=CreatedBy,Value=ec2-automate-backup Key=InstanceId,Value=i-05281b3d Key=InstanceName,Value=dev_internetds_health_app01 Key=PurgeAfterFE,Value=1492452605 Key=PurgeAllow,Value=true Key=Volume,Value=vol-3486abb1 Key=Created,Value=1489860605
INSTANCE i-c4281bfc
INSTANCE NAME: dev_internetds_opsmon_app01
Tagging Snapshot snap-01da2fd3b44e373aa with the following Tags: Key=CreatedBy,Value=ec2-automate-backup Key=InstanceId,Value=i-c4281bfc Key=InstanceName,Value=dev_internetds_opsmon_app01 Key=PurgeAfterFE,Value=1492452605 Key=PurgeAllow,Value=true Key=Volume,Value=vol-7286abf7 Key=Created,Value=1489860605
INSTANCE i-05281b3d
INSTANCE NAME: dev_internetds_health_app01
Tagging Snapshot snap-0e50a30cce8ea28c2 with the following Tags: Key=CreatedBy,Value=ec2-automate-backup Key=InstanceId,Value=i-05281b3d Key=InstanceName,Value=dev_internetds_health_app01 Key=PurgeAfterFE,Value=1492452605 Key=PurgeAllow,Value=true Key=Volume,Value=vol-8581ac00 Key=Created,Value=1489860605
INSTANCE i-c4281bfc
INSTANCE NAME: dev_internetds_opsmon_app01
Tagging Snapshot snap-085cac5b71de6b463 with the following Tags: Key=CreatedBy,Value=ec2-automate-backup Key=InstanceId,Value=i-c4281bfc Key=InstanceName,Value=dev_internetds_opsmon_app01 Key=PurgeAfterFE,Value=1492452605 Key=PurgeAllow,Value=true Key=Volume,Value=vol-9581ac10 Key=Created,Value=1489860605
INSTANCE i-392d1e01
INSTANCE NAME: dev_internetds_mid01
Tagging Snapshot snap-0a29b1df93a5d00c6 with the following Tags: Key=CreatedBy,Value=ec2-automate-backup Key=InstanceId,Value=i-392d1e01 Key=InstanceName,Value=dev_internetds_mid01 Key=PurgeAfterFE,Value=1492452605 Key=PurgeAllow,Value=true Key=Volume,Value=vol-a29db027 Key=Created,Value=1489860605
INSTANCE i-392d1e01
INSTANCE NAME: dev_internetds_mid01
Tagging Snapshot snap-06678cd7e7f6e373d with the following Tags: Key=CreatedBy,Value=ec2-automate-backup Key=InstanceId,Value=i-392d1e01 Key=InstanceName,Value=dev_internetds_mid01 Key=PurgeAfterFE,Value=1492452605 Key=PurgeAllow,Value=true Key=Volume,Value=vol-ce9db04b Key=Created,Value=1489860605
INSTANCE i-322d1e0a
INSTANCE NAME: dev_internetds_datax_app01
Tagging Snapshot snap-0daa187702cb2b166 with the following Tags: Key=CreatedBy,Value=ec2-automate-backup Key=InstanceId,Value=i-322d1e0a Key=InstanceName,Value=dev_internetds_datax_app01 Key=PurgeAfterFE,Value=1492452605 Key=PurgeAllow,Value=true Key=Volume,Value=vol-f19db074 Key=Created,Value=1489860605
INSTANCE i-322d1e0a
INSTANCE NAME: dev_internetds_datax_app01
Tagging Snapshot snap-0872ccd0bab84b941 with the following Tags: Key=CreatedBy,Value=ec2-automate-backup Key=InstanceId,Value=i-322d1e0a Key=InstanceName,Value=dev_internetds_datax_app01 Key=PurgeAfterFE,Value=1492452605 Key=PurgeAllow,Value=true Key=Volume,Value=vol-2a9db0af Key=Created,Value=1489860605
INSTANCE i-062d1e3e
INSTANCE NAME: uat_internetds_datax_app02
Tagging Snapshot snap-03bfaf993ebdcf794 with the following Tags: Key=CreatedBy,Value=ec2-automate-backup Key=InstanceId,Value=i-062d1e3e Key=InstanceName,Value=uat_internetds_datax_app02 Key=PurgeAfterFE,Value=1492452605 Key=PurgeAllow,Value=true Key=Volume,Value=vol-729db0f7 Key=Created,Value=1489860605
INSTANCE i-062d1e3e
INSTANCE NAME: uat_internetds_datax_app02
Tagging Snapshot snap-058ca9c5dc45a794d with the following Tags: Key=CreatedBy,Value=ec2-automate-backup Key=InstanceId,Value=i-062d1e3e Key=InstanceName,Value=uat_internetds_datax_app02 Key=PurgeAfterFE,Value=1492452605 Key=PurgeAllow,Value=true Key=Volume,Value=vol-d79cb152 Key=Created,Value=1489860605
INSTANCE i-04330e3c
INSTANCE NAME: test_epolicy_mail01
Tagging Snapshot snap-04f3dab37012d64fe with the following Tags: Key=CreatedBy,Value=ec2-automate-backup Key=InstanceId,Value=i-04330e3c Key=InstanceName,Value=test_epolicy_mail01 Key=PurgeAfterFE,Value=1492452605 Key=PurgeAllow,Value=true Key=Volume,Value=vol-f0567f75 Key=Created,Value=1489860605
INSTANCE i-04330e3c
INSTANCE NAME: test_epolicy_mail01
Tagging Snapshot snap-0af4b121736e70695 with the following Tags: Key=CreatedBy,Value=ec2-automate-backup Key=InstanceId,Value=i-04330e3c Key=InstanceName,Value=test_epolicy_mail01 Key=PurgeAfterFE,Value=1492452605 Key=PurgeAllow,Value=true Key=Volume,Value=vol-74567ff1 Key=Created,Value=1489860605
INSTANCE i-1eb28f26
INSTANCE NAME: uat_internetds_datax_app1
Tagging Snapshot snap-09920b0738187098b with the following Tags: Key=CreatedBy,Value=ec2-automate-backup Key=InstanceId,Value=i-1eb28f26 Key=InstanceName,Value=uat_internetds_datax_app1 Key=PurgeAfterFE,Value=1492452605 Key=PurgeAllow,Value=true Key=Volume,Value=vol-41644cc4 Key=Created,Value=1489860605
INSTANCE i-1eb28f26
INSTANCE NAME: uat_internetds_datax_app1
Tagging Snapshot snap-0808f9e9175c594e0 with the following Tags: Key=CreatedBy,Value=ec2-automate-backup Key=InstanceId,Value=i-1eb28f26 Key=InstanceName,Value=uat_internetds_datax_app1 Key=PurgeAfterFE,Value=1492452605 Key=PurgeAllow,Value=true Key=Volume,Value=vol-ab654d2e Key=Created,Value=1489860605
INSTANCE i-d1a598e9
INSTANCE NAME: dev_internetds_datax_app03
Tagging Snapshot snap-0da47cbea85fead16 with the following Tags: Key=CreatedBy,Value=ec2-automate-backup Key=InstanceId,Value=i-d1a598e9 Key=InstanceName,Value=dev_internetds_datax_app03 Key=PurgeAfterFE,Value=1492452605 Key=PurgeAllow,Value=true Key=Volume,Value=vol-13745c96 Key=Created,Value=1489860605
INSTANCE i-d1a598e9
INSTANCE NAME: dev_internetds_datax_app03
Tagging Snapshot snap-099cf856ba74b5762 with the following Tags: Key=CreatedBy,Value=ec2-automate-backup Key=InstanceId,Value=i-d1a598e9 Key=InstanceName,Value=dev_internetds_datax_app03 Key=PurgeAfterFE,Value=1492452605 Key=PurgeAllow,Value=true Key=Volume,Value=vol-50745cd5 Key=Created,Value=1489860605
INSTANCE i-8099a6b8
INSTANCE NAME: internetds_dmz_nginx01
Tagging Snapshot snap-0e55193bb3906e5a3 with the following Tags: Key=CreatedBy,Value=ec2-automate-backup Key=InstanceId,Value=i-8099a6b8 Key=InstanceName,Value=internetds_dmz_nginx01 Key=PurgeAfterFE,Value=1492452605 Key=PurgeAllow,Value=true Key=Volume,Value=vol-88c6f30d Key=Created,Value=1489860605
INSTANCE i-8099a6b8
INSTANCE NAME: internetds_dmz_nginx01
Tagging Snapshot snap-0feaf3bb538fc4383 with the following Tags: Key=CreatedBy,Value=ec2-automate-backup Key=InstanceId,Value=i-8099a6b8 Key=InstanceName,Value=internetds_dmz_nginx01 Key=PurgeAfterFE,Value=1492452605 Key=PurgeAllow,Value=true Key=Volume,Value=vol-a7c6f322 Key=Created,Value=1489860605
INSTANCE i-a794ab9f
INSTANCE NAME: internetds_front_nginx01
Tagging Snapshot snap-0744878d3f19397ec with the following Tags: Key=CreatedBy,Value=ec2-automate-backup Key=InstanceId,Value=i-a794ab9f Key=InstanceName,Value=internetds_front_nginx01 Key=PurgeAfterFE,Value=1492452605 Key=PurgeAllow,Value=true Key=Volume,Value=vol-b8ccf93d Key=Created,Value=1489860605
INSTANCE i-a794ab9f
INSTANCE NAME: internetds_front_nginx01
Tagging Snapshot snap-08e008ae5c7fbba5f with the following Tags: Key=CreatedBy,Value=ec2-automate-backup Key=InstanceId,Value=i-a794ab9f Key=InstanceName,Value=internetds_front_nginx01 Key=PurgeAfterFE,Value=1492452605 Key=PurgeAllow,Value=true Key=Volume,Value=vol-cfccf94a Key=Created,Value=1489860605
INSTANCE i-0194ab39
INSTANCE NAME: internetds_front_zkp_app01
Tagging Snapshot snap-0997b76ad7ffe066f with the following Tags: Key=CreatedBy,Value=ec2-automate-backup Key=InstanceId,Value=i-0194ab39 Key=InstanceName,Value=internetds_front_zkp_app01 Key=PurgeAfterFE,Value=1492452605 Key=PurgeAllow,Value=true Key=Volume,Value=vol-33ccf9b6 Key=Created,Value=1489860605
INSTANCE i-0194ab39
INSTANCE NAME: internetds_front_zkp_app01
Tagging Snapshot snap-0572e789929c3b351 with the following Tags: Key=CreatedBy,Value=ec2-automate-backup Key=InstanceId,Value=i-0194ab39 Key=InstanceName,Value=internetds_front_zkp_app01 Key=PurgeAfterFE,Value=1492452605 Key=PurgeAllow,Value=true Key=Volume,Value=vol-c1cffa44 Key=Created,Value=1489860605
INSTANCE i-d187b8e9
INSTANCE NAME: internetds_front_dsjr_app01
Tagging Snapshot snap-07bb9af41df4f1fa1 with the following Tags: Key=CreatedBy,Value=ec2-automate-backup Key=InstanceId,Value=i-d187b8e9 Key=InstanceName,Value=internetds_front_dsjr_app01 Key=PurgeAfterFE,Value=1492452605 Key=PurgeAllow,Value=true Key=Volume,Value=vol-e4b98c61 Key=Created,Value=1489860605
INSTANCE i-9c87b8a4
INSTANCE NAME: internetds_life_jsyq_app01
Tagging Snapshot snap-02c5b93ba3503d250 with the following Tags: Key=CreatedBy,Value=ec2-automate-backup Key=InstanceId,Value=i-9c87b8a4 Key=InstanceName,Value=internetds_life_jsyq_app01 Key=PurgeAfterFE,Value=1492452605 Key=PurgeAllow,Value=true Key=Volume,Value=vol-f3b98c76 Key=Created,Value=1489860605
INSTANCE i-9c87b8a4
INSTANCE NAME: internetds_life_jsyq_app01
Tagging Snapshot snap-029b59e790fa4d986 with the following Tags: Key=CreatedBy,Value=ec2-automate-backup Key=InstanceId,Value=i-9c87b8a4 Key=InstanceName,Value=internetds_life_jsyq_app01 Key=PurgeAfterFE,Value=1492452605 Key=PurgeAllow,Value=true Key=Volume,Value=vol-f2b98c77 Key=Created,Value=1489860605
INSTANCE i-0187b839
INSTANCE NAME: internetds_life_bdgl_app01
Tagging Snapshot snap-06049b9e3fefee3a9 with the following Tags: Key=CreatedBy,Value=ec2-automate-backup Key=InstanceId,Value=i-0187b839 Key=InstanceName,Value=internetds_life_bdgl_app01 Key=PurgeAfterFE,Value=1492452605 Key=PurgeAllow,Value=true Key=Volume,Value=vol-00b98c85 Key=Created,Value=1489860605
INSTANCE i-d187b8e9
INSTANCE NAME: internetds_front_dsjr_app01
Tagging Snapshot snap-090ca3a6746aff66f with the following Tags: Key=CreatedBy,Value=ec2-automate-backup Key=InstanceId,Value=i-d187b8e9 Key=InstanceName,Value=internetds_front_dsjr_app01 Key=PurgeAfterFE,Value=1492452605 Key=PurgeAllow,Value=true Key=Volume,Value=vol-0cb98c89 Key=Created,Value=1489860605
INSTANCE i-1786b92f
INSTANCE NAME: internetds_front_mq_app01
Tagging Snapshot snap-025bed81470acd82d with the following Tags: Key=CreatedBy,Value=ec2-automate-backup Key=InstanceId,Value=i-1786b92f Key=InstanceName,Value=internetds_front_mq_app01 Key=PurgeAfterFE,Value=1492452605 Key=PurgeAllow,Value=true Key=Volume,Value=vol-0fb98c8a Key=Created,Value=1489860605
INSTANCE i-1186b929
INSTANCE NAME: internetds_life_xqyhb_app01
Tagging Snapshot snap-0be2041c2499a1530 with the following Tags: Key=CreatedBy,Value=ec2-automate-backup Key=InstanceId,Value=i-1186b929 Key=InstanceName,Value=internetds_life_xqyhb_app01 Key=PurgeAfterFE,Value=1492452605 Key=PurgeAllow,Value=true Key=Volume,Value=vol-56b98cd3 Key=Created,Value=1489860605
INSTANCE i-0a87b832
INSTANCE NAME: internetds_life_bq_app01
Tagging Snapshot snap-0dac0b1b86cccc43e with the following Tags: Key=CreatedBy,Value=ec2-automate-backup Key=InstanceId,Value=i-0a87b832 Key=InstanceName,Value=internetds_life_bq_app01 Key=PurgeAfterFE,Value=1492452605 Key=PurgeAllow,Value=true Key=Volume,Value=vol-6cb98ce9 Key=Created,Value=1489860605
INSTANCE i-0187b839
INSTANCE NAME: internetds_life_bdgl_app01
Tagging Snapshot snap-0fc262f51f745b643 with the following Tags: Key=CreatedBy,Value=ec2-automate-backup Key=InstanceId,Value=i-0187b839 Key=InstanceName,Value=internetds_life_bdgl_app01 Key=PurgeAfterFE,Value=1492452605 Key=PurgeAllow,Value=true Key=Volume,Value=vol-80b88d05 Key=Created,Value=1489860605
INSTANCE i-0a87b832
INSTANCE NAME: internetds_life_bq_app01
Tagging Snapshot snap-0bbd12392d3f53237 with the following Tags: Key=CreatedBy,Value=ec2-automate-backup Key=InstanceId,Value=i-0a87b832 Key=InstanceName,Value=internetds_life_bq_app01 Key=PurgeAfterFE,Value=1492452605 Key=PurgeAllow,Value=true Key=Volume,Value=vol-89b88d0c Key=Created,Value=1489860605
INSTANCE i-1186b929
INSTANCE NAME: internetds_life_xqyhb_app01
Tagging Snapshot snap-037153c8be592dd08 with the following Tags: Key=CreatedBy,Value=ec2-automate-backup Key=InstanceId,Value=i-1186b929 Key=InstanceName,Value=internetds_life_xqyhb_app01 Key=PurgeAfterFE,Value=1492452605 Key=PurgeAllow,Value=true Key=Volume,Value=vol-a7b88d22 Key=Created,Value=1489860605
INSTANCE i-1786b92f
INSTANCE NAME: internetds_front_mq_app01
Tagging Snapshot snap-082e7e536337c5cba with the following Tags: Key=CreatedBy,Value=ec2-automate-backup Key=InstanceId,Value=i-1786b92f Key=InstanceName,Value=internetds_front_mq_app01 Key=PurgeAfterFE,Value=1492452605 Key=PurgeAllow,Value=true Key=Volume,Value=vol-a1b88d24 Key=Created,Value=1489860605
INSTANCE i-d75967ef
INSTANCE NAME: internetds_opsmon_app01
Tagging Snapshot snap-0195eb2efb34c7cce with the following Tags: Key=CreatedBy,Value=ec2-automate-backup Key=InstanceId,Value=i-d75967ef Key=InstanceName,Value=internetds_opsmon_app01 Key=PurgeAfterFE,Value=1492452605 Key=PurgeAllow,Value=true Key=Volume,Value=vol-3d695db8 Key=Created,Value=1489860605
INSTANCE i-d75967ef
INSTANCE NAME: internetds_opsmon_app01
Tagging Snapshot snap-01729453b4da7bae8 with the following Tags: Key=CreatedBy,Value=ec2-automate-backup Key=InstanceId,Value=i-d75967ef Key=InstanceName,Value=internetds_opsmon_app01 Key=PurgeAfterFE,Value=1492452605 Key=PurgeAllow,Value=true Key=Volume,Value=vol-9c6a5e19 Key=Created,Value=1489860605
INSTANCE i-985668a0
INSTANCE NAME: internetds_front_yyzc_app01
Tagging Snapshot snap-0716dcdd4977b1ea9 with the following Tags: Key=CreatedBy,Value=ec2-automate-backup Key=InstanceId,Value=i-985668a0 Key=InstanceName,Value=internetds_front_yyzc_app01 Key=PurgeAfterFE,Value=1492452605 Key=PurgeAllow,Value=true Key=Volume,Value=vol-9854601d Key=Created,Value=1489860605
INSTANCE i-985668a0
INSTANCE NAME: internetds_front_yyzc_app01
Tagging Snapshot snap-07094745d1d016901 with the following Tags: Key=CreatedBy,Value=ec2-automate-backup Key=InstanceId,Value=i-985668a0 Key=InstanceName,Value=internetds_front_yyzc_app01 Key=PurgeAfterFE,Value=1492452605 Key=PurgeAllow,Value=true Key=Volume,Value=vol-ab54602e Key=Created,Value=1489860605
INSTANCE i-4257697a
INSTANCE NAME: internetds_nat01
Tagging Snapshot snap-09b2d36e5aa311259 with the following Tags: Key=CreatedBy,Value=ec2-automate-backup Key=InstanceId,Value=i-4257697a Key=InstanceName,Value=internetds_nat01 Key=PurgeAfterFE,Value=1492452605 Key=PurgeAllow,Value=true Key=Volume,Value=vol-a855612d Key=Created,Value=1489860605
INSTANCE i-3bead403
INSTANCE NAME: internetds_life_xqyhb_app03
Tagging Snapshot snap-0de9f8da31a7864b1 with the following Tags: Key=CreatedBy,Value=ec2-automate-backup Key=InstanceId,Value=i-3bead403 Key=InstanceName,Value=internetds_life_xqyhb_app03 Key=PurgeAfterFE,Value=1492452605 Key=PurgeAllow,Value=true Key=Volume,Value=vol-429aaec7 Key=Created,Value=1489860605
INSTANCE i-3bead403
INSTANCE NAME: internetds_life_xqyhb_app03
Tagging Snapshot snap-06bcec74075bcdafc with the following Tags: Key=CreatedBy,Value=ec2-automate-backup Key=InstanceId,Value=i-3bead403 Key=InstanceName,Value=internetds_life_xqyhb_app03 Key=PurgeAfterFE,Value=1492452605 Key=PurgeAllow,Value=true Key=Volume,Value=vol-d89baf5d Key=Created,Value=1489860605
INSTANCE i-a3e9d79b
INSTANCE NAME: internetds_datax_yc_app01
Tagging Snapshot snap-0be6b26271d2fc285 with the following Tags: Key=CreatedBy,Value=ec2-automate-backup Key=InstanceId,Value=i-a3e9d79b Key=InstanceName,Value=internetds_datax_yc_app01 Key=PurgeAfterFE,Value=1492452605 Key=PurgeAllow,Value=true Key=Volume,Value=vol-5c87b3d9 Key=Created,Value=1489860605
INSTANCE i-3ce8d604
INSTANCE NAME: internetds_datax_app01
Tagging Snapshot snap-0a02d4865b43212f4 with the following Tags: Key=CreatedBy,Value=ec2-automate-backup Key=InstanceId,Value=i-3ce8d604 Key=InstanceName,Value=internetds_datax_app01 Key=PurgeAfterFE,Value=1492452605 Key=PurgeAllow,Value=true Key=Volume,Value=vol-5f87b3da Key=Created,Value=1489860605
INSTANCE i-3ce8d604
INSTANCE NAME: internetds_datax_app01
Tagging Snapshot snap-09919bb443819f51e with the following Tags: Key=CreatedBy,Value=ec2-automate-backup Key=InstanceId,Value=i-3ce8d604 Key=InstanceName,Value=internetds_datax_app01 Key=PurgeAfterFE,Value=1492452605 Key=PurgeAllow,Value=true Key=Volume,Value=vol-9e80b41b Key=Created,Value=1489860605
INSTANCE i-a3e9d79b
INSTANCE NAME: internetds_datax_yc_app01
Tagging Snapshot snap-029286a5b7b0cc5d9 with the following Tags: Key=CreatedBy,Value=ec2-automate-backup Key=InstanceId,Value=i-a3e9d79b Key=InstanceName,Value=internetds_datax_yc_app01 Key=PurgeAfterFE,Value=1492452605 Key=PurgeAllow,Value=true Key=Volume,Value=vol-b780b432 Key=Created,Value=1489860605
INSTANCE i-4cc5fb74
INSTANCE NAME: mgmt_bastion01
Tagging Snapshot snap-095f664ec3fdd9365 with the following Tags: Key=CreatedBy,Value=ec2-automate-backup Key=InstanceId,Value=i-4cc5fb74 Key=InstanceName,Value=mgmt_bastion01 Key=PurgeAfterFE,Value=1492452605 Key=PurgeAllow,Value=true Key=Volume,Value=vol-234176a6 Key=Created,Value=1489860605
INSTANCE i-bfba8487
INSTANCE NAME: internetds_epolicy_app02
Tagging Snapshot snap-08bff13a589347716 with the following Tags: Key=CreatedBy,Value=ec2-automate-backup Key=InstanceId,Value=i-bfba8487 Key=InstanceName,Value=internetds_epolicy_app02 Key=PurgeAfterFE,Value=1492452605 Key=PurgeAllow,Value=true Key=Volume,Value=vol-533f08d6 Key=Created,Value=1489860605
INSTANCE i-beba8486
INSTANCE NAME: internetds_epolicy_app01
Tagging Snapshot snap-0f19494b29b6b57da with the following Tags: Key=CreatedBy,Value=ec2-automate-backup Key=InstanceId,Value=i-beba8486 Key=InstanceName,Value=internetds_epolicy_app01 Key=PurgeAfterFE,Value=1492452605 Key=PurgeAllow,Value=true Key=Volume,Value=vol-523f08d7 Key=Created,Value=1489860605
INSTANCE i-beba8486
INSTANCE NAME: internetds_epolicy_app01
Tagging Snapshot snap-099e6b1895c13bffb with the following Tags: Key=CreatedBy,Value=ec2-automate-backup Key=InstanceId,Value=i-beba8486 Key=InstanceName,Value=internetds_epolicy_app01 Key=PurgeAfterFE,Value=1492452605 Key=PurgeAllow,Value=true Key=Volume,Value=vol-a03e0925 Key=Created,Value=1489860605
INSTANCE i-bfba8487
INSTANCE NAME: internetds_epolicy_app02
Tagging Snapshot snap-0fce61619db4d9aeb with the following Tags: Key=CreatedBy,Value=ec2-automate-backup Key=InstanceId,Value=i-bfba8487 Key=InstanceName,Value=internetds_epolicy_app02 Key=PurgeAfterFE,Value=1492452605 Key=PurgeAllow,Value=true Key=Volume,Value=vol-a33e0926 Key=Created,Value=1489860605
INSTANCE i-b0b88688
INSTANCE NAME: internetds_dmz_email01
Tagging Snapshot snap-00a33934347862c93 with the following Tags: Key=CreatedBy,Value=ec2-automate-backup Key=InstanceId,Value=i-b0b88688 Key=InstanceName,Value=internetds_dmz_email01 Key=PurgeAfterFE,Value=1492452605 Key=PurgeAllow,Value=true Key=Volume,Value=vol-eb3c0b6e Key=Created,Value=1489860605
INSTANCE i-b0b88688
INSTANCE NAME: internetds_dmz_email01
Tagging Snapshot snap-0daadcf4f43ab3aec with the following Tags: Key=CreatedBy,Value=ec2-automate-backup Key=InstanceId,Value=i-b0b88688 Key=InstanceName,Value=internetds_dmz_email01 Key=PurgeAfterFE,Value=1492452605 Key=PurgeAllow,Value=true Key=Volume,Value=vol-263c0ba3 Key=Created,Value=1489860605
INSTANCE i-08b18930
INSTANCE NAME: internetds_epolicy_app05
Tagging Snapshot snap-0ede9150a9ca85421 with the following Tags: Key=CreatedBy,Value=ec2-automate-backup Key=InstanceId,Value=i-08b18930 Key=InstanceName,Value=internetds_epolicy_app05 Key=PurgeAfterFE,Value=1492452605 Key=PurgeAllow,Value=true Key=Volume,Value=vol-2ca494a9 Key=Created,Value=1489860605
INSTANCE i-09b18931
INSTANCE NAME: internetds_epolicy_app06
Tagging Snapshot snap-0ed25f0fe6b0ec343 with the following Tags: Key=CreatedBy,Value=ec2-automate-backup Key=InstanceId,Value=i-09b18931 Key=InstanceName,Value=internetds_epolicy_app06 Key=PurgeAfterFE,Value=1492452605 Key=PurgeAllow,Value=true Key=Volume,Value=vol-2fa494aa Key=Created,Value=1489860605
INSTANCE i-09b18931
INSTANCE NAME: internetds_epolicy_app06
Tagging Snapshot snap-0e6f79b7ca925bd1a with the following Tags: Key=CreatedBy,Value=ec2-automate-backup Key=InstanceId,Value=i-09b18931 Key=InstanceName,Value=internetds_epolicy_app06 Key=PurgeAfterFE,Value=1492452605 Key=PurgeAllow,Value=true Key=Volume,Value=vol-33a494b6 Key=Created,Value=1489860605
INSTANCE i-08b18930
INSTANCE NAME: internetds_epolicy_app05
Tagging Snapshot snap-068c446da8288410c with the following Tags: Key=CreatedBy,Value=ec2-automate-backup Key=InstanceId,Value=i-08b18930 Key=InstanceName,Value=internetds_epolicy_app05 Key=PurgeAfterFE,Value=1492452605 Key=PurgeAllow,Value=true Key=Volume,Value=vol-59a494dc Key=Created,Value=1489860605
INSTANCE i-8feeeab7
INSTANCE NAME: internetds_life_wzyhdz_ftp
Tagging Snapshot snap-00b75e048bd38d57b with the following Tags: Key=CreatedBy,Value=ec2-automate-backup Key=InstanceId,Value=i-8feeeab7 Key=InstanceName,Value=internetds_life_wzyhdz_ftp Key=PurgeAfterFE,Value=1492452605 Key=PurgeAllow,Value=true Key=Volume,Value=vol-550638d0 Key=Created,Value=1489860605
INSTANCE i-8feeeab7
INSTANCE NAME: internetds_life_wzyhdz_ftp
Tagging Snapshot snap-0c80f7bdd34a202c9 with the following Tags: Key=CreatedBy,Value=ec2-automate-backup Key=InstanceId,Value=i-8feeeab7 Key=InstanceName,Value=internetds_life_wzyhdz_ftp Key=PurgeAfterFE,Value=1492452605 Key=PurgeAllow,Value=true Key=Volume,Value=vol-7b0739fe Key=Created,Value=1489860605
INSTANCE i-66eaee5e
INSTANCE NAME: test_internetds_life_wzyhdz_ftp
Tagging Snapshot snap-0292ff61fc3340611 with the following Tags: Key=CreatedBy,Value=ec2-automate-backup Key=InstanceId,Value=i-66eaee5e Key=InstanceName,Value=test_internetds_life_wzyhdz_ftp Key=PurgeAfterFE,Value=1492452605 Key=PurgeAllow,Value=true Key=Volume,Value=vol-b5033d30 Key=Created,Value=1489860605
INSTANCE i-66eaee5e
INSTANCE NAME: test_internetds_life_wzyhdz_ftp
Tagging Snapshot snap-0fdd7c4edf2159fb7 with the following Tags: Key=CreatedBy,Value=ec2-automate-backup Key=InstanceId,Value=i-66eaee5e Key=InstanceName,Value=test_internetds_life_wzyhdz_ftp Key=PurgeAfterFE,Value=1492452605 Key=PurgeAllow,Value=true Key=Volume,Value=vol-d9033d5c Key=Created,Value=1489860605
INSTANCE i-98696ea0
INSTANCE NAME: yc_internetds_life_loadrunner3
Tagging Snapshot snap-0e8dd95654ab61fff with the following Tags: Key=CreatedBy,Value=ec2-automate-backup Key=InstanceId,Value=i-98696ea0 Key=InstanceName,Value=yc_internetds_life_loadrunner3 Key=PurgeAfterFE,Value=1492452605 Key=PurgeAllow,Value=true Key=Volume,Value=vol-0d340d88 Key=Created,Value=1489860605
INSTANCE i-69696e51
INSTANCE NAME: yc_internetds_life_loadrunner4
Tagging Snapshot snap-06804358e530db982 with the following Tags: Key=CreatedBy,Value=ec2-automate-backup Key=InstanceId,Value=i-69696e51 Key=InstanceName,Value=yc_internetds_life_loadrunner4 Key=PurgeAfterFE,Value=1492452605 Key=PurgeAllow,Value=true Key=Volume,Value=vol-62340de7 Key=Created,Value=1489860605
INSTANCE i-69696e51
INSTANCE NAME: yc_internetds_life_loadrunner4
Tagging Snapshot snap-07a5b7a5ec50ccb8d with the following Tags: Key=CreatedBy,Value=ec2-automate-backup Key=InstanceId,Value=i-69696e51 Key=InstanceName,Value=yc_internetds_life_loadrunner4 Key=PurgeAfterFE,Value=1492452605 Key=PurgeAllow,Value=true Key=Volume,Value=vol-7f340dfa Key=Created,Value=1489860605
INSTANCE i-98696ea0
INSTANCE NAME: yc_internetds_life_loadrunner3
Tagging Snapshot snap-0df3ceb25db79f3c3 with the following Tags: Key=CreatedBy,Value=ec2-automate-backup Key=InstanceId,Value=i-98696ea0 Key=InstanceName,Value=yc_internetds_life_loadrunner3 Key=PurgeAfterFE,Value=1492452605 Key=PurgeAllow,Value=true Key=Volume,Value=vol-82370e07 Key=Created,Value=1489860605
INSTANCE i-ea5855d2
INSTANCE NAME: internetds_opsmon_MongoDB01
Tagging Snapshot snap-05746bd2f68a0b061 with the following Tags: Key=CreatedBy,Value=ec2-automate-backup Key=InstanceId,Value=i-ea5855d2 Key=InstanceName,Value=internetds_opsmon_MongoDB01 Key=PurgeAfterFE,Value=1492452605 Key=PurgeAllow,Value=true Key=Volume,Value=vol-916b6a14 Key=Created,Value=1489860605
INSTANCE i-6758555f
INSTANCE NAME: internetds_opsmon_MongoDB02
Tagging Snapshot snap-04f2cc3d8fa8e1d12 with the following Tags: Key=CreatedBy,Value=ec2-automate-backup Key=InstanceId,Value=i-6758555f Key=InstanceName,Value=internetds_opsmon_MongoDB02 Key=PurgeAfterFE,Value=1492452605 Key=PurgeAllow,Value=true Key=Volume,Value=vol-9d6b6a18 Key=Created,Value=1489860605
INSTANCE i-965855ae
INSTANCE NAME: internetds_opsmon_MongoDB03
Tagging Snapshot snap-0c6cdbfb88c78d03e with the following Tags: Key=CreatedBy,Value=ec2-automate-backup Key=InstanceId,Value=i-965855ae Key=InstanceName,Value=internetds_opsmon_MongoDB03 Key=PurgeAfterFE,Value=1492452605 Key=PurgeAllow,Value=true Key=Volume,Value=vol-e06b6a65 Key=Created,Value=1489860605
INSTANCE i-6758555f
INSTANCE NAME: internetds_opsmon_MongoDB02
Tagging Snapshot snap-0c4c563805defca59 with the following Tags: Key=CreatedBy,Value=ec2-automate-backup Key=InstanceId,Value=i-6758555f Key=InstanceName,Value=internetds_opsmon_MongoDB02 Key=PurgeAfterFE,Value=1492452605 Key=PurgeAllow,Value=true Key=Volume,Value=vol-f66b6a73 Key=Created,Value=1489860605
INSTANCE i-ea5855d2
INSTANCE NAME: internetds_opsmon_MongoDB01
Tagging Snapshot snap-0966cee23d681f332 with the following Tags: Key=CreatedBy,Value=ec2-automate-backup Key=InstanceId,Value=i-ea5855d2 Key=InstanceName,Value=internetds_opsmon_MongoDB01 Key=PurgeAfterFE,Value=1492452605 Key=PurgeAllow,Value=true Key=Volume,Value=vol-006b6a85 Key=Created,Value=1489860605
INSTANCE i-965855ae
INSTANCE NAME: internetds_opsmon_MongoDB03
Tagging Snapshot snap-0197a104444b0b5d4 with the following Tags: Key=CreatedBy,Value=ec2-automate-backup Key=InstanceId,Value=i-965855ae Key=InstanceName,Value=internetds_opsmon_MongoDB03 Key=PurgeAfterFE,Value=1492452605 Key=PurgeAllow,Value=true Key=Volume,Value=vol-116b6a94 Key=Created,Value=1489860605
INSTANCE i-0c585534
INSTANCE NAME: internetds_opsmon_DB01
Tagging Snapshot snap-04bb241668578ab5f with the following Tags: Key=CreatedBy,Value=ec2-automate-backup Key=InstanceId,Value=i-0c585534 Key=InstanceName,Value=internetds_opsmon_DB01 Key=PurgeAfterFE,Value=1492452605 Key=PurgeAllow,Value=true Key=Volume,Value=vol-8f6a6b0a Key=Created,Value=1489860605
INSTANCE i-0c585534
INSTANCE NAME: internetds_opsmon_DB01
Tagging Snapshot snap-0ea18484d96870a4f with the following Tags: Key=CreatedBy,Value=ec2-automate-backup Key=InstanceId,Value=i-0c585534 Key=InstanceName,Value=internetds_opsmon_DB01 Key=PurgeAfterFE,Value=1492452605 Key=PurgeAllow,Value=true Key=Volume,Value=vol-f26a6b77 Key=Created,Value=1489860605
INSTANCE i-050a03a5a66df8028
INSTANCE NAME: dev_internetds_health_mid_app01
Tagging Snapshot snap-0a3f185d07643ce13 with the following Tags: Key=CreatedBy,Value=ec2-automate-backup Key=InstanceId,Value=i-050a03a5a66df8028 Key=InstanceName,Value=dev_internetds_health_mid_app01 Key=PurgeAfterFE,Value=1492452605 Key=PurgeAllow,Value=true Key=Volume,Value=vol-043c0352acf24d5d9 Key=Created,Value=1489860605
INSTANCE i-050a03a5a66df8028
INSTANCE NAME: dev_internetds_health_mid_app01
Tagging Snapshot snap-0b70b3f1229819f99 with the following Tags: Key=CreatedBy,Value=ec2-automate-backup Key=InstanceId,Value=i-050a03a5a66df8028 Key=InstanceName,Value=dev_internetds_health_mid_app01 Key=PurgeAfterFE,Value=1492452605 Key=PurgeAllow,Value=true Key=Volume,Value=vol-0168547c8e130e25c Key=Created,Value=1489860605
INSTANCE i-0e0a6ed23b32e226e
INSTANCE NAME: uat_internetds_health_mid_app01
Tagging Snapshot snap-0d017e860beef913b with the following Tags: Key=CreatedBy,Value=ec2-automate-backup Key=InstanceId,Value=i-0e0a6ed23b32e226e Key=InstanceName,Value=uat_internetds_health_mid_app01 Key=PurgeAfterFE,Value=1492452605 Key=PurgeAllow,Value=true Key=Volume,Value=vol-0afa35598272ee33a Key=Created,Value=1489860605
INSTANCE i-0e0a6ed23b32e226e
INSTANCE NAME: uat_internetds_health_mid_app01
Tagging Snapshot snap-0f3224e3ad0122cb3 with the following Tags: Key=CreatedBy,Value=ec2-automate-backup Key=InstanceId,Value=i-0e0a6ed23b32e226e Key=InstanceName,Value=uat_internetds_health_mid_app01 Key=PurgeAfterFE,Value=1492452605 Key=PurgeAllow,Value=true Key=Volume,Value=vol-0a58fdefe505b5f9c Key=Created,Value=1489860605
INSTANCE i-01b5bff014607d4f7
INSTANCE NAME: dev_internetds_health_datax_app01
Tagging Snapshot snap-0cbedb840f6f6b2a5 with the following Tags: Key=CreatedBy,Value=ec2-automate-backup Key=InstanceId,Value=i-01b5bff014607d4f7 Key=InstanceName,Value=dev_internetds_health_datax_app01 Key=PurgeAfterFE,Value=1492452605 Key=PurgeAllow,Value=true Key=Volume,Value=vol-0bb879fc8a757300a Key=Created,Value=1489860605
INSTANCE i-01b5bff014607d4f7
INSTANCE NAME: dev_internetds_health_datax_app01
Tagging Snapshot snap-0da63f5bbb6868597 with the following Tags: Key=CreatedBy,Value=ec2-automate-backup Key=InstanceId,Value=i-01b5bff014607d4f7 Key=InstanceName,Value=dev_internetds_health_datax_app01 Key=PurgeAfterFE,Value=1492452605 Key=PurgeAllow,Value=true Key=Volume,Value=vol-0f7aad9912e0ac78f Key=Created,Value=1489860605
INSTANCE i-04bdc4bc1f009c0ea
INSTANCE NAME: uat_internetds_health_datax_app01
Tagging Snapshot snap-09ed2343d81d717e0 with the following Tags: Key=CreatedBy,Value=ec2-automate-backup Key=InstanceId,Value=i-04bdc4bc1f009c0ea Key=InstanceName,Value=uat_internetds_health_datax_app01 Key=PurgeAfterFE,Value=1492452605 Key=PurgeAllow,Value=true Key=Volume,Value=vol-02b1f7b9a208a8cf3 Key=Created,Value=1489860605
INSTANCE i-06bbe1529e0cf11a7
INSTANCE NAME: dev_internetds_health_gzyq_app01
Tagging Snapshot snap-0e02d358b4eb1bb39 with the following Tags: Key=CreatedBy,Value=ec2-automate-backup Key=InstanceId,Value=i-06bbe1529e0cf11a7 Key=InstanceName,Value=dev_internetds_health_gzyq_app01 Key=PurgeAfterFE,Value=1492452605 Key=PurgeAllow,Value=true Key=Volume,Value=vol-08bb86e51d56539a0 Key=Created,Value=1489860605
INSTANCE i-04bdc4bc1f009c0ea
INSTANCE NAME: uat_internetds_health_datax_app01
Tagging Snapshot snap-06682081409479d16 with the following Tags: Key=CreatedBy,Value=ec2-automate-backup Key=InstanceId,Value=i-04bdc4bc1f009c0ea Key=InstanceName,Value=uat_internetds_health_datax_app01 Key=PurgeAfterFE,Value=1492452605 Key=PurgeAllow,Value=true Key=Volume,Value=vol-05de05e324a99ef83 Key=Created,Value=1489860605
INSTANCE i-0923e5fab39808597
INSTANCE NAME: uat_internetds_health_gzyq_app01
Tagging Snapshot snap-0356991d3bce93920 with the following Tags: Key=CreatedBy,Value=ec2-automate-backup Key=InstanceId,Value=i-0923e5fab39808597 Key=InstanceName,Value=uat_internetds_health_gzyq_app01 Key=PurgeAfterFE,Value=1492452605 Key=PurgeAllow,Value=true Key=Volume,Value=vol-0434385cfaf1b40b6 Key=Created,Value=1489860605
INSTANCE i-0a880d078466aa9fa
INSTANCE NAME: yc_internetds_health_bq_app01
Tagging Snapshot snap-0da6907184c3977b6 with the following Tags: Key=CreatedBy,Value=ec2-automate-backup Key=InstanceId,Value=i-0a880d078466aa9fa Key=InstanceName,Value=yc_internetds_health_bq_app01 Key=PurgeAfterFE,Value=1492452605 Key=PurgeAllow,Value=true Key=Volume,Value=vol-09a0e66fac3d5e1eb Key=Created,Value=1489860605
INSTANCE i-06bbe1529e0cf11a7
INSTANCE NAME: dev_internetds_health_gzyq_app01
Tagging Snapshot snap-0e6258b8ba446e321 with the following Tags: Key=CreatedBy,Value=ec2-automate-backup Key=InstanceId,Value=i-06bbe1529e0cf11a7 Key=InstanceName,Value=dev_internetds_health_gzyq_app01 Key=PurgeAfterFE,Value=1492452605 Key=PurgeAllow,Value=true Key=Volume,Value=vol-08a8143f5c85716ca Key=Created,Value=1489860605
INSTANCE i-0923e5fab39808597
INSTANCE NAME: uat_internetds_health_gzyq_app01
Tagging Snapshot snap-024d66eab35abb7ff with the following Tags: Key=CreatedBy,Value=ec2-automate-backup Key=InstanceId,Value=i-0923e5fab39808597 Key=InstanceName,Value=uat_internetds_health_gzyq_app01 Key=PurgeAfterFE,Value=1492452605 Key=PurgeAllow,Value=true Key=Volume,Value=vol-07121f37e79416b11 Key=Created,Value=1489860605
INSTANCE i-0586ab5c2c0ecfd7e
INSTANCE NAME: yc_internetds_health_bq_app03
Tagging Snapshot snap-07ac5081e80edee2a with the following Tags: Key=CreatedBy,Value=ec2-automate-backup Key=InstanceId,Value=i-0586ab5c2c0ecfd7e Key=InstanceName,Value=yc_internetds_health_bq_app03 Key=PurgeAfterFE,Value=1492452605 Key=PurgeAllow,Value=true Key=Volume,Value=vol-00a45c4b239d50c63 Key=Created,Value=1489860605
INSTANCE i-4cc5fb74
INSTANCE NAME: mgmt_bastion01
Tagging Snapshot snap-0f56f818a595d31d3 with the following Tags: Key=CreatedBy,Value=ec2-automate-backup Key=InstanceId,Value=i-4cc5fb74 Key=InstanceName,Value=mgmt_bastion01 Key=PurgeAfterFE,Value=1492452605 Key=PurgeAllow,Value=true Key=Volume,Value=vol-019a8dea1bccde116 Key=Created,Value=1489860605
INSTANCE i-0a880d078466aa9fa
INSTANCE NAME: yc_internetds_health_bq_app01
Tagging Snapshot snap-0c97420c752a42095 with the following Tags: Key=CreatedBy,Value=ec2-automate-backup Key=InstanceId,Value=i-0a880d078466aa9fa Key=InstanceName,Value=yc_internetds_health_bq_app01 Key=PurgeAfterFE,Value=1492452605 Key=PurgeAllow,Value=true Key=Volume,Value=vol-0283afe05698da23f Key=Created,Value=1489860605
INSTANCE i-0586ab5c2c0ecfd7e
INSTANCE NAME: yc_internetds_health_bq_app03
Tagging Snapshot snap-08a8442cad09f5433 with the following Tags: Key=CreatedBy,Value=ec2-automate-backup Key=InstanceId,Value=i-0586ab5c2c0ecfd7e Key=InstanceName,Value=yc_internetds_health_bq_app03 Key=PurgeAfterFE,Value=1492452605 Key=PurgeAllow,Value=true Key=Volume,Value=vol-01e82bf5c47c9b151 Key=Created,Value=1489860605
Snapshot Purging is Starting Now.
Snapshot "snap-0ac3aab0225e641c7" with the PurgeAfterFE date of "1489774205" will be deleted.
Snapshot "snap-08274343e6abbbd7e" with the PurgeAfterFE date of "1489774205" will be deleted.
Snapshot "snap-0b29b63f39b429679" with the PurgeAfterFE date of "1489774205" will be deleted.
Snapshot "snap-0b19c289ff5fae135" with the PurgeAfterFE date of "1489774205" will be deleted.
Snapshot "snap-03ce6ef47877718a2" with the PurgeAfterFE date of "1489774205" will be deleted.
Snapshot "snap-0c2209baff1b81f70" with the PurgeAfterFE date of "1489774205" will be deleted.
Snapshot "snap-0492673ac040a6221" with the PurgeAfterFE date of "1489774205" will be deleted.
Snapshot "snap-00a9ba325376cd697" with the PurgeAfterFE date of "1489774205" will be deleted.
Snapshot "snap-0ca2e41b08411783d" with the PurgeAfterFE date of "1489774205" will be deleted.
Snapshot "snap-082b4764476bf52a9" with the PurgeAfterFE date of "1489774205" will be deleted.
Snapshot "snap-052ba088a39de512d" with the PurgeAfterFE date of "1489774205" will be deleted.
Snapshot "snap-0b9c2f64abccd7bb2" with the PurgeAfterFE date of "1489774205" will be deleted.
Snapshot "snap-07ddb8d235d0af106" with the PurgeAfterFE date of "1489774205" will be deleted.
Snapshot "snap-0c84ca994df221e48" with the PurgeAfterFE date of "1489774205" will be deleted.
Snapshot "snap-0747c81902a4c6ddf" with the PurgeAfterFE date of "1489774205" will be deleted.
Snapshot "snap-06e510cf6d1d22f2c" with the PurgeAfterFE date of "1489774205" will be deleted.
Snapshot "snap-0ab91f65d08b3d8b5" with the PurgeAfterFE date of "1489774205" will be deleted.
Snapshot "snap-0d569be16e8b01c08" with the PurgeAfterFE date of "1489774205" will be deleted.
Snapshot "snap-0079daec43e37b68b" with the PurgeAfterFE date of "1489774205" will be deleted.
Snapshot "snap-0c8e1ad0d220a12d7" with the PurgeAfterFE date of "1489774205" will be deleted.
Snapshot "snap-0ea227ea547a42f3f" with the PurgeAfterFE date of "1489774205" will be deleted.
Snapshot "snap-0b9d36910c6091324" with the PurgeAfterFE date of "1489774205" will be deleted.
Snapshot "snap-0853f2ee53e91d5e3" with the PurgeAfterFE date of "1489774205" will be deleted.
Snapshot "snap-0a0a792ee5cf7d8d7" with the PurgeAfterFE date of "1489774205" will be deleted.
Snapshot "snap-0196e61adbca8e9bc" with the PurgeAfterFE date of "1489774205" will be deleted.
Snapshot "snap-0d5c1f944cc43b31e" with the PurgeAfterFE date of "1489774205" will be deleted.
Snapshot "snap-0f1faa80e667e8663" with the PurgeAfterFE date of "1489774205" will be deleted.
Snapshot "snap-07e9294dc5fa82f75" with the PurgeAfterFE date of "1489774205" will be deleted.
Snapshot "snap-08ab06e65a41ca6f9" with the PurgeAfterFE date of "1489774205" will be deleted.
Snapshot "snap-0a4f46ea1a237e9f4" with the PurgeAfterFE date of "1489774205" will be deleted.
Snapshot "snap-0d50e707291b7c18a" with the PurgeAfterFE date of "1489774205" will be deleted.
Snapshot "snap-095d4263234205987" with the PurgeAfterFE date of "1489774205" will be deleted.
Snapshot "snap-0f1ec970b81cb3a21" with the PurgeAfterFE date of "1489774205" will be deleted.
Snapshot "snap-02c0e95e58ef12f5b" with the PurgeAfterFE date of "1489774205" will be deleted.
Snapshot "snap-07c6cc0d62eddd264" with the PurgeAfterFE date of "1489774205" will be deleted.
Snapshot "snap-099edb283cd3e8682" with the PurgeAfterFE date of "1489774205" will be deleted.
Snapshot "snap-018059cad63747c4b" with the PurgeAfterFE date of "1489774205" will be deleted.
Snapshot "snap-05278e63560ad7a9d" with the PurgeAfterFE date of "1489774205" will be deleted.
Snapshot "snap-0cb6edd699b03bc6f" with the PurgeAfterFE date of "1489774205" will be deleted.
Snapshot "snap-0201aabedccdff858" with the PurgeAfterFE date of "1489774205" will be deleted.
Snapshot "snap-0ee7b1252f0a36eb4" with the PurgeAfterFE date of "1489774205" will be deleted.
Snapshot "snap-077b26a08f584a83c" with the PurgeAfterFE date of "1489774205" will be deleted.
Snapshot "snap-09568db9089c87f1e" with the PurgeAfterFE date of "1489774205" will be deleted.
Snapshot "snap-05917e737d43b1d2d" with the PurgeAfterFE date of "1489774205" will be deleted.
Snapshot "snap-0fa730dadaa977754" with the PurgeAfterFE date of "1489774205" will be deleted.
Snapshot "snap-08bbea1481ead67fb" with the PurgeAfterFE date of "1489774205" will be deleted.
Snapshot "snap-0a55f13375ddd60e4" with the PurgeAfterFE date of "1489774205" will be deleted.
Snapshot "snap-0eeaf0a5ced11898d" with the PurgeAfterFE date of "1489774205" will be deleted.
Snapshot "snap-020ed311b0de375a1" with the PurgeAfterFE date of "1489774205" will be deleted.
Snapshot "snap-0c5f07dd02f3e0fac" with the PurgeAfterFE date of "1489774205" will be deleted.
Snapshot "snap-0aa4a3230a34bbcb9" with the PurgeAfterFE date of "1489774205" will be deleted.
Snapshot "snap-0343b0b958c7c75fe" with the PurgeAfterFE date of "1489774205" will be deleted.
Snapshot "snap-093f9483d8b578f88" with the PurgeAfterFE date of "1489774205" will be deleted.
Snapshot "snap-05f44785d0052c4b0" with the PurgeAfterFE date of "1489774205" will be deleted.
Snapshot "snap-0b3e315e776a6768d" with the PurgeAfterFE date of "1489774205" will be deleted.
Snapshot "snap-0d28347c2dc160185" with the PurgeAfterFE date of "1489774205" will be deleted.
Snapshot "snap-054a7c7135340e0b6" with the PurgeAfterFE date of "1489774205" will be deleted.
Snapshot "snap-04957438dd95ac57c" with the PurgeAfterFE date of "1489774205" will be deleted.
Snapshot "snap-08ba8405c8d9f60cc" with the PurgeAfterFE date of "1489774205" will be deleted.
Snapshot "snap-09c91c7b50a53ae92" with the PurgeAfterFE date of "1489774205" will be deleted.
Snapshot "snap-041715ae66575af5b" with the PurgeAfterFE date of "1489774205" will be deleted.
Snapshot "snap-0a93d4a777550a87f" with the PurgeAfterFE date of "1489774205" will be deleted.
Snapshot "snap-045543eecad53b210" with the PurgeAfterFE date of "1489774205" will be deleted.
Snapshot "snap-05c51d43cfea73399" with the PurgeAfterFE date of "1489774205" will be deleted.
Snapshot "snap-0b62bf8f3c212cdf9" with the PurgeAfterFE date of "1489774205" will be deleted.
Snapshot "snap-0767bd242268e4a59" with the PurgeAfterFE date of "1489774205" will be deleted.
Snapshot "snap-0a1ee20f379f90ed5" with the PurgeAfterFE date of "1489774205" will be deleted.
Snapshot "snap-0240d3aa35f8616dd" with the PurgeAfterFE date of "1489774205" will be deleted.
Snapshot "snap-029d08dd32da667e0" with the PurgeAfterFE date of "1489774205" will be deleted.
Snapshot "snap-0626d40873701e77f" with the PurgeAfterFE date of "1489774205" will be deleted.
Snapshot "snap-010984744be65c894" with the PurgeAfterFE date of "1489774205" will be deleted.
Snapshot "snap-0efef5fd9aafaec5b" with the PurgeAfterFE date of "1489774205" will be deleted.
Snapshot "snap-0a5c5aef6c45b1108" with the PurgeAfterFE date of "1489774205" will be deleted.
Snapshot "snap-0fb2483e9a5ad15e1" with the PurgeAfterFE date of "1489774205" will be deleted.
Snapshot "snap-03d9d77edcb46d5a7" with the PurgeAfterFE date of "1489774205" will be deleted.
Snapshot "snap-0510d04c3fe7224bf" with the PurgeAfterFE date of "1489774205" will be deleted.
Snapshot "snap-07d96336802b4ba30" with the PurgeAfterFE date of "1489774205" will be deleted.
Snapshot "snap-0a2fe9df56cb1620c" with the PurgeAfterFE date of "1489774205" will be deleted.
Snapshot "snap-057d0dd5c0c48beef" with the PurgeAfterFE date of "1489774205" will be deleted.
Snapshot "snap-0e11951fe46d12d44" with the PurgeAfterFE date of "1489774205" will be deleted.
Snapshot "snap-0155ba5e17dd4372b" with the PurgeAfterFE date of "1489774205" will be deleted.
Snapshot "snap-04cd30006febd40b5" with the PurgeAfterFE date of "1489774205" will be deleted.
Snapshot "snap-0629b447a15f473d6" with the PurgeAfterFE date of "1489774205" will be deleted.
Snapshot "snap-09f3943112a3203cc" with the PurgeAfterFE date of "1489774205" will be deleted.
Snapshot "snap-0ebcfa19782444c86" with the PurgeAfterFE date of "1489774205" will be deleted.
Snapshot "snap-07fbda5a0a05d3bd4" with the PurgeAfterFE date of "1489774205" will be deleted.
Snapshot "snap-0bd9684e3b90f158b" with the PurgeAfterFE date of "1489774205" will be deleted.
Snapshot "snap-0e6b507f76b8d8920" with the PurgeAfterFE date of "1489774205" will be deleted.
Snapshot "snap-09e2b3f046bd564c6" with the PurgeAfterFE date of "1489774205" will be deleted.
Snapshot "snap-02b77ebb4f4afe52f" with the PurgeAfterFE date of "1489774205" will be deleted.
Snapshot "snap-03cddc880d4577203" with the PurgeAfterFE date of "1489774205" will be deleted.
Snapshot "snap-0fb7740b6e576bbaa" with the PurgeAfterFE date of "1489774205" will be deleted.
Snapshot "snap-00d7ece893010ed53" with the PurgeAfterFE date of "1489774205" will be deleted.
Snapshot "snap-02f42eedd4aef3f17" with the PurgeAfterFE date of "1489774205" will be deleted.
Snapshot "snap-0a67064b04e156ec0" with the PurgeAfterFE date of "1489774205" will be deleted.
Snapshot "snap-05b41e687c8825307" with the PurgeAfterFE date of "1489774205" will be deleted.
Snapshot "snap-08c1f93f7b6cc5d99" with the PurgeAfterFE date of "1489774205" will be deleted.
Snapshot "snap-0b64d71474ba1e8e7" with the PurgeAfterFE date of "1489774205" will be deleted.
Snapshot "snap-0f35f07a075a48104" with the PurgeAfterFE date of "1489774205" will be deleted.
Snapshot "snap-071e2a36a928b3304" with the PurgeAfterFE date of "1489774205" will be deleted.
Snapshot "snap-06d61ee807556d168" with the PurgeAfterFE date of "1489774205" will be deleted.
Snapshot "snap-07358a6715361b83b" with the PurgeAfterFE date of "1489774205" will be deleted.
Snapshot "snap-0e4f8ce400221c7c3" with the PurgeAfterFE date of "1489774205" will be deleted.
Snapshot "snap-0203a0c280c250c2d" with the PurgeAfterFE date of "1489774205" will be deleted.
Snapshot "snap-045fbd86d5caa0fe5" with the PurgeAfterFE date of "1489774205" will be deleted.
Snapshot "snap-0a4109a72bb79db8e" with the PurgeAfterFE date of "1489774205" will be deleted.
Snapshot "snap-0ac0dfa96a1eef610" with the PurgeAfterFE date of "1489774205" will be deleted.
Snapshot "snap-0788d82b5a8984fc5" with the PurgeAfterFE date of "1489774205" will be deleted.
Snapshot "snap-013217cf146a67fa6" with the PurgeAfterFE date of "1489774205" will be deleted.
Snapshot "snap-050fb4b1fab82b2f0" with the PurgeAfterFE date of "1489774205" will be deleted.
Snapshot "snap-03fd61135bc5047a2" with the PurgeAfterFE date of "1489774205" will be deleted.
Snapshot "snap-06894100278bf7a7e" with the PurgeAfterFE date of "1489774205" will be deleted.
Snapshot "snap-000bf625614fb02d2" with the PurgeAfterFE date of "1489774205" will be deleted.
Snapshot "snap-00e5e36e4c6fbfdb8" with the PurgeAfterFE date of "1489774205" will be deleted.
Snapshot "snap-04b3ca363db0abb46" with the PurgeAfterFE date of "1489774205" will be deleted.
Snapshot "snap-004791c5e9b5d62bd" with the PurgeAfterFE date of "1489774205" will be deleted.
Snapshot "snap-0ef36c73529bd50ef" with the PurgeAfterFE date of "1489774205" will be deleted.
Snapshot "snap-0b1b1a53c27783630" with the PurgeAfterFE date of "1489774205" will be deleted.
Snapshot "snap-07562703a14fd3720" with the PurgeAfterFE date of "1489774205" will be deleted.
Snapshot "snap-0c3b69507ee7b9701" with the PurgeAfterFE date of "1489774205" will be deleted.
Snapshot "snap-05abc2220f716efdd" with the PurgeAfterFE date of "1489774205" will be deleted.
Snapshot "snap-09bd7128add5b9d32" with the PurgeAfterFE date of "1489774205" will be deleted.
Snapshot "snap-0b94b604b8d6d1c11" with the PurgeAfterFE date of "1489774205" will be deleted.
Snapshot "snap-007bf95a07a68899d" with the PurgeAfterFE date of "1489774205" will be deleted.
Snapshot "snap-0d2d48fc4cd9487c3" with the PurgeAfterFE date of "1489774205" will be deleted.
Snapshot "snap-0249df0478b3bf5d7" with the PurgeAfterFE date of "1489774205" will be deleted.
Snapshot "snap-06d6d716b58c8dc2f" with the PurgeAfterFE date of "1489774205" will be deleted.
Snapshot "snap-053c95d52ead6d79f" with the PurgeAfterFE date of "1489774205" will be deleted.
Snapshot "snap-0748123c6d1ebc70a" with the PurgeAfterFE date of "1489774205" will be deleted.
Snapshot "snap-0edcc42f2eba22428" with the PurgeAfterFE date of "1489774205" will be deleted.
Snapshot "snap-0d3e8bd6eb5abb5bc" with the PurgeAfterFE date of "1489774205" will be deleted.
Snapshot "snap-07adbcea56b897e2e" with the PurgeAfterFE date of "1489774205" will be deleted.
Snapshot "snap-0b9983c5af75ae28b" with the PurgeAfterFE date of "1489774205" will be deleted.
Snapshot "snap-02af4141793cddf06" with the PurgeAfterFE date of "1489774205" will be deleted.
Snapshot "snap-0c1b6f2765eb6ac20" with the PurgeAfterFE date of "1489774205" will be deleted.
Snapshot "snap-0a1211b1c147650d7" with the PurgeAfterFE date of "1489774205" will be deleted.
Snapshot "snap-0614922abd4fe7d95" with the PurgeAfterFE date of "1489774205" will be deleted.
Snapshot "snap-0ffc66d50354b7414" with the PurgeAfterFE date of "1489774205" will be deleted.
Snapshot "snap-0230f029842582dd6" with the PurgeAfterFE date of "1489774205" will be deleted.
Snapshot "snap-0d1bc45714ce604b3" with the PurgeAfterFE date of "1489774205" will be deleted.
Snapshot "snap-0d7f5dbe09f414780" with the PurgeAfterFE date of "1489774205" will be deleted.
Snapshot "snap-02251d4a581107f75" with the PurgeAfterFE date of "1489774205" will be deleted.
Snapshot "snap-09b84a499542d2d6e" with the PurgeAfterFE date of "1489774205" will be deleted.
Snapshot "snap-007015837ece653d3" with the PurgeAfterFE date of "1489774205" will be deleted.
Snapshot "snap-05e15311bc2c8f695" with the PurgeAfterFE date of "1489774205" will be deleted.
Snapshot "snap-032773b1268592a93" with the PurgeAfterFE date of "1489774205" will be deleted.
Snapshot "snap-04db21aac730f4fc3" with the PurgeAfterFE date of "1489774205" will be deleted.
Snapshot "snap-0eb003415ce81dffa" with the PurgeAfterFE date of "1489774205" will be deleted.
Snapshot "snap-0a06c5b93910dc457" with the PurgeAfterFE date of "1489774205" will be deleted.
Snapshot "snap-0db617e8b35055527" with the PurgeAfterFE date of "1489774205" will be deleted.
Snapshot "snap-0ee34cc9035ce027d" with the PurgeAfterFE date of "1489774205" will be deleted.
Snapshot "snap-035e9e26bbba3999b" with the PurgeAfterFE date of "1489774205" will be deleted.
Snapshot "snap-0ff6ee44dafbe4474" with the PurgeAfterFE date of "1489774205" will be deleted.
Snapshot "snap-03e87293e7184178e" with the PurgeAfterFE date of "1489774205" will be deleted.
Snapshot "snap-073a076809c468fcd" with the PurgeAfterFE date of "1489774205" will be deleted.
Snapshot "snap-07c5cbe049569a599" with the PurgeAfterFE date of "1489774205" will be deleted.
Snapshot "snap-0e5e1daa880333c07" with the PurgeAfterFE date of "1489774205" will be deleted.
Snapshot "snap-0ae4ac9ef6bbec67a" with the PurgeAfterFE date of "1489774205" will be deleted.
Snapshot "snap-036e74aca2e7753e5" with the PurgeAfterFE date of "1489774205" will be deleted.
Snapshot "snap-08589e794745525ba" with the PurgeAfterFE date of "1489774205" will be deleted.
Snapshot "snap-08e7edbe5d5ebe787" with the PurgeAfterFE date of "1489774205" will be deleted.
Snapshot "snap-0b40dcdc768a8aff4" with the PurgeAfterFE date of "1489774205" will be deleted.
Snapshot "snap-017b0d89597fa31f0" with the PurgeAfterFE date of "1489774205" will be deleted.
Snapshot "snap-028ef57ea98a958da" with the PurgeAfterFE date of "1489774205" will be deleted.
Snapshot "snap-01e00eb7f2e3836b3" with the PurgeAfterFE date of "1489774205" will be deleted.
Snapshot "snap-0c6a098884e5b6ca6" with the PurgeAfterFE date of "1489774205" will be deleted.
Snapshot "snap-09d518a38aa9c0f03" with the PurgeAfterFE date of "1489774205" will be deleted.
Snapshot "snap-0f8230b5bece4aaf5" with the PurgeAfterFE date of "1489774205" will be deleted.
Snapshot "snap-0ab4ba03746eb1fcf" with the PurgeAfterFE date of "1489774205" will be deleted.
Snapshot "snap-0942d5ddc2a44c6c2" with the PurgeAfterFE date of "1489774205" will be deleted.
Snapshot "snap-07c35d9402192781d" with the PurgeAfterFE date of "1489774205" will be deleted.
Snapshot "snap-0e11d028c2311c623" with the PurgeAfterFE date of "1489774205" will be deleted.
Snapshot "snap-0256f4eb16dde3e12" with the PurgeAfterFE date of "1489774205" will be deleted.
Snapshot "snap-0fb6ca1491943ba20" with the PurgeAfterFE date of "1489774205" will be deleted.
Snapshot "snap-0e4d6481bb21841f7" with the PurgeAfterFE date of "1489774205" will be deleted.
Snapshot "snap-0e9e2fbef94a2873c" with the PurgeAfterFE date of "1489774205" will be deleted.
Snapshot "snap-028639e6e51f4560e" with the PurgeAfterFE date of "1489774205" will be deleted.
Snapshot "snap-0d9c50acee6c43c7e" with the PurgeAfterFE date of "1489774205" will be deleted.
Snapshot "snap-088412fcbebd516b9" with the PurgeAfterFE date of "1489774205" will be deleted.
Snapshot "snap-079568b4d1927389b" with the PurgeAfterFE date of "1489774205" will be deleted.
Snapshot "snap-0c12ce39e717888dd" with the PurgeAfterFE date of "1489774205" will be deleted.
Snapshot "snap-01fadd5231a972dec" with the PurgeAfterFE date of "1489774205" will be deleted.
Snapshot "snap-032b54933de574fff" with the PurgeAfterFE date of "1489774205" will be deleted.
Snapshot "snap-09f0459e79feb5d83" with the PurgeAfterFE date of "1489774205" will be deleted.
Snapshot "snap-0bbcc94d36c6f3388" with the PurgeAfterFE date of "1489774205" will be deleted.
Snapshot "snap-0655465bb31b45085" with the PurgeAfterFE date of "1489774205" will be deleted.
Snapshot "snap-09a6c79aeef92358d" with the PurgeAfterFE date of "1489774205" will be deleted.
Snapshot "snap-0c595c1e0a334cb64" with the PurgeAfterFE date of "1489774205" will be deleted.
Snapshot "snap-00768676b17607e02" with the PurgeAfterFE date of "1489774205" will be deleted.
Snapshot "snap-00c5cd61e17039833" with the PurgeAfterFE date of "1489774205" will be deleted.
Snapshot "snap-0571a5dba675c7430" with the PurgeAfterFE date of "1489774205" will be deleted.
Snapshot "snap-02b1647a77a8b10f7" with the PurgeAfterFE date of "1489774205" will be deleted.
Snapshot "snap-0511cbe49336b7792" with the PurgeAfterFE date of "1489774205" will be deleted.
Snapshot "snap-0c186a6873f1a28f7" with the PurgeAfterFE date of "1489774205" will be deleted.
Snapshot "snap-0cb833d697143a962" with the PurgeAfterFE date of "1489774205" will be deleted.
Snapshot "snap-054e83a1d5455d4fb" with the PurgeAfterFE date of "1489774205" will be deleted.
Snapshot "snap-0688bdb7df15452ca" with the PurgeAfterFE date of "1489774205" will be deleted.
Snapshot "snap-0dae025eca1453c77" with the PurgeAfterFE date of "1489774205" will be deleted.
Snapshot "snap-0ace04577e6b830fe" with the PurgeAfterFE date of "1489774205" will be deleted.
Snapshot "snap-0e7e4ddaf3c46e9e8" with the PurgeAfterFE date of "1489774205" will be deleted.
Snapshot "snap-0ed75e1761c55308f" with the PurgeAfterFE date of "1489774205" will be deleted.
Snapshot "snap-063fb3584a75a2b49" with the PurgeAfterFE date of "1489774205" will be deleted.
Snapshot "snap-0c116070391c5ea79" with the PurgeAfterFE date of "1489774205" will be deleted.
Snapshot "snap-0f184b3fb07fdf0d6" with the PurgeAfterFE date of "1489774205" will be deleted.
Snapshot "snap-0e76d790b01e9cee6" with the PurgeAfterFE date of "1489774205" will be deleted.
Snapshot "snap-0cd1a4fead093b7bd" with the PurgeAfterFE date of "1489774205" will be deleted.
Snapshot "snap-068a4213ebc9eb26e" with the PurgeAfterFE date of "1489774205" will be deleted.
Snapshot "snap-0fd27b04259bf3919" with the PurgeAfterFE date of "1489774205" will be deleted.
