Snapshots taken by ec2-volumes-autobackup.sh will be eligible for purging after the following date (the purge after date given in seconds from epoch): 1493839280.
INSTANCE i-03c8fd87e7b05fa05
INSTANCE NAME: abfinance_95569_app16
Tagging Snapshot snap-064383061e1a728f5 with the following Tags: Key=CreatedBy,Value=ec2-automate-backup Key=InstanceId,Value=i-03c8fd87e7b05fa05 Key=InstanceName,Value=abfinance_95569_app16 Key=PurgeAfterFE,Value=1493839280 Key=PurgeAllow,Value=true Key=Volume,Value=vol-06c1ef7480d1a0d4c Key=Created,Value=1491247280
INSTANCE i-0c2bf96cb75ee7b5c
INSTANCE NAME: abfinance_95569_app18
Tagging Snapshot snap-0a51be7f8fc416c10 with the following Tags: Key=CreatedBy,Value=ec2-automate-backup Key=InstanceId,Value=i-0c2bf96cb75ee7b5c Key=InstanceName,Value=abfinance_95569_app18 Key=PurgeAfterFE,Value=1493839280 Key=PurgeAllow,Value=true Key=Volume,Value=vol-0eae86baf89ae58a6 Key=Created,Value=1491247280
INSTANCE i-0dce85c3f212a5de0
INSTANCE NAME: abfinance_95569_app12
Tagging Snapshot snap-06637d0f0dc76ded7 with the following Tags: Key=CreatedBy,Value=ec2-automate-backup Key=InstanceId,Value=i-0dce85c3f212a5de0 Key=InstanceName,Value=abfinance_95569_app12 Key=PurgeAfterFE,Value=1493839280 Key=PurgeAllow,Value=true Key=Volume,Value=vol-05c5ee0c944c4a763 Key=Created,Value=1491247280
INSTANCE i-0dce85c3f212a5de0
INSTANCE NAME: abfinance_95569_app12
Tagging Snapshot snap-02fb073fb8eff790e with the following Tags: Key=CreatedBy,Value=ec2-automate-backup Key=InstanceId,Value=i-0dce85c3f212a5de0 Key=InstanceName,Value=abfinance_95569_app12 Key=PurgeAfterFE,Value=1493839280 Key=PurgeAllow,Value=true Key=Volume,Value=vol-0b081425c7cc17600 Key=Created,Value=1491247280
INSTANCE i-09ddd98828f970e2b
INSTANCE NAME: abfinance_95569_app14
Tagging Snapshot snap-0fa4d356544664a71 with the following Tags: Key=CreatedBy,Value=ec2-automate-backup Key=InstanceId,Value=i-09ddd98828f970e2b Key=InstanceName,Value=abfinance_95569_app14 Key=PurgeAfterFE,Value=1493839280 Key=PurgeAllow,Value=true Key=Volume,Value=vol-029381ba27db23ea5 Key=Created,Value=1491247280
INSTANCE i-0de1db820b03e1279
INSTANCE NAME: abfinance_95569_app22
Tagging Snapshot snap-0c1d5b7b1150a6324 with the following Tags: Key=CreatedBy,Value=ec2-automate-backup Key=InstanceId,Value=i-0de1db820b03e1279 Key=InstanceName,Value=abfinance_95569_app22 Key=PurgeAfterFE,Value=1493839280 Key=PurgeAllow,Value=true Key=Volume,Value=vol-014edcf936f6c26f4 Key=Created,Value=1491247280
INSTANCE i-09ddd98828f970e2b
INSTANCE NAME: abfinance_95569_app14
Tagging Snapshot snap-05cfb20af173b1b6c with the following Tags: Key=CreatedBy,Value=ec2-automate-backup Key=InstanceId,Value=i-09ddd98828f970e2b Key=InstanceName,Value=abfinance_95569_app14 Key=PurgeAfterFE,Value=1493839280 Key=PurgeAllow,Value=true Key=Volume,Value=vol-0c815aa96dd49c83c Key=Created,Value=1491247280
INSTANCE i-03c8fd87e7b05fa05
INSTANCE NAME: abfinance_95569_app16
Tagging Snapshot snap-0712969c8e8210630 with the following Tags: Key=CreatedBy,Value=ec2-automate-backup Key=InstanceId,Value=i-03c8fd87e7b05fa05 Key=InstanceName,Value=abfinance_95569_app16 Key=PurgeAfterFE,Value=1493839280 Key=PurgeAllow,Value=true Key=Volume,Value=vol-0a82f25f21c70ca17 Key=Created,Value=1491247280
INSTANCE i-03ab34c05dc4f22aa
INSTANCE NAME: abfinance_95569_app24
Tagging Snapshot snap-0c29c1d67188cd5fb with the following Tags: Key=CreatedBy,Value=ec2-automate-backup Key=InstanceId,Value=i-03ab34c05dc4f22aa Key=InstanceName,Value=abfinance_95569_app24 Key=PurgeAfterFE,Value=1493839280 Key=PurgeAllow,Value=true Key=Volume,Value=vol-0119f2937c18f7e3e Key=Created,Value=1491247280
INSTANCE i-0bba368770f8bea0e
INSTANCE NAME: abfinance_95569_app28
Tagging Snapshot snap-0138073495b4964b8 with the following Tags: Key=CreatedBy,Value=ec2-automate-backup Key=InstanceId,Value=i-0bba368770f8bea0e Key=InstanceName,Value=abfinance_95569_app28 Key=PurgeAfterFE,Value=1493839280 Key=PurgeAllow,Value=true Key=Volume,Value=vol-054e16021703bc75b Key=Created,Value=1491247280
INSTANCE i-0bba368770f8bea0e
INSTANCE NAME: abfinance_95569_app28
Tagging Snapshot snap-0c14c51fcdf652708 with the following Tags: Key=CreatedBy,Value=ec2-automate-backup Key=InstanceId,Value=i-0bba368770f8bea0e Key=InstanceName,Value=abfinance_95569_app28 Key=PurgeAfterFE,Value=1493839280 Key=PurgeAllow,Value=true Key=Volume,Value=vol-0a9917560a4a8eb37 Key=Created,Value=1491247280
INSTANCE i-0900f2c3ece4f73ce
INSTANCE NAME: abfinance_95569_app20
Tagging Snapshot snap-01daf72efb32be9e0 with the following Tags: Key=CreatedBy,Value=ec2-automate-backup Key=InstanceId,Value=i-0900f2c3ece4f73ce Key=InstanceName,Value=abfinance_95569_app20 Key=PurgeAfterFE,Value=1493839280 Key=PurgeAllow,Value=true Key=Volume,Value=vol-06a26fc47d6b71ffd Key=Created,Value=1491247280
INSTANCE i-0900f2c3ece4f73ce
INSTANCE NAME: abfinance_95569_app20
Tagging Snapshot snap-05600dcc0f40f72d9 with the following Tags: Key=CreatedBy,Value=ec2-automate-backup Key=InstanceId,Value=i-0900f2c3ece4f73ce Key=InstanceName,Value=abfinance_95569_app20 Key=PurgeAfterFE,Value=1493839280 Key=PurgeAllow,Value=true Key=Volume,Value=vol-02e3078096ec01da3 Key=Created,Value=1491247280
INSTANCE i-0de1db820b03e1279
INSTANCE NAME: abfinance_95569_app22
Tagging Snapshot snap-06a28e0296281a18e with the following Tags: Key=CreatedBy,Value=ec2-automate-backup Key=InstanceId,Value=i-0de1db820b03e1279 Key=InstanceName,Value=abfinance_95569_app22 Key=PurgeAfterFE,Value=1493839280 Key=PurgeAllow,Value=true Key=Volume,Value=vol-0d5d8a4619da19822 Key=Created,Value=1491247280
INSTANCE i-0c2bf96cb75ee7b5c
INSTANCE NAME: abfinance_95569_app18
Tagging Snapshot snap-0157fda23ee8436a1 with the following Tags: Key=CreatedBy,Value=ec2-automate-backup Key=InstanceId,Value=i-0c2bf96cb75ee7b5c Key=InstanceName,Value=abfinance_95569_app18 Key=PurgeAfterFE,Value=1493839280 Key=PurgeAllow,Value=true Key=Volume,Value=vol-08f0c891fcb55d86a Key=Created,Value=1491247280
INSTANCE i-09bf358be6daff2b8
INSTANCE NAME: abfinance_95569_app26
Tagging Snapshot snap-0655cf387ce6a1c2c with the following Tags: Key=CreatedBy,Value=ec2-automate-backup Key=InstanceId,Value=i-09bf358be6daff2b8 Key=InstanceName,Value=abfinance_95569_app26 Key=PurgeAfterFE,Value=1493839280 Key=PurgeAllow,Value=true Key=Volume,Value=vol-01783b38ab8d40039 Key=Created,Value=1491247280
INSTANCE i-03ab34c05dc4f22aa
INSTANCE NAME: abfinance_95569_app24
Tagging Snapshot snap-0773adf0b5a4591c6 with the following Tags: Key=CreatedBy,Value=ec2-automate-backup Key=InstanceId,Value=i-03ab34c05dc4f22aa Key=InstanceName,Value=abfinance_95569_app24 Key=PurgeAfterFE,Value=1493839280 Key=PurgeAllow,Value=true Key=Volume,Value=vol-038fb96ae65962d50 Key=Created,Value=1491247280
INSTANCE i-09bf358be6daff2b8
INSTANCE NAME: abfinance_95569_app26
Tagging Snapshot snap-0e7d8cd1ff3a14b36 with the following Tags: Key=CreatedBy,Value=ec2-automate-backup Key=InstanceId,Value=i-09bf358be6daff2b8 Key=InstanceName,Value=abfinance_95569_app26 Key=PurgeAfterFE,Value=1493839280 Key=PurgeAllow,Value=true Key=Volume,Value=vol-04b2fa5fca10f2430 Key=Created,Value=1491247280
INSTANCE i-0274c175451fa7094
INSTANCE NAME: abfinance_95569_app08
Tagging Snapshot snap-0985ffc64a6ff7a96 with the following Tags: Key=CreatedBy,Value=ec2-automate-backup Key=InstanceId,Value=i-0274c175451fa7094 Key=InstanceName,Value=abfinance_95569_app08 Key=PurgeAfterFE,Value=1493839280 Key=PurgeAllow,Value=true Key=Volume,Value=vol-0c72a7d64241a776c Key=Created,Value=1491247280
INSTANCE i-0c1125d6758d322b7
INSTANCE NAME: abfinance_95569_app06
Tagging Snapshot snap-0249e0fa5292e77ca with the following Tags: Key=CreatedBy,Value=ec2-automate-backup Key=InstanceId,Value=i-0c1125d6758d322b7 Key=InstanceName,Value=abfinance_95569_app06 Key=PurgeAfterFE,Value=1493839280 Key=PurgeAllow,Value=true Key=Volume,Value=vol-091917e30fd32e67a Key=Created,Value=1491247280
INSTANCE i-0bf78d14e8b0eaf1e
INSTANCE NAME: abfinance_95569_app30
Tagging Snapshot snap-05e1f1fae9e7f07b4 with the following Tags: Key=CreatedBy,Value=ec2-automate-backup Key=InstanceId,Value=i-0bf78d14e8b0eaf1e Key=InstanceName,Value=abfinance_95569_app30 Key=PurgeAfterFE,Value=1493839280 Key=PurgeAllow,Value=true Key=Volume,Value=vol-028a6f552c7c9efe4 Key=Created,Value=1491247280
INSTANCE i-0c1125d6758d322b7
INSTANCE NAME: abfinance_95569_app06
Tagging Snapshot snap-0bd5e4f0511e28baf with the following Tags: Key=CreatedBy,Value=ec2-automate-backup Key=InstanceId,Value=i-0c1125d6758d322b7 Key=InstanceName,Value=abfinance_95569_app06 Key=PurgeAfterFE,Value=1493839280 Key=PurgeAllow,Value=true Key=Volume,Value=vol-0ba5d36c9573518b5 Key=Created,Value=1491247280
INSTANCE i-0bf78d14e8b0eaf1e
INSTANCE NAME: abfinance_95569_app30
Tagging Snapshot snap-03ca9feb9d130bd83 with the following Tags: Key=CreatedBy,Value=ec2-automate-backup Key=InstanceId,Value=i-0bf78d14e8b0eaf1e Key=InstanceName,Value=abfinance_95569_app30 Key=PurgeAfterFE,Value=1493839280 Key=PurgeAllow,Value=true Key=Volume,Value=vol-096964d6c38daa9c9 Key=Created,Value=1491247280
INSTANCE i-0274c175451fa7094
INSTANCE NAME: abfinance_95569_app08
Tagging Snapshot snap-0818b41de782e5bde with the following Tags: Key=CreatedBy,Value=ec2-automate-backup Key=InstanceId,Value=i-0274c175451fa7094 Key=InstanceName,Value=abfinance_95569_app08 Key=PurgeAfterFE,Value=1493839280 Key=PurgeAllow,Value=true Key=Volume,Value=vol-09f82518fd6c90b2b Key=Created,Value=1491247280
INSTANCE i-00649ffaac78d75cb
INSTANCE NAME: abfinance_95569_qyyxapp06
Tagging Snapshot snap-0e93c21cbb204897f with the following Tags: Key=CreatedBy,Value=ec2-automate-backup Key=InstanceId,Value=i-00649ffaac78d75cb Key=InstanceName,Value=abfinance_95569_qyyxapp06 Key=PurgeAfterFE,Value=1493839280 Key=PurgeAllow,Value=true Key=Volume,Value=vol-04ad9f8946e08f89c Key=Created,Value=1491247280
INSTANCE i-00649ffaac78d75cb
INSTANCE NAME: abfinance_95569_qyyxapp06
Tagging Snapshot snap-0a1a78eab1c8541e4 with the following Tags: Key=CreatedBy,Value=ec2-automate-backup Key=InstanceId,Value=i-00649ffaac78d75cb Key=InstanceName,Value=abfinance_95569_qyyxapp06 Key=PurgeAfterFE,Value=1493839280 Key=PurgeAllow,Value=true Key=Volume,Value=vol-0807f8fea0f547086 Key=Created,Value=1491247280
INSTANCE i-0b62ae29318f2ff8b
INSTANCE NAME: abfinance_95569_qyyxapp02
Tagging Snapshot snap-0b97bc9a1668d9d07 with the following Tags: Key=CreatedBy,Value=ec2-automate-backup Key=InstanceId,Value=i-0b62ae29318f2ff8b Key=InstanceName,Value=abfinance_95569_qyyxapp02 Key=PurgeAfterFE,Value=1493839280 Key=PurgeAllow,Value=true Key=Volume,Value=vol-03ecd9464fd1c5d05 Key=Created,Value=1491247280
INSTANCE i-0b62ae29318f2ff8b
INSTANCE NAME: abfinance_95569_qyyxapp02
Tagging Snapshot snap-080b3a0fdfc7df540 with the following Tags: Key=CreatedBy,Value=ec2-automate-backup Key=InstanceId,Value=i-0b62ae29318f2ff8b Key=InstanceName,Value=abfinance_95569_qyyxapp02 Key=PurgeAfterFE,Value=1493839280 Key=PurgeAllow,Value=true Key=Volume,Value=vol-007d93d5c3db29799 Key=Created,Value=1491247280
INSTANCE i-0792c4456f9092988
INSTANCE NAME: abfinance_95569_qyyxapp08
Tagging Snapshot snap-0f5825cf087003c9f with the following Tags: Key=CreatedBy,Value=ec2-automate-backup Key=InstanceId,Value=i-0792c4456f9092988 Key=InstanceName,Value=abfinance_95569_qyyxapp08 Key=PurgeAfterFE,Value=1493839280 Key=PurgeAllow,Value=true Key=Volume,Value=vol-045f338712882182b Key=Created,Value=1491247280
INSTANCE i-0792c4456f9092988
INSTANCE NAME: abfinance_95569_qyyxapp08
Tagging Snapshot snap-08f0124d090a146bf with the following Tags: Key=CreatedBy,Value=ec2-automate-backup Key=InstanceId,Value=i-0792c4456f9092988 Key=InstanceName,Value=abfinance_95569_qyyxapp08 Key=PurgeAfterFE,Value=1493839280 Key=PurgeAllow,Value=true Key=Volume,Value=vol-0489d109134a1a195 Key=Created,Value=1491247280
INSTANCE i-0a035c9fe74e932da
INSTANCE NAME: abfinance_top20_ubuntu_app02
Tagging Snapshot snap-0b1886ba2558f157d with the following Tags: Key=CreatedBy,Value=ec2-automate-backup Key=InstanceId,Value=i-0a035c9fe74e932da Key=InstanceName,Value=abfinance_top20_ubuntu_app02 Key=PurgeAfterFE,Value=1493839280 Key=PurgeAllow,Value=true Key=Volume,Value=vol-0b7877736c90d5018 Key=Created,Value=1491247280
INSTANCE i-0d13fdd367f941029
INSTANCE NAME: abfinance_top20_ubuntu_app04
Tagging Snapshot snap-0d5e2c10122ede9ab with the following Tags: Key=CreatedBy,Value=ec2-automate-backup Key=InstanceId,Value=i-0d13fdd367f941029 Key=InstanceName,Value=abfinance_top20_ubuntu_app04 Key=PurgeAfterFE,Value=1493839280 Key=PurgeAllow,Value=true Key=Volume,Value=vol-0b1860b6a86d65c3c Key=Created,Value=1491247280
INSTANCE i-0a035c9fe74e932da
INSTANCE NAME: abfinance_top20_ubuntu_app02
Tagging Snapshot snap-045eac0f2d2761fd6 with the following Tags: Key=CreatedBy,Value=ec2-automate-backup Key=InstanceId,Value=i-0a035c9fe74e932da Key=InstanceName,Value=abfinance_top20_ubuntu_app02 Key=PurgeAfterFE,Value=1493839280 Key=PurgeAllow,Value=true Key=Volume,Value=vol-06d971d61dc6ec5d0 Key=Created,Value=1491247280
INSTANCE i-0d13fdd367f941029
INSTANCE NAME: abfinance_top20_ubuntu_app04
Tagging Snapshot snap-0c4df57c44876b354 with the following Tags: Key=CreatedBy,Value=ec2-automate-backup Key=InstanceId,Value=i-0d13fdd367f941029 Key=InstanceName,Value=abfinance_top20_ubuntu_app04 Key=PurgeAfterFE,Value=1493839280 Key=PurgeAllow,Value=true Key=Volume,Value=vol-0c99c2848d6180dad Key=Created,Value=1491247280
INSTANCE i-0d13fdd367f941029
INSTANCE NAME: abfinance_top20_ubuntu_app04
Tagging Snapshot snap-0901952bff9194c94 with the following Tags: Key=CreatedBy,Value=ec2-automate-backup Key=InstanceId,Value=i-0d13fdd367f941029 Key=InstanceName,Value=abfinance_top20_ubuntu_app04 Key=PurgeAfterFE,Value=1493839280 Key=PurgeAllow,Value=true Key=Volume,Value=vol-05552e316d7c4fca7 Key=Created,Value=1491247280
INSTANCE i-0a035c9fe74e932da
INSTANCE NAME: abfinance_top20_ubuntu_app02
Tagging Snapshot snap-0cef675310511b2dd with the following Tags: Key=CreatedBy,Value=ec2-automate-backup Key=InstanceId,Value=i-0a035c9fe74e932da Key=InstanceName,Value=abfinance_top20_ubuntu_app02 Key=PurgeAfterFE,Value=1493839280 Key=PurgeAllow,Value=true Key=Volume,Value=vol-086b4833a3e624834 Key=Created,Value=1491247280
INSTANCE i-0d13fdd367f941029
INSTANCE NAME: abfinance_top20_ubuntu_app04
Tagging Snapshot snap-08012171c815bc33c with the following Tags: Key=CreatedBy,Value=ec2-automate-backup Key=InstanceId,Value=i-0d13fdd367f941029 Key=InstanceName,Value=abfinance_top20_ubuntu_app04 Key=PurgeAfterFE,Value=1493839280 Key=PurgeAllow,Value=true Key=Volume,Value=vol-0237e004eeed33603 Key=Created,Value=1491247280
INSTANCE i-02c96aa526459387c
INSTANCE NAME: abfinance_top20_ubuntu_db02
Tagging Snapshot snap-0751b79d7f60b4761 with the following Tags: Key=CreatedBy,Value=ec2-automate-backup Key=InstanceId,Value=i-02c96aa526459387c Key=InstanceName,Value=abfinance_top20_ubuntu_db02 Key=PurgeAfterFE,Value=1493839280 Key=PurgeAllow,Value=true Key=Volume,Value=vol-0adeb8ce9288cb9f0 Key=Created,Value=1491247280
INSTANCE i-02c96aa526459387c
INSTANCE NAME: abfinance_top20_ubuntu_db02
Tagging Snapshot snap-03c6eb47e78939bfe with the following Tags: Key=CreatedBy,Value=ec2-automate-backup Key=InstanceId,Value=i-02c96aa526459387c Key=InstanceName,Value=abfinance_top20_ubuntu_db02 Key=PurgeAfterFE,Value=1493839280 Key=PurgeAllow,Value=true Key=Volume,Value=vol-0f91ffb6f9ff57fe9 Key=Created,Value=1491247280
INSTANCE i-02c96aa526459387c
INSTANCE NAME: abfinance_top20_ubuntu_db02
Tagging Snapshot snap-0e14eddcdab4c73ce with the following Tags: Key=CreatedBy,Value=ec2-automate-backup Key=InstanceId,Value=i-02c96aa526459387c Key=InstanceName,Value=abfinance_top20_ubuntu_db02 Key=PurgeAfterFE,Value=1493839280 Key=PurgeAllow,Value=true Key=Volume,Value=vol-0e507dfbbde31e579 Key=Created,Value=1491247280
INSTANCE i-02c96aa526459387c
INSTANCE NAME: abfinance_top20_ubuntu_db02
Tagging Snapshot snap-0b809aa2a66e07936 with the following Tags: Key=CreatedBy,Value=ec2-automate-backup Key=InstanceId,Value=i-02c96aa526459387c Key=InstanceName,Value=abfinance_top20_ubuntu_db02 Key=PurgeAfterFE,Value=1493839280 Key=PurgeAllow,Value=true Key=Volume,Value=vol-0c9c555e321cb7fb5 Key=Created,Value=1491247280
INSTANCE i-02c96aa526459387c
INSTANCE NAME: abfinance_top20_ubuntu_db02
Tagging Snapshot snap-0a35cc6416417b2a4 with the following Tags: Key=CreatedBy,Value=ec2-automate-backup Key=InstanceId,Value=i-02c96aa526459387c Key=InstanceName,Value=abfinance_top20_ubuntu_db02 Key=PurgeAfterFE,Value=1493839280 Key=PurgeAllow,Value=true Key=Volume,Value=vol-0a171db3d35833a82 Key=Created,Value=1491247280
INSTANCE i-0146762d86a3f8d50
INSTANCE NAME: abfinance_lcb_production02
Tagging Snapshot snap-009df9b70504b7365 with the following Tags: Key=CreatedBy,Value=ec2-automate-backup Key=InstanceId,Value=i-0146762d86a3f8d50 Key=InstanceName,Value=abfinance_lcb_production02 Key=PurgeAfterFE,Value=1493839280 Key=PurgeAllow,Value=true Key=Volume,Value=vol-0fea562fe447a3f76 Key=Created,Value=1491247280
INSTANCE i-0146762d86a3f8d50
INSTANCE NAME: abfinance_lcb_production02
Tagging Snapshot snap-0493c000c6921fbc8 with the following Tags: Key=CreatedBy,Value=ec2-automate-backup Key=InstanceId,Value=i-0146762d86a3f8d50 Key=InstanceName,Value=abfinance_lcb_production02 Key=PurgeAfterFE,Value=1493839280 Key=PurgeAllow,Value=true Key=Volume,Value=vol-0782f08cb6f6c839c Key=Created,Value=1491247280
INSTANCE i-0c9c05c95fadfa579
INSTANCE NAME: abfinance_lcb_webview02
Tagging Snapshot snap-0d837c3ece2614691 with the following Tags: Key=CreatedBy,Value=ec2-automate-backup Key=InstanceId,Value=i-0c9c05c95fadfa579 Key=InstanceName,Value=abfinance_lcb_webview02 Key=PurgeAfterFE,Value=1493839280 Key=PurgeAllow,Value=true Key=Volume,Value=vol-093a7b55a620d4e21 Key=Created,Value=1491247280
INSTANCE i-0ddb468f7fcf6e0df
INSTANCE NAME: abfinance_lcb_sales02
Tagging Snapshot snap-0e4c795bca196631c with the following Tags: Key=CreatedBy,Value=ec2-automate-backup Key=InstanceId,Value=i-0ddb468f7fcf6e0df Key=InstanceName,Value=abfinance_lcb_sales02 Key=PurgeAfterFE,Value=1493839280 Key=PurgeAllow,Value=true Key=Volume,Value=vol-0fad69a30ba7bce0d Key=Created,Value=1491247280
INSTANCE i-0ddb468f7fcf6e0df
INSTANCE NAME: abfinance_lcb_sales02
Tagging Snapshot snap-026c6475da2c6efe3 with the following Tags: Key=CreatedBy,Value=ec2-automate-backup Key=InstanceId,Value=i-0ddb468f7fcf6e0df Key=InstanceName,Value=abfinance_lcb_sales02 Key=PurgeAfterFE,Value=1493839280 Key=PurgeAllow,Value=true Key=Volume,Value=vol-045ed94c459ff8b7f Key=Created,Value=1491247280
INSTANCE i-0b4be2bbf8b348d64
INSTANCE NAME: abfinance_lcb_webview04
Tagging Snapshot snap-0bcadc76863ac6324 with the following Tags: Key=CreatedBy,Value=ec2-automate-backup Key=InstanceId,Value=i-0b4be2bbf8b348d64 Key=InstanceName,Value=abfinance_lcb_webview04 Key=PurgeAfterFE,Value=1493839280 Key=PurgeAllow,Value=true Key=Volume,Value=vol-028cbc9a0070f9b88 Key=Created,Value=1491247280
INSTANCE i-0c9c05c95fadfa579
INSTANCE NAME: abfinance_lcb_webview02
Tagging Snapshot snap-008f8c4829fa413e9 with the following Tags: Key=CreatedBy,Value=ec2-automate-backup Key=InstanceId,Value=i-0c9c05c95fadfa579 Key=InstanceName,Value=abfinance_lcb_webview02 Key=PurgeAfterFE,Value=1493839280 Key=PurgeAllow,Value=true Key=Volume,Value=vol-0c28572672b1f140b Key=Created,Value=1491247280
INSTANCE i-0b4be2bbf8b348d64
INSTANCE NAME: abfinance_lcb_webview04
Tagging Snapshot snap-0adccb73d85d0bcc3 with the following Tags: Key=CreatedBy,Value=ec2-automate-backup Key=InstanceId,Value=i-0b4be2bbf8b348d64 Key=InstanceName,Value=abfinance_lcb_webview04 Key=PurgeAfterFE,Value=1493839280 Key=PurgeAllow,Value=true Key=Volume,Value=vol-0f31367a3565de9bf Key=Created,Value=1491247280
INSTANCE i-014a452a01f729a81
INSTANCE NAME: abfinance_nat02
Tagging Snapshot snap-0821d893e237af9a6 with the following Tags: Key=CreatedBy,Value=ec2-automate-backup Key=InstanceId,Value=i-014a452a01f729a81 Key=InstanceName,Value=abfinance_nat02 Key=PurgeAfterFE,Value=1493839280 Key=PurgeAllow,Value=true Key=Volume,Value=vol-0122877394ee0d073 Key=Created,Value=1491247280
INSTANCE i-014a452a01f729a81
INSTANCE NAME: abfinance_nat02
Tagging Snapshot snap-00c3ae6621723217e with the following Tags: Key=CreatedBy,Value=ec2-automate-backup Key=InstanceId,Value=i-014a452a01f729a81 Key=InstanceName,Value=abfinance_nat02 Key=PurgeAfterFE,Value=1493839280 Key=PurgeAllow,Value=true Key=Volume,Value=vol-0eb3627979069db71 Key=Created,Value=1491247280
INSTANCE i-0ee80a69b4f45c60e
INSTANCE NAME: abfinance_waf02
Tagging Snapshot snap-0bbd87f33478374dd with the following Tags: Key=CreatedBy,Value=ec2-automate-backup Key=InstanceId,Value=i-0ee80a69b4f45c60e Key=InstanceName,Value=abfinance_waf02 Key=PurgeAfterFE,Value=1493839280 Key=PurgeAllow,Value=true Key=Volume,Value=vol-042db02546c7bbc0f Key=Created,Value=1491247280
INSTANCE i-0ee80a69b4f45c60e
INSTANCE NAME: abfinance_waf02
Tagging Snapshot snap-072a24a579db57abd with the following Tags: Key=CreatedBy,Value=ec2-automate-backup Key=InstanceId,Value=i-0ee80a69b4f45c60e Key=InstanceName,Value=abfinance_waf02 Key=PurgeAfterFE,Value=1493839280 Key=PurgeAllow,Value=true Key=Volume,Value=vol-0b023adea7ec39f41 Key=Created,Value=1491247280
INSTANCE i-0ee80a69b4f45c60e
INSTANCE NAME: abfinance_waf02
Tagging Snapshot snap-0ba91f4f9109d5735 with the following Tags: Key=CreatedBy,Value=ec2-automate-backup Key=InstanceId,Value=i-0ee80a69b4f45c60e Key=InstanceName,Value=abfinance_waf02 Key=PurgeAfterFE,Value=1493839280 Key=PurgeAllow,Value=true Key=Volume,Value=vol-02480e8655b6a38b6 Key=Created,Value=1491247280
INSTANCE i-0a035c9fe74e932da
INSTANCE NAME: abfinance_top20_ubuntu_app02
Tagging Snapshot snap-006494121b9f37c00 with the following Tags: Key=CreatedBy,Value=ec2-automate-backup Key=InstanceId,Value=i-0a035c9fe74e932da Key=InstanceName,Value=abfinance_top20_ubuntu_app02 Key=PurgeAfterFE,Value=1493839280 Key=PurgeAllow,Value=true Key=Volume,Value=vol-0833a0ce5b2b225bf Key=Created,Value=1491247280
INSTANCE i-0e7b41ca87688f980
INSTANCE NAME: abfinance_95569_appcl04
Tagging Snapshot snap-0128973ead591b118 with the following Tags: Key=CreatedBy,Value=ec2-automate-backup Key=InstanceId,Value=i-0e7b41ca87688f980 Key=InstanceName,Value=abfinance_95569_appcl04 Key=PurgeAfterFE,Value=1493839280 Key=PurgeAllow,Value=true Key=Volume,Value=vol-09962699c969ead77 Key=Created,Value=1491247280
INSTANCE i-00a8d0c18aa729b40
INSTANCE NAME: abfinance_95569_appcl02
Tagging Snapshot snap-0ded1ff5d442bfa23 with the following Tags: Key=CreatedBy,Value=ec2-automate-backup Key=InstanceId,Value=i-00a8d0c18aa729b40 Key=InstanceName,Value=abfinance_95569_appcl02 Key=PurgeAfterFE,Value=1493839280 Key=PurgeAllow,Value=true Key=Volume,Value=vol-0e1b1051e7f20c3af Key=Created,Value=1491247280
INSTANCE i-04231f43893c2cbce
INSTANCE NAME: abfinance_95569_appcl06
Tagging Snapshot snap-0730d55b9666310c0 with the following Tags: Key=CreatedBy,Value=ec2-automate-backup Key=InstanceId,Value=i-04231f43893c2cbce Key=InstanceName,Value=abfinance_95569_appcl06 Key=PurgeAfterFE,Value=1493839280 Key=PurgeAllow,Value=true Key=Volume,Value=vol-085a1ef336f7f37d6 Key=Created,Value=1491247280
INSTANCE i-0b1524c7e08ea3c00
INSTANCE NAME: abfinance_95569_appcl08
Tagging Snapshot snap-01f2f514114a4e647 with the following Tags: Key=CreatedBy,Value=ec2-automate-backup Key=InstanceId,Value=i-0b1524c7e08ea3c00 Key=InstanceName,Value=abfinance_95569_appcl08 Key=PurgeAfterFE,Value=1493839280 Key=PurgeAllow,Value=true Key=Volume,Value=vol-0fcddf0f0e57da7e4 Key=Created,Value=1491247280
INSTANCE i-00a8d0c18aa729b40
INSTANCE NAME: abfinance_95569_appcl02
Tagging Snapshot snap-029a7a618cfcb83cc with the following Tags: Key=CreatedBy,Value=ec2-automate-backup Key=InstanceId,Value=i-00a8d0c18aa729b40 Key=InstanceName,Value=abfinance_95569_appcl02 Key=PurgeAfterFE,Value=1493839280 Key=PurgeAllow,Value=true Key=Volume,Value=vol-075d9ef6aede855d6 Key=Created,Value=1491247280
INSTANCE i-04231f43893c2cbce
INSTANCE NAME: abfinance_95569_appcl06
Tagging Snapshot snap-0fbf58aa43395321b with the following Tags: Key=CreatedBy,Value=ec2-automate-backup Key=InstanceId,Value=i-04231f43893c2cbce Key=InstanceName,Value=abfinance_95569_appcl06 Key=PurgeAfterFE,Value=1493839280 Key=PurgeAllow,Value=true Key=Volume,Value=vol-0ccee881fd83794ed Key=Created,Value=1491247280
INSTANCE i-0b1524c7e08ea3c00
INSTANCE NAME: abfinance_95569_appcl08
Tagging Snapshot snap-02ea4de98f4e4d830 with the following Tags: Key=CreatedBy,Value=ec2-automate-backup Key=InstanceId,Value=i-0b1524c7e08ea3c00 Key=InstanceName,Value=abfinance_95569_appcl08 Key=PurgeAfterFE,Value=1493839280 Key=PurgeAllow,Value=true Key=Volume,Value=vol-093abd967cc7d7974 Key=Created,Value=1491247280
INSTANCE i-0e7b41ca87688f980
INSTANCE NAME: abfinance_95569_appcl04
Tagging Snapshot snap-09848315eb803b120 with the following Tags: Key=CreatedBy,Value=ec2-automate-backup Key=InstanceId,Value=i-0e7b41ca87688f980 Key=InstanceName,Value=abfinance_95569_appcl04 Key=PurgeAfterFE,Value=1493839280 Key=PurgeAllow,Value=true Key=Volume,Value=vol-0e39f2b3cde217b99 Key=Created,Value=1491247280
INSTANCE i-07a3a15c9f6feeb46
INSTANCE NAME: test_abfinance_nat02
Tagging Snapshot snap-0911a47505ffcf7e1 with the following Tags: Key=CreatedBy,Value=ec2-automate-backup Key=InstanceId,Value=i-07a3a15c9f6feeb46 Key=InstanceName,Value=test_abfinance_nat02 Key=PurgeAfterFE,Value=1493839280 Key=PurgeAllow,Value=true Key=Volume,Value=vol-01ab7d41e5b31850a Key=Created,Value=1491247280
INSTANCE i-07a3a15c9f6feeb46
INSTANCE NAME: test_abfinance_nat02
Tagging Snapshot snap-0a2472b0f16ead294 with the following Tags: Key=CreatedBy,Value=ec2-automate-backup Key=InstanceId,Value=i-07a3a15c9f6feeb46 Key=InstanceName,Value=test_abfinance_nat02 Key=PurgeAfterFE,Value=1493839280 Key=PurgeAllow,Value=true Key=Volume,Value=vol-0d82762847b8c1626 Key=Created,Value=1491247280
INSTANCE i-0961c1eaf8cb6e3e2
INSTANCE NAME: abfinance_top20_ubuntu_app07
Tagging Snapshot snap-067f251e69fa495b7 with the following Tags: Key=CreatedBy,Value=ec2-automate-backup Key=InstanceId,Value=i-0961c1eaf8cb6e3e2 Key=InstanceName,Value=abfinance_top20_ubuntu_app07 Key=PurgeAfterFE,Value=1493839280 Key=PurgeAllow,Value=true Key=Volume,Value=vol-01c97cbcabbffd2f6 Key=Created,Value=1491247280
INSTANCE i-08622f22307f9b3dc
INSTANCE NAME: abfinance_top20_ubuntu_app08
Tagging Snapshot snap-0815398587eb3d000 with the following Tags: Key=CreatedBy,Value=ec2-automate-backup Key=InstanceId,Value=i-08622f22307f9b3dc Key=InstanceName,Value=abfinance_top20_ubuntu_app08 Key=PurgeAfterFE,Value=1493839280 Key=PurgeAllow,Value=true Key=Volume,Value=vol-0007abc804d169613 Key=Created,Value=1491247280
INSTANCE i-0961c1eaf8cb6e3e2
INSTANCE NAME: abfinance_top20_ubuntu_app07
Tagging Snapshot snap-058b892abeddb9e7a with the following Tags: Key=CreatedBy,Value=ec2-automate-backup Key=InstanceId,Value=i-0961c1eaf8cb6e3e2 Key=InstanceName,Value=abfinance_top20_ubuntu_app07 Key=PurgeAfterFE,Value=1493839280 Key=PurgeAllow,Value=true Key=Volume,Value=vol-0b0833a63623e27fd Key=Created,Value=1491247280
INSTANCE i-0961c1eaf8cb6e3e2
INSTANCE NAME: abfinance_top20_ubuntu_app07
Tagging Snapshot snap-0de8d924502eaa0fb with the following Tags: Key=CreatedBy,Value=ec2-automate-backup Key=InstanceId,Value=i-0961c1eaf8cb6e3e2 Key=InstanceName,Value=abfinance_top20_ubuntu_app07 Key=PurgeAfterFE,Value=1493839280 Key=PurgeAllow,Value=true Key=Volume,Value=vol-034ac121f027aee3d Key=Created,Value=1491247280
INSTANCE i-047407af8e70e5586
INSTANCE NAME: abfinance_top20_ubuntu_app09
Tagging Snapshot snap-07ffd42db59227148 with the following Tags: Key=CreatedBy,Value=ec2-automate-backup Key=InstanceId,Value=i-047407af8e70e5586 Key=InstanceName,Value=abfinance_top20_ubuntu_app09 Key=PurgeAfterFE,Value=1493839280 Key=PurgeAllow,Value=true Key=Volume,Value=vol-020dc1f08a4d59a28 Key=Created,Value=1491247280
INSTANCE i-047407af8e70e5586
INSTANCE NAME: abfinance_top20_ubuntu_app09
Tagging Snapshot snap-0e2923f14f85ccc42 with the following Tags: Key=CreatedBy,Value=ec2-automate-backup Key=InstanceId,Value=i-047407af8e70e5586 Key=InstanceName,Value=abfinance_top20_ubuntu_app09 Key=PurgeAfterFE,Value=1493839280 Key=PurgeAllow,Value=true Key=Volume,Value=vol-0661fcbcb7fca8736 Key=Created,Value=1491247280
INSTANCE i-08622f22307f9b3dc
INSTANCE NAME: abfinance_top20_ubuntu_app08
Tagging Snapshot snap-0d704d1ca125433c4 with the following Tags: Key=CreatedBy,Value=ec2-automate-backup Key=InstanceId,Value=i-08622f22307f9b3dc Key=InstanceName,Value=abfinance_top20_ubuntu_app08 Key=PurgeAfterFE,Value=1493839280 Key=PurgeAllow,Value=true Key=Volume,Value=vol-0e2d6cd9d5d987918 Key=Created,Value=1491247280
INSTANCE i-047407af8e70e5586
INSTANCE NAME: abfinance_top20_ubuntu_app09
Tagging Snapshot snap-0ed8e03f95772eee6 with the following Tags: Key=CreatedBy,Value=ec2-automate-backup Key=InstanceId,Value=i-047407af8e70e5586 Key=InstanceName,Value=abfinance_top20_ubuntu_app09 Key=PurgeAfterFE,Value=1493839280 Key=PurgeAllow,Value=true Key=Volume,Value=vol-034bf0cd673d73b04 Key=Created,Value=1491247280
INSTANCE i-0961c1eaf8cb6e3e2
INSTANCE NAME: abfinance_top20_ubuntu_app07
Tagging Snapshot snap-01e6d24352727107a with the following Tags: Key=CreatedBy,Value=ec2-automate-backup Key=InstanceId,Value=i-0961c1eaf8cb6e3e2 Key=InstanceName,Value=abfinance_top20_ubuntu_app07 Key=PurgeAfterFE,Value=1493839280 Key=PurgeAllow,Value=true Key=Volume,Value=vol-014f16614cd6e4f09 Key=Created,Value=1491247280
INSTANCE i-08622f22307f9b3dc
INSTANCE NAME: abfinance_top20_ubuntu_app08
Tagging Snapshot snap-06811ecfcd137bd03 with the following Tags: Key=CreatedBy,Value=ec2-automate-backup Key=InstanceId,Value=i-08622f22307f9b3dc Key=InstanceName,Value=abfinance_top20_ubuntu_app08 Key=PurgeAfterFE,Value=1493839280 Key=PurgeAllow,Value=true Key=Volume,Value=vol-0e98d92b5a271e0c1 Key=Created,Value=1491247280
INSTANCE i-047407af8e70e5586
INSTANCE NAME: abfinance_top20_ubuntu_app09
Tagging Snapshot snap-07ca538df1c474f45 with the following Tags: Key=CreatedBy,Value=ec2-automate-backup Key=InstanceId,Value=i-047407af8e70e5586 Key=InstanceName,Value=abfinance_top20_ubuntu_app09 Key=PurgeAfterFE,Value=1493839280 Key=PurgeAllow,Value=true Key=Volume,Value=vol-0fdd1c6ac89f46341 Key=Created,Value=1491247280
INSTANCE i-08622f22307f9b3dc
INSTANCE NAME: abfinance_top20_ubuntu_app08
Tagging Snapshot snap-050b1b00493821b66 with the following Tags: Key=CreatedBy,Value=ec2-automate-backup Key=InstanceId,Value=i-08622f22307f9b3dc Key=InstanceName,Value=abfinance_top20_ubuntu_app08 Key=PurgeAfterFE,Value=1493839280 Key=PurgeAllow,Value=true Key=Volume,Value=vol-09bb75d16f9d1bb61 Key=Created,Value=1491247280
INSTANCE i-0bcd22592948a3bc8
INSTANCE NAME: abfinance_95569_app141
Tagging Snapshot snap-01d856dace5ba0175 with the following Tags: Key=CreatedBy,Value=ec2-automate-backup Key=InstanceId,Value=i-0bcd22592948a3bc8 Key=InstanceName,Value=abfinance_95569_app141 Key=PurgeAfterFE,Value=1493839280 Key=PurgeAllow,Value=true Key=Volume,Value=vol-018e795cdbb9f839f Key=Created,Value=1491247280
INSTANCE i-0bcd22592948a3bc8
INSTANCE NAME: abfinance_95569_app141
Tagging Snapshot snap-005e08f971cd696b4 with the following Tags: Key=CreatedBy,Value=ec2-automate-backup Key=InstanceId,Value=i-0bcd22592948a3bc8 Key=InstanceName,Value=abfinance_95569_app141 Key=PurgeAfterFE,Value=1493839280 Key=PurgeAllow,Value=true Key=Volume,Value=vol-086aba265d94e61b4 Key=Created,Value=1491247280
INSTANCE i-03b57928616a8d119
INSTANCE NAME: abfinance_95569_app11
Tagging Snapshot snap-00ef6fc08480d01ed with the following Tags: Key=CreatedBy,Value=ec2-automate-backup Key=InstanceId,Value=i-03b57928616a8d119 Key=InstanceName,Value=abfinance_95569_app11 Key=PurgeAfterFE,Value=1493839280 Key=PurgeAllow,Value=true Key=Volume,Value=vol-00a4d8cc657fd095f Key=Created,Value=1491247280
INSTANCE i-09c114c3c67ac2768
INSTANCE NAME: abfinance_95569_app15
Tagging Snapshot snap-0e0f86964fcb8ded3 with the following Tags: Key=CreatedBy,Value=ec2-automate-backup Key=InstanceId,Value=i-09c114c3c67ac2768 Key=InstanceName,Value=abfinance_95569_app15 Key=PurgeAfterFE,Value=1493839280 Key=PurgeAllow,Value=true Key=Volume,Value=vol-0dc2b205ff3e0db9f Key=Created,Value=1491247280
INSTANCE i-09c114c3c67ac2768
INSTANCE NAME: abfinance_95569_app15
Tagging Snapshot snap-03a69bdbfa63fbb4a with the following Tags: Key=CreatedBy,Value=ec2-automate-backup Key=InstanceId,Value=i-09c114c3c67ac2768 Key=InstanceName,Value=abfinance_95569_app15 Key=PurgeAfterFE,Value=1493839280 Key=PurgeAllow,Value=true Key=Volume,Value=vol-0603570eb189be1e3 Key=Created,Value=1491247280
INSTANCE i-0a5f15688eacd2e3e
INSTANCE NAME: abfinance_95569_app13
Tagging Snapshot snap-00d70e61a38f3176b with the following Tags: Key=CreatedBy,Value=ec2-automate-backup Key=InstanceId,Value=i-0a5f15688eacd2e3e Key=InstanceName,Value=abfinance_95569_app13 Key=PurgeAfterFE,Value=1493839280 Key=PurgeAllow,Value=true Key=Volume,Value=vol-02298d3eaf4ba7281 Key=Created,Value=1491247280
INSTANCE i-0a5f15688eacd2e3e
INSTANCE NAME: abfinance_95569_app13
Tagging Snapshot snap-0e991875d5c64fdfe with the following Tags: Key=CreatedBy,Value=ec2-automate-backup Key=InstanceId,Value=i-0a5f15688eacd2e3e Key=InstanceName,Value=abfinance_95569_app13 Key=PurgeAfterFE,Value=1493839280 Key=PurgeAllow,Value=true Key=Volume,Value=vol-0785e6333055e6365 Key=Created,Value=1491247280
INSTANCE i-0f0c674e5b6788a2c
INSTANCE NAME: abfinance_95569_app19
Tagging Snapshot snap-0a8da6992298ce271 with the following Tags: Key=CreatedBy,Value=ec2-automate-backup Key=InstanceId,Value=i-0f0c674e5b6788a2c Key=InstanceName,Value=abfinance_95569_app19 Key=PurgeAfterFE,Value=1493839280 Key=PurgeAllow,Value=true Key=Volume,Value=vol-06b68df3e57d2e58d Key=Created,Value=1491247280
INSTANCE i-0f0c674e5b6788a2c
INSTANCE NAME: abfinance_95569_app19
Tagging Snapshot snap-0e34cd43677aeb789 with the following Tags: Key=CreatedBy,Value=ec2-automate-backup Key=InstanceId,Value=i-0f0c674e5b6788a2c Key=InstanceName,Value=abfinance_95569_app19 Key=PurgeAfterFE,Value=1493839280 Key=PurgeAllow,Value=true Key=Volume,Value=vol-0851a9c76d4ea078c Key=Created,Value=1491247280
INSTANCE i-0a411a0ef749f4cf1
INSTANCE NAME: abfinance_95569_app21
Tagging Snapshot snap-0ea73f231901134ba with the following Tags: Key=CreatedBy,Value=ec2-automate-backup Key=InstanceId,Value=i-0a411a0ef749f4cf1 Key=InstanceName,Value=abfinance_95569_app21 Key=PurgeAfterFE,Value=1493839280 Key=PurgeAllow,Value=true Key=Volume,Value=vol-0c3d605f9052074d8 Key=Created,Value=1491247280
INSTANCE i-0a411a0ef749f4cf1
INSTANCE NAME: abfinance_95569_app21
Tagging Snapshot snap-0c8cc13fdc5144c67 with the following Tags: Key=CreatedBy,Value=ec2-automate-backup Key=InstanceId,Value=i-0a411a0ef749f4cf1 Key=InstanceName,Value=abfinance_95569_app21 Key=PurgeAfterFE,Value=1493839280 Key=PurgeAllow,Value=true Key=Volume,Value=vol-0310bf0152a386a1f Key=Created,Value=1491247280
INSTANCE i-0d5e1e43bf386d202
INSTANCE NAME: abfinance_95569_app23
Tagging Snapshot snap-092c556ca7433ab87 with the following Tags: Key=CreatedBy,Value=ec2-automate-backup Key=InstanceId,Value=i-0d5e1e43bf386d202 Key=InstanceName,Value=abfinance_95569_app23 Key=PurgeAfterFE,Value=1493839280 Key=PurgeAllow,Value=true Key=Volume,Value=vol-0f81b4a366156ec4e Key=Created,Value=1491247280
INSTANCE i-0d5e1e43bf386d202
INSTANCE NAME: abfinance_95569_app23
Tagging Snapshot snap-0731ecb62203981fe with the following Tags: Key=CreatedBy,Value=ec2-automate-backup Key=InstanceId,Value=i-0d5e1e43bf386d202 Key=InstanceName,Value=abfinance_95569_app23 Key=PurgeAfterFE,Value=1493839280 Key=PurgeAllow,Value=true Key=Volume,Value=vol-0111d7f26ad53c4cb Key=Created,Value=1491247280
INSTANCE i-0eb8007a14e67dab2
INSTANCE NAME: abfinance_95569_app27
Tagging Snapshot snap-02aa813a1621222d6 with the following Tags: Key=CreatedBy,Value=ec2-automate-backup Key=InstanceId,Value=i-0eb8007a14e67dab2 Key=InstanceName,Value=abfinance_95569_app27 Key=PurgeAfterFE,Value=1493839280 Key=PurgeAllow,Value=true Key=Volume,Value=vol-03525070f4c814961 Key=Created,Value=1491247280
INSTANCE i-07edbc122c6a6ac80
INSTANCE NAME: abfinance_95569_app17
Tagging Snapshot snap-0dd615bccd6890a71 with the following Tags: Key=CreatedBy,Value=ec2-automate-backup Key=InstanceId,Value=i-07edbc122c6a6ac80 Key=InstanceName,Value=abfinance_95569_app17 Key=PurgeAfterFE,Value=1493839280 Key=PurgeAllow,Value=true Key=Volume,Value=vol-04e6264745822f286 Key=Created,Value=1491247280
INSTANCE i-03b57928616a8d119
INSTANCE NAME: abfinance_95569_app11
Tagging Snapshot snap-00ea64148bb2c2311 with the following Tags: Key=CreatedBy,Value=ec2-automate-backup Key=InstanceId,Value=i-03b57928616a8d119 Key=InstanceName,Value=abfinance_95569_app11 Key=PurgeAfterFE,Value=1493839280 Key=PurgeAllow,Value=true Key=Volume,Value=vol-004d8faa59c222aa5 Key=Created,Value=1491247280
INSTANCE i-07edbc122c6a6ac80
INSTANCE NAME: abfinance_95569_app17
Tagging Snapshot snap-02eff8d7683621d37 with the following Tags: Key=CreatedBy,Value=ec2-automate-backup Key=InstanceId,Value=i-07edbc122c6a6ac80 Key=InstanceName,Value=abfinance_95569_app17 Key=PurgeAfterFE,Value=1493839280 Key=PurgeAllow,Value=true Key=Volume,Value=vol-01b2522c2d2534299 Key=Created,Value=1491247280
INSTANCE i-07728f7b5bfbf498e
INSTANCE NAME: abfinance_95569_app25
Tagging Snapshot snap-085ca2110a9e8eb28 with the following Tags: Key=CreatedBy,Value=ec2-automate-backup Key=InstanceId,Value=i-07728f7b5bfbf498e Key=InstanceName,Value=abfinance_95569_app25 Key=PurgeAfterFE,Value=1493839280 Key=PurgeAllow,Value=true Key=Volume,Value=vol-04b5c2f0495b27c68 Key=Created,Value=1491247280
INSTANCE i-0eb8007a14e67dab2
INSTANCE NAME: abfinance_95569_app27
Tagging Snapshot snap-0bb966aedb2718e71 with the following Tags: Key=CreatedBy,Value=ec2-automate-backup Key=InstanceId,Value=i-0eb8007a14e67dab2 Key=InstanceName,Value=abfinance_95569_app27 Key=PurgeAfterFE,Value=1493839280 Key=PurgeAllow,Value=true Key=Volume,Value=vol-0dcf38ce3ae3a060a Key=Created,Value=1491247280
INSTANCE i-07728f7b5bfbf498e
INSTANCE NAME: abfinance_95569_app25
Tagging Snapshot snap-095de0f91a8a5e808 with the following Tags: Key=CreatedBy,Value=ec2-automate-backup Key=InstanceId,Value=i-07728f7b5bfbf498e Key=InstanceName,Value=abfinance_95569_app25 Key=PurgeAfterFE,Value=1493839280 Key=PurgeAllow,Value=true Key=Volume,Value=vol-0200a88c02cfb804d Key=Created,Value=1491247280
INSTANCE i-0257be16b51727274
INSTANCE NAME: abfinance_95569_app01
Tagging Snapshot snap-0712fe0bf3239ad0c with the following Tags: Key=CreatedBy,Value=ec2-automate-backup Key=InstanceId,Value=i-0257be16b51727274 Key=InstanceName,Value=abfinance_95569_app01 Key=PurgeAfterFE,Value=1493839280 Key=PurgeAllow,Value=true Key=Volume,Value=vol-09653c9b7d7cc8b5a Key=Created,Value=1491247280
INSTANCE i-00737f9ceeaad86d1
INSTANCE NAME: abfinance_95569_app03
Tagging Snapshot snap-0778b102753a07713 with the following Tags: Key=CreatedBy,Value=ec2-automate-backup Key=InstanceId,Value=i-00737f9ceeaad86d1 Key=InstanceName,Value=abfinance_95569_app03 Key=PurgeAfterFE,Value=1493839280 Key=PurgeAllow,Value=true Key=Volume,Value=vol-0d4af25a0758d6113 Key=Created,Value=1491247280
INSTANCE i-00737f9ceeaad86d1
INSTANCE NAME: abfinance_95569_app03
Tagging Snapshot snap-0f353923c8094b48a with the following Tags: Key=CreatedBy,Value=ec2-automate-backup Key=InstanceId,Value=i-00737f9ceeaad86d1 Key=InstanceName,Value=abfinance_95569_app03 Key=PurgeAfterFE,Value=1493839280 Key=PurgeAllow,Value=true Key=Volume,Value=vol-08c55b678a9fff5df Key=Created,Value=1491247280
INSTANCE i-0723ff9b3e8e40be7
INSTANCE NAME: abfinance_95569_app37
Tagging Snapshot snap-0e2cf6897c0384ce1 with the following Tags: Key=CreatedBy,Value=ec2-automate-backup Key=InstanceId,Value=i-0723ff9b3e8e40be7 Key=InstanceName,Value=abfinance_95569_app37 Key=PurgeAfterFE,Value=1493839280 Key=PurgeAllow,Value=true Key=Volume,Value=vol-0281762adebc253ea Key=Created,Value=1491247280
INSTANCE i-0257be16b51727274
INSTANCE NAME: abfinance_95569_app01
Tagging Snapshot snap-03f10bc145a2e2aa5 with the following Tags: Key=CreatedBy,Value=ec2-automate-backup Key=InstanceId,Value=i-0257be16b51727274 Key=InstanceName,Value=abfinance_95569_app01 Key=PurgeAfterFE,Value=1493839280 Key=PurgeAllow,Value=true Key=Volume,Value=vol-0d8e0588b2630dc6f Key=Created,Value=1491247280
INSTANCE i-0723ff9b3e8e40be7
INSTANCE NAME: abfinance_95569_app37
Tagging Snapshot snap-057bea0cec4bb5030 with the following Tags: Key=CreatedBy,Value=ec2-automate-backup Key=InstanceId,Value=i-0723ff9b3e8e40be7 Key=InstanceName,Value=abfinance_95569_app37 Key=PurgeAfterFE,Value=1493839280 Key=PurgeAllow,Value=true Key=Volume,Value=vol-0b7b3d56950413d9b Key=Created,Value=1491247280
INSTANCE i-0f705ab54239a1f52
INSTANCE NAME: abfinance_95569_qyyxapp05
Tagging Snapshot snap-0d383d9509fcc197b with the following Tags: Key=CreatedBy,Value=ec2-automate-backup Key=InstanceId,Value=i-0f705ab54239a1f52 Key=InstanceName,Value=abfinance_95569_qyyxapp05 Key=PurgeAfterFE,Value=1493839280 Key=PurgeAllow,Value=true Key=Volume,Value=vol-09d6b1837b615adf0 Key=Created,Value=1491247280
INSTANCE i-04a60b0759f7eb2ac
INSTANCE NAME: abfinance_95569_qyyxapp01
Tagging Snapshot snap-0412a3226f2b7810d with the following Tags: Key=CreatedBy,Value=ec2-automate-backup Key=InstanceId,Value=i-04a60b0759f7eb2ac Key=InstanceName,Value=abfinance_95569_qyyxapp01 Key=PurgeAfterFE,Value=1493839280 Key=PurgeAllow,Value=true Key=Volume,Value=vol-0ab00cc4b064066fb Key=Created,Value=1491247280
INSTANCE i-0f705ab54239a1f52
INSTANCE NAME: abfinance_95569_qyyxapp05
Tagging Snapshot snap-0497bcccfcaa54fef with the following Tags: Key=CreatedBy,Value=ec2-automate-backup Key=InstanceId,Value=i-0f705ab54239a1f52 Key=InstanceName,Value=abfinance_95569_qyyxapp05 Key=PurgeAfterFE,Value=1493839280 Key=PurgeAllow,Value=true Key=Volume,Value=vol-0b8edb31bd17a1ded Key=Created,Value=1491247280
INSTANCE i-04a60b0759f7eb2ac
INSTANCE NAME: abfinance_95569_qyyxapp01
Tagging Snapshot snap-0d1fef5aceceab55e with the following Tags: Key=CreatedBy,Value=ec2-automate-backup Key=InstanceId,Value=i-04a60b0759f7eb2ac Key=InstanceName,Value=abfinance_95569_qyyxapp01 Key=PurgeAfterFE,Value=1493839280 Key=PurgeAllow,Value=true Key=Volume,Value=vol-0966ecafbcd12b336 Key=Created,Value=1491247280
INSTANCE i-00a83f954cf74b49c
INSTANCE NAME: abfinance_top20_ubuntu_db01
Tagging Snapshot snap-03bc69b5c569130b5 with the following Tags: Key=CreatedBy,Value=ec2-automate-backup Key=InstanceId,Value=i-00a83f954cf74b49c Key=InstanceName,Value=abfinance_top20_ubuntu_db01 Key=PurgeAfterFE,Value=1493839280 Key=PurgeAllow,Value=true Key=Volume,Value=vol-00650e414cf107b17 Key=Created,Value=1491247280
INSTANCE i-0c216734d128c6375
INSTANCE NAME: abfinance_top20_ubuntu_app03
Tagging Snapshot snap-094a4d778a739a7d1 with the following Tags: Key=CreatedBy,Value=ec2-automate-backup Key=InstanceId,Value=i-0c216734d128c6375 Key=InstanceName,Value=abfinance_top20_ubuntu_app03 Key=PurgeAfterFE,Value=1493839280 Key=PurgeAllow,Value=true Key=Volume,Value=vol-0f763f4259c95c9b5 Key=Created,Value=1491247280
INSTANCE i-0c216734d128c6375
INSTANCE NAME: abfinance_top20_ubuntu_app03
Tagging Snapshot snap-03b1b03c260d7792e with the following Tags: Key=CreatedBy,Value=ec2-automate-backup Key=InstanceId,Value=i-0c216734d128c6375 Key=InstanceName,Value=abfinance_top20_ubuntu_app03 Key=PurgeAfterFE,Value=1493839280 Key=PurgeAllow,Value=true Key=Volume,Value=vol-0cd52f41e2b7d8e0a Key=Created,Value=1491247280
INSTANCE i-00a83f954cf74b49c
INSTANCE NAME: abfinance_top20_ubuntu_db01
Tagging Snapshot snap-0dc6fbab00433d79e with the following Tags: Key=CreatedBy,Value=ec2-automate-backup Key=InstanceId,Value=i-00a83f954cf74b49c Key=InstanceName,Value=abfinance_top20_ubuntu_db01 Key=PurgeAfterFE,Value=1493839280 Key=PurgeAllow,Value=true Key=Volume,Value=vol-02af501b13bf54b0e Key=Created,Value=1491247280
INSTANCE i-00a83f954cf74b49c
INSTANCE NAME: abfinance_top20_ubuntu_db01
Tagging Snapshot snap-0305f354f1e6425f6 with the following Tags: Key=CreatedBy,Value=ec2-automate-backup Key=InstanceId,Value=i-00a83f954cf74b49c Key=InstanceName,Value=abfinance_top20_ubuntu_db01 Key=PurgeAfterFE,Value=1493839280 Key=PurgeAllow,Value=true Key=Volume,Value=vol-0bee7854c001f0356 Key=Created,Value=1491247280
INSTANCE i-0c216734d128c6375
INSTANCE NAME: abfinance_top20_ubuntu_app03
Tagging Snapshot snap-0a636ec1f7aa70cd1 with the following Tags: Key=CreatedBy,Value=ec2-automate-backup Key=InstanceId,Value=i-0c216734d128c6375 Key=InstanceName,Value=abfinance_top20_ubuntu_app03 Key=PurgeAfterFE,Value=1493839280 Key=PurgeAllow,Value=true Key=Volume,Value=vol-0cc56bc37e58a69f8 Key=Created,Value=1491247280
INSTANCE i-0c216734d128c6375
INSTANCE NAME: abfinance_top20_ubuntu_app03
Tagging Snapshot snap-090e26dff02973ae3 with the following Tags: Key=CreatedBy,Value=ec2-automate-backup Key=InstanceId,Value=i-0c216734d128c6375 Key=InstanceName,Value=abfinance_top20_ubuntu_app03 Key=PurgeAfterFE,Value=1493839280 Key=PurgeAllow,Value=true Key=Volume,Value=vol-07fdebcf5a0e444be Key=Created,Value=1491247280
INSTANCE i-00a83f954cf74b49c
INSTANCE NAME: abfinance_top20_ubuntu_db01
Tagging Snapshot snap-08b0d0d9b3e4d11d8 with the following Tags: Key=CreatedBy,Value=ec2-automate-backup Key=InstanceId,Value=i-00a83f954cf74b49c Key=InstanceName,Value=abfinance_top20_ubuntu_db01 Key=PurgeAfterFE,Value=1493839280 Key=PurgeAllow,Value=true Key=Volume,Value=vol-0689fe07556ce52b6 Key=Created,Value=1491247280
INSTANCE i-00a83f954cf74b49c
INSTANCE NAME: abfinance_top20_ubuntu_db01
Tagging Snapshot snap-0560e98f907f1dd6a with the following Tags: Key=CreatedBy,Value=ec2-automate-backup Key=InstanceId,Value=i-00a83f954cf74b49c Key=InstanceName,Value=abfinance_top20_ubuntu_db01 Key=PurgeAfterFE,Value=1493839280 Key=PurgeAllow,Value=true Key=Volume,Value=vol-06d9a2487a760806c Key=Created,Value=1491247280
INSTANCE i-084540b57e4187648
INSTANCE NAME: abfinance_fileshare01
Tagging Snapshot snap-07bdafd3c63dc201c with the following Tags: Key=CreatedBy,Value=ec2-automate-backup Key=InstanceId,Value=i-084540b57e4187648 Key=InstanceName,Value=abfinance_fileshare01 Key=PurgeAfterFE,Value=1493839280 Key=PurgeAllow,Value=true Key=Volume,Value=vol-0fabf5c1d62646d8a Key=Created,Value=1491247280
INSTANCE i-084540b57e4187648
INSTANCE NAME: abfinance_fileshare01
Tagging Snapshot snap-01640f915d3329e46 with the following Tags: Key=CreatedBy,Value=ec2-automate-backup Key=InstanceId,Value=i-084540b57e4187648 Key=InstanceName,Value=abfinance_fileshare01 Key=PurgeAfterFE,Value=1493839280 Key=PurgeAllow,Value=true Key=Volume,Value=vol-03e0f7adfeb97a6d9 Key=Created,Value=1491247280
INSTANCE i-009d3dba5cea1a5fd
INSTANCE NAME: abfinance_lcb_admin01
Tagging Snapshot snap-0361d9512bcc854da with the following Tags: Key=CreatedBy,Value=ec2-automate-backup Key=InstanceId,Value=i-009d3dba5cea1a5fd Key=InstanceName,Value=abfinance_lcb_admin01 Key=PurgeAfterFE,Value=1493839280 Key=PurgeAllow,Value=true Key=Volume,Value=vol-08e53cbca7fc7d50f Key=Created,Value=1491247280
INSTANCE i-009d3dba5cea1a5fd
INSTANCE NAME: abfinance_lcb_admin01
Tagging Snapshot snap-046ceaa32b0f5990c with the following Tags: Key=CreatedBy,Value=ec2-automate-backup Key=InstanceId,Value=i-009d3dba5cea1a5fd Key=InstanceName,Value=abfinance_lcb_admin01 Key=PurgeAfterFE,Value=1493839280 Key=PurgeAllow,Value=true Key=Volume,Value=vol-070270ceedb98dca2 Key=Created,Value=1491247280
INSTANCE i-0c692d9224afa0bfa
INSTANCE NAME: abfinance_lcb_production01
Tagging Snapshot snap-0024147cbac27fc22 with the following Tags: Key=CreatedBy,Value=ec2-automate-backup Key=InstanceId,Value=i-0c692d9224afa0bfa Key=InstanceName,Value=abfinance_lcb_production01 Key=PurgeAfterFE,Value=1493839280 Key=PurgeAllow,Value=true Key=Volume,Value=vol-03b3d8c0e1cadf8c1 Key=Created,Value=1491247280
INSTANCE i-0e36e12e65d6b4a4e
INSTANCE NAME: abfinance_lcb_sales01
Tagging Snapshot snap-03792026b91347361 with the following Tags: Key=CreatedBy,Value=ec2-automate-backup Key=InstanceId,Value=i-0e36e12e65d6b4a4e Key=InstanceName,Value=abfinance_lcb_sales01 Key=PurgeAfterFE,Value=1493839280 Key=PurgeAllow,Value=true Key=Volume,Value=vol-08e5740f9ae393ab6 Key=Created,Value=1491247280
INSTANCE i-0c692d9224afa0bfa
INSTANCE NAME: abfinance_lcb_production01
Tagging Snapshot snap-07c4dacbc57325459 with the following Tags: Key=CreatedBy,Value=ec2-automate-backup Key=InstanceId,Value=i-0c692d9224afa0bfa Key=InstanceName,Value=abfinance_lcb_production01 Key=PurgeAfterFE,Value=1493839280 Key=PurgeAllow,Value=true Key=Volume,Value=vol-0734128d6832a8b05 Key=Created,Value=1491247280
INSTANCE i-09c2eabe897e928a7
INSTANCE NAME: abfinance_lcb_webview01
Tagging Snapshot snap-0e69c0ebae103892d with the following Tags: Key=CreatedBy,Value=ec2-automate-backup Key=InstanceId,Value=i-09c2eabe897e928a7 Key=InstanceName,Value=abfinance_lcb_webview01 Key=PurgeAfterFE,Value=1493839280 Key=PurgeAllow,Value=true Key=Volume,Value=vol-08656f7f1440aa14a Key=Created,Value=1491247280
INSTANCE i-09c2eabe897e928a7
INSTANCE NAME: abfinance_lcb_webview01
Tagging Snapshot snap-0a99a40a422b6bd93 with the following Tags: Key=CreatedBy,Value=ec2-automate-backup Key=InstanceId,Value=i-09c2eabe897e928a7 Key=InstanceName,Value=abfinance_lcb_webview01 Key=PurgeAfterFE,Value=1493839280 Key=PurgeAllow,Value=true Key=Volume,Value=vol-0aa81463a2ad03c7a Key=Created,Value=1491247280
INSTANCE i-0518c045d2be93427
INSTANCE NAME: abfinance_nat01
Tagging Snapshot snap-005b9bd3bc34f94df with the following Tags: Key=CreatedBy,Value=ec2-automate-backup Key=InstanceId,Value=i-0518c045d2be93427 Key=InstanceName,Value=abfinance_nat01 Key=PurgeAfterFE,Value=1493839280 Key=PurgeAllow,Value=true Key=Volume,Value=vol-0d9130bb61c0d4c56 Key=Created,Value=1491247280
INSTANCE i-0e36e12e65d6b4a4e
INSTANCE NAME: abfinance_lcb_sales01
Tagging Snapshot snap-07126de111961e9ea with the following Tags: Key=CreatedBy,Value=ec2-automate-backup Key=InstanceId,Value=i-0e36e12e65d6b4a4e Key=InstanceName,Value=abfinance_lcb_sales01 Key=PurgeAfterFE,Value=1493839280 Key=PurgeAllow,Value=true Key=Volume,Value=vol-023127c32f4b64e52 Key=Created,Value=1491247280
INSTANCE i-0518c045d2be93427
INSTANCE NAME: abfinance_nat01
Tagging Snapshot snap-05f94d585131e5202 with the following Tags: Key=CreatedBy,Value=ec2-automate-backup Key=InstanceId,Value=i-0518c045d2be93427 Key=InstanceName,Value=abfinance_nat01 Key=PurgeAfterFE,Value=1493839280 Key=PurgeAllow,Value=true Key=Volume,Value=vol-0528c98fb329dffea Key=Created,Value=1491247280
INSTANCE i-038656cd0a5878996
INSTANCE NAME: abfinance_lcb_webview03
Tagging Snapshot snap-09ccc8f6027814bd6 with the following Tags: Key=CreatedBy,Value=ec2-automate-backup Key=InstanceId,Value=i-038656cd0a5878996 Key=InstanceName,Value=abfinance_lcb_webview03 Key=PurgeAfterFE,Value=1493839280 Key=PurgeAllow,Value=true Key=Volume,Value=vol-029a78effd0af4174 Key=Created,Value=1491247280
INSTANCE i-038656cd0a5878996
INSTANCE NAME: abfinance_lcb_webview03
Tagging Snapshot snap-03fffff07ecbc4823 with the following Tags: Key=CreatedBy,Value=ec2-automate-backup Key=InstanceId,Value=i-038656cd0a5878996 Key=InstanceName,Value=abfinance_lcb_webview03 Key=PurgeAfterFE,Value=1493839280 Key=PurgeAllow,Value=true Key=Volume,Value=vol-0f119584d4b9ada06 Key=Created,Value=1491247280
INSTANCE i-071c0e09746a7cab2
INSTANCE NAME: abfinance_top20_ubuntu_app01
Tagging Snapshot snap-04feffdcf57737977 with the following Tags: Key=CreatedBy,Value=ec2-automate-backup Key=InstanceId,Value=i-071c0e09746a7cab2 Key=InstanceName,Value=abfinance_top20_ubuntu_app01 Key=PurgeAfterFE,Value=1493839280 Key=PurgeAllow,Value=true Key=Volume,Value=vol-028c8b322e5479cf7 Key=Created,Value=1491247280
INSTANCE i-071c0e09746a7cab2
INSTANCE NAME: abfinance_top20_ubuntu_app01
Tagging Snapshot snap-0cbc8c655694ff6ff with the following Tags: Key=CreatedBy,Value=ec2-automate-backup Key=InstanceId,Value=i-071c0e09746a7cab2 Key=InstanceName,Value=abfinance_top20_ubuntu_app01 Key=PurgeAfterFE,Value=1493839280 Key=PurgeAllow,Value=true Key=Volume,Value=vol-07635e1c11c362ee7 Key=Created,Value=1491247280
INSTANCE i-071c0e09746a7cab2
INSTANCE NAME: abfinance_top20_ubuntu_app01
Tagging Snapshot snap-0b9767e54473a87b4 with the following Tags: Key=CreatedBy,Value=ec2-automate-backup Key=InstanceId,Value=i-071c0e09746a7cab2 Key=InstanceName,Value=abfinance_top20_ubuntu_app01 Key=PurgeAfterFE,Value=1493839280 Key=PurgeAllow,Value=true Key=Volume,Value=vol-04f6f153979ec4e04 Key=Created,Value=1491247280
INSTANCE i-071c0e09746a7cab2
INSTANCE NAME: abfinance_top20_ubuntu_app01
Tagging Snapshot snap-0841c4fbcb38b89e3 with the following Tags: Key=CreatedBy,Value=ec2-automate-backup Key=InstanceId,Value=i-071c0e09746a7cab2 Key=InstanceName,Value=abfinance_top20_ubuntu_app01 Key=PurgeAfterFE,Value=1493839280 Key=PurgeAllow,Value=true Key=Volume,Value=vol-05313c753118b3f0e Key=Created,Value=1491247280
INSTANCE i-04301c43465272923
INSTANCE NAME: abfinance_top20_ubuntu_app05
Tagging Snapshot snap-083998a32a2e89a35 with the following Tags: Key=CreatedBy,Value=ec2-automate-backup Key=InstanceId,Value=i-04301c43465272923 Key=InstanceName,Value=abfinance_top20_ubuntu_app05 Key=PurgeAfterFE,Value=1493839280 Key=PurgeAllow,Value=true Key=Volume,Value=vol-042ff0cf25d5159f1 Key=Created,Value=1491247280
INSTANCE i-04301c43465272923
INSTANCE NAME: abfinance_top20_ubuntu_app05
Tagging Snapshot snap-090f1d9ba2ef92f18 with the following Tags: Key=CreatedBy,Value=ec2-automate-backup Key=InstanceId,Value=i-04301c43465272923 Key=InstanceName,Value=abfinance_top20_ubuntu_app05 Key=PurgeAfterFE,Value=1493839280 Key=PurgeAllow,Value=true Key=Volume,Value=vol-000debe3735b701da Key=Created,Value=1491247280
INSTANCE i-04301c43465272923
INSTANCE NAME: abfinance_top20_ubuntu_app05
Tagging Snapshot snap-0e571145de5f7e5a7 with the following Tags: Key=CreatedBy,Value=ec2-automate-backup Key=InstanceId,Value=i-04301c43465272923 Key=InstanceName,Value=abfinance_top20_ubuntu_app05 Key=PurgeAfterFE,Value=1493839280 Key=PurgeAllow,Value=true Key=Volume,Value=vol-01bc3463f6ddd3d8d Key=Created,Value=1491247280
INSTANCE i-04301c43465272923
INSTANCE NAME: abfinance_top20_ubuntu_app05
Tagging Snapshot snap-0158f1e1d650ae083 with the following Tags: Key=CreatedBy,Value=ec2-automate-backup Key=InstanceId,Value=i-04301c43465272923 Key=InstanceName,Value=abfinance_top20_ubuntu_app05 Key=PurgeAfterFE,Value=1493839280 Key=PurgeAllow,Value=true Key=Volume,Value=vol-0ce01a4e917347781 Key=Created,Value=1491247280
INSTANCE i-061100ef3944cdc9f
INSTANCE NAME: abfinance_waf01
Tagging Snapshot snap-0010127b521a23fbb with the following Tags: Key=CreatedBy,Value=ec2-automate-backup Key=InstanceId,Value=i-061100ef3944cdc9f Key=InstanceName,Value=abfinance_waf01 Key=PurgeAfterFE,Value=1493839280 Key=PurgeAllow,Value=true Key=Volume,Value=vol-047bd2af9ad7b8607 Key=Created,Value=1491247280
INSTANCE i-061100ef3944cdc9f
INSTANCE NAME: abfinance_waf01
Tagging Snapshot snap-0ccf12c6e9184c421 with the following Tags: Key=CreatedBy,Value=ec2-automate-backup Key=InstanceId,Value=i-061100ef3944cdc9f Key=InstanceName,Value=abfinance_waf01 Key=PurgeAfterFE,Value=1493839280 Key=PurgeAllow,Value=true Key=Volume,Value=vol-033f40c6a90487e43 Key=Created,Value=1491247280
INSTANCE i-061100ef3944cdc9f
INSTANCE NAME: abfinance_waf01
Tagging Snapshot snap-0736bd659fa70a1df with the following Tags: Key=CreatedBy,Value=ec2-automate-backup Key=InstanceId,Value=i-061100ef3944cdc9f Key=InstanceName,Value=abfinance_waf01 Key=PurgeAfterFE,Value=1493839280 Key=PurgeAllow,Value=true Key=Volume,Value=vol-0e7a9cd48468a007e Key=Created,Value=1491247280
INSTANCE i-05bce44dc8bdd25cc
INSTANCE NAME: test_abfinance_top20_ubuntu_web
Tagging Snapshot snap-0000aeb219301bdd4 with the following Tags: Key=CreatedBy,Value=ec2-automate-backup Key=InstanceId,Value=i-05bce44dc8bdd25cc Key=InstanceName,Value=test_abfinance_top20_ubuntu_web Key=PurgeAfterFE,Value=1493839280 Key=PurgeAllow,Value=true Key=Volume,Value=vol-0bb8640ab9584a3b6 Key=Created,Value=1491247280
INSTANCE i-05bce44dc8bdd25cc
INSTANCE NAME: test_abfinance_top20_ubuntu_web
Tagging Snapshot snap-077926a01d61c8422 with the following Tags: Key=CreatedBy,Value=ec2-automate-backup Key=InstanceId,Value=i-05bce44dc8bdd25cc Key=InstanceName,Value=test_abfinance_top20_ubuntu_web Key=PurgeAfterFE,Value=1493839280 Key=PurgeAllow,Value=true Key=Volume,Value=vol-01e180d6472981af9 Key=Created,Value=1491247280
INSTANCE i-068562c066d5fe7a2
INSTANCE NAME: test_abfinance_top20_ubuntu_das
Tagging Snapshot snap-0980ee3ef57691057 with the following Tags: Key=CreatedBy,Value=ec2-automate-backup Key=InstanceId,Value=i-068562c066d5fe7a2 Key=InstanceName,Value=test_abfinance_top20_ubuntu_das Key=PurgeAfterFE,Value=1493839280 Key=PurgeAllow,Value=true Key=Volume,Value=vol-018ff67469c8f095c Key=Created,Value=1491247280
INSTANCE i-05bce44dc8bdd25cc
INSTANCE NAME: test_abfinance_top20_ubuntu_web
Tagging Snapshot snap-0f1564f107e886260 with the following Tags: Key=CreatedBy,Value=ec2-automate-backup Key=InstanceId,Value=i-05bce44dc8bdd25cc Key=InstanceName,Value=test_abfinance_top20_ubuntu_web Key=PurgeAfterFE,Value=1493839280 Key=PurgeAllow,Value=true Key=Volume,Value=vol-03689106d82cd6e4a Key=Created,Value=1491247280
INSTANCE i-068562c066d5fe7a2
INSTANCE NAME: test_abfinance_top20_ubuntu_das
Tagging Snapshot snap-014017a7d900d2f26 with the following Tags: Key=CreatedBy,Value=ec2-automate-backup Key=InstanceId,Value=i-068562c066d5fe7a2 Key=InstanceName,Value=test_abfinance_top20_ubuntu_das Key=PurgeAfterFE,Value=1493839280 Key=PurgeAllow,Value=true Key=Volume,Value=vol-0474fb56e6b14a15b Key=Created,Value=1491247280
INSTANCE i-05bce44dc8bdd25cc
INSTANCE NAME: test_abfinance_top20_ubuntu_web
Tagging Snapshot snap-0041c8d2f6b5f1bbe with the following Tags: Key=CreatedBy,Value=ec2-automate-backup Key=InstanceId,Value=i-05bce44dc8bdd25cc Key=InstanceName,Value=test_abfinance_top20_ubuntu_web Key=PurgeAfterFE,Value=1493839280 Key=PurgeAllow,Value=true Key=Volume,Value=vol-0187f4ef773ed4690 Key=Created,Value=1491247280
INSTANCE i-068562c066d5fe7a2
INSTANCE NAME: test_abfinance_top20_ubuntu_das
Tagging Snapshot snap-0d11469fec21f2dd1 with the following Tags: Key=CreatedBy,Value=ec2-automate-backup Key=InstanceId,Value=i-068562c066d5fe7a2 Key=InstanceName,Value=test_abfinance_top20_ubuntu_das Key=PurgeAfterFE,Value=1493839280 Key=PurgeAllow,Value=true Key=Volume,Value=vol-0d148878cb016398c Key=Created,Value=1491247280
INSTANCE i-068562c066d5fe7a2
INSTANCE NAME: test_abfinance_top20_ubuntu_das
Tagging Snapshot snap-0c53c3b877f744957 with the following Tags: Key=CreatedBy,Value=ec2-automate-backup Key=InstanceId,Value=i-068562c066d5fe7a2 Key=InstanceName,Value=test_abfinance_top20_ubuntu_das Key=PurgeAfterFE,Value=1493839280 Key=PurgeAllow,Value=true Key=Volume,Value=vol-01bb9e2f8003e968f Key=Created,Value=1491247280
INSTANCE i-052f4f04423466953
INSTANCE NAME: test_abfinance_top20_ubuntu_db
Tagging Snapshot snap-0527c9d0b886046de with the following Tags: Key=CreatedBy,Value=ec2-automate-backup Key=InstanceId,Value=i-052f4f04423466953 Key=InstanceName,Value=test_abfinance_top20_ubuntu_db Key=PurgeAfterFE,Value=1493839280 Key=PurgeAllow,Value=true Key=Volume,Value=vol-0fc43ef9b5183590f Key=Created,Value=1491247280
INSTANCE i-052f4f04423466953
INSTANCE NAME: test_abfinance_top20_ubuntu_db
Tagging Snapshot snap-04f222140f847e46c with the following Tags: Key=CreatedBy,Value=ec2-automate-backup Key=InstanceId,Value=i-052f4f04423466953 Key=InstanceName,Value=test_abfinance_top20_ubuntu_db Key=PurgeAfterFE,Value=1493839280 Key=PurgeAllow,Value=true Key=Volume,Value=vol-0d39b74222598de3c Key=Created,Value=1491247280
INSTANCE i-052f4f04423466953
INSTANCE NAME: test_abfinance_top20_ubuntu_db
Tagging Snapshot snap-0aacb12809de728cc with the following Tags: Key=CreatedBy,Value=ec2-automate-backup Key=InstanceId,Value=i-052f4f04423466953 Key=InstanceName,Value=test_abfinance_top20_ubuntu_db Key=PurgeAfterFE,Value=1493839280 Key=PurgeAllow,Value=true Key=Volume,Value=vol-0a1924f6a042870d5 Key=Created,Value=1491247280
INSTANCE i-052f4f04423466953
INSTANCE NAME: test_abfinance_top20_ubuntu_db
Tagging Snapshot snap-0e2e829a2bcc82eef with the following Tags: Key=CreatedBy,Value=ec2-automate-backup Key=InstanceId,Value=i-052f4f04423466953 Key=InstanceName,Value=test_abfinance_top20_ubuntu_db Key=PurgeAfterFE,Value=1493839280 Key=PurgeAllow,Value=true Key=Volume,Value=vol-08566fbfa4fcc7349 Key=Created,Value=1491247280
INSTANCE i-052f4f04423466953
INSTANCE NAME: test_abfinance_top20_ubuntu_db
Tagging Snapshot snap-04ff55aec9e59ba81 with the following Tags: Key=CreatedBy,Value=ec2-automate-backup Key=InstanceId,Value=i-052f4f04423466953 Key=InstanceName,Value=test_abfinance_top20_ubuntu_db Key=PurgeAfterFE,Value=1493839280 Key=PurgeAllow,Value=true Key=Volume,Value=vol-0ed624d81990c5924 Key=Created,Value=1491247280
INSTANCE i-0427fb4302ef61cc6
INSTANCE NAME: abfinance_95569_appcl01
Tagging Snapshot snap-02c3d153926a422de with the following Tags: Key=CreatedBy,Value=ec2-automate-backup Key=InstanceId,Value=i-0427fb4302ef61cc6 Key=InstanceName,Value=abfinance_95569_appcl01 Key=PurgeAfterFE,Value=1493839280 Key=PurgeAllow,Value=true Key=Volume,Value=vol-0434458d095cc7274 Key=Created,Value=1491247280
INSTANCE i-0fbdac98d95d47127
INSTANCE NAME: abfinance_95569_appcl07
Tagging Snapshot snap-094dbafe8a206bd1f with the following Tags: Key=CreatedBy,Value=ec2-automate-backup Key=InstanceId,Value=i-0fbdac98d95d47127 Key=InstanceName,Value=abfinance_95569_appcl07 Key=PurgeAfterFE,Value=1493839280 Key=PurgeAllow,Value=true Key=Volume,Value=vol-03ee68939b4e18403 Key=Created,Value=1491247280
INSTANCE i-0443041937edbecb9
INSTANCE NAME: abfinance_95569_appcl05
Tagging Snapshot snap-03ca6de5dfcd7fbf3 with the following Tags: Key=CreatedBy,Value=ec2-automate-backup Key=InstanceId,Value=i-0443041937edbecb9 Key=InstanceName,Value=abfinance_95569_appcl05 Key=PurgeAfterFE,Value=1493839280 Key=PurgeAllow,Value=true Key=Volume,Value=vol-0eb061e9f27329a2d Key=Created,Value=1491247280
INSTANCE i-0504ecba1c44228d3
INSTANCE NAME: abfinance_95569_appcl03
Tagging Snapshot snap-0bd72ec861155e28a with the following Tags: Key=CreatedBy,Value=ec2-automate-backup Key=InstanceId,Value=i-0504ecba1c44228d3 Key=InstanceName,Value=abfinance_95569_appcl03 Key=PurgeAfterFE,Value=1493839280 Key=PurgeAllow,Value=true Key=Volume,Value=vol-094ce86db46d5c688 Key=Created,Value=1491247280
INSTANCE i-0fbdac98d95d47127
INSTANCE NAME: abfinance_95569_appcl07
Tagging Snapshot snap-0ab3c4cae8372d839 with the following Tags: Key=CreatedBy,Value=ec2-automate-backup Key=InstanceId,Value=i-0fbdac98d95d47127 Key=InstanceName,Value=abfinance_95569_appcl07 Key=PurgeAfterFE,Value=1493839280 Key=PurgeAllow,Value=true Key=Volume,Value=vol-060d483c541d15da8 Key=Created,Value=1491247280
INSTANCE i-0427fb4302ef61cc6
INSTANCE NAME: abfinance_95569_appcl01
Tagging Snapshot snap-005a60cab59e98c1c with the following Tags: Key=CreatedBy,Value=ec2-automate-backup Key=InstanceId,Value=i-0427fb4302ef61cc6 Key=InstanceName,Value=abfinance_95569_appcl01 Key=PurgeAfterFE,Value=1493839280 Key=PurgeAllow,Value=true Key=Volume,Value=vol-0caeb5a4b5a37c88f Key=Created,Value=1491247280
INSTANCE i-0504ecba1c44228d3
INSTANCE NAME: abfinance_95569_appcl03
Tagging Snapshot snap-0dcf0808411623c9f with the following Tags: Key=CreatedBy,Value=ec2-automate-backup Key=InstanceId,Value=i-0504ecba1c44228d3 Key=InstanceName,Value=abfinance_95569_appcl03 Key=PurgeAfterFE,Value=1493839280 Key=PurgeAllow,Value=true Key=Volume,Value=vol-0c1c9cf2c598d2aae Key=Created,Value=1491247280
INSTANCE i-0443041937edbecb9
INSTANCE NAME: abfinance_95569_appcl05
Tagging Snapshot snap-0a694f7c292c89223 with the following Tags: Key=CreatedBy,Value=ec2-automate-backup Key=InstanceId,Value=i-0443041937edbecb9 Key=InstanceName,Value=abfinance_95569_appcl05 Key=PurgeAfterFE,Value=1493839280 Key=PurgeAllow,Value=true Key=Volume,Value=vol-07d059a80d8fdeea1 Key=Created,Value=1491247280
INSTANCE i-0a023139f2506e638
INSTANCE NAME: test_abfinance_nat01
Tagging Snapshot snap-06890dcc825aefc89 with the following Tags: Key=CreatedBy,Value=ec2-automate-backup Key=InstanceId,Value=i-0a023139f2506e638 Key=InstanceName,Value=test_abfinance_nat01 Key=PurgeAfterFE,Value=1493839280 Key=PurgeAllow,Value=true Key=Volume,Value=vol-01bd9498cae18b125 Key=Created,Value=1491247280
INSTANCE i-0a023139f2506e638
INSTANCE NAME: test_abfinance_nat01
Tagging Snapshot snap-08d3ad058c9a13b0e with the following Tags: Key=CreatedBy,Value=ec2-automate-backup Key=InstanceId,Value=i-0a023139f2506e638 Key=InstanceName,Value=test_abfinance_nat01 Key=PurgeAfterFE,Value=1493839280 Key=PurgeAllow,Value=true Key=Volume,Value=vol-06289d0b8cdcfbd04 Key=Created,Value=1491247280
INSTANCE i-065acbe8bac578721
INSTANCE NAME: abfinance_top20_ubuntu_app06
Tagging Snapshot snap-09f7adc960f6ee75e with the following Tags: Key=CreatedBy,Value=ec2-automate-backup Key=InstanceId,Value=i-065acbe8bac578721 Key=InstanceName,Value=abfinance_top20_ubuntu_app06 Key=PurgeAfterFE,Value=1493839280 Key=PurgeAllow,Value=true Key=Volume,Value=vol-0ed17d3b2c9b50cf7 Key=Created,Value=1491247280
INSTANCE i-065acbe8bac578721
INSTANCE NAME: abfinance_top20_ubuntu_app06
Tagging Snapshot snap-0a95a7f1c2f49312a with the following Tags: Key=CreatedBy,Value=ec2-automate-backup Key=InstanceId,Value=i-065acbe8bac578721 Key=InstanceName,Value=abfinance_top20_ubuntu_app06 Key=PurgeAfterFE,Value=1493839280 Key=PurgeAllow,Value=true Key=Volume,Value=vol-0e0ddbafb27c663dd Key=Created,Value=1491247280
INSTANCE i-065acbe8bac578721
INSTANCE NAME: abfinance_top20_ubuntu_app06
Tagging Snapshot snap-03e4ed09857aacf74 with the following Tags: Key=CreatedBy,Value=ec2-automate-backup Key=InstanceId,Value=i-065acbe8bac578721 Key=InstanceName,Value=abfinance_top20_ubuntu_app06 Key=PurgeAfterFE,Value=1493839280 Key=PurgeAllow,Value=true Key=Volume,Value=vol-03e7706d44e6a1831 Key=Created,Value=1491247280
INSTANCE i-065acbe8bac578721
INSTANCE NAME: abfinance_top20_ubuntu_app06
Tagging Snapshot snap-00540340e225880e5 with the following Tags: Key=CreatedBy,Value=ec2-automate-backup Key=InstanceId,Value=i-065acbe8bac578721 Key=InstanceName,Value=abfinance_top20_ubuntu_app06 Key=PurgeAfterFE,Value=1493839280 Key=PurgeAllow,Value=true Key=Volume,Value=vol-0e405f4dddd4b2122 Key=Created,Value=1491247280
INSTANCE i-003e572b72696bd8b
INSTANCE NAME: abfinance_95569_app152
Tagging Snapshot snap-0b5fb660d401a0355 with the following Tags: Key=CreatedBy,Value=ec2-automate-backup Key=InstanceId,Value=i-003e572b72696bd8b Key=InstanceName,Value=abfinance_95569_app152 Key=PurgeAfterFE,Value=1493839280 Key=PurgeAllow,Value=true Key=Volume,Value=vol-0077565cb767761b1 Key=Created,Value=1491247280
INSTANCE i-003e572b72696bd8b
INSTANCE NAME: abfinance_95569_app152
Tagging Snapshot snap-08428c0ce55f2da79 with the following Tags: Key=CreatedBy,Value=ec2-automate-backup Key=InstanceId,Value=i-003e572b72696bd8b Key=InstanceName,Value=abfinance_95569_app152 Key=PurgeAfterFE,Value=1493839280 Key=PurgeAllow,Value=true Key=Volume,Value=vol-02f1c5a0c7e1662cc Key=Created,Value=1491247280
Snapshot Purging is Starting Now.
Snapshot "snap-07f9bd588be980e6b" with the PurgeAfterFE date of "1491247261" will be deleted.
Snapshot "snap-01b5f48830ac73f24" with the PurgeAfterFE date of "1491247261" will be deleted.
Snapshot "snap-0997b85cac6c08376" with the PurgeAfterFE date of "1491247261" will be deleted.
Snapshot "snap-047cc2c5d3d449c59" with the PurgeAfterFE date of "1491247261" will be deleted.
Snapshot "snap-089c657428271f3b8" with the PurgeAfterFE date of "1491247261" will be deleted.
Snapshot "snap-00bfd147065252a3f" with the PurgeAfterFE date of "1491247261" will be deleted.
Snapshot "snap-0d3afd984b3d7bf8d" with the PurgeAfterFE date of "1491247261" will be deleted.
Snapshot "snap-07c291119f2955086" with the PurgeAfterFE date of "1491247261" will be deleted.
Snapshot "snap-09c741ab8ea020929" with the PurgeAfterFE date of "1491247261" will be deleted.
Snapshot "snap-030989fba737dc88f" with the PurgeAfterFE date of "1491247261" will be deleted.
Snapshot "snap-0c197be714a2d3db0" with the PurgeAfterFE date of "1491247261" will be deleted.
Snapshot "snap-0c330e9e9983a5e63" with the PurgeAfterFE date of "1491247261" will be deleted.
Snapshot "snap-0e3cb89ed3c203338" with the PurgeAfterFE date of "1491247261" will be deleted.
Snapshot "snap-045954d3f87b66663" with the PurgeAfterFE date of "1491247261" will be deleted.
Snapshot "snap-057c2396d95a13743" with the PurgeAfterFE date of "1491247261" will be deleted.
Snapshot "snap-03398ae4125466d8a" with the PurgeAfterFE date of "1491247261" will be deleted.
Snapshot "snap-07434b821449cba29" with the PurgeAfterFE date of "1491247261" will be deleted.
Snapshot "snap-09787b9f9f52c88fe" with the PurgeAfterFE date of "1491247261" will be deleted.
Snapshot "snap-0769d8394999fc3fb" with the PurgeAfterFE date of "1491247261" will be deleted.
Snapshot "snap-089fa2458daf8bf64" with the PurgeAfterFE date of "1491247261" will be deleted.
Snapshot "snap-0b977b248b5db9d6d" with the PurgeAfterFE date of "1491247261" will be deleted.
Snapshot "snap-039e88c6eaf2a2b41" with the PurgeAfterFE date of "1491247261" will be deleted.
Snapshot "snap-0772fbb69e1cc7e1d" with the PurgeAfterFE date of "1491247261" will be deleted.
Snapshot "snap-0b18d541391e1723b" with the PurgeAfterFE date of "1491247261" will be deleted.
Snapshot "snap-097f5eb72a4b548c6" with the PurgeAfterFE date of "1491247261" will be deleted.
Snapshot "snap-0fef2aeb764b5b7b6" with the PurgeAfterFE date of "1491247261" will be deleted.
Snapshot "snap-09829412b8ad2f435" with the PurgeAfterFE date of "1491247261" will be deleted.
Snapshot "snap-08fd6aebfb524ffc4" with the PurgeAfterFE date of "1491247261" will be deleted.
Snapshot "snap-0dd33032518705bb4" with the PurgeAfterFE date of "1491247261" will be deleted.
Snapshot "snap-026307ec4655df3fe" with the PurgeAfterFE date of "1491247261" will be deleted.
Snapshot "snap-0f6bcef70cbdd60a1" with the PurgeAfterFE date of "1491247261" will be deleted.
Snapshot "snap-0267d8af5fcb4dbad" with the PurgeAfterFE date of "1491247261" will be deleted.
Snapshot "snap-0d4f4df8fc6a77c9d" with the PurgeAfterFE date of "1491247261" will be deleted.
Snapshot "snap-0b3fb307007c3fb30" with the PurgeAfterFE date of "1491247261" will be deleted.
Snapshot "snap-07dc789332c6913b1" with the PurgeAfterFE date of "1491247261" will be deleted.
Snapshot "snap-04267244287996c0f" with the PurgeAfterFE date of "1491247261" will be deleted.
Snapshot "snap-06456fa426c3a9e0b" with the PurgeAfterFE date of "1491247261" will be deleted.
Snapshot "snap-0d1b882ee67d9c619" with the PurgeAfterFE date of "1491247261" will be deleted.
Snapshot "snap-0cab3d06749d3173a" with the PurgeAfterFE date of "1491247261" will be deleted.
Snapshot "snap-02286aec0561e88b7" with the PurgeAfterFE date of "1491247261" will be deleted.
Snapshot "snap-0bd5a84c9ebb5f629" with the PurgeAfterFE date of "1491247261" will be deleted.
Snapshot "snap-03a260fa9c571c60f" with the PurgeAfterFE date of "1491247261" will be deleted.
Snapshot "snap-06591dbd9cfe892b2" with the PurgeAfterFE date of "1491247261" will be deleted.
Snapshot "snap-000ed59342b78421d" with the PurgeAfterFE date of "1491247261" will be deleted.
Snapshot "snap-0b66c31b0656258c7" with the PurgeAfterFE date of "1491247261" will be deleted.
Snapshot "snap-08735adf04a2e5da0" with the PurgeAfterFE date of "1491247261" will be deleted.
Snapshot "snap-05cde96a6e394680e" with the PurgeAfterFE date of "1491247261" will be deleted.
Snapshot "snap-0ce717e0b02bcc240" with the PurgeAfterFE date of "1491247261" will be deleted.
Snapshot "snap-0474d30a36704c7da" with the PurgeAfterFE date of "1491247261" will be deleted.
Snapshot "snap-034be6e16e749c403" with the PurgeAfterFE date of "1491247261" will be deleted.
Snapshot "snap-053c48563e9d73ade" with the PurgeAfterFE date of "1491247261" will be deleted.
Snapshot "snap-09342ff175a6ed3b3" with the PurgeAfterFE date of "1491247261" will be deleted.
Snapshot "snap-07f38711ca139fb9e" with the PurgeAfterFE date of "1491247261" will be deleted.
Snapshot "snap-040c124bd500a55d3" with the PurgeAfterFE date of "1491247261" will be deleted.
Snapshot "snap-0c1705f4c36eb1406" with the PurgeAfterFE date of "1491247261" will be deleted.
Snapshot "snap-0f24861c56464ea27" with the PurgeAfterFE date of "1491247261" will be deleted.
Snapshot "snap-01b1895b3e58c1a1e" with the PurgeAfterFE date of "1491247261" will be deleted.
Snapshot "snap-0c2b47d3689fde9f1" with the PurgeAfterFE date of "1491247261" will be deleted.
Snapshot "snap-03426f88c058d2fd8" with the PurgeAfterFE date of "1491247261" will be deleted.
Snapshot "snap-02198ae83d4e56165" with the PurgeAfterFE date of "1491247261" will be deleted.
Snapshot "snap-0ce2c6eafd292cd64" with the PurgeAfterFE date of "1491247261" will be deleted.
Snapshot "snap-0c0077e863178b526" with the PurgeAfterFE date of "1491247261" will be deleted.
Snapshot "snap-0e962351bd82102cf" with the PurgeAfterFE date of "1491247261" will be deleted.
Snapshot "snap-0ac44623ff7454c10" with the PurgeAfterFE date of "1491247261" will be deleted.
Snapshot "snap-07deb0782d2579945" with the PurgeAfterFE date of "1491247261" will be deleted.
Snapshot "snap-041edd1d6c04d3396" with the PurgeAfterFE date of "1491247261" will be deleted.
Snapshot "snap-0aaa4f63299596bfc" with the PurgeAfterFE date of "1491247261" will be deleted.
Snapshot "snap-0991b210fe6ed0aa1" with the PurgeAfterFE date of "1491247261" will be deleted.
Snapshot "snap-046d7c7c6b170c404" with the PurgeAfterFE date of "1491247261" will be deleted.
Snapshot "snap-05ee643c6d01db5e2" with the PurgeAfterFE date of "1491247261" will be deleted.
Snapshot "snap-0a4368a1ad9f15625" with the PurgeAfterFE date of "1491247261" will be deleted.
Snapshot "snap-0a47271077e1e5ec5" with the PurgeAfterFE date of "1491247261" will be deleted.
Snapshot "snap-0fc7c15961a144ac2" with the PurgeAfterFE date of "1491247261" will be deleted.
Snapshot "snap-0da34e8e51aaca95f" with the PurgeAfterFE date of "1491247261" will be deleted.
Snapshot "snap-01c1de463e4b0d81d" with the PurgeAfterFE date of "1491247261" will be deleted.
Snapshot "snap-0ed18c8d8fcbf2778" with the PurgeAfterFE date of "1491247261" will be deleted.
Snapshot "snap-01ef14efb5d70d615" with the PurgeAfterFE date of "1491247261" will be deleted.
Snapshot "snap-006faed24c2d10b57" with the PurgeAfterFE date of "1491247261" will be deleted.
Snapshot "snap-0c010491e792d9a2d" with the PurgeAfterFE date of "1491247261" will be deleted.
Snapshot "snap-0b5d1e1afc7f65a1e" with the PurgeAfterFE date of "1491247261" will be deleted.
Snapshot "snap-032ed0b16b27d6e70" with the PurgeAfterFE date of "1491247261" will be deleted.
Snapshot "snap-08b0ffe5c92f16d57" with the PurgeAfterFE date of "1491247261" will be deleted.
Snapshot "snap-056af112140a8d69e" with the PurgeAfterFE date of "1491247261" will be deleted.
Snapshot "snap-04f97104f9630bd1a" with the PurgeAfterFE date of "1491247261" will be deleted.
Snapshot "snap-034e74e13d82658cb" with the PurgeAfterFE date of "1491247261" will be deleted.
Snapshot "snap-05b9a7acf894f1644" with the PurgeAfterFE date of "1491247261" will be deleted.
Snapshot "snap-04342d4bfbaeccd00" with the PurgeAfterFE date of "1491247261" will be deleted.
Snapshot "snap-096cb8d8a9345dd5c" with the PurgeAfterFE date of "1491247261" will be deleted.
Snapshot "snap-0b08f42635824605a" with the PurgeAfterFE date of "1491247261" will be deleted.
Snapshot "snap-073359fec31e0f862" with the PurgeAfterFE date of "1491247261" will be deleted.
Snapshot "snap-0db574848fd945ce4" with the PurgeAfterFE date of "1491247261" will be deleted.
Snapshot "snap-053cc65fbf0f8b3a4" with the PurgeAfterFE date of "1491247261" will be deleted.
Snapshot "snap-051a12e68f468c297" with the PurgeAfterFE date of "1491247261" will be deleted.
Snapshot "snap-00cdcb33d243ad677" with the PurgeAfterFE date of "1491247261" will be deleted.
Snapshot "snap-004e2928c4a8448df" with the PurgeAfterFE date of "1491247261" will be deleted.
Snapshot "snap-0cebe453781efd08e" with the PurgeAfterFE date of "1491247261" will be deleted.
Snapshot "snap-09a6c0f4c81ef96fb" with the PurgeAfterFE date of "1491247261" will be deleted.
Snapshot "snap-09d2c908e4df21f2c" with the PurgeAfterFE date of "1491247261" will be deleted.
Snapshot "snap-006adc75091f02b1f" with the PurgeAfterFE date of "1491247261" will be deleted.
Snapshot "snap-0bd9d06746b737f89" with the PurgeAfterFE date of "1491247261" will be deleted.
Snapshot "snap-0357214a2f15bee65" with the PurgeAfterFE date of "1491247261" will be deleted.
Snapshot "snap-06e1ae93a4c233dfb" with the PurgeAfterFE date of "1491247261" will be deleted.
Snapshot "snap-095098746c5c30095" with the PurgeAfterFE date of "1491247261" will be deleted.
Snapshot "snap-0d13bb93de8efa5ca" with the PurgeAfterFE date of "1491247261" will be deleted.
Snapshot "snap-0f2619c639d07eb76" with the PurgeAfterFE date of "1491247261" will be deleted.
Snapshot "snap-05532891c75cf4b91" with the PurgeAfterFE date of "1491247261" will be deleted.
Snapshot "snap-08b6f49ed2bb481cc" with the PurgeAfterFE date of "1491247261" will be deleted.
Snapshot "snap-010eccfb625daaa13" with the PurgeAfterFE date of "1491247261" will be deleted.
Snapshot "snap-03a5ccb89cd5cb92f" with the PurgeAfterFE date of "1491247261" will be deleted.
Snapshot "snap-0b9a1a3623f1129c0" with the PurgeAfterFE date of "1491247261" will be deleted.
Snapshot "snap-04946444c99baa115" with the PurgeAfterFE date of "1491247261" will be deleted.
Snapshot "snap-0c553603f73cb39ed" with the PurgeAfterFE date of "1491247261" will be deleted.
Snapshot "snap-0dc54d5665e1239c3" with the PurgeAfterFE date of "1491247261" will be deleted.
Snapshot "snap-06e20aa9b6ec6b541" with the PurgeAfterFE date of "1491247261" will be deleted.
Snapshot "snap-0c79031cd760fd891" with the PurgeAfterFE date of "1491247261" will be deleted.
Snapshot "snap-013604226ed6b90e0" with the PurgeAfterFE date of "1491247261" will be deleted.
Snapshot "snap-0012a1b16028c9f93" with the PurgeAfterFE date of "1491247261" will be deleted.
Snapshot "snap-0e4e2e67d0042830f" with the PurgeAfterFE date of "1491247261" will be deleted.
Snapshot "snap-034153e2023df862d" with the PurgeAfterFE date of "1491247261" will be deleted.
Snapshot "snap-0449c419d7e4b6f05" with the PurgeAfterFE date of "1491247261" will be deleted.
Snapshot "snap-0ad2e161023bc8544" with the PurgeAfterFE date of "1491247261" will be deleted.
Snapshot "snap-08c4c14f6a7313f5f" with the PurgeAfterFE date of "1491247261" will be deleted.
Snapshot "snap-0a49c3b64fb133aff" with the PurgeAfterFE date of "1491247261" will be deleted.
Snapshot "snap-070a05c072868f1d1" with the PurgeAfterFE date of "1491247261" will be deleted.
Snapshot "snap-00a6960c8eb699f3a" with the PurgeAfterFE date of "1491247261" will be deleted.
Snapshot "snap-09f70ef76bb22b220" with the PurgeAfterFE date of "1491247261" will be deleted.
Snapshot "snap-0f43dd6e37436dde4" with the PurgeAfterFE date of "1491247261" will be deleted.
Snapshot "snap-0034c88190eb1cae0" with the PurgeAfterFE date of "1491247261" will be deleted.
Snapshot "snap-0054d5f548d92c51a" with the PurgeAfterFE date of "1491247261" will be deleted.
Snapshot "snap-05ab04b856281d94e" with the PurgeAfterFE date of "1491247261" will be deleted.
Snapshot "snap-0fe0a9f9de23b35c8" with the PurgeAfterFE date of "1491247261" will be deleted.
Snapshot "snap-0ab518bfea15fce29" with the PurgeAfterFE date of "1491247261" will be deleted.
Snapshot "snap-0d3715b4e00c5e965" with the PurgeAfterFE date of "1491247261" will be deleted.
Snapshot "snap-0ac1a746c8a8ca059" with the PurgeAfterFE date of "1491247261" will be deleted.
Snapshot "snap-0f83a5995829a42c5" with the PurgeAfterFE date of "1491247261" will be deleted.
Snapshot "snap-0fb6fdba822f8ab7e" with the PurgeAfterFE date of "1491247261" will be deleted.
Snapshot "snap-0db191aed5a17c6f0" with the PurgeAfterFE date of "1491247261" will be deleted.
Snapshot "snap-0f06490d5acbf377c" with the PurgeAfterFE date of "1491247261" will be deleted.
Snapshot "snap-05c2d110b28e6639b" with the PurgeAfterFE date of "1491247261" will be deleted.
Snapshot "snap-052ed14da62246b48" with the PurgeAfterFE date of "1491247261" will be deleted.
Snapshot "snap-0343e416ab3830dc1" with the PurgeAfterFE date of "1491247261" will be deleted.
Snapshot "snap-02c10098cae3372e4" with the PurgeAfterFE date of "1491247261" will be deleted.
Snapshot "snap-0d7ba706655152922" with the PurgeAfterFE date of "1491247261" will be deleted.
Snapshot "snap-00fb81f71a162e8a2" with the PurgeAfterFE date of "1491247261" will be deleted.
Snapshot "snap-0eb2a7b3d65a9c434" with the PurgeAfterFE date of "1491247261" will be deleted.
Snapshot "snap-07bdd89a90549606e" with the PurgeAfterFE date of "1491247261" will be deleted.
Snapshot "snap-002d8aafe2c3aaf8a" with the PurgeAfterFE date of "1491247261" will be deleted.
Snapshot "snap-04068b91c88ded3d8" with the PurgeAfterFE date of "1491247261" will be deleted.
Snapshot "snap-0209d24dc0d1be9ed" with the PurgeAfterFE date of "1491247261" will be deleted.
Snapshot "snap-059075f6af1505fb6" with the PurgeAfterFE date of "1491247261" will be deleted.
Snapshot "snap-0d2163f4b8bf37147" with the PurgeAfterFE date of "1491247261" will be deleted.
Snapshot "snap-0862b79876324d0bf" with the PurgeAfterFE date of "1491247261" will be deleted.
Snapshot "snap-02119b80c68d40c1f" with the PurgeAfterFE date of "1491247261" will be deleted.
Snapshot "snap-0223a59364b221986" with the PurgeAfterFE date of "1491247261" will be deleted.
Snapshot "snap-0d521add43ceb83e0" with the PurgeAfterFE date of "1491247261" will be deleted.
Snapshot "snap-0f3d45b8708422ac2" with the PurgeAfterFE date of "1491247261" will be deleted.
Snapshot "snap-04a374cbda1686976" with the PurgeAfterFE date of "1491247261" will be deleted.
Snapshot "snap-0bad600189da162ec" with the PurgeAfterFE date of "1491247261" will be deleted.
Snapshot "snap-0e0a014736a62e1ca" with the PurgeAfterFE date of "1491247261" will be deleted.
Snapshot "snap-0930a3a576bf174a2" with the PurgeAfterFE date of "1491247261" will be deleted.
Snapshot "snap-0220ff502f5bde285" with the PurgeAfterFE date of "1491247261" will be deleted.
Snapshot "snap-04fee600f39783caf" with the PurgeAfterFE date of "1491247261" will be deleted.
Snapshot "snap-048b0dabb71976802" with the PurgeAfterFE date of "1491247261" will be deleted.
Snapshot "snap-0fb51d1796a206b86" with the PurgeAfterFE date of "1491247261" will be deleted.
Snapshot "snap-02619011bf888c4fb" with the PurgeAfterFE date of "1491160868" will be deleted.
Snapshot "snap-0018ef2e110b42814" with the PurgeAfterFE date of "1491160868" will be deleted.
Snapshot "snap-04d704aad655025d4" with the PurgeAfterFE date of "1491160868" will be deleted.
Snapshot "snap-08f50bd0c555fde36" with the PurgeAfterFE date of "1491160868" will be deleted.
Snapshot "snap-0f1510e8d148a0757" with the PurgeAfterFE date of "1491160868" will be deleted.
Snapshot "snap-0cf641b39db988d03" with the PurgeAfterFE date of "1491160868" will be deleted.
Snapshot "snap-0df331cbf06ce8795" with the PurgeAfterFE date of "1491160868" will be deleted.
Snapshot "snap-0be56c7a9c29b6745" with the PurgeAfterFE date of "1491160868" will be deleted.
Snapshot "snap-0b88649640fad6f1f" with the PurgeAfterFE date of "1491160868" will be deleted.
Snapshot "snap-0358d3b36bea46b4d" with the PurgeAfterFE date of "1491160868" will be deleted.
Snapshot "snap-0ac750fcf73547ba2" with the PurgeAfterFE date of "1491160868" will be deleted.
Snapshot "snap-09bdee8d9751381d6" with the PurgeAfterFE date of "1491160868" will be deleted.
Snapshot "snap-03a541ba8caed0125" with the PurgeAfterFE date of "1491160868" will be deleted.
Snapshot "snap-066f9b074ae7df688" with the PurgeAfterFE date of "1491160868" will be deleted.
Snapshot "snap-05084857c0818ab32" with the PurgeAfterFE date of "1491160868" will be deleted.
Snapshot "snap-05cbcef19eec8978b" with the PurgeAfterFE date of "1491160868" will be deleted.
Snapshot "snap-096ab9f95e525a981" with the PurgeAfterFE date of "1491160868" will be deleted.
Snapshot "snap-0828d21bc36e389b0" with the PurgeAfterFE date of "1491160868" will be deleted.
Snapshot "snap-071470a67edb1ad03" with the PurgeAfterFE date of "1491160868" will be deleted.
Snapshot "snap-057fd1bf37ec00f4f" with the PurgeAfterFE date of "1491160868" will be deleted.
Snapshot "snap-0b17c953155f44c94" with the PurgeAfterFE date of "1491160868" will be deleted.
Snapshot "snap-0805a3c6308e1bc48" with the PurgeAfterFE date of "1491160868" will be deleted.
Snapshot "snap-021d752b51688a675" with the PurgeAfterFE date of "1491160868" will be deleted.
Snapshot "snap-0b1510cababfaca80" with the PurgeAfterFE date of "1491160868" will be deleted.
Snapshot "snap-04b2f00a45f3d60be" with the PurgeAfterFE date of "1491160868" will be deleted.
Snapshot "snap-02742895832c2e9ad" with the PurgeAfterFE date of "1491160868" will be deleted.
Snapshot "snap-03bf39c0bb2f4bea3" with the PurgeAfterFE date of "1491160868" will be deleted.
Snapshot "snap-01a33f1ade0fefe26" with the PurgeAfterFE date of "1491160868" will be deleted.
Snapshot "snap-0fcb35bbb85d43088" with the PurgeAfterFE date of "1491160868" will be deleted.
Snapshot "snap-0001f45140791e926" with the PurgeAfterFE date of "1491160868" will be deleted.
Snapshot "snap-0f97a7170dafda8a6" with the PurgeAfterFE date of "1491160868" will be deleted.
Snapshot "snap-0f5ca4b0c17221fe0" with the PurgeAfterFE date of "1491160868" will be deleted.
Snapshot "snap-09f4bda6525bcd480" with the PurgeAfterFE date of "1491160868" will be deleted.
Snapshot "snap-00167007dbc1f30f8" with the PurgeAfterFE date of "1491160868" will be deleted.
Snapshot "snap-0f19d57f3981ba11f" with the PurgeAfterFE date of "1491160868" will be deleted.
Snapshot "snap-001941bf94dc5eb70" with the PurgeAfterFE date of "1491160868" will be deleted.
Snapshot "snap-0804465899bd818bb" with the PurgeAfterFE date of "1491160868" will be deleted.
Snapshot "snap-025ddaf269288728b" with the PurgeAfterFE date of "1491160868" will be deleted.
Snapshot "snap-0b436c8e9cf858bab" with the PurgeAfterFE date of "1491160868" will be deleted.
Snapshot "snap-0e8f6f17a82cb5c9b" with the PurgeAfterFE date of "1491160868" will be deleted.
Snapshot "snap-0406e8aafc9776a10" with the PurgeAfterFE date of "1491160868" will be deleted.
Snapshot "snap-05c69c1b28f67fbc9" with the PurgeAfterFE date of "1491160868" will be deleted.
Snapshot "snap-0e57d0cf6b75a0e19" with the PurgeAfterFE date of "1491160868" will be deleted.
Snapshot "snap-08cb55bba5f1374a5" with the PurgeAfterFE date of "1491160868" will be deleted.
Snapshot "snap-002346ebeb5d49b6e" with the PurgeAfterFE date of "1491160868" will be deleted.
Snapshot "snap-08d70f8af6101e11a" with the PurgeAfterFE date of "1491160868" will be deleted.
Snapshot "snap-0d1cb55ccd29cf2ba" with the PurgeAfterFE date of "1491160868" will be deleted.
Snapshot "snap-0491e1db63e999756" with the PurgeAfterFE date of "1491160868" will be deleted.
Snapshot "snap-04e4fecfb48198268" with the PurgeAfterFE date of "1491160868" will be deleted.
Snapshot "snap-02535026722316964" with the PurgeAfterFE date of "1491160868" will be deleted.
Snapshot "snap-0436e11e8361d8dd0" with the PurgeAfterFE date of "1491160868" will be deleted.
Snapshot "snap-0636c82ff3f872aee" with the PurgeAfterFE date of "1491160868" will be deleted.
Snapshot "snap-09a33b6ab8d3f32ea" with the PurgeAfterFE date of "1491160868" will be deleted.
Snapshot "snap-046e05d7f8e5d2f77" with the PurgeAfterFE date of "1491160868" will be deleted.
Snapshot "snap-02b4478f7f9b08116" with the PurgeAfterFE date of "1491160868" will be deleted.
Snapshot "snap-0ff9e37730a6956c4" with the PurgeAfterFE date of "1491160868" will be deleted.
Snapshot "snap-052de7d4aba79f7f0" with the PurgeAfterFE date of "1491160868" will be deleted.
Snapshot "snap-04d77959177b289cb" with the PurgeAfterFE date of "1491160868" will be deleted.
Snapshot "snap-0d28bda3497438e5d" with the PurgeAfterFE date of "1491160868" will be deleted.
Snapshot "snap-003ab27fd776e1acc" with the PurgeAfterFE date of "1491160868" will be deleted.
Snapshot "snap-0cfc4eb49d6178fbc" with the PurgeAfterFE date of "1491160868" will be deleted.
Snapshot "snap-046bbe211842d0b80" with the PurgeAfterFE date of "1491160868" will be deleted.
Snapshot "snap-0604eb40204f613ea" with the PurgeAfterFE date of "1491160868" will be deleted.
Snapshot "snap-0aeed014e52fdb91c" with the PurgeAfterFE date of "1491160868" will be deleted.
Snapshot "snap-04594b93bbd33ffef" with the PurgeAfterFE date of "1491160868" will be deleted.
Snapshot "snap-0d026e243176e149e" with the PurgeAfterFE date of "1491160868" will be deleted.
Snapshot "snap-0db573a3cf9024637" with the PurgeAfterFE date of "1491160868" will be deleted.
Snapshot "snap-0556b1d7f9f7e0e25" with the PurgeAfterFE date of "1491160868" will be deleted.
Snapshot "snap-00d3db6d4000907a0" with the PurgeAfterFE date of "1491160868" will be deleted.
Snapshot "snap-0b1399b42eec5ad24" with the PurgeAfterFE date of "1491160868" will be deleted.
Snapshot "snap-0bfbf21913fc4c905" with the PurgeAfterFE date of "1491160868" will be deleted.
Snapshot "snap-087c363bdde37db2b" with the PurgeAfterFE date of "1491160868" will be deleted.
Snapshot "snap-0975b3307d38bf173" with the PurgeAfterFE date of "1491160868" will be deleted.
Snapshot "snap-0bcccc455dcaa6699" with the PurgeAfterFE date of "1491160868" will be deleted.
Snapshot "snap-040d21861b87e7cd9" with the PurgeAfterFE date of "1491160868" will be deleted.
Snapshot "snap-0f3c430ca5ef3ed99" with the PurgeAfterFE date of "1491160868" will be deleted.
Snapshot "snap-0e322f300c39440b4" with the PurgeAfterFE date of "1491160868" will be deleted.
Snapshot "snap-02e3bc6e4143a5a03" with the PurgeAfterFE date of "1491160868" will be deleted.
Snapshot "snap-06dbe5f314901848a" with the PurgeAfterFE date of "1491160868" will be deleted.
Snapshot "snap-0b0bc6aefc5cd9c3e" with the PurgeAfterFE date of "1491160868" will be deleted.
Snapshot "snap-0fac905dc7b244639" with the PurgeAfterFE date of "1491160868" will be deleted.
Snapshot "snap-09d8b7113fede04a4" with the PurgeAfterFE date of "1491160868" will be deleted.
Snapshot "snap-0934d7e4947f595d5" with the PurgeAfterFE date of "1491160868" will be deleted.
Snapshot "snap-032dc83298a969629" with the PurgeAfterFE date of "1491160868" will be deleted.
Snapshot "snap-046505e0a92640929" with the PurgeAfterFE date of "1491160868" will be deleted.
Snapshot "snap-0551cbdb967c0468f" with the PurgeAfterFE date of "1491160868" will be deleted.
Snapshot "snap-05b47ea9904193d7e" with the PurgeAfterFE date of "1491160868" will be deleted.
Snapshot "snap-02e57b767f78d608f" with the PurgeAfterFE date of "1491160868" will be deleted.
Snapshot "snap-0832a1df22a077c30" with the PurgeAfterFE date of "1491160868" will be deleted.
Snapshot "snap-0edafbdde6c28ffac" with the PurgeAfterFE date of "1491160868" will be deleted.
Snapshot "snap-06c939cd99f420005" with the PurgeAfterFE date of "1491160868" will be deleted.
Snapshot "snap-060b654045cf7249a" with the PurgeAfterFE date of "1491160868" will be deleted.
Snapshot "snap-02288154077c169bf" with the PurgeAfterFE date of "1491160868" will be deleted.
Snapshot "snap-0237e7e0bbe4bb0c7" with the PurgeAfterFE date of "1491160868" will be deleted.
Snapshot "snap-01df31a2cc135cc0b" with the PurgeAfterFE date of "1491160868" will be deleted.
Snapshot "snap-0dc65f1dfb8aef745" with the PurgeAfterFE date of "1491160868" will be deleted.
Snapshot "snap-003f88424cd48a4a4" with the PurgeAfterFE date of "1491160868" will be deleted.
Snapshot "snap-070adea3180400ff1" with the PurgeAfterFE date of "1491160868" will be deleted.
Snapshot "snap-015141107c53edb60" with the PurgeAfterFE date of "1491160868" will be deleted.
Snapshot "snap-0526926c06d8caaff" with the PurgeAfterFE date of "1491160868" will be deleted.
Snapshot "snap-03753397236a8a840" with the PurgeAfterFE date of "1491160868" will be deleted.
Snapshot "snap-00bf008c5caa3a85c" with the PurgeAfterFE date of "1491160868" will be deleted.
Snapshot "snap-0817c0e8d78b172c7" with the PurgeAfterFE date of "1491160868" will be deleted.
Snapshot "snap-0235373c3e68ac5d4" with the PurgeAfterFE date of "1491160868" will be deleted.
Snapshot "snap-0811e7508d6c334c6" with the PurgeAfterFE date of "1491160868" will be deleted.
Snapshot "snap-0dd049b431aa278de" with the PurgeAfterFE date of "1491160868" will be deleted.
Snapshot "snap-0b8aa9de5aff17446" with the PurgeAfterFE date of "1491160868" will be deleted.
Snapshot "snap-0b9d279b878d386b7" with the PurgeAfterFE date of "1491160868" will be deleted.
Snapshot "snap-0a08cc372c8e58850" with the PurgeAfterFE date of "1491160868" will be deleted.
Snapshot "snap-0e094cbff82f38ecc" with the PurgeAfterFE date of "1491160868" will be deleted.
Snapshot "snap-06833ec8509adcb0f" with the PurgeAfterFE date of "1491160868" will be deleted.
Snapshot "snap-0a7c5c036443cd18c" with the PurgeAfterFE date of "1491160868" will be deleted.
Snapshot "snap-012fafc05bc33b030" with the PurgeAfterFE date of "1491160868" will be deleted.
Snapshot "snap-02379a9fafd11d8f6" with the PurgeAfterFE date of "1491160868" will be deleted.
Snapshot "snap-0266ca4cf4ba0e2a7" with the PurgeAfterFE date of "1491160868" will be deleted.
Snapshot "snap-030e708b2043ed5b3" with the PurgeAfterFE date of "1491160868" will be deleted.
Snapshot "snap-00c3a82adc05e4750" with the PurgeAfterFE date of "1491160868" will be deleted.
Snapshot "snap-0a7e5cf709bb81fb2" with the PurgeAfterFE date of "1491160868" will be deleted.
Snapshot "snap-02fe0b4722c11c83e" with the PurgeAfterFE date of "1491160868" will be deleted.
Snapshot "snap-0dbe2b9b242c0a114" with the PurgeAfterFE date of "1491160868" will be deleted.
Snapshot "snap-04ed3be52ce85d160" with the PurgeAfterFE date of "1491160868" will be deleted.
Snapshot "snap-00a78761ccb457383" with the PurgeAfterFE date of "1491160868" will be deleted.
Snapshot "snap-0a8dffc00c69e923d" with the PurgeAfterFE date of "1491160868" will be deleted.
Snapshot "snap-07b6a44509ddf0f9a" with the PurgeAfterFE date of "1491160868" will be deleted.
Snapshot "snap-07118f61a69830269" with the PurgeAfterFE date of "1491160868" will be deleted.
Snapshot "snap-00dce7c6a85e1f43c" with the PurgeAfterFE date of "1491160868" will be deleted.
Snapshot "snap-0d2a634d0f5497d37" with the PurgeAfterFE date of "1491160868" will be deleted.
Snapshot "snap-0e4a8dd904aae4a32" with the PurgeAfterFE date of "1491160868" will be deleted.
Snapshot "snap-0aa1d08d7a8b2b162" with the PurgeAfterFE date of "1491160868" will be deleted.
Snapshot "snap-00c90018dcb205c7f" with the PurgeAfterFE date of "1491160868" will be deleted.
Snapshot "snap-040eaeea74e0747ce" with the PurgeAfterFE date of "1491160868" will be deleted.
Snapshot "snap-07ef9f0c452c6e771" with the PurgeAfterFE date of "1491160868" will be deleted.
Snapshot "snap-0de42139df5e16ba5" with the PurgeAfterFE date of "1491160868" will be deleted.
Snapshot "snap-032f7c7dc2695670c" with the PurgeAfterFE date of "1491160868" will be deleted.
Snapshot "snap-079054e2d6a9666ea" with the PurgeAfterFE date of "1491160868" will be deleted.
Snapshot "snap-07ab73cb71fa02a48" with the PurgeAfterFE date of "1491160868" will be deleted.
Snapshot "snap-02fabed3050a14897" with the PurgeAfterFE date of "1491160868" will be deleted.
Snapshot "snap-0cf5a559cc0fa96ce" with the PurgeAfterFE date of "1491160868" will be deleted.
Snapshot "snap-0133b6aa87258855c" with the PurgeAfterFE date of "1491160868" will be deleted.
Snapshot "snap-02b28166fd680ceb4" with the PurgeAfterFE date of "1491160868" will be deleted.
Snapshot "snap-069ac654d757aae41" with the PurgeAfterFE date of "1491160868" will be deleted.
Snapshot "snap-0f48387762f2925ae" with the PurgeAfterFE date of "1491160868" will be deleted.
Snapshot "snap-0cbc9af4d0e439ed5" with the PurgeAfterFE date of "1491160868" will be deleted.
Snapshot "snap-0d5bacae09f548109" with the PurgeAfterFE date of "1491160868" will be deleted.
Snapshot "snap-023fe11d28abe5619" with the PurgeAfterFE date of "1491160868" will be deleted.
Snapshot "snap-0b7ea688471432447" with the PurgeAfterFE date of "1491160868" will be deleted.
Snapshot "snap-037042b3a295014f0" with the PurgeAfterFE date of "1491160868" will be deleted.
Snapshot "snap-0805cbd0845c3dc1c" with the PurgeAfterFE date of "1491160868" will be deleted.
Snapshot "snap-09a9f83157a8b4813" with the PurgeAfterFE date of "1491160868" will be deleted.
Snapshot "snap-0f8f2ff028f36bc3b" with the PurgeAfterFE date of "1491160868" will be deleted.
Snapshot "snap-05e46e1fa4aab42ed" with the PurgeAfterFE date of "1491160868" will be deleted.
Snapshot "snap-0390efea2b4bdd24e" with the PurgeAfterFE date of "1491160868" will be deleted.
Snapshot "snap-03902a929f51d77ef" with the PurgeAfterFE date of "1491160868" will be deleted.
Snapshot "snap-0b715a40257c24777" with the PurgeAfterFE date of "1491160868" will be deleted.
Snapshot "snap-017dd3d9f31ea7d99" with the PurgeAfterFE date of "1491160868" will be deleted.
Snapshot "snap-00a4522a5089322ab" with the PurgeAfterFE date of "1491160868" will be deleted.
Snapshot "snap-02bc8f5d908b06d6d" with the PurgeAfterFE date of "1491160868" will be deleted.
Snapshot "snap-0c28e9992942ba063" with the PurgeAfterFE date of "1491160868" will be deleted.
Snapshot "snap-0e51bf6ab9326287b" with the PurgeAfterFE date of "1491160868" will be deleted.
Snapshot "snap-0805b43704a2d7109" with the PurgeAfterFE date of "1491160868" will be deleted.
Snapshot "snap-0294bc34ba8d4b583" with the PurgeAfterFE date of "1491160868" will be deleted.
Snapshot "snap-0e4eb009efd49f7e8" with the PurgeAfterFE date of "1491160868" will be deleted.
Snapshot "snap-0d2e2901f39fc6051" with the PurgeAfterFE date of "1491160868" will be deleted.
Snapshot "snap-028bdd209c968d8fa" with the PurgeAfterFE date of "1491160868" will be deleted.
