Snapshots taken by ec2-volumes-autobackup.sh will be eligible for purging after the following date (the purge after date given in seconds from epoch): 1488137944.
INSTANCE i-03c8fd87e7b05fa05
INSTANCE NAME: abfinance_95569_app16
Tagging Snapshot snap-07f359752188aecb4 with the following Tags: Key=CreatedBy,Value=ec2-automate-backup Key=InstanceId,Value=i-03c8fd87e7b05fa05 Key=InstanceName,Value=abfinance_95569_app16 Key=PurgeAfterFE,Value=1488137944 Key=PurgeAllow,Value=true Key=Volume,Value=vol-06c1ef7480d1a0d4c Key=Created,Value=1485545944
INSTANCE i-0c2bf96cb75ee7b5c
INSTANCE NAME: abfinance_95569_app18
Tagging Snapshot snap-0ae74f97b4b4aabaf with the following Tags: Key=CreatedBy,Value=ec2-automate-backup Key=InstanceId,Value=i-0c2bf96cb75ee7b5c Key=InstanceName,Value=abfinance_95569_app18 Key=PurgeAfterFE,Value=1488137944 Key=PurgeAllow,Value=true Key=Volume,Value=vol-0eae86baf89ae58a6 Key=Created,Value=1485545944
INSTANCE i-0dce85c3f212a5de0
INSTANCE NAME: abfinance_95569_app12
Tagging Snapshot snap-04bb6ab9ed2d0f2a6 with the following Tags: Key=CreatedBy,Value=ec2-automate-backup Key=InstanceId,Value=i-0dce85c3f212a5de0 Key=InstanceName,Value=abfinance_95569_app12 Key=PurgeAfterFE,Value=1488137944 Key=PurgeAllow,Value=true Key=Volume,Value=vol-05c5ee0c944c4a763 Key=Created,Value=1485545944
INSTANCE i-0129ce0f3255429b0
INSTANCE NAME: abfinance_95569_app10
Tagging Snapshot snap-06e6563886eeddfd0 with the following Tags: Key=CreatedBy,Value=ec2-automate-backup Key=InstanceId,Value=i-0129ce0f3255429b0 Key=InstanceName,Value=abfinance_95569_app10 Key=PurgeAfterFE,Value=1488137944 Key=PurgeAllow,Value=true Key=Volume,Value=vol-0ebb5f79ffc3244da Key=Created,Value=1485545944
INSTANCE i-0dce85c3f212a5de0
INSTANCE NAME: abfinance_95569_app12
Tagging Snapshot snap-001482ffb3b78933d with the following Tags: Key=CreatedBy,Value=ec2-automate-backup Key=InstanceId,Value=i-0dce85c3f212a5de0 Key=InstanceName,Value=abfinance_95569_app12 Key=PurgeAfterFE,Value=1488137944 Key=PurgeAllow,Value=true Key=Volume,Value=vol-0b081425c7cc17600 Key=Created,Value=1485545944
INSTANCE i-09ddd98828f970e2b
INSTANCE NAME: abfinance_95569_app14
Tagging Snapshot snap-0c61dffec39424b18 with the following Tags: Key=CreatedBy,Value=ec2-automate-backup Key=InstanceId,Value=i-09ddd98828f970e2b Key=InstanceName,Value=abfinance_95569_app14 Key=PurgeAfterFE,Value=1488137944 Key=PurgeAllow,Value=true Key=Volume,Value=vol-029381ba27db23ea5 Key=Created,Value=1485545944
INSTANCE i-0129ce0f3255429b0
INSTANCE NAME: abfinance_95569_app10
Tagging Snapshot snap-0dd3bc3ab9747fce2 with the following Tags: Key=CreatedBy,Value=ec2-automate-backup Key=InstanceId,Value=i-0129ce0f3255429b0 Key=InstanceName,Value=abfinance_95569_app10 Key=PurgeAfterFE,Value=1488137944 Key=PurgeAllow,Value=true Key=Volume,Value=vol-0258943e0b3a406a0 Key=Created,Value=1485545944
INSTANCE i-0de1db820b03e1279
INSTANCE NAME: abfinance_95569_app22
Tagging Snapshot snap-0a90c87a9fc89a5a5 with the following Tags: Key=CreatedBy,Value=ec2-automate-backup Key=InstanceId,Value=i-0de1db820b03e1279 Key=InstanceName,Value=abfinance_95569_app22 Key=PurgeAfterFE,Value=1488137944 Key=PurgeAllow,Value=true Key=Volume,Value=vol-014edcf936f6c26f4 Key=Created,Value=1485545944
INSTANCE i-09ddd98828f970e2b
INSTANCE NAME: abfinance_95569_app14
Tagging Snapshot snap-0036cc2f0b0c81240 with the following Tags: Key=CreatedBy,Value=ec2-automate-backup Key=InstanceId,Value=i-09ddd98828f970e2b Key=InstanceName,Value=abfinance_95569_app14 Key=PurgeAfterFE,Value=1488137944 Key=PurgeAllow,Value=true Key=Volume,Value=vol-0c815aa96dd49c83c Key=Created,Value=1485545944
INSTANCE i-03c8fd87e7b05fa05
INSTANCE NAME: abfinance_95569_app16
Tagging Snapshot snap-03a52644209b77e23 with the following Tags: Key=CreatedBy,Value=ec2-automate-backup Key=InstanceId,Value=i-03c8fd87e7b05fa05 Key=InstanceName,Value=abfinance_95569_app16 Key=PurgeAfterFE,Value=1488137944 Key=PurgeAllow,Value=true Key=Volume,Value=vol-0a82f25f21c70ca17 Key=Created,Value=1485545944
INSTANCE i-03ab34c05dc4f22aa
INSTANCE NAME: abfinance_95569_app24
Tagging Snapshot snap-0fa1d259809d23189 with the following Tags: Key=CreatedBy,Value=ec2-automate-backup Key=InstanceId,Value=i-03ab34c05dc4f22aa Key=InstanceName,Value=abfinance_95569_app24 Key=PurgeAfterFE,Value=1488137944 Key=PurgeAllow,Value=true Key=Volume,Value=vol-0119f2937c18f7e3e Key=Created,Value=1485545944
INSTANCE i-0bba368770f8bea0e
INSTANCE NAME: abfinance_95569_app28
Tagging Snapshot snap-0e5ef24278ca291b9 with the following Tags: Key=CreatedBy,Value=ec2-automate-backup Key=InstanceId,Value=i-0bba368770f8bea0e Key=InstanceName,Value=abfinance_95569_app28 Key=PurgeAfterFE,Value=1488137944 Key=PurgeAllow,Value=true Key=Volume,Value=vol-054e16021703bc75b Key=Created,Value=1485545944
INSTANCE i-0bba368770f8bea0e
INSTANCE NAME: abfinance_95569_app28
Tagging Snapshot snap-038404eebe63922e9 with the following Tags: Key=CreatedBy,Value=ec2-automate-backup Key=InstanceId,Value=i-0bba368770f8bea0e Key=InstanceName,Value=abfinance_95569_app28 Key=PurgeAfterFE,Value=1488137944 Key=PurgeAllow,Value=true Key=Volume,Value=vol-0a9917560a4a8eb37 Key=Created,Value=1485545944
INSTANCE i-0900f2c3ece4f73ce
INSTANCE NAME: abfinance_95569_app20
Tagging Snapshot snap-0f8af8c72c0ebf08d with the following Tags: Key=CreatedBy,Value=ec2-automate-backup Key=InstanceId,Value=i-0900f2c3ece4f73ce Key=InstanceName,Value=abfinance_95569_app20 Key=PurgeAfterFE,Value=1488137944 Key=PurgeAllow,Value=true Key=Volume,Value=vol-06a26fc47d6b71ffd Key=Created,Value=1485545944
INSTANCE i-0900f2c3ece4f73ce
INSTANCE NAME: abfinance_95569_app20
Tagging Snapshot snap-0e54e538ecd48c641 with the following Tags: Key=CreatedBy,Value=ec2-automate-backup Key=InstanceId,Value=i-0900f2c3ece4f73ce Key=InstanceName,Value=abfinance_95569_app20 Key=PurgeAfterFE,Value=1488137944 Key=PurgeAllow,Value=true Key=Volume,Value=vol-02e3078096ec01da3 Key=Created,Value=1485545944
INSTANCE i-0de1db820b03e1279
INSTANCE NAME: abfinance_95569_app22
Tagging Snapshot snap-06377cce62577fb2a with the following Tags: Key=CreatedBy,Value=ec2-automate-backup Key=InstanceId,Value=i-0de1db820b03e1279 Key=InstanceName,Value=abfinance_95569_app22 Key=PurgeAfterFE,Value=1488137944 Key=PurgeAllow,Value=true Key=Volume,Value=vol-0d5d8a4619da19822 Key=Created,Value=1485545944
INSTANCE i-0c2bf96cb75ee7b5c
INSTANCE NAME: abfinance_95569_app18
Tagging Snapshot snap-0d3432dd4d39c9a93 with the following Tags: Key=CreatedBy,Value=ec2-automate-backup Key=InstanceId,Value=i-0c2bf96cb75ee7b5c Key=InstanceName,Value=abfinance_95569_app18 Key=PurgeAfterFE,Value=1488137944 Key=PurgeAllow,Value=true Key=Volume,Value=vol-08f0c891fcb55d86a Key=Created,Value=1485545944
INSTANCE i-09bf358be6daff2b8
INSTANCE NAME: abfinance_95569_app26
Tagging Snapshot snap-035a283fa60a02120 with the following Tags: Key=CreatedBy,Value=ec2-automate-backup Key=InstanceId,Value=i-09bf358be6daff2b8 Key=InstanceName,Value=abfinance_95569_app26 Key=PurgeAfterFE,Value=1488137944 Key=PurgeAllow,Value=true Key=Volume,Value=vol-01783b38ab8d40039 Key=Created,Value=1485545944
INSTANCE i-03ab34c05dc4f22aa
INSTANCE NAME: abfinance_95569_app24
Tagging Snapshot snap-0c5ba530769a75513 with the following Tags: Key=CreatedBy,Value=ec2-automate-backup Key=InstanceId,Value=i-03ab34c05dc4f22aa Key=InstanceName,Value=abfinance_95569_app24 Key=PurgeAfterFE,Value=1488137944 Key=PurgeAllow,Value=true Key=Volume,Value=vol-038fb96ae65962d50 Key=Created,Value=1485545944
INSTANCE i-09bf358be6daff2b8
INSTANCE NAME: abfinance_95569_app26
Tagging Snapshot snap-0ef50d9f380263903 with the following Tags: Key=CreatedBy,Value=ec2-automate-backup Key=InstanceId,Value=i-09bf358be6daff2b8 Key=InstanceName,Value=abfinance_95569_app26 Key=PurgeAfterFE,Value=1488137944 Key=PurgeAllow,Value=true Key=Volume,Value=vol-04b2fa5fca10f2430 Key=Created,Value=1485545944
INSTANCE i-0274c175451fa7094
INSTANCE NAME: abfinance_95569_app08
Tagging Snapshot snap-076e03ee77f931be9 with the following Tags: Key=CreatedBy,Value=ec2-automate-backup Key=InstanceId,Value=i-0274c175451fa7094 Key=InstanceName,Value=abfinance_95569_app08 Key=PurgeAfterFE,Value=1488137944 Key=PurgeAllow,Value=true Key=Volume,Value=vol-0c72a7d64241a776c Key=Created,Value=1485545944
INSTANCE i-0c1125d6758d322b7
INSTANCE NAME: abfinance_95569_app06
Tagging Snapshot snap-0b61d687636e4acbc with the following Tags: Key=CreatedBy,Value=ec2-automate-backup Key=InstanceId,Value=i-0c1125d6758d322b7 Key=InstanceName,Value=abfinance_95569_app06 Key=PurgeAfterFE,Value=1488137944 Key=PurgeAllow,Value=true Key=Volume,Value=vol-091917e30fd32e67a Key=Created,Value=1485545944
INSTANCE i-0d6c7beed860de6ff
INSTANCE NAME: abfinance_95569_app02
Tagging Snapshot snap-00cdbb3b60f3a1f1e with the following Tags: Key=CreatedBy,Value=ec2-automate-backup Key=InstanceId,Value=i-0d6c7beed860de6ff Key=InstanceName,Value=abfinance_95569_app02 Key=PurgeAfterFE,Value=1488137944 Key=PurgeAllow,Value=true Key=Volume,Value=vol-02835ed9f869e882d Key=Created,Value=1485545944
INSTANCE i-0bf78d14e8b0eaf1e
INSTANCE NAME: abfinance_95569_app30
Tagging Snapshot snap-01896430a8ccf90f2 with the following Tags: Key=CreatedBy,Value=ec2-automate-backup Key=InstanceId,Value=i-0bf78d14e8b0eaf1e Key=InstanceName,Value=abfinance_95569_app30 Key=PurgeAfterFE,Value=1488137944 Key=PurgeAllow,Value=true Key=Volume,Value=vol-028a6f552c7c9efe4 Key=Created,Value=1485545944
INSTANCE i-01bfc53726a11ca9c
INSTANCE NAME: abfinance_95569_app04
Tagging Snapshot snap-0777dd257cc705e8a with the following Tags: Key=CreatedBy,Value=ec2-automate-backup Key=InstanceId,Value=i-01bfc53726a11ca9c Key=InstanceName,Value=abfinance_95569_app04 Key=PurgeAfterFE,Value=1488137944 Key=PurgeAllow,Value=true Key=Volume,Value=vol-0598a12d733568f31 Key=Created,Value=1485545944
INSTANCE i-0c1125d6758d322b7
INSTANCE NAME: abfinance_95569_app06
Tagging Snapshot snap-0464e123184b36d0f with the following Tags: Key=CreatedBy,Value=ec2-automate-backup Key=InstanceId,Value=i-0c1125d6758d322b7 Key=InstanceName,Value=abfinance_95569_app06 Key=PurgeAfterFE,Value=1488137944 Key=PurgeAllow,Value=true Key=Volume,Value=vol-0ba5d36c9573518b5 Key=Created,Value=1485545944
INSTANCE i-0bf78d14e8b0eaf1e
INSTANCE NAME: abfinance_95569_app30
Tagging Snapshot snap-07924e1c369fe7e0a with the following Tags: Key=CreatedBy,Value=ec2-automate-backup Key=InstanceId,Value=i-0bf78d14e8b0eaf1e Key=InstanceName,Value=abfinance_95569_app30 Key=PurgeAfterFE,Value=1488137944 Key=PurgeAllow,Value=true Key=Volume,Value=vol-096964d6c38daa9c9 Key=Created,Value=1485545944
INSTANCE i-0b7bbda7e056f8f90
INSTANCE NAME: abfinance_95569_app36
Tagging Snapshot snap-017616f0374bc70f6 with the following Tags: Key=CreatedBy,Value=ec2-automate-backup Key=InstanceId,Value=i-0b7bbda7e056f8f90 Key=InstanceName,Value=abfinance_95569_app36 Key=PurgeAfterFE,Value=1488137944 Key=PurgeAllow,Value=true Key=Volume,Value=vol-02d1561acea2b31a6 Key=Created,Value=1485545944
INSTANCE i-0b7bbda7e056f8f90
INSTANCE NAME: abfinance_95569_app36
Tagging Snapshot snap-019f624a351f84303 with the following Tags: Key=CreatedBy,Value=ec2-automate-backup Key=InstanceId,Value=i-0b7bbda7e056f8f90 Key=InstanceName,Value=abfinance_95569_app36 Key=PurgeAfterFE,Value=1488137944 Key=PurgeAllow,Value=true Key=Volume,Value=vol-000a10baf81142e01 Key=Created,Value=1485545944
INSTANCE i-0d6c7beed860de6ff
INSTANCE NAME: abfinance_95569_app02
Tagging Snapshot snap-02ae6a6d039b02148 with the following Tags: Key=CreatedBy,Value=ec2-automate-backup Key=InstanceId,Value=i-0d6c7beed860de6ff Key=InstanceName,Value=abfinance_95569_app02 Key=PurgeAfterFE,Value=1488137944 Key=PurgeAllow,Value=true Key=Volume,Value=vol-048b299ebe9275c3f Key=Created,Value=1485545944
INSTANCE i-01bfc53726a11ca9c
INSTANCE NAME: abfinance_95569_app04
Tagging Snapshot snap-0761e85769596cece with the following Tags: Key=CreatedBy,Value=ec2-automate-backup Key=InstanceId,Value=i-01bfc53726a11ca9c Key=InstanceName,Value=abfinance_95569_app04 Key=PurgeAfterFE,Value=1488137944 Key=PurgeAllow,Value=true Key=Volume,Value=vol-0484891d5cc89bb2e Key=Created,Value=1485545944
INSTANCE i-0deb0e74a87668941
INSTANCE NAME: abfinance_95569_app32
Tagging Snapshot snap-026b653baa088b037 with the following Tags: Key=CreatedBy,Value=ec2-automate-backup Key=InstanceId,Value=i-0deb0e74a87668941 Key=InstanceName,Value=abfinance_95569_app32 Key=PurgeAfterFE,Value=1488137944 Key=PurgeAllow,Value=true Key=Volume,Value=vol-015fe792f2ce928a7 Key=Created,Value=1485545944
INSTANCE i-0deb0e74a87668941
INSTANCE NAME: abfinance_95569_app32
Tagging Snapshot snap-02e6226570fb6d26b with the following Tags: Key=CreatedBy,Value=ec2-automate-backup Key=InstanceId,Value=i-0deb0e74a87668941 Key=InstanceName,Value=abfinance_95569_app32 Key=PurgeAfterFE,Value=1488137944 Key=PurgeAllow,Value=true Key=Volume,Value=vol-043d9d8a5e4d73574 Key=Created,Value=1485545944
INSTANCE i-03e0f8c5eac3f588a
INSTANCE NAME: abfinance_95569_app34
Tagging Snapshot snap-02dc4f4e0e12d8b18 with the following Tags: Key=CreatedBy,Value=ec2-automate-backup Key=InstanceId,Value=i-03e0f8c5eac3f588a Key=InstanceName,Value=abfinance_95569_app34 Key=PurgeAfterFE,Value=1488137944 Key=PurgeAllow,Value=true Key=Volume,Value=vol-03300b65aac660dfc Key=Created,Value=1485545944
INSTANCE i-0274c175451fa7094
INSTANCE NAME: abfinance_95569_app08
Tagging Snapshot snap-0d5de03a0e851459b with the following Tags: Key=CreatedBy,Value=ec2-automate-backup Key=InstanceId,Value=i-0274c175451fa7094 Key=InstanceName,Value=abfinance_95569_app08 Key=PurgeAfterFE,Value=1488137944 Key=PurgeAllow,Value=true Key=Volume,Value=vol-09f82518fd6c90b2b Key=Created,Value=1485545944
INSTANCE i-03e0f8c5eac3f588a
INSTANCE NAME: abfinance_95569_app34
Tagging Snapshot snap-02e51f35dc5859cb5 with the following Tags: Key=CreatedBy,Value=ec2-automate-backup Key=InstanceId,Value=i-03e0f8c5eac3f588a Key=InstanceName,Value=abfinance_95569_app34 Key=PurgeAfterFE,Value=1488137944 Key=PurgeAllow,Value=true Key=Volume,Value=vol-0ab3d1b79bd335c97 Key=Created,Value=1485545944
INSTANCE i-02d7ffae25154e179
INSTANCE NAME: abfinance_95569_qyyxapp04
Tagging Snapshot snap-0300c96cbd71a3ca0 with the following Tags: Key=CreatedBy,Value=ec2-automate-backup Key=InstanceId,Value=i-02d7ffae25154e179 Key=InstanceName,Value=abfinance_95569_qyyxapp04 Key=PurgeAfterFE,Value=1488137944 Key=PurgeAllow,Value=true Key=Volume,Value=vol-0391c9e8e798109f5 Key=Created,Value=1485545944
INSTANCE i-02d7ffae25154e179
INSTANCE NAME: abfinance_95569_qyyxapp04
Tagging Snapshot snap-0844870c4d1726e38 with the following Tags: Key=CreatedBy,Value=ec2-automate-backup Key=InstanceId,Value=i-02d7ffae25154e179 Key=InstanceName,Value=abfinance_95569_qyyxapp04 Key=PurgeAfterFE,Value=1488137944 Key=PurgeAllow,Value=true Key=Volume,Value=vol-0d266856f74e8355e Key=Created,Value=1485545944
INSTANCE i-00649ffaac78d75cb
INSTANCE NAME: abfinance_95569_qyyxapp06
Tagging Snapshot snap-0ae81b6c4baa3e1bf with the following Tags: Key=CreatedBy,Value=ec2-automate-backup Key=InstanceId,Value=i-00649ffaac78d75cb Key=InstanceName,Value=abfinance_95569_qyyxapp06 Key=PurgeAfterFE,Value=1488137944 Key=PurgeAllow,Value=true Key=Volume,Value=vol-04ad9f8946e08f89c Key=Created,Value=1485545944
INSTANCE i-00649ffaac78d75cb
INSTANCE NAME: abfinance_95569_qyyxapp06
Tagging Snapshot snap-078b78cb4c7dc2c58 with the following Tags: Key=CreatedBy,Value=ec2-automate-backup Key=InstanceId,Value=i-00649ffaac78d75cb Key=InstanceName,Value=abfinance_95569_qyyxapp06 Key=PurgeAfterFE,Value=1488137944 Key=PurgeAllow,Value=true Key=Volume,Value=vol-0807f8fea0f547086 Key=Created,Value=1485545944
INSTANCE i-0b62ae29318f2ff8b
INSTANCE NAME: abfinance_95569_qyyxapp02
Tagging Snapshot snap-020547c21382d70a8 with the following Tags: Key=CreatedBy,Value=ec2-automate-backup Key=InstanceId,Value=i-0b62ae29318f2ff8b Key=InstanceName,Value=abfinance_95569_qyyxapp02 Key=PurgeAfterFE,Value=1488137944 Key=PurgeAllow,Value=true Key=Volume,Value=vol-03ecd9464fd1c5d05 Key=Created,Value=1485545944
INSTANCE i-0b62ae29318f2ff8b
INSTANCE NAME: abfinance_95569_qyyxapp02
Tagging Snapshot snap-08cb15f9fdd7a1059 with the following Tags: Key=CreatedBy,Value=ec2-automate-backup Key=InstanceId,Value=i-0b62ae29318f2ff8b Key=InstanceName,Value=abfinance_95569_qyyxapp02 Key=PurgeAfterFE,Value=1488137944 Key=PurgeAllow,Value=true Key=Volume,Value=vol-007d93d5c3db29799 Key=Created,Value=1485545944
INSTANCE i-0792c4456f9092988
INSTANCE NAME: abfinance_95569_qyyxapp08
Tagging Snapshot snap-023bfcbb85793142d with the following Tags: Key=CreatedBy,Value=ec2-automate-backup Key=InstanceId,Value=i-0792c4456f9092988 Key=InstanceName,Value=abfinance_95569_qyyxapp08 Key=PurgeAfterFE,Value=1488137944 Key=PurgeAllow,Value=true Key=Volume,Value=vol-045f338712882182b Key=Created,Value=1485545944
INSTANCE i-0792c4456f9092988
INSTANCE NAME: abfinance_95569_qyyxapp08
Tagging Snapshot snap-0dd479e7371df6042 with the following Tags: Key=CreatedBy,Value=ec2-automate-backup Key=InstanceId,Value=i-0792c4456f9092988 Key=InstanceName,Value=abfinance_95569_qyyxapp08 Key=PurgeAfterFE,Value=1488137944 Key=PurgeAllow,Value=true Key=Volume,Value=vol-0489d109134a1a195 Key=Created,Value=1485545944
INSTANCE i-0612d908206bc2861
INSTANCE NAME: abfinance_95569_db02
Tagging Snapshot snap-02440b54c973403f3 with the following Tags: Key=CreatedBy,Value=ec2-automate-backup Key=InstanceId,Value=i-0612d908206bc2861 Key=InstanceName,Value=abfinance_95569_db02 Key=PurgeAfterFE,Value=1488137944 Key=PurgeAllow,Value=true Key=Volume,Value=vol-00932a51c4361be6a Key=Created,Value=1485545944
INSTANCE i-0612d908206bc2861
INSTANCE NAME: abfinance_95569_db02
Tagging Snapshot snap-0671f611792b91d8e with the following Tags: Key=CreatedBy,Value=ec2-automate-backup Key=InstanceId,Value=i-0612d908206bc2861 Key=InstanceName,Value=abfinance_95569_db02 Key=PurgeAfterFE,Value=1488137944 Key=PurgeAllow,Value=true Key=Volume,Value=vol-0441e909f2a98af4a Key=Created,Value=1485545944
INSTANCE i-0612d908206bc2861
INSTANCE NAME: abfinance_95569_db02
Tagging Snapshot snap-0975a249578cd9eb1 with the following Tags: Key=CreatedBy,Value=ec2-automate-backup Key=InstanceId,Value=i-0612d908206bc2861 Key=InstanceName,Value=abfinance_95569_db02 Key=PurgeAfterFE,Value=1488137944 Key=PurgeAllow,Value=true Key=Volume,Value=vol-0cbadea7e7c09a245 Key=Created,Value=1485545944
INSTANCE i-0612d908206bc2861
INSTANCE NAME: abfinance_95569_db02
Tagging Snapshot snap-034caedff137a88ee with the following Tags: Key=CreatedBy,Value=ec2-automate-backup Key=InstanceId,Value=i-0612d908206bc2861 Key=InstanceName,Value=abfinance_95569_db02 Key=PurgeAfterFE,Value=1488137944 Key=PurgeAllow,Value=true Key=Volume,Value=vol-0bb3d3b39e4ae4a88 Key=Created,Value=1485545944
INSTANCE i-0a035c9fe74e932da
INSTANCE NAME: abfinance_top20_ubuntu_app02
Tagging Snapshot snap-064131c964d6f64b6 with the following Tags: Key=CreatedBy,Value=ec2-automate-backup Key=InstanceId,Value=i-0a035c9fe74e932da Key=InstanceName,Value=abfinance_top20_ubuntu_app02 Key=PurgeAfterFE,Value=1488137944 Key=PurgeAllow,Value=true Key=Volume,Value=vol-0d546115a23bd511e Key=Created,Value=1485545944
INSTANCE i-0a035c9fe74e932da
INSTANCE NAME: abfinance_top20_ubuntu_app02
Tagging Snapshot snap-01646e879f7356841 with the following Tags: Key=CreatedBy,Value=ec2-automate-backup Key=InstanceId,Value=i-0a035c9fe74e932da Key=InstanceName,Value=abfinance_top20_ubuntu_app02 Key=PurgeAfterFE,Value=1488137944 Key=PurgeAllow,Value=true Key=Volume,Value=vol-0b7877736c90d5018 Key=Created,Value=1485545944
INSTANCE i-0d13fdd367f941029
INSTANCE NAME: abfinance_top20_ubuntu_app04
Tagging Snapshot snap-0c8379e230c2294dd with the following Tags: Key=CreatedBy,Value=ec2-automate-backup Key=InstanceId,Value=i-0d13fdd367f941029 Key=InstanceName,Value=abfinance_top20_ubuntu_app04 Key=PurgeAfterFE,Value=1488137944 Key=PurgeAllow,Value=true Key=Volume,Value=vol-0b1860b6a86d65c3c Key=Created,Value=1485545944
INSTANCE i-0a035c9fe74e932da
INSTANCE NAME: abfinance_top20_ubuntu_app02
Tagging Snapshot snap-00a57655033cb032c with the following Tags: Key=CreatedBy,Value=ec2-automate-backup Key=InstanceId,Value=i-0a035c9fe74e932da Key=InstanceName,Value=abfinance_top20_ubuntu_app02 Key=PurgeAfterFE,Value=1488137944 Key=PurgeAllow,Value=true Key=Volume,Value=vol-06d971d61dc6ec5d0 Key=Created,Value=1485545944
INSTANCE i-0d13fdd367f941029
INSTANCE NAME: abfinance_top20_ubuntu_app04
Tagging Snapshot snap-0c1d378532c695a2b with the following Tags: Key=CreatedBy,Value=ec2-automate-backup Key=InstanceId,Value=i-0d13fdd367f941029 Key=InstanceName,Value=abfinance_top20_ubuntu_app04 Key=PurgeAfterFE,Value=1488137944 Key=PurgeAllow,Value=true Key=Volume,Value=vol-0c99c2848d6180dad Key=Created,Value=1485545944
INSTANCE i-0d13fdd367f941029
INSTANCE NAME: abfinance_top20_ubuntu_app04
Tagging Snapshot snap-0e37ee542b7ec73a7 with the following Tags: Key=CreatedBy,Value=ec2-automate-backup Key=InstanceId,Value=i-0d13fdd367f941029 Key=InstanceName,Value=abfinance_top20_ubuntu_app04 Key=PurgeAfterFE,Value=1488137944 Key=PurgeAllow,Value=true Key=Volume,Value=vol-05552e316d7c4fca7 Key=Created,Value=1485545944
INSTANCE i-0a035c9fe74e932da
INSTANCE NAME: abfinance_top20_ubuntu_app02
Tagging Snapshot snap-0bc65fcfdfc0ca64f with the following Tags: Key=CreatedBy,Value=ec2-automate-backup Key=InstanceId,Value=i-0a035c9fe74e932da Key=InstanceName,Value=abfinance_top20_ubuntu_app02 Key=PurgeAfterFE,Value=1488137944 Key=PurgeAllow,Value=true Key=Volume,Value=vol-086b4833a3e624834 Key=Created,Value=1485545944
INSTANCE i-0d13fdd367f941029
INSTANCE NAME: abfinance_top20_ubuntu_app04
Tagging Snapshot snap-037857d992512f84c with the following Tags: Key=CreatedBy,Value=ec2-automate-backup Key=InstanceId,Value=i-0d13fdd367f941029 Key=InstanceName,Value=abfinance_top20_ubuntu_app04 Key=PurgeAfterFE,Value=1488137944 Key=PurgeAllow,Value=true Key=Volume,Value=vol-0237e004eeed33603 Key=Created,Value=1485545944
INSTANCE i-02c96aa526459387c
INSTANCE NAME: abfinance_top20_ubuntu_db02
Tagging Snapshot snap-0139ca732b2274fa3 with the following Tags: Key=CreatedBy,Value=ec2-automate-backup Key=InstanceId,Value=i-02c96aa526459387c Key=InstanceName,Value=abfinance_top20_ubuntu_db02 Key=PurgeAfterFE,Value=1488137944 Key=PurgeAllow,Value=true Key=Volume,Value=vol-0adeb8ce9288cb9f0 Key=Created,Value=1485545944
INSTANCE i-02c96aa526459387c
INSTANCE NAME: abfinance_top20_ubuntu_db02
Tagging Snapshot snap-04cff0523bd1e0bae with the following Tags: Key=CreatedBy,Value=ec2-automate-backup Key=InstanceId,Value=i-02c96aa526459387c Key=InstanceName,Value=abfinance_top20_ubuntu_db02 Key=PurgeAfterFE,Value=1488137944 Key=PurgeAllow,Value=true Key=Volume,Value=vol-0f91ffb6f9ff57fe9 Key=Created,Value=1485545944
INSTANCE i-02c96aa526459387c
INSTANCE NAME: abfinance_top20_ubuntu_db02
Tagging Snapshot snap-0a7347c0a84fa1e13 with the following Tags: Key=CreatedBy,Value=ec2-automate-backup Key=InstanceId,Value=i-02c96aa526459387c Key=InstanceName,Value=abfinance_top20_ubuntu_db02 Key=PurgeAfterFE,Value=1488137944 Key=PurgeAllow,Value=true Key=Volume,Value=vol-0e507dfbbde31e579 Key=Created,Value=1485545944
INSTANCE i-02c96aa526459387c
INSTANCE NAME: abfinance_top20_ubuntu_db02
Tagging Snapshot snap-0b993582484f745b1 with the following Tags: Key=CreatedBy,Value=ec2-automate-backup Key=InstanceId,Value=i-02c96aa526459387c Key=InstanceName,Value=abfinance_top20_ubuntu_db02 Key=PurgeAfterFE,Value=1488137944 Key=PurgeAllow,Value=true Key=Volume,Value=vol-0c9c555e321cb7fb5 Key=Created,Value=1485545944
INSTANCE i-02c96aa526459387c
INSTANCE NAME: abfinance_top20_ubuntu_db02
Tagging Snapshot snap-02674d641010895fe with the following Tags: Key=CreatedBy,Value=ec2-automate-backup Key=InstanceId,Value=i-02c96aa526459387c Key=InstanceName,Value=abfinance_top20_ubuntu_db02 Key=PurgeAfterFE,Value=1488137944 Key=PurgeAllow,Value=true Key=Volume,Value=vol-0a171db3d35833a82 Key=Created,Value=1485545944
INSTANCE i-07c4c99e14c226dd1
INSTANCE NAME: abfinance_db02
Tagging Snapshot snap-004a2726145f0cf0a with the following Tags: Key=CreatedBy,Value=ec2-automate-backup Key=InstanceId,Value=i-07c4c99e14c226dd1 Key=InstanceName,Value=abfinance_db02 Key=PurgeAfterFE,Value=1488137944 Key=PurgeAllow,Value=true Key=Volume,Value=vol-05e7e019fed5d6e4f Key=Created,Value=1485545944
INSTANCE i-07c4c99e14c226dd1
INSTANCE NAME: abfinance_db02
Tagging Snapshot snap-0e13edf37fbe4e9f1 with the following Tags: Key=CreatedBy,Value=ec2-automate-backup Key=InstanceId,Value=i-07c4c99e14c226dd1 Key=InstanceName,Value=abfinance_db02 Key=PurgeAfterFE,Value=1488137944 Key=PurgeAllow,Value=true Key=Volume,Value=vol-005a8fb46ac90c6c8 Key=Created,Value=1485545944
INSTANCE i-07c4c99e14c226dd1
INSTANCE NAME: abfinance_db02
Tagging Snapshot snap-066c8f4b01bdb7c0b with the following Tags: Key=CreatedBy,Value=ec2-automate-backup Key=InstanceId,Value=i-07c4c99e14c226dd1 Key=InstanceName,Value=abfinance_db02 Key=PurgeAfterFE,Value=1488137944 Key=PurgeAllow,Value=true Key=Volume,Value=vol-0ee99e47c26b1b6ab Key=Created,Value=1485545944
INSTANCE i-0146762d86a3f8d50
INSTANCE NAME: abfinance_lcb_production02
Tagging Snapshot snap-05318bb37c467d9f1 with the following Tags: Key=CreatedBy,Value=ec2-automate-backup Key=InstanceId,Value=i-0146762d86a3f8d50 Key=InstanceName,Value=abfinance_lcb_production02 Key=PurgeAfterFE,Value=1488137944 Key=PurgeAllow,Value=true Key=Volume,Value=vol-0fea562fe447a3f76 Key=Created,Value=1485545944
INSTANCE i-0146762d86a3f8d50
INSTANCE NAME: abfinance_lcb_production02
Tagging Snapshot snap-0b036db7645ff0e35 with the following Tags: Key=CreatedBy,Value=ec2-automate-backup Key=InstanceId,Value=i-0146762d86a3f8d50 Key=InstanceName,Value=abfinance_lcb_production02 Key=PurgeAfterFE,Value=1488137944 Key=PurgeAllow,Value=true Key=Volume,Value=vol-0782f08cb6f6c839c Key=Created,Value=1485545944
INSTANCE i-0c9c05c95fadfa579
INSTANCE NAME: abfinance_lcb_webview02
Tagging Snapshot snap-02a31ccfb1f764b2e with the following Tags: Key=CreatedBy,Value=ec2-automate-backup Key=InstanceId,Value=i-0c9c05c95fadfa579 Key=InstanceName,Value=abfinance_lcb_webview02 Key=PurgeAfterFE,Value=1488137944 Key=PurgeAllow,Value=true Key=Volume,Value=vol-093a7b55a620d4e21 Key=Created,Value=1485545944
INSTANCE i-0ddb468f7fcf6e0df
INSTANCE NAME: abfinance_lcb_sales02
Tagging Snapshot snap-070e65f813c174457 with the following Tags: Key=CreatedBy,Value=ec2-automate-backup Key=InstanceId,Value=i-0ddb468f7fcf6e0df Key=InstanceName,Value=abfinance_lcb_sales02 Key=PurgeAfterFE,Value=1488137944 Key=PurgeAllow,Value=true Key=Volume,Value=vol-0fad69a30ba7bce0d Key=Created,Value=1485545944
INSTANCE i-0ddb468f7fcf6e0df
INSTANCE NAME: abfinance_lcb_sales02
Tagging Snapshot snap-02db451f51f18f957 with the following Tags: Key=CreatedBy,Value=ec2-automate-backup Key=InstanceId,Value=i-0ddb468f7fcf6e0df Key=InstanceName,Value=abfinance_lcb_sales02 Key=PurgeAfterFE,Value=1488137944 Key=PurgeAllow,Value=true Key=Volume,Value=vol-045ed94c459ff8b7f Key=Created,Value=1485545944
INSTANCE i-0b4be2bbf8b348d64
INSTANCE NAME: abfinance_lcb_webview04
Tagging Snapshot snap-0879f7a11a8138be9 with the following Tags: Key=CreatedBy,Value=ec2-automate-backup Key=InstanceId,Value=i-0b4be2bbf8b348d64 Key=InstanceName,Value=abfinance_lcb_webview04 Key=PurgeAfterFE,Value=1488137944 Key=PurgeAllow,Value=true Key=Volume,Value=vol-028cbc9a0070f9b88 Key=Created,Value=1485545944
INSTANCE i-0c9c05c95fadfa579
INSTANCE NAME: abfinance_lcb_webview02
Tagging Snapshot snap-01e02a0621b004089 with the following Tags: Key=CreatedBy,Value=ec2-automate-backup Key=InstanceId,Value=i-0c9c05c95fadfa579 Key=InstanceName,Value=abfinance_lcb_webview02 Key=PurgeAfterFE,Value=1488137944 Key=PurgeAllow,Value=true Key=Volume,Value=vol-0c28572672b1f140b Key=Created,Value=1485545944
INSTANCE i-0b4be2bbf8b348d64
INSTANCE NAME: abfinance_lcb_webview04
Tagging Snapshot snap-0ce839d8d23fc535b with the following Tags: Key=CreatedBy,Value=ec2-automate-backup Key=InstanceId,Value=i-0b4be2bbf8b348d64 Key=InstanceName,Value=abfinance_lcb_webview04 Key=PurgeAfterFE,Value=1488137944 Key=PurgeAllow,Value=true Key=Volume,Value=vol-0f31367a3565de9bf Key=Created,Value=1485545944
INSTANCE i-014a452a01f729a81
INSTANCE NAME: abfinance_nat02
Tagging Snapshot snap-004460cf1877d5c9e with the following Tags: Key=CreatedBy,Value=ec2-automate-backup Key=InstanceId,Value=i-014a452a01f729a81 Key=InstanceName,Value=abfinance_nat02 Key=PurgeAfterFE,Value=1488137944 Key=PurgeAllow,Value=true Key=Volume,Value=vol-0122877394ee0d073 Key=Created,Value=1485545944
INSTANCE i-014a452a01f729a81
INSTANCE NAME: abfinance_nat02
Tagging Snapshot snap-048ca865a0c3e8e4f with the following Tags: Key=CreatedBy,Value=ec2-automate-backup Key=InstanceId,Value=i-014a452a01f729a81 Key=InstanceName,Value=abfinance_nat02 Key=PurgeAfterFE,Value=1488137944 Key=PurgeAllow,Value=true Key=Volume,Value=vol-0eb3627979069db71 Key=Created,Value=1485545944
INSTANCE i-0ec3141f7a8500cb7
INSTANCE NAME: abfinance_95569_app09
Tagging Snapshot snap-00fe12643abeeecc2 with the following Tags: Key=CreatedBy,Value=ec2-automate-backup Key=InstanceId,Value=i-0ec3141f7a8500cb7 Key=InstanceName,Value=abfinance_95569_app09 Key=PurgeAfterFE,Value=1488137944 Key=PurgeAllow,Value=true Key=Volume,Value=vol-081196262722f4f10 Key=Created,Value=1485545944
INSTANCE i-03b57928616a8d119
INSTANCE NAME: abfinance_95569_app11
Tagging Snapshot snap-02e5bfbca18918df2 with the following Tags: Key=CreatedBy,Value=ec2-automate-backup Key=InstanceId,Value=i-03b57928616a8d119 Key=InstanceName,Value=abfinance_95569_app11 Key=PurgeAfterFE,Value=1488137944 Key=PurgeAllow,Value=true Key=Volume,Value=vol-00a4d8cc657fd095f Key=Created,Value=1485545944
INSTANCE i-09c114c3c67ac2768
INSTANCE NAME: abfinance_95569_app15
Tagging Snapshot snap-01db22de9957f0efa with the following Tags: Key=CreatedBy,Value=ec2-automate-backup Key=InstanceId,Value=i-09c114c3c67ac2768 Key=InstanceName,Value=abfinance_95569_app15 Key=PurgeAfterFE,Value=1488137944 Key=PurgeAllow,Value=true Key=Volume,Value=vol-0dc2b205ff3e0db9f Key=Created,Value=1485545944
INSTANCE i-09c114c3c67ac2768
INSTANCE NAME: abfinance_95569_app15
Tagging Snapshot snap-06d8990cd34947a16 with the following Tags: Key=CreatedBy,Value=ec2-automate-backup Key=InstanceId,Value=i-09c114c3c67ac2768 Key=InstanceName,Value=abfinance_95569_app15 Key=PurgeAfterFE,Value=1488137944 Key=PurgeAllow,Value=true Key=Volume,Value=vol-0603570eb189be1e3 Key=Created,Value=1485545944
INSTANCE i-0ec3141f7a8500cb7
INSTANCE NAME: abfinance_95569_app09
Tagging Snapshot snap-0a2b5ae204a9f9102 with the following Tags: Key=CreatedBy,Value=ec2-automate-backup Key=InstanceId,Value=i-0ec3141f7a8500cb7 Key=InstanceName,Value=abfinance_95569_app09 Key=PurgeAfterFE,Value=1488137944 Key=PurgeAllow,Value=true Key=Volume,Value=vol-033dfab10affed3a2 Key=Created,Value=1485545944
INSTANCE i-0a5f15688eacd2e3e
INSTANCE NAME: abfinance_95569_app13
Tagging Snapshot snap-0d9e3edc66260c1c7 with the following Tags: Key=CreatedBy,Value=ec2-automate-backup Key=InstanceId,Value=i-0a5f15688eacd2e3e Key=InstanceName,Value=abfinance_95569_app13 Key=PurgeAfterFE,Value=1488137944 Key=PurgeAllow,Value=true Key=Volume,Value=vol-02298d3eaf4ba7281 Key=Created,Value=1485545944
INSTANCE i-0a5f15688eacd2e3e
INSTANCE NAME: abfinance_95569_app13
Tagging Snapshot snap-09791e46afb23845b with the following Tags: Key=CreatedBy,Value=ec2-automate-backup Key=InstanceId,Value=i-0a5f15688eacd2e3e Key=InstanceName,Value=abfinance_95569_app13 Key=PurgeAfterFE,Value=1488137944 Key=PurgeAllow,Value=true Key=Volume,Value=vol-0785e6333055e6365 Key=Created,Value=1485545944
INSTANCE i-0f0c674e5b6788a2c
INSTANCE NAME: abfinance_95569_app19
Tagging Snapshot snap-089bfeaa2a1335998 with the following Tags: Key=CreatedBy,Value=ec2-automate-backup Key=InstanceId,Value=i-0f0c674e5b6788a2c Key=InstanceName,Value=abfinance_95569_app19 Key=PurgeAfterFE,Value=1488137944 Key=PurgeAllow,Value=true Key=Volume,Value=vol-06b68df3e57d2e58d Key=Created,Value=1485545944
INSTANCE i-0f0c674e5b6788a2c
INSTANCE NAME: abfinance_95569_app19
Tagging Snapshot snap-01cdcc789df9de646 with the following Tags: Key=CreatedBy,Value=ec2-automate-backup Key=InstanceId,Value=i-0f0c674e5b6788a2c Key=InstanceName,Value=abfinance_95569_app19 Key=PurgeAfterFE,Value=1488137944 Key=PurgeAllow,Value=true Key=Volume,Value=vol-0851a9c76d4ea078c Key=Created,Value=1485545944
INSTANCE i-0a411a0ef749f4cf1
INSTANCE NAME: abfinance_95569_app21
Tagging Snapshot snap-00da1fbe5babfd0a3 with the following Tags: Key=CreatedBy,Value=ec2-automate-backup Key=InstanceId,Value=i-0a411a0ef749f4cf1 Key=InstanceName,Value=abfinance_95569_app21 Key=PurgeAfterFE,Value=1488137944 Key=PurgeAllow,Value=true Key=Volume,Value=vol-0c3d605f9052074d8 Key=Created,Value=1485545944
INSTANCE i-0a411a0ef749f4cf1
INSTANCE NAME: abfinance_95569_app21
Tagging Snapshot snap-0c0819b5459c7e4c7 with the following Tags: Key=CreatedBy,Value=ec2-automate-backup Key=InstanceId,Value=i-0a411a0ef749f4cf1 Key=InstanceName,Value=abfinance_95569_app21 Key=PurgeAfterFE,Value=1488137944 Key=PurgeAllow,Value=true Key=Volume,Value=vol-0310bf0152a386a1f Key=Created,Value=1485545944
INSTANCE i-0d5e1e43bf386d202
INSTANCE NAME: abfinance_95569_app23
Tagging Snapshot snap-02e743bbd248a4295 with the following Tags: Key=CreatedBy,Value=ec2-automate-backup Key=InstanceId,Value=i-0d5e1e43bf386d202 Key=InstanceName,Value=abfinance_95569_app23 Key=PurgeAfterFE,Value=1488137944 Key=PurgeAllow,Value=true Key=Volume,Value=vol-0f81b4a366156ec4e Key=Created,Value=1485545944
INSTANCE i-0d5e1e43bf386d202
INSTANCE NAME: abfinance_95569_app23
Tagging Snapshot snap-0da3f86f7bc667f46 with the following Tags: Key=CreatedBy,Value=ec2-automate-backup Key=InstanceId,Value=i-0d5e1e43bf386d202 Key=InstanceName,Value=abfinance_95569_app23 Key=PurgeAfterFE,Value=1488137944 Key=PurgeAllow,Value=true Key=Volume,Value=vol-0111d7f26ad53c4cb Key=Created,Value=1485545944
INSTANCE i-0eb8007a14e67dab2
INSTANCE NAME: abfinance_95569_app27
Tagging Snapshot snap-0e823e9c8ab94b965 with the following Tags: Key=CreatedBy,Value=ec2-automate-backup Key=InstanceId,Value=i-0eb8007a14e67dab2 Key=InstanceName,Value=abfinance_95569_app27 Key=PurgeAfterFE,Value=1488137944 Key=PurgeAllow,Value=true Key=Volume,Value=vol-03525070f4c814961 Key=Created,Value=1485545944
INSTANCE i-07edbc122c6a6ac80
INSTANCE NAME: abfinance_95569_app17
Tagging Snapshot snap-09221895860feb6ae with the following Tags: Key=CreatedBy,Value=ec2-automate-backup Key=InstanceId,Value=i-07edbc122c6a6ac80 Key=InstanceName,Value=abfinance_95569_app17 Key=PurgeAfterFE,Value=1488137944 Key=PurgeAllow,Value=true Key=Volume,Value=vol-04e6264745822f286 Key=Created,Value=1485545944
INSTANCE i-03b57928616a8d119
INSTANCE NAME: abfinance_95569_app11
Tagging Snapshot snap-0b9342e20625a9bc7 with the following Tags: Key=CreatedBy,Value=ec2-automate-backup Key=InstanceId,Value=i-03b57928616a8d119 Key=InstanceName,Value=abfinance_95569_app11 Key=PurgeAfterFE,Value=1488137944 Key=PurgeAllow,Value=true Key=Volume,Value=vol-004d8faa59c222aa5 Key=Created,Value=1485545944
INSTANCE i-07edbc122c6a6ac80
INSTANCE NAME: abfinance_95569_app17
Tagging Snapshot snap-08db8e4a173b6f799 with the following Tags: Key=CreatedBy,Value=ec2-automate-backup Key=InstanceId,Value=i-07edbc122c6a6ac80 Key=InstanceName,Value=abfinance_95569_app17 Key=PurgeAfterFE,Value=1488137944 Key=PurgeAllow,Value=true Key=Volume,Value=vol-01b2522c2d2534299 Key=Created,Value=1485545944
INSTANCE i-07728f7b5bfbf498e
INSTANCE NAME: abfinance_95569_app25
Tagging Snapshot snap-0e747f0367ef820ed with the following Tags: Key=CreatedBy,Value=ec2-automate-backup Key=InstanceId,Value=i-07728f7b5bfbf498e Key=InstanceName,Value=abfinance_95569_app25 Key=PurgeAfterFE,Value=1488137944 Key=PurgeAllow,Value=true Key=Volume,Value=vol-04b5c2f0495b27c68 Key=Created,Value=1485545944
INSTANCE i-0eb8007a14e67dab2
INSTANCE NAME: abfinance_95569_app27
Tagging Snapshot snap-0597801ea96b90c44 with the following Tags: Key=CreatedBy,Value=ec2-automate-backup Key=InstanceId,Value=i-0eb8007a14e67dab2 Key=InstanceName,Value=abfinance_95569_app27 Key=PurgeAfterFE,Value=1488137944 Key=PurgeAllow,Value=true Key=Volume,Value=vol-0dcf38ce3ae3a060a Key=Created,Value=1485545944
INSTANCE i-07728f7b5bfbf498e
INSTANCE NAME: abfinance_95569_app25
Tagging Snapshot snap-0050b59169cb33ae8 with the following Tags: Key=CreatedBy,Value=ec2-automate-backup Key=InstanceId,Value=i-07728f7b5bfbf498e Key=InstanceName,Value=abfinance_95569_app25 Key=PurgeAfterFE,Value=1488137944 Key=PurgeAllow,Value=true Key=Volume,Value=vol-0200a88c02cfb804d Key=Created,Value=1485545944
INSTANCE i-07705f35bff445c41
INSTANCE NAME: abfinance_95569_app07
Tagging Snapshot snap-05878394bcd6adfc9 with the following Tags: Key=CreatedBy,Value=ec2-automate-backup Key=InstanceId,Value=i-07705f35bff445c41 Key=InstanceName,Value=abfinance_95569_app07 Key=PurgeAfterFE,Value=1488137944 Key=PurgeAllow,Value=true Key=Volume,Value=vol-08bc36523beab866f Key=Created,Value=1485545944
INSTANCE i-033cd6848a0ee1ed5
INSTANCE NAME: abfinance_95569_app31
Tagging Snapshot snap-0b5dd00ac9a034131 with the following Tags: Key=CreatedBy,Value=ec2-automate-backup Key=InstanceId,Value=i-033cd6848a0ee1ed5 Key=InstanceName,Value=abfinance_95569_app31 Key=PurgeAfterFE,Value=1488137944 Key=PurgeAllow,Value=true Key=Volume,Value=vol-0f627f4a287f07de3 Key=Created,Value=1485545944
INSTANCE i-08b97f2fe53f80f22
INSTANCE NAME: abfinance_95569_app05
Tagging Snapshot snap-01634a26612556df7 with the following Tags: Key=CreatedBy,Value=ec2-automate-backup Key=InstanceId,Value=i-08b97f2fe53f80f22 Key=InstanceName,Value=abfinance_95569_app05 Key=PurgeAfterFE,Value=1488137944 Key=PurgeAllow,Value=true Key=Volume,Value=vol-099c0fd92df48a286 Key=Created,Value=1485545944
INSTANCE i-038f55a947fe549b9
INSTANCE NAME: abfinance_95569_app29
Tagging Snapshot snap-0bc9c4c2611e6d816 with the following Tags: Key=CreatedBy,Value=ec2-automate-backup Key=InstanceId,Value=i-038f55a947fe549b9 Key=InstanceName,Value=abfinance_95569_app29 Key=PurgeAfterFE,Value=1488137944 Key=PurgeAllow,Value=true Key=Volume,Value=vol-086413bf696d0b35e Key=Created,Value=1485545944
INSTANCE i-038f55a947fe549b9
INSTANCE NAME: abfinance_95569_app29
Tagging Snapshot snap-0d7906135e526e28e with the following Tags: Key=CreatedBy,Value=ec2-automate-backup Key=InstanceId,Value=i-038f55a947fe549b9 Key=InstanceName,Value=abfinance_95569_app29 Key=PurgeAfterFE,Value=1488137944 Key=PurgeAllow,Value=true Key=Volume,Value=vol-0fdaee4b23a29e129 Key=Created,Value=1485545944
INSTANCE i-0c74aacdacea37885
INSTANCE NAME: abfinance_95569_app35
Tagging Snapshot snap-013dc299ef699e467 with the following Tags: Key=CreatedBy,Value=ec2-automate-backup Key=InstanceId,Value=i-0c74aacdacea37885 Key=InstanceName,Value=abfinance_95569_app35 Key=PurgeAfterFE,Value=1488137944 Key=PurgeAllow,Value=true Key=Volume,Value=vol-072183b6a817893f7 Key=Created,Value=1485545944
INSTANCE i-0257be16b51727274
INSTANCE NAME: abfinance_95569_app01
Tagging Snapshot snap-0f9a22c41b55de7e4 with the following Tags: Key=CreatedBy,Value=ec2-automate-backup Key=InstanceId,Value=i-0257be16b51727274 Key=InstanceName,Value=abfinance_95569_app01 Key=PurgeAfterFE,Value=1488137944 Key=PurgeAllow,Value=true Key=Volume,Value=vol-09653c9b7d7cc8b5a Key=Created,Value=1485545944
INSTANCE i-0c74aacdacea37885
INSTANCE NAME: abfinance_95569_app35
Tagging Snapshot snap-0c41931445c752aa5 with the following Tags: Key=CreatedBy,Value=ec2-automate-backup Key=InstanceId,Value=i-0c74aacdacea37885 Key=InstanceName,Value=abfinance_95569_app35 Key=PurgeAfterFE,Value=1488137944 Key=PurgeAllow,Value=true Key=Volume,Value=vol-090f117c456e8e47c Key=Created,Value=1485545944
INSTANCE i-033cd6848a0ee1ed5
INSTANCE NAME: abfinance_95569_app31
Tagging Snapshot snap-09aa709ef443170e6 with the following Tags: Key=CreatedBy,Value=ec2-automate-backup Key=InstanceId,Value=i-033cd6848a0ee1ed5 Key=InstanceName,Value=abfinance_95569_app31 Key=PurgeAfterFE,Value=1488137944 Key=PurgeAllow,Value=true Key=Volume,Value=vol-0f44e3615bdc25730 Key=Created,Value=1485545944
INSTANCE i-0f829d60597e5c715
INSTANCE NAME: abfinance_95569_app33
Tagging Snapshot snap-03dfc97b8a57871ed with the following Tags: Key=CreatedBy,Value=ec2-automate-backup Key=InstanceId,Value=i-0f829d60597e5c715 Key=InstanceName,Value=abfinance_95569_app33 Key=PurgeAfterFE,Value=1488137944 Key=PurgeAllow,Value=true Key=Volume,Value=vol-0eb8e231a42b429a3 Key=Created,Value=1485545944
INSTANCE i-0f829d60597e5c715
INSTANCE NAME: abfinance_95569_app33
Tagging Snapshot snap-0844cd969593f534b with the following Tags: Key=CreatedBy,Value=ec2-automate-backup Key=InstanceId,Value=i-0f829d60597e5c715 Key=InstanceName,Value=abfinance_95569_app33 Key=PurgeAfterFE,Value=1488137944 Key=PurgeAllow,Value=true Key=Volume,Value=vol-0380591138b2bac42 Key=Created,Value=1485545944
INSTANCE i-00737f9ceeaad86d1
INSTANCE NAME: abfinance_95569_app03
Tagging Snapshot snap-0e16d34871696150b with the following Tags: Key=CreatedBy,Value=ec2-automate-backup Key=InstanceId,Value=i-00737f9ceeaad86d1 Key=InstanceName,Value=abfinance_95569_app03 Key=PurgeAfterFE,Value=1488137944 Key=PurgeAllow,Value=true Key=Volume,Value=vol-0d4af25a0758d6113 Key=Created,Value=1485545944
INSTANCE i-00737f9ceeaad86d1
INSTANCE NAME: abfinance_95569_app03
Tagging Snapshot snap-0bc85666d7b6b4b42 with the following Tags: Key=CreatedBy,Value=ec2-automate-backup Key=InstanceId,Value=i-00737f9ceeaad86d1 Key=InstanceName,Value=abfinance_95569_app03 Key=PurgeAfterFE,Value=1488137944 Key=PurgeAllow,Value=true Key=Volume,Value=vol-08c55b678a9fff5df Key=Created,Value=1485545944
INSTANCE i-08b97f2fe53f80f22
INSTANCE NAME: abfinance_95569_app05
Tagging Snapshot snap-0ac6d2c7e3c3732da with the following Tags: Key=CreatedBy,Value=ec2-automate-backup Key=InstanceId,Value=i-08b97f2fe53f80f22 Key=InstanceName,Value=abfinance_95569_app05 Key=PurgeAfterFE,Value=1488137944 Key=PurgeAllow,Value=true Key=Volume,Value=vol-00ab47222a671a9a3 Key=Created,Value=1485545944
INSTANCE i-0723ff9b3e8e40be7
INSTANCE NAME: abfinance_95569_app37
Tagging Snapshot snap-09785877e16207b80 with the following Tags: Key=CreatedBy,Value=ec2-automate-backup Key=InstanceId,Value=i-0723ff9b3e8e40be7 Key=InstanceName,Value=abfinance_95569_app37 Key=PurgeAfterFE,Value=1488137944 Key=PurgeAllow,Value=true Key=Volume,Value=vol-0281762adebc253ea Key=Created,Value=1485545944
INSTANCE i-0257be16b51727274
INSTANCE NAME: abfinance_95569_app01
Tagging Snapshot snap-0ca541addc857cb34 with the following Tags: Key=CreatedBy,Value=ec2-automate-backup Key=InstanceId,Value=i-0257be16b51727274 Key=InstanceName,Value=abfinance_95569_app01 Key=PurgeAfterFE,Value=1488137944 Key=PurgeAllow,Value=true Key=Volume,Value=vol-0d8e0588b2630dc6f Key=Created,Value=1485545944
INSTANCE i-07705f35bff445c41
INSTANCE NAME: abfinance_95569_app07
Tagging Snapshot snap-0550a0dea05182874 with the following Tags: Key=CreatedBy,Value=ec2-automate-backup Key=InstanceId,Value=i-07705f35bff445c41 Key=InstanceName,Value=abfinance_95569_app07 Key=PurgeAfterFE,Value=1488137944 Key=PurgeAllow,Value=true Key=Volume,Value=vol-061fdd835777e319c Key=Created,Value=1485545944
INSTANCE i-0723ff9b3e8e40be7
INSTANCE NAME: abfinance_95569_app37
Tagging Snapshot snap-0c085f6ab7bd35633 with the following Tags: Key=CreatedBy,Value=ec2-automate-backup Key=InstanceId,Value=i-0723ff9b3e8e40be7 Key=InstanceName,Value=abfinance_95569_app37 Key=PurgeAfterFE,Value=1488137944 Key=PurgeAllow,Value=true Key=Volume,Value=vol-0b7b3d56950413d9b Key=Created,Value=1485545944
INSTANCE i-0f705ab54239a1f52
INSTANCE NAME: abfinance_95569_qyyxapp05
Tagging Snapshot snap-05ddc572574554614 with the following Tags: Key=CreatedBy,Value=ec2-automate-backup Key=InstanceId,Value=i-0f705ab54239a1f52 Key=InstanceName,Value=abfinance_95569_qyyxapp05 Key=PurgeAfterFE,Value=1488137944 Key=PurgeAllow,Value=true Key=Volume,Value=vol-09d6b1837b615adf0 Key=Created,Value=1485545944
INSTANCE i-04a60b0759f7eb2ac
INSTANCE NAME: abfinance_95569_qyyxapp01
Tagging Snapshot snap-0762fae2cce81fa80 with the following Tags: Key=CreatedBy,Value=ec2-automate-backup Key=InstanceId,Value=i-04a60b0759f7eb2ac Key=InstanceName,Value=abfinance_95569_qyyxapp01 Key=PurgeAfterFE,Value=1488137944 Key=PurgeAllow,Value=true Key=Volume,Value=vol-0ab00cc4b064066fb Key=Created,Value=1485545944
INSTANCE i-0b94ec86e798d7437
INSTANCE NAME: abfinance_95569_qyyxapp03
Tagging Snapshot snap-05ca6aec4161c4462 with the following Tags: Key=CreatedBy,Value=ec2-automate-backup Key=InstanceId,Value=i-0b94ec86e798d7437 Key=InstanceName,Value=abfinance_95569_qyyxapp03 Key=PurgeAfterFE,Value=1488137944 Key=PurgeAllow,Value=true Key=Volume,Value=vol-02fe979ffb7dc9b91 Key=Created,Value=1485545944
INSTANCE i-0f705ab54239a1f52
INSTANCE NAME: abfinance_95569_qyyxapp05
Tagging Snapshot snap-04868152a407b84e4 with the following Tags: Key=CreatedBy,Value=ec2-automate-backup Key=InstanceId,Value=i-0f705ab54239a1f52 Key=InstanceName,Value=abfinance_95569_qyyxapp05 Key=PurgeAfterFE,Value=1488137944 Key=PurgeAllow,Value=true Key=Volume,Value=vol-0b8edb31bd17a1ded Key=Created,Value=1485545944
INSTANCE i-04a60b0759f7eb2ac
INSTANCE NAME: abfinance_95569_qyyxapp01
Tagging Snapshot snap-0096051bd513bb194 with the following Tags: Key=CreatedBy,Value=ec2-automate-backup Key=InstanceId,Value=i-04a60b0759f7eb2ac Key=InstanceName,Value=abfinance_95569_qyyxapp01 Key=PurgeAfterFE,Value=1488137944 Key=PurgeAllow,Value=true Key=Volume,Value=vol-0966ecafbcd12b336 Key=Created,Value=1485545944
INSTANCE i-0b94ec86e798d7437
INSTANCE NAME: abfinance_95569_qyyxapp03
Tagging Snapshot snap-00d05ec163639cff1 with the following Tags: Key=CreatedBy,Value=ec2-automate-backup Key=InstanceId,Value=i-0b94ec86e798d7437 Key=InstanceName,Value=abfinance_95569_qyyxapp03 Key=PurgeAfterFE,Value=1488137944 Key=PurgeAllow,Value=true Key=Volume,Value=vol-037854b3916095873 Key=Created,Value=1485545944
INSTANCE i-04a06b4c7bf9d94e3
INSTANCE NAME: abfinance_95569_qyyxapp07
Tagging Snapshot snap-007c574959bcc4fb3 with the following Tags: Key=CreatedBy,Value=ec2-automate-backup Key=InstanceId,Value=i-04a06b4c7bf9d94e3 Key=InstanceName,Value=abfinance_95569_qyyxapp07 Key=PurgeAfterFE,Value=1488137944 Key=PurgeAllow,Value=true Key=Volume,Value=vol-0c00fa4c526514642 Key=Created,Value=1485545944
INSTANCE i-04a06b4c7bf9d94e3
INSTANCE NAME: abfinance_95569_qyyxapp07
Tagging Snapshot snap-0243bc6ee6067b62e with the following Tags: Key=CreatedBy,Value=ec2-automate-backup Key=InstanceId,Value=i-04a06b4c7bf9d94e3 Key=InstanceName,Value=abfinance_95569_qyyxapp07 Key=PurgeAfterFE,Value=1488137944 Key=PurgeAllow,Value=true Key=Volume,Value=vol-0224e39c7f51f325d Key=Created,Value=1485545944
INSTANCE i-0e3788bfe6f90f34c
INSTANCE NAME: abfinance_95569_db01
Tagging Snapshot snap-078cfca864ee8f42e with the following Tags: Key=CreatedBy,Value=ec2-automate-backup Key=InstanceId,Value=i-0e3788bfe6f90f34c Key=InstanceName,Value=abfinance_95569_db01 Key=PurgeAfterFE,Value=1488137944 Key=PurgeAllow,Value=true Key=Volume,Value=vol-07eeda4b057720025 Key=Created,Value=1485545944
INSTANCE i-0e3788bfe6f90f34c
INSTANCE NAME: abfinance_95569_db01
Tagging Snapshot snap-0e79fb2778500b1c7 with the following Tags: Key=CreatedBy,Value=ec2-automate-backup Key=InstanceId,Value=i-0e3788bfe6f90f34c Key=InstanceName,Value=abfinance_95569_db01 Key=PurgeAfterFE,Value=1488137944 Key=PurgeAllow,Value=true Key=Volume,Value=vol-08ae7f3e7ca5aba00 Key=Created,Value=1485545944
INSTANCE i-0e3788bfe6f90f34c
INSTANCE NAME: abfinance_95569_db01
Tagging Snapshot snap-01f6f49b0b2a26591 with the following Tags: Key=CreatedBy,Value=ec2-automate-backup Key=InstanceId,Value=i-0e3788bfe6f90f34c Key=InstanceName,Value=abfinance_95569_db01 Key=PurgeAfterFE,Value=1488137944 Key=PurgeAllow,Value=true Key=Volume,Value=vol-080136fd0268ba249 Key=Created,Value=1485545944
INSTANCE i-0e3788bfe6f90f34c
INSTANCE NAME: abfinance_95569_db01
Tagging Snapshot snap-0fe0b00d3a71a5412 with the following Tags: Key=CreatedBy,Value=ec2-automate-backup Key=InstanceId,Value=i-0e3788bfe6f90f34c Key=InstanceName,Value=abfinance_95569_db01 Key=PurgeAfterFE,Value=1488137944 Key=PurgeAllow,Value=true Key=Volume,Value=vol-0e39a5064691379ba Key=Created,Value=1485545944
INSTANCE i-00a83f954cf74b49c
INSTANCE NAME: abfinance_top20_ubuntu_db01
Tagging Snapshot snap-02de8697af6978b4b with the following Tags: Key=CreatedBy,Value=ec2-automate-backup Key=InstanceId,Value=i-00a83f954cf74b49c Key=InstanceName,Value=abfinance_top20_ubuntu_db01 Key=PurgeAfterFE,Value=1488137944 Key=PurgeAllow,Value=true Key=Volume,Value=vol-00650e414cf107b17 Key=Created,Value=1485545944
INSTANCE i-0c216734d128c6375
INSTANCE NAME: abfinance_top20_ubuntu_app03
Tagging Snapshot snap-0fea3fc28a22b6c90 with the following Tags: Key=CreatedBy,Value=ec2-automate-backup Key=InstanceId,Value=i-0c216734d128c6375 Key=InstanceName,Value=abfinance_top20_ubuntu_app03 Key=PurgeAfterFE,Value=1488137944 Key=PurgeAllow,Value=true Key=Volume,Value=vol-0f763f4259c95c9b5 Key=Created,Value=1485545944
INSTANCE i-0c216734d128c6375
INSTANCE NAME: abfinance_top20_ubuntu_app03
Tagging Snapshot snap-075b38c696e76ed9d with the following Tags: Key=CreatedBy,Value=ec2-automate-backup Key=InstanceId,Value=i-0c216734d128c6375 Key=InstanceName,Value=abfinance_top20_ubuntu_app03 Key=PurgeAfterFE,Value=1488137944 Key=PurgeAllow,Value=true Key=Volume,Value=vol-0cd52f41e2b7d8e0a Key=Created,Value=1485545944
INSTANCE i-00a83f954cf74b49c
INSTANCE NAME: abfinance_top20_ubuntu_db01
Tagging Snapshot snap-0a3840852cfec11b9 with the following Tags: Key=CreatedBy,Value=ec2-automate-backup Key=InstanceId,Value=i-00a83f954cf74b49c Key=InstanceName,Value=abfinance_top20_ubuntu_db01 Key=PurgeAfterFE,Value=1488137944 Key=PurgeAllow,Value=true Key=Volume,Value=vol-02af501b13bf54b0e Key=Created,Value=1485545944
INSTANCE i-00a83f954cf74b49c
INSTANCE NAME: abfinance_top20_ubuntu_db01
Tagging Snapshot snap-0592338f5ef675afb with the following Tags: Key=CreatedBy,Value=ec2-automate-backup Key=InstanceId,Value=i-00a83f954cf74b49c Key=InstanceName,Value=abfinance_top20_ubuntu_db01 Key=PurgeAfterFE,Value=1488137944 Key=PurgeAllow,Value=true Key=Volume,Value=vol-0bee7854c001f0356 Key=Created,Value=1485545944
INSTANCE i-0c216734d128c6375
INSTANCE NAME: abfinance_top20_ubuntu_app03
Tagging Snapshot snap-00651bffe21b42718 with the following Tags: Key=CreatedBy,Value=ec2-automate-backup Key=InstanceId,Value=i-0c216734d128c6375 Key=InstanceName,Value=abfinance_top20_ubuntu_app03 Key=PurgeAfterFE,Value=1488137944 Key=PurgeAllow,Value=true Key=Volume,Value=vol-0cc56bc37e58a69f8 Key=Created,Value=1485545944
INSTANCE i-0c216734d128c6375
INSTANCE NAME: abfinance_top20_ubuntu_app03
Tagging Snapshot snap-01f6af4d332df3afa with the following Tags: Key=CreatedBy,Value=ec2-automate-backup Key=InstanceId,Value=i-0c216734d128c6375 Key=InstanceName,Value=abfinance_top20_ubuntu_app03 Key=PurgeAfterFE,Value=1488137944 Key=PurgeAllow,Value=true Key=Volume,Value=vol-07fdebcf5a0e444be Key=Created,Value=1485545944
INSTANCE i-00a83f954cf74b49c
INSTANCE NAME: abfinance_top20_ubuntu_db01
Tagging Snapshot snap-0e3b0eaf06a4de6f1 with the following Tags: Key=CreatedBy,Value=ec2-automate-backup Key=InstanceId,Value=i-00a83f954cf74b49c Key=InstanceName,Value=abfinance_top20_ubuntu_db01 Key=PurgeAfterFE,Value=1488137944 Key=PurgeAllow,Value=true Key=Volume,Value=vol-0689fe07556ce52b6 Key=Created,Value=1485545944
INSTANCE i-00a83f954cf74b49c
INSTANCE NAME: abfinance_top20_ubuntu_db01
Tagging Snapshot snap-0ecf1b86aea2ca414 with the following Tags: Key=CreatedBy,Value=ec2-automate-backup Key=InstanceId,Value=i-00a83f954cf74b49c Key=InstanceName,Value=abfinance_top20_ubuntu_db01 Key=PurgeAfterFE,Value=1488137944 Key=PurgeAllow,Value=true Key=Volume,Value=vol-06d9a2487a760806c Key=Created,Value=1485545944
INSTANCE i-09614d304ca622c2e
INSTANCE NAME: abfinance_db01
Tagging Snapshot snap-0d04530a9006eac91 with the following Tags: Key=CreatedBy,Value=ec2-automate-backup Key=InstanceId,Value=i-09614d304ca622c2e Key=InstanceName,Value=abfinance_db01 Key=PurgeAfterFE,Value=1488137944 Key=PurgeAllow,Value=true Key=Volume,Value=vol-0c7bfa0ebf99f741e Key=Created,Value=1485545944
INSTANCE i-09614d304ca622c2e
INSTANCE NAME: abfinance_db01
Tagging Snapshot snap-05d55b3219d97c219 with the following Tags: Key=CreatedBy,Value=ec2-automate-backup Key=InstanceId,Value=i-09614d304ca622c2e Key=InstanceName,Value=abfinance_db01 Key=PurgeAfterFE,Value=1488137944 Key=PurgeAllow,Value=true Key=Volume,Value=vol-07864df19d9ea6dd1 Key=Created,Value=1485545944
INSTANCE i-09614d304ca622c2e
INSTANCE NAME: abfinance_db01
Tagging Snapshot snap-00ba7bfa76f36f404 with the following Tags: Key=CreatedBy,Value=ec2-automate-backup Key=InstanceId,Value=i-09614d304ca622c2e Key=InstanceName,Value=abfinance_db01 Key=PurgeAfterFE,Value=1488137944 Key=PurgeAllow,Value=true Key=Volume,Value=vol-076d04fffdc647343 Key=Created,Value=1485545944
INSTANCE i-09614d304ca622c2e
INSTANCE NAME: abfinance_db01
Tagging Snapshot snap-0fd2c88d3847b7bf7 with the following Tags: Key=CreatedBy,Value=ec2-automate-backup Key=InstanceId,Value=i-09614d304ca622c2e Key=InstanceName,Value=abfinance_db01 Key=PurgeAfterFE,Value=1488137944 Key=PurgeAllow,Value=true Key=Volume,Value=vol-0f6a730738cff2c86 Key=Created,Value=1485545944
INSTANCE i-084540b57e4187648
INSTANCE NAME: abfinance_fileshare01
Tagging Snapshot snap-002b774cde19217c2 with the following Tags: Key=CreatedBy,Value=ec2-automate-backup Key=InstanceId,Value=i-084540b57e4187648 Key=InstanceName,Value=abfinance_fileshare01 Key=PurgeAfterFE,Value=1488137944 Key=PurgeAllow,Value=true Key=Volume,Value=vol-0fabf5c1d62646d8a Key=Created,Value=1485545944
INSTANCE i-084540b57e4187648
INSTANCE NAME: abfinance_fileshare01
Tagging Snapshot snap-09899e3b061cd4643 with the following Tags: Key=CreatedBy,Value=ec2-automate-backup Key=InstanceId,Value=i-084540b57e4187648 Key=InstanceName,Value=abfinance_fileshare01 Key=PurgeAfterFE,Value=1488137944 Key=PurgeAllow,Value=true Key=Volume,Value=vol-03e0f7adfeb97a6d9 Key=Created,Value=1485545944
INSTANCE i-009d3dba5cea1a5fd
INSTANCE NAME: abfinance_lcb_admin01
Tagging Snapshot snap-0319ee3ac988e7360 with the following Tags: Key=CreatedBy,Value=ec2-automate-backup Key=InstanceId,Value=i-009d3dba5cea1a5fd Key=InstanceName,Value=abfinance_lcb_admin01 Key=PurgeAfterFE,Value=1488137944 Key=PurgeAllow,Value=true Key=Volume,Value=vol-08e53cbca7fc7d50f Key=Created,Value=1485545944
INSTANCE i-009d3dba5cea1a5fd
INSTANCE NAME: abfinance_lcb_admin01
Tagging Snapshot snap-01eea69e2cac8a25c with the following Tags: Key=CreatedBy,Value=ec2-automate-backup Key=InstanceId,Value=i-009d3dba5cea1a5fd Key=InstanceName,Value=abfinance_lcb_admin01 Key=PurgeAfterFE,Value=1488137944 Key=PurgeAllow,Value=true Key=Volume,Value=vol-070270ceedb98dca2 Key=Created,Value=1485545944
INSTANCE i-0c692d9224afa0bfa
INSTANCE NAME: abfinance_lcb_production01
Tagging Snapshot snap-0db6abfd7b646c328 with the following Tags: Key=CreatedBy,Value=ec2-automate-backup Key=InstanceId,Value=i-0c692d9224afa0bfa Key=InstanceName,Value=abfinance_lcb_production01 Key=PurgeAfterFE,Value=1488137944 Key=PurgeAllow,Value=true Key=Volume,Value=vol-03b3d8c0e1cadf8c1 Key=Created,Value=1485545944
INSTANCE i-0e36e12e65d6b4a4e
INSTANCE NAME: abfinance_lcb_sales01
Tagging Snapshot snap-052a7ed55f87b782b with the following Tags: Key=CreatedBy,Value=ec2-automate-backup Key=InstanceId,Value=i-0e36e12e65d6b4a4e Key=InstanceName,Value=abfinance_lcb_sales01 Key=PurgeAfterFE,Value=1488137944 Key=PurgeAllow,Value=true Key=Volume,Value=vol-08e5740f9ae393ab6 Key=Created,Value=1485545944
INSTANCE i-0c692d9224afa0bfa
INSTANCE NAME: abfinance_lcb_production01
Tagging Snapshot snap-08123b3bf2856900e with the following Tags: Key=CreatedBy,Value=ec2-automate-backup Key=InstanceId,Value=i-0c692d9224afa0bfa Key=InstanceName,Value=abfinance_lcb_production01 Key=PurgeAfterFE,Value=1488137944 Key=PurgeAllow,Value=true Key=Volume,Value=vol-0734128d6832a8b05 Key=Created,Value=1485545944
INSTANCE i-09c2eabe897e928a7
INSTANCE NAME: abfinance_lcb_webview01
Tagging Snapshot snap-01d58e287c50481b0 with the following Tags: Key=CreatedBy,Value=ec2-automate-backup Key=InstanceId,Value=i-09c2eabe897e928a7 Key=InstanceName,Value=abfinance_lcb_webview01 Key=PurgeAfterFE,Value=1488137944 Key=PurgeAllow,Value=true Key=Volume,Value=vol-08656f7f1440aa14a Key=Created,Value=1485545944
INSTANCE i-09c2eabe897e928a7
INSTANCE NAME: abfinance_lcb_webview01
Tagging Snapshot snap-0a59b705488d1b814 with the following Tags: Key=CreatedBy,Value=ec2-automate-backup Key=InstanceId,Value=i-09c2eabe897e928a7 Key=InstanceName,Value=abfinance_lcb_webview01 Key=PurgeAfterFE,Value=1488137944 Key=PurgeAllow,Value=true Key=Volume,Value=vol-0aa81463a2ad03c7a Key=Created,Value=1485545944
INSTANCE i-0518c045d2be93427
INSTANCE NAME: abfinance_nat01
Tagging Snapshot snap-0b28336fcaf186bc9 with the following Tags: Key=CreatedBy,Value=ec2-automate-backup Key=InstanceId,Value=i-0518c045d2be93427 Key=InstanceName,Value=abfinance_nat01 Key=PurgeAfterFE,Value=1488137944 Key=PurgeAllow,Value=true Key=Volume,Value=vol-0d9130bb61c0d4c56 Key=Created,Value=1485545944
INSTANCE i-0e36e12e65d6b4a4e
INSTANCE NAME: abfinance_lcb_sales01
Tagging Snapshot snap-095b5bde68cdacc68 with the following Tags: Key=CreatedBy,Value=ec2-automate-backup Key=InstanceId,Value=i-0e36e12e65d6b4a4e Key=InstanceName,Value=abfinance_lcb_sales01 Key=PurgeAfterFE,Value=1488137944 Key=PurgeAllow,Value=true Key=Volume,Value=vol-023127c32f4b64e52 Key=Created,Value=1485545944
INSTANCE i-0518c045d2be93427
INSTANCE NAME: abfinance_nat01
Tagging Snapshot snap-0777ae49d242e37e9 with the following Tags: Key=CreatedBy,Value=ec2-automate-backup Key=InstanceId,Value=i-0518c045d2be93427 Key=InstanceName,Value=abfinance_nat01 Key=PurgeAfterFE,Value=1488137944 Key=PurgeAllow,Value=true Key=Volume,Value=vol-0528c98fb329dffea Key=Created,Value=1485545944
INSTANCE i-038656cd0a5878996
INSTANCE NAME: abfinance_lcb_webview03
Tagging Snapshot snap-09d5861bb7ebc283f with the following Tags: Key=CreatedBy,Value=ec2-automate-backup Key=InstanceId,Value=i-038656cd0a5878996 Key=InstanceName,Value=abfinance_lcb_webview03 Key=PurgeAfterFE,Value=1488137944 Key=PurgeAllow,Value=true Key=Volume,Value=vol-029a78effd0af4174 Key=Created,Value=1485545944
INSTANCE i-038656cd0a5878996
INSTANCE NAME: abfinance_lcb_webview03
Tagging Snapshot snap-08ef13446bcf7710a with the following Tags: Key=CreatedBy,Value=ec2-automate-backup Key=InstanceId,Value=i-038656cd0a5878996 Key=InstanceName,Value=abfinance_lcb_webview03 Key=PurgeAfterFE,Value=1488137944 Key=PurgeAllow,Value=true Key=Volume,Value=vol-0f119584d4b9ada06 Key=Created,Value=1485545944
INSTANCE i-071c0e09746a7cab2
INSTANCE NAME: abfinance_top20_ubuntu_app01
Tagging Snapshot snap-02da4574adbc8aaf5 with the following Tags: Key=CreatedBy,Value=ec2-automate-backup Key=InstanceId,Value=i-071c0e09746a7cab2 Key=InstanceName,Value=abfinance_top20_ubuntu_app01 Key=PurgeAfterFE,Value=1488137944 Key=PurgeAllow,Value=true Key=Volume,Value=vol-028c8b322e5479cf7 Key=Created,Value=1485545944
INSTANCE i-071c0e09746a7cab2
INSTANCE NAME: abfinance_top20_ubuntu_app01
Tagging Snapshot snap-0d6e20ff0d16b9513 with the following Tags: Key=CreatedBy,Value=ec2-automate-backup Key=InstanceId,Value=i-071c0e09746a7cab2 Key=InstanceName,Value=abfinance_top20_ubuntu_app01 Key=PurgeAfterFE,Value=1488137944 Key=PurgeAllow,Value=true Key=Volume,Value=vol-07635e1c11c362ee7 Key=Created,Value=1485545944
INSTANCE i-071c0e09746a7cab2
INSTANCE NAME: abfinance_top20_ubuntu_app01
Tagging Snapshot snap-097ffccb51cbb8c24 with the following Tags: Key=CreatedBy,Value=ec2-automate-backup Key=InstanceId,Value=i-071c0e09746a7cab2 Key=InstanceName,Value=abfinance_top20_ubuntu_app01 Key=PurgeAfterFE,Value=1488137944 Key=PurgeAllow,Value=true Key=Volume,Value=vol-04f6f153979ec4e04 Key=Created,Value=1485545944
INSTANCE i-071c0e09746a7cab2
INSTANCE NAME: abfinance_top20_ubuntu_app01
Tagging Snapshot snap-0abe6a8ca73465844 with the following Tags: Key=CreatedBy,Value=ec2-automate-backup Key=InstanceId,Value=i-071c0e09746a7cab2 Key=InstanceName,Value=abfinance_top20_ubuntu_app01 Key=PurgeAfterFE,Value=1488137944 Key=PurgeAllow,Value=true Key=Volume,Value=vol-05313c753118b3f0e Key=Created,Value=1485545944
INSTANCE i-04301c43465272923
INSTANCE NAME: abfinance_top20_ubuntu_app05
Tagging Snapshot snap-09eb439dfbbe6d454 with the following Tags: Key=CreatedBy,Value=ec2-automate-backup Key=InstanceId,Value=i-04301c43465272923 Key=InstanceName,Value=abfinance_top20_ubuntu_app05 Key=PurgeAfterFE,Value=1488137944 Key=PurgeAllow,Value=true Key=Volume,Value=vol-042ff0cf25d5159f1 Key=Created,Value=1485545944
INSTANCE i-04301c43465272923
INSTANCE NAME: abfinance_top20_ubuntu_app05
Tagging Snapshot snap-09af8848eb3f6f925 with the following Tags: Key=CreatedBy,Value=ec2-automate-backup Key=InstanceId,Value=i-04301c43465272923 Key=InstanceName,Value=abfinance_top20_ubuntu_app05 Key=PurgeAfterFE,Value=1488137944 Key=PurgeAllow,Value=true Key=Volume,Value=vol-000debe3735b701da Key=Created,Value=1485545944
INSTANCE i-04301c43465272923
INSTANCE NAME: abfinance_top20_ubuntu_app05
Tagging Snapshot snap-0bd99f1cbbbb645ab with the following Tags: Key=CreatedBy,Value=ec2-automate-backup Key=InstanceId,Value=i-04301c43465272923 Key=InstanceName,Value=abfinance_top20_ubuntu_app05 Key=PurgeAfterFE,Value=1488137944 Key=PurgeAllow,Value=true Key=Volume,Value=vol-01bc3463f6ddd3d8d Key=Created,Value=1485545944
INSTANCE i-04301c43465272923
INSTANCE NAME: abfinance_top20_ubuntu_app05
Tagging Snapshot snap-0b21a8cea461eb2e5 with the following Tags: Key=CreatedBy,Value=ec2-automate-backup Key=InstanceId,Value=i-04301c43465272923 Key=InstanceName,Value=abfinance_top20_ubuntu_app05 Key=PurgeAfterFE,Value=1488137944 Key=PurgeAllow,Value=true Key=Volume,Value=vol-0ce01a4e917347781 Key=Created,Value=1485545944
Snapshot Purging is Starting Now.
