Snapshots taken by ec2-volumes-autobackup.sh will be eligible for purging after the following date (the purge after date given in seconds from epoch): 1493756297.
INSTANCE i-46b0ebfe
INSTANCE NAME: igv-ec2-im02
Tagging Snapshot snap-07a97100af1f7a43c with the following Tags: Key=CreatedBy,Value=ec2-automate-backup Key=InstanceId,Value=i-46b0ebfe Key=InstanceName,Value=igv-ec2-im02 Key=PurgeAfterFE,Value=1493756297 Key=PurgeAllow,Value=true Key=Volume,Value=vol-e7515158 Key=Created,Value=1491164297
INSTANCE 
INSTANCE NAME: 
Tagging Snapshot snap-03d606d4a2a0b00a8 with the following Tags: Key=CreatedBy,Value=ec2-automate-backup Key=InstanceId,Value= Key=InstanceName,Value= Key=PurgeAfterFE,Value=1493756297 Key=PurgeAllow,Value=true Key=Volume,Value=vol-3e515181 Key=Created,Value=1491164297
INSTANCE i-24b0eb9c
INSTANCE NAME: igv-ec2-web02
Tagging Snapshot snap-08e26364e4351d143 with the following Tags: Key=CreatedBy,Value=ec2-automate-backup Key=InstanceId,Value=i-24b0eb9c Key=InstanceName,Value=igv-ec2-web02 Key=PurgeAfterFE,Value=1493756297 Key=PurgeAllow,Value=true Key=Volume,Value=vol-3d515182 Key=Created,Value=1491164297
INSTANCE i-46b0ebfe
INSTANCE NAME: igv-ec2-im02
Tagging Snapshot snap-0b2209eb00ef2251e with the following Tags: Key=CreatedBy,Value=ec2-automate-backup Key=InstanceId,Value=i-46b0ebfe Key=InstanceName,Value=igv-ec2-im02 Key=PurgeAfterFE,Value=1493756297 Key=PurgeAllow,Value=true Key=Volume,Value=vol-2d515192 Key=Created,Value=1491164297
INSTANCE i-2eb0eb96
INSTANCE NAME: igv-ec2-fs02
Tagging Snapshot snap-0ad57e7c1d5b56b78 with the following Tags: Key=CreatedBy,Value=ec2-automate-backup Key=InstanceId,Value=i-2eb0eb96 Key=InstanceName,Value=igv-ec2-fs02 Key=PurgeAfterFE,Value=1493756297 Key=PurgeAllow,Value=true Key=Volume,Value=vol-2151519e Key=Created,Value=1491164297
INSTANCE i-2eb0eb96
INSTANCE NAME: igv-ec2-fs02
Tagging Snapshot snap-04003527efe518e76 with the following Tags: Key=CreatedBy,Value=ec2-automate-backup Key=InstanceId,Value=i-2eb0eb96 Key=InstanceName,Value=igv-ec2-fs02 Key=PurgeAfterFE,Value=1493756297 Key=PurgeAllow,Value=true Key=Volume,Value=vol-2051519f Key=Created,Value=1491164297
INSTANCE i-ecbd9b54
INSTANCE NAME: uat-igv-ec2-fs02
Tagging Snapshot snap-0d92311b8f6ffa7ef with the following Tags: Key=CreatedBy,Value=ec2-automate-backup Key=InstanceId,Value=i-ecbd9b54 Key=InstanceName,Value=uat-igv-ec2-fs02 Key=PurgeAfterFE,Value=1493756297 Key=PurgeAllow,Value=true Key=Volume,Value=vol-1c0114a3 Key=Created,Value=1491164297
INSTANCE 
INSTANCE NAME: 
Tagging Snapshot snap-07bf6f2bf8c3dbcaf with the following Tags: Key=CreatedBy,Value=ec2-automate-backup Key=InstanceId,Value= Key=InstanceName,Value= Key=PurgeAfterFE,Value=1493756297 Key=PurgeAllow,Value=true Key=Volume,Value=vol-1b0114a4 Key=Created,Value=1491164297
INSTANCE 
INSTANCE NAME: 
Tagging Snapshot snap-060bcc5182e2a2756 with the following Tags: Key=CreatedBy,Value=ec2-automate-backup Key=InstanceId,Value= Key=InstanceName,Value= Key=PurgeAfterFE,Value=1493756297 Key=PurgeAllow,Value=true Key=Volume,Value=vol-070114b8 Key=Created,Value=1491164297
INSTANCE 
INSTANCE NAME: 
Tagging Snapshot snap-03383d3822238067e with the following Tags: Key=CreatedBy,Value=ec2-automate-backup Key=InstanceId,Value= Key=InstanceName,Value= Key=PurgeAfterFE,Value=1493756297 Key=PurgeAllow,Value=true Key=Volume,Value=vol-32d8cd8d Key=Created,Value=1491164297
INSTANCE 
INSTANCE NAME: 
Tagging Snapshot snap-0bd8c44e06555ee13 with the following Tags: Key=CreatedBy,Value=ec2-automate-backup Key=InstanceId,Value= Key=InstanceName,Value= Key=PurgeAfterFE,Value=1493756297 Key=PurgeAllow,Value=true Key=Volume,Value=vol-99dbce26 Key=Created,Value=1491164297
INSTANCE i-e599bf5d
INSTANCE NAME: uat-igv-ec2-im02
Tagging Snapshot snap-0fed279922b56d71b with the following Tags: Key=CreatedBy,Value=ec2-automate-backup Key=InstanceId,Value=i-e599bf5d Key=InstanceName,Value=uat-igv-ec2-im02 Key=PurgeAfterFE,Value=1493756297 Key=PurgeAllow,Value=true Key=Volume,Value=vol-87dbce38 Key=Created,Value=1491164297
INSTANCE i-46b0ebfe
INSTANCE NAME: igv-ec2-im02
Tagging Snapshot snap-071a9daef54af9f60 with the following Tags: Key=CreatedBy,Value=ec2-automate-backup Key=InstanceId,Value=i-46b0ebfe Key=InstanceName,Value=igv-ec2-im02 Key=PurgeAfterFE,Value=1493756297 Key=PurgeAllow,Value=true Key=Volume,Value=vol-0d15268307606d6f0 Key=Created,Value=1491164297
INSTANCE i-2eb0eb96
INSTANCE NAME: igv-ec2-fs02
Tagging Snapshot snap-0c11ab883a20d1c48 with the following Tags: Key=CreatedBy,Value=ec2-automate-backup Key=InstanceId,Value=i-2eb0eb96 Key=InstanceName,Value=igv-ec2-fs02 Key=PurgeAfterFE,Value=1493756297 Key=PurgeAllow,Value=true Key=Volume,Value=vol-0e009e505c05a452a Key=Created,Value=1491164297
INSTANCE i-24b0eb9c
INSTANCE NAME: igv-ec2-web02
Tagging Snapshot snap-092b3ace352e43dd9 with the following Tags: Key=CreatedBy,Value=ec2-automate-backup Key=InstanceId,Value=i-24b0eb9c Key=InstanceName,Value=igv-ec2-web02 Key=PurgeAfterFE,Value=1493756297 Key=PurgeAllow,Value=true Key=Volume,Value=vol-0b69cceb822f7a407 Key=Created,Value=1491164297
INSTANCE i-24b0eb9c
INSTANCE NAME: igv-ec2-web02
Tagging Snapshot snap-004b1eb69b91f2c94 with the following Tags: Key=CreatedBy,Value=ec2-automate-backup Key=InstanceId,Value=i-24b0eb9c Key=InstanceName,Value=igv-ec2-web02 Key=PurgeAfterFE,Value=1493756297 Key=PurgeAllow,Value=true Key=Volume,Value=vol-0857f1e325fd6018e Key=Created,Value=1491164297
INSTANCE i-ecbd9b54
INSTANCE NAME: uat-igv-ec2-fs02
Tagging Snapshot snap-040b6193ce023c99e with the following Tags: Key=CreatedBy,Value=ec2-automate-backup Key=InstanceId,Value=i-ecbd9b54 Key=InstanceName,Value=uat-igv-ec2-fs02 Key=PurgeAfterFE,Value=1493756297 Key=PurgeAllow,Value=true Key=Volume,Value=vol-0aeb647bfb345986b Key=Created,Value=1491164297
INSTANCE i-e599bf5d
INSTANCE NAME: uat-igv-ec2-im02
Tagging Snapshot snap-0cdcab1f2250d2643 with the following Tags: Key=CreatedBy,Value=ec2-automate-backup Key=InstanceId,Value=i-e599bf5d Key=InstanceName,Value=uat-igv-ec2-im02 Key=PurgeAfterFE,Value=1493756297 Key=PurgeAllow,Value=true Key=Volume,Value=vol-090d85094cc305b84 Key=Created,Value=1491164297
INSTANCE i-e599bf5d
INSTANCE NAME: uat-igv-ec2-im02
Tagging Snapshot snap-04236e989415bad72 with the following Tags: Key=CreatedBy,Value=ec2-automate-backup Key=InstanceId,Value=i-e599bf5d Key=InstanceName,Value=uat-igv-ec2-im02 Key=PurgeAfterFE,Value=1493756297 Key=PurgeAllow,Value=true Key=Volume,Value=vol-06ef69f28a2955ade Key=Created,Value=1491164297
INSTANCE i-ecbd9b54
INSTANCE NAME: uat-igv-ec2-fs02
Tagging Snapshot snap-0e57e64661c014d1f with the following Tags: Key=CreatedBy,Value=ec2-automate-backup Key=InstanceId,Value=i-ecbd9b54 Key=InstanceName,Value=uat-igv-ec2-fs02 Key=PurgeAfterFE,Value=1493756297 Key=PurgeAllow,Value=true Key=Volume,Value=vol-03d55165c7fdb0d9e Key=Created,Value=1491164297
INSTANCE i-b486a98c
INSTANCE NAME: igv-ec2-im01
Tagging Snapshot snap-011d19fa61fd247d6 with the following Tags: Key=CreatedBy,Value=ec2-automate-backup Key=InstanceId,Value=i-b486a98c Key=InstanceName,Value=igv-ec2-im01 Key=PurgeAfterFE,Value=1493756297 Key=PurgeAllow,Value=true Key=Volume,Value=vol-64bceae1 Key=Created,Value=1491164297
INSTANCE i-b486a98c
INSTANCE NAME: igv-ec2-im01
Tagging Snapshot snap-072f26215da3a2722 with the following Tags: Key=CreatedBy,Value=ec2-automate-backup Key=InstanceId,Value=i-b486a98c Key=InstanceName,Value=igv-ec2-im01 Key=PurgeAfterFE,Value=1493756297 Key=PurgeAllow,Value=true Key=Volume,Value=vol-67bceae2 Key=Created,Value=1491164297
INSTANCE i-b287a88a
INSTANCE NAME: igv-ec2-web01
Tagging Snapshot snap-0e8c58d2a4dc5f741 with the following Tags: Key=CreatedBy,Value=ec2-automate-backup Key=InstanceId,Value=i-b287a88a Key=InstanceName,Value=igv-ec2-web01 Key=PurgeAfterFE,Value=1493756297 Key=PurgeAllow,Value=true Key=Volume,Value=vol-b5bdeb30 Key=Created,Value=1491164297
INSTANCE i-b287a88a
INSTANCE NAME: igv-ec2-web01
Tagging Snapshot snap-0fa6595bab5b0b20a with the following Tags: Key=CreatedBy,Value=ec2-automate-backup Key=InstanceId,Value=i-b287a88a Key=InstanceName,Value=igv-ec2-web01 Key=PurgeAfterFE,Value=1493756297 Key=PurgeAllow,Value=true Key=Volume,Value=vol-c7bdeb42 Key=Created,Value=1491164297
INSTANCE i-0a87a832
INSTANCE NAME: igv-ec2-fs01
Tagging Snapshot snap-0eed54d29c4e8948c with the following Tags: Key=CreatedBy,Value=ec2-automate-backup Key=InstanceId,Value=i-0a87a832 Key=InstanceName,Value=igv-ec2-fs01 Key=PurgeAfterFE,Value=1493756297 Key=PurgeAllow,Value=true Key=Volume,Value=vol-30bdebb5 Key=Created,Value=1491164297
INSTANCE i-0a87a832
INSTANCE NAME: igv-ec2-fs01
Tagging Snapshot snap-0cf9f52d0f0095423 with the following Tags: Key=CreatedBy,Value=ec2-automate-backup Key=InstanceId,Value=i-0a87a832 Key=InstanceName,Value=igv-ec2-fs01 Key=PurgeAfterFE,Value=1493756297 Key=PurgeAllow,Value=true Key=Volume,Value=vol-65bdebe0 Key=Created,Value=1491164297
INSTANCE i-e3dcf6db
INSTANCE NAME: uat-igv-ec2-web01
Tagging Snapshot snap-0b2dd0472dc09219d with the following Tags: Key=CreatedBy,Value=ec2-automate-backup Key=InstanceId,Value=i-e3dcf6db Key=InstanceName,Value=uat-igv-ec2-web01 Key=PurgeAfterFE,Value=1493756297 Key=PurgeAllow,Value=true Key=Volume,Value=vol-60b0e8e5 Key=Created,Value=1491164297
INSTANCE i-e3dcf6db
INSTANCE NAME: uat-igv-ec2-web01
Tagging Snapshot snap-0573adcc80455fd40 with the following Tags: Key=CreatedBy,Value=ec2-automate-backup Key=InstanceId,Value=i-e3dcf6db Key=InstanceName,Value=uat-igv-ec2-web01 Key=PurgeAfterFE,Value=1493756297 Key=PurgeAllow,Value=true Key=Volume,Value=vol-73b0e8f6 Key=Created,Value=1491164297
INSTANCE i-aacec892
INSTANCE NAME: newTags
Tagging Snapshot snap-021fce71e1d26704e with the following Tags: Key=CreatedBy,Value=ec2-automate-backup Key=InstanceId,Value=i-aacec892 Key=InstanceName,Value=newTags Key=PurgeAfterFE,Value=1493756297 Key=PurgeAllow,Value=true Key=Volume,Value=vol-10241f95 Key=Created,Value=1491164297
INSTANCE i-e3dcf6db
INSTANCE NAME: uat-igv-ec2-web01
Tagging Snapshot snap-04e5f9dae956621af with the following Tags: Key=CreatedBy,Value=ec2-automate-backup Key=InstanceId,Value=i-e3dcf6db Key=InstanceName,Value=uat-igv-ec2-web01 Key=PurgeAfterFE,Value=1493756297 Key=PurgeAllow,Value=true Key=Volume,Value=vol-010b6aec845fdc72e Key=Created,Value=1491164297
INSTANCE i-b486a98c
INSTANCE NAME: igv-ec2-im01
Tagging Snapshot snap-03f092ad730bb2dd5 with the following Tags: Key=CreatedBy,Value=ec2-automate-backup Key=InstanceId,Value=i-b486a98c Key=InstanceName,Value=igv-ec2-im01 Key=PurgeAfterFE,Value=1493756297 Key=PurgeAllow,Value=true Key=Volume,Value=vol-039deb6f07ed7c60c Key=Created,Value=1491164297
INSTANCE i-0a87a832
INSTANCE NAME: igv-ec2-fs01
Tagging Snapshot snap-06ec53fa0740ef87f with the following Tags: Key=CreatedBy,Value=ec2-automate-backup Key=InstanceId,Value=i-0a87a832 Key=InstanceName,Value=igv-ec2-fs01 Key=PurgeAfterFE,Value=1493756297 Key=PurgeAllow,Value=true Key=Volume,Value=vol-095211fa83f1b6524 Key=Created,Value=1491164297
INSTANCE i-b287a88a
INSTANCE NAME: igv-ec2-web01
Tagging Snapshot snap-04da11ed1a5d2dd91 with the following Tags: Key=CreatedBy,Value=ec2-automate-backup Key=InstanceId,Value=i-b287a88a Key=InstanceName,Value=igv-ec2-web01 Key=PurgeAfterFE,Value=1493756297 Key=PurgeAllow,Value=true Key=Volume,Value=vol-0cd7c487775e1e6bb Key=Created,Value=1491164297
Snapshot Purging is Starting Now.
Snapshot "snap-060679f27f7b563aa" with the PurgeAfterFE date of "1491164226" will be deleted.
Snapshot "snap-061b5509ff3d642cb" with the PurgeAfterFE date of "1491164226" will be deleted.
Snapshot "snap-064ed06093cb2df84" with the PurgeAfterFE date of "1491164226" will be deleted.
Snapshot "snap-085b050c3b8d9875b" with the PurgeAfterFE date of "1491164226" will be deleted.
Snapshot "snap-0c98bf9b8831f8867" with the PurgeAfterFE date of "1491164226" will be deleted.
Snapshot "snap-0ea9d49668ecbe964" with the PurgeAfterFE date of "1491164226" will be deleted.
Snapshot "snap-0c78780acdccfb3f8" with the PurgeAfterFE date of "1491164226" will be deleted.
Snapshot "snap-09987baedbc2521e2" with the PurgeAfterFE date of "1491164226" will be deleted.
Snapshot "snap-04df6d8451df77de5" with the PurgeAfterFE date of "1491164226" will be deleted.
Snapshot "snap-068b99fb79e14da02" with the PurgeAfterFE date of "1491164226" will be deleted.
Snapshot "snap-030c8da47efa18a0b" with the PurgeAfterFE date of "1491164226" will be deleted.
Snapshot "snap-09c9345a3b36fa16c" with the PurgeAfterFE date of "1491164226" will be deleted.
Snapshot "snap-0c3784ac3c7f64c38" with the PurgeAfterFE date of "1491164226" will be deleted.
Snapshot "snap-0db38792140e008b9" with the PurgeAfterFE date of "1491164226" will be deleted.
Snapshot "snap-0adf4b268271c09f4" with the PurgeAfterFE date of "1491164226" will be deleted.
Snapshot "snap-06431e77312a54c2e" with the PurgeAfterFE date of "1491164226" will be deleted.
Snapshot "snap-068fdc0cc66cf9082" with the PurgeAfterFE date of "1491164226" will be deleted.
Snapshot "snap-0a6a141fa97c44272" with the PurgeAfterFE date of "1491164226" will be deleted.
Snapshot "snap-00ada61ee49e02e60" with the PurgeAfterFE date of "1491164226" will be deleted.
Snapshot "snap-02d62ecf02d834e51" with the PurgeAfterFE date of "1491164226" will be deleted.
Snapshot "snap-0e5c6c0a742bbd3f4" with the PurgeAfterFE date of "1491164226" will be deleted.
Snapshot "snap-01c3f025bcc189aac" with the PurgeAfterFE date of "1491164226" will be deleted.
Snapshot "snap-0448defb8996a2aa4" with the PurgeAfterFE date of "1491164226" will be deleted.
Snapshot "snap-090a06f81a1d156f9" with the PurgeAfterFE date of "1491164226" will be deleted.
Snapshot "snap-043a9d16918cf7dfe" with the PurgeAfterFE date of "1491164226" will be deleted.
Snapshot "snap-001b6d2e0549e2973" with the PurgeAfterFE date of "1491164226" will be deleted.
Snapshot "snap-034cb026a0231a285" with the PurgeAfterFE date of "1491164226" will be deleted.
Snapshot "snap-0d342212a8759931e" with the PurgeAfterFE date of "1491164226" will be deleted.
