Snapshots taken by ec2-volumes-autobackup.sh will be eligible for purging after the following date (the purge after date given in seconds from epoch): 1491761406.
INSTANCE i-526547ea
INSTANCE NAME: test_internetds_nat02
Tagging Snapshot snap-067987189453c5815 with the following Tags: Key=CreatedBy,Value=ec2-automate-backup Key=InstanceId,Value=i-526547ea Key=InstanceName,Value=test_internetds_nat02 Key=PurgeAfterFE,Value=1491761406 Key=PurgeAllow,Value=true Key=Volume,Value=vol-719282ce Key=Created,Value=1489169406
INSTANCE i-b17a5809
INSTANCE NAME: uat_internetds_front_app01
Tagging Snapshot snap-098e073bfdfd11654 with the following Tags: Key=CreatedBy,Value=ec2-automate-backup Key=InstanceId,Value=i-b17a5809 Key=InstanceName,Value=uat_internetds_front_app01 Key=PurgeAfterFE,Value=1491761406 Key=PurgeAllow,Value=true Key=Volume,Value=vol-c6849479 Key=Created,Value=1489169406
INSTANCE i-b17a5809
INSTANCE NAME: uat_internetds_front_app01
Tagging Snapshot snap-0f1cb95ef52965949 with the following Tags: Key=CreatedBy,Value=ec2-automate-backup Key=InstanceId,Value=i-b17a5809 Key=InstanceName,Value=uat_internetds_front_app01 Key=PurgeAfterFE,Value=1491761406 Key=PurgeAllow,Value=true Key=Volume,Value=vol-3084948f Key=Created,Value=1489169406
INSTANCE i-8a7a5832
INSTANCE NAME: uat_internetds_mid01
Tagging Snapshot snap-02a7c2a00eed0707d with the following Tags: Key=CreatedBy,Value=ec2-automate-backup Key=InstanceId,Value=i-8a7a5832 Key=InstanceName,Value=uat_internetds_mid01 Key=PurgeAfterFE,Value=1491761406 Key=PurgeAllow,Value=true Key=Volume,Value=vol-8c859533 Key=Created,Value=1489169406
INSTANCE i-8a7a5832
INSTANCE NAME: uat_internetds_mid01
Tagging Snapshot snap-0820a9c0a0ff15d0a with the following Tags: Key=CreatedBy,Value=ec2-automate-backup Key=InstanceId,Value=i-8a7a5832 Key=InstanceName,Value=uat_internetds_mid01 Key=PurgeAfterFE,Value=1491761406 Key=PurgeAllow,Value=true Key=Volume,Value=vol-798595c6 Key=Created,Value=1489169406
INSTANCE i-1b7a58a3
INSTANCE NAME: uat_internetds_opsmon_mongo01
Tagging Snapshot snap-0d3f8b3a80b499dc8 with the following Tags: Key=CreatedBy,Value=ec2-automate-backup Key=InstanceId,Value=i-1b7a58a3 Key=InstanceName,Value=uat_internetds_opsmon_mongo01 Key=PurgeAfterFE,Value=1491761406 Key=PurgeAllow,Value=true Key=Volume,Value=vol-bf879700 Key=Created,Value=1489169406
INSTANCE i-1a7a58a2
INSTANCE NAME: uat_internetds_opsmon_mongo02
Tagging Snapshot snap-02cc2c6b453e82197 with the following Tags: Key=CreatedBy,Value=ec2-automate-backup Key=InstanceId,Value=i-1a7a58a2 Key=InstanceName,Value=uat_internetds_opsmon_mongo02 Key=PurgeAfterFE,Value=1491761406 Key=PurgeAllow,Value=true Key=Volume,Value=vol-fd879742 Key=Created,Value=1489169406
INSTANCE i-1b7a58a3
INSTANCE NAME: uat_internetds_opsmon_mongo01
Tagging Snapshot snap-07ac0365eb6fbdf0d with the following Tags: Key=CreatedBy,Value=ec2-automate-backup Key=InstanceId,Value=i-1b7a58a3 Key=InstanceName,Value=uat_internetds_opsmon_mongo01 Key=PurgeAfterFE,Value=1491761406 Key=PurgeAllow,Value=true Key=Volume,Value=vol-e287975d Key=Created,Value=1489169406
INSTANCE i-1a7a58a2
INSTANCE NAME: uat_internetds_opsmon_mongo02
Tagging Snapshot snap-0f7ae95fbf8609d33 with the following Tags: Key=CreatedBy,Value=ec2-automate-backup Key=InstanceId,Value=i-1a7a58a2 Key=InstanceName,Value=uat_internetds_opsmon_mongo02 Key=PurgeAfterFE,Value=1491761406 Key=PurgeAllow,Value=true Key=Volume,Value=vol-e187975e Key=Created,Value=1489169406
INSTANCE i-c7795b7f
INSTANCE NAME: uat_internetds_life_app02
Tagging Snapshot snap-06f42e418af3b60cf with the following Tags: Key=CreatedBy,Value=ec2-automate-backup Key=InstanceId,Value=i-c7795b7f Key=InstanceName,Value=uat_internetds_life_app02 Key=PurgeAfterFE,Value=1491761406 Key=PurgeAllow,Value=true Key=Volume,Value=vol-698b9bd6 Key=Created,Value=1489169406
INSTANCE i-c7795b7f
INSTANCE NAME: uat_internetds_life_app02
Tagging Snapshot snap-03dce94687f79ff66 with the following Tags: Key=CreatedBy,Value=ec2-automate-backup Key=InstanceId,Value=i-c7795b7f Key=InstanceName,Value=uat_internetds_life_app02 Key=PurgeAfterFE,Value=1491761406 Key=PurgeAllow,Value=true Key=Volume,Value=vol-fa8c9c45 Key=Created,Value=1489169406
INSTANCE i-d6785a6e
INSTANCE NAME: dev_internetds_front_app02
Tagging Snapshot snap-0932207e6aaffc9c5 with the following Tags: Key=CreatedBy,Value=ec2-automate-backup Key=InstanceId,Value=i-d6785a6e Key=InstanceName,Value=dev_internetds_front_app02 Key=PurgeAfterFE,Value=1491761406 Key=PurgeAllow,Value=true Key=Volume,Value=vol-068c9cb9 Key=Created,Value=1489169406
INSTANCE i-d6785a6e
INSTANCE NAME: dev_internetds_front_app02
Tagging Snapshot snap-0d8801893eda5e8f2 with the following Tags: Key=CreatedBy,Value=ec2-automate-backup Key=InstanceId,Value=i-d6785a6e Key=InstanceName,Value=dev_internetds_front_app02 Key=PurgeAfterFE,Value=1491761406 Key=PurgeAllow,Value=true Key=Volume,Value=vol-058c9cba Key=Created,Value=1489169406
INSTANCE i-3f7e5c87
INSTANCE NAME: dev_internetds_opsmon_mongo02
Tagging Snapshot snap-0b0215334a582867d with the following Tags: Key=CreatedBy,Value=ec2-automate-backup Key=InstanceId,Value=i-3f7e5c87 Key=InstanceName,Value=dev_internetds_opsmon_mongo02 Key=PurgeAfterFE,Value=1491761406 Key=PurgeAllow,Value=true Key=Volume,Value=vol-738c9ccc Key=Created,Value=1489169406
INSTANCE i-3e7e5c86
INSTANCE NAME: dev_internetds_opsmon_mongo01
Tagging Snapshot snap-03b4dbe28e9d3f439 with the following Tags: Key=CreatedBy,Value=ec2-automate-backup Key=InstanceId,Value=i-3e7e5c86 Key=InstanceName,Value=dev_internetds_opsmon_mongo01 Key=PurgeAfterFE,Value=1491761406 Key=PurgeAllow,Value=true Key=Volume,Value=vol-528c9ced Key=Created,Value=1489169406
INSTANCE i-3f7e5c87
INSTANCE NAME: dev_internetds_opsmon_mongo02
Tagging Snapshot snap-06fe4f09fb4ba808e with the following Tags: Key=CreatedBy,Value=ec2-automate-backup Key=InstanceId,Value=i-3f7e5c87 Key=InstanceName,Value=dev_internetds_opsmon_mongo02 Key=PurgeAfterFE,Value=1491761406 Key=PurgeAllow,Value=true Key=Volume,Value=vol-bd8d9d02 Key=Created,Value=1489169406
INSTANCE i-3e7e5c86
INSTANCE NAME: dev_internetds_opsmon_mongo01
Tagging Snapshot snap-0dee7ee8c69d6b2c1 with the following Tags: Key=CreatedBy,Value=ec2-automate-backup Key=InstanceId,Value=i-3e7e5c86 Key=InstanceName,Value=dev_internetds_opsmon_mongo01 Key=PurgeAfterFE,Value=1491761406 Key=PurgeAllow,Value=true Key=Volume,Value=vol-8e8d9d31 Key=Created,Value=1489169406
INSTANCE i-587e5ce0
INSTANCE NAME: uat_internetds_health_app01
Tagging Snapshot snap-09fb840f9216591fd with the following Tags: Key=CreatedBy,Value=ec2-automate-backup Key=InstanceId,Value=i-587e5ce0 Key=InstanceName,Value=uat_internetds_health_app01 Key=PurgeAfterFE,Value=1491761406 Key=PurgeAllow,Value=true Key=Volume,Value=vol-738d9dcc Key=Created,Value=1489169406
INSTANCE i-587e5ce0
INSTANCE NAME: uat_internetds_health_app01
Tagging Snapshot snap-01a20dd178c379fc3 with the following Tags: Key=CreatedBy,Value=ec2-automate-backup Key=InstanceId,Value=i-587e5ce0 Key=InstanceName,Value=uat_internetds_health_app01 Key=PurgeAfterFE,Value=1491761406 Key=PurgeAllow,Value=true Key=Volume,Value=vol-468d9df9 Key=Created,Value=1489169406
INSTANCE i-bd7e5c05
INSTANCE NAME: dev_internetds_health_app02
Tagging Snapshot snap-0ad926fd458149d01 with the following Tags: Key=CreatedBy,Value=ec2-automate-backup Key=InstanceId,Value=i-bd7e5c05 Key=InstanceName,Value=dev_internetds_health_app02 Key=PurgeAfterFE,Value=1491761406 Key=PurgeAllow,Value=true Key=Volume,Value=vol-e78e9e58 Key=Created,Value=1489169406
INSTANCE i-bd7e5c05
INSTANCE NAME: dev_internetds_health_app02
Tagging Snapshot snap-04f6a8aa84338a4a0 with the following Tags: Key=CreatedBy,Value=ec2-automate-backup Key=InstanceId,Value=i-bd7e5c05 Key=InstanceName,Value=dev_internetds_health_app02 Key=PurgeAfterFE,Value=1491761406 Key=PurgeAllow,Value=true Key=Volume,Value=vol-338e9e8c Key=Created,Value=1489169406
INSTANCE i-6d7f5dd5
INSTANCE NAME: dev_internetds_cache01
Tagging Snapshot snap-0a9e41472252533ef with the following Tags: Key=CreatedBy,Value=ec2-automate-backup Key=InstanceId,Value=i-6d7f5dd5 Key=InstanceName,Value=dev_internetds_cache01 Key=PurgeAfterFE,Value=1491761406 Key=PurgeAllow,Value=true Key=Volume,Value=vol-bab0a005 Key=Created,Value=1489169406
INSTANCE i-627f5dda
INSTANCE NAME: dev_internetds_mid02
Tagging Snapshot snap-0383e4cbf6203286b with the following Tags: Key=CreatedBy,Value=ec2-automate-backup Key=InstanceId,Value=i-627f5dda Key=InstanceName,Value=dev_internetds_mid02 Key=PurgeAfterFE,Value=1491761406 Key=PurgeAllow,Value=true Key=Volume,Value=vol-efb0a050 Key=Created,Value=1489169406
INSTANCE i-6d7f5dd5
INSTANCE NAME: dev_internetds_cache01
Tagging Snapshot snap-0c2234f8070bd0869 with the following Tags: Key=CreatedBy,Value=ec2-automate-backup Key=InstanceId,Value=i-6d7f5dd5 Key=InstanceName,Value=dev_internetds_cache01 Key=PurgeAfterFE,Value=1491761406 Key=PurgeAllow,Value=true Key=Volume,Value=vol-d4b0a06b Key=Created,Value=1489169406
INSTANCE i-627f5dda
INSTANCE NAME: dev_internetds_mid02
Tagging Snapshot snap-04e630fdaa5a4249e with the following Tags: Key=CreatedBy,Value=ec2-automate-backup Key=InstanceId,Value=i-627f5dda Key=InstanceName,Value=dev_internetds_mid02 Key=PurgeAfterFE,Value=1491761406 Key=PurgeAllow,Value=true Key=Volume,Value=vol-c5b0a07a Key=Created,Value=1489169406
INSTANCE i-397f5d81
INSTANCE NAME: dev_internetds_datax_app02
Tagging Snapshot snap-0c877e5963bd6f1d5 with the following Tags: Key=CreatedBy,Value=ec2-automate-backup Key=InstanceId,Value=i-397f5d81 Key=InstanceName,Value=dev_internetds_datax_app02 Key=PurgeAfterFE,Value=1491761406 Key=PurgeAllow,Value=true Key=Volume,Value=vol-14b0a0ab Key=Created,Value=1489169406
INSTANCE i-397f5d81
INSTANCE NAME: dev_internetds_datax_app02
Tagging Snapshot snap-01944202a15c762f6 with the following Tags: Key=CreatedBy,Value=ec2-automate-backup Key=InstanceId,Value=i-397f5d81 Key=InstanceName,Value=dev_internetds_datax_app02 Key=PurgeAfterFE,Value=1491761406 Key=PurgeAllow,Value=true Key=Volume,Value=vol-6db0a0d2 Key=Created,Value=1489169406
INSTANCE i-987f5d20
INSTANCE NAME: dev_internetds_cache02
Tagging Snapshot snap-0889a4d9b59d7e61a with the following Tags: Key=CreatedBy,Value=ec2-automate-backup Key=InstanceId,Value=i-987f5d20 Key=InstanceName,Value=dev_internetds_cache02 Key=PurgeAfterFE,Value=1491761406 Key=PurgeAllow,Value=true Key=Volume,Value=vol-b8b1a107 Key=Created,Value=1489169406
INSTANCE i-8e7f5d36
INSTANCE NAME: uat_internetds_opsmon_app01
Tagging Snapshot snap-06b24a7222782f26a with the following Tags: Key=CreatedBy,Value=ec2-automate-backup Key=InstanceId,Value=i-8e7f5d36 Key=InstanceName,Value=uat_internetds_opsmon_app01 Key=PurgeAfterFE,Value=1491761406 Key=PurgeAllow,Value=true Key=Volume,Value=vol-9cb1a123 Key=Created,Value=1489169406
INSTANCE i-987f5d20
INSTANCE NAME: dev_internetds_cache02
Tagging Snapshot snap-070feb8ae03505c65 with the following Tags: Key=CreatedBy,Value=ec2-automate-backup Key=InstanceId,Value=i-987f5d20 Key=InstanceName,Value=dev_internetds_cache02 Key=PurgeAfterFE,Value=1491761406 Key=PurgeAllow,Value=true Key=Volume,Value=vol-90b1a12f Key=Created,Value=1489169406
INSTANCE i-8e7f5d36
INSTANCE NAME: uat_internetds_opsmon_app01
Tagging Snapshot snap-0ebc96a62de4bc44e with the following Tags: Key=CreatedBy,Value=ec2-automate-backup Key=InstanceId,Value=i-8e7f5d36 Key=InstanceName,Value=uat_internetds_opsmon_app01 Key=PurgeAfterFE,Value=1491761406 Key=PurgeAllow,Value=true Key=Volume,Value=vol-86b1a139 Key=Created,Value=1489169406
INSTANCE i-aabd9012
INSTANCE NAME: test_epolicy_mail02
Tagging Snapshot snap-0e7cc21e0eaac6738 with the following Tags: Key=CreatedBy,Value=ec2-automate-backup Key=InstanceId,Value=i-aabd9012 Key=InstanceName,Value=test_epolicy_mail02 Key=PurgeAfterFE,Value=1491761406 Key=PurgeAllow,Value=true Key=Volume,Value=vol-ac205e31 Key=Created,Value=1489169406
INSTANCE i-aabd9012
INSTANCE NAME: test_epolicy_mail02
Tagging Snapshot snap-09e1738359b919a8e with the following Tags: Key=CreatedBy,Value=ec2-automate-backup Key=InstanceId,Value=i-aabd9012 Key=InstanceName,Value=test_epolicy_mail02 Key=PurgeAfterFE,Value=1491761406 Key=PurgeAllow,Value=true Key=Volume,Value=vol-dc205e41 Key=Created,Value=1489169406
INSTANCE i-95260a2d
INSTANCE NAME: dev_internetds_life_app02
Tagging Snapshot snap-07178683c2d0ecf1d with the following Tags: Key=CreatedBy,Value=ec2-automate-backup Key=InstanceId,Value=i-95260a2d Key=InstanceName,Value=dev_internetds_life_app02 Key=PurgeAfterFE,Value=1491761406 Key=PurgeAllow,Value=true Key=Volume,Value=vol-f6f58b6b Key=Created,Value=1489169406
INSTANCE i-95260a2d
INSTANCE NAME: dev_internetds_life_app02
Tagging Snapshot snap-04a604103318ef283 with the following Tags: Key=CreatedBy,Value=ec2-automate-backup Key=InstanceId,Value=i-95260a2d Key=InstanceName,Value=dev_internetds_life_app02 Key=PurgeAfterFE,Value=1491761406 Key=PurgeAllow,Value=true Key=Volume,Value=vol-28f58bb5 Key=Created,Value=1489169406
INSTANCE i-f3ddf24b
INSTANCE NAME: uat_internetds_datax_app3
Tagging Snapshot snap-0c7cee5cb09479786 with the following Tags: Key=CreatedBy,Value=ec2-automate-backup Key=InstanceId,Value=i-f3ddf24b Key=InstanceName,Value=uat_internetds_datax_app3 Key=PurgeAfterFE,Value=1491761406 Key=PurgeAllow,Value=true Key=Volume,Value=vol-19394284 Key=Created,Value=1489169406
INSTANCE i-43ddf2fb
INSTANCE NAME: uat_internetds_datax_app4
Tagging Snapshot snap-0af13362b30dc15e7 with the following Tags: Key=CreatedBy,Value=ec2-automate-backup Key=InstanceId,Value=i-43ddf2fb Key=InstanceName,Value=uat_internetds_datax_app4 Key=PurgeAfterFE,Value=1491761406 Key=PurgeAllow,Value=true Key=Volume,Value=vol-393942a4 Key=Created,Value=1489169406
INSTANCE i-f3ddf24b
INSTANCE NAME: uat_internetds_datax_app3
Tagging Snapshot snap-0da03e15cbf7b1b7c with the following Tags: Key=CreatedBy,Value=ec2-automate-backup Key=InstanceId,Value=i-f3ddf24b Key=InstanceName,Value=uat_internetds_datax_app3 Key=PurgeAfterFE,Value=1491761406 Key=PurgeAllow,Value=true Key=Volume,Value=vol-503942cd Key=Created,Value=1489169406
INSTANCE i-43ddf2fb
INSTANCE NAME: uat_internetds_datax_app4
Tagging Snapshot snap-0d2590d32743cadb2 with the following Tags: Key=CreatedBy,Value=ec2-automate-backup Key=InstanceId,Value=i-43ddf2fb Key=InstanceName,Value=uat_internetds_datax_app4 Key=PurgeAfterFE,Value=1491761406 Key=PurgeAllow,Value=true Key=Volume,Value=vol-8038431d Key=Created,Value=1489169406
INSTANCE i-4b042af3
INSTANCE NAME: internetds_front_nginx02
Tagging Snapshot snap-02b254452ed2f9311 with the following Tags: Key=CreatedBy,Value=ec2-automate-backup Key=InstanceId,Value=i-4b042af3 Key=InstanceName,Value=internetds_front_nginx02 Key=PurgeAfterFE,Value=1491761406 Key=PurgeAllow,Value=true Key=Volume,Value=vol-51215bcc Key=Created,Value=1489169406
INSTANCE i-da042a62
INSTANCE NAME: internetds_front_zkp_app02
Tagging Snapshot snap-01928cc6637551226 with the following Tags: Key=CreatedBy,Value=ec2-automate-backup Key=InstanceId,Value=i-da042a62 Key=InstanceName,Value=internetds_front_zkp_app02 Key=PurgeAfterFE,Value=1491761406 Key=PurgeAllow,Value=true Key=Volume,Value=vol-7e215be3 Key=Created,Value=1489169406
INSTANCE i-4b042af3
INSTANCE NAME: internetds_front_nginx02
Tagging Snapshot snap-093e1be89d1182507 with the following Tags: Key=CreatedBy,Value=ec2-automate-backup Key=InstanceId,Value=i-4b042af3 Key=InstanceName,Value=internetds_front_nginx02 Key=PurgeAfterFE,Value=1491761406 Key=PurgeAllow,Value=true Key=Volume,Value=vol-6c215bf1 Key=Created,Value=1489169406
INSTANCE i-c1042a79
INSTANCE NAME: internetds_front_mq_app02
Tagging Snapshot snap-068048caca7169990 with the following Tags: Key=CreatedBy,Value=ec2-automate-backup Key=InstanceId,Value=i-c1042a79 Key=InstanceName,Value=internetds_front_mq_app02 Key=PurgeAfterFE,Value=1491761406 Key=PurgeAllow,Value=true Key=Volume,Value=vol-dc265c41 Key=Created,Value=1489169406
INSTANCE i-c1042a79
INSTANCE NAME: internetds_front_mq_app02
Tagging Snapshot snap-05ebcfbfd8cfe92e4 with the following Tags: Key=CreatedBy,Value=ec2-automate-backup Key=InstanceId,Value=i-c1042a79 Key=InstanceName,Value=internetds_front_mq_app02 Key=PurgeAfterFE,Value=1491761406 Key=PurgeAllow,Value=true Key=Volume,Value=vol-df265c42 Key=Created,Value=1489169406
INSTANCE i-da042a62
INSTANCE NAME: internetds_front_zkp_app02
Tagging Snapshot snap-0acb1e4280458049c with the following Tags: Key=CreatedBy,Value=ec2-automate-backup Key=InstanceId,Value=i-da042a62 Key=InstanceName,Value=internetds_front_zkp_app02 Key=PurgeAfterFE,Value=1491761406 Key=PurgeAllow,Value=true Key=Volume,Value=vol-d4265c49 Key=Created,Value=1489169406
INSTANCE i-c5042a7d
INSTANCE NAME: internetds_front_dsjr_app02
Tagging Snapshot snap-0ec8ae000ddfeb4a0 with the following Tags: Key=CreatedBy,Value=ec2-automate-backup Key=InstanceId,Value=i-c5042a7d Key=InstanceName,Value=internetds_front_dsjr_app02 Key=PurgeAfterFE,Value=1491761406 Key=PurgeAllow,Value=true Key=Volume,Value=vol-c7265c5a Key=Created,Value=1489169406
INSTANCE i-a9052b11
INSTANCE NAME: internetds_front_yyzc_app02
Tagging Snapshot snap-0f979a635ab984e65 with the following Tags: Key=CreatedBy,Value=ec2-automate-backup Key=InstanceId,Value=i-a9052b11 Key=InstanceName,Value=internetds_front_yyzc_app02 Key=PurgeAfterFE,Value=1491761406 Key=PurgeAllow,Value=true Key=Volume,Value=vol-09265c94 Key=Created,Value=1489169406
INSTANCE i-c5042a7d
INSTANCE NAME: internetds_front_dsjr_app02
Tagging Snapshot snap-091e2410c2a414151 with the following Tags: Key=CreatedBy,Value=ec2-automate-backup Key=InstanceId,Value=i-c5042a7d Key=InstanceName,Value=internetds_front_dsjr_app02 Key=PurgeAfterFE,Value=1491761406 Key=PurgeAllow,Value=true Key=Volume,Value=vol-01265c9c Key=Created,Value=1489169406
INSTANCE i-a9052b11
INSTANCE NAME: internetds_front_yyzc_app02
Tagging Snapshot snap-0a55e14d3e5b09ff4 with the following Tags: Key=CreatedBy,Value=ec2-automate-backup Key=InstanceId,Value=i-a9052b11 Key=InstanceName,Value=internetds_front_yyzc_app02 Key=PurgeAfterFE,Value=1491761406 Key=PurgeAllow,Value=true Key=Volume,Value=vol-46265cdb Key=Created,Value=1489169406
INSTANCE i-aa032d12
INSTANCE NAME: internetds_opsmon_app02
Tagging Snapshot snap-08c3bc4787159770c with the following Tags: Key=CreatedBy,Value=ec2-automate-backup Key=InstanceId,Value=i-aa032d12 Key=InstanceName,Value=internetds_opsmon_app02 Key=PurgeAfterFE,Value=1491761406 Key=PurgeAllow,Value=true Key=Volume,Value=vol-00255f9d Key=Created,Value=1489169406
INSTANCE i-aa032d12
INSTANCE NAME: internetds_opsmon_app02
Tagging Snapshot snap-09dfaa34938f781bc with the following Tags: Key=CreatedBy,Value=ec2-automate-backup Key=InstanceId,Value=i-aa032d12 Key=InstanceName,Value=internetds_opsmon_app02 Key=PurgeAfterFE,Value=1491761406 Key=PurgeAllow,Value=true Key=Volume,Value=vol-4e255fd3 Key=Created,Value=1489169406
INSTANCE i-64002edc
INSTANCE NAME: internetds_front_yyzc_app02
Tagging Snapshot snap-05f0b9c555ac825ca with the following Tags: Key=CreatedBy,Value=ec2-automate-backup Key=InstanceId,Value=i-64002edc Key=InstanceName,Value=internetds_front_yyzc_app02 Key=PurgeAfterFE,Value=1491761406 Key=PurgeAllow,Value=true Key=Volume,Value=vol-ae1b6133 Key=Created,Value=1489169406
INSTANCE i-6d002ed5
INSTANCE NAME: internetds_dmz_nginx02
Tagging Snapshot snap-0b6f9e5a914f7f7c1 with the following Tags: Key=CreatedBy,Value=ec2-automate-backup Key=InstanceId,Value=i-6d002ed5 Key=InstanceName,Value=internetds_dmz_nginx02 Key=PurgeAfterFE,Value=1491761406 Key=PurgeAllow,Value=true Key=Volume,Value=vol-da1b6147 Key=Created,Value=1489169406
INSTANCE i-6d002ed5
INSTANCE NAME: internetds_dmz_nginx02
Tagging Snapshot snap-0c1eee777e0f8b9af with the following Tags: Key=CreatedBy,Value=ec2-automate-backup Key=InstanceId,Value=i-6d002ed5 Key=InstanceName,Value=internetds_dmz_nginx02 Key=PurgeAfterFE,Value=1491761406 Key=PurgeAllow,Value=true Key=Volume,Value=vol-f21b616f Key=Created,Value=1489169406
INSTANCE i-64002edc
INSTANCE NAME: internetds_front_yyzc_app02
Tagging Snapshot snap-0e912f298d2e055ce with the following Tags: Key=CreatedBy,Value=ec2-automate-backup Key=InstanceId,Value=i-64002edc Key=InstanceName,Value=internetds_front_yyzc_app02 Key=PurgeAfterFE,Value=1491761406 Key=PurgeAllow,Value=true Key=Volume,Value=vol-181b6185 Key=Created,Value=1489169406
INSTANCE i-5a002ee2
INSTANCE NAME: internetds_nat02
Tagging Snapshot snap-0dc7e62ccd6e72505 with the following Tags: Key=CreatedBy,Value=ec2-automate-backup Key=InstanceId,Value=i-5a002ee2 Key=InstanceName,Value=internetds_nat02 Key=PurgeAfterFE,Value=1491761406 Key=PurgeAllow,Value=true Key=Volume,Value=vol-7f1b61e2 Key=Created,Value=1489169406
INSTANCE i-79b59bc1
INSTANCE NAME: internetds_datax_app02
Tagging Snapshot snap-01c65be55cb635134 with the following Tags: Key=CreatedBy,Value=ec2-automate-backup Key=InstanceId,Value=i-79b59bc1 Key=InstanceName,Value=internetds_datax_app02 Key=PurgeAfterFE,Value=1491761406 Key=PurgeAllow,Value=true Key=Volume,Value=vol-75f68ce8 Key=Created,Value=1489169406
INSTANCE i-7ab59bc2
INSTANCE NAME: internetds_datax_yc_app02
Tagging Snapshot snap-0c8c50120ba3ba632 with the following Tags: Key=CreatedBy,Value=ec2-automate-backup Key=InstanceId,Value=i-7ab59bc2 Key=InstanceName,Value=internetds_datax_yc_app02 Key=PurgeAfterFE,Value=1491761406 Key=PurgeAllow,Value=true Key=Volume,Value=vol-74f68ce9 Key=Created,Value=1489169406
INSTANCE i-7ab59bc2
INSTANCE NAME: internetds_datax_yc_app02
Tagging Snapshot snap-095d6c7b084fd9e30 with the following Tags: Key=CreatedBy,Value=ec2-automate-backup Key=InstanceId,Value=i-7ab59bc2 Key=InstanceName,Value=internetds_datax_yc_app02 Key=PurgeAfterFE,Value=1491761406 Key=PurgeAllow,Value=true Key=Volume,Value=vol-92f78d0f Key=Created,Value=1489169406
INSTANCE i-79b59bc1
INSTANCE NAME: internetds_datax_app02
Tagging Snapshot snap-0f5f3e059aa41b466 with the following Tags: Key=CreatedBy,Value=ec2-automate-backup Key=InstanceId,Value=i-79b59bc1 Key=InstanceName,Value=internetds_datax_app02 Key=PurgeAfterFE,Value=1491761406 Key=PurgeAllow,Value=true Key=Volume,Value=vol-a9f78d34 Key=Created,Value=1489169406
INSTANCE i-046148bc
INSTANCE NAME: internetds_epolicy_app03
Tagging Snapshot snap-04618cf2a5b78a456 with the following Tags: Key=CreatedBy,Value=ec2-automate-backup Key=InstanceId,Value=i-046148bc Key=InstanceName,Value=internetds_epolicy_app03 Key=PurgeAfterFE,Value=1491761406 Key=PurgeAllow,Value=true Key=Volume,Value=vol-bc165321 Key=Created,Value=1489169406
INSTANCE i-046148bc
INSTANCE NAME: internetds_epolicy_app03
Tagging Snapshot snap-06fafc377e8282330 with the following Tags: Key=CreatedBy,Value=ec2-automate-backup Key=InstanceId,Value=i-046148bc Key=InstanceName,Value=internetds_epolicy_app03 Key=PurgeAfterFE,Value=1491761406 Key=PurgeAllow,Value=true Key=Volume,Value=vol-db165346 Key=Created,Value=1489169406
INSTANCE i-056148bd
INSTANCE NAME: internetds_epolicy_app04
Tagging Snapshot snap-0d183ad07b53a2317 with the following Tags: Key=CreatedBy,Value=ec2-automate-backup Key=InstanceId,Value=i-056148bd Key=InstanceName,Value=internetds_epolicy_app04 Key=PurgeAfterFE,Value=1491761406 Key=PurgeAllow,Value=true Key=Volume,Value=vol-fd165360 Key=Created,Value=1489169406
INSTANCE i-056148bd
INSTANCE NAME: internetds_epolicy_app04
Tagging Snapshot snap-06762903029c994c3 with the following Tags: Key=CreatedBy,Value=ec2-automate-backup Key=InstanceId,Value=i-056148bd Key=InstanceName,Value=internetds_epolicy_app04 Key=PurgeAfterFE,Value=1491761406 Key=PurgeAllow,Value=true Key=Volume,Value=vol-e4165379 Key=Created,Value=1489169406
INSTANCE i-51634ae9
INSTANCE NAME: internetds_dmz_email02
Tagging Snapshot snap-0bfca39c0c132a264 with the following Tags: Key=CreatedBy,Value=ec2-automate-backup Key=InstanceId,Value=i-51634ae9 Key=InstanceName,Value=internetds_dmz_email02 Key=PurgeAfterFE,Value=1491761406 Key=PurgeAllow,Value=true Key=Volume,Value=vol-b210552f Key=Created,Value=1489169406
INSTANCE i-51634ae9
INSTANCE NAME: internetds_dmz_email02
Tagging Snapshot snap-0bcc996b681903035 with the following Tags: Key=CreatedBy,Value=ec2-automate-backup Key=InstanceId,Value=i-51634ae9 Key=InstanceName,Value=internetds_dmz_email02 Key=PurgeAfterFE,Value=1491761406 Key=PurgeAllow,Value=true Key=Volume,Value=vol-d9105544 Key=Created,Value=1489169406
INSTANCE i-e298b05a
INSTANCE NAME: internetds_epolicy_app07
Tagging Snapshot snap-0fe7621b6f2e5e0c7 with the following Tags: Key=CreatedBy,Value=ec2-automate-backup Key=InstanceId,Value=i-e298b05a Key=InstanceName,Value=internetds_epolicy_app07 Key=PurgeAfterFE,Value=1491761406 Key=PurgeAllow,Value=true Key=Volume,Value=vol-17e8af8a Key=Created,Value=1489169406
INSTANCE i-e398b05b
INSTANCE NAME: internetds_epolicy_app08
Tagging Snapshot snap-060d76cd26c258d2a with the following Tags: Key=CreatedBy,Value=ec2-automate-backup Key=InstanceId,Value=i-e398b05b Key=InstanceName,Value=internetds_epolicy_app08 Key=PurgeAfterFE,Value=1491761406 Key=PurgeAllow,Value=true Key=Volume,Value=vol-16e8af8b Key=Created,Value=1489169406
INSTANCE i-e398b05b
INSTANCE NAME: internetds_epolicy_app08
Tagging Snapshot snap-0e305f125b6e45070 with the following Tags: Key=CreatedBy,Value=ec2-automate-backup Key=InstanceId,Value=i-e398b05b Key=InstanceName,Value=internetds_epolicy_app08 Key=PurgeAfterFE,Value=1491761406 Key=PurgeAllow,Value=true Key=Volume,Value=vol-11e8af8c Key=Created,Value=1489169406
INSTANCE i-e298b05a
INSTANCE NAME: internetds_epolicy_app07
Tagging Snapshot snap-0660c35466cf27d00 with the following Tags: Key=CreatedBy,Value=ec2-automate-backup Key=InstanceId,Value=i-e298b05a Key=InstanceName,Value=internetds_epolicy_app07 Key=PurgeAfterFE,Value=1491761406 Key=PurgeAllow,Value=true Key=Volume,Value=vol-34e8afa9 Key=Created,Value=1489169406
INSTANCE i-b61a2e0e
INSTANCE NAME: internetds_life_bq_app02
Tagging Snapshot snap-0b6d299df27de2478 with the following Tags: Key=CreatedBy,Value=ec2-automate-backup Key=InstanceId,Value=i-b61a2e0e Key=InstanceName,Value=internetds_life_bq_app02 Key=PurgeAfterFE,Value=1491761406 Key=PurgeAllow,Value=true Key=Volume,Value=vol-b93a7824 Key=Created,Value=1489169406
INSTANCE i-741a2ecc
INSTANCE NAME: internetds_life_xqyhb_app02
Tagging Snapshot snap-00ac67c239bc9b566 with the following Tags: Key=CreatedBy,Value=ec2-automate-backup Key=InstanceId,Value=i-741a2ecc Key=InstanceName,Value=internetds_life_xqyhb_app02 Key=PurgeAfterFE,Value=1491761406 Key=PurgeAllow,Value=true Key=Volume,Value=vol-d63a784b Key=Created,Value=1489169406
INSTANCE i-741a2ecc
INSTANCE NAME: internetds_life_xqyhb_app02
Tagging Snapshot snap-0412091c74db79ef8 with the following Tags: Key=CreatedBy,Value=ec2-automate-backup Key=InstanceId,Value=i-741a2ecc Key=InstanceName,Value=internetds_life_xqyhb_app02 Key=PurgeAfterFE,Value=1491761406 Key=PurgeAllow,Value=true Key=Volume,Value=vol-1b3a7886 Key=Created,Value=1489169406
INSTANCE i-731a2ecb
INSTANCE NAME: internetds_life_bdgl_app02
Tagging Snapshot snap-0f6c7add5b3e47ea4 with the following Tags: Key=CreatedBy,Value=ec2-automate-backup Key=InstanceId,Value=i-731a2ecb Key=InstanceName,Value=internetds_life_bdgl_app02 Key=PurgeAfterFE,Value=1491761406 Key=PurgeAllow,Value=true Key=Volume,Value=vol-353a78a8 Key=Created,Value=1489169406
INSTANCE i-4b1a2ef3
INSTANCE NAME: internetds_life_jsyq_app02
Tagging Snapshot snap-059278b24d6bec7cb with the following Tags: Key=CreatedBy,Value=ec2-automate-backup Key=InstanceId,Value=i-4b1a2ef3 Key=InstanceName,Value=internetds_life_jsyq_app02 Key=PurgeAfterFE,Value=1491761406 Key=PurgeAllow,Value=true Key=Volume,Value=vol-2d3a78b0 Key=Created,Value=1489169406
INSTANCE i-731a2ecb
INSTANCE NAME: internetds_life_bdgl_app02
Tagging Snapshot snap-025dabfec6993ef31 with the following Tags: Key=CreatedBy,Value=ec2-automate-backup Key=InstanceId,Value=i-731a2ecb Key=InstanceName,Value=internetds_life_bdgl_app02 Key=PurgeAfterFE,Value=1491761406 Key=PurgeAllow,Value=true Key=Volume,Value=vol-2e3a78b3 Key=Created,Value=1489169406
INSTANCE i-b61a2e0e
INSTANCE NAME: internetds_life_bq_app02
Tagging Snapshot snap-0ed90c430137a2daf with the following Tags: Key=CreatedBy,Value=ec2-automate-backup Key=InstanceId,Value=i-b61a2e0e Key=InstanceName,Value=internetds_life_bq_app02 Key=PurgeAfterFE,Value=1491761406 Key=PurgeAllow,Value=true Key=Volume,Value=vol-583a78c5 Key=Created,Value=1489169406
INSTANCE i-4b1a2ef3
INSTANCE NAME: internetds_life_jsyq_app02
Tagging Snapshot snap-0d799fb150e10faca with the following Tags: Key=CreatedBy,Value=ec2-automate-backup Key=InstanceId,Value=i-4b1a2ef3 Key=InstanceName,Value=internetds_life_jsyq_app02 Key=PurgeAfterFE,Value=1491761406 Key=PurgeAllow,Value=true Key=Volume,Value=vol-973b790a Key=Created,Value=1489169406
INSTANCE i-6b81b0d3
INSTANCE NAME: mgmt-bastion02
Tagging Snapshot snap-035ea72d164016c7e with the following Tags: Key=CreatedBy,Value=ec2-automate-backup Key=InstanceId,Value=i-6b81b0d3 Key=InstanceName,Value=mgmt-bastion02 Key=PurgeAfterFE,Value=1491761406 Key=PurgeAllow,Value=true Key=Volume,Value=vol-22e6a8bf Key=Created,Value=1489169406
INSTANCE i-6b81b0d3
INSTANCE NAME: mgmt-bastion02
Tagging Snapshot snap-05f78e16406633e30 with the following Tags: Key=CreatedBy,Value=ec2-automate-backup Key=InstanceId,Value=i-6b81b0d3 Key=InstanceName,Value=mgmt-bastion02 Key=PurgeAfterFE,Value=1491761406 Key=PurgeAllow,Value=true Key=Volume,Value=vol-b6e7a92b Key=Created,Value=1489169406
INSTANCE i-5c9eade4
INSTANCE NAME: internetds_opsmon_DB02
Tagging Snapshot snap-0db2961a8306973d3 with the following Tags: Key=CreatedBy,Value=ec2-automate-backup Key=InstanceId,Value=i-5c9eade4 Key=InstanceName,Value=internetds_opsmon_DB02 Key=PurgeAfterFE,Value=1491761406 Key=PurgeAllow,Value=true Key=Volume,Value=vol-ad357e30 Key=Created,Value=1489169406
INSTANCE i-5c9eade4
INSTANCE NAME: internetds_opsmon_DB02
Tagging Snapshot snap-0658e8d87b1d34642 with the following Tags: Key=CreatedBy,Value=ec2-automate-backup Key=InstanceId,Value=i-5c9eade4 Key=InstanceName,Value=internetds_opsmon_DB02 Key=PurgeAfterFE,Value=1491761406 Key=PurgeAllow,Value=true Key=Volume,Value=vol-f7357e6a Key=Created,Value=1489169406
INSTANCE i-0035f2a004086aae8
INSTANCE NAME: dev_internetds_health_mid_app02
Tagging Snapshot snap-029e11f859dd9d824 with the following Tags: Key=CreatedBy,Value=ec2-automate-backup Key=InstanceId,Value=i-0035f2a004086aae8 Key=InstanceName,Value=dev_internetds_health_mid_app02 Key=PurgeAfterFE,Value=1491761406 Key=PurgeAllow,Value=true Key=Volume,Value=vol-04c1b9bcdbcbb80b3 Key=Created,Value=1489169406
INSTANCE i-0035f2a004086aae8
INSTANCE NAME: dev_internetds_health_mid_app02
Tagging Snapshot snap-0b2dd8c8ea239f513 with the following Tags: Key=CreatedBy,Value=ec2-automate-backup Key=InstanceId,Value=i-0035f2a004086aae8 Key=InstanceName,Value=dev_internetds_health_mid_app02 Key=PurgeAfterFE,Value=1491761406 Key=PurgeAllow,Value=true Key=Volume,Value=vol-0adcba272a3852e1d Key=Created,Value=1489169406
INSTANCE i-049e6dedca392ba39
INSTANCE NAME: uat_internetds_health_mid_app02
Tagging Snapshot snap-083d79776d5a159c2 with the following Tags: Key=CreatedBy,Value=ec2-automate-backup Key=InstanceId,Value=i-049e6dedca392ba39 Key=InstanceName,Value=uat_internetds_health_mid_app02 Key=PurgeAfterFE,Value=1491761406 Key=PurgeAllow,Value=true Key=Volume,Value=vol-0d3596bbe1256e96e Key=Created,Value=1489169406
INSTANCE i-049e6dedca392ba39
INSTANCE NAME: uat_internetds_health_mid_app02
Tagging Snapshot snap-06751b211a1ffa72f with the following Tags: Key=CreatedBy,Value=ec2-automate-backup Key=InstanceId,Value=i-049e6dedca392ba39 Key=InstanceName,Value=uat_internetds_health_mid_app02 Key=PurgeAfterFE,Value=1491761406 Key=PurgeAllow,Value=true Key=Volume,Value=vol-031c7fada2f400cd3 Key=Created,Value=1489169406
INSTANCE i-0d80b94f10ad463a5
INSTANCE NAME: dev_internetds_health_datax_app02
Tagging Snapshot snap-0de340c39a0fd8787 with the following Tags: Key=CreatedBy,Value=ec2-automate-backup Key=InstanceId,Value=i-0d80b94f10ad463a5 Key=InstanceName,Value=dev_internetds_health_datax_app02 Key=PurgeAfterFE,Value=1491761406 Key=PurgeAllow,Value=true Key=Volume,Value=vol-0d9ef08f7a180f5b0 Key=Created,Value=1489169406
INSTANCE i-0d80b94f10ad463a5
INSTANCE NAME: dev_internetds_health_datax_app02
Tagging Snapshot snap-0eb7fb1375e375652 with the following Tags: Key=CreatedBy,Value=ec2-automate-backup Key=InstanceId,Value=i-0d80b94f10ad463a5 Key=InstanceName,Value=dev_internetds_health_datax_app02 Key=PurgeAfterFE,Value=1491761406 Key=PurgeAllow,Value=true Key=Volume,Value=vol-0c65fceeaf7b26474 Key=Created,Value=1489169406
INSTANCE i-047d5b1b7b46ff8b5
INSTANCE NAME: uat_internetds_health_datax_app02
Tagging Snapshot snap-028a56f82a260d746 with the following Tags: Key=CreatedBy,Value=ec2-automate-backup Key=InstanceId,Value=i-047d5b1b7b46ff8b5 Key=InstanceName,Value=uat_internetds_health_datax_app02 Key=PurgeAfterFE,Value=1491761406 Key=PurgeAllow,Value=true Key=Volume,Value=vol-04c86372c8aa60fd2 Key=Created,Value=1489169406
INSTANCE i-047d5b1b7b46ff8b5
INSTANCE NAME: uat_internetds_health_datax_app02
Tagging Snapshot snap-091c1d5e600cc3f1e with the following Tags: Key=CreatedBy,Value=ec2-automate-backup Key=InstanceId,Value=i-047d5b1b7b46ff8b5 Key=InstanceName,Value=uat_internetds_health_datax_app02 Key=PurgeAfterFE,Value=1491761406 Key=PurgeAllow,Value=true Key=Volume,Value=vol-04b89aa3e8e55dc22 Key=Created,Value=1489169406
INSTANCE i-0ec8d523fc2d64041
INSTANCE NAME: dev_internetds_health_gzyq_app02
Tagging Snapshot snap-054b67a880418fbc6 with the following Tags: Key=CreatedBy,Value=ec2-automate-backup Key=InstanceId,Value=i-0ec8d523fc2d64041 Key=InstanceName,Value=dev_internetds_health_gzyq_app02 Key=PurgeAfterFE,Value=1491761406 Key=PurgeAllow,Value=true Key=Volume,Value=vol-0bbe766dc8574b493 Key=Created,Value=1489169406
INSTANCE i-0ec8d523fc2d64041
INSTANCE NAME: dev_internetds_health_gzyq_app02
Tagging Snapshot snap-0e9a1d481b66e884f with the following Tags: Key=CreatedBy,Value=ec2-automate-backup Key=InstanceId,Value=i-0ec8d523fc2d64041 Key=InstanceName,Value=dev_internetds_health_gzyq_app02 Key=PurgeAfterFE,Value=1491761406 Key=PurgeAllow,Value=true Key=Volume,Value=vol-08081e8af7f16a7c4 Key=Created,Value=1489169406
INSTANCE i-0b8ae15ea595f4d7f
INSTANCE NAME: uat_internetds_health_gzyq_app02
Tagging Snapshot snap-0e14c8e13f4721790 with the following Tags: Key=CreatedBy,Value=ec2-automate-backup Key=InstanceId,Value=i-0b8ae15ea595f4d7f Key=InstanceName,Value=uat_internetds_health_gzyq_app02 Key=PurgeAfterFE,Value=1491761406 Key=PurgeAllow,Value=true Key=Volume,Value=vol-0dfeb2215d34ed215 Key=Created,Value=1489169406
INSTANCE i-0b8ae15ea595f4d7f
INSTANCE NAME: uat_internetds_health_gzyq_app02
Tagging Snapshot snap-03d2898b03513e6b3 with the following Tags: Key=CreatedBy,Value=ec2-automate-backup Key=InstanceId,Value=i-0b8ae15ea595f4d7f Key=InstanceName,Value=uat_internetds_health_gzyq_app02 Key=PurgeAfterFE,Value=1491761406 Key=PurgeAllow,Value=true Key=Volume,Value=vol-0826b6434ca5179fe Key=Created,Value=1489169406
INSTANCE i-02318f7e4ca5c9fb6
INSTANCE NAME: yc_internetds_health_bq_app02
Tagging Snapshot snap-0f082eee127a6b111 with the following Tags: Key=CreatedBy,Value=ec2-automate-backup Key=InstanceId,Value=i-02318f7e4ca5c9fb6 Key=InstanceName,Value=yc_internetds_health_bq_app02 Key=PurgeAfterFE,Value=1491761406 Key=PurgeAllow,Value=true Key=Volume,Value=vol-010599ee64bb16595 Key=Created,Value=1489169406
INSTANCE i-010950ff9d6d65930
INSTANCE NAME: yc_internetds_health_bq_app04
Tagging Snapshot snap-091f523abc725ed52 with the following Tags: Key=CreatedBy,Value=ec2-automate-backup Key=InstanceId,Value=i-010950ff9d6d65930 Key=InstanceName,Value=yc_internetds_health_bq_app04 Key=PurgeAfterFE,Value=1491761406 Key=PurgeAllow,Value=true Key=Volume,Value=vol-0973426713069a48a Key=Created,Value=1489169406
INSTANCE i-010950ff9d6d65930
INSTANCE NAME: yc_internetds_health_bq_app04
Tagging Snapshot snap-07dbcd916b250ef96 with the following Tags: Key=CreatedBy,Value=ec2-automate-backup Key=InstanceId,Value=i-010950ff9d6d65930 Key=InstanceName,Value=yc_internetds_health_bq_app04 Key=PurgeAfterFE,Value=1491761406 Key=PurgeAllow,Value=true Key=Volume,Value=vol-06f1e19c4ab60d6e0 Key=Created,Value=1489169406
INSTANCE i-02318f7e4ca5c9fb6
INSTANCE NAME: yc_internetds_health_bq_app02
Tagging Snapshot snap-0ec1a94d87bfd352d with the following Tags: Key=CreatedBy,Value=ec2-automate-backup Key=InstanceId,Value=i-02318f7e4ca5c9fb6 Key=InstanceName,Value=yc_internetds_health_bq_app02 Key=PurgeAfterFE,Value=1491761406 Key=PurgeAllow,Value=true Key=Volume,Value=vol-0a2eef75f9d32d9ce Key=Created,Value=1489169406
INSTANCE i-0e3e4bc8b248bcf95
INSTANCE NAME: dev_internetds_opsmon_app02
Tagging Snapshot snap-03394bb5b1a45deec with the following Tags: Key=CreatedBy,Value=ec2-automate-backup Key=InstanceId,Value=i-0e3e4bc8b248bcf95 Key=InstanceName,Value=dev_internetds_opsmon_app02 Key=PurgeAfterFE,Value=1491761406 Key=PurgeAllow,Value=true Key=Volume,Value=vol-0aaf55242dfdc35da Key=Created,Value=1489169406
INSTANCE i-0e3e4bc8b248bcf95
INSTANCE NAME: dev_internetds_opsmon_app02
Tagging Snapshot snap-0d63905ea80cb4877 with the following Tags: Key=CreatedBy,Value=ec2-automate-backup Key=InstanceId,Value=i-0e3e4bc8b248bcf95 Key=InstanceName,Value=dev_internetds_opsmon_app02 Key=PurgeAfterFE,Value=1491761406 Key=PurgeAllow,Value=true Key=Volume,Value=vol-0ad5556ab59afa3ca Key=Created,Value=1489169406
INSTANCE i-6b340753
INSTANCE NAME: test_internetds_nat01
Tagging Snapshot snap-059b89869666fd525 with the following Tags: Key=CreatedBy,Value=ec2-automate-backup Key=InstanceId,Value=i-6b340753 Key=InstanceName,Value=test_internetds_nat01 Key=PurgeAfterFE,Value=1491761406 Key=PurgeAllow,Value=true Key=Volume,Value=vol-55a18cd0 Key=Created,Value=1489169406
INSTANCE i-fe2516c6
INSTANCE NAME: uat_internetds_front_app02
Tagging Snapshot snap-0ecf0947a3a1c453e with the following Tags: Key=CreatedBy,Value=ec2-automate-backup Key=InstanceId,Value=i-fe2516c6 Key=InstanceName,Value=uat_internetds_front_app02 Key=PurgeAfterFE,Value=1491761406 Key=PurgeAllow,Value=true Key=Volume,Value=vol-c88da04d Key=Created,Value=1489169406
INSTANCE i-fe2516c6
INSTANCE NAME: uat_internetds_front_app02
Tagging Snapshot snap-06bec0de57de17b23 with the following Tags: Key=CreatedBy,Value=ec2-automate-backup Key=InstanceId,Value=i-fe2516c6 Key=InstanceName,Value=uat_internetds_front_app02 Key=PurgeAfterFE,Value=1491761406 Key=PurgeAllow,Value=true Key=Volume,Value=vol-0b8da08e Key=Created,Value=1489169406
INSTANCE i-ae241796
INSTANCE NAME: uat_internetds_health_app02
Tagging Snapshot snap-0ed3ffcff05a18fe4 with the following Tags: Key=CreatedBy,Value=ec2-automate-backup Key=InstanceId,Value=i-ae241796 Key=InstanceName,Value=uat_internetds_health_app02 Key=PurgeAfterFE,Value=1491761406 Key=PurgeAllow,Value=true Key=Volume,Value=vol-218da0a4 Key=Created,Value=1489169406
INSTANCE i-ae241796
INSTANCE NAME: uat_internetds_health_app02
Tagging Snapshot snap-03d704b79a66daae9 with the following Tags: Key=CreatedBy,Value=ec2-automate-backup Key=InstanceId,Value=i-ae241796 Key=InstanceName,Value=uat_internetds_health_app02 Key=PurgeAfterFE,Value=1491761406 Key=PurgeAllow,Value=true Key=Volume,Value=vol-818ca104 Key=Created,Value=1489169406
INSTANCE i-d82516e0
INSTANCE NAME: dev_internetds_epolicy_app01
Tagging Snapshot snap-0e6d7c2b1e16d1847 with the following Tags: Key=CreatedBy,Value=ec2-automate-backup Key=InstanceId,Value=i-d82516e0 Key=InstanceName,Value=dev_internetds_epolicy_app01 Key=PurgeAfterFE,Value=1491761406 Key=PurgeAllow,Value=true Key=Volume,Value=vol-838ca106 Key=Created,Value=1489169406
INSTANCE i-ab251693
INSTANCE NAME: uat_internetds_opsmon_app02
Tagging Snapshot snap-0ebca969f9988fb66 with the following Tags: Key=CreatedBy,Value=ec2-automate-backup Key=InstanceId,Value=i-ab251693 Key=InstanceName,Value=uat_internetds_opsmon_app02 Key=PurgeAfterFE,Value=1491761406 Key=PurgeAllow,Value=true Key=Volume,Value=vol-998ca11c Key=Created,Value=1489169406
INSTANCE i-ba241782
INSTANCE NAME: uat_internetds_mid02
Tagging Snapshot snap-095b72fc3ddc838ff with the following Tags: Key=CreatedBy,Value=ec2-automate-backup Key=InstanceId,Value=i-ba241782 Key=InstanceName,Value=uat_internetds_mid02 Key=PurgeAfterFE,Value=1491761406 Key=PurgeAllow,Value=true Key=Volume,Value=vol-ea8ca16f Key=Created,Value=1489169406
INSTANCE i-ae251696
INSTANCE NAME: sim_internetds_epolicy_app01
Tagging Snapshot snap-050ff73f730f06ef9 with the following Tags: Key=CreatedBy,Value=ec2-automate-backup Key=InstanceId,Value=i-ae251696 Key=InstanceName,Value=sim_internetds_epolicy_app01 Key=PurgeAfterFE,Value=1491761406 Key=PurgeAllow,Value=true Key=Volume,Value=vol-0d8ca188 Key=Created,Value=1489169406
INSTANCE i-d92516e1
INSTANCE NAME: dat_internetds_epolicy_app01
Tagging Snapshot snap-04b36d0bace784b1d with the following Tags: Key=CreatedBy,Value=ec2-automate-backup Key=InstanceId,Value=i-d92516e1 Key=InstanceName,Value=dat_internetds_epolicy_app01 Key=PurgeAfterFE,Value=1491761406 Key=PurgeAllow,Value=true Key=Volume,Value=vol-0c8ca189 Key=Created,Value=1489169406
INSTANCE i-ab251693
INSTANCE NAME: uat_internetds_opsmon_app02
Tagging Snapshot snap-0d9a5c761a599d7d9 with the following Tags: Key=CreatedBy,Value=ec2-automate-backup Key=InstanceId,Value=i-ab251693 Key=InstanceName,Value=uat_internetds_opsmon_app02 Key=PurgeAfterFE,Value=1491761406 Key=PurgeAllow,Value=true Key=Volume,Value=vol-098ca18c Key=Created,Value=1489169406
INSTANCE i-af251697
INSTANCE NAME: uat_internetds_epolicy_app01
Tagging Snapshot snap-00f4c3a73d4dcdb93 with the following Tags: Key=CreatedBy,Value=ec2-automate-backup Key=InstanceId,Value=i-af251697 Key=InstanceName,Value=uat_internetds_epolicy_app01 Key=PurgeAfterFE,Value=1491761406 Key=PurgeAllow,Value=true Key=Volume,Value=vol-1c8ca199 Key=Created,Value=1489169406
INSTANCE i-ba241782
INSTANCE NAME: uat_internetds_mid02
Tagging Snapshot snap-0944aa70525ba1fe7 with the following Tags: Key=CreatedBy,Value=ec2-automate-backup Key=InstanceId,Value=i-ba241782 Key=InstanceName,Value=uat_internetds_mid02 Key=PurgeAfterFE,Value=1491761406 Key=PurgeAllow,Value=true Key=Volume,Value=vol-348ca1b1 Key=Created,Value=1489169406
INSTANCE i-00241738
INSTANCE NAME: uat_internetds_life_app01
Tagging Snapshot snap-0cf72691da8a2e749 with the following Tags: Key=CreatedBy,Value=ec2-automate-backup Key=InstanceId,Value=i-00241738 Key=InstanceName,Value=uat_internetds_life_app01 Key=PurgeAfterFE,Value=1491761406 Key=PurgeAllow,Value=true Key=Volume,Value=vol-dc8fa259 Key=Created,Value=1489169406
INSTANCE i-00241738
INSTANCE NAME: uat_internetds_life_app01
Tagging Snapshot snap-0702494547c805aee with the following Tags: Key=CreatedBy,Value=ec2-automate-backup Key=InstanceId,Value=i-00241738 Key=InstanceName,Value=uat_internetds_life_app01 Key=PurgeAfterFE,Value=1491761406 Key=PurgeAllow,Value=true Key=Volume,Value=vol-e78fa262 Key=Created,Value=1489169406
INSTANCE i-2e281b16
INSTANCE NAME: dev_internetds_front_app01
Tagging Snapshot snap-000a25f2ff0730aa4 with the following Tags: Key=CreatedBy,Value=ec2-automate-backup Key=InstanceId,Value=i-2e281b16 Key=InstanceName,Value=dev_internetds_front_app01 Key=PurgeAfterFE,Value=1491761406 Key=PurgeAllow,Value=true Key=Volume,Value=vol-4c84a9c9 Key=Created,Value=1489169406
INSTANCE i-2e281b16
INSTANCE NAME: dev_internetds_front_app01
Tagging Snapshot snap-0844bcae6a78b474f with the following Tags: Key=CreatedBy,Value=ec2-automate-backup Key=InstanceId,Value=i-2e281b16 Key=InstanceName,Value=dev_internetds_front_app01 Key=PurgeAfterFE,Value=1491761406 Key=PurgeAllow,Value=true Key=Volume,Value=vol-cd87aa48 Key=Created,Value=1489169406
INSTANCE i-08281b30
INSTANCE NAME: dev_internetds_life_app01
Tagging Snapshot snap-07df763ecff898913 with the following Tags: Key=CreatedBy,Value=ec2-automate-backup Key=InstanceId,Value=i-08281b30 Key=InstanceName,Value=dev_internetds_life_app01 Key=PurgeAfterFE,Value=1491761406 Key=PurgeAllow,Value=true Key=Volume,Value=vol-5287aad7 Key=Created,Value=1489169406
INSTANCE i-08281b30
INSTANCE NAME: dev_internetds_life_app01
Tagging Snapshot snap-0c2277143256b13bb with the following Tags: Key=CreatedBy,Value=ec2-automate-backup Key=InstanceId,Value=i-08281b30 Key=InstanceName,Value=dev_internetds_life_app01 Key=PurgeAfterFE,Value=1491761406 Key=PurgeAllow,Value=true Key=Volume,Value=vol-a486ab21 Key=Created,Value=1489169406
INSTANCE i-05281b3d
INSTANCE NAME: dev_internetds_health_app01
Tagging Snapshot snap-03922003d3d0e6803 with the following Tags: Key=CreatedBy,Value=ec2-automate-backup Key=InstanceId,Value=i-05281b3d Key=InstanceName,Value=dev_internetds_health_app01 Key=PurgeAfterFE,Value=1491761406 Key=PurgeAllow,Value=true Key=Volume,Value=vol-3486abb1 Key=Created,Value=1489169406
INSTANCE i-c4281bfc
INSTANCE NAME: dev_internetds_opsmon_app01
Tagging Snapshot snap-0ca3f0768eb239502 with the following Tags: Key=CreatedBy,Value=ec2-automate-backup Key=InstanceId,Value=i-c4281bfc Key=InstanceName,Value=dev_internetds_opsmon_app01 Key=PurgeAfterFE,Value=1491761406 Key=PurgeAllow,Value=true Key=Volume,Value=vol-7286abf7 Key=Created,Value=1489169406
INSTANCE i-05281b3d
INSTANCE NAME: dev_internetds_health_app01
Tagging Snapshot snap-04fdc1dbf759c9044 with the following Tags: Key=CreatedBy,Value=ec2-automate-backup Key=InstanceId,Value=i-05281b3d Key=InstanceName,Value=dev_internetds_health_app01 Key=PurgeAfterFE,Value=1491761406 Key=PurgeAllow,Value=true Key=Volume,Value=vol-8581ac00 Key=Created,Value=1489169406
INSTANCE i-c4281bfc
INSTANCE NAME: dev_internetds_opsmon_app01
Tagging Snapshot snap-0d926d1d16c5ae851 with the following Tags: Key=CreatedBy,Value=ec2-automate-backup Key=InstanceId,Value=i-c4281bfc Key=InstanceName,Value=dev_internetds_opsmon_app01 Key=PurgeAfterFE,Value=1491761406 Key=PurgeAllow,Value=true Key=Volume,Value=vol-9581ac10 Key=Created,Value=1489169406
INSTANCE i-392d1e01
INSTANCE NAME: dev_internetds_mid01
Tagging Snapshot snap-072f6e014aee46bc3 with the following Tags: Key=CreatedBy,Value=ec2-automate-backup Key=InstanceId,Value=i-392d1e01 Key=InstanceName,Value=dev_internetds_mid01 Key=PurgeAfterFE,Value=1491761406 Key=PurgeAllow,Value=true Key=Volume,Value=vol-a29db027 Key=Created,Value=1489169406
INSTANCE i-392d1e01
INSTANCE NAME: dev_internetds_mid01
Tagging Snapshot snap-00bad50cae0d0cdd5 with the following Tags: Key=CreatedBy,Value=ec2-automate-backup Key=InstanceId,Value=i-392d1e01 Key=InstanceName,Value=dev_internetds_mid01 Key=PurgeAfterFE,Value=1491761406 Key=PurgeAllow,Value=true Key=Volume,Value=vol-ce9db04b Key=Created,Value=1489169406
INSTANCE i-322d1e0a
INSTANCE NAME: dev_internetds_datax_app01
Tagging Snapshot snap-0327009e9e580547d with the following Tags: Key=CreatedBy,Value=ec2-automate-backup Key=InstanceId,Value=i-322d1e0a Key=InstanceName,Value=dev_internetds_datax_app01 Key=PurgeAfterFE,Value=1491761406 Key=PurgeAllow,Value=true Key=Volume,Value=vol-f19db074 Key=Created,Value=1489169406
INSTANCE i-322d1e0a
INSTANCE NAME: dev_internetds_datax_app01
Tagging Snapshot snap-0cae02916dad7dbc9 with the following Tags: Key=CreatedBy,Value=ec2-automate-backup Key=InstanceId,Value=i-322d1e0a Key=InstanceName,Value=dev_internetds_datax_app01 Key=PurgeAfterFE,Value=1491761406 Key=PurgeAllow,Value=true Key=Volume,Value=vol-2a9db0af Key=Created,Value=1489169406
INSTANCE i-062d1e3e
INSTANCE NAME: uat_internetds_datax_app02
Tagging Snapshot snap-0f344a1bc7baab093 with the following Tags: Key=CreatedBy,Value=ec2-automate-backup Key=InstanceId,Value=i-062d1e3e Key=InstanceName,Value=uat_internetds_datax_app02 Key=PurgeAfterFE,Value=1491761406 Key=PurgeAllow,Value=true Key=Volume,Value=vol-729db0f7 Key=Created,Value=1489169406
INSTANCE i-062d1e3e
INSTANCE NAME: uat_internetds_datax_app02
Tagging Snapshot snap-0ed565db78da03799 with the following Tags: Key=CreatedBy,Value=ec2-automate-backup Key=InstanceId,Value=i-062d1e3e Key=InstanceName,Value=uat_internetds_datax_app02 Key=PurgeAfterFE,Value=1491761406 Key=PurgeAllow,Value=true Key=Volume,Value=vol-d79cb152 Key=Created,Value=1489169406
INSTANCE i-04330e3c
INSTANCE NAME: test_epolicy_mail01
Tagging Snapshot snap-03f58c88f0d8766da with the following Tags: Key=CreatedBy,Value=ec2-automate-backup Key=InstanceId,Value=i-04330e3c Key=InstanceName,Value=test_epolicy_mail01 Key=PurgeAfterFE,Value=1491761406 Key=PurgeAllow,Value=true Key=Volume,Value=vol-f0567f75 Key=Created,Value=1489169406
INSTANCE i-04330e3c
INSTANCE NAME: test_epolicy_mail01
Tagging Snapshot snap-058459f5857dcc106 with the following Tags: Key=CreatedBy,Value=ec2-automate-backup Key=InstanceId,Value=i-04330e3c Key=InstanceName,Value=test_epolicy_mail01 Key=PurgeAfterFE,Value=1491761406 Key=PurgeAllow,Value=true Key=Volume,Value=vol-74567ff1 Key=Created,Value=1489169406
INSTANCE i-1eb28f26
INSTANCE NAME: uat_internetds_datax_app1
Tagging Snapshot snap-036a12664722d0b79 with the following Tags: Key=CreatedBy,Value=ec2-automate-backup Key=InstanceId,Value=i-1eb28f26 Key=InstanceName,Value=uat_internetds_datax_app1 Key=PurgeAfterFE,Value=1491761406 Key=PurgeAllow,Value=true Key=Volume,Value=vol-41644cc4 Key=Created,Value=1489169406
INSTANCE i-1eb28f26
INSTANCE NAME: uat_internetds_datax_app1
Tagging Snapshot snap-0079eecc63a2637cd with the following Tags: Key=CreatedBy,Value=ec2-automate-backup Key=InstanceId,Value=i-1eb28f26 Key=InstanceName,Value=uat_internetds_datax_app1 Key=PurgeAfterFE,Value=1491761406 Key=PurgeAllow,Value=true Key=Volume,Value=vol-ab654d2e Key=Created,Value=1489169406
INSTANCE i-d1a598e9
INSTANCE NAME: dev_internetds_datax_app03
Tagging Snapshot snap-0ee84731f66b4afd1 with the following Tags: Key=CreatedBy,Value=ec2-automate-backup Key=InstanceId,Value=i-d1a598e9 Key=InstanceName,Value=dev_internetds_datax_app03 Key=PurgeAfterFE,Value=1491761406 Key=PurgeAllow,Value=true Key=Volume,Value=vol-13745c96 Key=Created,Value=1489169406
INSTANCE i-d1a598e9
INSTANCE NAME: dev_internetds_datax_app03
Tagging Snapshot snap-07e8e753ffde3f262 with the following Tags: Key=CreatedBy,Value=ec2-automate-backup Key=InstanceId,Value=i-d1a598e9 Key=InstanceName,Value=dev_internetds_datax_app03 Key=PurgeAfterFE,Value=1491761406 Key=PurgeAllow,Value=true Key=Volume,Value=vol-50745cd5 Key=Created,Value=1489169406
INSTANCE i-8099a6b8
INSTANCE NAME: internetds_dmz_nginx01
Tagging Snapshot snap-05af86df0f6274ea2 with the following Tags: Key=CreatedBy,Value=ec2-automate-backup Key=InstanceId,Value=i-8099a6b8 Key=InstanceName,Value=internetds_dmz_nginx01 Key=PurgeAfterFE,Value=1491761406 Key=PurgeAllow,Value=true Key=Volume,Value=vol-88c6f30d Key=Created,Value=1489169406
INSTANCE i-8099a6b8
INSTANCE NAME: internetds_dmz_nginx01
Tagging Snapshot snap-028a1743805672836 with the following Tags: Key=CreatedBy,Value=ec2-automate-backup Key=InstanceId,Value=i-8099a6b8 Key=InstanceName,Value=internetds_dmz_nginx01 Key=PurgeAfterFE,Value=1491761406 Key=PurgeAllow,Value=true Key=Volume,Value=vol-a7c6f322 Key=Created,Value=1489169406
INSTANCE i-a794ab9f
INSTANCE NAME: internetds_front_nginx01
Tagging Snapshot snap-0cd195e54404b72a0 with the following Tags: Key=CreatedBy,Value=ec2-automate-backup Key=InstanceId,Value=i-a794ab9f Key=InstanceName,Value=internetds_front_nginx01 Key=PurgeAfterFE,Value=1491761406 Key=PurgeAllow,Value=true Key=Volume,Value=vol-b8ccf93d Key=Created,Value=1489169406
INSTANCE i-a794ab9f
INSTANCE NAME: internetds_front_nginx01
Tagging Snapshot snap-0a7801f6d4ec52bb5 with the following Tags: Key=CreatedBy,Value=ec2-automate-backup Key=InstanceId,Value=i-a794ab9f Key=InstanceName,Value=internetds_front_nginx01 Key=PurgeAfterFE,Value=1491761406 Key=PurgeAllow,Value=true Key=Volume,Value=vol-cfccf94a Key=Created,Value=1489169406
INSTANCE i-0194ab39
INSTANCE NAME: internetds_front_zkp_app01
Tagging Snapshot snap-081be8c26624e308d with the following Tags: Key=CreatedBy,Value=ec2-automate-backup Key=InstanceId,Value=i-0194ab39 Key=InstanceName,Value=internetds_front_zkp_app01 Key=PurgeAfterFE,Value=1491761406 Key=PurgeAllow,Value=true Key=Volume,Value=vol-33ccf9b6 Key=Created,Value=1489169406
INSTANCE i-0194ab39
INSTANCE NAME: internetds_front_zkp_app01
Tagging Snapshot snap-01b7ec64feeb58419 with the following Tags: Key=CreatedBy,Value=ec2-automate-backup Key=InstanceId,Value=i-0194ab39 Key=InstanceName,Value=internetds_front_zkp_app01 Key=PurgeAfterFE,Value=1491761406 Key=PurgeAllow,Value=true Key=Volume,Value=vol-c1cffa44 Key=Created,Value=1489169406
INSTANCE i-d187b8e9
INSTANCE NAME: internetds_front_dsjr_app01
Tagging Snapshot snap-04ca0c1c244bc6a16 with the following Tags: Key=CreatedBy,Value=ec2-automate-backup Key=InstanceId,Value=i-d187b8e9 Key=InstanceName,Value=internetds_front_dsjr_app01 Key=PurgeAfterFE,Value=1491761406 Key=PurgeAllow,Value=true Key=Volume,Value=vol-e4b98c61 Key=Created,Value=1489169406
INSTANCE i-9c87b8a4
INSTANCE NAME: internetds_life_jsyq_app01
Tagging Snapshot snap-0cf59f669db7e92c1 with the following Tags: Key=CreatedBy,Value=ec2-automate-backup Key=InstanceId,Value=i-9c87b8a4 Key=InstanceName,Value=internetds_life_jsyq_app01 Key=PurgeAfterFE,Value=1491761406 Key=PurgeAllow,Value=true Key=Volume,Value=vol-f3b98c76 Key=Created,Value=1489169406
INSTANCE i-9c87b8a4
INSTANCE NAME: internetds_life_jsyq_app01
Tagging Snapshot snap-0bd79ed18951b8a0b with the following Tags: Key=CreatedBy,Value=ec2-automate-backup Key=InstanceId,Value=i-9c87b8a4 Key=InstanceName,Value=internetds_life_jsyq_app01 Key=PurgeAfterFE,Value=1491761406 Key=PurgeAllow,Value=true Key=Volume,Value=vol-f2b98c77 Key=Created,Value=1489169406
INSTANCE i-0187b839
INSTANCE NAME: internetds_life_bdgl_app01
Tagging Snapshot snap-05a9a1512370572d3 with the following Tags: Key=CreatedBy,Value=ec2-automate-backup Key=InstanceId,Value=i-0187b839 Key=InstanceName,Value=internetds_life_bdgl_app01 Key=PurgeAfterFE,Value=1491761406 Key=PurgeAllow,Value=true Key=Volume,Value=vol-00b98c85 Key=Created,Value=1489169406
INSTANCE i-d187b8e9
INSTANCE NAME: internetds_front_dsjr_app01
Tagging Snapshot snap-0e3c33bb5d55c831a with the following Tags: Key=CreatedBy,Value=ec2-automate-backup Key=InstanceId,Value=i-d187b8e9 Key=InstanceName,Value=internetds_front_dsjr_app01 Key=PurgeAfterFE,Value=1491761406 Key=PurgeAllow,Value=true Key=Volume,Value=vol-0cb98c89 Key=Created,Value=1489169406
INSTANCE i-1786b92f
INSTANCE NAME: internetds_front_mq_app01
Tagging Snapshot snap-0fd70c6bbd98ef92b with the following Tags: Key=CreatedBy,Value=ec2-automate-backup Key=InstanceId,Value=i-1786b92f Key=InstanceName,Value=internetds_front_mq_app01 Key=PurgeAfterFE,Value=1491761406 Key=PurgeAllow,Value=true Key=Volume,Value=vol-0fb98c8a Key=Created,Value=1489169406
INSTANCE i-1186b929
INSTANCE NAME: internetds_life_xqyhb_app01
Tagging Snapshot snap-0c67841d06ba48373 with the following Tags: Key=CreatedBy,Value=ec2-automate-backup Key=InstanceId,Value=i-1186b929 Key=InstanceName,Value=internetds_life_xqyhb_app01 Key=PurgeAfterFE,Value=1491761406 Key=PurgeAllow,Value=true Key=Volume,Value=vol-56b98cd3 Key=Created,Value=1489169406
INSTANCE i-0a87b832
INSTANCE NAME: internetds_life_bq_app01
Tagging Snapshot snap-057c73e0662501e06 with the following Tags: Key=CreatedBy,Value=ec2-automate-backup Key=InstanceId,Value=i-0a87b832 Key=InstanceName,Value=internetds_life_bq_app01 Key=PurgeAfterFE,Value=1491761406 Key=PurgeAllow,Value=true Key=Volume,Value=vol-6cb98ce9 Key=Created,Value=1489169406
INSTANCE i-0187b839
INSTANCE NAME: internetds_life_bdgl_app01
Tagging Snapshot snap-08a102191797371eb with the following Tags: Key=CreatedBy,Value=ec2-automate-backup Key=InstanceId,Value=i-0187b839 Key=InstanceName,Value=internetds_life_bdgl_app01 Key=PurgeAfterFE,Value=1491761406 Key=PurgeAllow,Value=true Key=Volume,Value=vol-80b88d05 Key=Created,Value=1489169406
INSTANCE i-0a87b832
INSTANCE NAME: internetds_life_bq_app01
Tagging Snapshot snap-0ea0bf7b41da22426 with the following Tags: Key=CreatedBy,Value=ec2-automate-backup Key=InstanceId,Value=i-0a87b832 Key=InstanceName,Value=internetds_life_bq_app01 Key=PurgeAfterFE,Value=1491761406 Key=PurgeAllow,Value=true Key=Volume,Value=vol-89b88d0c Key=Created,Value=1489169406
INSTANCE i-1186b929
INSTANCE NAME: internetds_life_xqyhb_app01
Tagging Snapshot snap-06afe7b980725f154 with the following Tags: Key=CreatedBy,Value=ec2-automate-backup Key=InstanceId,Value=i-1186b929 Key=InstanceName,Value=internetds_life_xqyhb_app01 Key=PurgeAfterFE,Value=1491761406 Key=PurgeAllow,Value=true Key=Volume,Value=vol-a7b88d22 Key=Created,Value=1489169406
INSTANCE i-1786b92f
INSTANCE NAME: internetds_front_mq_app01
Tagging Snapshot snap-0cf4c55a18282308a with the following Tags: Key=CreatedBy,Value=ec2-automate-backup Key=InstanceId,Value=i-1786b92f Key=InstanceName,Value=internetds_front_mq_app01 Key=PurgeAfterFE,Value=1491761406 Key=PurgeAllow,Value=true Key=Volume,Value=vol-a1b88d24 Key=Created,Value=1489169406
INSTANCE i-d75967ef
INSTANCE NAME: internetds_opsmon_app01
Tagging Snapshot snap-04c6743716befae23 with the following Tags: Key=CreatedBy,Value=ec2-automate-backup Key=InstanceId,Value=i-d75967ef Key=InstanceName,Value=internetds_opsmon_app01 Key=PurgeAfterFE,Value=1491761406 Key=PurgeAllow,Value=true Key=Volume,Value=vol-3d695db8 Key=Created,Value=1489169406
INSTANCE i-d75967ef
INSTANCE NAME: internetds_opsmon_app01
Tagging Snapshot snap-0475f6f7340531fe3 with the following Tags: Key=CreatedBy,Value=ec2-automate-backup Key=InstanceId,Value=i-d75967ef Key=InstanceName,Value=internetds_opsmon_app01 Key=PurgeAfterFE,Value=1491761406 Key=PurgeAllow,Value=true Key=Volume,Value=vol-9c6a5e19 Key=Created,Value=1489169406
INSTANCE i-985668a0
INSTANCE NAME: internetds_front_yyzc_app01
Tagging Snapshot snap-05a3727c407ba983a with the following Tags: Key=CreatedBy,Value=ec2-automate-backup Key=InstanceId,Value=i-985668a0 Key=InstanceName,Value=internetds_front_yyzc_app01 Key=PurgeAfterFE,Value=1491761406 Key=PurgeAllow,Value=true Key=Volume,Value=vol-9854601d Key=Created,Value=1489169406
INSTANCE i-985668a0
INSTANCE NAME: internetds_front_yyzc_app01
Tagging Snapshot snap-0346510bca0f0ba45 with the following Tags: Key=CreatedBy,Value=ec2-automate-backup Key=InstanceId,Value=i-985668a0 Key=InstanceName,Value=internetds_front_yyzc_app01 Key=PurgeAfterFE,Value=1491761406 Key=PurgeAllow,Value=true Key=Volume,Value=vol-ab54602e Key=Created,Value=1489169406
INSTANCE i-4257697a
INSTANCE NAME: internetds_nat01
Tagging Snapshot snap-017f81f232b4d318b with the following Tags: Key=CreatedBy,Value=ec2-automate-backup Key=InstanceId,Value=i-4257697a Key=InstanceName,Value=internetds_nat01 Key=PurgeAfterFE,Value=1491761406 Key=PurgeAllow,Value=true Key=Volume,Value=vol-a855612d Key=Created,Value=1489169406
INSTANCE i-3bead403
INSTANCE NAME: internetds_life_xqyhb_app03
Tagging Snapshot snap-0e1b0d9e4499f554b with the following Tags: Key=CreatedBy,Value=ec2-automate-backup Key=InstanceId,Value=i-3bead403 Key=InstanceName,Value=internetds_life_xqyhb_app03 Key=PurgeAfterFE,Value=1491761406 Key=PurgeAllow,Value=true Key=Volume,Value=vol-429aaec7 Key=Created,Value=1489169406
INSTANCE i-3bead403
INSTANCE NAME: internetds_life_xqyhb_app03
Tagging Snapshot snap-0eab52ee312e64cff with the following Tags: Key=CreatedBy,Value=ec2-automate-backup Key=InstanceId,Value=i-3bead403 Key=InstanceName,Value=internetds_life_xqyhb_app03 Key=PurgeAfterFE,Value=1491761406 Key=PurgeAllow,Value=true Key=Volume,Value=vol-d89baf5d Key=Created,Value=1489169406
INSTANCE i-a3e9d79b
INSTANCE NAME: internetds_datax_yc_app01
Tagging Snapshot snap-0de45afcb7d9bb9a2 with the following Tags: Key=CreatedBy,Value=ec2-automate-backup Key=InstanceId,Value=i-a3e9d79b Key=InstanceName,Value=internetds_datax_yc_app01 Key=PurgeAfterFE,Value=1491761406 Key=PurgeAllow,Value=true Key=Volume,Value=vol-5c87b3d9 Key=Created,Value=1489169406
INSTANCE i-3ce8d604
INSTANCE NAME: internetds_datax_app01
Tagging Snapshot snap-00598857377cafafe with the following Tags: Key=CreatedBy,Value=ec2-automate-backup Key=InstanceId,Value=i-3ce8d604 Key=InstanceName,Value=internetds_datax_app01 Key=PurgeAfterFE,Value=1491761406 Key=PurgeAllow,Value=true Key=Volume,Value=vol-5f87b3da Key=Created,Value=1489169406
INSTANCE i-3ce8d604
INSTANCE NAME: internetds_datax_app01
Tagging Snapshot snap-0bf78ef985a62e577 with the following Tags: Key=CreatedBy,Value=ec2-automate-backup Key=InstanceId,Value=i-3ce8d604 Key=InstanceName,Value=internetds_datax_app01 Key=PurgeAfterFE,Value=1491761406 Key=PurgeAllow,Value=true Key=Volume,Value=vol-9e80b41b Key=Created,Value=1489169406
INSTANCE i-a3e9d79b
INSTANCE NAME: internetds_datax_yc_app01
Tagging Snapshot snap-045dc134b4cc289b9 with the following Tags: Key=CreatedBy,Value=ec2-automate-backup Key=InstanceId,Value=i-a3e9d79b Key=InstanceName,Value=internetds_datax_yc_app01 Key=PurgeAfterFE,Value=1491761406 Key=PurgeAllow,Value=true Key=Volume,Value=vol-b780b432 Key=Created,Value=1489169406
INSTANCE i-4cc5fb74
INSTANCE NAME: mgmt_bastion01
Tagging Snapshot snap-06866952c4f639a19 with the following Tags: Key=CreatedBy,Value=ec2-automate-backup Key=InstanceId,Value=i-4cc5fb74 Key=InstanceName,Value=mgmt_bastion01 Key=PurgeAfterFE,Value=1491761406 Key=PurgeAllow,Value=true Key=Volume,Value=vol-234176a6 Key=Created,Value=1489169406
INSTANCE i-bfba8487
INSTANCE NAME: internetds_epolicy_app02
Tagging Snapshot snap-03f947738c6443479 with the following Tags: Key=CreatedBy,Value=ec2-automate-backup Key=InstanceId,Value=i-bfba8487 Key=InstanceName,Value=internetds_epolicy_app02 Key=PurgeAfterFE,Value=1491761406 Key=PurgeAllow,Value=true Key=Volume,Value=vol-533f08d6 Key=Created,Value=1489169406
INSTANCE i-beba8486
INSTANCE NAME: internetds_epolicy_app01
Tagging Snapshot snap-0e009801c1ae98bd8 with the following Tags: Key=CreatedBy,Value=ec2-automate-backup Key=InstanceId,Value=i-beba8486 Key=InstanceName,Value=internetds_epolicy_app01 Key=PurgeAfterFE,Value=1491761406 Key=PurgeAllow,Value=true Key=Volume,Value=vol-523f08d7 Key=Created,Value=1489169406
INSTANCE i-beba8486
INSTANCE NAME: internetds_epolicy_app01
Tagging Snapshot snap-0e24859acf72d54bc with the following Tags: Key=CreatedBy,Value=ec2-automate-backup Key=InstanceId,Value=i-beba8486 Key=InstanceName,Value=internetds_epolicy_app01 Key=PurgeAfterFE,Value=1491761406 Key=PurgeAllow,Value=true Key=Volume,Value=vol-a03e0925 Key=Created,Value=1489169406
INSTANCE i-bfba8487
INSTANCE NAME: internetds_epolicy_app02
Tagging Snapshot snap-0b2e2670836a95b7e with the following Tags: Key=CreatedBy,Value=ec2-automate-backup Key=InstanceId,Value=i-bfba8487 Key=InstanceName,Value=internetds_epolicy_app02 Key=PurgeAfterFE,Value=1491761406 Key=PurgeAllow,Value=true Key=Volume,Value=vol-a33e0926 Key=Created,Value=1489169406
INSTANCE i-b0b88688
INSTANCE NAME: internetds_dmz_email01
Tagging Snapshot snap-065d1ad28378f609f with the following Tags: Key=CreatedBy,Value=ec2-automate-backup Key=InstanceId,Value=i-b0b88688 Key=InstanceName,Value=internetds_dmz_email01 Key=PurgeAfterFE,Value=1491761406 Key=PurgeAllow,Value=true Key=Volume,Value=vol-eb3c0b6e Key=Created,Value=1489169406
INSTANCE i-b0b88688
INSTANCE NAME: internetds_dmz_email01
Tagging Snapshot snap-055dfe77f8c235d38 with the following Tags: Key=CreatedBy,Value=ec2-automate-backup Key=InstanceId,Value=i-b0b88688 Key=InstanceName,Value=internetds_dmz_email01 Key=PurgeAfterFE,Value=1491761406 Key=PurgeAllow,Value=true Key=Volume,Value=vol-263c0ba3 Key=Created,Value=1489169406
INSTANCE i-08b18930
INSTANCE NAME: internetds_epolicy_app05
Tagging Snapshot snap-0afa0a307b9e57a68 with the following Tags: Key=CreatedBy,Value=ec2-automate-backup Key=InstanceId,Value=i-08b18930 Key=InstanceName,Value=internetds_epolicy_app05 Key=PurgeAfterFE,Value=1491761406 Key=PurgeAllow,Value=true Key=Volume,Value=vol-2ca494a9 Key=Created,Value=1489169406
INSTANCE i-09b18931
INSTANCE NAME: internetds_epolicy_app06
Tagging Snapshot snap-0c61a65c6dea899d3 with the following Tags: Key=CreatedBy,Value=ec2-automate-backup Key=InstanceId,Value=i-09b18931 Key=InstanceName,Value=internetds_epolicy_app06 Key=PurgeAfterFE,Value=1491761406 Key=PurgeAllow,Value=true Key=Volume,Value=vol-2fa494aa Key=Created,Value=1489169406
INSTANCE i-09b18931
INSTANCE NAME: internetds_epolicy_app06
Tagging Snapshot snap-0e44427fb238ae5d9 with the following Tags: Key=CreatedBy,Value=ec2-automate-backup Key=InstanceId,Value=i-09b18931 Key=InstanceName,Value=internetds_epolicy_app06 Key=PurgeAfterFE,Value=1491761406 Key=PurgeAllow,Value=true Key=Volume,Value=vol-33a494b6 Key=Created,Value=1489169406
INSTANCE i-08b18930
INSTANCE NAME: internetds_epolicy_app05
Tagging Snapshot snap-0d250a501862571d4 with the following Tags: Key=CreatedBy,Value=ec2-automate-backup Key=InstanceId,Value=i-08b18930 Key=InstanceName,Value=internetds_epolicy_app05 Key=PurgeAfterFE,Value=1491761406 Key=PurgeAllow,Value=true Key=Volume,Value=vol-59a494dc Key=Created,Value=1489169406
INSTANCE i-8feeeab7
INSTANCE NAME: internetds_life_wzyhdz_ftp
Tagging Snapshot snap-0702a782954cadaee with the following Tags: Key=CreatedBy,Value=ec2-automate-backup Key=InstanceId,Value=i-8feeeab7 Key=InstanceName,Value=internetds_life_wzyhdz_ftp Key=PurgeAfterFE,Value=1491761406 Key=PurgeAllow,Value=true Key=Volume,Value=vol-550638d0 Key=Created,Value=1489169406
INSTANCE i-8feeeab7
INSTANCE NAME: internetds_life_wzyhdz_ftp
Tagging Snapshot snap-07264b9d2b6a90b82 with the following Tags: Key=CreatedBy,Value=ec2-automate-backup Key=InstanceId,Value=i-8feeeab7 Key=InstanceName,Value=internetds_life_wzyhdz_ftp Key=PurgeAfterFE,Value=1491761406 Key=PurgeAllow,Value=true Key=Volume,Value=vol-7b0739fe Key=Created,Value=1489169406
INSTANCE i-66eaee5e
INSTANCE NAME: test_internetds_life_wzyhdz_ftp
Tagging Snapshot snap-07a6418951b563bff with the following Tags: Key=CreatedBy,Value=ec2-automate-backup Key=InstanceId,Value=i-66eaee5e Key=InstanceName,Value=test_internetds_life_wzyhdz_ftp Key=PurgeAfterFE,Value=1491761406 Key=PurgeAllow,Value=true Key=Volume,Value=vol-b5033d30 Key=Created,Value=1489169406
INSTANCE i-66eaee5e
INSTANCE NAME: test_internetds_life_wzyhdz_ftp
Tagging Snapshot snap-08595631584f9fcfb with the following Tags: Key=CreatedBy,Value=ec2-automate-backup Key=InstanceId,Value=i-66eaee5e Key=InstanceName,Value=test_internetds_life_wzyhdz_ftp Key=PurgeAfterFE,Value=1491761406 Key=PurgeAllow,Value=true Key=Volume,Value=vol-d9033d5c Key=Created,Value=1489169406
INSTANCE i-98696ea0
INSTANCE NAME: yc_internetds_life_loadrunner3
Tagging Snapshot snap-051209c24f78f60d7 with the following Tags: Key=CreatedBy,Value=ec2-automate-backup Key=InstanceId,Value=i-98696ea0 Key=InstanceName,Value=yc_internetds_life_loadrunner3 Key=PurgeAfterFE,Value=1491761406 Key=PurgeAllow,Value=true Key=Volume,Value=vol-0d340d88 Key=Created,Value=1489169406
INSTANCE i-69696e51
INSTANCE NAME: yc_internetds_life_loadrunner4
Tagging Snapshot snap-04bd6fe86347a6729 with the following Tags: Key=CreatedBy,Value=ec2-automate-backup Key=InstanceId,Value=i-69696e51 Key=InstanceName,Value=yc_internetds_life_loadrunner4 Key=PurgeAfterFE,Value=1491761406 Key=PurgeAllow,Value=true Key=Volume,Value=vol-62340de7 Key=Created,Value=1489169406
INSTANCE i-69696e51
INSTANCE NAME: yc_internetds_life_loadrunner4
Tagging Snapshot snap-04348355a5432cd20 with the following Tags: Key=CreatedBy,Value=ec2-automate-backup Key=InstanceId,Value=i-69696e51 Key=InstanceName,Value=yc_internetds_life_loadrunner4 Key=PurgeAfterFE,Value=1491761406 Key=PurgeAllow,Value=true Key=Volume,Value=vol-7f340dfa Key=Created,Value=1489169406
INSTANCE i-98696ea0
INSTANCE NAME: yc_internetds_life_loadrunner3
Tagging Snapshot snap-09183ca0e8246bb88 with the following Tags: Key=CreatedBy,Value=ec2-automate-backup Key=InstanceId,Value=i-98696ea0 Key=InstanceName,Value=yc_internetds_life_loadrunner3 Key=PurgeAfterFE,Value=1491761406 Key=PurgeAllow,Value=true Key=Volume,Value=vol-82370e07 Key=Created,Value=1489169406
INSTANCE i-ea5855d2
INSTANCE NAME: internetds_opsmon_MongoDB01
Tagging Snapshot snap-0ede2df7847d89454 with the following Tags: Key=CreatedBy,Value=ec2-automate-backup Key=InstanceId,Value=i-ea5855d2 Key=InstanceName,Value=internetds_opsmon_MongoDB01 Key=PurgeAfterFE,Value=1491761406 Key=PurgeAllow,Value=true Key=Volume,Value=vol-916b6a14 Key=Created,Value=1489169406
INSTANCE i-6758555f
INSTANCE NAME: internetds_opsmon_MongoDB02
Tagging Snapshot snap-0b58386e2272ab323 with the following Tags: Key=CreatedBy,Value=ec2-automate-backup Key=InstanceId,Value=i-6758555f Key=InstanceName,Value=internetds_opsmon_MongoDB02 Key=PurgeAfterFE,Value=1491761406 Key=PurgeAllow,Value=true Key=Volume,Value=vol-9d6b6a18 Key=Created,Value=1489169406
INSTANCE i-965855ae
INSTANCE NAME: internetds_opsmon_MongoDB03
Tagging Snapshot snap-0e334dee8cc7d5222 with the following Tags: Key=CreatedBy,Value=ec2-automate-backup Key=InstanceId,Value=i-965855ae Key=InstanceName,Value=internetds_opsmon_MongoDB03 Key=PurgeAfterFE,Value=1491761406 Key=PurgeAllow,Value=true Key=Volume,Value=vol-e06b6a65 Key=Created,Value=1489169406
INSTANCE i-6758555f
INSTANCE NAME: internetds_opsmon_MongoDB02
Tagging Snapshot snap-09baa2b1a0ab4a9f8 with the following Tags: Key=CreatedBy,Value=ec2-automate-backup Key=InstanceId,Value=i-6758555f Key=InstanceName,Value=internetds_opsmon_MongoDB02 Key=PurgeAfterFE,Value=1491761406 Key=PurgeAllow,Value=true Key=Volume,Value=vol-f66b6a73 Key=Created,Value=1489169406
INSTANCE i-ea5855d2
INSTANCE NAME: internetds_opsmon_MongoDB01
Tagging Snapshot snap-0972adddf604fe30d with the following Tags: Key=CreatedBy,Value=ec2-automate-backup Key=InstanceId,Value=i-ea5855d2 Key=InstanceName,Value=internetds_opsmon_MongoDB01 Key=PurgeAfterFE,Value=1491761406 Key=PurgeAllow,Value=true Key=Volume,Value=vol-006b6a85 Key=Created,Value=1489169406
INSTANCE i-965855ae
INSTANCE NAME: internetds_opsmon_MongoDB03
Tagging Snapshot snap-0022f6bfa14adcfe8 with the following Tags: Key=CreatedBy,Value=ec2-automate-backup Key=InstanceId,Value=i-965855ae Key=InstanceName,Value=internetds_opsmon_MongoDB03 Key=PurgeAfterFE,Value=1491761406 Key=PurgeAllow,Value=true Key=Volume,Value=vol-116b6a94 Key=Created,Value=1489169406
INSTANCE i-0c585534
INSTANCE NAME: internetds_opsmon_DB01
Tagging Snapshot snap-01d8d1c0bcf44e75b with the following Tags: Key=CreatedBy,Value=ec2-automate-backup Key=InstanceId,Value=i-0c585534 Key=InstanceName,Value=internetds_opsmon_DB01 Key=PurgeAfterFE,Value=1491761406 Key=PurgeAllow,Value=true Key=Volume,Value=vol-8f6a6b0a Key=Created,Value=1489169406
INSTANCE i-0c585534
INSTANCE NAME: internetds_opsmon_DB01
Tagging Snapshot snap-0fb4349d10437d6a1 with the following Tags: Key=CreatedBy,Value=ec2-automate-backup Key=InstanceId,Value=i-0c585534 Key=InstanceName,Value=internetds_opsmon_DB01 Key=PurgeAfterFE,Value=1491761406 Key=PurgeAllow,Value=true Key=Volume,Value=vol-f26a6b77 Key=Created,Value=1489169406
INSTANCE i-050a03a5a66df8028
INSTANCE NAME: dev_internetds_health_mid_app01
Tagging Snapshot snap-03f985d6cd20f6e34 with the following Tags: Key=CreatedBy,Value=ec2-automate-backup Key=InstanceId,Value=i-050a03a5a66df8028 Key=InstanceName,Value=dev_internetds_health_mid_app01 Key=PurgeAfterFE,Value=1491761406 Key=PurgeAllow,Value=true Key=Volume,Value=vol-043c0352acf24d5d9 Key=Created,Value=1489169406
INSTANCE i-050a03a5a66df8028
INSTANCE NAME: dev_internetds_health_mid_app01
Tagging Snapshot snap-02fa1de8c3e335083 with the following Tags: Key=CreatedBy,Value=ec2-automate-backup Key=InstanceId,Value=i-050a03a5a66df8028 Key=InstanceName,Value=dev_internetds_health_mid_app01 Key=PurgeAfterFE,Value=1491761406 Key=PurgeAllow,Value=true Key=Volume,Value=vol-0168547c8e130e25c Key=Created,Value=1489169406
INSTANCE i-0e0a6ed23b32e226e
INSTANCE NAME: uat_internetds_health_mid_app01
Tagging Snapshot snap-085ca9c444d5d98e4 with the following Tags: Key=CreatedBy,Value=ec2-automate-backup Key=InstanceId,Value=i-0e0a6ed23b32e226e Key=InstanceName,Value=uat_internetds_health_mid_app01 Key=PurgeAfterFE,Value=1491761406 Key=PurgeAllow,Value=true Key=Volume,Value=vol-0afa35598272ee33a Key=Created,Value=1489169406
INSTANCE i-0e0a6ed23b32e226e
INSTANCE NAME: uat_internetds_health_mid_app01
Tagging Snapshot snap-04e78439db9378176 with the following Tags: Key=CreatedBy,Value=ec2-automate-backup Key=InstanceId,Value=i-0e0a6ed23b32e226e Key=InstanceName,Value=uat_internetds_health_mid_app01 Key=PurgeAfterFE,Value=1491761406 Key=PurgeAllow,Value=true Key=Volume,Value=vol-0a58fdefe505b5f9c Key=Created,Value=1489169406
INSTANCE i-01b5bff014607d4f7
INSTANCE NAME: dev_internetds_health_datax_app01
Tagging Snapshot snap-038a587d1e94b0419 with the following Tags: Key=CreatedBy,Value=ec2-automate-backup Key=InstanceId,Value=i-01b5bff014607d4f7 Key=InstanceName,Value=dev_internetds_health_datax_app01 Key=PurgeAfterFE,Value=1491761406 Key=PurgeAllow,Value=true Key=Volume,Value=vol-0bb879fc8a757300a Key=Created,Value=1489169406
INSTANCE i-01b5bff014607d4f7
INSTANCE NAME: dev_internetds_health_datax_app01
Tagging Snapshot snap-0bb6ff9c67f646c30 with the following Tags: Key=CreatedBy,Value=ec2-automate-backup Key=InstanceId,Value=i-01b5bff014607d4f7 Key=InstanceName,Value=dev_internetds_health_datax_app01 Key=PurgeAfterFE,Value=1491761406 Key=PurgeAllow,Value=true Key=Volume,Value=vol-0f7aad9912e0ac78f Key=Created,Value=1489169406
INSTANCE i-04bdc4bc1f009c0ea
INSTANCE NAME: uat_internetds_health_datax_app01
Tagging Snapshot snap-0d51f97b7ff7bf9bc with the following Tags: Key=CreatedBy,Value=ec2-automate-backup Key=InstanceId,Value=i-04bdc4bc1f009c0ea Key=InstanceName,Value=uat_internetds_health_datax_app01 Key=PurgeAfterFE,Value=1491761406 Key=PurgeAllow,Value=true Key=Volume,Value=vol-02b1f7b9a208a8cf3 Key=Created,Value=1489169406
INSTANCE i-06bbe1529e0cf11a7
INSTANCE NAME: dev_internetds_health_gzyq_app01
Tagging Snapshot snap-0fee059b2bfe7dcb5 with the following Tags: Key=CreatedBy,Value=ec2-automate-backup Key=InstanceId,Value=i-06bbe1529e0cf11a7 Key=InstanceName,Value=dev_internetds_health_gzyq_app01 Key=PurgeAfterFE,Value=1491761406 Key=PurgeAllow,Value=true Key=Volume,Value=vol-08bb86e51d56539a0 Key=Created,Value=1489169406
INSTANCE i-04bdc4bc1f009c0ea
INSTANCE NAME: uat_internetds_health_datax_app01
Tagging Snapshot snap-0dfc0240baf04a944 with the following Tags: Key=CreatedBy,Value=ec2-automate-backup Key=InstanceId,Value=i-04bdc4bc1f009c0ea Key=InstanceName,Value=uat_internetds_health_datax_app01 Key=PurgeAfterFE,Value=1491761406 Key=PurgeAllow,Value=true Key=Volume,Value=vol-05de05e324a99ef83 Key=Created,Value=1489169406
INSTANCE i-0923e5fab39808597
INSTANCE NAME: uat_internetds_health_gzyq_app01
Tagging Snapshot snap-098f9db9ced3ddc95 with the following Tags: Key=CreatedBy,Value=ec2-automate-backup Key=InstanceId,Value=i-0923e5fab39808597 Key=InstanceName,Value=uat_internetds_health_gzyq_app01 Key=PurgeAfterFE,Value=1491761406 Key=PurgeAllow,Value=true Key=Volume,Value=vol-0434385cfaf1b40b6 Key=Created,Value=1489169406
INSTANCE i-0a880d078466aa9fa
INSTANCE NAME: yc_internetds_health_bq_app01
Tagging Snapshot snap-0b02a5f3e1dc54eae with the following Tags: Key=CreatedBy,Value=ec2-automate-backup Key=InstanceId,Value=i-0a880d078466aa9fa Key=InstanceName,Value=yc_internetds_health_bq_app01 Key=PurgeAfterFE,Value=1491761406 Key=PurgeAllow,Value=true Key=Volume,Value=vol-09a0e66fac3d5e1eb Key=Created,Value=1489169406
INSTANCE i-06bbe1529e0cf11a7
INSTANCE NAME: dev_internetds_health_gzyq_app01
Tagging Snapshot snap-0e52d0ecc3c65ff0c with the following Tags: Key=CreatedBy,Value=ec2-automate-backup Key=InstanceId,Value=i-06bbe1529e0cf11a7 Key=InstanceName,Value=dev_internetds_health_gzyq_app01 Key=PurgeAfterFE,Value=1491761406 Key=PurgeAllow,Value=true Key=Volume,Value=vol-08a8143f5c85716ca Key=Created,Value=1489169406
INSTANCE i-0923e5fab39808597
INSTANCE NAME: uat_internetds_health_gzyq_app01
Tagging Snapshot snap-063bc120118c786b8 with the following Tags: Key=CreatedBy,Value=ec2-automate-backup Key=InstanceId,Value=i-0923e5fab39808597 Key=InstanceName,Value=uat_internetds_health_gzyq_app01 Key=PurgeAfterFE,Value=1491761406 Key=PurgeAllow,Value=true Key=Volume,Value=vol-07121f37e79416b11 Key=Created,Value=1489169406
INSTANCE 
INSTANCE NAME: 
Tagging Snapshot snap-007fa8af8bd35b57f with the following Tags: Key=CreatedBy,Value=ec2-automate-backup Key=InstanceId,Value= Key=InstanceName,Value= Key=PurgeAfterFE,Value=1491761406 Key=PurgeAllow,Value=true Key=Volume,Value=vol-07c8b7d8e0b774454 Key=Created,Value=1489169406
INSTANCE 
INSTANCE NAME: 
Tagging Snapshot snap-0cbfdc4b1d81ff33f with the following Tags: Key=CreatedBy,Value=ec2-automate-backup Key=InstanceId,Value= Key=InstanceName,Value= Key=PurgeAfterFE,Value=1491761406 Key=PurgeAllow,Value=true Key=Volume,Value=vol-0658d022e9bce4975 Key=Created,Value=1489169406
INSTANCE i-0586ab5c2c0ecfd7e
INSTANCE NAME: yc_internetds_health_bq_app03
Tagging Snapshot snap-09a7ccee72e795eda with the following Tags: Key=CreatedBy,Value=ec2-automate-backup Key=InstanceId,Value=i-0586ab5c2c0ecfd7e Key=InstanceName,Value=yc_internetds_health_bq_app03 Key=PurgeAfterFE,Value=1491761406 Key=PurgeAllow,Value=true Key=Volume,Value=vol-00a45c4b239d50c63 Key=Created,Value=1489169406
INSTANCE i-4cc5fb74
INSTANCE NAME: mgmt_bastion01
Tagging Snapshot snap-05f15c1f9f402bb6a with the following Tags: Key=CreatedBy,Value=ec2-automate-backup Key=InstanceId,Value=i-4cc5fb74 Key=InstanceName,Value=mgmt_bastion01 Key=PurgeAfterFE,Value=1491761406 Key=PurgeAllow,Value=true Key=Volume,Value=vol-019a8dea1bccde116 Key=Created,Value=1489169406
INSTANCE i-0a880d078466aa9fa
INSTANCE NAME: yc_internetds_health_bq_app01
Tagging Snapshot snap-0848e44347e52e552 with the following Tags: Key=CreatedBy,Value=ec2-automate-backup Key=InstanceId,Value=i-0a880d078466aa9fa Key=InstanceName,Value=yc_internetds_health_bq_app01 Key=PurgeAfterFE,Value=1491761406 Key=PurgeAllow,Value=true Key=Volume,Value=vol-0283afe05698da23f Key=Created,Value=1489169406
INSTANCE i-0586ab5c2c0ecfd7e
INSTANCE NAME: yc_internetds_health_bq_app03
Tagging Snapshot snap-021fbdfd0bc2c30c1 with the following Tags: Key=CreatedBy,Value=ec2-automate-backup Key=InstanceId,Value=i-0586ab5c2c0ecfd7e Key=InstanceName,Value=yc_internetds_health_bq_app03 Key=PurgeAfterFE,Value=1491761406 Key=PurgeAllow,Value=true Key=Volume,Value=vol-01e82bf5c47c9b151 Key=Created,Value=1489169406
Snapshot Purging is Starting Now.
Snapshot "snap-0737f1b39976b23e4" with the PurgeAfterFE date of "1489083005" will be deleted.
Snapshot "snap-0fef4ef433aa38c1b" with the PurgeAfterFE date of "1489083005" will be deleted.
Snapshot "snap-02580b8d1ea3d187f" with the PurgeAfterFE date of "1489083005" will be deleted.
Snapshot "snap-03d279a672855573d" with the PurgeAfterFE date of "1489083005" will be deleted.
Snapshot "snap-0fb0847874f709e69" with the PurgeAfterFE date of "1489083005" will be deleted.
Snapshot "snap-02a957d018e29368a" with the PurgeAfterFE date of "1489083005" will be deleted.
Snapshot "snap-016b2dcfebafe4c84" with the PurgeAfterFE date of "1489083005" will be deleted.
Snapshot "snap-0354e678aeb4a037e" with the PurgeAfterFE date of "1489083005" will be deleted.
Snapshot "snap-099478b8980aba4ab" with the PurgeAfterFE date of "1489083005" will be deleted.
Snapshot "snap-042a2b0e0b97f9180" with the PurgeAfterFE date of "1489083005" will be deleted.
Snapshot "snap-080bfc234c6ecf96a" with the PurgeAfterFE date of "1489083005" will be deleted.
Snapshot "snap-08b649cf1b508c11f" with the PurgeAfterFE date of "1489083005" will be deleted.
Snapshot "snap-020c0b32747cd9db7" with the PurgeAfterFE date of "1489083005" will be deleted.
Snapshot "snap-0a24e274a12cc8548" with the PurgeAfterFE date of "1489083005" will be deleted.
Snapshot "snap-06f66d05c6720eb36" with the PurgeAfterFE date of "1489083005" will be deleted.
Snapshot "snap-0488d14d97704058b" with the PurgeAfterFE date of "1489083005" will be deleted.
Snapshot "snap-00f63cd9c5b29892c" with the PurgeAfterFE date of "1489083005" will be deleted.
Snapshot "snap-05b58f14ccb15efb9" with the PurgeAfterFE date of "1489083005" will be deleted.
Snapshot "snap-01df727f1e4e4827f" with the PurgeAfterFE date of "1489083005" will be deleted.
Snapshot "snap-0885bbf8970972547" with the PurgeAfterFE date of "1489083005" will be deleted.
Snapshot "snap-001bab33ed86d94d5" with the PurgeAfterFE date of "1489083005" will be deleted.
Snapshot "snap-0dfd89b40a0c77814" with the PurgeAfterFE date of "1489083005" will be deleted.
Snapshot "snap-041df19c8054c7d40" with the PurgeAfterFE date of "1489083005" will be deleted.
Snapshot "snap-0c80a0d2202b77899" with the PurgeAfterFE date of "1489083005" will be deleted.
Snapshot "snap-02b2ec5ff4c429411" with the PurgeAfterFE date of "1489083005" will be deleted.
Snapshot "snap-0101f44302b976ddb" with the PurgeAfterFE date of "1489083005" will be deleted.
Snapshot "snap-0248920b8d3a7b52b" with the PurgeAfterFE date of "1489083005" will be deleted.
Snapshot "snap-0645278ed92d09233" with the PurgeAfterFE date of "1489083005" will be deleted.
Snapshot "snap-0d04ccc14b4d61658" with the PurgeAfterFE date of "1489083005" will be deleted.
Snapshot "snap-0361a3a212febf6af" with the PurgeAfterFE date of "1489083005" will be deleted.
Snapshot "snap-030f19028fa93493f" with the PurgeAfterFE date of "1489083005" will be deleted.
Snapshot "snap-002aa3b4d7af560c7" with the PurgeAfterFE date of "1489083005" will be deleted.
Snapshot "snap-01a650cc041714153" with the PurgeAfterFE date of "1489083005" will be deleted.
Snapshot "snap-0985fff94717be956" with the PurgeAfterFE date of "1489083005" will be deleted.
Snapshot "snap-0db570afe8c486092" with the PurgeAfterFE date of "1489083005" will be deleted.
Snapshot "snap-0622fbce7717507f0" with the PurgeAfterFE date of "1489083005" will be deleted.
Snapshot "snap-010a9067205e3b1ba" with the PurgeAfterFE date of "1489083005" will be deleted.
Snapshot "snap-04ed2b9769fcefa07" with the PurgeAfterFE date of "1489083005" will be deleted.
Snapshot "snap-0b6f44d5354a1566c" with the PurgeAfterFE date of "1489083005" will be deleted.
Snapshot "snap-04859747d32cf9004" with the PurgeAfterFE date of "1489083005" will be deleted.
Snapshot "snap-0d5a40f353553158b" with the PurgeAfterFE date of "1489083005" will be deleted.
Snapshot "snap-0187d49d766ade2cd" with the PurgeAfterFE date of "1489083005" will be deleted.
Snapshot "snap-0716ee93420e1d1ed" with the PurgeAfterFE date of "1489083005" will be deleted.
Snapshot "snap-09c6a206cfdd88dbe" with the PurgeAfterFE date of "1489083005" will be deleted.
Snapshot "snap-038bc4b0dd90e78b0" with the PurgeAfterFE date of "1489083005" will be deleted.
Snapshot "snap-0084e84ea0622f258" with the PurgeAfterFE date of "1489083005" will be deleted.
Snapshot "snap-08ccb1bedc18e74be" with the PurgeAfterFE date of "1489083005" will be deleted.
Snapshot "snap-04623de1a3b66daa1" with the PurgeAfterFE date of "1489083005" will be deleted.
Snapshot "snap-0969d3937f380c8c8" with the PurgeAfterFE date of "1489083005" will be deleted.
Snapshot "snap-09ea62ffe1baca0e9" with the PurgeAfterFE date of "1489083005" will be deleted.
Snapshot "snap-01d02a9b6f6122ca0" with the PurgeAfterFE date of "1489083005" will be deleted.
Snapshot "snap-0c67147207abcdd58" with the PurgeAfterFE date of "1489083005" will be deleted.
Snapshot "snap-0924f7bd617eba062" with the PurgeAfterFE date of "1489083005" will be deleted.
Snapshot "snap-0beb2efbce80bec19" with the PurgeAfterFE date of "1489083005" will be deleted.
Snapshot "snap-09698b78c95a48cb6" with the PurgeAfterFE date of "1489083005" will be deleted.
Snapshot "snap-0f4bf0e8f64d7484c" with the PurgeAfterFE date of "1489083005" will be deleted.
Snapshot "snap-0c59779de592adc2d" with the PurgeAfterFE date of "1489083005" will be deleted.
Snapshot "snap-07878929dbb27b0da" with the PurgeAfterFE date of "1489083005" will be deleted.
Snapshot "snap-0a593c2c81f9f3963" with the PurgeAfterFE date of "1489083005" will be deleted.
Snapshot "snap-0b13561b414124b8a" with the PurgeAfterFE date of "1489083005" will be deleted.
Snapshot "snap-0ab7c7033b96a6a43" with the PurgeAfterFE date of "1489083005" will be deleted.
Snapshot "snap-0e0c9d48cc674ebcd" with the PurgeAfterFE date of "1489083005" will be deleted.
Snapshot "snap-080baf4e4405e8be2" with the PurgeAfterFE date of "1489083005" will be deleted.
Snapshot "snap-0e3cf7d0af9174a0b" with the PurgeAfterFE date of "1489083005" will be deleted.
Snapshot "snap-032fb62cbbc21eb58" with the PurgeAfterFE date of "1489083005" will be deleted.
Snapshot "snap-0a9aac2e4131837e9" with the PurgeAfterFE date of "1489083005" will be deleted.
Snapshot "snap-082781b025862ce9e" with the PurgeAfterFE date of "1489083005" will be deleted.
Snapshot "snap-0bc950f6936b83c35" with the PurgeAfterFE date of "1489083005" will be deleted.
Snapshot "snap-03d213bd724274fed" with the PurgeAfterFE date of "1489083005" will be deleted.
Snapshot "snap-0741a3677ec646293" with the PurgeAfterFE date of "1489083005" will be deleted.
Snapshot "snap-01a73267c7d2baef8" with the PurgeAfterFE date of "1489083005" will be deleted.
Snapshot "snap-093707ff3fa45c511" with the PurgeAfterFE date of "1489083005" will be deleted.
Snapshot "snap-0b198c64f32f658a7" with the PurgeAfterFE date of "1489083005" will be deleted.
Snapshot "snap-06e22d4675443ed54" with the PurgeAfterFE date of "1489083005" will be deleted.
Snapshot "snap-0fd9ac742d7ddfbff" with the PurgeAfterFE date of "1489083005" will be deleted.
Snapshot "snap-041e74b4c14cd1529" with the PurgeAfterFE date of "1489083005" will be deleted.
Snapshot "snap-002ca10dc391929da" with the PurgeAfterFE date of "1489083005" will be deleted.
Snapshot "snap-005980fcfaf84012e" with the PurgeAfterFE date of "1489083005" will be deleted.
Snapshot "snap-0281e9d347cd84ec9" with the PurgeAfterFE date of "1489083005" will be deleted.
Snapshot "snap-0c24d0fba9b44e952" with the PurgeAfterFE date of "1489083005" will be deleted.
Snapshot "snap-0e2658ce4ad321af1" with the PurgeAfterFE date of "1489083005" will be deleted.
Snapshot "snap-0e38b4fdbaf4b5a26" with the PurgeAfterFE date of "1489083005" will be deleted.
Snapshot "snap-0285f25640c29b29a" with the PurgeAfterFE date of "1489083005" will be deleted.
Snapshot "snap-0311f963b9c2a0acb" with the PurgeAfterFE date of "1489083005" will be deleted.
Snapshot "snap-036d464a1c3faded0" with the PurgeAfterFE date of "1489083005" will be deleted.
Snapshot "snap-08ea9e51bf11377e8" with the PurgeAfterFE date of "1489083005" will be deleted.
Snapshot "snap-08b308a5b598a4025" with the PurgeAfterFE date of "1489083005" will be deleted.
Snapshot "snap-0170038aecc131122" with the PurgeAfterFE date of "1489083005" will be deleted.
Snapshot "snap-09b70ae0b1066855d" with the PurgeAfterFE date of "1489083005" will be deleted.
Snapshot "snap-0ae720450da79df5d" with the PurgeAfterFE date of "1489083005" will be deleted.
Snapshot "snap-0db00e3b2c3cdc2ea" with the PurgeAfterFE date of "1489083005" will be deleted.
Snapshot "snap-01d6634451f1d9877" with the PurgeAfterFE date of "1489083005" will be deleted.
Snapshot "snap-084906ada72735f81" with the PurgeAfterFE date of "1489083005" will be deleted.
Snapshot "snap-0d056026e647e2c27" with the PurgeAfterFE date of "1489083005" will be deleted.
Snapshot "snap-02f7db7391cf00969" with the PurgeAfterFE date of "1489083005" will be deleted.
Snapshot "snap-06bb9d10c15f17050" with the PurgeAfterFE date of "1489083005" will be deleted.
Snapshot "snap-0880b569f30c604a6" with the PurgeAfterFE date of "1489083005" will be deleted.
Snapshot "snap-0ae7c6d4dd6aa80cc" with the PurgeAfterFE date of "1489083005" will be deleted.
Snapshot "snap-0581ad1ef92e07c1c" with the PurgeAfterFE date of "1489083005" will be deleted.
Snapshot "snap-08570755ee683f4b8" with the PurgeAfterFE date of "1489083005" will be deleted.
Snapshot "snap-06357ca848d49d098" with the PurgeAfterFE date of "1489083005" will be deleted.
Snapshot "snap-01f7400467c41808c" with the PurgeAfterFE date of "1489083005" will be deleted.
Snapshot "snap-0bc5388b5dd8baf87" with the PurgeAfterFE date of "1489083005" will be deleted.
Snapshot "snap-0e9abda3b273dd5e4" with the PurgeAfterFE date of "1489083005" will be deleted.
Snapshot "snap-0ab68dde52173d89c" with the PurgeAfterFE date of "1489083005" will be deleted.
Snapshot "snap-0684b96c1bf71bd9e" with the PurgeAfterFE date of "1489083005" will be deleted.
Snapshot "snap-067b143028ebe5db9" with the PurgeAfterFE date of "1489083005" will be deleted.
Snapshot "snap-0e3a2c31086be3961" with the PurgeAfterFE date of "1489083005" will be deleted.
Snapshot "snap-068cddbca4fab8f0e" with the PurgeAfterFE date of "1489083005" will be deleted.
Snapshot "snap-0f61284c4bf370c13" with the PurgeAfterFE date of "1489083005" will be deleted.
Snapshot "snap-0d9d7ff4e8daa50ef" with the PurgeAfterFE date of "1489083005" will be deleted.
Snapshot "snap-0c857a1577e636876" with the PurgeAfterFE date of "1489083005" will be deleted.
Snapshot "snap-052633c7ab13b8f1e" with the PurgeAfterFE date of "1489083005" will be deleted.
Snapshot "snap-09506f18eda3e0266" with the PurgeAfterFE date of "1489083005" will be deleted.
Snapshot "snap-00ef89f11c0fb84ed" with the PurgeAfterFE date of "1489083005" will be deleted.
Snapshot "snap-0502dc8f7be6607f7" with the PurgeAfterFE date of "1489083005" will be deleted.
Snapshot "snap-085f6feb1ec214032" with the PurgeAfterFE date of "1489083005" will be deleted.
Snapshot "snap-0a107a4c880135fac" with the PurgeAfterFE date of "1489083005" will be deleted.
Snapshot "snap-0431da3f6ade6f5a6" with the PurgeAfterFE date of "1489083005" will be deleted.
Snapshot "snap-0e3e35e8420ac8927" with the PurgeAfterFE date of "1489083005" will be deleted.
Snapshot "snap-04008d512e6a89476" with the PurgeAfterFE date of "1489083005" will be deleted.
Snapshot "snap-06f48caa6af7e41de" with the PurgeAfterFE date of "1489083005" will be deleted.
Snapshot "snap-0e97aac4be3d60193" with the PurgeAfterFE date of "1489083005" will be deleted.
Snapshot "snap-0a0f4ba3e73c1426b" with the PurgeAfterFE date of "1489083005" will be deleted.
Snapshot "snap-016d2ee508b51638b" with the PurgeAfterFE date of "1489083005" will be deleted.
Snapshot "snap-0b6b1f05032c7325a" with the PurgeAfterFE date of "1489083005" will be deleted.
Snapshot "snap-0d065a4ea315786ff" with the PurgeAfterFE date of "1489083005" will be deleted.
Snapshot "snap-03c59179176173ad9" with the PurgeAfterFE date of "1489083005" will be deleted.
Snapshot "snap-048b340d5ecc623bc" with the PurgeAfterFE date of "1489083005" will be deleted.
Snapshot "snap-09491ceb45e0925b2" with the PurgeAfterFE date of "1489083005" will be deleted.
Snapshot "snap-0ab79eb6b30f627a5" with the PurgeAfterFE date of "1489083005" will be deleted.
Snapshot "snap-032617e42db3d76cc" with the PurgeAfterFE date of "1489083005" will be deleted.
Snapshot "snap-07aa47b9fa9907fe7" with the PurgeAfterFE date of "1489083005" will be deleted.
Snapshot "snap-01e54df803d59d2f8" with the PurgeAfterFE date of "1489083005" will be deleted.
Snapshot "snap-09810c4506bef8288" with the PurgeAfterFE date of "1489083005" will be deleted.
Snapshot "snap-05c798f9e052d8a52" with the PurgeAfterFE date of "1489083005" will be deleted.
Snapshot "snap-0b3312880829937df" with the PurgeAfterFE date of "1489083005" will be deleted.
Snapshot "snap-055e31039887e4831" with the PurgeAfterFE date of "1489083005" will be deleted.
Snapshot "snap-081ee3d944e14e54e" with the PurgeAfterFE date of "1489083005" will be deleted.
Snapshot "snap-0ed980781e4257b0b" with the PurgeAfterFE date of "1489083005" will be deleted.
Snapshot "snap-0ea31cca483b2f3f9" with the PurgeAfterFE date of "1489083005" will be deleted.
Snapshot "snap-0ae34fce6acd05323" with the PurgeAfterFE date of "1489083005" will be deleted.
Snapshot "snap-03d5443556660a359" with the PurgeAfterFE date of "1489083005" will be deleted.
Snapshot "snap-0744dd31f9a550c53" with the PurgeAfterFE date of "1489083005" will be deleted.
Snapshot "snap-098992e71bd56fafb" with the PurgeAfterFE date of "1489083005" will be deleted.
Snapshot "snap-0e8bee9061ddff85c" with the PurgeAfterFE date of "1489083005" will be deleted.
Snapshot "snap-09ada69a30e3f89c5" with the PurgeAfterFE date of "1489083005" will be deleted.
Snapshot "snap-0ab672dafc7b64619" with the PurgeAfterFE date of "1489083005" will be deleted.
Snapshot "snap-0aa5f7deae0a3c5f9" with the PurgeAfterFE date of "1489083005" will be deleted.
Snapshot "snap-0ce5ad6217632a5df" with the PurgeAfterFE date of "1489083005" will be deleted.
Snapshot "snap-0f1a2c4e122ea6125" with the PurgeAfterFE date of "1489083005" will be deleted.
Snapshot "snap-05bd8b464b27ce7f0" with the PurgeAfterFE date of "1489083005" will be deleted.
Snapshot "snap-0a968c5d61372a4a0" with the PurgeAfterFE date of "1489083005" will be deleted.
Snapshot "snap-08c50e3ac4c71fe5c" with the PurgeAfterFE date of "1489083005" will be deleted.
Snapshot "snap-07c53f70c2d873b95" with the PurgeAfterFE date of "1489083005" will be deleted.
Snapshot "snap-0d4fcd55a3000ba5b" with the PurgeAfterFE date of "1489083005" will be deleted.
Snapshot "snap-02990bc2d0096ce58" with the PurgeAfterFE date of "1489083005" will be deleted.
Snapshot "snap-06a3727d8db0800e6" with the PurgeAfterFE date of "1489083005" will be deleted.
Snapshot "snap-0c33ae61ccc1ff706" with the PurgeAfterFE date of "1489083005" will be deleted.
Snapshot "snap-00283aa8838b64010" with the PurgeAfterFE date of "1489083005" will be deleted.
Snapshot "snap-06ee725ae71151f94" with the PurgeAfterFE date of "1489083005" will be deleted.
Snapshot "snap-0df636e358c02deea" with the PurgeAfterFE date of "1489083005" will be deleted.
Snapshot "snap-08721af8e9eed1d26" with the PurgeAfterFE date of "1489083005" will be deleted.
Snapshot "snap-06205dfc8053d1b9d" with the PurgeAfterFE date of "1489083005" will be deleted.
Snapshot "snap-0d3df19367ad5fdea" with the PurgeAfterFE date of "1489083005" will be deleted.
Snapshot "snap-084065caa2ab7ae64" with the PurgeAfterFE date of "1489083005" will be deleted.
Snapshot "snap-010a4e5505e6f39b0" with the PurgeAfterFE date of "1489083005" will be deleted.
Snapshot "snap-0e916fb17874e291f" with the PurgeAfterFE date of "1489083005" will be deleted.
Snapshot "snap-0e2f72240ac6b0b7f" with the PurgeAfterFE date of "1489083005" will be deleted.
Snapshot "snap-0d18e3349cc6e607d" with the PurgeAfterFE date of "1489083005" will be deleted.
Snapshot "snap-0cde68273e93fc2ce" with the PurgeAfterFE date of "1489083005" will be deleted.
Snapshot "snap-09ba8c5f5ed11a36b" with the PurgeAfterFE date of "1489083005" will be deleted.
Snapshot "snap-0a4e08bfe7059848e" with the PurgeAfterFE date of "1489083005" will be deleted.
Snapshot "snap-0ea38452817f53089" with the PurgeAfterFE date of "1489083005" will be deleted.
Snapshot "snap-01ba5318cc6040f65" with the PurgeAfterFE date of "1489083005" will be deleted.
Snapshot "snap-064b752d1df4b2155" with the PurgeAfterFE date of "1489083005" will be deleted.
