Snapshots taken by ec2-volumes-autobackup.sh will be eligible for purging after the following date (the purge after date given in seconds from epoch): 1489519497.
INSTANCE i-03c8fd87e7b05fa05
INSTANCE NAME: abfinance_95569_app16
Tagging Snapshot snap-0924a2ff1b8fb97be with the following Tags: Key=CreatedBy,Value=ec2-automate-backup Key=InstanceId,Value=i-03c8fd87e7b05fa05 Key=InstanceName,Value=abfinance_95569_app16 Key=PurgeAfterFE,Value=1489519497 Key=PurgeAllow,Value=true Key=Volume,Value=vol-06c1ef7480d1a0d4c Key=Created,Value=1486927497
INSTANCE i-0c2bf96cb75ee7b5c
INSTANCE NAME: abfinance_95569_app18
Tagging Snapshot snap-052f0650d8391948c with the following Tags: Key=CreatedBy,Value=ec2-automate-backup Key=InstanceId,Value=i-0c2bf96cb75ee7b5c Key=InstanceName,Value=abfinance_95569_app18 Key=PurgeAfterFE,Value=1489519497 Key=PurgeAllow,Value=true Key=Volume,Value=vol-0eae86baf89ae58a6 Key=Created,Value=1486927497
INSTANCE i-0dce85c3f212a5de0
INSTANCE NAME: abfinance_95569_app12
Tagging Snapshot snap-05c7cd92dc7c3a5be with the following Tags: Key=CreatedBy,Value=ec2-automate-backup Key=InstanceId,Value=i-0dce85c3f212a5de0 Key=InstanceName,Value=abfinance_95569_app12 Key=PurgeAfterFE,Value=1489519497 Key=PurgeAllow,Value=true Key=Volume,Value=vol-05c5ee0c944c4a763 Key=Created,Value=1486927497
INSTANCE i-0129ce0f3255429b0
INSTANCE NAME: abfinance_95569_app10
Tagging Snapshot snap-0e60845cf74619219 with the following Tags: Key=CreatedBy,Value=ec2-automate-backup Key=InstanceId,Value=i-0129ce0f3255429b0 Key=InstanceName,Value=abfinance_95569_app10 Key=PurgeAfterFE,Value=1489519497 Key=PurgeAllow,Value=true Key=Volume,Value=vol-0ebb5f79ffc3244da Key=Created,Value=1486927497
INSTANCE i-0dce85c3f212a5de0
INSTANCE NAME: abfinance_95569_app12
Tagging Snapshot snap-06f423061558ee6ed with the following Tags: Key=CreatedBy,Value=ec2-automate-backup Key=InstanceId,Value=i-0dce85c3f212a5de0 Key=InstanceName,Value=abfinance_95569_app12 Key=PurgeAfterFE,Value=1489519497 Key=PurgeAllow,Value=true Key=Volume,Value=vol-0b081425c7cc17600 Key=Created,Value=1486927497
INSTANCE i-09ddd98828f970e2b
INSTANCE NAME: abfinance_95569_app14
Tagging Snapshot snap-0a26bf89d861b36d6 with the following Tags: Key=CreatedBy,Value=ec2-automate-backup Key=InstanceId,Value=i-09ddd98828f970e2b Key=InstanceName,Value=abfinance_95569_app14 Key=PurgeAfterFE,Value=1489519497 Key=PurgeAllow,Value=true Key=Volume,Value=vol-029381ba27db23ea5 Key=Created,Value=1486927497
INSTANCE i-0129ce0f3255429b0
INSTANCE NAME: abfinance_95569_app10
Tagging Snapshot snap-07e9b594343ef1154 with the following Tags: Key=CreatedBy,Value=ec2-automate-backup Key=InstanceId,Value=i-0129ce0f3255429b0 Key=InstanceName,Value=abfinance_95569_app10 Key=PurgeAfterFE,Value=1489519497 Key=PurgeAllow,Value=true Key=Volume,Value=vol-0258943e0b3a406a0 Key=Created,Value=1486927497
INSTANCE i-0de1db820b03e1279
INSTANCE NAME: abfinance_95569_app22
Tagging Snapshot snap-0f3c69effad2c11f5 with the following Tags: Key=CreatedBy,Value=ec2-automate-backup Key=InstanceId,Value=i-0de1db820b03e1279 Key=InstanceName,Value=abfinance_95569_app22 Key=PurgeAfterFE,Value=1489519497 Key=PurgeAllow,Value=true Key=Volume,Value=vol-014edcf936f6c26f4 Key=Created,Value=1486927497
INSTANCE i-09ddd98828f970e2b
INSTANCE NAME: abfinance_95569_app14
Tagging Snapshot snap-097b480ba202ccf8f with the following Tags: Key=CreatedBy,Value=ec2-automate-backup Key=InstanceId,Value=i-09ddd98828f970e2b Key=InstanceName,Value=abfinance_95569_app14 Key=PurgeAfterFE,Value=1489519497 Key=PurgeAllow,Value=true Key=Volume,Value=vol-0c815aa96dd49c83c Key=Created,Value=1486927497
INSTANCE i-03c8fd87e7b05fa05
INSTANCE NAME: abfinance_95569_app16
Tagging Snapshot snap-033ca4b7a022e7813 with the following Tags: Key=CreatedBy,Value=ec2-automate-backup Key=InstanceId,Value=i-03c8fd87e7b05fa05 Key=InstanceName,Value=abfinance_95569_app16 Key=PurgeAfterFE,Value=1489519497 Key=PurgeAllow,Value=true Key=Volume,Value=vol-0a82f25f21c70ca17 Key=Created,Value=1486927497
INSTANCE i-03ab34c05dc4f22aa
INSTANCE NAME: abfinance_95569_app24
Tagging Snapshot snap-0219c16404ed3ab41 with the following Tags: Key=CreatedBy,Value=ec2-automate-backup Key=InstanceId,Value=i-03ab34c05dc4f22aa Key=InstanceName,Value=abfinance_95569_app24 Key=PurgeAfterFE,Value=1489519497 Key=PurgeAllow,Value=true Key=Volume,Value=vol-0119f2937c18f7e3e Key=Created,Value=1486927497
INSTANCE i-0bba368770f8bea0e
INSTANCE NAME: abfinance_95569_app28
Tagging Snapshot snap-0e2b37e2155812b1e with the following Tags: Key=CreatedBy,Value=ec2-automate-backup Key=InstanceId,Value=i-0bba368770f8bea0e Key=InstanceName,Value=abfinance_95569_app28 Key=PurgeAfterFE,Value=1489519497 Key=PurgeAllow,Value=true Key=Volume,Value=vol-054e16021703bc75b Key=Created,Value=1486927497
INSTANCE i-0bba368770f8bea0e
INSTANCE NAME: abfinance_95569_app28
Tagging Snapshot snap-07227e4215e31c880 with the following Tags: Key=CreatedBy,Value=ec2-automate-backup Key=InstanceId,Value=i-0bba368770f8bea0e Key=InstanceName,Value=abfinance_95569_app28 Key=PurgeAfterFE,Value=1489519497 Key=PurgeAllow,Value=true Key=Volume,Value=vol-0a9917560a4a8eb37 Key=Created,Value=1486927497
INSTANCE i-0900f2c3ece4f73ce
INSTANCE NAME: abfinance_95569_app20
Tagging Snapshot snap-0f13235c8411c4484 with the following Tags: Key=CreatedBy,Value=ec2-automate-backup Key=InstanceId,Value=i-0900f2c3ece4f73ce Key=InstanceName,Value=abfinance_95569_app20 Key=PurgeAfterFE,Value=1489519497 Key=PurgeAllow,Value=true Key=Volume,Value=vol-06a26fc47d6b71ffd Key=Created,Value=1486927497
INSTANCE i-0900f2c3ece4f73ce
INSTANCE NAME: abfinance_95569_app20
Tagging Snapshot snap-01ae80b373aa68799 with the following Tags: Key=CreatedBy,Value=ec2-automate-backup Key=InstanceId,Value=i-0900f2c3ece4f73ce Key=InstanceName,Value=abfinance_95569_app20 Key=PurgeAfterFE,Value=1489519497 Key=PurgeAllow,Value=true Key=Volume,Value=vol-02e3078096ec01da3 Key=Created,Value=1486927497
INSTANCE i-0de1db820b03e1279
INSTANCE NAME: abfinance_95569_app22
Tagging Snapshot snap-0cb7b29dbda2bf0dd with the following Tags: Key=CreatedBy,Value=ec2-automate-backup Key=InstanceId,Value=i-0de1db820b03e1279 Key=InstanceName,Value=abfinance_95569_app22 Key=PurgeAfterFE,Value=1489519497 Key=PurgeAllow,Value=true Key=Volume,Value=vol-0d5d8a4619da19822 Key=Created,Value=1486927497
INSTANCE i-0c2bf96cb75ee7b5c
INSTANCE NAME: abfinance_95569_app18
Tagging Snapshot snap-08f4c9b4df10798f4 with the following Tags: Key=CreatedBy,Value=ec2-automate-backup Key=InstanceId,Value=i-0c2bf96cb75ee7b5c Key=InstanceName,Value=abfinance_95569_app18 Key=PurgeAfterFE,Value=1489519497 Key=PurgeAllow,Value=true Key=Volume,Value=vol-08f0c891fcb55d86a Key=Created,Value=1486927497
INSTANCE i-09bf358be6daff2b8
INSTANCE NAME: abfinance_95569_app26
Tagging Snapshot snap-00feca76cfe153646 with the following Tags: Key=CreatedBy,Value=ec2-automate-backup Key=InstanceId,Value=i-09bf358be6daff2b8 Key=InstanceName,Value=abfinance_95569_app26 Key=PurgeAfterFE,Value=1489519497 Key=PurgeAllow,Value=true Key=Volume,Value=vol-01783b38ab8d40039 Key=Created,Value=1486927497
INSTANCE i-03ab34c05dc4f22aa
INSTANCE NAME: abfinance_95569_app24
Tagging Snapshot snap-092f0dcb360d3cd02 with the following Tags: Key=CreatedBy,Value=ec2-automate-backup Key=InstanceId,Value=i-03ab34c05dc4f22aa Key=InstanceName,Value=abfinance_95569_app24 Key=PurgeAfterFE,Value=1489519497 Key=PurgeAllow,Value=true Key=Volume,Value=vol-038fb96ae65962d50 Key=Created,Value=1486927497
INSTANCE i-09bf358be6daff2b8
INSTANCE NAME: abfinance_95569_app26
Tagging Snapshot snap-0b1602646de674aa9 with the following Tags: Key=CreatedBy,Value=ec2-automate-backup Key=InstanceId,Value=i-09bf358be6daff2b8 Key=InstanceName,Value=abfinance_95569_app26 Key=PurgeAfterFE,Value=1489519497 Key=PurgeAllow,Value=true Key=Volume,Value=vol-04b2fa5fca10f2430 Key=Created,Value=1486927497
INSTANCE i-0274c175451fa7094
INSTANCE NAME: abfinance_95569_app08
Tagging Snapshot snap-0afdca0f960908220 with the following Tags: Key=CreatedBy,Value=ec2-automate-backup Key=InstanceId,Value=i-0274c175451fa7094 Key=InstanceName,Value=abfinance_95569_app08 Key=PurgeAfterFE,Value=1489519497 Key=PurgeAllow,Value=true Key=Volume,Value=vol-0c72a7d64241a776c Key=Created,Value=1486927497
INSTANCE i-0c1125d6758d322b7
INSTANCE NAME: abfinance_95569_app06
Tagging Snapshot snap-0876dca11e00140fb with the following Tags: Key=CreatedBy,Value=ec2-automate-backup Key=InstanceId,Value=i-0c1125d6758d322b7 Key=InstanceName,Value=abfinance_95569_app06 Key=PurgeAfterFE,Value=1489519497 Key=PurgeAllow,Value=true Key=Volume,Value=vol-091917e30fd32e67a Key=Created,Value=1486927497
INSTANCE i-0d6c7beed860de6ff
INSTANCE NAME: abfinance_95569_app02
Tagging Snapshot snap-086addcd09dc869a3 with the following Tags: Key=CreatedBy,Value=ec2-automate-backup Key=InstanceId,Value=i-0d6c7beed860de6ff Key=InstanceName,Value=abfinance_95569_app02 Key=PurgeAfterFE,Value=1489519497 Key=PurgeAllow,Value=true Key=Volume,Value=vol-02835ed9f869e882d Key=Created,Value=1486927497
INSTANCE i-0bf78d14e8b0eaf1e
INSTANCE NAME: abfinance_95569_app30
Tagging Snapshot snap-0b909e3775c0a630f with the following Tags: Key=CreatedBy,Value=ec2-automate-backup Key=InstanceId,Value=i-0bf78d14e8b0eaf1e Key=InstanceName,Value=abfinance_95569_app30 Key=PurgeAfterFE,Value=1489519497 Key=PurgeAllow,Value=true Key=Volume,Value=vol-028a6f552c7c9efe4 Key=Created,Value=1486927497
INSTANCE i-01bfc53726a11ca9c
INSTANCE NAME: abfinance_95569_app04
Tagging Snapshot snap-0032f70c57de14fb3 with the following Tags: Key=CreatedBy,Value=ec2-automate-backup Key=InstanceId,Value=i-01bfc53726a11ca9c Key=InstanceName,Value=abfinance_95569_app04 Key=PurgeAfterFE,Value=1489519497 Key=PurgeAllow,Value=true Key=Volume,Value=vol-0598a12d733568f31 Key=Created,Value=1486927497
INSTANCE i-0c1125d6758d322b7
INSTANCE NAME: abfinance_95569_app06
Tagging Snapshot snap-0c720155d120f38da with the following Tags: Key=CreatedBy,Value=ec2-automate-backup Key=InstanceId,Value=i-0c1125d6758d322b7 Key=InstanceName,Value=abfinance_95569_app06 Key=PurgeAfterFE,Value=1489519497 Key=PurgeAllow,Value=true Key=Volume,Value=vol-0ba5d36c9573518b5 Key=Created,Value=1486927497
INSTANCE i-0bf78d14e8b0eaf1e
INSTANCE NAME: abfinance_95569_app30
Tagging Snapshot snap-00182a8523bc0fa30 with the following Tags: Key=CreatedBy,Value=ec2-automate-backup Key=InstanceId,Value=i-0bf78d14e8b0eaf1e Key=InstanceName,Value=abfinance_95569_app30 Key=PurgeAfterFE,Value=1489519497 Key=PurgeAllow,Value=true Key=Volume,Value=vol-096964d6c38daa9c9 Key=Created,Value=1486927497
INSTANCE i-0b7bbda7e056f8f90
INSTANCE NAME: abfinance_95569_app36
Tagging Snapshot snap-075a32a07aa09bfc4 with the following Tags: Key=CreatedBy,Value=ec2-automate-backup Key=InstanceId,Value=i-0b7bbda7e056f8f90 Key=InstanceName,Value=abfinance_95569_app36 Key=PurgeAfterFE,Value=1489519497 Key=PurgeAllow,Value=true Key=Volume,Value=vol-02d1561acea2b31a6 Key=Created,Value=1486927497
INSTANCE i-0b7bbda7e056f8f90
INSTANCE NAME: abfinance_95569_app36
Tagging Snapshot snap-018de5a99b6067d73 with the following Tags: Key=CreatedBy,Value=ec2-automate-backup Key=InstanceId,Value=i-0b7bbda7e056f8f90 Key=InstanceName,Value=abfinance_95569_app36 Key=PurgeAfterFE,Value=1489519497 Key=PurgeAllow,Value=true Key=Volume,Value=vol-000a10baf81142e01 Key=Created,Value=1486927497
INSTANCE i-0d6c7beed860de6ff
INSTANCE NAME: abfinance_95569_app02
Tagging Snapshot snap-013e6bba4ee72d110 with the following Tags: Key=CreatedBy,Value=ec2-automate-backup Key=InstanceId,Value=i-0d6c7beed860de6ff Key=InstanceName,Value=abfinance_95569_app02 Key=PurgeAfterFE,Value=1489519497 Key=PurgeAllow,Value=true Key=Volume,Value=vol-048b299ebe9275c3f Key=Created,Value=1486927497
INSTANCE i-01bfc53726a11ca9c
INSTANCE NAME: abfinance_95569_app04
Tagging Snapshot snap-031ab94a91e2e101a with the following Tags: Key=CreatedBy,Value=ec2-automate-backup Key=InstanceId,Value=i-01bfc53726a11ca9c Key=InstanceName,Value=abfinance_95569_app04 Key=PurgeAfterFE,Value=1489519497 Key=PurgeAllow,Value=true Key=Volume,Value=vol-0484891d5cc89bb2e Key=Created,Value=1486927497
INSTANCE i-0deb0e74a87668941
INSTANCE NAME: abfinance_95569_app32
Tagging Snapshot snap-03015410a2823070c with the following Tags: Key=CreatedBy,Value=ec2-automate-backup Key=InstanceId,Value=i-0deb0e74a87668941 Key=InstanceName,Value=abfinance_95569_app32 Key=PurgeAfterFE,Value=1489519497 Key=PurgeAllow,Value=true Key=Volume,Value=vol-015fe792f2ce928a7 Key=Created,Value=1486927497
INSTANCE i-0deb0e74a87668941
INSTANCE NAME: abfinance_95569_app32
Tagging Snapshot snap-0a150b067656af42b with the following Tags: Key=CreatedBy,Value=ec2-automate-backup Key=InstanceId,Value=i-0deb0e74a87668941 Key=InstanceName,Value=abfinance_95569_app32 Key=PurgeAfterFE,Value=1489519497 Key=PurgeAllow,Value=true Key=Volume,Value=vol-043d9d8a5e4d73574 Key=Created,Value=1486927497
INSTANCE i-03e0f8c5eac3f588a
INSTANCE NAME: abfinance_95569_app34
Tagging Snapshot snap-008b155a5b1f1ef05 with the following Tags: Key=CreatedBy,Value=ec2-automate-backup Key=InstanceId,Value=i-03e0f8c5eac3f588a Key=InstanceName,Value=abfinance_95569_app34 Key=PurgeAfterFE,Value=1489519497 Key=PurgeAllow,Value=true Key=Volume,Value=vol-03300b65aac660dfc Key=Created,Value=1486927497
INSTANCE i-0274c175451fa7094
INSTANCE NAME: abfinance_95569_app08
Tagging Snapshot snap-0512d5b039c7883e7 with the following Tags: Key=CreatedBy,Value=ec2-automate-backup Key=InstanceId,Value=i-0274c175451fa7094 Key=InstanceName,Value=abfinance_95569_app08 Key=PurgeAfterFE,Value=1489519497 Key=PurgeAllow,Value=true Key=Volume,Value=vol-09f82518fd6c90b2b Key=Created,Value=1486927497
INSTANCE i-03e0f8c5eac3f588a
INSTANCE NAME: abfinance_95569_app34
Tagging Snapshot snap-088288bdf57578745 with the following Tags: Key=CreatedBy,Value=ec2-automate-backup Key=InstanceId,Value=i-03e0f8c5eac3f588a Key=InstanceName,Value=abfinance_95569_app34 Key=PurgeAfterFE,Value=1489519497 Key=PurgeAllow,Value=true Key=Volume,Value=vol-0ab3d1b79bd335c97 Key=Created,Value=1486927497
INSTANCE i-02d7ffae25154e179
INSTANCE NAME: abfinance_95569_qyyxapp04
Tagging Snapshot snap-02b14bf6bebabc72c with the following Tags: Key=CreatedBy,Value=ec2-automate-backup Key=InstanceId,Value=i-02d7ffae25154e179 Key=InstanceName,Value=abfinance_95569_qyyxapp04 Key=PurgeAfterFE,Value=1489519497 Key=PurgeAllow,Value=true Key=Volume,Value=vol-0391c9e8e798109f5 Key=Created,Value=1486927497
INSTANCE i-02d7ffae25154e179
INSTANCE NAME: abfinance_95569_qyyxapp04
Tagging Snapshot snap-06facca758bb33951 with the following Tags: Key=CreatedBy,Value=ec2-automate-backup Key=InstanceId,Value=i-02d7ffae25154e179 Key=InstanceName,Value=abfinance_95569_qyyxapp04 Key=PurgeAfterFE,Value=1489519497 Key=PurgeAllow,Value=true Key=Volume,Value=vol-0d266856f74e8355e Key=Created,Value=1486927497
INSTANCE i-00649ffaac78d75cb
INSTANCE NAME: abfinance_95569_qyyxapp06
Tagging Snapshot snap-0c4b692acef11fb1a with the following Tags: Key=CreatedBy,Value=ec2-automate-backup Key=InstanceId,Value=i-00649ffaac78d75cb Key=InstanceName,Value=abfinance_95569_qyyxapp06 Key=PurgeAfterFE,Value=1489519497 Key=PurgeAllow,Value=true Key=Volume,Value=vol-04ad9f8946e08f89c Key=Created,Value=1486927497
INSTANCE i-00649ffaac78d75cb
INSTANCE NAME: abfinance_95569_qyyxapp06
Tagging Snapshot snap-062366cff26d3da5a with the following Tags: Key=CreatedBy,Value=ec2-automate-backup Key=InstanceId,Value=i-00649ffaac78d75cb Key=InstanceName,Value=abfinance_95569_qyyxapp06 Key=PurgeAfterFE,Value=1489519497 Key=PurgeAllow,Value=true Key=Volume,Value=vol-0807f8fea0f547086 Key=Created,Value=1486927497
INSTANCE i-0b62ae29318f2ff8b
INSTANCE NAME: abfinance_95569_qyyxapp02
Tagging Snapshot snap-08b163eb197aa4b79 with the following Tags: Key=CreatedBy,Value=ec2-automate-backup Key=InstanceId,Value=i-0b62ae29318f2ff8b Key=InstanceName,Value=abfinance_95569_qyyxapp02 Key=PurgeAfterFE,Value=1489519497 Key=PurgeAllow,Value=true Key=Volume,Value=vol-03ecd9464fd1c5d05 Key=Created,Value=1486927497
INSTANCE i-0b62ae29318f2ff8b
INSTANCE NAME: abfinance_95569_qyyxapp02
Tagging Snapshot snap-031b27b006adede71 with the following Tags: Key=CreatedBy,Value=ec2-automate-backup Key=InstanceId,Value=i-0b62ae29318f2ff8b Key=InstanceName,Value=abfinance_95569_qyyxapp02 Key=PurgeAfterFE,Value=1489519497 Key=PurgeAllow,Value=true Key=Volume,Value=vol-007d93d5c3db29799 Key=Created,Value=1486927497
INSTANCE i-0792c4456f9092988
INSTANCE NAME: abfinance_95569_qyyxapp08
Tagging Snapshot snap-0fada842de2b56fa0 with the following Tags: Key=CreatedBy,Value=ec2-automate-backup Key=InstanceId,Value=i-0792c4456f9092988 Key=InstanceName,Value=abfinance_95569_qyyxapp08 Key=PurgeAfterFE,Value=1489519497 Key=PurgeAllow,Value=true Key=Volume,Value=vol-045f338712882182b Key=Created,Value=1486927497
INSTANCE i-0792c4456f9092988
INSTANCE NAME: abfinance_95569_qyyxapp08
Tagging Snapshot snap-034132e7ad3060829 with the following Tags: Key=CreatedBy,Value=ec2-automate-backup Key=InstanceId,Value=i-0792c4456f9092988 Key=InstanceName,Value=abfinance_95569_qyyxapp08 Key=PurgeAfterFE,Value=1489519497 Key=PurgeAllow,Value=true Key=Volume,Value=vol-0489d109134a1a195 Key=Created,Value=1486927497
INSTANCE i-0612d908206bc2861
INSTANCE NAME: abfinance_95569_db02
Tagging Snapshot snap-06811541ce4d0799e with the following Tags: Key=CreatedBy,Value=ec2-automate-backup Key=InstanceId,Value=i-0612d908206bc2861 Key=InstanceName,Value=abfinance_95569_db02 Key=PurgeAfterFE,Value=1489519497 Key=PurgeAllow,Value=true Key=Volume,Value=vol-00932a51c4361be6a Key=Created,Value=1486927497
INSTANCE i-0612d908206bc2861
INSTANCE NAME: abfinance_95569_db02
Tagging Snapshot snap-0803dffba9ff1b066 with the following Tags: Key=CreatedBy,Value=ec2-automate-backup Key=InstanceId,Value=i-0612d908206bc2861 Key=InstanceName,Value=abfinance_95569_db02 Key=PurgeAfterFE,Value=1489519497 Key=PurgeAllow,Value=true Key=Volume,Value=vol-0441e909f2a98af4a Key=Created,Value=1486927497
INSTANCE i-0612d908206bc2861
INSTANCE NAME: abfinance_95569_db02
Tagging Snapshot snap-0cae97b34b900371f with the following Tags: Key=CreatedBy,Value=ec2-automate-backup Key=InstanceId,Value=i-0612d908206bc2861 Key=InstanceName,Value=abfinance_95569_db02 Key=PurgeAfterFE,Value=1489519497 Key=PurgeAllow,Value=true Key=Volume,Value=vol-0cbadea7e7c09a245 Key=Created,Value=1486927497
INSTANCE i-0612d908206bc2861
INSTANCE NAME: abfinance_95569_db02
Tagging Snapshot snap-0b86ee45d5aab3c9b with the following Tags: Key=CreatedBy,Value=ec2-automate-backup Key=InstanceId,Value=i-0612d908206bc2861 Key=InstanceName,Value=abfinance_95569_db02 Key=PurgeAfterFE,Value=1489519497 Key=PurgeAllow,Value=true Key=Volume,Value=vol-0bb3d3b39e4ae4a88 Key=Created,Value=1486927497
INSTANCE i-0a035c9fe74e932da
INSTANCE NAME: abfinance_top20_ubuntu_app02
Tagging Snapshot snap-0ac6ba61f87018bb3 with the following Tags: Key=CreatedBy,Value=ec2-automate-backup Key=InstanceId,Value=i-0a035c9fe74e932da Key=InstanceName,Value=abfinance_top20_ubuntu_app02 Key=PurgeAfterFE,Value=1489519497 Key=PurgeAllow,Value=true Key=Volume,Value=vol-0d546115a23bd511e Key=Created,Value=1486927497
INSTANCE i-0a035c9fe74e932da
INSTANCE NAME: abfinance_top20_ubuntu_app02
Tagging Snapshot snap-0e1fbbb0328dea72c with the following Tags: Key=CreatedBy,Value=ec2-automate-backup Key=InstanceId,Value=i-0a035c9fe74e932da Key=InstanceName,Value=abfinance_top20_ubuntu_app02 Key=PurgeAfterFE,Value=1489519497 Key=PurgeAllow,Value=true Key=Volume,Value=vol-0b7877736c90d5018 Key=Created,Value=1486927497
INSTANCE i-0d13fdd367f941029
INSTANCE NAME: abfinance_top20_ubuntu_app04
Tagging Snapshot snap-02db47ec9daa17e1d with the following Tags: Key=CreatedBy,Value=ec2-automate-backup Key=InstanceId,Value=i-0d13fdd367f941029 Key=InstanceName,Value=abfinance_top20_ubuntu_app04 Key=PurgeAfterFE,Value=1489519497 Key=PurgeAllow,Value=true Key=Volume,Value=vol-0b1860b6a86d65c3c Key=Created,Value=1486927497
INSTANCE i-0a035c9fe74e932da
INSTANCE NAME: abfinance_top20_ubuntu_app02
Tagging Snapshot snap-0cf02ec05d9a51c64 with the following Tags: Key=CreatedBy,Value=ec2-automate-backup Key=InstanceId,Value=i-0a035c9fe74e932da Key=InstanceName,Value=abfinance_top20_ubuntu_app02 Key=PurgeAfterFE,Value=1489519497 Key=PurgeAllow,Value=true Key=Volume,Value=vol-06d971d61dc6ec5d0 Key=Created,Value=1486927497
INSTANCE i-0d13fdd367f941029
INSTANCE NAME: abfinance_top20_ubuntu_app04
Tagging Snapshot snap-08b1362f882257fe4 with the following Tags: Key=CreatedBy,Value=ec2-automate-backup Key=InstanceId,Value=i-0d13fdd367f941029 Key=InstanceName,Value=abfinance_top20_ubuntu_app04 Key=PurgeAfterFE,Value=1489519497 Key=PurgeAllow,Value=true Key=Volume,Value=vol-0c99c2848d6180dad Key=Created,Value=1486927497
INSTANCE i-0d13fdd367f941029
INSTANCE NAME: abfinance_top20_ubuntu_app04
Tagging Snapshot snap-083a0f299c6bec5ba with the following Tags: Key=CreatedBy,Value=ec2-automate-backup Key=InstanceId,Value=i-0d13fdd367f941029 Key=InstanceName,Value=abfinance_top20_ubuntu_app04 Key=PurgeAfterFE,Value=1489519497 Key=PurgeAllow,Value=true Key=Volume,Value=vol-05552e316d7c4fca7 Key=Created,Value=1486927497
INSTANCE i-0a035c9fe74e932da
INSTANCE NAME: abfinance_top20_ubuntu_app02
Tagging Snapshot snap-0bd03600c3fba8aea with the following Tags: Key=CreatedBy,Value=ec2-automate-backup Key=InstanceId,Value=i-0a035c9fe74e932da Key=InstanceName,Value=abfinance_top20_ubuntu_app02 Key=PurgeAfterFE,Value=1489519497 Key=PurgeAllow,Value=true Key=Volume,Value=vol-086b4833a3e624834 Key=Created,Value=1486927497
INSTANCE i-0d13fdd367f941029
INSTANCE NAME: abfinance_top20_ubuntu_app04
Tagging Snapshot snap-0dd1b40592ef16f4c with the following Tags: Key=CreatedBy,Value=ec2-automate-backup Key=InstanceId,Value=i-0d13fdd367f941029 Key=InstanceName,Value=abfinance_top20_ubuntu_app04 Key=PurgeAfterFE,Value=1489519497 Key=PurgeAllow,Value=true Key=Volume,Value=vol-0237e004eeed33603 Key=Created,Value=1486927497
INSTANCE i-02c96aa526459387c
INSTANCE NAME: abfinance_top20_ubuntu_db02
Tagging Snapshot snap-04e4eb599682be2af with the following Tags: Key=CreatedBy,Value=ec2-automate-backup Key=InstanceId,Value=i-02c96aa526459387c Key=InstanceName,Value=abfinance_top20_ubuntu_db02 Key=PurgeAfterFE,Value=1489519497 Key=PurgeAllow,Value=true Key=Volume,Value=vol-0adeb8ce9288cb9f0 Key=Created,Value=1486927497
INSTANCE i-02c96aa526459387c
INSTANCE NAME: abfinance_top20_ubuntu_db02
Tagging Snapshot snap-01b670f765419968c with the following Tags: Key=CreatedBy,Value=ec2-automate-backup Key=InstanceId,Value=i-02c96aa526459387c Key=InstanceName,Value=abfinance_top20_ubuntu_db02 Key=PurgeAfterFE,Value=1489519497 Key=PurgeAllow,Value=true Key=Volume,Value=vol-0f91ffb6f9ff57fe9 Key=Created,Value=1486927497
INSTANCE i-02c96aa526459387c
INSTANCE NAME: abfinance_top20_ubuntu_db02
Tagging Snapshot snap-0594bc3616ec02299 with the following Tags: Key=CreatedBy,Value=ec2-automate-backup Key=InstanceId,Value=i-02c96aa526459387c Key=InstanceName,Value=abfinance_top20_ubuntu_db02 Key=PurgeAfterFE,Value=1489519497 Key=PurgeAllow,Value=true Key=Volume,Value=vol-0e507dfbbde31e579 Key=Created,Value=1486927497
INSTANCE i-02c96aa526459387c
INSTANCE NAME: abfinance_top20_ubuntu_db02
Tagging Snapshot snap-085ececbb02f5d9dd with the following Tags: Key=CreatedBy,Value=ec2-automate-backup Key=InstanceId,Value=i-02c96aa526459387c Key=InstanceName,Value=abfinance_top20_ubuntu_db02 Key=PurgeAfterFE,Value=1489519497 Key=PurgeAllow,Value=true Key=Volume,Value=vol-0c9c555e321cb7fb5 Key=Created,Value=1486927497
INSTANCE i-02c96aa526459387c
INSTANCE NAME: abfinance_top20_ubuntu_db02
Tagging Snapshot snap-08672cdb349f452d3 with the following Tags: Key=CreatedBy,Value=ec2-automate-backup Key=InstanceId,Value=i-02c96aa526459387c Key=InstanceName,Value=abfinance_top20_ubuntu_db02 Key=PurgeAfterFE,Value=1489519497 Key=PurgeAllow,Value=true Key=Volume,Value=vol-0a171db3d35833a82 Key=Created,Value=1486927497
INSTANCE i-07c4c99e14c226dd1
INSTANCE NAME: abfinance_db02
Tagging Snapshot snap-09b6e27bf6593b413 with the following Tags: Key=CreatedBy,Value=ec2-automate-backup Key=InstanceId,Value=i-07c4c99e14c226dd1 Key=InstanceName,Value=abfinance_db02 Key=PurgeAfterFE,Value=1489519497 Key=PurgeAllow,Value=true Key=Volume,Value=vol-05e7e019fed5d6e4f Key=Created,Value=1486927497
INSTANCE i-07c4c99e14c226dd1
INSTANCE NAME: abfinance_db02
Tagging Snapshot snap-0dd004899ee90ec4c with the following Tags: Key=CreatedBy,Value=ec2-automate-backup Key=InstanceId,Value=i-07c4c99e14c226dd1 Key=InstanceName,Value=abfinance_db02 Key=PurgeAfterFE,Value=1489519497 Key=PurgeAllow,Value=true Key=Volume,Value=vol-005a8fb46ac90c6c8 Key=Created,Value=1486927497
INSTANCE i-07c4c99e14c226dd1
INSTANCE NAME: abfinance_db02
Tagging Snapshot snap-0181f38f4be54d89e with the following Tags: Key=CreatedBy,Value=ec2-automate-backup Key=InstanceId,Value=i-07c4c99e14c226dd1 Key=InstanceName,Value=abfinance_db02 Key=PurgeAfterFE,Value=1489519497 Key=PurgeAllow,Value=true Key=Volume,Value=vol-0ee99e47c26b1b6ab Key=Created,Value=1486927497
INSTANCE i-0146762d86a3f8d50
INSTANCE NAME: abfinance_lcb_production02
Tagging Snapshot snap-0dbf6f9cca0016f73 with the following Tags: Key=CreatedBy,Value=ec2-automate-backup Key=InstanceId,Value=i-0146762d86a3f8d50 Key=InstanceName,Value=abfinance_lcb_production02 Key=PurgeAfterFE,Value=1489519497 Key=PurgeAllow,Value=true Key=Volume,Value=vol-0fea562fe447a3f76 Key=Created,Value=1486927497
INSTANCE i-0146762d86a3f8d50
INSTANCE NAME: abfinance_lcb_production02
Tagging Snapshot snap-0188f6e91cc80c2b7 with the following Tags: Key=CreatedBy,Value=ec2-automate-backup Key=InstanceId,Value=i-0146762d86a3f8d50 Key=InstanceName,Value=abfinance_lcb_production02 Key=PurgeAfterFE,Value=1489519497 Key=PurgeAllow,Value=true Key=Volume,Value=vol-0782f08cb6f6c839c Key=Created,Value=1486927497
INSTANCE i-0c9c05c95fadfa579
INSTANCE NAME: abfinance_lcb_webview02
Tagging Snapshot snap-0a90ea60d7b3f7f9f with the following Tags: Key=CreatedBy,Value=ec2-automate-backup Key=InstanceId,Value=i-0c9c05c95fadfa579 Key=InstanceName,Value=abfinance_lcb_webview02 Key=PurgeAfterFE,Value=1489519497 Key=PurgeAllow,Value=true Key=Volume,Value=vol-093a7b55a620d4e21 Key=Created,Value=1486927497
INSTANCE i-0ddb468f7fcf6e0df
INSTANCE NAME: abfinance_lcb_sales02
Tagging Snapshot snap-0db3dfbc172cb0755 with the following Tags: Key=CreatedBy,Value=ec2-automate-backup Key=InstanceId,Value=i-0ddb468f7fcf6e0df Key=InstanceName,Value=abfinance_lcb_sales02 Key=PurgeAfterFE,Value=1489519497 Key=PurgeAllow,Value=true Key=Volume,Value=vol-0fad69a30ba7bce0d Key=Created,Value=1486927497
INSTANCE i-0ddb468f7fcf6e0df
INSTANCE NAME: abfinance_lcb_sales02
Tagging Snapshot snap-0e96bbfdfa773afb3 with the following Tags: Key=CreatedBy,Value=ec2-automate-backup Key=InstanceId,Value=i-0ddb468f7fcf6e0df Key=InstanceName,Value=abfinance_lcb_sales02 Key=PurgeAfterFE,Value=1489519497 Key=PurgeAllow,Value=true Key=Volume,Value=vol-045ed94c459ff8b7f Key=Created,Value=1486927497
INSTANCE i-0b4be2bbf8b348d64
INSTANCE NAME: abfinance_lcb_webview04
Tagging Snapshot snap-043227e6ac2543f75 with the following Tags: Key=CreatedBy,Value=ec2-automate-backup Key=InstanceId,Value=i-0b4be2bbf8b348d64 Key=InstanceName,Value=abfinance_lcb_webview04 Key=PurgeAfterFE,Value=1489519497 Key=PurgeAllow,Value=true Key=Volume,Value=vol-028cbc9a0070f9b88 Key=Created,Value=1486927497
INSTANCE i-0c9c05c95fadfa579
INSTANCE NAME: abfinance_lcb_webview02
Tagging Snapshot snap-0e22a0b13387c4b4e with the following Tags: Key=CreatedBy,Value=ec2-automate-backup Key=InstanceId,Value=i-0c9c05c95fadfa579 Key=InstanceName,Value=abfinance_lcb_webview02 Key=PurgeAfterFE,Value=1489519497 Key=PurgeAllow,Value=true Key=Volume,Value=vol-0c28572672b1f140b Key=Created,Value=1486927497
INSTANCE i-0b4be2bbf8b348d64
INSTANCE NAME: abfinance_lcb_webview04
Tagging Snapshot snap-05fe4414344988b94 with the following Tags: Key=CreatedBy,Value=ec2-automate-backup Key=InstanceId,Value=i-0b4be2bbf8b348d64 Key=InstanceName,Value=abfinance_lcb_webview04 Key=PurgeAfterFE,Value=1489519497 Key=PurgeAllow,Value=true Key=Volume,Value=vol-0f31367a3565de9bf Key=Created,Value=1486927497
INSTANCE i-014a452a01f729a81
INSTANCE NAME: abfinance_nat02
Tagging Snapshot snap-0c161c3f4226d66c0 with the following Tags: Key=CreatedBy,Value=ec2-automate-backup Key=InstanceId,Value=i-014a452a01f729a81 Key=InstanceName,Value=abfinance_nat02 Key=PurgeAfterFE,Value=1489519497 Key=PurgeAllow,Value=true Key=Volume,Value=vol-0122877394ee0d073 Key=Created,Value=1486927497
INSTANCE i-014a452a01f729a81
INSTANCE NAME: abfinance_nat02
Tagging Snapshot snap-0c95cef1b67f7ae53 with the following Tags: Key=CreatedBy,Value=ec2-automate-backup Key=InstanceId,Value=i-014a452a01f729a81 Key=InstanceName,Value=abfinance_nat02 Key=PurgeAfterFE,Value=1489519497 Key=PurgeAllow,Value=true Key=Volume,Value=vol-0eb3627979069db71 Key=Created,Value=1486927497
INSTANCE i-0ec3141f7a8500cb7
INSTANCE NAME: abfinance_95569_app09
Tagging Snapshot snap-0752a8e9298acb7f6 with the following Tags: Key=CreatedBy,Value=ec2-automate-backup Key=InstanceId,Value=i-0ec3141f7a8500cb7 Key=InstanceName,Value=abfinance_95569_app09 Key=PurgeAfterFE,Value=1489519497 Key=PurgeAllow,Value=true Key=Volume,Value=vol-081196262722f4f10 Key=Created,Value=1486927497
INSTANCE i-03b57928616a8d119
INSTANCE NAME: abfinance_95569_app11
Tagging Snapshot snap-03431795ea8c5dc56 with the following Tags: Key=CreatedBy,Value=ec2-automate-backup Key=InstanceId,Value=i-03b57928616a8d119 Key=InstanceName,Value=abfinance_95569_app11 Key=PurgeAfterFE,Value=1489519497 Key=PurgeAllow,Value=true Key=Volume,Value=vol-00a4d8cc657fd095f Key=Created,Value=1486927497
INSTANCE i-09c114c3c67ac2768
INSTANCE NAME: abfinance_95569_app15
Tagging Snapshot snap-0cbf07be9f869ceac with the following Tags: Key=CreatedBy,Value=ec2-automate-backup Key=InstanceId,Value=i-09c114c3c67ac2768 Key=InstanceName,Value=abfinance_95569_app15 Key=PurgeAfterFE,Value=1489519497 Key=PurgeAllow,Value=true Key=Volume,Value=vol-0dc2b205ff3e0db9f Key=Created,Value=1486927497
INSTANCE i-09c114c3c67ac2768
INSTANCE NAME: abfinance_95569_app15
Tagging Snapshot snap-076ef25addcba1b85 with the following Tags: Key=CreatedBy,Value=ec2-automate-backup Key=InstanceId,Value=i-09c114c3c67ac2768 Key=InstanceName,Value=abfinance_95569_app15 Key=PurgeAfterFE,Value=1489519497 Key=PurgeAllow,Value=true Key=Volume,Value=vol-0603570eb189be1e3 Key=Created,Value=1486927497
INSTANCE i-0ec3141f7a8500cb7
INSTANCE NAME: abfinance_95569_app09
Tagging Snapshot snap-03869f2486c7b0ab0 with the following Tags: Key=CreatedBy,Value=ec2-automate-backup Key=InstanceId,Value=i-0ec3141f7a8500cb7 Key=InstanceName,Value=abfinance_95569_app09 Key=PurgeAfterFE,Value=1489519497 Key=PurgeAllow,Value=true Key=Volume,Value=vol-033dfab10affed3a2 Key=Created,Value=1486927497
INSTANCE i-0a5f15688eacd2e3e
INSTANCE NAME: abfinance_95569_app13
Tagging Snapshot snap-03a65c58ef54f392a with the following Tags: Key=CreatedBy,Value=ec2-automate-backup Key=InstanceId,Value=i-0a5f15688eacd2e3e Key=InstanceName,Value=abfinance_95569_app13 Key=PurgeAfterFE,Value=1489519497 Key=PurgeAllow,Value=true Key=Volume,Value=vol-02298d3eaf4ba7281 Key=Created,Value=1486927497
INSTANCE i-0a5f15688eacd2e3e
INSTANCE NAME: abfinance_95569_app13
Tagging Snapshot snap-0119c25f2275b13e5 with the following Tags: Key=CreatedBy,Value=ec2-automate-backup Key=InstanceId,Value=i-0a5f15688eacd2e3e Key=InstanceName,Value=abfinance_95569_app13 Key=PurgeAfterFE,Value=1489519497 Key=PurgeAllow,Value=true Key=Volume,Value=vol-0785e6333055e6365 Key=Created,Value=1486927497
INSTANCE i-0f0c674e5b6788a2c
INSTANCE NAME: abfinance_95569_app19
Tagging Snapshot snap-067b78ddeb560a08e with the following Tags: Key=CreatedBy,Value=ec2-automate-backup Key=InstanceId,Value=i-0f0c674e5b6788a2c Key=InstanceName,Value=abfinance_95569_app19 Key=PurgeAfterFE,Value=1489519497 Key=PurgeAllow,Value=true Key=Volume,Value=vol-06b68df3e57d2e58d Key=Created,Value=1486927497
INSTANCE i-0f0c674e5b6788a2c
INSTANCE NAME: abfinance_95569_app19
Tagging Snapshot snap-0b1ce478c1808bfbd with the following Tags: Key=CreatedBy,Value=ec2-automate-backup Key=InstanceId,Value=i-0f0c674e5b6788a2c Key=InstanceName,Value=abfinance_95569_app19 Key=PurgeAfterFE,Value=1489519497 Key=PurgeAllow,Value=true Key=Volume,Value=vol-0851a9c76d4ea078c Key=Created,Value=1486927497
INSTANCE i-0a411a0ef749f4cf1
INSTANCE NAME: abfinance_95569_app21
Tagging Snapshot snap-05f8d095b712af5f9 with the following Tags: Key=CreatedBy,Value=ec2-automate-backup Key=InstanceId,Value=i-0a411a0ef749f4cf1 Key=InstanceName,Value=abfinance_95569_app21 Key=PurgeAfterFE,Value=1489519497 Key=PurgeAllow,Value=true Key=Volume,Value=vol-0c3d605f9052074d8 Key=Created,Value=1486927497
INSTANCE i-0a411a0ef749f4cf1
INSTANCE NAME: abfinance_95569_app21
Tagging Snapshot snap-01283efb422681bb2 with the following Tags: Key=CreatedBy,Value=ec2-automate-backup Key=InstanceId,Value=i-0a411a0ef749f4cf1 Key=InstanceName,Value=abfinance_95569_app21 Key=PurgeAfterFE,Value=1489519497 Key=PurgeAllow,Value=true Key=Volume,Value=vol-0310bf0152a386a1f Key=Created,Value=1486927497
INSTANCE i-0d5e1e43bf386d202
INSTANCE NAME: abfinance_95569_app23
Tagging Snapshot snap-048693cf3fb5b82fc with the following Tags: Key=CreatedBy,Value=ec2-automate-backup Key=InstanceId,Value=i-0d5e1e43bf386d202 Key=InstanceName,Value=abfinance_95569_app23 Key=PurgeAfterFE,Value=1489519497 Key=PurgeAllow,Value=true Key=Volume,Value=vol-0f81b4a366156ec4e Key=Created,Value=1486927497
INSTANCE i-0d5e1e43bf386d202
INSTANCE NAME: abfinance_95569_app23
Tagging Snapshot snap-02e9bd9938bf020be with the following Tags: Key=CreatedBy,Value=ec2-automate-backup Key=InstanceId,Value=i-0d5e1e43bf386d202 Key=InstanceName,Value=abfinance_95569_app23 Key=PurgeAfterFE,Value=1489519497 Key=PurgeAllow,Value=true Key=Volume,Value=vol-0111d7f26ad53c4cb Key=Created,Value=1486927497
INSTANCE i-0eb8007a14e67dab2
INSTANCE NAME: abfinance_95569_app27
Tagging Snapshot snap-0f5c9ba6d99e843fa with the following Tags: Key=CreatedBy,Value=ec2-automate-backup Key=InstanceId,Value=i-0eb8007a14e67dab2 Key=InstanceName,Value=abfinance_95569_app27 Key=PurgeAfterFE,Value=1489519497 Key=PurgeAllow,Value=true Key=Volume,Value=vol-03525070f4c814961 Key=Created,Value=1486927497
INSTANCE i-07edbc122c6a6ac80
INSTANCE NAME: abfinance_95569_app17
Tagging Snapshot snap-021fd267ef1d126c5 with the following Tags: Key=CreatedBy,Value=ec2-automate-backup Key=InstanceId,Value=i-07edbc122c6a6ac80 Key=InstanceName,Value=abfinance_95569_app17 Key=PurgeAfterFE,Value=1489519497 Key=PurgeAllow,Value=true Key=Volume,Value=vol-04e6264745822f286 Key=Created,Value=1486927497
INSTANCE i-03b57928616a8d119
INSTANCE NAME: abfinance_95569_app11
Tagging Snapshot snap-0cd2e190146140e96 with the following Tags: Key=CreatedBy,Value=ec2-automate-backup Key=InstanceId,Value=i-03b57928616a8d119 Key=InstanceName,Value=abfinance_95569_app11 Key=PurgeAfterFE,Value=1489519497 Key=PurgeAllow,Value=true Key=Volume,Value=vol-004d8faa59c222aa5 Key=Created,Value=1486927497
INSTANCE i-07edbc122c6a6ac80
INSTANCE NAME: abfinance_95569_app17
Tagging Snapshot snap-0554ba4de667ba479 with the following Tags: Key=CreatedBy,Value=ec2-automate-backup Key=InstanceId,Value=i-07edbc122c6a6ac80 Key=InstanceName,Value=abfinance_95569_app17 Key=PurgeAfterFE,Value=1489519497 Key=PurgeAllow,Value=true Key=Volume,Value=vol-01b2522c2d2534299 Key=Created,Value=1486927497
INSTANCE i-07728f7b5bfbf498e
INSTANCE NAME: abfinance_95569_app25
Tagging Snapshot snap-0ee23633704cfc518 with the following Tags: Key=CreatedBy,Value=ec2-automate-backup Key=InstanceId,Value=i-07728f7b5bfbf498e Key=InstanceName,Value=abfinance_95569_app25 Key=PurgeAfterFE,Value=1489519497 Key=PurgeAllow,Value=true Key=Volume,Value=vol-04b5c2f0495b27c68 Key=Created,Value=1486927497
INSTANCE i-0eb8007a14e67dab2
INSTANCE NAME: abfinance_95569_app27
Tagging Snapshot snap-0892e9bad611ff6d2 with the following Tags: Key=CreatedBy,Value=ec2-automate-backup Key=InstanceId,Value=i-0eb8007a14e67dab2 Key=InstanceName,Value=abfinance_95569_app27 Key=PurgeAfterFE,Value=1489519497 Key=PurgeAllow,Value=true Key=Volume,Value=vol-0dcf38ce3ae3a060a Key=Created,Value=1486927497
INSTANCE i-07728f7b5bfbf498e
INSTANCE NAME: abfinance_95569_app25
Tagging Snapshot snap-01edf7f8b3e70c81c with the following Tags: Key=CreatedBy,Value=ec2-automate-backup Key=InstanceId,Value=i-07728f7b5bfbf498e Key=InstanceName,Value=abfinance_95569_app25 Key=PurgeAfterFE,Value=1489519497 Key=PurgeAllow,Value=true Key=Volume,Value=vol-0200a88c02cfb804d Key=Created,Value=1486927497
INSTANCE i-07705f35bff445c41
INSTANCE NAME: abfinance_95569_app07
Tagging Snapshot snap-0da1f182132924b7c with the following Tags: Key=CreatedBy,Value=ec2-automate-backup Key=InstanceId,Value=i-07705f35bff445c41 Key=InstanceName,Value=abfinance_95569_app07 Key=PurgeAfterFE,Value=1489519497 Key=PurgeAllow,Value=true Key=Volume,Value=vol-08bc36523beab866f Key=Created,Value=1486927497
INSTANCE i-033cd6848a0ee1ed5
INSTANCE NAME: abfinance_95569_app31
Tagging Snapshot snap-0bbb1374045ad863e with the following Tags: Key=CreatedBy,Value=ec2-automate-backup Key=InstanceId,Value=i-033cd6848a0ee1ed5 Key=InstanceName,Value=abfinance_95569_app31 Key=PurgeAfterFE,Value=1489519497 Key=PurgeAllow,Value=true Key=Volume,Value=vol-0f627f4a287f07de3 Key=Created,Value=1486927497
INSTANCE i-08b97f2fe53f80f22
INSTANCE NAME: abfinance_95569_app05
Tagging Snapshot snap-057e2a2585a9368e9 with the following Tags: Key=CreatedBy,Value=ec2-automate-backup Key=InstanceId,Value=i-08b97f2fe53f80f22 Key=InstanceName,Value=abfinance_95569_app05 Key=PurgeAfterFE,Value=1489519497 Key=PurgeAllow,Value=true Key=Volume,Value=vol-099c0fd92df48a286 Key=Created,Value=1486927497
INSTANCE i-038f55a947fe549b9
INSTANCE NAME: abfinance_95569_app29
Tagging Snapshot snap-0f9b6c3aedb01620f with the following Tags: Key=CreatedBy,Value=ec2-automate-backup Key=InstanceId,Value=i-038f55a947fe549b9 Key=InstanceName,Value=abfinance_95569_app29 Key=PurgeAfterFE,Value=1489519497 Key=PurgeAllow,Value=true Key=Volume,Value=vol-086413bf696d0b35e Key=Created,Value=1486927497
INSTANCE i-038f55a947fe549b9
INSTANCE NAME: abfinance_95569_app29
Tagging Snapshot snap-0793ccbce652c8418 with the following Tags: Key=CreatedBy,Value=ec2-automate-backup Key=InstanceId,Value=i-038f55a947fe549b9 Key=InstanceName,Value=abfinance_95569_app29 Key=PurgeAfterFE,Value=1489519497 Key=PurgeAllow,Value=true Key=Volume,Value=vol-0fdaee4b23a29e129 Key=Created,Value=1486927497
INSTANCE i-0c74aacdacea37885
INSTANCE NAME: abfinance_95569_app35
Tagging Snapshot snap-017882d4da2a77c5d with the following Tags: Key=CreatedBy,Value=ec2-automate-backup Key=InstanceId,Value=i-0c74aacdacea37885 Key=InstanceName,Value=abfinance_95569_app35 Key=PurgeAfterFE,Value=1489519497 Key=PurgeAllow,Value=true Key=Volume,Value=vol-072183b6a817893f7 Key=Created,Value=1486927497
INSTANCE i-0257be16b51727274
INSTANCE NAME: abfinance_95569_app01
Tagging Snapshot snap-09128cf9440f303a4 with the following Tags: Key=CreatedBy,Value=ec2-automate-backup Key=InstanceId,Value=i-0257be16b51727274 Key=InstanceName,Value=abfinance_95569_app01 Key=PurgeAfterFE,Value=1489519497 Key=PurgeAllow,Value=true Key=Volume,Value=vol-09653c9b7d7cc8b5a Key=Created,Value=1486927497
INSTANCE i-0c74aacdacea37885
INSTANCE NAME: abfinance_95569_app35
Tagging Snapshot snap-07dc81a1a12800ce2 with the following Tags: Key=CreatedBy,Value=ec2-automate-backup Key=InstanceId,Value=i-0c74aacdacea37885 Key=InstanceName,Value=abfinance_95569_app35 Key=PurgeAfterFE,Value=1489519497 Key=PurgeAllow,Value=true Key=Volume,Value=vol-090f117c456e8e47c Key=Created,Value=1486927497
INSTANCE i-033cd6848a0ee1ed5
INSTANCE NAME: abfinance_95569_app31
Tagging Snapshot snap-0e89b4f37492eafc1 with the following Tags: Key=CreatedBy,Value=ec2-automate-backup Key=InstanceId,Value=i-033cd6848a0ee1ed5 Key=InstanceName,Value=abfinance_95569_app31 Key=PurgeAfterFE,Value=1489519497 Key=PurgeAllow,Value=true Key=Volume,Value=vol-0f44e3615bdc25730 Key=Created,Value=1486927497
INSTANCE i-0f829d60597e5c715
INSTANCE NAME: abfinance_95569_app33
Tagging Snapshot snap-07f7c6966de65fdf4 with the following Tags: Key=CreatedBy,Value=ec2-automate-backup Key=InstanceId,Value=i-0f829d60597e5c715 Key=InstanceName,Value=abfinance_95569_app33 Key=PurgeAfterFE,Value=1489519497 Key=PurgeAllow,Value=true Key=Volume,Value=vol-0eb8e231a42b429a3 Key=Created,Value=1486927497
INSTANCE i-0f829d60597e5c715
INSTANCE NAME: abfinance_95569_app33
Tagging Snapshot snap-03dd1dde1a6a4c33e with the following Tags: Key=CreatedBy,Value=ec2-automate-backup Key=InstanceId,Value=i-0f829d60597e5c715 Key=InstanceName,Value=abfinance_95569_app33 Key=PurgeAfterFE,Value=1489519497 Key=PurgeAllow,Value=true Key=Volume,Value=vol-0380591138b2bac42 Key=Created,Value=1486927497
INSTANCE i-00737f9ceeaad86d1
INSTANCE NAME: abfinance_95569_app03
Tagging Snapshot snap-0f75e19f1b7118667 with the following Tags: Key=CreatedBy,Value=ec2-automate-backup Key=InstanceId,Value=i-00737f9ceeaad86d1 Key=InstanceName,Value=abfinance_95569_app03 Key=PurgeAfterFE,Value=1489519497 Key=PurgeAllow,Value=true Key=Volume,Value=vol-0d4af25a0758d6113 Key=Created,Value=1486927497
INSTANCE i-00737f9ceeaad86d1
INSTANCE NAME: abfinance_95569_app03
Tagging Snapshot snap-0bad6b36b3e457b05 with the following Tags: Key=CreatedBy,Value=ec2-automate-backup Key=InstanceId,Value=i-00737f9ceeaad86d1 Key=InstanceName,Value=abfinance_95569_app03 Key=PurgeAfterFE,Value=1489519497 Key=PurgeAllow,Value=true Key=Volume,Value=vol-08c55b678a9fff5df Key=Created,Value=1486927497
INSTANCE i-08b97f2fe53f80f22
INSTANCE NAME: abfinance_95569_app05
Tagging Snapshot snap-02a43680a20a1d227 with the following Tags: Key=CreatedBy,Value=ec2-automate-backup Key=InstanceId,Value=i-08b97f2fe53f80f22 Key=InstanceName,Value=abfinance_95569_app05 Key=PurgeAfterFE,Value=1489519497 Key=PurgeAllow,Value=true Key=Volume,Value=vol-00ab47222a671a9a3 Key=Created,Value=1486927497
INSTANCE i-0723ff9b3e8e40be7
INSTANCE NAME: abfinance_95569_app37
Tagging Snapshot snap-0ea6438950514cafc with the following Tags: Key=CreatedBy,Value=ec2-automate-backup Key=InstanceId,Value=i-0723ff9b3e8e40be7 Key=InstanceName,Value=abfinance_95569_app37 Key=PurgeAfterFE,Value=1489519497 Key=PurgeAllow,Value=true Key=Volume,Value=vol-0281762adebc253ea Key=Created,Value=1486927497
INSTANCE i-0257be16b51727274
INSTANCE NAME: abfinance_95569_app01
Tagging Snapshot snap-03289a3a78ea7f20b with the following Tags: Key=CreatedBy,Value=ec2-automate-backup Key=InstanceId,Value=i-0257be16b51727274 Key=InstanceName,Value=abfinance_95569_app01 Key=PurgeAfterFE,Value=1489519497 Key=PurgeAllow,Value=true Key=Volume,Value=vol-0d8e0588b2630dc6f Key=Created,Value=1486927497
INSTANCE i-07705f35bff445c41
INSTANCE NAME: abfinance_95569_app07
Tagging Snapshot snap-07f5d2fe97002ca81 with the following Tags: Key=CreatedBy,Value=ec2-automate-backup Key=InstanceId,Value=i-07705f35bff445c41 Key=InstanceName,Value=abfinance_95569_app07 Key=PurgeAfterFE,Value=1489519497 Key=PurgeAllow,Value=true Key=Volume,Value=vol-061fdd835777e319c Key=Created,Value=1486927497
INSTANCE i-0723ff9b3e8e40be7
INSTANCE NAME: abfinance_95569_app37
Tagging Snapshot snap-04888a8e43b53f483 with the following Tags: Key=CreatedBy,Value=ec2-automate-backup Key=InstanceId,Value=i-0723ff9b3e8e40be7 Key=InstanceName,Value=abfinance_95569_app37 Key=PurgeAfterFE,Value=1489519497 Key=PurgeAllow,Value=true Key=Volume,Value=vol-0b7b3d56950413d9b Key=Created,Value=1486927497
INSTANCE i-0f705ab54239a1f52
INSTANCE NAME: abfinance_95569_qyyxapp05
Tagging Snapshot snap-0c4ea597b408de934 with the following Tags: Key=CreatedBy,Value=ec2-automate-backup Key=InstanceId,Value=i-0f705ab54239a1f52 Key=InstanceName,Value=abfinance_95569_qyyxapp05 Key=PurgeAfterFE,Value=1489519497 Key=PurgeAllow,Value=true Key=Volume,Value=vol-09d6b1837b615adf0 Key=Created,Value=1486927497
INSTANCE i-04a60b0759f7eb2ac
INSTANCE NAME: abfinance_95569_qyyxapp01
Tagging Snapshot snap-04475c15d55e3c0e1 with the following Tags: Key=CreatedBy,Value=ec2-automate-backup Key=InstanceId,Value=i-04a60b0759f7eb2ac Key=InstanceName,Value=abfinance_95569_qyyxapp01 Key=PurgeAfterFE,Value=1489519497 Key=PurgeAllow,Value=true Key=Volume,Value=vol-0ab00cc4b064066fb Key=Created,Value=1486927497
INSTANCE i-0b94ec86e798d7437
INSTANCE NAME: abfinance_95569_qyyxapp03
Tagging Snapshot snap-085e9affecce3ad8d with the following Tags: Key=CreatedBy,Value=ec2-automate-backup Key=InstanceId,Value=i-0b94ec86e798d7437 Key=InstanceName,Value=abfinance_95569_qyyxapp03 Key=PurgeAfterFE,Value=1489519497 Key=PurgeAllow,Value=true Key=Volume,Value=vol-02fe979ffb7dc9b91 Key=Created,Value=1486927497
INSTANCE i-0f705ab54239a1f52
INSTANCE NAME: abfinance_95569_qyyxapp05
Tagging Snapshot snap-0a9f7c6b0be22f2e7 with the following Tags: Key=CreatedBy,Value=ec2-automate-backup Key=InstanceId,Value=i-0f705ab54239a1f52 Key=InstanceName,Value=abfinance_95569_qyyxapp05 Key=PurgeAfterFE,Value=1489519497 Key=PurgeAllow,Value=true Key=Volume,Value=vol-0b8edb31bd17a1ded Key=Created,Value=1486927497
INSTANCE i-04a60b0759f7eb2ac
INSTANCE NAME: abfinance_95569_qyyxapp01
Tagging Snapshot snap-07dde269b9a1a7900 with the following Tags: Key=CreatedBy,Value=ec2-automate-backup Key=InstanceId,Value=i-04a60b0759f7eb2ac Key=InstanceName,Value=abfinance_95569_qyyxapp01 Key=PurgeAfterFE,Value=1489519497 Key=PurgeAllow,Value=true Key=Volume,Value=vol-0966ecafbcd12b336 Key=Created,Value=1486927497
INSTANCE i-0b94ec86e798d7437
INSTANCE NAME: abfinance_95569_qyyxapp03
Tagging Snapshot snap-0794767bfd54f7c4e with the following Tags: Key=CreatedBy,Value=ec2-automate-backup Key=InstanceId,Value=i-0b94ec86e798d7437 Key=InstanceName,Value=abfinance_95569_qyyxapp03 Key=PurgeAfterFE,Value=1489519497 Key=PurgeAllow,Value=true Key=Volume,Value=vol-037854b3916095873 Key=Created,Value=1486927497
INSTANCE i-04a06b4c7bf9d94e3
INSTANCE NAME: abfinance_95569_qyyxapp07
Tagging Snapshot snap-0c0ccf84949c899be with the following Tags: Key=CreatedBy,Value=ec2-automate-backup Key=InstanceId,Value=i-04a06b4c7bf9d94e3 Key=InstanceName,Value=abfinance_95569_qyyxapp07 Key=PurgeAfterFE,Value=1489519497 Key=PurgeAllow,Value=true Key=Volume,Value=vol-0c00fa4c526514642 Key=Created,Value=1486927497
INSTANCE i-04a06b4c7bf9d94e3
INSTANCE NAME: abfinance_95569_qyyxapp07
Tagging Snapshot snap-0a20e6c8d67c9c5ac with the following Tags: Key=CreatedBy,Value=ec2-automate-backup Key=InstanceId,Value=i-04a06b4c7bf9d94e3 Key=InstanceName,Value=abfinance_95569_qyyxapp07 Key=PurgeAfterFE,Value=1489519497 Key=PurgeAllow,Value=true Key=Volume,Value=vol-0224e39c7f51f325d Key=Created,Value=1486927497
INSTANCE i-0e3788bfe6f90f34c
INSTANCE NAME: abfinance_95569_db01
Tagging Snapshot snap-01062a3f51d8b94c3 with the following Tags: Key=CreatedBy,Value=ec2-automate-backup Key=InstanceId,Value=i-0e3788bfe6f90f34c Key=InstanceName,Value=abfinance_95569_db01 Key=PurgeAfterFE,Value=1489519497 Key=PurgeAllow,Value=true Key=Volume,Value=vol-07eeda4b057720025 Key=Created,Value=1486927497
INSTANCE i-0e3788bfe6f90f34c
INSTANCE NAME: abfinance_95569_db01
Tagging Snapshot snap-0d71bfec4ba07b20d with the following Tags: Key=CreatedBy,Value=ec2-automate-backup Key=InstanceId,Value=i-0e3788bfe6f90f34c Key=InstanceName,Value=abfinance_95569_db01 Key=PurgeAfterFE,Value=1489519497 Key=PurgeAllow,Value=true Key=Volume,Value=vol-08ae7f3e7ca5aba00 Key=Created,Value=1486927497
INSTANCE i-0e3788bfe6f90f34c
INSTANCE NAME: abfinance_95569_db01
Tagging Snapshot snap-0a43453fa14dec580 with the following Tags: Key=CreatedBy,Value=ec2-automate-backup Key=InstanceId,Value=i-0e3788bfe6f90f34c Key=InstanceName,Value=abfinance_95569_db01 Key=PurgeAfterFE,Value=1489519497 Key=PurgeAllow,Value=true Key=Volume,Value=vol-080136fd0268ba249 Key=Created,Value=1486927497
INSTANCE i-0e3788bfe6f90f34c
INSTANCE NAME: abfinance_95569_db01
Tagging Snapshot snap-095386fcb5bd3340b with the following Tags: Key=CreatedBy,Value=ec2-automate-backup Key=InstanceId,Value=i-0e3788bfe6f90f34c Key=InstanceName,Value=abfinance_95569_db01 Key=PurgeAfterFE,Value=1489519497 Key=PurgeAllow,Value=true Key=Volume,Value=vol-0e39a5064691379ba Key=Created,Value=1486927497
INSTANCE i-00a83f954cf74b49c
INSTANCE NAME: abfinance_top20_ubuntu_db01
Tagging Snapshot snap-0d96e3aa3b72283cc with the following Tags: Key=CreatedBy,Value=ec2-automate-backup Key=InstanceId,Value=i-00a83f954cf74b49c Key=InstanceName,Value=abfinance_top20_ubuntu_db01 Key=PurgeAfterFE,Value=1489519497 Key=PurgeAllow,Value=true Key=Volume,Value=vol-00650e414cf107b17 Key=Created,Value=1486927497
INSTANCE i-0c216734d128c6375
INSTANCE NAME: abfinance_top20_ubuntu_app03
Tagging Snapshot snap-0e46b2ff869efdc81 with the following Tags: Key=CreatedBy,Value=ec2-automate-backup Key=InstanceId,Value=i-0c216734d128c6375 Key=InstanceName,Value=abfinance_top20_ubuntu_app03 Key=PurgeAfterFE,Value=1489519497 Key=PurgeAllow,Value=true Key=Volume,Value=vol-0f763f4259c95c9b5 Key=Created,Value=1486927497
INSTANCE i-0c216734d128c6375
INSTANCE NAME: abfinance_top20_ubuntu_app03
Tagging Snapshot snap-0668312cae00201c0 with the following Tags: Key=CreatedBy,Value=ec2-automate-backup Key=InstanceId,Value=i-0c216734d128c6375 Key=InstanceName,Value=abfinance_top20_ubuntu_app03 Key=PurgeAfterFE,Value=1489519497 Key=PurgeAllow,Value=true Key=Volume,Value=vol-0cd52f41e2b7d8e0a Key=Created,Value=1486927497
INSTANCE i-00a83f954cf74b49c
INSTANCE NAME: abfinance_top20_ubuntu_db01
Tagging Snapshot snap-08d243fb3e951a750 with the following Tags: Key=CreatedBy,Value=ec2-automate-backup Key=InstanceId,Value=i-00a83f954cf74b49c Key=InstanceName,Value=abfinance_top20_ubuntu_db01 Key=PurgeAfterFE,Value=1489519497 Key=PurgeAllow,Value=true Key=Volume,Value=vol-02af501b13bf54b0e Key=Created,Value=1486927497
INSTANCE i-00a83f954cf74b49c
INSTANCE NAME: abfinance_top20_ubuntu_db01
Tagging Snapshot snap-0402f0e584e0cd685 with the following Tags: Key=CreatedBy,Value=ec2-automate-backup Key=InstanceId,Value=i-00a83f954cf74b49c Key=InstanceName,Value=abfinance_top20_ubuntu_db01 Key=PurgeAfterFE,Value=1489519497 Key=PurgeAllow,Value=true Key=Volume,Value=vol-0bee7854c001f0356 Key=Created,Value=1486927497
INSTANCE i-0c216734d128c6375
INSTANCE NAME: abfinance_top20_ubuntu_app03
Tagging Snapshot snap-09b0fa1ac6c52fe5c with the following Tags: Key=CreatedBy,Value=ec2-automate-backup Key=InstanceId,Value=i-0c216734d128c6375 Key=InstanceName,Value=abfinance_top20_ubuntu_app03 Key=PurgeAfterFE,Value=1489519497 Key=PurgeAllow,Value=true Key=Volume,Value=vol-0cc56bc37e58a69f8 Key=Created,Value=1486927497
INSTANCE i-0c216734d128c6375
INSTANCE NAME: abfinance_top20_ubuntu_app03
Tagging Snapshot snap-0ccdac1733c9247c1 with the following Tags: Key=CreatedBy,Value=ec2-automate-backup Key=InstanceId,Value=i-0c216734d128c6375 Key=InstanceName,Value=abfinance_top20_ubuntu_app03 Key=PurgeAfterFE,Value=1489519497 Key=PurgeAllow,Value=true Key=Volume,Value=vol-07fdebcf5a0e444be Key=Created,Value=1486927497
INSTANCE i-00a83f954cf74b49c
INSTANCE NAME: abfinance_top20_ubuntu_db01
Tagging Snapshot snap-05c1f4793ee4a5d44 with the following Tags: Key=CreatedBy,Value=ec2-automate-backup Key=InstanceId,Value=i-00a83f954cf74b49c Key=InstanceName,Value=abfinance_top20_ubuntu_db01 Key=PurgeAfterFE,Value=1489519497 Key=PurgeAllow,Value=true Key=Volume,Value=vol-0689fe07556ce52b6 Key=Created,Value=1486927497
INSTANCE i-00a83f954cf74b49c
INSTANCE NAME: abfinance_top20_ubuntu_db01
Tagging Snapshot snap-0d7ec22c032783dce with the following Tags: Key=CreatedBy,Value=ec2-automate-backup Key=InstanceId,Value=i-00a83f954cf74b49c Key=InstanceName,Value=abfinance_top20_ubuntu_db01 Key=PurgeAfterFE,Value=1489519497 Key=PurgeAllow,Value=true Key=Volume,Value=vol-06d9a2487a760806c Key=Created,Value=1486927497
INSTANCE i-09614d304ca622c2e
INSTANCE NAME: abfinance_db01
Tagging Snapshot snap-00287883349f00e4a with the following Tags: Key=CreatedBy,Value=ec2-automate-backup Key=InstanceId,Value=i-09614d304ca622c2e Key=InstanceName,Value=abfinance_db01 Key=PurgeAfterFE,Value=1489519497 Key=PurgeAllow,Value=true Key=Volume,Value=vol-0c7bfa0ebf99f741e Key=Created,Value=1486927497
INSTANCE i-09614d304ca622c2e
INSTANCE NAME: abfinance_db01
Tagging Snapshot snap-0764cd445676eea4b with the following Tags: Key=CreatedBy,Value=ec2-automate-backup Key=InstanceId,Value=i-09614d304ca622c2e Key=InstanceName,Value=abfinance_db01 Key=PurgeAfterFE,Value=1489519497 Key=PurgeAllow,Value=true Key=Volume,Value=vol-07864df19d9ea6dd1 Key=Created,Value=1486927497
INSTANCE i-09614d304ca622c2e
INSTANCE NAME: abfinance_db01
Tagging Snapshot snap-016c5b9c3b7715ac4 with the following Tags: Key=CreatedBy,Value=ec2-automate-backup Key=InstanceId,Value=i-09614d304ca622c2e Key=InstanceName,Value=abfinance_db01 Key=PurgeAfterFE,Value=1489519497 Key=PurgeAllow,Value=true Key=Volume,Value=vol-076d04fffdc647343 Key=Created,Value=1486927497
INSTANCE i-09614d304ca622c2e
INSTANCE NAME: abfinance_db01
Tagging Snapshot snap-0dda7f85a196b824c with the following Tags: Key=CreatedBy,Value=ec2-automate-backup Key=InstanceId,Value=i-09614d304ca622c2e Key=InstanceName,Value=abfinance_db01 Key=PurgeAfterFE,Value=1489519497 Key=PurgeAllow,Value=true Key=Volume,Value=vol-0f6a730738cff2c86 Key=Created,Value=1486927497
INSTANCE i-084540b57e4187648
INSTANCE NAME: abfinance_fileshare01
Tagging Snapshot snap-0f0c107f95022a4d8 with the following Tags: Key=CreatedBy,Value=ec2-automate-backup Key=InstanceId,Value=i-084540b57e4187648 Key=InstanceName,Value=abfinance_fileshare01 Key=PurgeAfterFE,Value=1489519497 Key=PurgeAllow,Value=true Key=Volume,Value=vol-0fabf5c1d62646d8a Key=Created,Value=1486927497
INSTANCE i-084540b57e4187648
INSTANCE NAME: abfinance_fileshare01
Tagging Snapshot snap-0282ce4f00073286a with the following Tags: Key=CreatedBy,Value=ec2-automate-backup Key=InstanceId,Value=i-084540b57e4187648 Key=InstanceName,Value=abfinance_fileshare01 Key=PurgeAfterFE,Value=1489519497 Key=PurgeAllow,Value=true Key=Volume,Value=vol-03e0f7adfeb97a6d9 Key=Created,Value=1486927497
INSTANCE i-009d3dba5cea1a5fd
INSTANCE NAME: abfinance_lcb_admin01
Tagging Snapshot snap-0ec477057d889a54d with the following Tags: Key=CreatedBy,Value=ec2-automate-backup Key=InstanceId,Value=i-009d3dba5cea1a5fd Key=InstanceName,Value=abfinance_lcb_admin01 Key=PurgeAfterFE,Value=1489519497 Key=PurgeAllow,Value=true Key=Volume,Value=vol-08e53cbca7fc7d50f Key=Created,Value=1486927497
INSTANCE i-009d3dba5cea1a5fd
INSTANCE NAME: abfinance_lcb_admin01
Tagging Snapshot snap-08089f6511c3c3deb with the following Tags: Key=CreatedBy,Value=ec2-automate-backup Key=InstanceId,Value=i-009d3dba5cea1a5fd Key=InstanceName,Value=abfinance_lcb_admin01 Key=PurgeAfterFE,Value=1489519497 Key=PurgeAllow,Value=true Key=Volume,Value=vol-070270ceedb98dca2 Key=Created,Value=1486927497
INSTANCE i-0c692d9224afa0bfa
INSTANCE NAME: abfinance_lcb_production01
Tagging Snapshot snap-021becd8248015800 with the following Tags: Key=CreatedBy,Value=ec2-automate-backup Key=InstanceId,Value=i-0c692d9224afa0bfa Key=InstanceName,Value=abfinance_lcb_production01 Key=PurgeAfterFE,Value=1489519497 Key=PurgeAllow,Value=true Key=Volume,Value=vol-03b3d8c0e1cadf8c1 Key=Created,Value=1486927497
INSTANCE i-0e36e12e65d6b4a4e
INSTANCE NAME: abfinance_lcb_sales01
Tagging Snapshot snap-0677cd61fdd82ce50 with the following Tags: Key=CreatedBy,Value=ec2-automate-backup Key=InstanceId,Value=i-0e36e12e65d6b4a4e Key=InstanceName,Value=abfinance_lcb_sales01 Key=PurgeAfterFE,Value=1489519497 Key=PurgeAllow,Value=true Key=Volume,Value=vol-08e5740f9ae393ab6 Key=Created,Value=1486927497
INSTANCE i-0c692d9224afa0bfa
INSTANCE NAME: abfinance_lcb_production01
Tagging Snapshot snap-0711fccb8537e34fb with the following Tags: Key=CreatedBy,Value=ec2-automate-backup Key=InstanceId,Value=i-0c692d9224afa0bfa Key=InstanceName,Value=abfinance_lcb_production01 Key=PurgeAfterFE,Value=1489519497 Key=PurgeAllow,Value=true Key=Volume,Value=vol-0734128d6832a8b05 Key=Created,Value=1486927497
INSTANCE i-09c2eabe897e928a7
INSTANCE NAME: abfinance_lcb_webview01
Tagging Snapshot snap-013a7268f728f4172 with the following Tags: Key=CreatedBy,Value=ec2-automate-backup Key=InstanceId,Value=i-09c2eabe897e928a7 Key=InstanceName,Value=abfinance_lcb_webview01 Key=PurgeAfterFE,Value=1489519497 Key=PurgeAllow,Value=true Key=Volume,Value=vol-08656f7f1440aa14a Key=Created,Value=1486927497
INSTANCE i-09c2eabe897e928a7
INSTANCE NAME: abfinance_lcb_webview01
Tagging Snapshot snap-0e65f9ce6516fadff with the following Tags: Key=CreatedBy,Value=ec2-automate-backup Key=InstanceId,Value=i-09c2eabe897e928a7 Key=InstanceName,Value=abfinance_lcb_webview01 Key=PurgeAfterFE,Value=1489519497 Key=PurgeAllow,Value=true Key=Volume,Value=vol-0aa81463a2ad03c7a Key=Created,Value=1486927497
INSTANCE i-0518c045d2be93427
INSTANCE NAME: abfinance_nat01
Tagging Snapshot snap-0692ad805932ad7c5 with the following Tags: Key=CreatedBy,Value=ec2-automate-backup Key=InstanceId,Value=i-0518c045d2be93427 Key=InstanceName,Value=abfinance_nat01 Key=PurgeAfterFE,Value=1489519497 Key=PurgeAllow,Value=true Key=Volume,Value=vol-0d9130bb61c0d4c56 Key=Created,Value=1486927497
INSTANCE i-0e36e12e65d6b4a4e
INSTANCE NAME: abfinance_lcb_sales01
Tagging Snapshot snap-0c8149259a947cfa7 with the following Tags: Key=CreatedBy,Value=ec2-automate-backup Key=InstanceId,Value=i-0e36e12e65d6b4a4e Key=InstanceName,Value=abfinance_lcb_sales01 Key=PurgeAfterFE,Value=1489519497 Key=PurgeAllow,Value=true Key=Volume,Value=vol-023127c32f4b64e52 Key=Created,Value=1486927497
INSTANCE i-0518c045d2be93427
INSTANCE NAME: abfinance_nat01
Tagging Snapshot snap-0ef104af241dacbd0 with the following Tags: Key=CreatedBy,Value=ec2-automate-backup Key=InstanceId,Value=i-0518c045d2be93427 Key=InstanceName,Value=abfinance_nat01 Key=PurgeAfterFE,Value=1489519497 Key=PurgeAllow,Value=true Key=Volume,Value=vol-0528c98fb329dffea Key=Created,Value=1486927497
INSTANCE i-038656cd0a5878996
INSTANCE NAME: abfinance_lcb_webview03
Tagging Snapshot snap-076c565d4136b617e with the following Tags: Key=CreatedBy,Value=ec2-automate-backup Key=InstanceId,Value=i-038656cd0a5878996 Key=InstanceName,Value=abfinance_lcb_webview03 Key=PurgeAfterFE,Value=1489519497 Key=PurgeAllow,Value=true Key=Volume,Value=vol-029a78effd0af4174 Key=Created,Value=1486927497
INSTANCE i-038656cd0a5878996
INSTANCE NAME: abfinance_lcb_webview03
Tagging Snapshot snap-02203a129bd516e8a with the following Tags: Key=CreatedBy,Value=ec2-automate-backup Key=InstanceId,Value=i-038656cd0a5878996 Key=InstanceName,Value=abfinance_lcb_webview03 Key=PurgeAfterFE,Value=1489519497 Key=PurgeAllow,Value=true Key=Volume,Value=vol-0f119584d4b9ada06 Key=Created,Value=1486927497
INSTANCE i-071c0e09746a7cab2
INSTANCE NAME: abfinance_top20_ubuntu_app01
Tagging Snapshot snap-099b6d17642114d97 with the following Tags: Key=CreatedBy,Value=ec2-automate-backup Key=InstanceId,Value=i-071c0e09746a7cab2 Key=InstanceName,Value=abfinance_top20_ubuntu_app01 Key=PurgeAfterFE,Value=1489519497 Key=PurgeAllow,Value=true Key=Volume,Value=vol-028c8b322e5479cf7 Key=Created,Value=1486927497
INSTANCE i-071c0e09746a7cab2
INSTANCE NAME: abfinance_top20_ubuntu_app01
Tagging Snapshot snap-024668c64bd700683 with the following Tags: Key=CreatedBy,Value=ec2-automate-backup Key=InstanceId,Value=i-071c0e09746a7cab2 Key=InstanceName,Value=abfinance_top20_ubuntu_app01 Key=PurgeAfterFE,Value=1489519497 Key=PurgeAllow,Value=true Key=Volume,Value=vol-07635e1c11c362ee7 Key=Created,Value=1486927497
INSTANCE i-071c0e09746a7cab2
INSTANCE NAME: abfinance_top20_ubuntu_app01
Tagging Snapshot snap-032ab611a753fcfc6 with the following Tags: Key=CreatedBy,Value=ec2-automate-backup Key=InstanceId,Value=i-071c0e09746a7cab2 Key=InstanceName,Value=abfinance_top20_ubuntu_app01 Key=PurgeAfterFE,Value=1489519497 Key=PurgeAllow,Value=true Key=Volume,Value=vol-04f6f153979ec4e04 Key=Created,Value=1486927497
INSTANCE i-071c0e09746a7cab2
INSTANCE NAME: abfinance_top20_ubuntu_app01
Tagging Snapshot snap-0e0bf3b89ff79a3c2 with the following Tags: Key=CreatedBy,Value=ec2-automate-backup Key=InstanceId,Value=i-071c0e09746a7cab2 Key=InstanceName,Value=abfinance_top20_ubuntu_app01 Key=PurgeAfterFE,Value=1489519497 Key=PurgeAllow,Value=true Key=Volume,Value=vol-05313c753118b3f0e Key=Created,Value=1486927497
INSTANCE i-04301c43465272923
INSTANCE NAME: abfinance_top20_ubuntu_app05
Tagging Snapshot snap-0e7a35054c333f00e with the following Tags: Key=CreatedBy,Value=ec2-automate-backup Key=InstanceId,Value=i-04301c43465272923 Key=InstanceName,Value=abfinance_top20_ubuntu_app05 Key=PurgeAfterFE,Value=1489519497 Key=PurgeAllow,Value=true Key=Volume,Value=vol-042ff0cf25d5159f1 Key=Created,Value=1486927497
INSTANCE i-04301c43465272923
INSTANCE NAME: abfinance_top20_ubuntu_app05
Tagging Snapshot snap-0bb844e1f72dff71c with the following Tags: Key=CreatedBy,Value=ec2-automate-backup Key=InstanceId,Value=i-04301c43465272923 Key=InstanceName,Value=abfinance_top20_ubuntu_app05 Key=PurgeAfterFE,Value=1489519497 Key=PurgeAllow,Value=true Key=Volume,Value=vol-000debe3735b701da Key=Created,Value=1486927497
INSTANCE i-04301c43465272923
INSTANCE NAME: abfinance_top20_ubuntu_app05
Tagging Snapshot snap-04f8fcc2a5e43412d with the following Tags: Key=CreatedBy,Value=ec2-automate-backup Key=InstanceId,Value=i-04301c43465272923 Key=InstanceName,Value=abfinance_top20_ubuntu_app05 Key=PurgeAfterFE,Value=1489519497 Key=PurgeAllow,Value=true Key=Volume,Value=vol-01bc3463f6ddd3d8d Key=Created,Value=1486927497
INSTANCE i-04301c43465272923
INSTANCE NAME: abfinance_top20_ubuntu_app05
Tagging Snapshot snap-00af6b31955bc7c56 with the following Tags: Key=CreatedBy,Value=ec2-automate-backup Key=InstanceId,Value=i-04301c43465272923 Key=InstanceName,Value=abfinance_top20_ubuntu_app05 Key=PurgeAfterFE,Value=1489519497 Key=PurgeAllow,Value=true Key=Volume,Value=vol-0ce01a4e917347781 Key=Created,Value=1486927497
Snapshot Purging is Starting Now.
Snapshot "snap-0a6346e5ac1aee75d" with the PurgeAfterFE date of "1486927287" will be deleted.
Snapshot "snap-0cb531476b883e6cc" with the PurgeAfterFE date of "1486927287" will be deleted.
Snapshot "snap-0c86cebae367cee99" with the PurgeAfterFE date of "1486927287" will be deleted.
Snapshot "snap-0fda74ba87b363c0d" with the PurgeAfterFE date of "1486927287" will be deleted.
Snapshot "snap-0d8adf13849cffb12" with the PurgeAfterFE date of "1486927287" will be deleted.
Snapshot "snap-00780328e1d868dd3" with the PurgeAfterFE date of "1486927287" will be deleted.
Snapshot "snap-0249ae325492ef29c" with the PurgeAfterFE date of "1486927287" will be deleted.
Snapshot "snap-0c15e47fd8b9041cb" with the PurgeAfterFE date of "1486927287" will be deleted.
Snapshot "snap-055a1176a8d84e5ea" with the PurgeAfterFE date of "1486927287" will be deleted.
Snapshot "snap-0f9f570e12cb32e98" with the PurgeAfterFE date of "1486927287" will be deleted.
Snapshot "snap-028d44fc7931b7406" with the PurgeAfterFE date of "1486927287" will be deleted.
Snapshot "snap-0499831c86db70a74" with the PurgeAfterFE date of "1486927287" will be deleted.
Snapshot "snap-058415eeb2a2202ae" with the PurgeAfterFE date of "1486927287" will be deleted.
Snapshot "snap-06971c9efeef29833" with the PurgeAfterFE date of "1486927287" will be deleted.
Snapshot "snap-09a970c556dd91d8a" with the PurgeAfterFE date of "1486927287" will be deleted.
Snapshot "snap-0bbeb5c67814b3e30" with the PurgeAfterFE date of "1486927287" will be deleted.
Snapshot "snap-0390db5622b21e36b" with the PurgeAfterFE date of "1486927287" will be deleted.
Snapshot "snap-0e8273399dc50399a" with the PurgeAfterFE date of "1486927287" will be deleted.
Snapshot "snap-048c14c8d62213d83" with the PurgeAfterFE date of "1486927287" will be deleted.
Snapshot "snap-0cb52e1513dd0ccf5" with the PurgeAfterFE date of "1486927287" will be deleted.
Snapshot "snap-0ad943028af303bb9" with the PurgeAfterFE date of "1486927287" will be deleted.
Snapshot "snap-06affc4216c7d6edb" with the PurgeAfterFE date of "1486927287" will be deleted.
Snapshot "snap-069b6617836df347b" with the PurgeAfterFE date of "1486927287" will be deleted.
Snapshot "snap-00a4a3616c957aa25" with the PurgeAfterFE date of "1486927287" will be deleted.
Snapshot "snap-08c9ed287a4e137cb" with the PurgeAfterFE date of "1486927287" will be deleted.
Snapshot "snap-056101e9455390294" with the PurgeAfterFE date of "1486927287" will be deleted.
Snapshot "snap-00c0fdfa247cef135" with the PurgeAfterFE date of "1486927287" will be deleted.
Snapshot "snap-00c4525d62c6ab6bd" with the PurgeAfterFE date of "1486927287" will be deleted.
Snapshot "snap-06ae2fd51d240f241" with the PurgeAfterFE date of "1486927287" will be deleted.
Snapshot "snap-098ab2cd32968d91f" with the PurgeAfterFE date of "1486927287" will be deleted.
Snapshot "snap-04e16f817998d3826" with the PurgeAfterFE date of "1486927287" will be deleted.
Snapshot "snap-0a0a594b3af836965" with the PurgeAfterFE date of "1486927287" will be deleted.
Snapshot "snap-077235a626c2698e9" with the PurgeAfterFE date of "1486927287" will be deleted.
Snapshot "snap-0797c513056269576" with the PurgeAfterFE date of "1486927287" will be deleted.
Snapshot "snap-004eaee57f7eef0bc" with the PurgeAfterFE date of "1486927287" will be deleted.
Snapshot "snap-0539a224c1e6dfcc2" with the PurgeAfterFE date of "1486927287" will be deleted.
Snapshot "snap-07e8bfd7532889352" with the PurgeAfterFE date of "1486927287" will be deleted.
Snapshot "snap-0d1b6f1c19950b7dc" with the PurgeAfterFE date of "1486927287" will be deleted.
Snapshot "snap-05ccfff49bc78da77" with the PurgeAfterFE date of "1486927287" will be deleted.
Snapshot "snap-0e6856dd570544f9a" with the PurgeAfterFE date of "1486927287" will be deleted.
Snapshot "snap-0849b63162764fe24" with the PurgeAfterFE date of "1486927287" will be deleted.
Snapshot "snap-05691d64a13fcfb5d" with the PurgeAfterFE date of "1486927287" will be deleted.
Snapshot "snap-05ac1d5f0fda23a71" with the PurgeAfterFE date of "1486927287" will be deleted.
Snapshot "snap-0dd3221a196add12a" with the PurgeAfterFE date of "1486927287" will be deleted.
Snapshot "snap-0013fe527deabc3bd" with the PurgeAfterFE date of "1486927287" will be deleted.
Snapshot "snap-01b48d536b65b35e5" with the PurgeAfterFE date of "1486927287" will be deleted.
Snapshot "snap-0acffa054cec1a137" with the PurgeAfterFE date of "1486927287" will be deleted.
Snapshot "snap-0d9adde3b0220d626" with the PurgeAfterFE date of "1486927287" will be deleted.
Snapshot "snap-0fc830268c3998d11" with the PurgeAfterFE date of "1486927287" will be deleted.
Snapshot "snap-028581a968de096af" with the PurgeAfterFE date of "1486927287" will be deleted.
Snapshot "snap-0749c0f34b4de2a7c" with the PurgeAfterFE date of "1486927287" will be deleted.
Snapshot "snap-02817fdfa12e6b553" with the PurgeAfterFE date of "1486927287" will be deleted.
Snapshot "snap-094e66c731eb00f0e" with the PurgeAfterFE date of "1486927287" will be deleted.
Snapshot "snap-0f81354e48eeb2fec" with the PurgeAfterFE date of "1486927287" will be deleted.
Snapshot "snap-0f164b59f6c0ac4c1" with the PurgeAfterFE date of "1486927287" will be deleted.
Snapshot "snap-05c0211a9424dd944" with the PurgeAfterFE date of "1486927287" will be deleted.
Snapshot "snap-093c2db6a0465be55" with the PurgeAfterFE date of "1486927287" will be deleted.
Snapshot "snap-01e07781ffd1061f8" with the PurgeAfterFE date of "1486927287" will be deleted.
Snapshot "snap-001231e6ba1416167" with the PurgeAfterFE date of "1486927287" will be deleted.
Snapshot "snap-05ca3a2ebe0dcb19f" with the PurgeAfterFE date of "1486927287" will be deleted.
Snapshot "snap-06ce8478761c2bc67" with the PurgeAfterFE date of "1486927287" will be deleted.
Snapshot "snap-0b7327ec047b9a7bb" with the PurgeAfterFE date of "1486927287" will be deleted.
Snapshot "snap-0043148614fe26a9a" with the PurgeAfterFE date of "1486927287" will be deleted.
Snapshot "snap-04c4aaffc02310c23" with the PurgeAfterFE date of "1486927287" will be deleted.
Snapshot "snap-045ceeb28a2c3e114" with the PurgeAfterFE date of "1486927287" will be deleted.
Snapshot "snap-04fdb56a40a797e0e" with the PurgeAfterFE date of "1486927287" will be deleted.
Snapshot "snap-0f1a8e8f7c1454d7c" with the PurgeAfterFE date of "1486927287" will be deleted.
Snapshot "snap-03f0bcb7a80cb8681" with the PurgeAfterFE date of "1486927287" will be deleted.
Snapshot "snap-078f5aad42da56a4d" with the PurgeAfterFE date of "1486927287" will be deleted.
Snapshot "snap-030cd27f29b002611" with the PurgeAfterFE date of "1486927287" will be deleted.
Snapshot "snap-020d41d9c37081f9d" with the PurgeAfterFE date of "1486927287" will be deleted.
Snapshot "snap-0a1a655214ca30ba6" with the PurgeAfterFE date of "1486927287" will be deleted.
Snapshot "snap-04e4b890a458dcd9c" with the PurgeAfterFE date of "1486927287" will be deleted.
Snapshot "snap-0cd20c6ca303c5900" with the PurgeAfterFE date of "1486927287" will be deleted.
Snapshot "snap-011552c395d82d043" with the PurgeAfterFE date of "1486927287" will be deleted.
Snapshot "snap-0061ec49a7ff99a4c" with the PurgeAfterFE date of "1486927287" will be deleted.
Snapshot "snap-0aee97dcd8286904e" with the PurgeAfterFE date of "1486927287" will be deleted.
Snapshot "snap-0cc0f4a491bebee1f" with the PurgeAfterFE date of "1486927287" will be deleted.
Snapshot "snap-0f82afa97109b8954" with the PurgeAfterFE date of "1486927287" will be deleted.
Snapshot "snap-0e2068393fd237894" with the PurgeAfterFE date of "1486927287" will be deleted.
Snapshot "snap-0fe182c8cd1d17843" with the PurgeAfterFE date of "1486927287" will be deleted.
Snapshot "snap-0be863399ceb29237" with the PurgeAfterFE date of "1486927287" will be deleted.
Snapshot "snap-0f608e2c4f99ee90a" with the PurgeAfterFE date of "1486927287" will be deleted.
Snapshot "snap-0e9cf1116036aa4c5" with the PurgeAfterFE date of "1486927287" will be deleted.
Snapshot "snap-047e35675ec63417c" with the PurgeAfterFE date of "1486927287" will be deleted.
Snapshot "snap-07a78524b15780fd7" with the PurgeAfterFE date of "1486927287" will be deleted.
Snapshot "snap-0de1304b667a88eb5" with the PurgeAfterFE date of "1486927287" will be deleted.
Snapshot "snap-07d3c4db2fde60910" with the PurgeAfterFE date of "1486927287" will be deleted.
Snapshot "snap-0839a93c9505d8290" with the PurgeAfterFE date of "1486927287" will be deleted.
Snapshot "snap-0744b284df000c0a4" with the PurgeAfterFE date of "1486927287" will be deleted.
Snapshot "snap-09aefe9089acb8ec5" with the PurgeAfterFE date of "1486927287" will be deleted.
Snapshot "snap-0eb7fe3a70d07c91e" with the PurgeAfterFE date of "1486927287" will be deleted.
Snapshot "snap-09e81210babd360ac" with the PurgeAfterFE date of "1486927287" will be deleted.
Snapshot "snap-0a27a3111295c6fce" with the PurgeAfterFE date of "1486927287" will be deleted.
Snapshot "snap-027de332acfb78079" with the PurgeAfterFE date of "1486927287" will be deleted.
Snapshot "snap-0f11f0bdbf671b2ec" with the PurgeAfterFE date of "1486927287" will be deleted.
Snapshot "snap-0daf8570a8aaea913" with the PurgeAfterFE date of "1486927287" will be deleted.
Snapshot "snap-0745588839bb191ff" with the PurgeAfterFE date of "1486927287" will be deleted.
Snapshot "snap-08230ad448a501e54" with the PurgeAfterFE date of "1486927287" will be deleted.
Snapshot "snap-0c06a3fbfd60e49fb" with the PurgeAfterFE date of "1486927287" will be deleted.
Snapshot "snap-0249eb285eb78e58f" with the PurgeAfterFE date of "1486927287" will be deleted.
Snapshot "snap-02b36471326b43e3e" with the PurgeAfterFE date of "1486927287" will be deleted.
Snapshot "snap-04ab9b9c9eab18b4f" with the PurgeAfterFE date of "1486927287" will be deleted.
Snapshot "snap-0aba58133ffcc6fef" with the PurgeAfterFE date of "1486927287" will be deleted.
Snapshot "snap-01f8e1569e64091fa" with the PurgeAfterFE date of "1486927287" will be deleted.
Snapshot "snap-06aa2aa2ccb9fcc47" with the PurgeAfterFE date of "1486927287" will be deleted.
Snapshot "snap-09a78eca11110ca4e" with the PurgeAfterFE date of "1486927287" will be deleted.
Snapshot "snap-06b0e6cced9713e2a" with the PurgeAfterFE date of "1486927287" will be deleted.
Snapshot "snap-07e370c67ebbd4a80" with the PurgeAfterFE date of "1486927287" will be deleted.
Snapshot "snap-06682397d4989d3a3" with the PurgeAfterFE date of "1486927287" will be deleted.
Snapshot "snap-0609b19f4201269b5" with the PurgeAfterFE date of "1486927287" will be deleted.
Snapshot "snap-03e29198eb3f105c8" with the PurgeAfterFE date of "1486927287" will be deleted.
Snapshot "snap-0ac424ba7e3c913cf" with the PurgeAfterFE date of "1486927287" will be deleted.
Snapshot "snap-03004ede4469a088d" with the PurgeAfterFE date of "1486927287" will be deleted.
Snapshot "snap-08fd131584dca4349" with the PurgeAfterFE date of "1486927287" will be deleted.
Snapshot "snap-08f83ebff0d7383a6" with the PurgeAfterFE date of "1486927287" will be deleted.
Snapshot "snap-009a0405de37bc721" with the PurgeAfterFE date of "1486927287" will be deleted.
Snapshot "snap-03b9f839b3cc7f96d" with the PurgeAfterFE date of "1486927287" will be deleted.
Snapshot "snap-015a27558339114db" with the PurgeAfterFE date of "1486927287" will be deleted.
Snapshot "snap-0e8cd80e614a5e3a8" with the PurgeAfterFE date of "1486927287" will be deleted.
Snapshot "snap-004eadf3986f6ecdb" with the PurgeAfterFE date of "1486927287" will be deleted.
Snapshot "snap-0a738b21455dbba46" with the PurgeAfterFE date of "1486927287" will be deleted.
Snapshot "snap-0ae36acddc61995d3" with the PurgeAfterFE date of "1486927287" will be deleted.
Snapshot "snap-0efb6ceb8234b124a" with the PurgeAfterFE date of "1486927287" will be deleted.
Snapshot "snap-07891b12b7deba5ac" with the PurgeAfterFE date of "1486927287" will be deleted.
Snapshot "snap-0aeea45b30c274255" with the PurgeAfterFE date of "1486927287" will be deleted.
Snapshot "snap-05704922f9bcac593" with the PurgeAfterFE date of "1486927287" will be deleted.
Snapshot "snap-0302aa2465a157022" with the PurgeAfterFE date of "1486927287" will be deleted.
Snapshot "snap-050f24d8cf7d7262d" with the PurgeAfterFE date of "1486927287" will be deleted.
Snapshot "snap-074753c1d755de316" with the PurgeAfterFE date of "1486927287" will be deleted.
Snapshot "snap-07977e5f3fb63bb57" with the PurgeAfterFE date of "1486927287" will be deleted.
Snapshot "snap-04e781fc071bab336" with the PurgeAfterFE date of "1486927287" will be deleted.
Snapshot "snap-058276799babd5322" with the PurgeAfterFE date of "1486927287" will be deleted.
Snapshot "snap-0f4449e3b6335683c" with the PurgeAfterFE date of "1486927287" will be deleted.
Snapshot "snap-0e07938aedbaa6851" with the PurgeAfterFE date of "1486927287" will be deleted.
Snapshot "snap-04dddb1c9db180432" with the PurgeAfterFE date of "1486927287" will be deleted.
Snapshot "snap-00f19ddfb1c9ff37f" with the PurgeAfterFE date of "1486927287" will be deleted.
Snapshot "snap-06386f1ce127c04e4" with the PurgeAfterFE date of "1486927287" will be deleted.
Snapshot "snap-030e3f28d9e486cc7" with the PurgeAfterFE date of "1486927287" will be deleted.
Snapshot "snap-095fa13b9c2ff70ef" with the PurgeAfterFE date of "1486927287" will be deleted.
Snapshot "snap-09e962cd578ca5917" with the PurgeAfterFE date of "1486927287" will be deleted.
Snapshot "snap-0947156cdb36ff524" with the PurgeAfterFE date of "1486927287" will be deleted.
Snapshot "snap-07704edf1ce680922" with the PurgeAfterFE date of "1486927287" will be deleted.
Snapshot "snap-0d4fe34c4f124027c" with the PurgeAfterFE date of "1486927287" will be deleted.
Snapshot "snap-0ff2110c163d6b4c3" with the PurgeAfterFE date of "1486927287" will be deleted.
Snapshot "snap-012f5272c0f2c3880" with the PurgeAfterFE date of "1486927287" will be deleted.
Snapshot "snap-0f6efa9fe389736f0" with the PurgeAfterFE date of "1486927287" will be deleted.
Snapshot "snap-0daff2e8b7c9b60b5" with the PurgeAfterFE date of "1486927287" will be deleted.
Snapshot "snap-0cefd7883bfcfad89" with the PurgeAfterFE date of "1486927287" will be deleted.
Snapshot "snap-050aef4c2503410c4" with the PurgeAfterFE date of "1486927287" will be deleted.
Snapshot "snap-0c81eacea199b96e3" with the PurgeAfterFE date of "1486927287" will be deleted.
Snapshot "snap-0bf4675245bd33ee8" with the PurgeAfterFE date of "1486927287" will be deleted.
Snapshot "snap-0ac80dd7ff6c351b1" with the PurgeAfterFE date of "1486927287" will be deleted.
Snapshot "snap-0f736a79fcdf4f16a" with the PurgeAfterFE date of "1486927287" will be deleted.
Snapshot "snap-0c0b1ecc6f27ebaf9" with the PurgeAfterFE date of "1486927287" will be deleted.
Snapshot "snap-09cac8fa6ec76ba2e" with the PurgeAfterFE date of "1486927287" will be deleted.
Snapshot "snap-038f19a41e14e5cad" with the PurgeAfterFE date of "1486927287" will be deleted.
Snapshot "snap-0fffdd8bb8c7cddf7" with the PurgeAfterFE date of "1486927287" will be deleted.
Snapshot "snap-0098e6bf333874b81" with the PurgeAfterFE date of "1486927287" will be deleted.
