Snapshots taken by ec2-volumes-autobackup.sh will be eligible for purging after the following date (the purge after date given in seconds from epoch): 1490904912.
INSTANCE i-46b0ebfe
INSTANCE NAME: igv-ec2-im02
Tagging Snapshot snap-0573515d1933f9a30 with the following Tags: Key=CreatedBy,Value=ec2-automate-backup Key=InstanceId,Value=i-46b0ebfe Key=InstanceName,Value=igv-ec2-im02 Key=PurgeAfterFE,Value=1490904912 Key=PurgeAllow,Value=true Key=Volume,Value=vol-e7515158 Key=Created,Value=1488312912
INSTANCE i-24b0eb9c
INSTANCE NAME: igv-ec2-web02
Tagging Snapshot snap-03719a1102922caf4 with the following Tags: Key=CreatedBy,Value=ec2-automate-backup Key=InstanceId,Value=i-24b0eb9c Key=InstanceName,Value=igv-ec2-web02 Key=PurgeAfterFE,Value=1490904912 Key=PurgeAllow,Value=true Key=Volume,Value=vol-3e515181 Key=Created,Value=1488312912
INSTANCE i-24b0eb9c
INSTANCE NAME: igv-ec2-web02
Tagging Snapshot snap-065ca2b694e73180e with the following Tags: Key=CreatedBy,Value=ec2-automate-backup Key=InstanceId,Value=i-24b0eb9c Key=InstanceName,Value=igv-ec2-web02 Key=PurgeAfterFE,Value=1490904912 Key=PurgeAllow,Value=true Key=Volume,Value=vol-3d515182 Key=Created,Value=1488312912
INSTANCE i-46b0ebfe
INSTANCE NAME: igv-ec2-im02
Tagging Snapshot snap-065d48817b16457e7 with the following Tags: Key=CreatedBy,Value=ec2-automate-backup Key=InstanceId,Value=i-46b0ebfe Key=InstanceName,Value=igv-ec2-im02 Key=PurgeAfterFE,Value=1490904912 Key=PurgeAllow,Value=true Key=Volume,Value=vol-2d515192 Key=Created,Value=1488312912
INSTANCE i-2eb0eb96
INSTANCE NAME: igv-ec2-fs02
Tagging Snapshot snap-04dbfd82e88b69284 with the following Tags: Key=CreatedBy,Value=ec2-automate-backup Key=InstanceId,Value=i-2eb0eb96 Key=InstanceName,Value=igv-ec2-fs02 Key=PurgeAfterFE,Value=1490904912 Key=PurgeAllow,Value=true Key=Volume,Value=vol-2151519e Key=Created,Value=1488312912
INSTANCE i-2eb0eb96
INSTANCE NAME: igv-ec2-fs02
Tagging Snapshot snap-0f139ac1b3f58a4b5 with the following Tags: Key=CreatedBy,Value=ec2-automate-backup Key=InstanceId,Value=i-2eb0eb96 Key=InstanceName,Value=igv-ec2-fs02 Key=PurgeAfterFE,Value=1490904912 Key=PurgeAllow,Value=true Key=Volume,Value=vol-2051519f Key=Created,Value=1488312912
INSTANCE i-ecbd9b54
INSTANCE NAME: uat-igv-ec2-fs02
Tagging Snapshot snap-0cad9df5f31a9f112 with the following Tags: Key=CreatedBy,Value=ec2-automate-backup Key=InstanceId,Value=i-ecbd9b54 Key=InstanceName,Value=uat-igv-ec2-fs02 Key=PurgeAfterFE,Value=1490904912 Key=PurgeAllow,Value=true Key=Volume,Value=vol-1c0114a3 Key=Created,Value=1488312912
INSTANCE i-ecbd9b54
INSTANCE NAME: uat-igv-ec2-fs02
Tagging Snapshot snap-025d43bda4e7f7573 with the following Tags: Key=CreatedBy,Value=ec2-automate-backup Key=InstanceId,Value=i-ecbd9b54 Key=InstanceName,Value=uat-igv-ec2-fs02 Key=PurgeAfterFE,Value=1490904912 Key=PurgeAllow,Value=true Key=Volume,Value=vol-1b0114a4 Key=Created,Value=1488312912
INSTANCE i-ecbd9b54
INSTANCE NAME: uat-igv-ec2-fs02
Tagging Snapshot snap-045d8dfe71313b4fa with the following Tags: Key=CreatedBy,Value=ec2-automate-backup Key=InstanceId,Value=i-ecbd9b54 Key=InstanceName,Value=uat-igv-ec2-fs02 Key=PurgeAfterFE,Value=1490904912 Key=PurgeAllow,Value=true Key=Volume,Value=vol-070114b8 Key=Created,Value=1488312912
INSTANCE i-e599bf5d
INSTANCE NAME: uat-igv-ec2-im02
Tagging Snapshot snap-0cf6c40c0f6a3d8a6 with the following Tags: Key=CreatedBy,Value=ec2-automate-backup Key=InstanceId,Value=i-e599bf5d Key=InstanceName,Value=uat-igv-ec2-im02 Key=PurgeAfterFE,Value=1490904912 Key=PurgeAllow,Value=true Key=Volume,Value=vol-32d8cd8d Key=Created,Value=1488312912
INSTANCE i-e599bf5d
INSTANCE NAME: uat-igv-ec2-im02
Tagging Snapshot snap-0cc44a27e5b1a200e with the following Tags: Key=CreatedBy,Value=ec2-automate-backup Key=InstanceId,Value=i-e599bf5d Key=InstanceName,Value=uat-igv-ec2-im02 Key=PurgeAfterFE,Value=1490904912 Key=PurgeAllow,Value=true Key=Volume,Value=vol-99dbce26 Key=Created,Value=1488312912
INSTANCE i-e599bf5d
INSTANCE NAME: uat-igv-ec2-im02
Tagging Snapshot snap-0f31db4d31a995586 with the following Tags: Key=CreatedBy,Value=ec2-automate-backup Key=InstanceId,Value=i-e599bf5d Key=InstanceName,Value=uat-igv-ec2-im02 Key=PurgeAfterFE,Value=1490904912 Key=PurgeAllow,Value=true Key=Volume,Value=vol-87dbce38 Key=Created,Value=1488312912
INSTANCE i-46b0ebfe
INSTANCE NAME: igv-ec2-im02
Tagging Snapshot snap-01279ded7f11244ff with the following Tags: Key=CreatedBy,Value=ec2-automate-backup Key=InstanceId,Value=i-46b0ebfe Key=InstanceName,Value=igv-ec2-im02 Key=PurgeAfterFE,Value=1490904912 Key=PurgeAllow,Value=true Key=Volume,Value=vol-0d15268307606d6f0 Key=Created,Value=1488312912
INSTANCE i-2eb0eb96
INSTANCE NAME: igv-ec2-fs02
Tagging Snapshot snap-094b775c2e16f8c18 with the following Tags: Key=CreatedBy,Value=ec2-automate-backup Key=InstanceId,Value=i-2eb0eb96 Key=InstanceName,Value=igv-ec2-fs02 Key=PurgeAfterFE,Value=1490904912 Key=PurgeAllow,Value=true Key=Volume,Value=vol-0e009e505c05a452a Key=Created,Value=1488312912
INSTANCE i-24b0eb9c
INSTANCE NAME: igv-ec2-web02
Tagging Snapshot snap-006e9e7a743968ebd with the following Tags: Key=CreatedBy,Value=ec2-automate-backup Key=InstanceId,Value=i-24b0eb9c Key=InstanceName,Value=igv-ec2-web02 Key=PurgeAfterFE,Value=1490904912 Key=PurgeAllow,Value=true Key=Volume,Value=vol-0b69cceb822f7a407 Key=Created,Value=1488312912
INSTANCE i-b486a98c
INSTANCE NAME: igv-ec2-im01
Tagging Snapshot snap-0cf7fe646e6362e40 with the following Tags: Key=CreatedBy,Value=ec2-automate-backup Key=InstanceId,Value=i-b486a98c Key=InstanceName,Value=igv-ec2-im01 Key=PurgeAfterFE,Value=1490904912 Key=PurgeAllow,Value=true Key=Volume,Value=vol-64bceae1 Key=Created,Value=1488312912
INSTANCE i-b486a98c
INSTANCE NAME: igv-ec2-im01
Tagging Snapshot snap-0004fd790455554d0 with the following Tags: Key=CreatedBy,Value=ec2-automate-backup Key=InstanceId,Value=i-b486a98c Key=InstanceName,Value=igv-ec2-im01 Key=PurgeAfterFE,Value=1490904912 Key=PurgeAllow,Value=true Key=Volume,Value=vol-67bceae2 Key=Created,Value=1488312912
INSTANCE i-b287a88a
INSTANCE NAME: igv-ec2-web01
Tagging Snapshot snap-0c75f8e2d6d714218 with the following Tags: Key=CreatedBy,Value=ec2-automate-backup Key=InstanceId,Value=i-b287a88a Key=InstanceName,Value=igv-ec2-web01 Key=PurgeAfterFE,Value=1490904912 Key=PurgeAllow,Value=true Key=Volume,Value=vol-b5bdeb30 Key=Created,Value=1488312912
INSTANCE i-b287a88a
INSTANCE NAME: igv-ec2-web01
Tagging Snapshot snap-07102b8238b9e6574 with the following Tags: Key=CreatedBy,Value=ec2-automate-backup Key=InstanceId,Value=i-b287a88a Key=InstanceName,Value=igv-ec2-web01 Key=PurgeAfterFE,Value=1490904912 Key=PurgeAllow,Value=true Key=Volume,Value=vol-c7bdeb42 Key=Created,Value=1488312912
INSTANCE i-0a87a832
INSTANCE NAME: igv-ec2-fs01
Tagging Snapshot snap-0d164f7f2c544931b with the following Tags: Key=CreatedBy,Value=ec2-automate-backup Key=InstanceId,Value=i-0a87a832 Key=InstanceName,Value=igv-ec2-fs01 Key=PurgeAfterFE,Value=1490904912 Key=PurgeAllow,Value=true Key=Volume,Value=vol-30bdebb5 Key=Created,Value=1488312912
INSTANCE i-0a87a832
INSTANCE NAME: igv-ec2-fs01
Tagging Snapshot snap-0ce414bf2a78f8b2f with the following Tags: Key=CreatedBy,Value=ec2-automate-backup Key=InstanceId,Value=i-0a87a832 Key=InstanceName,Value=igv-ec2-fs01 Key=PurgeAfterFE,Value=1490904912 Key=PurgeAllow,Value=true Key=Volume,Value=vol-65bdebe0 Key=Created,Value=1488312912
INSTANCE i-e3dcf6db
INSTANCE NAME: uat-igv-ec2-web01
Tagging Snapshot snap-0e0e924524141fc79 with the following Tags: Key=CreatedBy,Value=ec2-automate-backup Key=InstanceId,Value=i-e3dcf6db Key=InstanceName,Value=uat-igv-ec2-web01 Key=PurgeAfterFE,Value=1490904912 Key=PurgeAllow,Value=true Key=Volume,Value=vol-60b0e8e5 Key=Created,Value=1488312912
INSTANCE i-e3dcf6db
INSTANCE NAME: uat-igv-ec2-web01
Tagging Snapshot snap-087603b56d548a91a with the following Tags: Key=CreatedBy,Value=ec2-automate-backup Key=InstanceId,Value=i-e3dcf6db Key=InstanceName,Value=uat-igv-ec2-web01 Key=PurgeAfterFE,Value=1490904912 Key=PurgeAllow,Value=true Key=Volume,Value=vol-73b0e8f6 Key=Created,Value=1488312912
INSTANCE i-aacec892
INSTANCE NAME: newTags
Tagging Snapshot snap-017bc580a6a4772cb with the following Tags: Key=CreatedBy,Value=ec2-automate-backup Key=InstanceId,Value=i-aacec892 Key=InstanceName,Value=newTags Key=PurgeAfterFE,Value=1490904912 Key=PurgeAllow,Value=true Key=Volume,Value=vol-10241f95 Key=Created,Value=1488312912
INSTANCE i-e3dcf6db
INSTANCE NAME: uat-igv-ec2-web01
Tagging Snapshot snap-0846f72ccde4b7693 with the following Tags: Key=CreatedBy,Value=ec2-automate-backup Key=InstanceId,Value=i-e3dcf6db Key=InstanceName,Value=uat-igv-ec2-web01 Key=PurgeAfterFE,Value=1490904912 Key=PurgeAllow,Value=true Key=Volume,Value=vol-010b6aec845fdc72e Key=Created,Value=1488312912
INSTANCE i-b486a98c
INSTANCE NAME: igv-ec2-im01
Tagging Snapshot snap-012666dc45774323c with the following Tags: Key=CreatedBy,Value=ec2-automate-backup Key=InstanceId,Value=i-b486a98c Key=InstanceName,Value=igv-ec2-im01 Key=PurgeAfterFE,Value=1490904912 Key=PurgeAllow,Value=true Key=Volume,Value=vol-039deb6f07ed7c60c Key=Created,Value=1488312912
INSTANCE i-0a87a832
INSTANCE NAME: igv-ec2-fs01
Tagging Snapshot snap-085166c9dd12ef521 with the following Tags: Key=CreatedBy,Value=ec2-automate-backup Key=InstanceId,Value=i-0a87a832 Key=InstanceName,Value=igv-ec2-fs01 Key=PurgeAfterFE,Value=1490904912 Key=PurgeAllow,Value=true Key=Volume,Value=vol-095211fa83f1b6524 Key=Created,Value=1488312912
INSTANCE i-b287a88a
INSTANCE NAME: igv-ec2-web01
Tagging Snapshot snap-0797e676c35ae4a3e with the following Tags: Key=CreatedBy,Value=ec2-automate-backup Key=InstanceId,Value=i-b287a88a Key=InstanceName,Value=igv-ec2-web01 Key=PurgeAfterFE,Value=1490904912 Key=PurgeAllow,Value=true Key=Volume,Value=vol-0cd7c487775e1e6bb Key=Created,Value=1488312912
Snapshot Purging is Starting Now.
Snapshot "snap-0811dc07ebe37e3f5" with the PurgeAfterFE date of "1488226909" will be deleted.
Snapshot "snap-0ac748deafb1b8e41" with the PurgeAfterFE date of "1488226909" will be deleted.
Snapshot "snap-022a9dfaad46ccb6f" with the PurgeAfterFE date of "1488226909" will be deleted.
Snapshot "snap-03e3805de8b78eb68" with the PurgeAfterFE date of "1488226909" will be deleted.
Snapshot "snap-05d2ef12ea7c30343" with the PurgeAfterFE date of "1488226909" will be deleted.
Snapshot "snap-0a935ab353c9a15cc" with the PurgeAfterFE date of "1488226909" will be deleted.
Snapshot "snap-0c1d9d864b4218888" with the PurgeAfterFE date of "1488226909" will be deleted.
Snapshot "snap-051cca638546be3b8" with the PurgeAfterFE date of "1488226909" will be deleted.
Snapshot "snap-0273f6af85398d432" with the PurgeAfterFE date of "1488226909" will be deleted.
Snapshot "snap-01806ad6085942713" with the PurgeAfterFE date of "1488226909" will be deleted.
Snapshot "snap-044361a2fa40bdd02" with the PurgeAfterFE date of "1488226909" will be deleted.
Snapshot "snap-0b3e514eaeb65d4ea" with the PurgeAfterFE date of "1488226909" will be deleted.
Snapshot "snap-0766fba7561733d31" with the PurgeAfterFE date of "1488226909" will be deleted.
Snapshot "snap-0c70904a3d4db0490" with the PurgeAfterFE date of "1488226909" will be deleted.
Snapshot "snap-05afbaa7a16d4596a" with the PurgeAfterFE date of "1488226909" will be deleted.
Snapshot "snap-081bab41c0622caaf" with the PurgeAfterFE date of "1488226909" will be deleted.
Snapshot "snap-0abc1dc7e2b41ce43" with the PurgeAfterFE date of "1488226909" will be deleted.
Snapshot "snap-0d00baedfdd511a52" with the PurgeAfterFE date of "1488226909" will be deleted.
Snapshot "snap-0606c47c30f22f333" with the PurgeAfterFE date of "1488226909" will be deleted.
Snapshot "snap-0a1fc15f4b8352d68" with the PurgeAfterFE date of "1488226909" will be deleted.
Snapshot "snap-0074d5067993f9cc7" with the PurgeAfterFE date of "1488226909" will be deleted.
Snapshot "snap-06a84ab619188a42a" with the PurgeAfterFE date of "1488226909" will be deleted.
Snapshot "snap-0e8a97dbcb6b5ec8c" with the PurgeAfterFE date of "1488226909" will be deleted.
Snapshot "snap-0e918c5d8605242c2" with the PurgeAfterFE date of "1488226909" will be deleted.
Snapshot "snap-0225aea0002e606ba" with the PurgeAfterFE date of "1488226909" will be deleted.
Snapshot "snap-035c3bdfbe3f31c23" with the PurgeAfterFE date of "1488226909" will be deleted.
Snapshot "snap-0e27a2661b1c1acdb" with the PurgeAfterFE date of "1488226909" will be deleted.
