Snapshots taken by ec2-volumes-autobackup.sh will be eligible for purging after the following date (the purge after date given in seconds from epoch): 1491938687.
INSTANCE i-03c8fd87e7b05fa05
INSTANCE NAME: abfinance_95569_app16
Tagging Snapshot snap-0bb03df7330c9c004 with the following Tags: Key=CreatedBy,Value=ec2-automate-backup Key=InstanceId,Value=i-03c8fd87e7b05fa05 Key=InstanceName,Value=abfinance_95569_app16 Key=PurgeAfterFE,Value=1491938687 Key=PurgeAllow,Value=true Key=Volume,Value=vol-06c1ef7480d1a0d4c Key=Created,Value=1489346687
INSTANCE i-0c2bf96cb75ee7b5c
INSTANCE NAME: abfinance_95569_app18
Tagging Snapshot snap-00771fdaa54ba49ca with the following Tags: Key=CreatedBy,Value=ec2-automate-backup Key=InstanceId,Value=i-0c2bf96cb75ee7b5c Key=InstanceName,Value=abfinance_95569_app18 Key=PurgeAfterFE,Value=1491938687 Key=PurgeAllow,Value=true Key=Volume,Value=vol-0eae86baf89ae58a6 Key=Created,Value=1489346687
INSTANCE i-0dce85c3f212a5de0
INSTANCE NAME: abfinance_95569_app12
Tagging Snapshot snap-0ab364b864d95a217 with the following Tags: Key=CreatedBy,Value=ec2-automate-backup Key=InstanceId,Value=i-0dce85c3f212a5de0 Key=InstanceName,Value=abfinance_95569_app12 Key=PurgeAfterFE,Value=1491938687 Key=PurgeAllow,Value=true Key=Volume,Value=vol-05c5ee0c944c4a763 Key=Created,Value=1489346687
INSTANCE i-0129ce0f3255429b0
INSTANCE NAME: abfinance_95569_app10
Tagging Snapshot snap-0d632728ae51406d8 with the following Tags: Key=CreatedBy,Value=ec2-automate-backup Key=InstanceId,Value=i-0129ce0f3255429b0 Key=InstanceName,Value=abfinance_95569_app10 Key=PurgeAfterFE,Value=1491938687 Key=PurgeAllow,Value=true Key=Volume,Value=vol-0ebb5f79ffc3244da Key=Created,Value=1489346687
INSTANCE i-0dce85c3f212a5de0
INSTANCE NAME: abfinance_95569_app12
Tagging Snapshot snap-08a4bebf07da72d7d with the following Tags: Key=CreatedBy,Value=ec2-automate-backup Key=InstanceId,Value=i-0dce85c3f212a5de0 Key=InstanceName,Value=abfinance_95569_app12 Key=PurgeAfterFE,Value=1491938687 Key=PurgeAllow,Value=true Key=Volume,Value=vol-0b081425c7cc17600 Key=Created,Value=1489346687
INSTANCE i-09ddd98828f970e2b
INSTANCE NAME: abfinance_95569_app14
Tagging Snapshot snap-04db3f6e8f83bc2b0 with the following Tags: Key=CreatedBy,Value=ec2-automate-backup Key=InstanceId,Value=i-09ddd98828f970e2b Key=InstanceName,Value=abfinance_95569_app14 Key=PurgeAfterFE,Value=1491938687 Key=PurgeAllow,Value=true Key=Volume,Value=vol-029381ba27db23ea5 Key=Created,Value=1489346687
INSTANCE i-0129ce0f3255429b0
INSTANCE NAME: abfinance_95569_app10
Tagging Snapshot snap-083ec5dcdc438539f with the following Tags: Key=CreatedBy,Value=ec2-automate-backup Key=InstanceId,Value=i-0129ce0f3255429b0 Key=InstanceName,Value=abfinance_95569_app10 Key=PurgeAfterFE,Value=1491938687 Key=PurgeAllow,Value=true Key=Volume,Value=vol-0258943e0b3a406a0 Key=Created,Value=1489346687
INSTANCE i-0de1db820b03e1279
INSTANCE NAME: abfinance_95569_app22
Tagging Snapshot snap-006979792f8a0cb69 with the following Tags: Key=CreatedBy,Value=ec2-automate-backup Key=InstanceId,Value=i-0de1db820b03e1279 Key=InstanceName,Value=abfinance_95569_app22 Key=PurgeAfterFE,Value=1491938687 Key=PurgeAllow,Value=true Key=Volume,Value=vol-014edcf936f6c26f4 Key=Created,Value=1489346687
INSTANCE i-09ddd98828f970e2b
INSTANCE NAME: abfinance_95569_app14
Tagging Snapshot snap-0a92d675300542ef1 with the following Tags: Key=CreatedBy,Value=ec2-automate-backup Key=InstanceId,Value=i-09ddd98828f970e2b Key=InstanceName,Value=abfinance_95569_app14 Key=PurgeAfterFE,Value=1491938687 Key=PurgeAllow,Value=true Key=Volume,Value=vol-0c815aa96dd49c83c Key=Created,Value=1489346687
INSTANCE i-03c8fd87e7b05fa05
INSTANCE NAME: abfinance_95569_app16
Tagging Snapshot snap-00815db7ce5a36f96 with the following Tags: Key=CreatedBy,Value=ec2-automate-backup Key=InstanceId,Value=i-03c8fd87e7b05fa05 Key=InstanceName,Value=abfinance_95569_app16 Key=PurgeAfterFE,Value=1491938687 Key=PurgeAllow,Value=true Key=Volume,Value=vol-0a82f25f21c70ca17 Key=Created,Value=1489346687
INSTANCE i-03ab34c05dc4f22aa
INSTANCE NAME: abfinance_95569_app24
Tagging Snapshot snap-075c91dc93d4d0d68 with the following Tags: Key=CreatedBy,Value=ec2-automate-backup Key=InstanceId,Value=i-03ab34c05dc4f22aa Key=InstanceName,Value=abfinance_95569_app24 Key=PurgeAfterFE,Value=1491938687 Key=PurgeAllow,Value=true Key=Volume,Value=vol-0119f2937c18f7e3e Key=Created,Value=1489346687
INSTANCE i-0bba368770f8bea0e
INSTANCE NAME: abfinance_95569_app28
Tagging Snapshot snap-015b395559a9d2032 with the following Tags: Key=CreatedBy,Value=ec2-automate-backup Key=InstanceId,Value=i-0bba368770f8bea0e Key=InstanceName,Value=abfinance_95569_app28 Key=PurgeAfterFE,Value=1491938687 Key=PurgeAllow,Value=true Key=Volume,Value=vol-054e16021703bc75b Key=Created,Value=1489346687
INSTANCE i-0bba368770f8bea0e
INSTANCE NAME: abfinance_95569_app28
Tagging Snapshot snap-0a49ef2997e91d5c0 with the following Tags: Key=CreatedBy,Value=ec2-automate-backup Key=InstanceId,Value=i-0bba368770f8bea0e Key=InstanceName,Value=abfinance_95569_app28 Key=PurgeAfterFE,Value=1491938687 Key=PurgeAllow,Value=true Key=Volume,Value=vol-0a9917560a4a8eb37 Key=Created,Value=1489346687
INSTANCE i-0900f2c3ece4f73ce
INSTANCE NAME: abfinance_95569_app20
Tagging Snapshot snap-05aff9c24d6d86a80 with the following Tags: Key=CreatedBy,Value=ec2-automate-backup Key=InstanceId,Value=i-0900f2c3ece4f73ce Key=InstanceName,Value=abfinance_95569_app20 Key=PurgeAfterFE,Value=1491938687 Key=PurgeAllow,Value=true Key=Volume,Value=vol-06a26fc47d6b71ffd Key=Created,Value=1489346687
INSTANCE i-0900f2c3ece4f73ce
INSTANCE NAME: abfinance_95569_app20
Tagging Snapshot snap-024e3c02d5e929660 with the following Tags: Key=CreatedBy,Value=ec2-automate-backup Key=InstanceId,Value=i-0900f2c3ece4f73ce Key=InstanceName,Value=abfinance_95569_app20 Key=PurgeAfterFE,Value=1491938687 Key=PurgeAllow,Value=true Key=Volume,Value=vol-02e3078096ec01da3 Key=Created,Value=1489346687
INSTANCE i-0de1db820b03e1279
INSTANCE NAME: abfinance_95569_app22
Tagging Snapshot snap-024192d63fbc373ad with the following Tags: Key=CreatedBy,Value=ec2-automate-backup Key=InstanceId,Value=i-0de1db820b03e1279 Key=InstanceName,Value=abfinance_95569_app22 Key=PurgeAfterFE,Value=1491938687 Key=PurgeAllow,Value=true Key=Volume,Value=vol-0d5d8a4619da19822 Key=Created,Value=1489346687
INSTANCE i-0c2bf96cb75ee7b5c
INSTANCE NAME: abfinance_95569_app18
Tagging Snapshot snap-07208032c23aec0bf with the following Tags: Key=CreatedBy,Value=ec2-automate-backup Key=InstanceId,Value=i-0c2bf96cb75ee7b5c Key=InstanceName,Value=abfinance_95569_app18 Key=PurgeAfterFE,Value=1491938687 Key=PurgeAllow,Value=true Key=Volume,Value=vol-08f0c891fcb55d86a Key=Created,Value=1489346687
INSTANCE i-09bf358be6daff2b8
INSTANCE NAME: abfinance_95569_app26
Tagging Snapshot snap-0b4b3980fafbcb162 with the following Tags: Key=CreatedBy,Value=ec2-automate-backup Key=InstanceId,Value=i-09bf358be6daff2b8 Key=InstanceName,Value=abfinance_95569_app26 Key=PurgeAfterFE,Value=1491938687 Key=PurgeAllow,Value=true Key=Volume,Value=vol-01783b38ab8d40039 Key=Created,Value=1489346687
INSTANCE i-03ab34c05dc4f22aa
INSTANCE NAME: abfinance_95569_app24
Tagging Snapshot snap-00ea88d04e61a45ef with the following Tags: Key=CreatedBy,Value=ec2-automate-backup Key=InstanceId,Value=i-03ab34c05dc4f22aa Key=InstanceName,Value=abfinance_95569_app24 Key=PurgeAfterFE,Value=1491938687 Key=PurgeAllow,Value=true Key=Volume,Value=vol-038fb96ae65962d50 Key=Created,Value=1489346687
INSTANCE i-09bf358be6daff2b8
INSTANCE NAME: abfinance_95569_app26
Tagging Snapshot snap-0d767799633cf3294 with the following Tags: Key=CreatedBy,Value=ec2-automate-backup Key=InstanceId,Value=i-09bf358be6daff2b8 Key=InstanceName,Value=abfinance_95569_app26 Key=PurgeAfterFE,Value=1491938687 Key=PurgeAllow,Value=true Key=Volume,Value=vol-04b2fa5fca10f2430 Key=Created,Value=1489346687
INSTANCE i-0274c175451fa7094
INSTANCE NAME: abfinance_95569_app08
Tagging Snapshot snap-0e6bc7246a5e3f260 with the following Tags: Key=CreatedBy,Value=ec2-automate-backup Key=InstanceId,Value=i-0274c175451fa7094 Key=InstanceName,Value=abfinance_95569_app08 Key=PurgeAfterFE,Value=1491938687 Key=PurgeAllow,Value=true Key=Volume,Value=vol-0c72a7d64241a776c Key=Created,Value=1489346687
INSTANCE i-0c1125d6758d322b7
INSTANCE NAME: abfinance_95569_app06
Tagging Snapshot snap-0b12028b345862c49 with the following Tags: Key=CreatedBy,Value=ec2-automate-backup Key=InstanceId,Value=i-0c1125d6758d322b7 Key=InstanceName,Value=abfinance_95569_app06 Key=PurgeAfterFE,Value=1491938687 Key=PurgeAllow,Value=true Key=Volume,Value=vol-091917e30fd32e67a Key=Created,Value=1489346687
INSTANCE i-0bf78d14e8b0eaf1e
INSTANCE NAME: abfinance_95569_app30
Tagging Snapshot snap-01ce3312660f75317 with the following Tags: Key=CreatedBy,Value=ec2-automate-backup Key=InstanceId,Value=i-0bf78d14e8b0eaf1e Key=InstanceName,Value=abfinance_95569_app30 Key=PurgeAfterFE,Value=1491938687 Key=PurgeAllow,Value=true Key=Volume,Value=vol-028a6f552c7c9efe4 Key=Created,Value=1489346687
INSTANCE i-0c1125d6758d322b7
INSTANCE NAME: abfinance_95569_app06
Tagging Snapshot snap-0abe26df012b40b95 with the following Tags: Key=CreatedBy,Value=ec2-automate-backup Key=InstanceId,Value=i-0c1125d6758d322b7 Key=InstanceName,Value=abfinance_95569_app06 Key=PurgeAfterFE,Value=1491938687 Key=PurgeAllow,Value=true Key=Volume,Value=vol-0ba5d36c9573518b5 Key=Created,Value=1489346687
INSTANCE i-0bf78d14e8b0eaf1e
INSTANCE NAME: abfinance_95569_app30
Tagging Snapshot snap-0f32d84f34115f2e0 with the following Tags: Key=CreatedBy,Value=ec2-automate-backup Key=InstanceId,Value=i-0bf78d14e8b0eaf1e Key=InstanceName,Value=abfinance_95569_app30 Key=PurgeAfterFE,Value=1491938687 Key=PurgeAllow,Value=true Key=Volume,Value=vol-096964d6c38daa9c9 Key=Created,Value=1489346687
INSTANCE i-0274c175451fa7094
INSTANCE NAME: abfinance_95569_app08
Tagging Snapshot snap-0c83b71882bfc2588 with the following Tags: Key=CreatedBy,Value=ec2-automate-backup Key=InstanceId,Value=i-0274c175451fa7094 Key=InstanceName,Value=abfinance_95569_app08 Key=PurgeAfterFE,Value=1491938687 Key=PurgeAllow,Value=true Key=Volume,Value=vol-09f82518fd6c90b2b Key=Created,Value=1489346687
INSTANCE i-00649ffaac78d75cb
INSTANCE NAME: abfinance_95569_qyyxapp06
Tagging Snapshot snap-078af39d5e47ad765 with the following Tags: Key=CreatedBy,Value=ec2-automate-backup Key=InstanceId,Value=i-00649ffaac78d75cb Key=InstanceName,Value=abfinance_95569_qyyxapp06 Key=PurgeAfterFE,Value=1491938687 Key=PurgeAllow,Value=true Key=Volume,Value=vol-04ad9f8946e08f89c Key=Created,Value=1489346687
INSTANCE i-00649ffaac78d75cb
INSTANCE NAME: abfinance_95569_qyyxapp06
Tagging Snapshot snap-001dee488d03e76b2 with the following Tags: Key=CreatedBy,Value=ec2-automate-backup Key=InstanceId,Value=i-00649ffaac78d75cb Key=InstanceName,Value=abfinance_95569_qyyxapp06 Key=PurgeAfterFE,Value=1491938687 Key=PurgeAllow,Value=true Key=Volume,Value=vol-0807f8fea0f547086 Key=Created,Value=1489346687
INSTANCE i-0b62ae29318f2ff8b
INSTANCE NAME: abfinance_95569_qyyxapp02
Tagging Snapshot snap-056d53d7f136edc9b with the following Tags: Key=CreatedBy,Value=ec2-automate-backup Key=InstanceId,Value=i-0b62ae29318f2ff8b Key=InstanceName,Value=abfinance_95569_qyyxapp02 Key=PurgeAfterFE,Value=1491938687 Key=PurgeAllow,Value=true Key=Volume,Value=vol-03ecd9464fd1c5d05 Key=Created,Value=1489346687
INSTANCE i-0b62ae29318f2ff8b
INSTANCE NAME: abfinance_95569_qyyxapp02
Tagging Snapshot snap-0fe98144211e7b3dd with the following Tags: Key=CreatedBy,Value=ec2-automate-backup Key=InstanceId,Value=i-0b62ae29318f2ff8b Key=InstanceName,Value=abfinance_95569_qyyxapp02 Key=PurgeAfterFE,Value=1491938687 Key=PurgeAllow,Value=true Key=Volume,Value=vol-007d93d5c3db29799 Key=Created,Value=1489346687
INSTANCE i-0792c4456f9092988
INSTANCE NAME: abfinance_95569_qyyxapp08
Tagging Snapshot snap-082e69eb61b4717e0 with the following Tags: Key=CreatedBy,Value=ec2-automate-backup Key=InstanceId,Value=i-0792c4456f9092988 Key=InstanceName,Value=abfinance_95569_qyyxapp08 Key=PurgeAfterFE,Value=1491938687 Key=PurgeAllow,Value=true Key=Volume,Value=vol-045f338712882182b Key=Created,Value=1489346687
INSTANCE i-0792c4456f9092988
INSTANCE NAME: abfinance_95569_qyyxapp08
Tagging Snapshot snap-0124fe6684369ef39 with the following Tags: Key=CreatedBy,Value=ec2-automate-backup Key=InstanceId,Value=i-0792c4456f9092988 Key=InstanceName,Value=abfinance_95569_qyyxapp08 Key=PurgeAfterFE,Value=1491938687 Key=PurgeAllow,Value=true Key=Volume,Value=vol-0489d109134a1a195 Key=Created,Value=1489346687
INSTANCE 
INSTANCE NAME: 
Tagging Snapshot snap-00da595af8bc21ef6 with the following Tags: Key=CreatedBy,Value=ec2-automate-backup Key=InstanceId,Value= Key=InstanceName,Value= Key=PurgeAfterFE,Value=1491938687 Key=PurgeAllow,Value=true Key=Volume,Value=vol-0d546115a23bd511e Key=Created,Value=1489346687
INSTANCE i-0a035c9fe74e932da
INSTANCE NAME: abfinance_top20_ubuntu_app02
Tagging Snapshot snap-0d90e6cfc3c98fb8c with the following Tags: Key=CreatedBy,Value=ec2-automate-backup Key=InstanceId,Value=i-0a035c9fe74e932da Key=InstanceName,Value=abfinance_top20_ubuntu_app02 Key=PurgeAfterFE,Value=1491938687 Key=PurgeAllow,Value=true Key=Volume,Value=vol-0b7877736c90d5018 Key=Created,Value=1489346687
INSTANCE i-0d13fdd367f941029
INSTANCE NAME: abfinance_top20_ubuntu_app04
Tagging Snapshot snap-052903e2cab0a99f6 with the following Tags: Key=CreatedBy,Value=ec2-automate-backup Key=InstanceId,Value=i-0d13fdd367f941029 Key=InstanceName,Value=abfinance_top20_ubuntu_app04 Key=PurgeAfterFE,Value=1491938687 Key=PurgeAllow,Value=true Key=Volume,Value=vol-0b1860b6a86d65c3c Key=Created,Value=1489346687
INSTANCE i-0a035c9fe74e932da
INSTANCE NAME: abfinance_top20_ubuntu_app02
Tagging Snapshot snap-0b5589285c81f631c with the following Tags: Key=CreatedBy,Value=ec2-automate-backup Key=InstanceId,Value=i-0a035c9fe74e932da Key=InstanceName,Value=abfinance_top20_ubuntu_app02 Key=PurgeAfterFE,Value=1491938687 Key=PurgeAllow,Value=true Key=Volume,Value=vol-06d971d61dc6ec5d0 Key=Created,Value=1489346687
INSTANCE i-0d13fdd367f941029
INSTANCE NAME: abfinance_top20_ubuntu_app04
Tagging Snapshot snap-0c8b9b34226e58b82 with the following Tags: Key=CreatedBy,Value=ec2-automate-backup Key=InstanceId,Value=i-0d13fdd367f941029 Key=InstanceName,Value=abfinance_top20_ubuntu_app04 Key=PurgeAfterFE,Value=1491938687 Key=PurgeAllow,Value=true Key=Volume,Value=vol-0c99c2848d6180dad Key=Created,Value=1489346687
INSTANCE i-0d13fdd367f941029
INSTANCE NAME: abfinance_top20_ubuntu_app04
Tagging Snapshot snap-065187a7b57f009d2 with the following Tags: Key=CreatedBy,Value=ec2-automate-backup Key=InstanceId,Value=i-0d13fdd367f941029 Key=InstanceName,Value=abfinance_top20_ubuntu_app04 Key=PurgeAfterFE,Value=1491938687 Key=PurgeAllow,Value=true Key=Volume,Value=vol-05552e316d7c4fca7 Key=Created,Value=1489346687
INSTANCE i-0a035c9fe74e932da
INSTANCE NAME: abfinance_top20_ubuntu_app02
Tagging Snapshot snap-039a9a7e863aa5cf1 with the following Tags: Key=CreatedBy,Value=ec2-automate-backup Key=InstanceId,Value=i-0a035c9fe74e932da Key=InstanceName,Value=abfinance_top20_ubuntu_app02 Key=PurgeAfterFE,Value=1491938687 Key=PurgeAllow,Value=true Key=Volume,Value=vol-086b4833a3e624834 Key=Created,Value=1489346687
INSTANCE i-0d13fdd367f941029
INSTANCE NAME: abfinance_top20_ubuntu_app04
Tagging Snapshot snap-058062ee3d992663e with the following Tags: Key=CreatedBy,Value=ec2-automate-backup Key=InstanceId,Value=i-0d13fdd367f941029 Key=InstanceName,Value=abfinance_top20_ubuntu_app04 Key=PurgeAfterFE,Value=1491938687 Key=PurgeAllow,Value=true Key=Volume,Value=vol-0237e004eeed33603 Key=Created,Value=1489346687
INSTANCE i-02c96aa526459387c
INSTANCE NAME: abfinance_top20_ubuntu_db02
Tagging Snapshot snap-0cda0e14a8a3d7e45 with the following Tags: Key=CreatedBy,Value=ec2-automate-backup Key=InstanceId,Value=i-02c96aa526459387c Key=InstanceName,Value=abfinance_top20_ubuntu_db02 Key=PurgeAfterFE,Value=1491938687 Key=PurgeAllow,Value=true Key=Volume,Value=vol-0adeb8ce9288cb9f0 Key=Created,Value=1489346687
INSTANCE i-02c96aa526459387c
INSTANCE NAME: abfinance_top20_ubuntu_db02
Tagging Snapshot snap-09c6686abe1fe16a2 with the following Tags: Key=CreatedBy,Value=ec2-automate-backup Key=InstanceId,Value=i-02c96aa526459387c Key=InstanceName,Value=abfinance_top20_ubuntu_db02 Key=PurgeAfterFE,Value=1491938687 Key=PurgeAllow,Value=true Key=Volume,Value=vol-0f91ffb6f9ff57fe9 Key=Created,Value=1489346687
INSTANCE i-02c96aa526459387c
INSTANCE NAME: abfinance_top20_ubuntu_db02
Tagging Snapshot snap-0967f32a646fa77be with the following Tags: Key=CreatedBy,Value=ec2-automate-backup Key=InstanceId,Value=i-02c96aa526459387c Key=InstanceName,Value=abfinance_top20_ubuntu_db02 Key=PurgeAfterFE,Value=1491938687 Key=PurgeAllow,Value=true Key=Volume,Value=vol-0e507dfbbde31e579 Key=Created,Value=1489346687
INSTANCE i-02c96aa526459387c
INSTANCE NAME: abfinance_top20_ubuntu_db02
Tagging Snapshot snap-051b89be590ba9062 with the following Tags: Key=CreatedBy,Value=ec2-automate-backup Key=InstanceId,Value=i-02c96aa526459387c Key=InstanceName,Value=abfinance_top20_ubuntu_db02 Key=PurgeAfterFE,Value=1491938687 Key=PurgeAllow,Value=true Key=Volume,Value=vol-0c9c555e321cb7fb5 Key=Created,Value=1489346687
INSTANCE i-02c96aa526459387c
INSTANCE NAME: abfinance_top20_ubuntu_db02
Tagging Snapshot snap-0a063dff13a2630c5 with the following Tags: Key=CreatedBy,Value=ec2-automate-backup Key=InstanceId,Value=i-02c96aa526459387c Key=InstanceName,Value=abfinance_top20_ubuntu_db02 Key=PurgeAfterFE,Value=1491938687 Key=PurgeAllow,Value=true Key=Volume,Value=vol-0a171db3d35833a82 Key=Created,Value=1489346687
INSTANCE i-0146762d86a3f8d50
INSTANCE NAME: abfinance_lcb_production02
Tagging Snapshot snap-0618e31430845c875 with the following Tags: Key=CreatedBy,Value=ec2-automate-backup Key=InstanceId,Value=i-0146762d86a3f8d50 Key=InstanceName,Value=abfinance_lcb_production02 Key=PurgeAfterFE,Value=1491938687 Key=PurgeAllow,Value=true Key=Volume,Value=vol-0fea562fe447a3f76 Key=Created,Value=1489346687
INSTANCE i-0146762d86a3f8d50
INSTANCE NAME: abfinance_lcb_production02
Tagging Snapshot snap-077960ddf94fdf51d with the following Tags: Key=CreatedBy,Value=ec2-automate-backup Key=InstanceId,Value=i-0146762d86a3f8d50 Key=InstanceName,Value=abfinance_lcb_production02 Key=PurgeAfterFE,Value=1491938687 Key=PurgeAllow,Value=true Key=Volume,Value=vol-0782f08cb6f6c839c Key=Created,Value=1489346687
INSTANCE i-0c9c05c95fadfa579
INSTANCE NAME: abfinance_lcb_webview02
Tagging Snapshot snap-0fe6065af7643efc0 with the following Tags: Key=CreatedBy,Value=ec2-automate-backup Key=InstanceId,Value=i-0c9c05c95fadfa579 Key=InstanceName,Value=abfinance_lcb_webview02 Key=PurgeAfterFE,Value=1491938687 Key=PurgeAllow,Value=true Key=Volume,Value=vol-093a7b55a620d4e21 Key=Created,Value=1489346687
INSTANCE i-0ddb468f7fcf6e0df
INSTANCE NAME: abfinance_lcb_sales02
Tagging Snapshot snap-047994898f325618e with the following Tags: Key=CreatedBy,Value=ec2-automate-backup Key=InstanceId,Value=i-0ddb468f7fcf6e0df Key=InstanceName,Value=abfinance_lcb_sales02 Key=PurgeAfterFE,Value=1491938687 Key=PurgeAllow,Value=true Key=Volume,Value=vol-0fad69a30ba7bce0d Key=Created,Value=1489346687
INSTANCE i-0ddb468f7fcf6e0df
INSTANCE NAME: abfinance_lcb_sales02
Tagging Snapshot snap-0686fcbf0223646ed with the following Tags: Key=CreatedBy,Value=ec2-automate-backup Key=InstanceId,Value=i-0ddb468f7fcf6e0df Key=InstanceName,Value=abfinance_lcb_sales02 Key=PurgeAfterFE,Value=1491938687 Key=PurgeAllow,Value=true Key=Volume,Value=vol-045ed94c459ff8b7f Key=Created,Value=1489346687
INSTANCE i-0b4be2bbf8b348d64
INSTANCE NAME: abfinance_lcb_webview04
Tagging Snapshot snap-02030c9e1edc112b3 with the following Tags: Key=CreatedBy,Value=ec2-automate-backup Key=InstanceId,Value=i-0b4be2bbf8b348d64 Key=InstanceName,Value=abfinance_lcb_webview04 Key=PurgeAfterFE,Value=1491938687 Key=PurgeAllow,Value=true Key=Volume,Value=vol-028cbc9a0070f9b88 Key=Created,Value=1489346687
INSTANCE i-0c9c05c95fadfa579
INSTANCE NAME: abfinance_lcb_webview02
Tagging Snapshot snap-0d6e0ebbb18dd04ed with the following Tags: Key=CreatedBy,Value=ec2-automate-backup Key=InstanceId,Value=i-0c9c05c95fadfa579 Key=InstanceName,Value=abfinance_lcb_webview02 Key=PurgeAfterFE,Value=1491938687 Key=PurgeAllow,Value=true Key=Volume,Value=vol-0c28572672b1f140b Key=Created,Value=1489346687
INSTANCE i-0b4be2bbf8b348d64
INSTANCE NAME: abfinance_lcb_webview04
Tagging Snapshot snap-0d2da7785aaf1997d with the following Tags: Key=CreatedBy,Value=ec2-automate-backup Key=InstanceId,Value=i-0b4be2bbf8b348d64 Key=InstanceName,Value=abfinance_lcb_webview04 Key=PurgeAfterFE,Value=1491938687 Key=PurgeAllow,Value=true Key=Volume,Value=vol-0f31367a3565de9bf Key=Created,Value=1489346687
INSTANCE i-014a452a01f729a81
INSTANCE NAME: abfinance_nat02
Tagging Snapshot snap-0a3808301525dc6ab with the following Tags: Key=CreatedBy,Value=ec2-automate-backup Key=InstanceId,Value=i-014a452a01f729a81 Key=InstanceName,Value=abfinance_nat02 Key=PurgeAfterFE,Value=1491938687 Key=PurgeAllow,Value=true Key=Volume,Value=vol-0122877394ee0d073 Key=Created,Value=1489346687
INSTANCE i-014a452a01f729a81
INSTANCE NAME: abfinance_nat02
Tagging Snapshot snap-07e65da4f25a657f9 with the following Tags: Key=CreatedBy,Value=ec2-automate-backup Key=InstanceId,Value=i-014a452a01f729a81 Key=InstanceName,Value=abfinance_nat02 Key=PurgeAfterFE,Value=1491938687 Key=PurgeAllow,Value=true Key=Volume,Value=vol-0eb3627979069db71 Key=Created,Value=1489346687
INSTANCE i-0ee80a69b4f45c60e
INSTANCE NAME: abfinance_waf02
Tagging Snapshot snap-0254a00497103ae65 with the following Tags: Key=CreatedBy,Value=ec2-automate-backup Key=InstanceId,Value=i-0ee80a69b4f45c60e Key=InstanceName,Value=abfinance_waf02 Key=PurgeAfterFE,Value=1491938687 Key=PurgeAllow,Value=true Key=Volume,Value=vol-042db02546c7bbc0f Key=Created,Value=1489346687
INSTANCE i-0ee80a69b4f45c60e
INSTANCE NAME: abfinance_waf02
Tagging Snapshot snap-0a6c65ccc0fceef58 with the following Tags: Key=CreatedBy,Value=ec2-automate-backup Key=InstanceId,Value=i-0ee80a69b4f45c60e Key=InstanceName,Value=abfinance_waf02 Key=PurgeAfterFE,Value=1491938687 Key=PurgeAllow,Value=true Key=Volume,Value=vol-0b023adea7ec39f41 Key=Created,Value=1489346687
INSTANCE i-0ee80a69b4f45c60e
INSTANCE NAME: abfinance_waf02
Tagging Snapshot snap-0fed1a039dbf29f71 with the following Tags: Key=CreatedBy,Value=ec2-automate-backup Key=InstanceId,Value=i-0ee80a69b4f45c60e Key=InstanceName,Value=abfinance_waf02 Key=PurgeAfterFE,Value=1491938687 Key=PurgeAllow,Value=true Key=Volume,Value=vol-02480e8655b6a38b6 Key=Created,Value=1489346687
INSTANCE i-0a035c9fe74e932da
INSTANCE NAME: abfinance_top20_ubuntu_app02
Tagging Snapshot snap-0b82e7509efc27e11 with the following Tags: Key=CreatedBy,Value=ec2-automate-backup Key=InstanceId,Value=i-0a035c9fe74e932da Key=InstanceName,Value=abfinance_top20_ubuntu_app02 Key=PurgeAfterFE,Value=1491938687 Key=PurgeAllow,Value=true Key=Volume,Value=vol-0833a0ce5b2b225bf Key=Created,Value=1489346687
INSTANCE i-0e7b41ca87688f980
INSTANCE NAME: abfinance_95569_appcl04
Tagging Snapshot snap-0f7e8c2a0875479ee with the following Tags: Key=CreatedBy,Value=ec2-automate-backup Key=InstanceId,Value=i-0e7b41ca87688f980 Key=InstanceName,Value=abfinance_95569_appcl04 Key=PurgeAfterFE,Value=1491938687 Key=PurgeAllow,Value=true Key=Volume,Value=vol-09962699c969ead77 Key=Created,Value=1489346687
INSTANCE i-00a8d0c18aa729b40
INSTANCE NAME: abfinance_95569_appcl02
Tagging Snapshot snap-09056c5f9987ef448 with the following Tags: Key=CreatedBy,Value=ec2-automate-backup Key=InstanceId,Value=i-00a8d0c18aa729b40 Key=InstanceName,Value=abfinance_95569_appcl02 Key=PurgeAfterFE,Value=1491938687 Key=PurgeAllow,Value=true Key=Volume,Value=vol-0e1b1051e7f20c3af Key=Created,Value=1489346687
INSTANCE i-04231f43893c2cbce
INSTANCE NAME: abfinance_95569_appcl06
Tagging Snapshot snap-00c32c28bbd03a037 with the following Tags: Key=CreatedBy,Value=ec2-automate-backup Key=InstanceId,Value=i-04231f43893c2cbce Key=InstanceName,Value=abfinance_95569_appcl06 Key=PurgeAfterFE,Value=1491938687 Key=PurgeAllow,Value=true Key=Volume,Value=vol-085a1ef336f7f37d6 Key=Created,Value=1489346687
INSTANCE i-0b1524c7e08ea3c00
INSTANCE NAME: abfinance_95569_appcl08
Tagging Snapshot snap-012035830653035a5 with the following Tags: Key=CreatedBy,Value=ec2-automate-backup Key=InstanceId,Value=i-0b1524c7e08ea3c00 Key=InstanceName,Value=abfinance_95569_appcl08 Key=PurgeAfterFE,Value=1491938687 Key=PurgeAllow,Value=true Key=Volume,Value=vol-0fcddf0f0e57da7e4 Key=Created,Value=1489346687
INSTANCE i-00a8d0c18aa729b40
INSTANCE NAME: abfinance_95569_appcl02
Tagging Snapshot snap-03394afcfd9084e40 with the following Tags: Key=CreatedBy,Value=ec2-automate-backup Key=InstanceId,Value=i-00a8d0c18aa729b40 Key=InstanceName,Value=abfinance_95569_appcl02 Key=PurgeAfterFE,Value=1491938687 Key=PurgeAllow,Value=true Key=Volume,Value=vol-075d9ef6aede855d6 Key=Created,Value=1489346687
INSTANCE i-04231f43893c2cbce
INSTANCE NAME: abfinance_95569_appcl06
Tagging Snapshot snap-0d77e9b628e9f068d with the following Tags: Key=CreatedBy,Value=ec2-automate-backup Key=InstanceId,Value=i-04231f43893c2cbce Key=InstanceName,Value=abfinance_95569_appcl06 Key=PurgeAfterFE,Value=1491938687 Key=PurgeAllow,Value=true Key=Volume,Value=vol-0ccee881fd83794ed Key=Created,Value=1489346687
INSTANCE i-0b1524c7e08ea3c00
INSTANCE NAME: abfinance_95569_appcl08
Tagging Snapshot snap-0b6a3a10fbb63c856 with the following Tags: Key=CreatedBy,Value=ec2-automate-backup Key=InstanceId,Value=i-0b1524c7e08ea3c00 Key=InstanceName,Value=abfinance_95569_appcl08 Key=PurgeAfterFE,Value=1491938687 Key=PurgeAllow,Value=true Key=Volume,Value=vol-093abd967cc7d7974 Key=Created,Value=1489346687
INSTANCE i-0e7b41ca87688f980
INSTANCE NAME: abfinance_95569_appcl04
Tagging Snapshot snap-062aefb15e08ba82f with the following Tags: Key=CreatedBy,Value=ec2-automate-backup Key=InstanceId,Value=i-0e7b41ca87688f980 Key=InstanceName,Value=abfinance_95569_appcl04 Key=PurgeAfterFE,Value=1491938687 Key=PurgeAllow,Value=true Key=Volume,Value=vol-0e39f2b3cde217b99 Key=Created,Value=1489346687
INSTANCE i-07a3a15c9f6feeb46
INSTANCE NAME: test_abfinance_nat02
Tagging Snapshot snap-00d27668a228183b0 with the following Tags: Key=CreatedBy,Value=ec2-automate-backup Key=InstanceId,Value=i-07a3a15c9f6feeb46 Key=InstanceName,Value=test_abfinance_nat02 Key=PurgeAfterFE,Value=1491938687 Key=PurgeAllow,Value=true Key=Volume,Value=vol-01ab7d41e5b31850a Key=Created,Value=1489346687
INSTANCE i-07a3a15c9f6feeb46
INSTANCE NAME: test_abfinance_nat02
Tagging Snapshot snap-03d48aaf501367cbc with the following Tags: Key=CreatedBy,Value=ec2-automate-backup Key=InstanceId,Value=i-07a3a15c9f6feeb46 Key=InstanceName,Value=test_abfinance_nat02 Key=PurgeAfterFE,Value=1491938687 Key=PurgeAllow,Value=true Key=Volume,Value=vol-0d82762847b8c1626 Key=Created,Value=1489346687
INSTANCE i-0961c1eaf8cb6e3e2
INSTANCE NAME: abfinance_top20_ubuntu_app07
Tagging Snapshot snap-0ce0b3fe2c24a35b6 with the following Tags: Key=CreatedBy,Value=ec2-automate-backup Key=InstanceId,Value=i-0961c1eaf8cb6e3e2 Key=InstanceName,Value=abfinance_top20_ubuntu_app07 Key=PurgeAfterFE,Value=1491938687 Key=PurgeAllow,Value=true Key=Volume,Value=vol-01c97cbcabbffd2f6 Key=Created,Value=1489346687
INSTANCE i-08622f22307f9b3dc
INSTANCE NAME: abfinance_top20_ubuntu_app08
Tagging Snapshot snap-0473c3ad7f48e06e8 with the following Tags: Key=CreatedBy,Value=ec2-automate-backup Key=InstanceId,Value=i-08622f22307f9b3dc Key=InstanceName,Value=abfinance_top20_ubuntu_app08 Key=PurgeAfterFE,Value=1491938687 Key=PurgeAllow,Value=true Key=Volume,Value=vol-0007abc804d169613 Key=Created,Value=1489346687
INSTANCE i-0961c1eaf8cb6e3e2
INSTANCE NAME: abfinance_top20_ubuntu_app07
Tagging Snapshot snap-052fa01c9bf7d43f1 with the following Tags: Key=CreatedBy,Value=ec2-automate-backup Key=InstanceId,Value=i-0961c1eaf8cb6e3e2 Key=InstanceName,Value=abfinance_top20_ubuntu_app07 Key=PurgeAfterFE,Value=1491938687 Key=PurgeAllow,Value=true Key=Volume,Value=vol-0b0833a63623e27fd Key=Created,Value=1489346687
INSTANCE i-0961c1eaf8cb6e3e2
INSTANCE NAME: abfinance_top20_ubuntu_app07
Tagging Snapshot snap-0f763b8ce66f95423 with the following Tags: Key=CreatedBy,Value=ec2-automate-backup Key=InstanceId,Value=i-0961c1eaf8cb6e3e2 Key=InstanceName,Value=abfinance_top20_ubuntu_app07 Key=PurgeAfterFE,Value=1491938687 Key=PurgeAllow,Value=true Key=Volume,Value=vol-034ac121f027aee3d Key=Created,Value=1489346687
INSTANCE i-047407af8e70e5586
INSTANCE NAME: abfinance_top20_ubuntu_app09
Tagging Snapshot snap-0ac62a86f76fb8697 with the following Tags: Key=CreatedBy,Value=ec2-automate-backup Key=InstanceId,Value=i-047407af8e70e5586 Key=InstanceName,Value=abfinance_top20_ubuntu_app09 Key=PurgeAfterFE,Value=1491938687 Key=PurgeAllow,Value=true Key=Volume,Value=vol-020dc1f08a4d59a28 Key=Created,Value=1489346687
INSTANCE i-047407af8e70e5586
INSTANCE NAME: abfinance_top20_ubuntu_app09
Tagging Snapshot snap-0cb9544b012929b54 with the following Tags: Key=CreatedBy,Value=ec2-automate-backup Key=InstanceId,Value=i-047407af8e70e5586 Key=InstanceName,Value=abfinance_top20_ubuntu_app09 Key=PurgeAfterFE,Value=1491938687 Key=PurgeAllow,Value=true Key=Volume,Value=vol-0661fcbcb7fca8736 Key=Created,Value=1489346687
INSTANCE i-08622f22307f9b3dc
INSTANCE NAME: abfinance_top20_ubuntu_app08
Tagging Snapshot snap-03d6d0f231bb01b3c with the following Tags: Key=CreatedBy,Value=ec2-automate-backup Key=InstanceId,Value=i-08622f22307f9b3dc Key=InstanceName,Value=abfinance_top20_ubuntu_app08 Key=PurgeAfterFE,Value=1491938687 Key=PurgeAllow,Value=true Key=Volume,Value=vol-0e2d6cd9d5d987918 Key=Created,Value=1489346687
INSTANCE i-047407af8e70e5586
INSTANCE NAME: abfinance_top20_ubuntu_app09
Tagging Snapshot snap-0131ddf88a93fc8f0 with the following Tags: Key=CreatedBy,Value=ec2-automate-backup Key=InstanceId,Value=i-047407af8e70e5586 Key=InstanceName,Value=abfinance_top20_ubuntu_app09 Key=PurgeAfterFE,Value=1491938687 Key=PurgeAllow,Value=true Key=Volume,Value=vol-034bf0cd673d73b04 Key=Created,Value=1489346687
INSTANCE i-0961c1eaf8cb6e3e2
INSTANCE NAME: abfinance_top20_ubuntu_app07
Tagging Snapshot snap-038c51b813a679567 with the following Tags: Key=CreatedBy,Value=ec2-automate-backup Key=InstanceId,Value=i-0961c1eaf8cb6e3e2 Key=InstanceName,Value=abfinance_top20_ubuntu_app07 Key=PurgeAfterFE,Value=1491938687 Key=PurgeAllow,Value=true Key=Volume,Value=vol-014f16614cd6e4f09 Key=Created,Value=1489346687
INSTANCE i-08622f22307f9b3dc
INSTANCE NAME: abfinance_top20_ubuntu_app08
Tagging Snapshot snap-06a3eaacc8cbf9d24 with the following Tags: Key=CreatedBy,Value=ec2-automate-backup Key=InstanceId,Value=i-08622f22307f9b3dc Key=InstanceName,Value=abfinance_top20_ubuntu_app08 Key=PurgeAfterFE,Value=1491938687 Key=PurgeAllow,Value=true Key=Volume,Value=vol-0e98d92b5a271e0c1 Key=Created,Value=1489346687
INSTANCE i-047407af8e70e5586
INSTANCE NAME: abfinance_top20_ubuntu_app09
Tagging Snapshot snap-0e8d07bd10a371574 with the following Tags: Key=CreatedBy,Value=ec2-automate-backup Key=InstanceId,Value=i-047407af8e70e5586 Key=InstanceName,Value=abfinance_top20_ubuntu_app09 Key=PurgeAfterFE,Value=1491938687 Key=PurgeAllow,Value=true Key=Volume,Value=vol-0fdd1c6ac89f46341 Key=Created,Value=1489346687
INSTANCE i-08622f22307f9b3dc
INSTANCE NAME: abfinance_top20_ubuntu_app08
Tagging Snapshot snap-0380b017e27d0cfd0 with the following Tags: Key=CreatedBy,Value=ec2-automate-backup Key=InstanceId,Value=i-08622f22307f9b3dc Key=InstanceName,Value=abfinance_top20_ubuntu_app08 Key=PurgeAfterFE,Value=1491938687 Key=PurgeAllow,Value=true Key=Volume,Value=vol-09bb75d16f9d1bb61 Key=Created,Value=1489346687
INSTANCE i-0ec3141f7a8500cb7
INSTANCE NAME: abfinance_95569_app09
Tagging Snapshot snap-073de46996014f8bd with the following Tags: Key=CreatedBy,Value=ec2-automate-backup Key=InstanceId,Value=i-0ec3141f7a8500cb7 Key=InstanceName,Value=abfinance_95569_app09 Key=PurgeAfterFE,Value=1491938687 Key=PurgeAllow,Value=true Key=Volume,Value=vol-081196262722f4f10 Key=Created,Value=1489346687
INSTANCE i-03b57928616a8d119
INSTANCE NAME: abfinance_95569_app11
Tagging Snapshot snap-073fc93d61241e78d with the following Tags: Key=CreatedBy,Value=ec2-automate-backup Key=InstanceId,Value=i-03b57928616a8d119 Key=InstanceName,Value=abfinance_95569_app11 Key=PurgeAfterFE,Value=1491938687 Key=PurgeAllow,Value=true Key=Volume,Value=vol-00a4d8cc657fd095f Key=Created,Value=1489346687
INSTANCE i-09c114c3c67ac2768
INSTANCE NAME: abfinance_95569_app15
Tagging Snapshot snap-0a3615c12562054b2 with the following Tags: Key=CreatedBy,Value=ec2-automate-backup Key=InstanceId,Value=i-09c114c3c67ac2768 Key=InstanceName,Value=abfinance_95569_app15 Key=PurgeAfterFE,Value=1491938687 Key=PurgeAllow,Value=true Key=Volume,Value=vol-0dc2b205ff3e0db9f Key=Created,Value=1489346687
INSTANCE i-09c114c3c67ac2768
INSTANCE NAME: abfinance_95569_app15
Tagging Snapshot snap-0d358eae4fddc5acb with the following Tags: Key=CreatedBy,Value=ec2-automate-backup Key=InstanceId,Value=i-09c114c3c67ac2768 Key=InstanceName,Value=abfinance_95569_app15 Key=PurgeAfterFE,Value=1491938687 Key=PurgeAllow,Value=true Key=Volume,Value=vol-0603570eb189be1e3 Key=Created,Value=1489346687
INSTANCE i-0ec3141f7a8500cb7
INSTANCE NAME: abfinance_95569_app09
Tagging Snapshot snap-0c3b25af3bd3ba054 with the following Tags: Key=CreatedBy,Value=ec2-automate-backup Key=InstanceId,Value=i-0ec3141f7a8500cb7 Key=InstanceName,Value=abfinance_95569_app09 Key=PurgeAfterFE,Value=1491938687 Key=PurgeAllow,Value=true Key=Volume,Value=vol-033dfab10affed3a2 Key=Created,Value=1489346687
INSTANCE i-0a5f15688eacd2e3e
INSTANCE NAME: abfinance_95569_app13
Tagging Snapshot snap-00c9dc635590d600e with the following Tags: Key=CreatedBy,Value=ec2-automate-backup Key=InstanceId,Value=i-0a5f15688eacd2e3e Key=InstanceName,Value=abfinance_95569_app13 Key=PurgeAfterFE,Value=1491938687 Key=PurgeAllow,Value=true Key=Volume,Value=vol-02298d3eaf4ba7281 Key=Created,Value=1489346687
INSTANCE i-0a5f15688eacd2e3e
INSTANCE NAME: abfinance_95569_app13
Tagging Snapshot snap-08917aa28b5df91ff with the following Tags: Key=CreatedBy,Value=ec2-automate-backup Key=InstanceId,Value=i-0a5f15688eacd2e3e Key=InstanceName,Value=abfinance_95569_app13 Key=PurgeAfterFE,Value=1491938687 Key=PurgeAllow,Value=true Key=Volume,Value=vol-0785e6333055e6365 Key=Created,Value=1489346687
INSTANCE i-0f0c674e5b6788a2c
INSTANCE NAME: abfinance_95569_app19
Tagging Snapshot snap-08a1d684f5caeb236 with the following Tags: Key=CreatedBy,Value=ec2-automate-backup Key=InstanceId,Value=i-0f0c674e5b6788a2c Key=InstanceName,Value=abfinance_95569_app19 Key=PurgeAfterFE,Value=1491938687 Key=PurgeAllow,Value=true Key=Volume,Value=vol-06b68df3e57d2e58d Key=Created,Value=1489346687
INSTANCE i-0f0c674e5b6788a2c
INSTANCE NAME: abfinance_95569_app19
Tagging Snapshot snap-0396acfc5fe58742d with the following Tags: Key=CreatedBy,Value=ec2-automate-backup Key=InstanceId,Value=i-0f0c674e5b6788a2c Key=InstanceName,Value=abfinance_95569_app19 Key=PurgeAfterFE,Value=1491938687 Key=PurgeAllow,Value=true Key=Volume,Value=vol-0851a9c76d4ea078c Key=Created,Value=1489346687
INSTANCE i-0a411a0ef749f4cf1
INSTANCE NAME: abfinance_95569_app21
Tagging Snapshot snap-0854c1f7864e36349 with the following Tags: Key=CreatedBy,Value=ec2-automate-backup Key=InstanceId,Value=i-0a411a0ef749f4cf1 Key=InstanceName,Value=abfinance_95569_app21 Key=PurgeAfterFE,Value=1491938687 Key=PurgeAllow,Value=true Key=Volume,Value=vol-0c3d605f9052074d8 Key=Created,Value=1489346687
INSTANCE i-0a411a0ef749f4cf1
INSTANCE NAME: abfinance_95569_app21
Tagging Snapshot snap-04632750b764a8f02 with the following Tags: Key=CreatedBy,Value=ec2-automate-backup Key=InstanceId,Value=i-0a411a0ef749f4cf1 Key=InstanceName,Value=abfinance_95569_app21 Key=PurgeAfterFE,Value=1491938687 Key=PurgeAllow,Value=true Key=Volume,Value=vol-0310bf0152a386a1f Key=Created,Value=1489346687
INSTANCE i-0d5e1e43bf386d202
INSTANCE NAME: abfinance_95569_app23
Tagging Snapshot snap-09657459e12f54aa6 with the following Tags: Key=CreatedBy,Value=ec2-automate-backup Key=InstanceId,Value=i-0d5e1e43bf386d202 Key=InstanceName,Value=abfinance_95569_app23 Key=PurgeAfterFE,Value=1491938687 Key=PurgeAllow,Value=true Key=Volume,Value=vol-0f81b4a366156ec4e Key=Created,Value=1489346687
INSTANCE i-0d5e1e43bf386d202
INSTANCE NAME: abfinance_95569_app23
Tagging Snapshot snap-09b3d6d0d1cbcf607 with the following Tags: Key=CreatedBy,Value=ec2-automate-backup Key=InstanceId,Value=i-0d5e1e43bf386d202 Key=InstanceName,Value=abfinance_95569_app23 Key=PurgeAfterFE,Value=1491938687 Key=PurgeAllow,Value=true Key=Volume,Value=vol-0111d7f26ad53c4cb Key=Created,Value=1489346687
INSTANCE i-0eb8007a14e67dab2
INSTANCE NAME: abfinance_95569_app27
Tagging Snapshot snap-033409b48e9cb4f86 with the following Tags: Key=CreatedBy,Value=ec2-automate-backup Key=InstanceId,Value=i-0eb8007a14e67dab2 Key=InstanceName,Value=abfinance_95569_app27 Key=PurgeAfterFE,Value=1491938687 Key=PurgeAllow,Value=true Key=Volume,Value=vol-03525070f4c814961 Key=Created,Value=1489346687
INSTANCE i-07edbc122c6a6ac80
INSTANCE NAME: abfinance_95569_app17
Tagging Snapshot snap-08e7e8dedb26bb17a with the following Tags: Key=CreatedBy,Value=ec2-automate-backup Key=InstanceId,Value=i-07edbc122c6a6ac80 Key=InstanceName,Value=abfinance_95569_app17 Key=PurgeAfterFE,Value=1491938687 Key=PurgeAllow,Value=true Key=Volume,Value=vol-04e6264745822f286 Key=Created,Value=1489346687
INSTANCE i-03b57928616a8d119
INSTANCE NAME: abfinance_95569_app11
Tagging Snapshot snap-0db33fca1711c3219 with the following Tags: Key=CreatedBy,Value=ec2-automate-backup Key=InstanceId,Value=i-03b57928616a8d119 Key=InstanceName,Value=abfinance_95569_app11 Key=PurgeAfterFE,Value=1491938687 Key=PurgeAllow,Value=true Key=Volume,Value=vol-004d8faa59c222aa5 Key=Created,Value=1489346687
INSTANCE i-07edbc122c6a6ac80
INSTANCE NAME: abfinance_95569_app17
Tagging Snapshot snap-0d4bffa8b825782b6 with the following Tags: Key=CreatedBy,Value=ec2-automate-backup Key=InstanceId,Value=i-07edbc122c6a6ac80 Key=InstanceName,Value=abfinance_95569_app17 Key=PurgeAfterFE,Value=1491938687 Key=PurgeAllow,Value=true Key=Volume,Value=vol-01b2522c2d2534299 Key=Created,Value=1489346687
INSTANCE i-07728f7b5bfbf498e
INSTANCE NAME: abfinance_95569_app25
Tagging Snapshot snap-0ad85ceac44407bbf with the following Tags: Key=CreatedBy,Value=ec2-automate-backup Key=InstanceId,Value=i-07728f7b5bfbf498e Key=InstanceName,Value=abfinance_95569_app25 Key=PurgeAfterFE,Value=1491938687 Key=PurgeAllow,Value=true Key=Volume,Value=vol-04b5c2f0495b27c68 Key=Created,Value=1489346687
INSTANCE i-0eb8007a14e67dab2
INSTANCE NAME: abfinance_95569_app27
Tagging Snapshot snap-0850e502a8e62f557 with the following Tags: Key=CreatedBy,Value=ec2-automate-backup Key=InstanceId,Value=i-0eb8007a14e67dab2 Key=InstanceName,Value=abfinance_95569_app27 Key=PurgeAfterFE,Value=1491938687 Key=PurgeAllow,Value=true Key=Volume,Value=vol-0dcf38ce3ae3a060a Key=Created,Value=1489346687
INSTANCE i-07728f7b5bfbf498e
INSTANCE NAME: abfinance_95569_app25
Tagging Snapshot snap-034fd7c0af416d1af with the following Tags: Key=CreatedBy,Value=ec2-automate-backup Key=InstanceId,Value=i-07728f7b5bfbf498e Key=InstanceName,Value=abfinance_95569_app25 Key=PurgeAfterFE,Value=1491938687 Key=PurgeAllow,Value=true Key=Volume,Value=vol-0200a88c02cfb804d Key=Created,Value=1489346687
INSTANCE i-0257be16b51727274
INSTANCE NAME: abfinance_95569_app01
Tagging Snapshot snap-0968d2fe278408647 with the following Tags: Key=CreatedBy,Value=ec2-automate-backup Key=InstanceId,Value=i-0257be16b51727274 Key=InstanceName,Value=abfinance_95569_app01 Key=PurgeAfterFE,Value=1491938687 Key=PurgeAllow,Value=true Key=Volume,Value=vol-09653c9b7d7cc8b5a Key=Created,Value=1489346687
INSTANCE i-00737f9ceeaad86d1
INSTANCE NAME: abfinance_95569_app03
Tagging Snapshot snap-0ddf23f94da01394c with the following Tags: Key=CreatedBy,Value=ec2-automate-backup Key=InstanceId,Value=i-00737f9ceeaad86d1 Key=InstanceName,Value=abfinance_95569_app03 Key=PurgeAfterFE,Value=1491938687 Key=PurgeAllow,Value=true Key=Volume,Value=vol-0d4af25a0758d6113 Key=Created,Value=1489346687
INSTANCE i-00737f9ceeaad86d1
INSTANCE NAME: abfinance_95569_app03
Tagging Snapshot snap-03cea7076746732f9 with the following Tags: Key=CreatedBy,Value=ec2-automate-backup Key=InstanceId,Value=i-00737f9ceeaad86d1 Key=InstanceName,Value=abfinance_95569_app03 Key=PurgeAfterFE,Value=1491938687 Key=PurgeAllow,Value=true Key=Volume,Value=vol-08c55b678a9fff5df Key=Created,Value=1489346687
INSTANCE i-0723ff9b3e8e40be7
INSTANCE NAME: abfinance_95569_app37
Tagging Snapshot snap-0a23b7c27b5a4984c with the following Tags: Key=CreatedBy,Value=ec2-automate-backup Key=InstanceId,Value=i-0723ff9b3e8e40be7 Key=InstanceName,Value=abfinance_95569_app37 Key=PurgeAfterFE,Value=1491938687 Key=PurgeAllow,Value=true Key=Volume,Value=vol-0281762adebc253ea Key=Created,Value=1489346687
INSTANCE i-0257be16b51727274
INSTANCE NAME: abfinance_95569_app01
Tagging Snapshot snap-01d5d8319b04c1a9b with the following Tags: Key=CreatedBy,Value=ec2-automate-backup Key=InstanceId,Value=i-0257be16b51727274 Key=InstanceName,Value=abfinance_95569_app01 Key=PurgeAfterFE,Value=1491938687 Key=PurgeAllow,Value=true Key=Volume,Value=vol-0d8e0588b2630dc6f Key=Created,Value=1489346687
INSTANCE i-0723ff9b3e8e40be7
INSTANCE NAME: abfinance_95569_app37
Tagging Snapshot snap-0dc686fec50456088 with the following Tags: Key=CreatedBy,Value=ec2-automate-backup Key=InstanceId,Value=i-0723ff9b3e8e40be7 Key=InstanceName,Value=abfinance_95569_app37 Key=PurgeAfterFE,Value=1491938687 Key=PurgeAllow,Value=true Key=Volume,Value=vol-0b7b3d56950413d9b Key=Created,Value=1489346687
INSTANCE i-0f705ab54239a1f52
INSTANCE NAME: abfinance_95569_qyyxapp05
Tagging Snapshot snap-0361f01c142af69a1 with the following Tags: Key=CreatedBy,Value=ec2-automate-backup Key=InstanceId,Value=i-0f705ab54239a1f52 Key=InstanceName,Value=abfinance_95569_qyyxapp05 Key=PurgeAfterFE,Value=1491938687 Key=PurgeAllow,Value=true Key=Volume,Value=vol-09d6b1837b615adf0 Key=Created,Value=1489346687
INSTANCE i-04a60b0759f7eb2ac
INSTANCE NAME: abfinance_95569_qyyxapp01
Tagging Snapshot snap-06c0f9f28b0919886 with the following Tags: Key=CreatedBy,Value=ec2-automate-backup Key=InstanceId,Value=i-04a60b0759f7eb2ac Key=InstanceName,Value=abfinance_95569_qyyxapp01 Key=PurgeAfterFE,Value=1491938687 Key=PurgeAllow,Value=true Key=Volume,Value=vol-0ab00cc4b064066fb Key=Created,Value=1489346687
INSTANCE i-0f705ab54239a1f52
INSTANCE NAME: abfinance_95569_qyyxapp05
Tagging Snapshot snap-010b127e05eace7c7 with the following Tags: Key=CreatedBy,Value=ec2-automate-backup Key=InstanceId,Value=i-0f705ab54239a1f52 Key=InstanceName,Value=abfinance_95569_qyyxapp05 Key=PurgeAfterFE,Value=1491938687 Key=PurgeAllow,Value=true Key=Volume,Value=vol-0b8edb31bd17a1ded Key=Created,Value=1489346687
INSTANCE i-04a60b0759f7eb2ac
INSTANCE NAME: abfinance_95569_qyyxapp01
Tagging Snapshot snap-0b20f3bcd89a604a4 with the following Tags: Key=CreatedBy,Value=ec2-automate-backup Key=InstanceId,Value=i-04a60b0759f7eb2ac Key=InstanceName,Value=abfinance_95569_qyyxapp01 Key=PurgeAfterFE,Value=1491938687 Key=PurgeAllow,Value=true Key=Volume,Value=vol-0966ecafbcd12b336 Key=Created,Value=1489346687
INSTANCE i-00a83f954cf74b49c
INSTANCE NAME: abfinance_top20_ubuntu_db01
Tagging Snapshot snap-0b31c53947be1274d with the following Tags: Key=CreatedBy,Value=ec2-automate-backup Key=InstanceId,Value=i-00a83f954cf74b49c Key=InstanceName,Value=abfinance_top20_ubuntu_db01 Key=PurgeAfterFE,Value=1491938687 Key=PurgeAllow,Value=true Key=Volume,Value=vol-00650e414cf107b17 Key=Created,Value=1489346687
INSTANCE i-0c216734d128c6375
INSTANCE NAME: abfinance_top20_ubuntu_app03
Tagging Snapshot snap-05b2486a38b535a42 with the following Tags: Key=CreatedBy,Value=ec2-automate-backup Key=InstanceId,Value=i-0c216734d128c6375 Key=InstanceName,Value=abfinance_top20_ubuntu_app03 Key=PurgeAfterFE,Value=1491938687 Key=PurgeAllow,Value=true Key=Volume,Value=vol-0f763f4259c95c9b5 Key=Created,Value=1489346687
INSTANCE i-0c216734d128c6375
INSTANCE NAME: abfinance_top20_ubuntu_app03
Tagging Snapshot snap-0ae74fabeba2ad8aa with the following Tags: Key=CreatedBy,Value=ec2-automate-backup Key=InstanceId,Value=i-0c216734d128c6375 Key=InstanceName,Value=abfinance_top20_ubuntu_app03 Key=PurgeAfterFE,Value=1491938687 Key=PurgeAllow,Value=true Key=Volume,Value=vol-0cd52f41e2b7d8e0a Key=Created,Value=1489346687
INSTANCE i-00a83f954cf74b49c
INSTANCE NAME: abfinance_top20_ubuntu_db01
Tagging Snapshot snap-0f97f136598ed82e1 with the following Tags: Key=CreatedBy,Value=ec2-automate-backup Key=InstanceId,Value=i-00a83f954cf74b49c Key=InstanceName,Value=abfinance_top20_ubuntu_db01 Key=PurgeAfterFE,Value=1491938687 Key=PurgeAllow,Value=true Key=Volume,Value=vol-02af501b13bf54b0e Key=Created,Value=1489346687
INSTANCE i-00a83f954cf74b49c
INSTANCE NAME: abfinance_top20_ubuntu_db01
Tagging Snapshot snap-0f7119c6bf4423ead with the following Tags: Key=CreatedBy,Value=ec2-automate-backup Key=InstanceId,Value=i-00a83f954cf74b49c Key=InstanceName,Value=abfinance_top20_ubuntu_db01 Key=PurgeAfterFE,Value=1491938687 Key=PurgeAllow,Value=true Key=Volume,Value=vol-0bee7854c001f0356 Key=Created,Value=1489346687
INSTANCE i-0c216734d128c6375
INSTANCE NAME: abfinance_top20_ubuntu_app03
Tagging Snapshot snap-0e7b4070de88c8a20 with the following Tags: Key=CreatedBy,Value=ec2-automate-backup Key=InstanceId,Value=i-0c216734d128c6375 Key=InstanceName,Value=abfinance_top20_ubuntu_app03 Key=PurgeAfterFE,Value=1491938687 Key=PurgeAllow,Value=true Key=Volume,Value=vol-0cc56bc37e58a69f8 Key=Created,Value=1489346687
INSTANCE i-0c216734d128c6375
INSTANCE NAME: abfinance_top20_ubuntu_app03
Tagging Snapshot snap-0324c6ab006fce22f with the following Tags: Key=CreatedBy,Value=ec2-automate-backup Key=InstanceId,Value=i-0c216734d128c6375 Key=InstanceName,Value=abfinance_top20_ubuntu_app03 Key=PurgeAfterFE,Value=1491938687 Key=PurgeAllow,Value=true Key=Volume,Value=vol-07fdebcf5a0e444be Key=Created,Value=1489346687
INSTANCE i-00a83f954cf74b49c
INSTANCE NAME: abfinance_top20_ubuntu_db01
Tagging Snapshot snap-0d13dab4b4fe65ae0 with the following Tags: Key=CreatedBy,Value=ec2-automate-backup Key=InstanceId,Value=i-00a83f954cf74b49c Key=InstanceName,Value=abfinance_top20_ubuntu_db01 Key=PurgeAfterFE,Value=1491938687 Key=PurgeAllow,Value=true Key=Volume,Value=vol-0689fe07556ce52b6 Key=Created,Value=1489346687
INSTANCE i-00a83f954cf74b49c
INSTANCE NAME: abfinance_top20_ubuntu_db01
Tagging Snapshot snap-04013fab1e9779dd9 with the following Tags: Key=CreatedBy,Value=ec2-automate-backup Key=InstanceId,Value=i-00a83f954cf74b49c Key=InstanceName,Value=abfinance_top20_ubuntu_db01 Key=PurgeAfterFE,Value=1491938687 Key=PurgeAllow,Value=true Key=Volume,Value=vol-06d9a2487a760806c Key=Created,Value=1489346687
INSTANCE i-084540b57e4187648
INSTANCE NAME: abfinance_fileshare01
Tagging Snapshot snap-0c8d81da0f3d1f399 with the following Tags: Key=CreatedBy,Value=ec2-automate-backup Key=InstanceId,Value=i-084540b57e4187648 Key=InstanceName,Value=abfinance_fileshare01 Key=PurgeAfterFE,Value=1491938687 Key=PurgeAllow,Value=true Key=Volume,Value=vol-0fabf5c1d62646d8a Key=Created,Value=1489346687
INSTANCE i-084540b57e4187648
INSTANCE NAME: abfinance_fileshare01
Tagging Snapshot snap-0d85cb666bd472a43 with the following Tags: Key=CreatedBy,Value=ec2-automate-backup Key=InstanceId,Value=i-084540b57e4187648 Key=InstanceName,Value=abfinance_fileshare01 Key=PurgeAfterFE,Value=1491938687 Key=PurgeAllow,Value=true Key=Volume,Value=vol-03e0f7adfeb97a6d9 Key=Created,Value=1489346687
INSTANCE i-009d3dba5cea1a5fd
INSTANCE NAME: abfinance_lcb_admin01
Tagging Snapshot snap-07ddd40917c8ff1bf with the following Tags: Key=CreatedBy,Value=ec2-automate-backup Key=InstanceId,Value=i-009d3dba5cea1a5fd Key=InstanceName,Value=abfinance_lcb_admin01 Key=PurgeAfterFE,Value=1491938687 Key=PurgeAllow,Value=true Key=Volume,Value=vol-08e53cbca7fc7d50f Key=Created,Value=1489346687
INSTANCE i-009d3dba5cea1a5fd
INSTANCE NAME: abfinance_lcb_admin01
Tagging Snapshot snap-092b66ddbd9b72d04 with the following Tags: Key=CreatedBy,Value=ec2-automate-backup Key=InstanceId,Value=i-009d3dba5cea1a5fd Key=InstanceName,Value=abfinance_lcb_admin01 Key=PurgeAfterFE,Value=1491938687 Key=PurgeAllow,Value=true Key=Volume,Value=vol-070270ceedb98dca2 Key=Created,Value=1489346687
INSTANCE i-0c692d9224afa0bfa
INSTANCE NAME: abfinance_lcb_production01
Tagging Snapshot snap-01279ab9d8259eff6 with the following Tags: Key=CreatedBy,Value=ec2-automate-backup Key=InstanceId,Value=i-0c692d9224afa0bfa Key=InstanceName,Value=abfinance_lcb_production01 Key=PurgeAfterFE,Value=1491938687 Key=PurgeAllow,Value=true Key=Volume,Value=vol-03b3d8c0e1cadf8c1 Key=Created,Value=1489346687
INSTANCE i-0e36e12e65d6b4a4e
INSTANCE NAME: abfinance_lcb_sales01
Tagging Snapshot snap-0065733424b5510a9 with the following Tags: Key=CreatedBy,Value=ec2-automate-backup Key=InstanceId,Value=i-0e36e12e65d6b4a4e Key=InstanceName,Value=abfinance_lcb_sales01 Key=PurgeAfterFE,Value=1491938687 Key=PurgeAllow,Value=true Key=Volume,Value=vol-08e5740f9ae393ab6 Key=Created,Value=1489346687
INSTANCE i-0c692d9224afa0bfa
INSTANCE NAME: abfinance_lcb_production01
Tagging Snapshot snap-01e6ad1f499dc81ad with the following Tags: Key=CreatedBy,Value=ec2-automate-backup Key=InstanceId,Value=i-0c692d9224afa0bfa Key=InstanceName,Value=abfinance_lcb_production01 Key=PurgeAfterFE,Value=1491938687 Key=PurgeAllow,Value=true Key=Volume,Value=vol-0734128d6832a8b05 Key=Created,Value=1489346687
INSTANCE i-09c2eabe897e928a7
INSTANCE NAME: abfinance_lcb_webview01
Tagging Snapshot snap-04bb0623407024564 with the following Tags: Key=CreatedBy,Value=ec2-automate-backup Key=InstanceId,Value=i-09c2eabe897e928a7 Key=InstanceName,Value=abfinance_lcb_webview01 Key=PurgeAfterFE,Value=1491938687 Key=PurgeAllow,Value=true Key=Volume,Value=vol-08656f7f1440aa14a Key=Created,Value=1489346687
INSTANCE i-09c2eabe897e928a7
INSTANCE NAME: abfinance_lcb_webview01
Tagging Snapshot snap-0e96e2a5375b72e8d with the following Tags: Key=CreatedBy,Value=ec2-automate-backup Key=InstanceId,Value=i-09c2eabe897e928a7 Key=InstanceName,Value=abfinance_lcb_webview01 Key=PurgeAfterFE,Value=1491938687 Key=PurgeAllow,Value=true Key=Volume,Value=vol-0aa81463a2ad03c7a Key=Created,Value=1489346687
INSTANCE i-0518c045d2be93427
INSTANCE NAME: abfinance_nat01
Tagging Snapshot snap-0dd22d619fb81cffb with the following Tags: Key=CreatedBy,Value=ec2-automate-backup Key=InstanceId,Value=i-0518c045d2be93427 Key=InstanceName,Value=abfinance_nat01 Key=PurgeAfterFE,Value=1491938687 Key=PurgeAllow,Value=true Key=Volume,Value=vol-0d9130bb61c0d4c56 Key=Created,Value=1489346687
INSTANCE i-0e36e12e65d6b4a4e
INSTANCE NAME: abfinance_lcb_sales01
Tagging Snapshot snap-08319fb860a624b3b with the following Tags: Key=CreatedBy,Value=ec2-automate-backup Key=InstanceId,Value=i-0e36e12e65d6b4a4e Key=InstanceName,Value=abfinance_lcb_sales01 Key=PurgeAfterFE,Value=1491938687 Key=PurgeAllow,Value=true Key=Volume,Value=vol-023127c32f4b64e52 Key=Created,Value=1489346687
INSTANCE i-0518c045d2be93427
INSTANCE NAME: abfinance_nat01
Tagging Snapshot snap-0eb8b6161687c74fb with the following Tags: Key=CreatedBy,Value=ec2-automate-backup Key=InstanceId,Value=i-0518c045d2be93427 Key=InstanceName,Value=abfinance_nat01 Key=PurgeAfterFE,Value=1491938687 Key=PurgeAllow,Value=true Key=Volume,Value=vol-0528c98fb329dffea Key=Created,Value=1489346687
INSTANCE i-038656cd0a5878996
INSTANCE NAME: abfinance_lcb_webview03
Tagging Snapshot snap-04c82b83b627f0c56 with the following Tags: Key=CreatedBy,Value=ec2-automate-backup Key=InstanceId,Value=i-038656cd0a5878996 Key=InstanceName,Value=abfinance_lcb_webview03 Key=PurgeAfterFE,Value=1491938687 Key=PurgeAllow,Value=true Key=Volume,Value=vol-029a78effd0af4174 Key=Created,Value=1489346687
INSTANCE i-038656cd0a5878996
INSTANCE NAME: abfinance_lcb_webview03
Tagging Snapshot snap-01457fa6a32b09585 with the following Tags: Key=CreatedBy,Value=ec2-automate-backup Key=InstanceId,Value=i-038656cd0a5878996 Key=InstanceName,Value=abfinance_lcb_webview03 Key=PurgeAfterFE,Value=1491938687 Key=PurgeAllow,Value=true Key=Volume,Value=vol-0f119584d4b9ada06 Key=Created,Value=1489346687
INSTANCE i-071c0e09746a7cab2
INSTANCE NAME: abfinance_top20_ubuntu_app01
Tagging Snapshot snap-0422bbb51f92d029f with the following Tags: Key=CreatedBy,Value=ec2-automate-backup Key=InstanceId,Value=i-071c0e09746a7cab2 Key=InstanceName,Value=abfinance_top20_ubuntu_app01 Key=PurgeAfterFE,Value=1491938687 Key=PurgeAllow,Value=true Key=Volume,Value=vol-028c8b322e5479cf7 Key=Created,Value=1489346687
INSTANCE i-071c0e09746a7cab2
INSTANCE NAME: abfinance_top20_ubuntu_app01
Tagging Snapshot snap-059eaa863def1a6b9 with the following Tags: Key=CreatedBy,Value=ec2-automate-backup Key=InstanceId,Value=i-071c0e09746a7cab2 Key=InstanceName,Value=abfinance_top20_ubuntu_app01 Key=PurgeAfterFE,Value=1491938687 Key=PurgeAllow,Value=true Key=Volume,Value=vol-07635e1c11c362ee7 Key=Created,Value=1489346687
INSTANCE i-071c0e09746a7cab2
INSTANCE NAME: abfinance_top20_ubuntu_app01
Tagging Snapshot snap-0ecce725a7387ea29 with the following Tags: Key=CreatedBy,Value=ec2-automate-backup Key=InstanceId,Value=i-071c0e09746a7cab2 Key=InstanceName,Value=abfinance_top20_ubuntu_app01 Key=PurgeAfterFE,Value=1491938687 Key=PurgeAllow,Value=true Key=Volume,Value=vol-04f6f153979ec4e04 Key=Created,Value=1489346687
INSTANCE i-071c0e09746a7cab2
INSTANCE NAME: abfinance_top20_ubuntu_app01
Tagging Snapshot snap-0b6e5381aa956fe8e with the following Tags: Key=CreatedBy,Value=ec2-automate-backup Key=InstanceId,Value=i-071c0e09746a7cab2 Key=InstanceName,Value=abfinance_top20_ubuntu_app01 Key=PurgeAfterFE,Value=1491938687 Key=PurgeAllow,Value=true Key=Volume,Value=vol-05313c753118b3f0e Key=Created,Value=1489346687
INSTANCE i-04301c43465272923
INSTANCE NAME: abfinance_top20_ubuntu_app05
Tagging Snapshot snap-04b77fc128e26272e with the following Tags: Key=CreatedBy,Value=ec2-automate-backup Key=InstanceId,Value=i-04301c43465272923 Key=InstanceName,Value=abfinance_top20_ubuntu_app05 Key=PurgeAfterFE,Value=1491938687 Key=PurgeAllow,Value=true Key=Volume,Value=vol-042ff0cf25d5159f1 Key=Created,Value=1489346687
INSTANCE i-04301c43465272923
INSTANCE NAME: abfinance_top20_ubuntu_app05
Tagging Snapshot snap-0f4f41a41c577a205 with the following Tags: Key=CreatedBy,Value=ec2-automate-backup Key=InstanceId,Value=i-04301c43465272923 Key=InstanceName,Value=abfinance_top20_ubuntu_app05 Key=PurgeAfterFE,Value=1491938687 Key=PurgeAllow,Value=true Key=Volume,Value=vol-000debe3735b701da Key=Created,Value=1489346687
INSTANCE i-04301c43465272923
INSTANCE NAME: abfinance_top20_ubuntu_app05
Tagging Snapshot snap-0c5b50101b44a4fdc with the following Tags: Key=CreatedBy,Value=ec2-automate-backup Key=InstanceId,Value=i-04301c43465272923 Key=InstanceName,Value=abfinance_top20_ubuntu_app05 Key=PurgeAfterFE,Value=1491938687 Key=PurgeAllow,Value=true Key=Volume,Value=vol-01bc3463f6ddd3d8d Key=Created,Value=1489346687
INSTANCE i-04301c43465272923
INSTANCE NAME: abfinance_top20_ubuntu_app05
Tagging Snapshot snap-0ad099c93de9b49b5 with the following Tags: Key=CreatedBy,Value=ec2-automate-backup Key=InstanceId,Value=i-04301c43465272923 Key=InstanceName,Value=abfinance_top20_ubuntu_app05 Key=PurgeAfterFE,Value=1491938687 Key=PurgeAllow,Value=true Key=Volume,Value=vol-0ce01a4e917347781 Key=Created,Value=1489346687
INSTANCE i-061100ef3944cdc9f
INSTANCE NAME: abfinance_waf01
Tagging Snapshot snap-05d1fc8eec50af2ab with the following Tags: Key=CreatedBy,Value=ec2-automate-backup Key=InstanceId,Value=i-061100ef3944cdc9f Key=InstanceName,Value=abfinance_waf01 Key=PurgeAfterFE,Value=1491938687 Key=PurgeAllow,Value=true Key=Volume,Value=vol-047bd2af9ad7b8607 Key=Created,Value=1489346687
INSTANCE i-061100ef3944cdc9f
INSTANCE NAME: abfinance_waf01
Tagging Snapshot snap-027c3ff7a5f56cd58 with the following Tags: Key=CreatedBy,Value=ec2-automate-backup Key=InstanceId,Value=i-061100ef3944cdc9f Key=InstanceName,Value=abfinance_waf01 Key=PurgeAfterFE,Value=1491938687 Key=PurgeAllow,Value=true Key=Volume,Value=vol-033f40c6a90487e43 Key=Created,Value=1489346687
INSTANCE i-061100ef3944cdc9f
INSTANCE NAME: abfinance_waf01
Tagging Snapshot snap-09df18362aa81dc4b with the following Tags: Key=CreatedBy,Value=ec2-automate-backup Key=InstanceId,Value=i-061100ef3944cdc9f Key=InstanceName,Value=abfinance_waf01 Key=PurgeAfterFE,Value=1491938687 Key=PurgeAllow,Value=true Key=Volume,Value=vol-0e7a9cd48468a007e Key=Created,Value=1489346687
INSTANCE i-05bce44dc8bdd25cc
INSTANCE NAME: test_abfinance_top20_ubuntu_web
Tagging Snapshot snap-0ebd6b4e4a3e72b7a with the following Tags: Key=CreatedBy,Value=ec2-automate-backup Key=InstanceId,Value=i-05bce44dc8bdd25cc Key=InstanceName,Value=test_abfinance_top20_ubuntu_web Key=PurgeAfterFE,Value=1491938687 Key=PurgeAllow,Value=true Key=Volume,Value=vol-0bb8640ab9584a3b6 Key=Created,Value=1489346687
INSTANCE i-05bce44dc8bdd25cc
INSTANCE NAME: test_abfinance_top20_ubuntu_web
Tagging Snapshot snap-05fc64e67330a8d36 with the following Tags: Key=CreatedBy,Value=ec2-automate-backup Key=InstanceId,Value=i-05bce44dc8bdd25cc Key=InstanceName,Value=test_abfinance_top20_ubuntu_web Key=PurgeAfterFE,Value=1491938687 Key=PurgeAllow,Value=true Key=Volume,Value=vol-01e180d6472981af9 Key=Created,Value=1489346687
INSTANCE i-068562c066d5fe7a2
INSTANCE NAME: test_abfinance_top20_ubuntu_das
Tagging Snapshot snap-0e55f6653db4471a7 with the following Tags: Key=CreatedBy,Value=ec2-automate-backup Key=InstanceId,Value=i-068562c066d5fe7a2 Key=InstanceName,Value=test_abfinance_top20_ubuntu_das Key=PurgeAfterFE,Value=1491938687 Key=PurgeAllow,Value=true Key=Volume,Value=vol-018ff67469c8f095c Key=Created,Value=1489346687
INSTANCE i-05bce44dc8bdd25cc
INSTANCE NAME: test_abfinance_top20_ubuntu_web
Tagging Snapshot snap-040584732b992214c with the following Tags: Key=CreatedBy,Value=ec2-automate-backup Key=InstanceId,Value=i-05bce44dc8bdd25cc Key=InstanceName,Value=test_abfinance_top20_ubuntu_web Key=PurgeAfterFE,Value=1491938687 Key=PurgeAllow,Value=true Key=Volume,Value=vol-03689106d82cd6e4a Key=Created,Value=1489346687
INSTANCE i-068562c066d5fe7a2
INSTANCE NAME: test_abfinance_top20_ubuntu_das
Tagging Snapshot snap-088294e5bcde4950a with the following Tags: Key=CreatedBy,Value=ec2-automate-backup Key=InstanceId,Value=i-068562c066d5fe7a2 Key=InstanceName,Value=test_abfinance_top20_ubuntu_das Key=PurgeAfterFE,Value=1491938687 Key=PurgeAllow,Value=true Key=Volume,Value=vol-0474fb56e6b14a15b Key=Created,Value=1489346687
INSTANCE i-05bce44dc8bdd25cc
INSTANCE NAME: test_abfinance_top20_ubuntu_web
Tagging Snapshot snap-0ebd0d7d1356de36a with the following Tags: Key=CreatedBy,Value=ec2-automate-backup Key=InstanceId,Value=i-05bce44dc8bdd25cc Key=InstanceName,Value=test_abfinance_top20_ubuntu_web Key=PurgeAfterFE,Value=1491938687 Key=PurgeAllow,Value=true Key=Volume,Value=vol-0187f4ef773ed4690 Key=Created,Value=1489346687
INSTANCE i-068562c066d5fe7a2
INSTANCE NAME: test_abfinance_top20_ubuntu_das
Tagging Snapshot snap-0bb4d36f4535634ec with the following Tags: Key=CreatedBy,Value=ec2-automate-backup Key=InstanceId,Value=i-068562c066d5fe7a2 Key=InstanceName,Value=test_abfinance_top20_ubuntu_das Key=PurgeAfterFE,Value=1491938687 Key=PurgeAllow,Value=true Key=Volume,Value=vol-0d148878cb016398c Key=Created,Value=1489346687
INSTANCE i-068562c066d5fe7a2
INSTANCE NAME: test_abfinance_top20_ubuntu_das
Tagging Snapshot snap-0b1f94ed9bcf30290 with the following Tags: Key=CreatedBy,Value=ec2-automate-backup Key=InstanceId,Value=i-068562c066d5fe7a2 Key=InstanceName,Value=test_abfinance_top20_ubuntu_das Key=PurgeAfterFE,Value=1491938687 Key=PurgeAllow,Value=true Key=Volume,Value=vol-01bb9e2f8003e968f Key=Created,Value=1489346687
INSTANCE i-052f4f04423466953
INSTANCE NAME: test_abfinance_top20_ubuntu_db
Tagging Snapshot snap-05584bd3589ab8108 with the following Tags: Key=CreatedBy,Value=ec2-automate-backup Key=InstanceId,Value=i-052f4f04423466953 Key=InstanceName,Value=test_abfinance_top20_ubuntu_db Key=PurgeAfterFE,Value=1491938687 Key=PurgeAllow,Value=true Key=Volume,Value=vol-0fc43ef9b5183590f Key=Created,Value=1489346687
INSTANCE i-052f4f04423466953
INSTANCE NAME: test_abfinance_top20_ubuntu_db
Tagging Snapshot snap-0c8192bfa96ac4c5e with the following Tags: Key=CreatedBy,Value=ec2-automate-backup Key=InstanceId,Value=i-052f4f04423466953 Key=InstanceName,Value=test_abfinance_top20_ubuntu_db Key=PurgeAfterFE,Value=1491938687 Key=PurgeAllow,Value=true Key=Volume,Value=vol-0d39b74222598de3c Key=Created,Value=1489346687
INSTANCE i-052f4f04423466953
INSTANCE NAME: test_abfinance_top20_ubuntu_db
Tagging Snapshot snap-0e068c2296a5d3bc4 with the following Tags: Key=CreatedBy,Value=ec2-automate-backup Key=InstanceId,Value=i-052f4f04423466953 Key=InstanceName,Value=test_abfinance_top20_ubuntu_db Key=PurgeAfterFE,Value=1491938687 Key=PurgeAllow,Value=true Key=Volume,Value=vol-0a1924f6a042870d5 Key=Created,Value=1489346687
INSTANCE i-052f4f04423466953
INSTANCE NAME: test_abfinance_top20_ubuntu_db
Tagging Snapshot snap-03c254b6098dd7d2c with the following Tags: Key=CreatedBy,Value=ec2-automate-backup Key=InstanceId,Value=i-052f4f04423466953 Key=InstanceName,Value=test_abfinance_top20_ubuntu_db Key=PurgeAfterFE,Value=1491938687 Key=PurgeAllow,Value=true Key=Volume,Value=vol-08566fbfa4fcc7349 Key=Created,Value=1489346687
INSTANCE i-052f4f04423466953
INSTANCE NAME: test_abfinance_top20_ubuntu_db
Tagging Snapshot snap-050384f54d2fe3086 with the following Tags: Key=CreatedBy,Value=ec2-automate-backup Key=InstanceId,Value=i-052f4f04423466953 Key=InstanceName,Value=test_abfinance_top20_ubuntu_db Key=PurgeAfterFE,Value=1491938687 Key=PurgeAllow,Value=true Key=Volume,Value=vol-0ed624d81990c5924 Key=Created,Value=1489346687
INSTANCE i-0427fb4302ef61cc6
INSTANCE NAME: abfinance_95569_appcl01
Tagging Snapshot snap-0e4993a693b7bd0f9 with the following Tags: Key=CreatedBy,Value=ec2-automate-backup Key=InstanceId,Value=i-0427fb4302ef61cc6 Key=InstanceName,Value=abfinance_95569_appcl01 Key=PurgeAfterFE,Value=1491938687 Key=PurgeAllow,Value=true Key=Volume,Value=vol-0434458d095cc7274 Key=Created,Value=1489346687
INSTANCE i-0fbdac98d95d47127
INSTANCE NAME: abfinance_95569_appcl07
Tagging Snapshot snap-0f2a1e8bb1bb32dfa with the following Tags: Key=CreatedBy,Value=ec2-automate-backup Key=InstanceId,Value=i-0fbdac98d95d47127 Key=InstanceName,Value=abfinance_95569_appcl07 Key=PurgeAfterFE,Value=1491938687 Key=PurgeAllow,Value=true Key=Volume,Value=vol-03ee68939b4e18403 Key=Created,Value=1489346687
INSTANCE i-0443041937edbecb9
INSTANCE NAME: abfinance_95569_appcl05
Tagging Snapshot snap-0e4dfe26db8518b3f with the following Tags: Key=CreatedBy,Value=ec2-automate-backup Key=InstanceId,Value=i-0443041937edbecb9 Key=InstanceName,Value=abfinance_95569_appcl05 Key=PurgeAfterFE,Value=1491938687 Key=PurgeAllow,Value=true Key=Volume,Value=vol-0eb061e9f27329a2d Key=Created,Value=1489346687
INSTANCE i-0504ecba1c44228d3
INSTANCE NAME: abfinance_95569_appcl03
Tagging Snapshot snap-0c950f5027f1b1aa3 with the following Tags: Key=CreatedBy,Value=ec2-automate-backup Key=InstanceId,Value=i-0504ecba1c44228d3 Key=InstanceName,Value=abfinance_95569_appcl03 Key=PurgeAfterFE,Value=1491938687 Key=PurgeAllow,Value=true Key=Volume,Value=vol-094ce86db46d5c688 Key=Created,Value=1489346687
INSTANCE i-0fbdac98d95d47127
INSTANCE NAME: abfinance_95569_appcl07
Tagging Snapshot snap-0143bb9aa6d4eae10 with the following Tags: Key=CreatedBy,Value=ec2-automate-backup Key=InstanceId,Value=i-0fbdac98d95d47127 Key=InstanceName,Value=abfinance_95569_appcl07 Key=PurgeAfterFE,Value=1491938687 Key=PurgeAllow,Value=true Key=Volume,Value=vol-060d483c541d15da8 Key=Created,Value=1489346687
INSTANCE i-0427fb4302ef61cc6
INSTANCE NAME: abfinance_95569_appcl01
Tagging Snapshot snap-0e3ffd0b97aa89c7a with the following Tags: Key=CreatedBy,Value=ec2-automate-backup Key=InstanceId,Value=i-0427fb4302ef61cc6 Key=InstanceName,Value=abfinance_95569_appcl01 Key=PurgeAfterFE,Value=1491938687 Key=PurgeAllow,Value=true Key=Volume,Value=vol-0caeb5a4b5a37c88f Key=Created,Value=1489346687
INSTANCE i-0504ecba1c44228d3
INSTANCE NAME: abfinance_95569_appcl03
Tagging Snapshot snap-0281131c4e631411a with the following Tags: Key=CreatedBy,Value=ec2-automate-backup Key=InstanceId,Value=i-0504ecba1c44228d3 Key=InstanceName,Value=abfinance_95569_appcl03 Key=PurgeAfterFE,Value=1491938687 Key=PurgeAllow,Value=true Key=Volume,Value=vol-0c1c9cf2c598d2aae Key=Created,Value=1489346687
INSTANCE i-0443041937edbecb9
INSTANCE NAME: abfinance_95569_appcl05
Tagging Snapshot snap-023b736ee82a6bdc0 with the following Tags: Key=CreatedBy,Value=ec2-automate-backup Key=InstanceId,Value=i-0443041937edbecb9 Key=InstanceName,Value=abfinance_95569_appcl05 Key=PurgeAfterFE,Value=1491938687 Key=PurgeAllow,Value=true Key=Volume,Value=vol-07d059a80d8fdeea1 Key=Created,Value=1489346687
INSTANCE i-0a023139f2506e638
INSTANCE NAME: test_abfinance_nat01
Tagging Snapshot snap-0d6325f8e2a3b9700 with the following Tags: Key=CreatedBy,Value=ec2-automate-backup Key=InstanceId,Value=i-0a023139f2506e638 Key=InstanceName,Value=test_abfinance_nat01 Key=PurgeAfterFE,Value=1491938687 Key=PurgeAllow,Value=true Key=Volume,Value=vol-01bd9498cae18b125 Key=Created,Value=1489346687
INSTANCE i-0a023139f2506e638
INSTANCE NAME: test_abfinance_nat01
Tagging Snapshot snap-06594bb735512c4b7 with the following Tags: Key=CreatedBy,Value=ec2-automate-backup Key=InstanceId,Value=i-0a023139f2506e638 Key=InstanceName,Value=test_abfinance_nat01 Key=PurgeAfterFE,Value=1491938687 Key=PurgeAllow,Value=true Key=Volume,Value=vol-06289d0b8cdcfbd04 Key=Created,Value=1489346687
INSTANCE i-065acbe8bac578721
INSTANCE NAME: abfinance_top20_ubuntu_app06
Tagging Snapshot snap-08ba93515abc857c6 with the following Tags: Key=CreatedBy,Value=ec2-automate-backup Key=InstanceId,Value=i-065acbe8bac578721 Key=InstanceName,Value=abfinance_top20_ubuntu_app06 Key=PurgeAfterFE,Value=1491938687 Key=PurgeAllow,Value=true Key=Volume,Value=vol-0ed17d3b2c9b50cf7 Key=Created,Value=1489346687
INSTANCE i-065acbe8bac578721
INSTANCE NAME: abfinance_top20_ubuntu_app06
Tagging Snapshot snap-01e78516ee0059a0e with the following Tags: Key=CreatedBy,Value=ec2-automate-backup Key=InstanceId,Value=i-065acbe8bac578721 Key=InstanceName,Value=abfinance_top20_ubuntu_app06 Key=PurgeAfterFE,Value=1491938687 Key=PurgeAllow,Value=true Key=Volume,Value=vol-0e0ddbafb27c663dd Key=Created,Value=1489346687
INSTANCE i-065acbe8bac578721
INSTANCE NAME: abfinance_top20_ubuntu_app06
Tagging Snapshot snap-0d364bba8bdc7c536 with the following Tags: Key=CreatedBy,Value=ec2-automate-backup Key=InstanceId,Value=i-065acbe8bac578721 Key=InstanceName,Value=abfinance_top20_ubuntu_app06 Key=PurgeAfterFE,Value=1491938687 Key=PurgeAllow,Value=true Key=Volume,Value=vol-03e7706d44e6a1831 Key=Created,Value=1489346687
INSTANCE i-065acbe8bac578721
INSTANCE NAME: abfinance_top20_ubuntu_app06
Tagging Snapshot snap-07cdc0d43c2d3f313 with the following Tags: Key=CreatedBy,Value=ec2-automate-backup Key=InstanceId,Value=i-065acbe8bac578721 Key=InstanceName,Value=abfinance_top20_ubuntu_app06 Key=PurgeAfterFE,Value=1491938687 Key=PurgeAllow,Value=true Key=Volume,Value=vol-0e405f4dddd4b2122 Key=Created,Value=1489346687
Snapshot Purging is Starting Now.
Snapshot "snap-00b0458eb67e9b0bd" with the PurgeAfterFE date of "1489260512" will be deleted.
Snapshot "snap-0f447e4910e7fa1d7" with the PurgeAfterFE date of "1489260512" will be deleted.
Snapshot "snap-09bbd752e0fc9981a" with the PurgeAfterFE date of "1489260512" will be deleted.
Snapshot "snap-0b88a3c495d2a30fe" with the PurgeAfterFE date of "1489260512" will be deleted.
Snapshot "snap-08b6625838bf20c5f" with the PurgeAfterFE date of "1489260512" will be deleted.
Snapshot "snap-0542c01e6bc148ffb" with the PurgeAfterFE date of "1489260512" will be deleted.
Snapshot "snap-0775dbc49195aca7e" with the PurgeAfterFE date of "1489260512" will be deleted.
Snapshot "snap-0b0cacd9fc9c3777a" with the PurgeAfterFE date of "1489260512" will be deleted.
Snapshot "snap-04d5b56695100653c" with the PurgeAfterFE date of "1489260512" will be deleted.
Snapshot "snap-0833d7f93c8509d6d" with the PurgeAfterFE date of "1489260512" will be deleted.
Snapshot "snap-05f570f8593798f78" with the PurgeAfterFE date of "1489260512" will be deleted.
Snapshot "snap-0538e9874d6aa704a" with the PurgeAfterFE date of "1489260512" will be deleted.
Snapshot "snap-0c72e46eec9297875" with the PurgeAfterFE date of "1489260512" will be deleted.
Snapshot "snap-0a5ee82bb82e13086" with the PurgeAfterFE date of "1489260512" will be deleted.
Snapshot "snap-054b60197794158e9" with the PurgeAfterFE date of "1489260512" will be deleted.
Snapshot "snap-04636615fe6bfe2fb" with the PurgeAfterFE date of "1489260512" will be deleted.
Snapshot "snap-0efa429d68c36f705" with the PurgeAfterFE date of "1489260512" will be deleted.
Snapshot "snap-0aa8176f674c231a4" with the PurgeAfterFE date of "1489260512" will be deleted.
Snapshot "snap-0807796895119b563" with the PurgeAfterFE date of "1489260512" will be deleted.
Snapshot "snap-0103803bc8cf3f873" with the PurgeAfterFE date of "1489260512" will be deleted.
Snapshot "snap-02541edabbe5b4326" with the PurgeAfterFE date of "1489260512" will be deleted.
Snapshot "snap-098dca74b5f281e1b" with the PurgeAfterFE date of "1489260512" will be deleted.
Snapshot "snap-0cebc34862065c1a1" with the PurgeAfterFE date of "1489260512" will be deleted.
Snapshot "snap-09c92b4879b41b6b1" with the PurgeAfterFE date of "1489260512" will be deleted.
Snapshot "snap-040fb50bbde8e0572" with the PurgeAfterFE date of "1489260512" will be deleted.
Snapshot "snap-0c432bb0903bdc0ab" with the PurgeAfterFE date of "1489260512" will be deleted.
Snapshot "snap-064a4082b3db9d4ea" with the PurgeAfterFE date of "1489260512" will be deleted.
Snapshot "snap-0c801a9bd66ef3b34" with the PurgeAfterFE date of "1489260512" will be deleted.
Snapshot "snap-08eb42a2e8a964ea6" with the PurgeAfterFE date of "1489260512" will be deleted.
Snapshot "snap-01f307f6fdd0c01f8" with the PurgeAfterFE date of "1489260512" will be deleted.
Snapshot "snap-0413c373ad3b33c64" with the PurgeAfterFE date of "1489260512" will be deleted.
Snapshot "snap-0b9546c31bfea67d5" with the PurgeAfterFE date of "1489260512" will be deleted.
Snapshot "snap-0f7659657e532e6bb" with the PurgeAfterFE date of "1489260512" will be deleted.
Snapshot "snap-0fc515894602fce17" with the PurgeAfterFE date of "1489260512" will be deleted.
Snapshot "snap-026a0c2aa7248ff14" with the PurgeAfterFE date of "1489260512" will be deleted.
Snapshot "snap-022cdf18b9fd6676b" with the PurgeAfterFE date of "1489260512" will be deleted.
Snapshot "snap-0be2c2aabb3eea437" with the PurgeAfterFE date of "1489260512" will be deleted.
Snapshot "snap-0edf8610db5e9192e" with the PurgeAfterFE date of "1489260512" will be deleted.
Snapshot "snap-020f09c1092bd4471" with the PurgeAfterFE date of "1489260512" will be deleted.
Snapshot "snap-035162c7dabdd480a" with the PurgeAfterFE date of "1489260512" will be deleted.
Snapshot "snap-0e5347f0523e176bb" with the PurgeAfterFE date of "1489260512" will be deleted.
Snapshot "snap-0609b363b5d916838" with the PurgeAfterFE date of "1489260512" will be deleted.
Snapshot "snap-0532ad00b26a8353f" with the PurgeAfterFE date of "1489260512" will be deleted.
Snapshot "snap-0781a8685736461a3" with the PurgeAfterFE date of "1489260512" will be deleted.
Snapshot "snap-003a766c871e4d426" with the PurgeAfterFE date of "1489260512" will be deleted.
Snapshot "snap-021e91757a36a6d88" with the PurgeAfterFE date of "1489260512" will be deleted.
Snapshot "snap-0a86e5b7023ca4874" with the PurgeAfterFE date of "1489260512" will be deleted.
Snapshot "snap-0d7bf95a5cc99e403" with the PurgeAfterFE date of "1489260512" will be deleted.
Snapshot "snap-0167f74a4bc4a1a46" with the PurgeAfterFE date of "1489260512" will be deleted.
Snapshot "snap-02a9a769c6761a16d" with the PurgeAfterFE date of "1489260512" will be deleted.
Snapshot "snap-05cdb5fe70896f9a9" with the PurgeAfterFE date of "1489260512" will be deleted.
Snapshot "snap-0ff837730b85477d8" with the PurgeAfterFE date of "1489260512" will be deleted.
Snapshot "snap-076e7151dcd844917" with the PurgeAfterFE date of "1489260512" will be deleted.
Snapshot "snap-072303ddccaa0f29b" with the PurgeAfterFE date of "1489260512" will be deleted.
Snapshot "snap-031b9438a7395f623" with the PurgeAfterFE date of "1489260512" will be deleted.
Snapshot "snap-078fecb38fb61d724" with the PurgeAfterFE date of "1489260512" will be deleted.
Snapshot "snap-0f68e280fabce871f" with the PurgeAfterFE date of "1489260512" will be deleted.
Snapshot "snap-016812232e052f171" with the PurgeAfterFE date of "1489260512" will be deleted.
Snapshot "snap-0ec15e4bd4a49551c" with the PurgeAfterFE date of "1489260512" will be deleted.
Snapshot "snap-0bc3d936d1e8b76f9" with the PurgeAfterFE date of "1489260512" will be deleted.
Snapshot "snap-0b7d470348e3e88cf" with the PurgeAfterFE date of "1489260512" will be deleted.
Snapshot "snap-06cc1ccc79143a91d" with the PurgeAfterFE date of "1489260512" will be deleted.
Snapshot "snap-0eda98aa2f84c37ee" with the PurgeAfterFE date of "1489260512" will be deleted.
Snapshot "snap-00adfd863792686ae" with the PurgeAfterFE date of "1489260512" will be deleted.
Snapshot "snap-0f90d60194145c4af" with the PurgeAfterFE date of "1489260512" will be deleted.
Snapshot "snap-0ea92de8c6c7ea77c" with the PurgeAfterFE date of "1489260512" will be deleted.
Snapshot "snap-0355b486ba11cd96a" with the PurgeAfterFE date of "1489260512" will be deleted.
Snapshot "snap-0b47a4a24d7089f02" with the PurgeAfterFE date of "1489260512" will be deleted.
Snapshot "snap-04b93a9713957feb7" with the PurgeAfterFE date of "1489260512" will be deleted.
Snapshot "snap-07470f7a4e0052a44" with the PurgeAfterFE date of "1489260512" will be deleted.
Snapshot "snap-0b206adb058c344ba" with the PurgeAfterFE date of "1489260512" will be deleted.
Snapshot "snap-01c97f853dbc9c1ce" with the PurgeAfterFE date of "1489260512" will be deleted.
Snapshot "snap-0f2587e31cb52a3d0" with the PurgeAfterFE date of "1489260512" will be deleted.
Snapshot "snap-076843c43604d435c" with the PurgeAfterFE date of "1489260512" will be deleted.
Snapshot "snap-035e20d118a9a75f1" with the PurgeAfterFE date of "1489260512" will be deleted.
Snapshot "snap-0c06598df005b9914" with the PurgeAfterFE date of "1489260512" will be deleted.
Snapshot "snap-0d902f942548ca307" with the PurgeAfterFE date of "1489260512" will be deleted.
Snapshot "snap-0c4f8de8718a9a5a7" with the PurgeAfterFE date of "1489260512" will be deleted.
Snapshot "snap-08b69882a441d65c4" with the PurgeAfterFE date of "1489260512" will be deleted.
Snapshot "snap-09d3533468ef6cf2d" with the PurgeAfterFE date of "1489260512" will be deleted.
Snapshot "snap-0f260def115433963" with the PurgeAfterFE date of "1489260512" will be deleted.
Snapshot "snap-093855068e8a2d860" with the PurgeAfterFE date of "1489260512" will be deleted.
Snapshot "snap-05f483f77f6ea27d7" with the PurgeAfterFE date of "1489260512" will be deleted.
Snapshot "snap-0a1b02b719bb2b113" with the PurgeAfterFE date of "1489260512" will be deleted.
Snapshot "snap-0821b0ba0191a914e" with the PurgeAfterFE date of "1489260512" will be deleted.
Snapshot "snap-0f6ecf6b9b283696d" with the PurgeAfterFE date of "1489260512" will be deleted.
Snapshot "snap-0ff055ea71dfe9311" with the PurgeAfterFE date of "1489260512" will be deleted.
Snapshot "snap-08739f232280fa8b2" with the PurgeAfterFE date of "1489260512" will be deleted.
Snapshot "snap-0bddb90d86bfa5b07" with the PurgeAfterFE date of "1489260512" will be deleted.
Snapshot "snap-052ec7ecaaaad6f8b" with the PurgeAfterFE date of "1489260512" will be deleted.
Snapshot "snap-074d845ac0fb4ee13" with the PurgeAfterFE date of "1489260512" will be deleted.
Snapshot "snap-015fd521dc4ba748e" with the PurgeAfterFE date of "1489260512" will be deleted.
Snapshot "snap-02e891ad3ff547360" with the PurgeAfterFE date of "1489260512" will be deleted.
Snapshot "snap-041ae39023110bd48" with the PurgeAfterFE date of "1489260512" will be deleted.
Snapshot "snap-0abce32224280115d" with the PurgeAfterFE date of "1489260512" will be deleted.
Snapshot "snap-029d30de1df3f7ba8" with the PurgeAfterFE date of "1489260512" will be deleted.
Snapshot "snap-0fcccc6538a532704" with the PurgeAfterFE date of "1489260512" will be deleted.
Snapshot "snap-0c1c8063133874c82" with the PurgeAfterFE date of "1489260512" will be deleted.
Snapshot "snap-01f7063713d5f3346" with the PurgeAfterFE date of "1489260512" will be deleted.
Snapshot "snap-0fe1b355686f97f29" with the PurgeAfterFE date of "1489260512" will be deleted.
Snapshot "snap-055378c512b52a252" with the PurgeAfterFE date of "1489260512" will be deleted.
Snapshot "snap-04b2954b96a792011" with the PurgeAfterFE date of "1489260512" will be deleted.
Snapshot "snap-06b8a9f70d004182f" with the PurgeAfterFE date of "1489260512" will be deleted.
Snapshot "snap-07bd3dfad372ea98e" with the PurgeAfterFE date of "1489260512" will be deleted.
Snapshot "snap-0d9ccd0fc236ff5f7" with the PurgeAfterFE date of "1489260512" will be deleted.
Snapshot "snap-073a0bfa15e6a67dc" with the PurgeAfterFE date of "1489260512" will be deleted.
Snapshot "snap-0e23b583342941331" with the PurgeAfterFE date of "1489260512" will be deleted.
Snapshot "snap-03db8d46631f42f3b" with the PurgeAfterFE date of "1489260512" will be deleted.
Snapshot "snap-04873fd240fc7185f" with the PurgeAfterFE date of "1489260512" will be deleted.
Snapshot "snap-065476bf634851047" with the PurgeAfterFE date of "1489260512" will be deleted.
Snapshot "snap-0a1ac2f4010d851e0" with the PurgeAfterFE date of "1489260512" will be deleted.
Snapshot "snap-02bda324824dbd9d8" with the PurgeAfterFE date of "1489260512" will be deleted.
Snapshot "snap-098f5b5e270b0d76d" with the PurgeAfterFE date of "1489260512" will be deleted.
Snapshot "snap-071fd1cda85ade2a9" with the PurgeAfterFE date of "1489260512" will be deleted.
Snapshot "snap-05b672dbe3ab51a07" with the PurgeAfterFE date of "1489260512" will be deleted.
Snapshot "snap-0e803c8142ee9a680" with the PurgeAfterFE date of "1489260512" will be deleted.
Snapshot "snap-09fb17c29c9f75bb8" with the PurgeAfterFE date of "1489260512" will be deleted.
Snapshot "snap-0317bf558ca8738bd" with the PurgeAfterFE date of "1489260512" will be deleted.
Snapshot "snap-03936c8e03738560d" with the PurgeAfterFE date of "1489260512" will be deleted.
Snapshot "snap-0cad146d7dee051ff" with the PurgeAfterFE date of "1489260512" will be deleted.
Snapshot "snap-05cdf3ee27918e512" with the PurgeAfterFE date of "1489260512" will be deleted.
Snapshot "snap-0d8b9bcc5bc0f857f" with the PurgeAfterFE date of "1489260512" will be deleted.
Snapshot "snap-087246eab2ac87bb3" with the PurgeAfterFE date of "1489260512" will be deleted.
Snapshot "snap-0005459b916ef00e0" with the PurgeAfterFE date of "1489260512" will be deleted.
Snapshot "snap-00f03b4d213b2d0db" with the PurgeAfterFE date of "1489260512" will be deleted.
Snapshot "snap-009badb9fff48a7e1" with the PurgeAfterFE date of "1489260512" will be deleted.
Snapshot "snap-065eec848632f9332" with the PurgeAfterFE date of "1489260512" will be deleted.
Snapshot "snap-0c8c2020670be4e73" with the PurgeAfterFE date of "1489260512" will be deleted.
Snapshot "snap-0f52cdc8bc300bdea" with the PurgeAfterFE date of "1489260512" will be deleted.
Snapshot "snap-03478f110f2f29526" with the PurgeAfterFE date of "1489260512" will be deleted.
Snapshot "snap-059d3555956649759" with the PurgeAfterFE date of "1489260512" will be deleted.
Snapshot "snap-09c2f7721b67a01bc" with the PurgeAfterFE date of "1489260512" will be deleted.
Snapshot "snap-0cef02f3d34500896" with the PurgeAfterFE date of "1489260512" will be deleted.
Snapshot "snap-0967795d61cef2940" with the PurgeAfterFE date of "1489260512" will be deleted.
Snapshot "snap-07a9c83c19a4b6bbf" with the PurgeAfterFE date of "1489260512" will be deleted.
Snapshot "snap-04eb7aa2162effa47" with the PurgeAfterFE date of "1489260512" will be deleted.
Snapshot "snap-032fb498926e0db16" with the PurgeAfterFE date of "1489260512" will be deleted.
Snapshot "snap-0f0cdaa52fb727b4b" with the PurgeAfterFE date of "1489260512" will be deleted.
Snapshot "snap-0d21f21f29e9ba68f" with the PurgeAfterFE date of "1489260512" will be deleted.
Snapshot "snap-02cb9b890662a263e" with the PurgeAfterFE date of "1489260512" will be deleted.
Snapshot "snap-0430c44630a30240a" with the PurgeAfterFE date of "1489260512" will be deleted.
Snapshot "snap-080e59a0ed859d5de" with the PurgeAfterFE date of "1489260512" will be deleted.
Snapshot "snap-0df345981fc34af96" with the PurgeAfterFE date of "1489260512" will be deleted.
Snapshot "snap-09e4692dccf398aa1" with the PurgeAfterFE date of "1489260512" will be deleted.
Snapshot "snap-0d6c4c52a3890c6a9" with the PurgeAfterFE date of "1489260512" will be deleted.
Snapshot "snap-0847b6b2a81222e35" with the PurgeAfterFE date of "1489260512" will be deleted.
Snapshot "snap-023c1c5d6431ff1c0" with the PurgeAfterFE date of "1489260512" will be deleted.
Snapshot "snap-059b0171e0fbefc5c" with the PurgeAfterFE date of "1489260512" will be deleted.
Snapshot "snap-0759ddc2f7186d4c1" with the PurgeAfterFE date of "1489260512" will be deleted.
Snapshot "snap-0875e9830639766b7" with the PurgeAfterFE date of "1489260512" will be deleted.
Snapshot "snap-0b77769dd1f35a529" with the PurgeAfterFE date of "1489260512" will be deleted.
Snapshot "snap-0502fc666404d4d61" with the PurgeAfterFE date of "1489260512" will be deleted.
Snapshot "snap-097f1e77261c98b4b" with the PurgeAfterFE date of "1489260512" will be deleted.
Snapshot "snap-0bf78c9e4c961a162" with the PurgeAfterFE date of "1489260512" will be deleted.
Snapshot "snap-09cb1bceec5a0b660" with the PurgeAfterFE date of "1489260512" will be deleted.
Snapshot "snap-063a15b4be0494ed4" with the PurgeAfterFE date of "1489260512" will be deleted.
Snapshot "snap-0e26f6ffce585201a" with the PurgeAfterFE date of "1489260512" will be deleted.
Snapshot "snap-00be17f7ecec73273" with the PurgeAfterFE date of "1489260512" will be deleted.
Snapshot "snap-07a94854f9db20786" with the PurgeAfterFE date of "1489260512" will be deleted.
