Snapshots taken by ec2-volumes-autobackup.sh will be eligible for purging after the following date (the purge after date given in seconds from epoch): 1489868759.
INSTANCE i-46b0ebfe
INSTANCE NAME: igv-ec2-im02
Tagging Snapshot snap-0e2432bd82e15f19f with the following Tags: Key=CreatedBy,Value=ec2-automate-backup Key=InstanceId,Value=i-46b0ebfe Key=InstanceName,Value=igv-ec2-im02 Key=PurgeAfterFE,Value=1489868759 Key=PurgeAllow,Value=true Key=Volume,Value=vol-e7515158 Key=Created,Value=1487276759
INSTANCE i-24b0eb9c
INSTANCE NAME: igv-ec2-web02
Tagging Snapshot snap-0931ec7183892baa6 with the following Tags: Key=CreatedBy,Value=ec2-automate-backup Key=InstanceId,Value=i-24b0eb9c Key=InstanceName,Value=igv-ec2-web02 Key=PurgeAfterFE,Value=1489868759 Key=PurgeAllow,Value=true Key=Volume,Value=vol-3e515181 Key=Created,Value=1487276759
INSTANCE i-24b0eb9c
INSTANCE NAME: igv-ec2-web02
Tagging Snapshot snap-0062ea3a493036b63 with the following Tags: Key=CreatedBy,Value=ec2-automate-backup Key=InstanceId,Value=i-24b0eb9c Key=InstanceName,Value=igv-ec2-web02 Key=PurgeAfterFE,Value=1489868759 Key=PurgeAllow,Value=true Key=Volume,Value=vol-3d515182 Key=Created,Value=1487276759
INSTANCE i-46b0ebfe
INSTANCE NAME: igv-ec2-im02
Tagging Snapshot snap-0494f786724d663ff with the following Tags: Key=CreatedBy,Value=ec2-automate-backup Key=InstanceId,Value=i-46b0ebfe Key=InstanceName,Value=igv-ec2-im02 Key=PurgeAfterFE,Value=1489868759 Key=PurgeAllow,Value=true Key=Volume,Value=vol-2d515192 Key=Created,Value=1487276759
INSTANCE i-2eb0eb96
INSTANCE NAME: igv-ec2-fs02
Tagging Snapshot snap-091aec0f34ecded4c with the following Tags: Key=CreatedBy,Value=ec2-automate-backup Key=InstanceId,Value=i-2eb0eb96 Key=InstanceName,Value=igv-ec2-fs02 Key=PurgeAfterFE,Value=1489868759 Key=PurgeAllow,Value=true Key=Volume,Value=vol-2151519e Key=Created,Value=1487276759
INSTANCE i-2eb0eb96
INSTANCE NAME: igv-ec2-fs02
Tagging Snapshot snap-079aae6a64d32c0d5 with the following Tags: Key=CreatedBy,Value=ec2-automate-backup Key=InstanceId,Value=i-2eb0eb96 Key=InstanceName,Value=igv-ec2-fs02 Key=PurgeAfterFE,Value=1489868759 Key=PurgeAllow,Value=true Key=Volume,Value=vol-2051519f Key=Created,Value=1487276759
INSTANCE i-ecbd9b54
INSTANCE NAME: uat-igv-ec2-fs02
Tagging Snapshot snap-006f0c3dffc3ab765 with the following Tags: Key=CreatedBy,Value=ec2-automate-backup Key=InstanceId,Value=i-ecbd9b54 Key=InstanceName,Value=uat-igv-ec2-fs02 Key=PurgeAfterFE,Value=1489868759 Key=PurgeAllow,Value=true Key=Volume,Value=vol-1c0114a3 Key=Created,Value=1487276759
INSTANCE i-ecbd9b54
INSTANCE NAME: uat-igv-ec2-fs02
Tagging Snapshot snap-0f201e886044e560b with the following Tags: Key=CreatedBy,Value=ec2-automate-backup Key=InstanceId,Value=i-ecbd9b54 Key=InstanceName,Value=uat-igv-ec2-fs02 Key=PurgeAfterFE,Value=1489868759 Key=PurgeAllow,Value=true Key=Volume,Value=vol-1b0114a4 Key=Created,Value=1487276759
INSTANCE i-ecbd9b54
INSTANCE NAME: uat-igv-ec2-fs02
Tagging Snapshot snap-04d37716c432d7a09 with the following Tags: Key=CreatedBy,Value=ec2-automate-backup Key=InstanceId,Value=i-ecbd9b54 Key=InstanceName,Value=uat-igv-ec2-fs02 Key=PurgeAfterFE,Value=1489868759 Key=PurgeAllow,Value=true Key=Volume,Value=vol-070114b8 Key=Created,Value=1487276759
INSTANCE i-e599bf5d
INSTANCE NAME: uat-igv-ec2-im02
Tagging Snapshot snap-04ab874830276ace3 with the following Tags: Key=CreatedBy,Value=ec2-automate-backup Key=InstanceId,Value=i-e599bf5d Key=InstanceName,Value=uat-igv-ec2-im02 Key=PurgeAfterFE,Value=1489868759 Key=PurgeAllow,Value=true Key=Volume,Value=vol-32d8cd8d Key=Created,Value=1487276759
INSTANCE i-e599bf5d
INSTANCE NAME: uat-igv-ec2-im02
Tagging Snapshot snap-02dcda7d3bc5805f5 with the following Tags: Key=CreatedBy,Value=ec2-automate-backup Key=InstanceId,Value=i-e599bf5d Key=InstanceName,Value=uat-igv-ec2-im02 Key=PurgeAfterFE,Value=1489868759 Key=PurgeAllow,Value=true Key=Volume,Value=vol-99dbce26 Key=Created,Value=1487276759
INSTANCE i-e599bf5d
INSTANCE NAME: uat-igv-ec2-im02
Tagging Snapshot snap-0d6ac66e76e11f98a with the following Tags: Key=CreatedBy,Value=ec2-automate-backup Key=InstanceId,Value=i-e599bf5d Key=InstanceName,Value=uat-igv-ec2-im02 Key=PurgeAfterFE,Value=1489868759 Key=PurgeAllow,Value=true Key=Volume,Value=vol-87dbce38 Key=Created,Value=1487276759
INSTANCE i-46b0ebfe
INSTANCE NAME: igv-ec2-im02
Tagging Snapshot snap-00c56a0552a6b93ac with the following Tags: Key=CreatedBy,Value=ec2-automate-backup Key=InstanceId,Value=i-46b0ebfe Key=InstanceName,Value=igv-ec2-im02 Key=PurgeAfterFE,Value=1489868759 Key=PurgeAllow,Value=true Key=Volume,Value=vol-0d15268307606d6f0 Key=Created,Value=1487276759
INSTANCE i-2eb0eb96
INSTANCE NAME: igv-ec2-fs02
Tagging Snapshot snap-0274f80f51d0aedee with the following Tags: Key=CreatedBy,Value=ec2-automate-backup Key=InstanceId,Value=i-2eb0eb96 Key=InstanceName,Value=igv-ec2-fs02 Key=PurgeAfterFE,Value=1489868759 Key=PurgeAllow,Value=true Key=Volume,Value=vol-0e009e505c05a452a Key=Created,Value=1487276759
INSTANCE i-24b0eb9c
INSTANCE NAME: igv-ec2-web02
Tagging Snapshot snap-098d26aa8846e30e7 with the following Tags: Key=CreatedBy,Value=ec2-automate-backup Key=InstanceId,Value=i-24b0eb9c Key=InstanceName,Value=igv-ec2-web02 Key=PurgeAfterFE,Value=1489868759 Key=PurgeAllow,Value=true Key=Volume,Value=vol-0b69cceb822f7a407 Key=Created,Value=1487276759
INSTANCE i-b486a98c
INSTANCE NAME: igv-ec2-im01
Tagging Snapshot snap-05f89c404f573cc27 with the following Tags: Key=CreatedBy,Value=ec2-automate-backup Key=InstanceId,Value=i-b486a98c Key=InstanceName,Value=igv-ec2-im01 Key=PurgeAfterFE,Value=1489868759 Key=PurgeAllow,Value=true Key=Volume,Value=vol-64bceae1 Key=Created,Value=1487276759
INSTANCE i-b486a98c
INSTANCE NAME: igv-ec2-im01
Tagging Snapshot snap-0a5e9500e7092bf66 with the following Tags: Key=CreatedBy,Value=ec2-automate-backup Key=InstanceId,Value=i-b486a98c Key=InstanceName,Value=igv-ec2-im01 Key=PurgeAfterFE,Value=1489868759 Key=PurgeAllow,Value=true Key=Volume,Value=vol-67bceae2 Key=Created,Value=1487276759
INSTANCE i-b287a88a
INSTANCE NAME: igv-ec2-web01
Tagging Snapshot snap-0256e49eb13b2e70d with the following Tags: Key=CreatedBy,Value=ec2-automate-backup Key=InstanceId,Value=i-b287a88a Key=InstanceName,Value=igv-ec2-web01 Key=PurgeAfterFE,Value=1489868759 Key=PurgeAllow,Value=true Key=Volume,Value=vol-b5bdeb30 Key=Created,Value=1487276759
INSTANCE i-b287a88a
INSTANCE NAME: igv-ec2-web01
Tagging Snapshot snap-0f6e336c156cc3a0c with the following Tags: Key=CreatedBy,Value=ec2-automate-backup Key=InstanceId,Value=i-b287a88a Key=InstanceName,Value=igv-ec2-web01 Key=PurgeAfterFE,Value=1489868759 Key=PurgeAllow,Value=true Key=Volume,Value=vol-c7bdeb42 Key=Created,Value=1487276759
INSTANCE i-0a87a832
INSTANCE NAME: igv-ec2-fs01
Tagging Snapshot snap-01ca4b259c97d4e19 with the following Tags: Key=CreatedBy,Value=ec2-automate-backup Key=InstanceId,Value=i-0a87a832 Key=InstanceName,Value=igv-ec2-fs01 Key=PurgeAfterFE,Value=1489868759 Key=PurgeAllow,Value=true Key=Volume,Value=vol-30bdebb5 Key=Created,Value=1487276759
INSTANCE i-0a87a832
INSTANCE NAME: igv-ec2-fs01
Tagging Snapshot snap-024ad5c84720888ad with the following Tags: Key=CreatedBy,Value=ec2-automate-backup Key=InstanceId,Value=i-0a87a832 Key=InstanceName,Value=igv-ec2-fs01 Key=PurgeAfterFE,Value=1489868759 Key=PurgeAllow,Value=true Key=Volume,Value=vol-65bdebe0 Key=Created,Value=1487276759
INSTANCE i-e3dcf6db
INSTANCE NAME: uat-igv-ec2-web01
Tagging Snapshot snap-04103955b0a9f3cf7 with the following Tags: Key=CreatedBy,Value=ec2-automate-backup Key=InstanceId,Value=i-e3dcf6db Key=InstanceName,Value=uat-igv-ec2-web01 Key=PurgeAfterFE,Value=1489868759 Key=PurgeAllow,Value=true Key=Volume,Value=vol-60b0e8e5 Key=Created,Value=1487276759
INSTANCE i-e3dcf6db
INSTANCE NAME: uat-igv-ec2-web01
Tagging Snapshot snap-01770c36ba01a9d7d with the following Tags: Key=CreatedBy,Value=ec2-automate-backup Key=InstanceId,Value=i-e3dcf6db Key=InstanceName,Value=uat-igv-ec2-web01 Key=PurgeAfterFE,Value=1489868759 Key=PurgeAllow,Value=true Key=Volume,Value=vol-73b0e8f6 Key=Created,Value=1487276759
INSTANCE i-aacec892
INSTANCE NAME: newTags
Tagging Snapshot snap-0f95eabf50fd2f485 with the following Tags: Key=CreatedBy,Value=ec2-automate-backup Key=InstanceId,Value=i-aacec892 Key=InstanceName,Value=newTags Key=PurgeAfterFE,Value=1489868759 Key=PurgeAllow,Value=true Key=Volume,Value=vol-10241f95 Key=Created,Value=1487276759
INSTANCE i-e3dcf6db
INSTANCE NAME: uat-igv-ec2-web01
Tagging Snapshot snap-016a1c9316137c077 with the following Tags: Key=CreatedBy,Value=ec2-automate-backup Key=InstanceId,Value=i-e3dcf6db Key=InstanceName,Value=uat-igv-ec2-web01 Key=PurgeAfterFE,Value=1489868759 Key=PurgeAllow,Value=true Key=Volume,Value=vol-010b6aec845fdc72e Key=Created,Value=1487276759
INSTANCE i-b486a98c
INSTANCE NAME: igv-ec2-im01
Tagging Snapshot snap-06c6c1fa4f5bc8c92 with the following Tags: Key=CreatedBy,Value=ec2-automate-backup Key=InstanceId,Value=i-b486a98c Key=InstanceName,Value=igv-ec2-im01 Key=PurgeAfterFE,Value=1489868759 Key=PurgeAllow,Value=true Key=Volume,Value=vol-039deb6f07ed7c60c Key=Created,Value=1487276759
INSTANCE i-0a87a832
INSTANCE NAME: igv-ec2-fs01
Tagging Snapshot snap-01134cb79e557df26 with the following Tags: Key=CreatedBy,Value=ec2-automate-backup Key=InstanceId,Value=i-0a87a832 Key=InstanceName,Value=igv-ec2-fs01 Key=PurgeAfterFE,Value=1489868759 Key=PurgeAllow,Value=true Key=Volume,Value=vol-095211fa83f1b6524 Key=Created,Value=1487276759
INSTANCE i-b287a88a
INSTANCE NAME: igv-ec2-web01
Tagging Snapshot snap-01284d3f76a338d7f with the following Tags: Key=CreatedBy,Value=ec2-automate-backup Key=InstanceId,Value=i-b287a88a Key=InstanceName,Value=igv-ec2-web01 Key=PurgeAfterFE,Value=1489868759 Key=PurgeAllow,Value=true Key=Volume,Value=vol-0cd7c487775e1e6bb Key=Created,Value=1487276759
Snapshot Purging is Starting Now.
Snapshot "snap-038741940d9ac0d7c" with the PurgeAfterFE date of "1487275550" will be deleted.
Snapshot "snap-0e2522374f0a10991" with the PurgeAfterFE date of "1487275550" will be deleted.
Snapshot "snap-0b9ed711d7d1f1e51" with the PurgeAfterFE date of "1487275550" will be deleted.
Snapshot "snap-00d61216e1207f279" with the PurgeAfterFE date of "1487275550" will be deleted.
Snapshot "snap-066307b14d32625b0" with the PurgeAfterFE date of "1487275550" will be deleted.
Snapshot "snap-0ff3b809d8b1d5c51" with the PurgeAfterFE date of "1487275550" will be deleted.
Snapshot "snap-031ba3680f701c2ed" with the PurgeAfterFE date of "1487275550" will be deleted.
Snapshot "snap-0ea695cfd5a9efdda" with the PurgeAfterFE date of "1487275550" will be deleted.
Snapshot "snap-04f36321e620f22da" with the PurgeAfterFE date of "1487275550" will be deleted.
Snapshot "snap-07138a655830b389e" with the PurgeAfterFE date of "1487275550" will be deleted.
Snapshot "snap-07261156d02c2e5de" with the PurgeAfterFE date of "1487275550" will be deleted.
Snapshot "snap-06dc4997ae6834735" with the PurgeAfterFE date of "1487275550" will be deleted.
Snapshot "snap-053d0bee3942e4ab9" with the PurgeAfterFE date of "1487275550" will be deleted.
Snapshot "snap-019ca880414d4ae84" with the PurgeAfterFE date of "1487275550" will be deleted.
Snapshot "snap-0cd2358b935615b1e" with the PurgeAfterFE date of "1487275550" will be deleted.
Snapshot "snap-0a2028dda181cb601" with the PurgeAfterFE date of "1487275550" will be deleted.
Snapshot "snap-0f81c880bfd77df20" with the PurgeAfterFE date of "1487275550" will be deleted.
Snapshot "snap-0f932601b0b7002dc" with the PurgeAfterFE date of "1487275550" will be deleted.
Snapshot "snap-0f8e2836c37fbfc19" with the PurgeAfterFE date of "1487275550" will be deleted.
Snapshot "snap-0420425785fb5f7af" with the PurgeAfterFE date of "1487275550" will be deleted.
Snapshot "snap-02483ce3ab2f8538f" with the PurgeAfterFE date of "1487275550" will be deleted.
Snapshot "snap-0aef98b091012d535" with the PurgeAfterFE date of "1487275550" will be deleted.
Snapshot "snap-0300bb6ee14d657b6" with the PurgeAfterFE date of "1487275550" will be deleted.
Snapshot "snap-088701e225ed874aa" with the PurgeAfterFE date of "1487275550" will be deleted.
Snapshot "snap-0a12fc7a6b019e522" with the PurgeAfterFE date of "1487275550" will be deleted.
Snapshot "snap-0b6239959e0691dc0" with the PurgeAfterFE date of "1487275550" will be deleted.
Snapshot "snap-0e3ee10d903fb9264" with the PurgeAfterFE date of "1487275550" will be deleted.
