Snapshots taken by ec2-volumes-autobackup.sh will be eligible for purging after the following date (the purge after date given in seconds from epoch): 1489865083.
INSTANCE i-03c8fd87e7b05fa05
INSTANCE NAME: abfinance_95569_app16
Tagging Snapshot snap-04b03eae911bf5d49 with the following Tags: Key=CreatedBy,Value=ec2-automate-backup Key=InstanceId,Value=i-03c8fd87e7b05fa05 Key=InstanceName,Value=abfinance_95569_app16 Key=PurgeAfterFE,Value=1489865083 Key=PurgeAllow,Value=true Key=Volume,Value=vol-06c1ef7480d1a0d4c Key=Created,Value=1487273083
INSTANCE i-0c2bf96cb75ee7b5c
INSTANCE NAME: abfinance_95569_app18
Tagging Snapshot snap-045eb8e8ddd465de2 with the following Tags: Key=CreatedBy,Value=ec2-automate-backup Key=InstanceId,Value=i-0c2bf96cb75ee7b5c Key=InstanceName,Value=abfinance_95569_app18 Key=PurgeAfterFE,Value=1489865083 Key=PurgeAllow,Value=true Key=Volume,Value=vol-0eae86baf89ae58a6 Key=Created,Value=1487273083
INSTANCE i-0dce85c3f212a5de0
INSTANCE NAME: abfinance_95569_app12
Tagging Snapshot snap-089215107d5a6ea0a with the following Tags: Key=CreatedBy,Value=ec2-automate-backup Key=InstanceId,Value=i-0dce85c3f212a5de0 Key=InstanceName,Value=abfinance_95569_app12 Key=PurgeAfterFE,Value=1489865083 Key=PurgeAllow,Value=true Key=Volume,Value=vol-05c5ee0c944c4a763 Key=Created,Value=1487273083
INSTANCE i-0129ce0f3255429b0
INSTANCE NAME: abfinance_95569_app10
Tagging Snapshot snap-00cfca91ab2c90693 with the following Tags: Key=CreatedBy,Value=ec2-automate-backup Key=InstanceId,Value=i-0129ce0f3255429b0 Key=InstanceName,Value=abfinance_95569_app10 Key=PurgeAfterFE,Value=1489865083 Key=PurgeAllow,Value=true Key=Volume,Value=vol-0ebb5f79ffc3244da Key=Created,Value=1487273083
INSTANCE i-0dce85c3f212a5de0
INSTANCE NAME: abfinance_95569_app12
Tagging Snapshot snap-007461d91b1908ea9 with the following Tags: Key=CreatedBy,Value=ec2-automate-backup Key=InstanceId,Value=i-0dce85c3f212a5de0 Key=InstanceName,Value=abfinance_95569_app12 Key=PurgeAfterFE,Value=1489865083 Key=PurgeAllow,Value=true Key=Volume,Value=vol-0b081425c7cc17600 Key=Created,Value=1487273083
INSTANCE i-09ddd98828f970e2b
INSTANCE NAME: abfinance_95569_app14
Tagging Snapshot snap-0f636bc47f9f16f5b with the following Tags: Key=CreatedBy,Value=ec2-automate-backup Key=InstanceId,Value=i-09ddd98828f970e2b Key=InstanceName,Value=abfinance_95569_app14 Key=PurgeAfterFE,Value=1489865083 Key=PurgeAllow,Value=true Key=Volume,Value=vol-029381ba27db23ea5 Key=Created,Value=1487273083
INSTANCE i-0129ce0f3255429b0
INSTANCE NAME: abfinance_95569_app10
Tagging Snapshot snap-09a8088664864e3f4 with the following Tags: Key=CreatedBy,Value=ec2-automate-backup Key=InstanceId,Value=i-0129ce0f3255429b0 Key=InstanceName,Value=abfinance_95569_app10 Key=PurgeAfterFE,Value=1489865083 Key=PurgeAllow,Value=true Key=Volume,Value=vol-0258943e0b3a406a0 Key=Created,Value=1487273083
INSTANCE i-0de1db820b03e1279
INSTANCE NAME: abfinance_95569_app22
Tagging Snapshot snap-0e5ddafc308d3bdb3 with the following Tags: Key=CreatedBy,Value=ec2-automate-backup Key=InstanceId,Value=i-0de1db820b03e1279 Key=InstanceName,Value=abfinance_95569_app22 Key=PurgeAfterFE,Value=1489865083 Key=PurgeAllow,Value=true Key=Volume,Value=vol-014edcf936f6c26f4 Key=Created,Value=1487273083
INSTANCE i-09ddd98828f970e2b
INSTANCE NAME: abfinance_95569_app14
Tagging Snapshot snap-0f047aa6b8eaa979d with the following Tags: Key=CreatedBy,Value=ec2-automate-backup Key=InstanceId,Value=i-09ddd98828f970e2b Key=InstanceName,Value=abfinance_95569_app14 Key=PurgeAfterFE,Value=1489865083 Key=PurgeAllow,Value=true Key=Volume,Value=vol-0c815aa96dd49c83c Key=Created,Value=1487273083
INSTANCE i-03c8fd87e7b05fa05
INSTANCE NAME: abfinance_95569_app16
Tagging Snapshot snap-0d4a779b9cb1de675 with the following Tags: Key=CreatedBy,Value=ec2-automate-backup Key=InstanceId,Value=i-03c8fd87e7b05fa05 Key=InstanceName,Value=abfinance_95569_app16 Key=PurgeAfterFE,Value=1489865083 Key=PurgeAllow,Value=true Key=Volume,Value=vol-0a82f25f21c70ca17 Key=Created,Value=1487273083
INSTANCE i-03ab34c05dc4f22aa
INSTANCE NAME: abfinance_95569_app24
Tagging Snapshot snap-0c4486e52d9864f23 with the following Tags: Key=CreatedBy,Value=ec2-automate-backup Key=InstanceId,Value=i-03ab34c05dc4f22aa Key=InstanceName,Value=abfinance_95569_app24 Key=PurgeAfterFE,Value=1489865083 Key=PurgeAllow,Value=true Key=Volume,Value=vol-0119f2937c18f7e3e Key=Created,Value=1487273083
INSTANCE i-0bba368770f8bea0e
INSTANCE NAME: abfinance_95569_app28
Tagging Snapshot snap-03d58026d7f4b29f6 with the following Tags: Key=CreatedBy,Value=ec2-automate-backup Key=InstanceId,Value=i-0bba368770f8bea0e Key=InstanceName,Value=abfinance_95569_app28 Key=PurgeAfterFE,Value=1489865083 Key=PurgeAllow,Value=true Key=Volume,Value=vol-054e16021703bc75b Key=Created,Value=1487273083
INSTANCE i-0bba368770f8bea0e
INSTANCE NAME: abfinance_95569_app28
Tagging Snapshot snap-0e0f4c6f0e3fc9bf3 with the following Tags: Key=CreatedBy,Value=ec2-automate-backup Key=InstanceId,Value=i-0bba368770f8bea0e Key=InstanceName,Value=abfinance_95569_app28 Key=PurgeAfterFE,Value=1489865083 Key=PurgeAllow,Value=true Key=Volume,Value=vol-0a9917560a4a8eb37 Key=Created,Value=1487273083
INSTANCE i-0900f2c3ece4f73ce
INSTANCE NAME: abfinance_95569_app20
Tagging Snapshot snap-0420125b1ae97aad9 with the following Tags: Key=CreatedBy,Value=ec2-automate-backup Key=InstanceId,Value=i-0900f2c3ece4f73ce Key=InstanceName,Value=abfinance_95569_app20 Key=PurgeAfterFE,Value=1489865083 Key=PurgeAllow,Value=true Key=Volume,Value=vol-06a26fc47d6b71ffd Key=Created,Value=1487273083
INSTANCE i-0900f2c3ece4f73ce
INSTANCE NAME: abfinance_95569_app20
Tagging Snapshot snap-019315e5e4b03b847 with the following Tags: Key=CreatedBy,Value=ec2-automate-backup Key=InstanceId,Value=i-0900f2c3ece4f73ce Key=InstanceName,Value=abfinance_95569_app20 Key=PurgeAfterFE,Value=1489865083 Key=PurgeAllow,Value=true Key=Volume,Value=vol-02e3078096ec01da3 Key=Created,Value=1487273083
INSTANCE i-0de1db820b03e1279
INSTANCE NAME: abfinance_95569_app22
Tagging Snapshot snap-0d3dbb6b5e24bae71 with the following Tags: Key=CreatedBy,Value=ec2-automate-backup Key=InstanceId,Value=i-0de1db820b03e1279 Key=InstanceName,Value=abfinance_95569_app22 Key=PurgeAfterFE,Value=1489865083 Key=PurgeAllow,Value=true Key=Volume,Value=vol-0d5d8a4619da19822 Key=Created,Value=1487273083
INSTANCE i-0c2bf96cb75ee7b5c
INSTANCE NAME: abfinance_95569_app18
Tagging Snapshot snap-0e4fc729e9a6ee403 with the following Tags: Key=CreatedBy,Value=ec2-automate-backup Key=InstanceId,Value=i-0c2bf96cb75ee7b5c Key=InstanceName,Value=abfinance_95569_app18 Key=PurgeAfterFE,Value=1489865083 Key=PurgeAllow,Value=true Key=Volume,Value=vol-08f0c891fcb55d86a Key=Created,Value=1487273083
INSTANCE i-09bf358be6daff2b8
INSTANCE NAME: abfinance_95569_app26
Tagging Snapshot snap-09c495232846edbe7 with the following Tags: Key=CreatedBy,Value=ec2-automate-backup Key=InstanceId,Value=i-09bf358be6daff2b8 Key=InstanceName,Value=abfinance_95569_app26 Key=PurgeAfterFE,Value=1489865083 Key=PurgeAllow,Value=true Key=Volume,Value=vol-01783b38ab8d40039 Key=Created,Value=1487273083
INSTANCE i-03ab34c05dc4f22aa
INSTANCE NAME: abfinance_95569_app24
Tagging Snapshot snap-08577ba4bbad7bc34 with the following Tags: Key=CreatedBy,Value=ec2-automate-backup Key=InstanceId,Value=i-03ab34c05dc4f22aa Key=InstanceName,Value=abfinance_95569_app24 Key=PurgeAfterFE,Value=1489865083 Key=PurgeAllow,Value=true Key=Volume,Value=vol-038fb96ae65962d50 Key=Created,Value=1487273083
INSTANCE i-09bf358be6daff2b8
INSTANCE NAME: abfinance_95569_app26
Tagging Snapshot snap-013623669d74c661e with the following Tags: Key=CreatedBy,Value=ec2-automate-backup Key=InstanceId,Value=i-09bf358be6daff2b8 Key=InstanceName,Value=abfinance_95569_app26 Key=PurgeAfterFE,Value=1489865083 Key=PurgeAllow,Value=true Key=Volume,Value=vol-04b2fa5fca10f2430 Key=Created,Value=1487273083
INSTANCE i-0274c175451fa7094
INSTANCE NAME: abfinance_95569_app08
Tagging Snapshot snap-02cd2a020bf997967 with the following Tags: Key=CreatedBy,Value=ec2-automate-backup Key=InstanceId,Value=i-0274c175451fa7094 Key=InstanceName,Value=abfinance_95569_app08 Key=PurgeAfterFE,Value=1489865083 Key=PurgeAllow,Value=true Key=Volume,Value=vol-0c72a7d64241a776c Key=Created,Value=1487273083
INSTANCE i-0c1125d6758d322b7
INSTANCE NAME: abfinance_95569_app06
Tagging Snapshot snap-06886c22af43a28a2 with the following Tags: Key=CreatedBy,Value=ec2-automate-backup Key=InstanceId,Value=i-0c1125d6758d322b7 Key=InstanceName,Value=abfinance_95569_app06 Key=PurgeAfterFE,Value=1489865083 Key=PurgeAllow,Value=true Key=Volume,Value=vol-091917e30fd32e67a Key=Created,Value=1487273083
INSTANCE i-0d6c7beed860de6ff
INSTANCE NAME: abfinance_95569_app02
Tagging Snapshot snap-0843432a4ce3e1d96 with the following Tags: Key=CreatedBy,Value=ec2-automate-backup Key=InstanceId,Value=i-0d6c7beed860de6ff Key=InstanceName,Value=abfinance_95569_app02 Key=PurgeAfterFE,Value=1489865083 Key=PurgeAllow,Value=true Key=Volume,Value=vol-02835ed9f869e882d Key=Created,Value=1487273083
INSTANCE i-0bf78d14e8b0eaf1e
INSTANCE NAME: abfinance_95569_app30
Tagging Snapshot snap-080e56ca77c63eefd with the following Tags: Key=CreatedBy,Value=ec2-automate-backup Key=InstanceId,Value=i-0bf78d14e8b0eaf1e Key=InstanceName,Value=abfinance_95569_app30 Key=PurgeAfterFE,Value=1489865083 Key=PurgeAllow,Value=true Key=Volume,Value=vol-028a6f552c7c9efe4 Key=Created,Value=1487273083
INSTANCE i-01bfc53726a11ca9c
INSTANCE NAME: abfinance_95569_app04
Tagging Snapshot snap-0df8ee374b9546b41 with the following Tags: Key=CreatedBy,Value=ec2-automate-backup Key=InstanceId,Value=i-01bfc53726a11ca9c Key=InstanceName,Value=abfinance_95569_app04 Key=PurgeAfterFE,Value=1489865083 Key=PurgeAllow,Value=true Key=Volume,Value=vol-0598a12d733568f31 Key=Created,Value=1487273083
INSTANCE i-0c1125d6758d322b7
INSTANCE NAME: abfinance_95569_app06
Tagging Snapshot snap-03e58fd85ecb9c41e with the following Tags: Key=CreatedBy,Value=ec2-automate-backup Key=InstanceId,Value=i-0c1125d6758d322b7 Key=InstanceName,Value=abfinance_95569_app06 Key=PurgeAfterFE,Value=1489865083 Key=PurgeAllow,Value=true Key=Volume,Value=vol-0ba5d36c9573518b5 Key=Created,Value=1487273083
INSTANCE i-0bf78d14e8b0eaf1e
INSTANCE NAME: abfinance_95569_app30
Tagging Snapshot snap-0bf9de693d27dfefc with the following Tags: Key=CreatedBy,Value=ec2-automate-backup Key=InstanceId,Value=i-0bf78d14e8b0eaf1e Key=InstanceName,Value=abfinance_95569_app30 Key=PurgeAfterFE,Value=1489865083 Key=PurgeAllow,Value=true Key=Volume,Value=vol-096964d6c38daa9c9 Key=Created,Value=1487273083
INSTANCE i-0b7bbda7e056f8f90
INSTANCE NAME: abfinance_95569_app36
Tagging Snapshot snap-04f7be82782f58ddb with the following Tags: Key=CreatedBy,Value=ec2-automate-backup Key=InstanceId,Value=i-0b7bbda7e056f8f90 Key=InstanceName,Value=abfinance_95569_app36 Key=PurgeAfterFE,Value=1489865083 Key=PurgeAllow,Value=true Key=Volume,Value=vol-02d1561acea2b31a6 Key=Created,Value=1487273083
INSTANCE i-0b7bbda7e056f8f90
INSTANCE NAME: abfinance_95569_app36
Tagging Snapshot snap-0fbb2903d76586131 with the following Tags: Key=CreatedBy,Value=ec2-automate-backup Key=InstanceId,Value=i-0b7bbda7e056f8f90 Key=InstanceName,Value=abfinance_95569_app36 Key=PurgeAfterFE,Value=1489865083 Key=PurgeAllow,Value=true Key=Volume,Value=vol-000a10baf81142e01 Key=Created,Value=1487273083
INSTANCE i-0d6c7beed860de6ff
INSTANCE NAME: abfinance_95569_app02
Tagging Snapshot snap-0774031e0a0b2ccd7 with the following Tags: Key=CreatedBy,Value=ec2-automate-backup Key=InstanceId,Value=i-0d6c7beed860de6ff Key=InstanceName,Value=abfinance_95569_app02 Key=PurgeAfterFE,Value=1489865083 Key=PurgeAllow,Value=true Key=Volume,Value=vol-048b299ebe9275c3f Key=Created,Value=1487273083
INSTANCE i-01bfc53726a11ca9c
INSTANCE NAME: abfinance_95569_app04
Tagging Snapshot snap-0f60a3d7fa99ec3a8 with the following Tags: Key=CreatedBy,Value=ec2-automate-backup Key=InstanceId,Value=i-01bfc53726a11ca9c Key=InstanceName,Value=abfinance_95569_app04 Key=PurgeAfterFE,Value=1489865083 Key=PurgeAllow,Value=true Key=Volume,Value=vol-0484891d5cc89bb2e Key=Created,Value=1487273083
INSTANCE i-0deb0e74a87668941
INSTANCE NAME: abfinance_95569_app32
Tagging Snapshot snap-0fd5371dc17300d05 with the following Tags: Key=CreatedBy,Value=ec2-automate-backup Key=InstanceId,Value=i-0deb0e74a87668941 Key=InstanceName,Value=abfinance_95569_app32 Key=PurgeAfterFE,Value=1489865083 Key=PurgeAllow,Value=true Key=Volume,Value=vol-015fe792f2ce928a7 Key=Created,Value=1487273083
INSTANCE i-0deb0e74a87668941
INSTANCE NAME: abfinance_95569_app32
Tagging Snapshot snap-044b5f6e9a816c45f with the following Tags: Key=CreatedBy,Value=ec2-automate-backup Key=InstanceId,Value=i-0deb0e74a87668941 Key=InstanceName,Value=abfinance_95569_app32 Key=PurgeAfterFE,Value=1489865083 Key=PurgeAllow,Value=true Key=Volume,Value=vol-043d9d8a5e4d73574 Key=Created,Value=1487273083
INSTANCE i-03e0f8c5eac3f588a
INSTANCE NAME: abfinance_95569_app34
Tagging Snapshot snap-0e52abd2cc7940176 with the following Tags: Key=CreatedBy,Value=ec2-automate-backup Key=InstanceId,Value=i-03e0f8c5eac3f588a Key=InstanceName,Value=abfinance_95569_app34 Key=PurgeAfterFE,Value=1489865083 Key=PurgeAllow,Value=true Key=Volume,Value=vol-03300b65aac660dfc Key=Created,Value=1487273083
INSTANCE i-0274c175451fa7094
INSTANCE NAME: abfinance_95569_app08
Tagging Snapshot snap-0496ba26577d56d4c with the following Tags: Key=CreatedBy,Value=ec2-automate-backup Key=InstanceId,Value=i-0274c175451fa7094 Key=InstanceName,Value=abfinance_95569_app08 Key=PurgeAfterFE,Value=1489865083 Key=PurgeAllow,Value=true Key=Volume,Value=vol-09f82518fd6c90b2b Key=Created,Value=1487273083
INSTANCE i-03e0f8c5eac3f588a
INSTANCE NAME: abfinance_95569_app34
Tagging Snapshot snap-05e8ac0f38f21faac with the following Tags: Key=CreatedBy,Value=ec2-automate-backup Key=InstanceId,Value=i-03e0f8c5eac3f588a Key=InstanceName,Value=abfinance_95569_app34 Key=PurgeAfterFE,Value=1489865083 Key=PurgeAllow,Value=true Key=Volume,Value=vol-0ab3d1b79bd335c97 Key=Created,Value=1487273083
INSTANCE i-02d7ffae25154e179
INSTANCE NAME: abfinance_95569_qyyxapp04
Tagging Snapshot snap-0bc07f7b7bc6dd20a with the following Tags: Key=CreatedBy,Value=ec2-automate-backup Key=InstanceId,Value=i-02d7ffae25154e179 Key=InstanceName,Value=abfinance_95569_qyyxapp04 Key=PurgeAfterFE,Value=1489865083 Key=PurgeAllow,Value=true Key=Volume,Value=vol-0391c9e8e798109f5 Key=Created,Value=1487273083
INSTANCE i-02d7ffae25154e179
INSTANCE NAME: abfinance_95569_qyyxapp04
Tagging Snapshot snap-0bb391481ca9632d0 with the following Tags: Key=CreatedBy,Value=ec2-automate-backup Key=InstanceId,Value=i-02d7ffae25154e179 Key=InstanceName,Value=abfinance_95569_qyyxapp04 Key=PurgeAfterFE,Value=1489865083 Key=PurgeAllow,Value=true Key=Volume,Value=vol-0d266856f74e8355e Key=Created,Value=1487273083
INSTANCE i-00649ffaac78d75cb
INSTANCE NAME: abfinance_95569_qyyxapp06
Tagging Snapshot snap-040cc383977cfd3d9 with the following Tags: Key=CreatedBy,Value=ec2-automate-backup Key=InstanceId,Value=i-00649ffaac78d75cb Key=InstanceName,Value=abfinance_95569_qyyxapp06 Key=PurgeAfterFE,Value=1489865083 Key=PurgeAllow,Value=true Key=Volume,Value=vol-04ad9f8946e08f89c Key=Created,Value=1487273083
INSTANCE i-00649ffaac78d75cb
INSTANCE NAME: abfinance_95569_qyyxapp06
Tagging Snapshot snap-04deae65e7dd165dc with the following Tags: Key=CreatedBy,Value=ec2-automate-backup Key=InstanceId,Value=i-00649ffaac78d75cb Key=InstanceName,Value=abfinance_95569_qyyxapp06 Key=PurgeAfterFE,Value=1489865083 Key=PurgeAllow,Value=true Key=Volume,Value=vol-0807f8fea0f547086 Key=Created,Value=1487273083
INSTANCE i-0b62ae29318f2ff8b
INSTANCE NAME: abfinance_95569_qyyxapp02
Tagging Snapshot snap-0c33e976093be8fff with the following Tags: Key=CreatedBy,Value=ec2-automate-backup Key=InstanceId,Value=i-0b62ae29318f2ff8b Key=InstanceName,Value=abfinance_95569_qyyxapp02 Key=PurgeAfterFE,Value=1489865083 Key=PurgeAllow,Value=true Key=Volume,Value=vol-03ecd9464fd1c5d05 Key=Created,Value=1487273083
INSTANCE i-0b62ae29318f2ff8b
INSTANCE NAME: abfinance_95569_qyyxapp02
Tagging Snapshot snap-0962a7708b6f13aec with the following Tags: Key=CreatedBy,Value=ec2-automate-backup Key=InstanceId,Value=i-0b62ae29318f2ff8b Key=InstanceName,Value=abfinance_95569_qyyxapp02 Key=PurgeAfterFE,Value=1489865083 Key=PurgeAllow,Value=true Key=Volume,Value=vol-007d93d5c3db29799 Key=Created,Value=1487273083
INSTANCE i-0792c4456f9092988
INSTANCE NAME: abfinance_95569_qyyxapp08
Tagging Snapshot snap-0f54d45dd7864cb16 with the following Tags: Key=CreatedBy,Value=ec2-automate-backup Key=InstanceId,Value=i-0792c4456f9092988 Key=InstanceName,Value=abfinance_95569_qyyxapp08 Key=PurgeAfterFE,Value=1489865083 Key=PurgeAllow,Value=true Key=Volume,Value=vol-045f338712882182b Key=Created,Value=1487273083
INSTANCE i-0792c4456f9092988
INSTANCE NAME: abfinance_95569_qyyxapp08
Tagging Snapshot snap-0da89078fe7361130 with the following Tags: Key=CreatedBy,Value=ec2-automate-backup Key=InstanceId,Value=i-0792c4456f9092988 Key=InstanceName,Value=abfinance_95569_qyyxapp08 Key=PurgeAfterFE,Value=1489865083 Key=PurgeAllow,Value=true Key=Volume,Value=vol-0489d109134a1a195 Key=Created,Value=1487273083
INSTANCE i-0612d908206bc2861
INSTANCE NAME: abfinance_95569_db02
Tagging Snapshot snap-0ef6512bb3b2e06b8 with the following Tags: Key=CreatedBy,Value=ec2-automate-backup Key=InstanceId,Value=i-0612d908206bc2861 Key=InstanceName,Value=abfinance_95569_db02 Key=PurgeAfterFE,Value=1489865083 Key=PurgeAllow,Value=true Key=Volume,Value=vol-00932a51c4361be6a Key=Created,Value=1487273083
INSTANCE i-0612d908206bc2861
INSTANCE NAME: abfinance_95569_db02
Tagging Snapshot snap-073971d3a8b80365c with the following Tags: Key=CreatedBy,Value=ec2-automate-backup Key=InstanceId,Value=i-0612d908206bc2861 Key=InstanceName,Value=abfinance_95569_db02 Key=PurgeAfterFE,Value=1489865083 Key=PurgeAllow,Value=true Key=Volume,Value=vol-0441e909f2a98af4a Key=Created,Value=1487273083
INSTANCE i-0612d908206bc2861
INSTANCE NAME: abfinance_95569_db02
Tagging Snapshot snap-0c18838779ae5f331 with the following Tags: Key=CreatedBy,Value=ec2-automate-backup Key=InstanceId,Value=i-0612d908206bc2861 Key=InstanceName,Value=abfinance_95569_db02 Key=PurgeAfterFE,Value=1489865083 Key=PurgeAllow,Value=true Key=Volume,Value=vol-0cbadea7e7c09a245 Key=Created,Value=1487273083
INSTANCE i-0612d908206bc2861
INSTANCE NAME: abfinance_95569_db02
Tagging Snapshot snap-08c6f5f1e4089e6df with the following Tags: Key=CreatedBy,Value=ec2-automate-backup Key=InstanceId,Value=i-0612d908206bc2861 Key=InstanceName,Value=abfinance_95569_db02 Key=PurgeAfterFE,Value=1489865083 Key=PurgeAllow,Value=true Key=Volume,Value=vol-0bb3d3b39e4ae4a88 Key=Created,Value=1487273083
INSTANCE i-0a035c9fe74e932da
INSTANCE NAME: abfinance_top20_ubuntu_app02
Tagging Snapshot snap-0956442e6c3a54ced with the following Tags: Key=CreatedBy,Value=ec2-automate-backup Key=InstanceId,Value=i-0a035c9fe74e932da Key=InstanceName,Value=abfinance_top20_ubuntu_app02 Key=PurgeAfterFE,Value=1489865083 Key=PurgeAllow,Value=true Key=Volume,Value=vol-0d546115a23bd511e Key=Created,Value=1487273083
INSTANCE i-0a035c9fe74e932da
INSTANCE NAME: abfinance_top20_ubuntu_app02
Tagging Snapshot snap-03432f675634fb44d with the following Tags: Key=CreatedBy,Value=ec2-automate-backup Key=InstanceId,Value=i-0a035c9fe74e932da Key=InstanceName,Value=abfinance_top20_ubuntu_app02 Key=PurgeAfterFE,Value=1489865083 Key=PurgeAllow,Value=true Key=Volume,Value=vol-0b7877736c90d5018 Key=Created,Value=1487273083
INSTANCE i-0d13fdd367f941029
INSTANCE NAME: abfinance_top20_ubuntu_app04
Tagging Snapshot snap-0ed50fcfaafc7df71 with the following Tags: Key=CreatedBy,Value=ec2-automate-backup Key=InstanceId,Value=i-0d13fdd367f941029 Key=InstanceName,Value=abfinance_top20_ubuntu_app04 Key=PurgeAfterFE,Value=1489865083 Key=PurgeAllow,Value=true Key=Volume,Value=vol-0b1860b6a86d65c3c Key=Created,Value=1487273083
INSTANCE i-0a035c9fe74e932da
INSTANCE NAME: abfinance_top20_ubuntu_app02
Tagging Snapshot snap-0800b3c5cd2361fe2 with the following Tags: Key=CreatedBy,Value=ec2-automate-backup Key=InstanceId,Value=i-0a035c9fe74e932da Key=InstanceName,Value=abfinance_top20_ubuntu_app02 Key=PurgeAfterFE,Value=1489865083 Key=PurgeAllow,Value=true Key=Volume,Value=vol-06d971d61dc6ec5d0 Key=Created,Value=1487273083
INSTANCE i-0d13fdd367f941029
INSTANCE NAME: abfinance_top20_ubuntu_app04
Tagging Snapshot snap-0faebd81b66e68c6d with the following Tags: Key=CreatedBy,Value=ec2-automate-backup Key=InstanceId,Value=i-0d13fdd367f941029 Key=InstanceName,Value=abfinance_top20_ubuntu_app04 Key=PurgeAfterFE,Value=1489865083 Key=PurgeAllow,Value=true Key=Volume,Value=vol-0c99c2848d6180dad Key=Created,Value=1487273083
INSTANCE i-0d13fdd367f941029
INSTANCE NAME: abfinance_top20_ubuntu_app04
Tagging Snapshot snap-02a0783d943f81894 with the following Tags: Key=CreatedBy,Value=ec2-automate-backup Key=InstanceId,Value=i-0d13fdd367f941029 Key=InstanceName,Value=abfinance_top20_ubuntu_app04 Key=PurgeAfterFE,Value=1489865083 Key=PurgeAllow,Value=true Key=Volume,Value=vol-05552e316d7c4fca7 Key=Created,Value=1487273083
INSTANCE i-0a035c9fe74e932da
INSTANCE NAME: abfinance_top20_ubuntu_app02
Tagging Snapshot snap-0bab199cb1f08e344 with the following Tags: Key=CreatedBy,Value=ec2-automate-backup Key=InstanceId,Value=i-0a035c9fe74e932da Key=InstanceName,Value=abfinance_top20_ubuntu_app02 Key=PurgeAfterFE,Value=1489865083 Key=PurgeAllow,Value=true Key=Volume,Value=vol-086b4833a3e624834 Key=Created,Value=1487273083
INSTANCE i-0d13fdd367f941029
INSTANCE NAME: abfinance_top20_ubuntu_app04
Tagging Snapshot snap-01807e3716270e94e with the following Tags: Key=CreatedBy,Value=ec2-automate-backup Key=InstanceId,Value=i-0d13fdd367f941029 Key=InstanceName,Value=abfinance_top20_ubuntu_app04 Key=PurgeAfterFE,Value=1489865083 Key=PurgeAllow,Value=true Key=Volume,Value=vol-0237e004eeed33603 Key=Created,Value=1487273083
INSTANCE i-02c96aa526459387c
INSTANCE NAME: abfinance_top20_ubuntu_db02
Tagging Snapshot snap-04c3ff2587dca9e7c with the following Tags: Key=CreatedBy,Value=ec2-automate-backup Key=InstanceId,Value=i-02c96aa526459387c Key=InstanceName,Value=abfinance_top20_ubuntu_db02 Key=PurgeAfterFE,Value=1489865083 Key=PurgeAllow,Value=true Key=Volume,Value=vol-0adeb8ce9288cb9f0 Key=Created,Value=1487273083
INSTANCE i-02c96aa526459387c
INSTANCE NAME: abfinance_top20_ubuntu_db02
Tagging Snapshot snap-0944b3dac4a175f9d with the following Tags: Key=CreatedBy,Value=ec2-automate-backup Key=InstanceId,Value=i-02c96aa526459387c Key=InstanceName,Value=abfinance_top20_ubuntu_db02 Key=PurgeAfterFE,Value=1489865083 Key=PurgeAllow,Value=true Key=Volume,Value=vol-0f91ffb6f9ff57fe9 Key=Created,Value=1487273083
INSTANCE i-02c96aa526459387c
INSTANCE NAME: abfinance_top20_ubuntu_db02
Tagging Snapshot snap-031199e8abc19ad2c with the following Tags: Key=CreatedBy,Value=ec2-automate-backup Key=InstanceId,Value=i-02c96aa526459387c Key=InstanceName,Value=abfinance_top20_ubuntu_db02 Key=PurgeAfterFE,Value=1489865083 Key=PurgeAllow,Value=true Key=Volume,Value=vol-0e507dfbbde31e579 Key=Created,Value=1487273083
INSTANCE i-02c96aa526459387c
INSTANCE NAME: abfinance_top20_ubuntu_db02
Tagging Snapshot snap-0bdca59dac19187e3 with the following Tags: Key=CreatedBy,Value=ec2-automate-backup Key=InstanceId,Value=i-02c96aa526459387c Key=InstanceName,Value=abfinance_top20_ubuntu_db02 Key=PurgeAfterFE,Value=1489865083 Key=PurgeAllow,Value=true Key=Volume,Value=vol-0c9c555e321cb7fb5 Key=Created,Value=1487273083
INSTANCE i-02c96aa526459387c
INSTANCE NAME: abfinance_top20_ubuntu_db02
Tagging Snapshot snap-0e7c5dd8cf95244d1 with the following Tags: Key=CreatedBy,Value=ec2-automate-backup Key=InstanceId,Value=i-02c96aa526459387c Key=InstanceName,Value=abfinance_top20_ubuntu_db02 Key=PurgeAfterFE,Value=1489865083 Key=PurgeAllow,Value=true Key=Volume,Value=vol-0a171db3d35833a82 Key=Created,Value=1487273083
INSTANCE i-07c4c99e14c226dd1
INSTANCE NAME: abfinance_db02
Tagging Snapshot snap-05d59a790b3ec8fbe with the following Tags: Key=CreatedBy,Value=ec2-automate-backup Key=InstanceId,Value=i-07c4c99e14c226dd1 Key=InstanceName,Value=abfinance_db02 Key=PurgeAfterFE,Value=1489865083 Key=PurgeAllow,Value=true Key=Volume,Value=vol-05e7e019fed5d6e4f Key=Created,Value=1487273083
INSTANCE i-07c4c99e14c226dd1
INSTANCE NAME: abfinance_db02
Tagging Snapshot snap-07629fc68e5f3b510 with the following Tags: Key=CreatedBy,Value=ec2-automate-backup Key=InstanceId,Value=i-07c4c99e14c226dd1 Key=InstanceName,Value=abfinance_db02 Key=PurgeAfterFE,Value=1489865083 Key=PurgeAllow,Value=true Key=Volume,Value=vol-005a8fb46ac90c6c8 Key=Created,Value=1487273083
INSTANCE i-07c4c99e14c226dd1
INSTANCE NAME: abfinance_db02
Tagging Snapshot snap-00f3b5a1f2ae8bafb with the following Tags: Key=CreatedBy,Value=ec2-automate-backup Key=InstanceId,Value=i-07c4c99e14c226dd1 Key=InstanceName,Value=abfinance_db02 Key=PurgeAfterFE,Value=1489865083 Key=PurgeAllow,Value=true Key=Volume,Value=vol-0ee99e47c26b1b6ab Key=Created,Value=1487273083
INSTANCE i-0146762d86a3f8d50
INSTANCE NAME: abfinance_lcb_production02
Tagging Snapshot snap-0e90258847f0fbda9 with the following Tags: Key=CreatedBy,Value=ec2-automate-backup Key=InstanceId,Value=i-0146762d86a3f8d50 Key=InstanceName,Value=abfinance_lcb_production02 Key=PurgeAfterFE,Value=1489865083 Key=PurgeAllow,Value=true Key=Volume,Value=vol-0fea562fe447a3f76 Key=Created,Value=1487273083
INSTANCE i-0146762d86a3f8d50
INSTANCE NAME: abfinance_lcb_production02
Tagging Snapshot snap-0b8b0333c535248c1 with the following Tags: Key=CreatedBy,Value=ec2-automate-backup Key=InstanceId,Value=i-0146762d86a3f8d50 Key=InstanceName,Value=abfinance_lcb_production02 Key=PurgeAfterFE,Value=1489865083 Key=PurgeAllow,Value=true Key=Volume,Value=vol-0782f08cb6f6c839c Key=Created,Value=1487273083
INSTANCE i-0c9c05c95fadfa579
INSTANCE NAME: abfinance_lcb_webview02
Tagging Snapshot snap-05f9d7f7de97f5b20 with the following Tags: Key=CreatedBy,Value=ec2-automate-backup Key=InstanceId,Value=i-0c9c05c95fadfa579 Key=InstanceName,Value=abfinance_lcb_webview02 Key=PurgeAfterFE,Value=1489865083 Key=PurgeAllow,Value=true Key=Volume,Value=vol-093a7b55a620d4e21 Key=Created,Value=1487273083
INSTANCE i-0ddb468f7fcf6e0df
INSTANCE NAME: abfinance_lcb_sales02
Tagging Snapshot snap-01642a941692258d7 with the following Tags: Key=CreatedBy,Value=ec2-automate-backup Key=InstanceId,Value=i-0ddb468f7fcf6e0df Key=InstanceName,Value=abfinance_lcb_sales02 Key=PurgeAfterFE,Value=1489865083 Key=PurgeAllow,Value=true Key=Volume,Value=vol-0fad69a30ba7bce0d Key=Created,Value=1487273083
INSTANCE i-0ddb468f7fcf6e0df
INSTANCE NAME: abfinance_lcb_sales02
Tagging Snapshot snap-0927f4452c8a05f29 with the following Tags: Key=CreatedBy,Value=ec2-automate-backup Key=InstanceId,Value=i-0ddb468f7fcf6e0df Key=InstanceName,Value=abfinance_lcb_sales02 Key=PurgeAfterFE,Value=1489865083 Key=PurgeAllow,Value=true Key=Volume,Value=vol-045ed94c459ff8b7f Key=Created,Value=1487273083
INSTANCE i-0b4be2bbf8b348d64
INSTANCE NAME: abfinance_lcb_webview04
Tagging Snapshot snap-05f72e4c7ec12592f with the following Tags: Key=CreatedBy,Value=ec2-automate-backup Key=InstanceId,Value=i-0b4be2bbf8b348d64 Key=InstanceName,Value=abfinance_lcb_webview04 Key=PurgeAfterFE,Value=1489865083 Key=PurgeAllow,Value=true Key=Volume,Value=vol-028cbc9a0070f9b88 Key=Created,Value=1487273083
INSTANCE i-0c9c05c95fadfa579
INSTANCE NAME: abfinance_lcb_webview02
Tagging Snapshot snap-09f3030d88afd6b32 with the following Tags: Key=CreatedBy,Value=ec2-automate-backup Key=InstanceId,Value=i-0c9c05c95fadfa579 Key=InstanceName,Value=abfinance_lcb_webview02 Key=PurgeAfterFE,Value=1489865083 Key=PurgeAllow,Value=true Key=Volume,Value=vol-0c28572672b1f140b Key=Created,Value=1487273083
INSTANCE i-0b4be2bbf8b348d64
INSTANCE NAME: abfinance_lcb_webview04
Tagging Snapshot snap-0fc5e5e6031befa42 with the following Tags: Key=CreatedBy,Value=ec2-automate-backup Key=InstanceId,Value=i-0b4be2bbf8b348d64 Key=InstanceName,Value=abfinance_lcb_webview04 Key=PurgeAfterFE,Value=1489865083 Key=PurgeAllow,Value=true Key=Volume,Value=vol-0f31367a3565de9bf Key=Created,Value=1487273083
INSTANCE i-014a452a01f729a81
INSTANCE NAME: abfinance_nat02
Tagging Snapshot snap-04f2bd3302741da90 with the following Tags: Key=CreatedBy,Value=ec2-automate-backup Key=InstanceId,Value=i-014a452a01f729a81 Key=InstanceName,Value=abfinance_nat02 Key=PurgeAfterFE,Value=1489865083 Key=PurgeAllow,Value=true Key=Volume,Value=vol-0122877394ee0d073 Key=Created,Value=1487273083
INSTANCE i-014a452a01f729a81
INSTANCE NAME: abfinance_nat02
Tagging Snapshot snap-0a48c52a7ce7a6adb with the following Tags: Key=CreatedBy,Value=ec2-automate-backup Key=InstanceId,Value=i-014a452a01f729a81 Key=InstanceName,Value=abfinance_nat02 Key=PurgeAfterFE,Value=1489865083 Key=PurgeAllow,Value=true Key=Volume,Value=vol-0eb3627979069db71 Key=Created,Value=1487273083
INSTANCE i-0ee80a69b4f45c60e
INSTANCE NAME: abfinance_waf02
Tagging Snapshot snap-0e408cee012283ca1 with the following Tags: Key=CreatedBy,Value=ec2-automate-backup Key=InstanceId,Value=i-0ee80a69b4f45c60e Key=InstanceName,Value=abfinance_waf02 Key=PurgeAfterFE,Value=1489865083 Key=PurgeAllow,Value=true Key=Volume,Value=vol-042db02546c7bbc0f Key=Created,Value=1487273083
INSTANCE i-0ee80a69b4f45c60e
INSTANCE NAME: abfinance_waf02
Tagging Snapshot snap-0c5df6acbd004c3d9 with the following Tags: Key=CreatedBy,Value=ec2-automate-backup Key=InstanceId,Value=i-0ee80a69b4f45c60e Key=InstanceName,Value=abfinance_waf02 Key=PurgeAfterFE,Value=1489865083 Key=PurgeAllow,Value=true Key=Volume,Value=vol-0b023adea7ec39f41 Key=Created,Value=1487273083
INSTANCE i-0ee80a69b4f45c60e
INSTANCE NAME: abfinance_waf02
Tagging Snapshot snap-0487426e563313153 with the following Tags: Key=CreatedBy,Value=ec2-automate-backup Key=InstanceId,Value=i-0ee80a69b4f45c60e Key=InstanceName,Value=abfinance_waf02 Key=PurgeAfterFE,Value=1489865083 Key=PurgeAllow,Value=true Key=Volume,Value=vol-02480e8655b6a38b6 Key=Created,Value=1487273083
INSTANCE i-0ec3141f7a8500cb7
INSTANCE NAME: abfinance_95569_app09
Tagging Snapshot snap-0bb4b3d010eaf6fc7 with the following Tags: Key=CreatedBy,Value=ec2-automate-backup Key=InstanceId,Value=i-0ec3141f7a8500cb7 Key=InstanceName,Value=abfinance_95569_app09 Key=PurgeAfterFE,Value=1489865083 Key=PurgeAllow,Value=true Key=Volume,Value=vol-081196262722f4f10 Key=Created,Value=1487273083
INSTANCE i-03b57928616a8d119
INSTANCE NAME: abfinance_95569_app11
Tagging Snapshot snap-033bcf0d3a8d9e4dd with the following Tags: Key=CreatedBy,Value=ec2-automate-backup Key=InstanceId,Value=i-03b57928616a8d119 Key=InstanceName,Value=abfinance_95569_app11 Key=PurgeAfterFE,Value=1489865083 Key=PurgeAllow,Value=true Key=Volume,Value=vol-00a4d8cc657fd095f Key=Created,Value=1487273083
INSTANCE i-09c114c3c67ac2768
INSTANCE NAME: abfinance_95569_app15
Tagging Snapshot snap-0f65da1d456792162 with the following Tags: Key=CreatedBy,Value=ec2-automate-backup Key=InstanceId,Value=i-09c114c3c67ac2768 Key=InstanceName,Value=abfinance_95569_app15 Key=PurgeAfterFE,Value=1489865083 Key=PurgeAllow,Value=true Key=Volume,Value=vol-0dc2b205ff3e0db9f Key=Created,Value=1487273083
INSTANCE i-09c114c3c67ac2768
INSTANCE NAME: abfinance_95569_app15
Tagging Snapshot snap-002241a9e78d00c49 with the following Tags: Key=CreatedBy,Value=ec2-automate-backup Key=InstanceId,Value=i-09c114c3c67ac2768 Key=InstanceName,Value=abfinance_95569_app15 Key=PurgeAfterFE,Value=1489865083 Key=PurgeAllow,Value=true Key=Volume,Value=vol-0603570eb189be1e3 Key=Created,Value=1487273083
INSTANCE i-0ec3141f7a8500cb7
INSTANCE NAME: abfinance_95569_app09
Tagging Snapshot snap-09f7252a9a62a516e with the following Tags: Key=CreatedBy,Value=ec2-automate-backup Key=InstanceId,Value=i-0ec3141f7a8500cb7 Key=InstanceName,Value=abfinance_95569_app09 Key=PurgeAfterFE,Value=1489865083 Key=PurgeAllow,Value=true Key=Volume,Value=vol-033dfab10affed3a2 Key=Created,Value=1487273083
INSTANCE i-0a5f15688eacd2e3e
INSTANCE NAME: abfinance_95569_app13
Tagging Snapshot snap-072fe99f30ba36ce8 with the following Tags: Key=CreatedBy,Value=ec2-automate-backup Key=InstanceId,Value=i-0a5f15688eacd2e3e Key=InstanceName,Value=abfinance_95569_app13 Key=PurgeAfterFE,Value=1489865083 Key=PurgeAllow,Value=true Key=Volume,Value=vol-02298d3eaf4ba7281 Key=Created,Value=1487273083
INSTANCE i-0a5f15688eacd2e3e
INSTANCE NAME: abfinance_95569_app13
Tagging Snapshot snap-0f1569ef155218bb0 with the following Tags: Key=CreatedBy,Value=ec2-automate-backup Key=InstanceId,Value=i-0a5f15688eacd2e3e Key=InstanceName,Value=abfinance_95569_app13 Key=PurgeAfterFE,Value=1489865083 Key=PurgeAllow,Value=true Key=Volume,Value=vol-0785e6333055e6365 Key=Created,Value=1487273083
INSTANCE i-0f0c674e5b6788a2c
INSTANCE NAME: abfinance_95569_app19
Tagging Snapshot snap-0f2b74887b0f2d192 with the following Tags: Key=CreatedBy,Value=ec2-automate-backup Key=InstanceId,Value=i-0f0c674e5b6788a2c Key=InstanceName,Value=abfinance_95569_app19 Key=PurgeAfterFE,Value=1489865083 Key=PurgeAllow,Value=true Key=Volume,Value=vol-06b68df3e57d2e58d Key=Created,Value=1487273083
INSTANCE i-0f0c674e5b6788a2c
INSTANCE NAME: abfinance_95569_app19
Tagging Snapshot snap-0e875ee8a9329f7f8 with the following Tags: Key=CreatedBy,Value=ec2-automate-backup Key=InstanceId,Value=i-0f0c674e5b6788a2c Key=InstanceName,Value=abfinance_95569_app19 Key=PurgeAfterFE,Value=1489865083 Key=PurgeAllow,Value=true Key=Volume,Value=vol-0851a9c76d4ea078c Key=Created,Value=1487273083
INSTANCE i-0a411a0ef749f4cf1
INSTANCE NAME: abfinance_95569_app21
Tagging Snapshot snap-0e794d22995891ea6 with the following Tags: Key=CreatedBy,Value=ec2-automate-backup Key=InstanceId,Value=i-0a411a0ef749f4cf1 Key=InstanceName,Value=abfinance_95569_app21 Key=PurgeAfterFE,Value=1489865083 Key=PurgeAllow,Value=true Key=Volume,Value=vol-0c3d605f9052074d8 Key=Created,Value=1487273083
INSTANCE i-0a411a0ef749f4cf1
INSTANCE NAME: abfinance_95569_app21
Tagging Snapshot snap-06f62e8648be8c24e with the following Tags: Key=CreatedBy,Value=ec2-automate-backup Key=InstanceId,Value=i-0a411a0ef749f4cf1 Key=InstanceName,Value=abfinance_95569_app21 Key=PurgeAfterFE,Value=1489865083 Key=PurgeAllow,Value=true Key=Volume,Value=vol-0310bf0152a386a1f Key=Created,Value=1487273083
INSTANCE i-0d5e1e43bf386d202
INSTANCE NAME: abfinance_95569_app23
Tagging Snapshot snap-0e429a84418fede6b with the following Tags: Key=CreatedBy,Value=ec2-automate-backup Key=InstanceId,Value=i-0d5e1e43bf386d202 Key=InstanceName,Value=abfinance_95569_app23 Key=PurgeAfterFE,Value=1489865083 Key=PurgeAllow,Value=true Key=Volume,Value=vol-0f81b4a366156ec4e Key=Created,Value=1487273083
INSTANCE i-0d5e1e43bf386d202
INSTANCE NAME: abfinance_95569_app23
Tagging Snapshot snap-035f4b02f5a217472 with the following Tags: Key=CreatedBy,Value=ec2-automate-backup Key=InstanceId,Value=i-0d5e1e43bf386d202 Key=InstanceName,Value=abfinance_95569_app23 Key=PurgeAfterFE,Value=1489865083 Key=PurgeAllow,Value=true Key=Volume,Value=vol-0111d7f26ad53c4cb Key=Created,Value=1487273083
INSTANCE i-0eb8007a14e67dab2
INSTANCE NAME: abfinance_95569_app27
Tagging Snapshot snap-014f57f9fd888e9be with the following Tags: Key=CreatedBy,Value=ec2-automate-backup Key=InstanceId,Value=i-0eb8007a14e67dab2 Key=InstanceName,Value=abfinance_95569_app27 Key=PurgeAfterFE,Value=1489865083 Key=PurgeAllow,Value=true Key=Volume,Value=vol-03525070f4c814961 Key=Created,Value=1487273083
INSTANCE i-07edbc122c6a6ac80
INSTANCE NAME: abfinance_95569_app17
Tagging Snapshot snap-0e17c3d6330f5fe0f with the following Tags: Key=CreatedBy,Value=ec2-automate-backup Key=InstanceId,Value=i-07edbc122c6a6ac80 Key=InstanceName,Value=abfinance_95569_app17 Key=PurgeAfterFE,Value=1489865083 Key=PurgeAllow,Value=true Key=Volume,Value=vol-04e6264745822f286 Key=Created,Value=1487273083
INSTANCE i-03b57928616a8d119
INSTANCE NAME: abfinance_95569_app11
Tagging Snapshot snap-01282fe87a2f6767d with the following Tags: Key=CreatedBy,Value=ec2-automate-backup Key=InstanceId,Value=i-03b57928616a8d119 Key=InstanceName,Value=abfinance_95569_app11 Key=PurgeAfterFE,Value=1489865083 Key=PurgeAllow,Value=true Key=Volume,Value=vol-004d8faa59c222aa5 Key=Created,Value=1487273083
INSTANCE i-07edbc122c6a6ac80
INSTANCE NAME: abfinance_95569_app17
Tagging Snapshot snap-0ae0413f725a90240 with the following Tags: Key=CreatedBy,Value=ec2-automate-backup Key=InstanceId,Value=i-07edbc122c6a6ac80 Key=InstanceName,Value=abfinance_95569_app17 Key=PurgeAfterFE,Value=1489865083 Key=PurgeAllow,Value=true Key=Volume,Value=vol-01b2522c2d2534299 Key=Created,Value=1487273083
INSTANCE i-07728f7b5bfbf498e
INSTANCE NAME: abfinance_95569_app25
Tagging Snapshot snap-0bb0255bc9c01116c with the following Tags: Key=CreatedBy,Value=ec2-automate-backup Key=InstanceId,Value=i-07728f7b5bfbf498e Key=InstanceName,Value=abfinance_95569_app25 Key=PurgeAfterFE,Value=1489865083 Key=PurgeAllow,Value=true Key=Volume,Value=vol-04b5c2f0495b27c68 Key=Created,Value=1487273083
INSTANCE i-0eb8007a14e67dab2
INSTANCE NAME: abfinance_95569_app27
Tagging Snapshot snap-0d4753af8b1e35b0c with the following Tags: Key=CreatedBy,Value=ec2-automate-backup Key=InstanceId,Value=i-0eb8007a14e67dab2 Key=InstanceName,Value=abfinance_95569_app27 Key=PurgeAfterFE,Value=1489865083 Key=PurgeAllow,Value=true Key=Volume,Value=vol-0dcf38ce3ae3a060a Key=Created,Value=1487273083
INSTANCE i-07728f7b5bfbf498e
INSTANCE NAME: abfinance_95569_app25
Tagging Snapshot snap-057a28f7f35ad1133 with the following Tags: Key=CreatedBy,Value=ec2-automate-backup Key=InstanceId,Value=i-07728f7b5bfbf498e Key=InstanceName,Value=abfinance_95569_app25 Key=PurgeAfterFE,Value=1489865083 Key=PurgeAllow,Value=true Key=Volume,Value=vol-0200a88c02cfb804d Key=Created,Value=1487273083
INSTANCE i-07705f35bff445c41
INSTANCE NAME: abfinance_95569_app07
Tagging Snapshot snap-07ad6fca57143f501 with the following Tags: Key=CreatedBy,Value=ec2-automate-backup Key=InstanceId,Value=i-07705f35bff445c41 Key=InstanceName,Value=abfinance_95569_app07 Key=PurgeAfterFE,Value=1489865083 Key=PurgeAllow,Value=true Key=Volume,Value=vol-08bc36523beab866f Key=Created,Value=1487273083
INSTANCE i-033cd6848a0ee1ed5
INSTANCE NAME: abfinance_95569_app31
Tagging Snapshot snap-086e5f0b5675e7fef with the following Tags: Key=CreatedBy,Value=ec2-automate-backup Key=InstanceId,Value=i-033cd6848a0ee1ed5 Key=InstanceName,Value=abfinance_95569_app31 Key=PurgeAfterFE,Value=1489865083 Key=PurgeAllow,Value=true Key=Volume,Value=vol-0f627f4a287f07de3 Key=Created,Value=1487273083
INSTANCE i-08b97f2fe53f80f22
INSTANCE NAME: abfinance_95569_app05
Tagging Snapshot snap-0fbddc7f02a6b8951 with the following Tags: Key=CreatedBy,Value=ec2-automate-backup Key=InstanceId,Value=i-08b97f2fe53f80f22 Key=InstanceName,Value=abfinance_95569_app05 Key=PurgeAfterFE,Value=1489865083 Key=PurgeAllow,Value=true Key=Volume,Value=vol-099c0fd92df48a286 Key=Created,Value=1487273083
INSTANCE i-038f55a947fe549b9
INSTANCE NAME: abfinance_95569_app29
Tagging Snapshot snap-0ceaddf48157ce6a3 with the following Tags: Key=CreatedBy,Value=ec2-automate-backup Key=InstanceId,Value=i-038f55a947fe549b9 Key=InstanceName,Value=abfinance_95569_app29 Key=PurgeAfterFE,Value=1489865083 Key=PurgeAllow,Value=true Key=Volume,Value=vol-086413bf696d0b35e Key=Created,Value=1487273083
INSTANCE i-038f55a947fe549b9
INSTANCE NAME: abfinance_95569_app29
Tagging Snapshot snap-0ebcb3355270f9137 with the following Tags: Key=CreatedBy,Value=ec2-automate-backup Key=InstanceId,Value=i-038f55a947fe549b9 Key=InstanceName,Value=abfinance_95569_app29 Key=PurgeAfterFE,Value=1489865083 Key=PurgeAllow,Value=true Key=Volume,Value=vol-0fdaee4b23a29e129 Key=Created,Value=1487273083
INSTANCE i-0c74aacdacea37885
INSTANCE NAME: abfinance_95569_app35
Tagging Snapshot snap-0524172e3cd9ceced with the following Tags: Key=CreatedBy,Value=ec2-automate-backup Key=InstanceId,Value=i-0c74aacdacea37885 Key=InstanceName,Value=abfinance_95569_app35 Key=PurgeAfterFE,Value=1489865083 Key=PurgeAllow,Value=true Key=Volume,Value=vol-072183b6a817893f7 Key=Created,Value=1487273083
INSTANCE i-0257be16b51727274
INSTANCE NAME: abfinance_95569_app01
Tagging Snapshot snap-0446b4a3b5cbe5caa with the following Tags: Key=CreatedBy,Value=ec2-automate-backup Key=InstanceId,Value=i-0257be16b51727274 Key=InstanceName,Value=abfinance_95569_app01 Key=PurgeAfterFE,Value=1489865083 Key=PurgeAllow,Value=true Key=Volume,Value=vol-09653c9b7d7cc8b5a Key=Created,Value=1487273083
INSTANCE i-0c74aacdacea37885
INSTANCE NAME: abfinance_95569_app35
Tagging Snapshot snap-0660309d0889194a2 with the following Tags: Key=CreatedBy,Value=ec2-automate-backup Key=InstanceId,Value=i-0c74aacdacea37885 Key=InstanceName,Value=abfinance_95569_app35 Key=PurgeAfterFE,Value=1489865083 Key=PurgeAllow,Value=true Key=Volume,Value=vol-090f117c456e8e47c Key=Created,Value=1487273083
INSTANCE i-033cd6848a0ee1ed5
INSTANCE NAME: abfinance_95569_app31
Tagging Snapshot snap-05fc768f2124eafe3 with the following Tags: Key=CreatedBy,Value=ec2-automate-backup Key=InstanceId,Value=i-033cd6848a0ee1ed5 Key=InstanceName,Value=abfinance_95569_app31 Key=PurgeAfterFE,Value=1489865083 Key=PurgeAllow,Value=true Key=Volume,Value=vol-0f44e3615bdc25730 Key=Created,Value=1487273083
INSTANCE i-0f829d60597e5c715
INSTANCE NAME: abfinance_95569_app33
Tagging Snapshot snap-03407210a8b8d2ed2 with the following Tags: Key=CreatedBy,Value=ec2-automate-backup Key=InstanceId,Value=i-0f829d60597e5c715 Key=InstanceName,Value=abfinance_95569_app33 Key=PurgeAfterFE,Value=1489865083 Key=PurgeAllow,Value=true Key=Volume,Value=vol-0eb8e231a42b429a3 Key=Created,Value=1487273083
INSTANCE i-0f829d60597e5c715
INSTANCE NAME: abfinance_95569_app33
Tagging Snapshot snap-0a804c05cc1a367aa with the following Tags: Key=CreatedBy,Value=ec2-automate-backup Key=InstanceId,Value=i-0f829d60597e5c715 Key=InstanceName,Value=abfinance_95569_app33 Key=PurgeAfterFE,Value=1489865083 Key=PurgeAllow,Value=true Key=Volume,Value=vol-0380591138b2bac42 Key=Created,Value=1487273083
INSTANCE i-00737f9ceeaad86d1
INSTANCE NAME: abfinance_95569_app03
Tagging Snapshot snap-0140f96a97745f56b with the following Tags: Key=CreatedBy,Value=ec2-automate-backup Key=InstanceId,Value=i-00737f9ceeaad86d1 Key=InstanceName,Value=abfinance_95569_app03 Key=PurgeAfterFE,Value=1489865083 Key=PurgeAllow,Value=true Key=Volume,Value=vol-0d4af25a0758d6113 Key=Created,Value=1487273083
INSTANCE i-00737f9ceeaad86d1
INSTANCE NAME: abfinance_95569_app03
Tagging Snapshot snap-007fd3fd3c3fc21be with the following Tags: Key=CreatedBy,Value=ec2-automate-backup Key=InstanceId,Value=i-00737f9ceeaad86d1 Key=InstanceName,Value=abfinance_95569_app03 Key=PurgeAfterFE,Value=1489865083 Key=PurgeAllow,Value=true Key=Volume,Value=vol-08c55b678a9fff5df Key=Created,Value=1487273083
INSTANCE i-08b97f2fe53f80f22
INSTANCE NAME: abfinance_95569_app05
Tagging Snapshot snap-05b1638d6c4f79593 with the following Tags: Key=CreatedBy,Value=ec2-automate-backup Key=InstanceId,Value=i-08b97f2fe53f80f22 Key=InstanceName,Value=abfinance_95569_app05 Key=PurgeAfterFE,Value=1489865083 Key=PurgeAllow,Value=true Key=Volume,Value=vol-00ab47222a671a9a3 Key=Created,Value=1487273083
INSTANCE i-0723ff9b3e8e40be7
INSTANCE NAME: abfinance_95569_app37
Tagging Snapshot snap-04ed18a2fdf0b0a1c with the following Tags: Key=CreatedBy,Value=ec2-automate-backup Key=InstanceId,Value=i-0723ff9b3e8e40be7 Key=InstanceName,Value=abfinance_95569_app37 Key=PurgeAfterFE,Value=1489865083 Key=PurgeAllow,Value=true Key=Volume,Value=vol-0281762adebc253ea Key=Created,Value=1487273083
INSTANCE i-0257be16b51727274
INSTANCE NAME: abfinance_95569_app01
Tagging Snapshot snap-0c82c12c9cb71c3ca with the following Tags: Key=CreatedBy,Value=ec2-automate-backup Key=InstanceId,Value=i-0257be16b51727274 Key=InstanceName,Value=abfinance_95569_app01 Key=PurgeAfterFE,Value=1489865083 Key=PurgeAllow,Value=true Key=Volume,Value=vol-0d8e0588b2630dc6f Key=Created,Value=1487273083
INSTANCE i-07705f35bff445c41
INSTANCE NAME: abfinance_95569_app07
Tagging Snapshot snap-0956d4feb0caeaca0 with the following Tags: Key=CreatedBy,Value=ec2-automate-backup Key=InstanceId,Value=i-07705f35bff445c41 Key=InstanceName,Value=abfinance_95569_app07 Key=PurgeAfterFE,Value=1489865083 Key=PurgeAllow,Value=true Key=Volume,Value=vol-061fdd835777e319c Key=Created,Value=1487273083
INSTANCE i-0723ff9b3e8e40be7
INSTANCE NAME: abfinance_95569_app37
Tagging Snapshot snap-0f5cbec08741e6ac5 with the following Tags: Key=CreatedBy,Value=ec2-automate-backup Key=InstanceId,Value=i-0723ff9b3e8e40be7 Key=InstanceName,Value=abfinance_95569_app37 Key=PurgeAfterFE,Value=1489865083 Key=PurgeAllow,Value=true Key=Volume,Value=vol-0b7b3d56950413d9b Key=Created,Value=1487273083
INSTANCE i-0f705ab54239a1f52
INSTANCE NAME: abfinance_95569_qyyxapp05
Tagging Snapshot snap-0f5ca3755045f1347 with the following Tags: Key=CreatedBy,Value=ec2-automate-backup Key=InstanceId,Value=i-0f705ab54239a1f52 Key=InstanceName,Value=abfinance_95569_qyyxapp05 Key=PurgeAfterFE,Value=1489865083 Key=PurgeAllow,Value=true Key=Volume,Value=vol-09d6b1837b615adf0 Key=Created,Value=1487273083
INSTANCE i-04a60b0759f7eb2ac
INSTANCE NAME: abfinance_95569_qyyxapp01
Tagging Snapshot snap-0a68ea1b2e97eba36 with the following Tags: Key=CreatedBy,Value=ec2-automate-backup Key=InstanceId,Value=i-04a60b0759f7eb2ac Key=InstanceName,Value=abfinance_95569_qyyxapp01 Key=PurgeAfterFE,Value=1489865083 Key=PurgeAllow,Value=true Key=Volume,Value=vol-0ab00cc4b064066fb Key=Created,Value=1487273083
INSTANCE i-0b94ec86e798d7437
INSTANCE NAME: abfinance_95569_qyyxapp03
Tagging Snapshot snap-0e747d883154cbc2f with the following Tags: Key=CreatedBy,Value=ec2-automate-backup Key=InstanceId,Value=i-0b94ec86e798d7437 Key=InstanceName,Value=abfinance_95569_qyyxapp03 Key=PurgeAfterFE,Value=1489865083 Key=PurgeAllow,Value=true Key=Volume,Value=vol-02fe979ffb7dc9b91 Key=Created,Value=1487273083
INSTANCE i-0f705ab54239a1f52
INSTANCE NAME: abfinance_95569_qyyxapp05
Tagging Snapshot snap-010139b75406260f2 with the following Tags: Key=CreatedBy,Value=ec2-automate-backup Key=InstanceId,Value=i-0f705ab54239a1f52 Key=InstanceName,Value=abfinance_95569_qyyxapp05 Key=PurgeAfterFE,Value=1489865083 Key=PurgeAllow,Value=true Key=Volume,Value=vol-0b8edb31bd17a1ded Key=Created,Value=1487273083
INSTANCE i-04a60b0759f7eb2ac
INSTANCE NAME: abfinance_95569_qyyxapp01
Tagging Snapshot snap-0007baf1bbd8ef0d4 with the following Tags: Key=CreatedBy,Value=ec2-automate-backup Key=InstanceId,Value=i-04a60b0759f7eb2ac Key=InstanceName,Value=abfinance_95569_qyyxapp01 Key=PurgeAfterFE,Value=1489865083 Key=PurgeAllow,Value=true Key=Volume,Value=vol-0966ecafbcd12b336 Key=Created,Value=1487273083
INSTANCE i-0b94ec86e798d7437
INSTANCE NAME: abfinance_95569_qyyxapp03
Tagging Snapshot snap-0e65c5c279e827ee3 with the following Tags: Key=CreatedBy,Value=ec2-automate-backup Key=InstanceId,Value=i-0b94ec86e798d7437 Key=InstanceName,Value=abfinance_95569_qyyxapp03 Key=PurgeAfterFE,Value=1489865083 Key=PurgeAllow,Value=true Key=Volume,Value=vol-037854b3916095873 Key=Created,Value=1487273083
INSTANCE i-04a06b4c7bf9d94e3
INSTANCE NAME: abfinance_95569_qyyxapp07
Tagging Snapshot snap-041b50f07c910920a with the following Tags: Key=CreatedBy,Value=ec2-automate-backup Key=InstanceId,Value=i-04a06b4c7bf9d94e3 Key=InstanceName,Value=abfinance_95569_qyyxapp07 Key=PurgeAfterFE,Value=1489865083 Key=PurgeAllow,Value=true Key=Volume,Value=vol-0c00fa4c526514642 Key=Created,Value=1487273083
INSTANCE i-04a06b4c7bf9d94e3
INSTANCE NAME: abfinance_95569_qyyxapp07
Tagging Snapshot snap-0c4a84cd60745c13a with the following Tags: Key=CreatedBy,Value=ec2-automate-backup Key=InstanceId,Value=i-04a06b4c7bf9d94e3 Key=InstanceName,Value=abfinance_95569_qyyxapp07 Key=PurgeAfterFE,Value=1489865083 Key=PurgeAllow,Value=true Key=Volume,Value=vol-0224e39c7f51f325d Key=Created,Value=1487273083
INSTANCE i-0e3788bfe6f90f34c
INSTANCE NAME: abfinance_95569_db01
Tagging Snapshot snap-0be4b1ccd2cd526bb with the following Tags: Key=CreatedBy,Value=ec2-automate-backup Key=InstanceId,Value=i-0e3788bfe6f90f34c Key=InstanceName,Value=abfinance_95569_db01 Key=PurgeAfterFE,Value=1489865083 Key=PurgeAllow,Value=true Key=Volume,Value=vol-07eeda4b057720025 Key=Created,Value=1487273083
INSTANCE i-0e3788bfe6f90f34c
INSTANCE NAME: abfinance_95569_db01
Tagging Snapshot snap-046255110afc117e7 with the following Tags: Key=CreatedBy,Value=ec2-automate-backup Key=InstanceId,Value=i-0e3788bfe6f90f34c Key=InstanceName,Value=abfinance_95569_db01 Key=PurgeAfterFE,Value=1489865083 Key=PurgeAllow,Value=true Key=Volume,Value=vol-08ae7f3e7ca5aba00 Key=Created,Value=1487273083
INSTANCE i-0e3788bfe6f90f34c
INSTANCE NAME: abfinance_95569_db01
Tagging Snapshot snap-05d8311e2b56e6c9b with the following Tags: Key=CreatedBy,Value=ec2-automate-backup Key=InstanceId,Value=i-0e3788bfe6f90f34c Key=InstanceName,Value=abfinance_95569_db01 Key=PurgeAfterFE,Value=1489865083 Key=PurgeAllow,Value=true Key=Volume,Value=vol-080136fd0268ba249 Key=Created,Value=1487273083
INSTANCE i-0e3788bfe6f90f34c
INSTANCE NAME: abfinance_95569_db01
Tagging Snapshot snap-0c9b35e59c56bf9d7 with the following Tags: Key=CreatedBy,Value=ec2-automate-backup Key=InstanceId,Value=i-0e3788bfe6f90f34c Key=InstanceName,Value=abfinance_95569_db01 Key=PurgeAfterFE,Value=1489865083 Key=PurgeAllow,Value=true Key=Volume,Value=vol-0e39a5064691379ba Key=Created,Value=1487273083
INSTANCE i-00a83f954cf74b49c
INSTANCE NAME: abfinance_top20_ubuntu_db01
Tagging Snapshot snap-06a1c9f3baf8b3f83 with the following Tags: Key=CreatedBy,Value=ec2-automate-backup Key=InstanceId,Value=i-00a83f954cf74b49c Key=InstanceName,Value=abfinance_top20_ubuntu_db01 Key=PurgeAfterFE,Value=1489865083 Key=PurgeAllow,Value=true Key=Volume,Value=vol-00650e414cf107b17 Key=Created,Value=1487273083
INSTANCE i-0c216734d128c6375
INSTANCE NAME: abfinance_top20_ubuntu_app03
Tagging Snapshot snap-017284b5910ae5d06 with the following Tags: Key=CreatedBy,Value=ec2-automate-backup Key=InstanceId,Value=i-0c216734d128c6375 Key=InstanceName,Value=abfinance_top20_ubuntu_app03 Key=PurgeAfterFE,Value=1489865083 Key=PurgeAllow,Value=true Key=Volume,Value=vol-0f763f4259c95c9b5 Key=Created,Value=1487273083
INSTANCE i-0c216734d128c6375
INSTANCE NAME: abfinance_top20_ubuntu_app03
Tagging Snapshot snap-01ed09905a1a06695 with the following Tags: Key=CreatedBy,Value=ec2-automate-backup Key=InstanceId,Value=i-0c216734d128c6375 Key=InstanceName,Value=abfinance_top20_ubuntu_app03 Key=PurgeAfterFE,Value=1489865083 Key=PurgeAllow,Value=true Key=Volume,Value=vol-0cd52f41e2b7d8e0a Key=Created,Value=1487273083
INSTANCE i-00a83f954cf74b49c
INSTANCE NAME: abfinance_top20_ubuntu_db01
Tagging Snapshot snap-0811cd392623479dc with the following Tags: Key=CreatedBy,Value=ec2-automate-backup Key=InstanceId,Value=i-00a83f954cf74b49c Key=InstanceName,Value=abfinance_top20_ubuntu_db01 Key=PurgeAfterFE,Value=1489865083 Key=PurgeAllow,Value=true Key=Volume,Value=vol-02af501b13bf54b0e Key=Created,Value=1487273083
INSTANCE i-00a83f954cf74b49c
INSTANCE NAME: abfinance_top20_ubuntu_db01
Tagging Snapshot snap-05fbdce933b19289b with the following Tags: Key=CreatedBy,Value=ec2-automate-backup Key=InstanceId,Value=i-00a83f954cf74b49c Key=InstanceName,Value=abfinance_top20_ubuntu_db01 Key=PurgeAfterFE,Value=1489865083 Key=PurgeAllow,Value=true Key=Volume,Value=vol-0bee7854c001f0356 Key=Created,Value=1487273083
INSTANCE i-0c216734d128c6375
INSTANCE NAME: abfinance_top20_ubuntu_app03
Tagging Snapshot snap-01f9ae3fc22d513b4 with the following Tags: Key=CreatedBy,Value=ec2-automate-backup Key=InstanceId,Value=i-0c216734d128c6375 Key=InstanceName,Value=abfinance_top20_ubuntu_app03 Key=PurgeAfterFE,Value=1489865083 Key=PurgeAllow,Value=true Key=Volume,Value=vol-0cc56bc37e58a69f8 Key=Created,Value=1487273083
INSTANCE i-0c216734d128c6375
INSTANCE NAME: abfinance_top20_ubuntu_app03
Tagging Snapshot snap-0c3c5c201cc654f4e with the following Tags: Key=CreatedBy,Value=ec2-automate-backup Key=InstanceId,Value=i-0c216734d128c6375 Key=InstanceName,Value=abfinance_top20_ubuntu_app03 Key=PurgeAfterFE,Value=1489865083 Key=PurgeAllow,Value=true Key=Volume,Value=vol-07fdebcf5a0e444be Key=Created,Value=1487273083
INSTANCE i-00a83f954cf74b49c
INSTANCE NAME: abfinance_top20_ubuntu_db01
Tagging Snapshot snap-01210579dcfd6424a with the following Tags: Key=CreatedBy,Value=ec2-automate-backup Key=InstanceId,Value=i-00a83f954cf74b49c Key=InstanceName,Value=abfinance_top20_ubuntu_db01 Key=PurgeAfterFE,Value=1489865083 Key=PurgeAllow,Value=true Key=Volume,Value=vol-0689fe07556ce52b6 Key=Created,Value=1487273083
INSTANCE i-00a83f954cf74b49c
INSTANCE NAME: abfinance_top20_ubuntu_db01
Tagging Snapshot snap-066b380c9601e0502 with the following Tags: Key=CreatedBy,Value=ec2-automate-backup Key=InstanceId,Value=i-00a83f954cf74b49c Key=InstanceName,Value=abfinance_top20_ubuntu_db01 Key=PurgeAfterFE,Value=1489865083 Key=PurgeAllow,Value=true Key=Volume,Value=vol-06d9a2487a760806c Key=Created,Value=1487273083
INSTANCE i-09614d304ca622c2e
INSTANCE NAME: abfinance_db01
Tagging Snapshot snap-0efad1fefcb6ef202 with the following Tags: Key=CreatedBy,Value=ec2-automate-backup Key=InstanceId,Value=i-09614d304ca622c2e Key=InstanceName,Value=abfinance_db01 Key=PurgeAfterFE,Value=1489865083 Key=PurgeAllow,Value=true Key=Volume,Value=vol-0c7bfa0ebf99f741e Key=Created,Value=1487273083
INSTANCE i-09614d304ca622c2e
INSTANCE NAME: abfinance_db01
Tagging Snapshot snap-05531b380f8bc5740 with the following Tags: Key=CreatedBy,Value=ec2-automate-backup Key=InstanceId,Value=i-09614d304ca622c2e Key=InstanceName,Value=abfinance_db01 Key=PurgeAfterFE,Value=1489865083 Key=PurgeAllow,Value=true Key=Volume,Value=vol-07864df19d9ea6dd1 Key=Created,Value=1487273083
INSTANCE i-09614d304ca622c2e
INSTANCE NAME: abfinance_db01
Tagging Snapshot snap-0b4a3769323d27138 with the following Tags: Key=CreatedBy,Value=ec2-automate-backup Key=InstanceId,Value=i-09614d304ca622c2e Key=InstanceName,Value=abfinance_db01 Key=PurgeAfterFE,Value=1489865083 Key=PurgeAllow,Value=true Key=Volume,Value=vol-076d04fffdc647343 Key=Created,Value=1487273083
INSTANCE i-09614d304ca622c2e
INSTANCE NAME: abfinance_db01
Tagging Snapshot snap-02977484aa46a79e7 with the following Tags: Key=CreatedBy,Value=ec2-automate-backup Key=InstanceId,Value=i-09614d304ca622c2e Key=InstanceName,Value=abfinance_db01 Key=PurgeAfterFE,Value=1489865083 Key=PurgeAllow,Value=true Key=Volume,Value=vol-0f6a730738cff2c86 Key=Created,Value=1487273083
INSTANCE i-084540b57e4187648
INSTANCE NAME: abfinance_fileshare01
Tagging Snapshot snap-067e87a4195c1b6f9 with the following Tags: Key=CreatedBy,Value=ec2-automate-backup Key=InstanceId,Value=i-084540b57e4187648 Key=InstanceName,Value=abfinance_fileshare01 Key=PurgeAfterFE,Value=1489865083 Key=PurgeAllow,Value=true Key=Volume,Value=vol-0fabf5c1d62646d8a Key=Created,Value=1487273083
INSTANCE i-084540b57e4187648
INSTANCE NAME: abfinance_fileshare01
Tagging Snapshot snap-09568682867189e78 with the following Tags: Key=CreatedBy,Value=ec2-automate-backup Key=InstanceId,Value=i-084540b57e4187648 Key=InstanceName,Value=abfinance_fileshare01 Key=PurgeAfterFE,Value=1489865083 Key=PurgeAllow,Value=true Key=Volume,Value=vol-03e0f7adfeb97a6d9 Key=Created,Value=1487273083
INSTANCE i-009d3dba5cea1a5fd
INSTANCE NAME: abfinance_lcb_admin01
Tagging Snapshot snap-024d6a1c6f104919c with the following Tags: Key=CreatedBy,Value=ec2-automate-backup Key=InstanceId,Value=i-009d3dba5cea1a5fd Key=InstanceName,Value=abfinance_lcb_admin01 Key=PurgeAfterFE,Value=1489865083 Key=PurgeAllow,Value=true Key=Volume,Value=vol-08e53cbca7fc7d50f Key=Created,Value=1487273083
INSTANCE i-009d3dba5cea1a5fd
INSTANCE NAME: abfinance_lcb_admin01
Tagging Snapshot snap-00dbe33f1558e9cea with the following Tags: Key=CreatedBy,Value=ec2-automate-backup Key=InstanceId,Value=i-009d3dba5cea1a5fd Key=InstanceName,Value=abfinance_lcb_admin01 Key=PurgeAfterFE,Value=1489865083 Key=PurgeAllow,Value=true Key=Volume,Value=vol-070270ceedb98dca2 Key=Created,Value=1487273083
INSTANCE i-0c692d9224afa0bfa
INSTANCE NAME: abfinance_lcb_production01
Tagging Snapshot snap-0669624fdef08e136 with the following Tags: Key=CreatedBy,Value=ec2-automate-backup Key=InstanceId,Value=i-0c692d9224afa0bfa Key=InstanceName,Value=abfinance_lcb_production01 Key=PurgeAfterFE,Value=1489865083 Key=PurgeAllow,Value=true Key=Volume,Value=vol-03b3d8c0e1cadf8c1 Key=Created,Value=1487273083
INSTANCE i-0e36e12e65d6b4a4e
INSTANCE NAME: abfinance_lcb_sales01
Tagging Snapshot snap-0f0e0fd4aece965a1 with the following Tags: Key=CreatedBy,Value=ec2-automate-backup Key=InstanceId,Value=i-0e36e12e65d6b4a4e Key=InstanceName,Value=abfinance_lcb_sales01 Key=PurgeAfterFE,Value=1489865083 Key=PurgeAllow,Value=true Key=Volume,Value=vol-08e5740f9ae393ab6 Key=Created,Value=1487273083
INSTANCE i-0c692d9224afa0bfa
INSTANCE NAME: abfinance_lcb_production01
Tagging Snapshot snap-038ce3c695947bd78 with the following Tags: Key=CreatedBy,Value=ec2-automate-backup Key=InstanceId,Value=i-0c692d9224afa0bfa Key=InstanceName,Value=abfinance_lcb_production01 Key=PurgeAfterFE,Value=1489865083 Key=PurgeAllow,Value=true Key=Volume,Value=vol-0734128d6832a8b05 Key=Created,Value=1487273083
INSTANCE i-09c2eabe897e928a7
INSTANCE NAME: abfinance_lcb_webview01
Tagging Snapshot snap-01e519d34770d6385 with the following Tags: Key=CreatedBy,Value=ec2-automate-backup Key=InstanceId,Value=i-09c2eabe897e928a7 Key=InstanceName,Value=abfinance_lcb_webview01 Key=PurgeAfterFE,Value=1489865083 Key=PurgeAllow,Value=true Key=Volume,Value=vol-08656f7f1440aa14a Key=Created,Value=1487273083
INSTANCE i-09c2eabe897e928a7
INSTANCE NAME: abfinance_lcb_webview01
Tagging Snapshot snap-04899dae329898897 with the following Tags: Key=CreatedBy,Value=ec2-automate-backup Key=InstanceId,Value=i-09c2eabe897e928a7 Key=InstanceName,Value=abfinance_lcb_webview01 Key=PurgeAfterFE,Value=1489865083 Key=PurgeAllow,Value=true Key=Volume,Value=vol-0aa81463a2ad03c7a Key=Created,Value=1487273083
INSTANCE i-0518c045d2be93427
INSTANCE NAME: abfinance_nat01
Tagging Snapshot snap-00e724b224afc3d50 with the following Tags: Key=CreatedBy,Value=ec2-automate-backup Key=InstanceId,Value=i-0518c045d2be93427 Key=InstanceName,Value=abfinance_nat01 Key=PurgeAfterFE,Value=1489865083 Key=PurgeAllow,Value=true Key=Volume,Value=vol-0d9130bb61c0d4c56 Key=Created,Value=1487273083
INSTANCE i-0e36e12e65d6b4a4e
INSTANCE NAME: abfinance_lcb_sales01
Tagging Snapshot snap-0ab41080032684b50 with the following Tags: Key=CreatedBy,Value=ec2-automate-backup Key=InstanceId,Value=i-0e36e12e65d6b4a4e Key=InstanceName,Value=abfinance_lcb_sales01 Key=PurgeAfterFE,Value=1489865083 Key=PurgeAllow,Value=true Key=Volume,Value=vol-023127c32f4b64e52 Key=Created,Value=1487273083
INSTANCE i-0518c045d2be93427
INSTANCE NAME: abfinance_nat01
Tagging Snapshot snap-0b13af30e27e05eeb with the following Tags: Key=CreatedBy,Value=ec2-automate-backup Key=InstanceId,Value=i-0518c045d2be93427 Key=InstanceName,Value=abfinance_nat01 Key=PurgeAfterFE,Value=1489865083 Key=PurgeAllow,Value=true Key=Volume,Value=vol-0528c98fb329dffea Key=Created,Value=1487273083
INSTANCE i-038656cd0a5878996
INSTANCE NAME: abfinance_lcb_webview03
Tagging Snapshot snap-00aa1dcd153f0bdc0 with the following Tags: Key=CreatedBy,Value=ec2-automate-backup Key=InstanceId,Value=i-038656cd0a5878996 Key=InstanceName,Value=abfinance_lcb_webview03 Key=PurgeAfterFE,Value=1489865083 Key=PurgeAllow,Value=true Key=Volume,Value=vol-029a78effd0af4174 Key=Created,Value=1487273083
INSTANCE i-038656cd0a5878996
INSTANCE NAME: abfinance_lcb_webview03
Tagging Snapshot snap-0b31d6a36070dbb5f with the following Tags: Key=CreatedBy,Value=ec2-automate-backup Key=InstanceId,Value=i-038656cd0a5878996 Key=InstanceName,Value=abfinance_lcb_webview03 Key=PurgeAfterFE,Value=1489865083 Key=PurgeAllow,Value=true Key=Volume,Value=vol-0f119584d4b9ada06 Key=Created,Value=1487273083
INSTANCE i-071c0e09746a7cab2
INSTANCE NAME: abfinance_top20_ubuntu_app01
Tagging Snapshot snap-07fca1dfecc33cb90 with the following Tags: Key=CreatedBy,Value=ec2-automate-backup Key=InstanceId,Value=i-071c0e09746a7cab2 Key=InstanceName,Value=abfinance_top20_ubuntu_app01 Key=PurgeAfterFE,Value=1489865083 Key=PurgeAllow,Value=true Key=Volume,Value=vol-028c8b322e5479cf7 Key=Created,Value=1487273083
INSTANCE i-071c0e09746a7cab2
INSTANCE NAME: abfinance_top20_ubuntu_app01
Tagging Snapshot snap-0af507335033ae5d6 with the following Tags: Key=CreatedBy,Value=ec2-automate-backup Key=InstanceId,Value=i-071c0e09746a7cab2 Key=InstanceName,Value=abfinance_top20_ubuntu_app01 Key=PurgeAfterFE,Value=1489865083 Key=PurgeAllow,Value=true Key=Volume,Value=vol-07635e1c11c362ee7 Key=Created,Value=1487273083
INSTANCE i-071c0e09746a7cab2
INSTANCE NAME: abfinance_top20_ubuntu_app01
Tagging Snapshot snap-0849c4177e56dc9bd with the following Tags: Key=CreatedBy,Value=ec2-automate-backup Key=InstanceId,Value=i-071c0e09746a7cab2 Key=InstanceName,Value=abfinance_top20_ubuntu_app01 Key=PurgeAfterFE,Value=1489865083 Key=PurgeAllow,Value=true Key=Volume,Value=vol-04f6f153979ec4e04 Key=Created,Value=1487273083
INSTANCE i-071c0e09746a7cab2
INSTANCE NAME: abfinance_top20_ubuntu_app01
Tagging Snapshot snap-04f1c09b91a58398f with the following Tags: Key=CreatedBy,Value=ec2-automate-backup Key=InstanceId,Value=i-071c0e09746a7cab2 Key=InstanceName,Value=abfinance_top20_ubuntu_app01 Key=PurgeAfterFE,Value=1489865083 Key=PurgeAllow,Value=true Key=Volume,Value=vol-05313c753118b3f0e Key=Created,Value=1487273083
INSTANCE i-04301c43465272923
INSTANCE NAME: abfinance_top20_ubuntu_app05
Tagging Snapshot snap-05d88964d2bf654e8 with the following Tags: Key=CreatedBy,Value=ec2-automate-backup Key=InstanceId,Value=i-04301c43465272923 Key=InstanceName,Value=abfinance_top20_ubuntu_app05 Key=PurgeAfterFE,Value=1489865083 Key=PurgeAllow,Value=true Key=Volume,Value=vol-042ff0cf25d5159f1 Key=Created,Value=1487273083
INSTANCE i-04301c43465272923
INSTANCE NAME: abfinance_top20_ubuntu_app05
Tagging Snapshot snap-04435cf85e9d4ec2f with the following Tags: Key=CreatedBy,Value=ec2-automate-backup Key=InstanceId,Value=i-04301c43465272923 Key=InstanceName,Value=abfinance_top20_ubuntu_app05 Key=PurgeAfterFE,Value=1489865083 Key=PurgeAllow,Value=true Key=Volume,Value=vol-000debe3735b701da Key=Created,Value=1487273083
INSTANCE i-04301c43465272923
INSTANCE NAME: abfinance_top20_ubuntu_app05
Tagging Snapshot snap-0614f4f5be79f3f7a with the following Tags: Key=CreatedBy,Value=ec2-automate-backup Key=InstanceId,Value=i-04301c43465272923 Key=InstanceName,Value=abfinance_top20_ubuntu_app05 Key=PurgeAfterFE,Value=1489865083 Key=PurgeAllow,Value=true Key=Volume,Value=vol-01bc3463f6ddd3d8d Key=Created,Value=1487273083
INSTANCE i-04301c43465272923
INSTANCE NAME: abfinance_top20_ubuntu_app05
Tagging Snapshot snap-0f465716d1eadbb24 with the following Tags: Key=CreatedBy,Value=ec2-automate-backup Key=InstanceId,Value=i-04301c43465272923 Key=InstanceName,Value=abfinance_top20_ubuntu_app05 Key=PurgeAfterFE,Value=1489865083 Key=PurgeAllow,Value=true Key=Volume,Value=vol-0ce01a4e917347781 Key=Created,Value=1487273083
INSTANCE i-061100ef3944cdc9f
INSTANCE NAME: abfinance_waf01
Tagging Snapshot snap-0112f3bb838b78d74 with the following Tags: Key=CreatedBy,Value=ec2-automate-backup Key=InstanceId,Value=i-061100ef3944cdc9f Key=InstanceName,Value=abfinance_waf01 Key=PurgeAfterFE,Value=1489865083 Key=PurgeAllow,Value=true Key=Volume,Value=vol-047bd2af9ad7b8607 Key=Created,Value=1487273083
INSTANCE i-061100ef3944cdc9f
INSTANCE NAME: abfinance_waf01
Tagging Snapshot snap-0f9eec64631128273 with the following Tags: Key=CreatedBy,Value=ec2-automate-backup Key=InstanceId,Value=i-061100ef3944cdc9f Key=InstanceName,Value=abfinance_waf01 Key=PurgeAfterFE,Value=1489865083 Key=PurgeAllow,Value=true Key=Volume,Value=vol-033f40c6a90487e43 Key=Created,Value=1487273083
INSTANCE i-061100ef3944cdc9f
INSTANCE NAME: abfinance_waf01
Tagging Snapshot snap-039d0385efae4bc68 with the following Tags: Key=CreatedBy,Value=ec2-automate-backup Key=InstanceId,Value=i-061100ef3944cdc9f Key=InstanceName,Value=abfinance_waf01 Key=PurgeAfterFE,Value=1489865083 Key=PurgeAllow,Value=true Key=Volume,Value=vol-0e7a9cd48468a007e Key=Created,Value=1487273083
Snapshot Purging is Starting Now.
Snapshot "snap-0b727df07788a8040" with the PurgeAfterFE date of "1487273056" will be deleted.
Snapshot "snap-007809f65371d9780" with the PurgeAfterFE date of "1487273056" will be deleted.
Snapshot "snap-0604f58460a5e8dff" with the PurgeAfterFE date of "1487273056" will be deleted.
Snapshot "snap-0a66c9497c0e278a9" with the PurgeAfterFE date of "1487273056" will be deleted.
Snapshot "snap-0bb4328e67f44fb83" with the PurgeAfterFE date of "1487273056" will be deleted.
Snapshot "snap-0539e3e9c486df66c" with the PurgeAfterFE date of "1487273056" will be deleted.
Snapshot "snap-0e89060bc44918643" with the PurgeAfterFE date of "1487273056" will be deleted.
Snapshot "snap-05a15b9ab75d1149d" with the PurgeAfterFE date of "1487273056" will be deleted.
Snapshot "snap-01c478b73b2aac4af" with the PurgeAfterFE date of "1487273056" will be deleted.
Snapshot "snap-0bc4c17a3c9661214" with the PurgeAfterFE date of "1487273056" will be deleted.
Snapshot "snap-0804c05e542aca137" with the PurgeAfterFE date of "1487273056" will be deleted.
Snapshot "snap-03c12eb0029888dd3" with the PurgeAfterFE date of "1487273056" will be deleted.
Snapshot "snap-066896c66c45cd4cb" with the PurgeAfterFE date of "1487273056" will be deleted.
Snapshot "snap-03a6d116af2b167e0" with the PurgeAfterFE date of "1487273056" will be deleted.
Snapshot "snap-0ece2a3ff0a42c25e" with the PurgeAfterFE date of "1487273056" will be deleted.
Snapshot "snap-0df25d745c2bd0e26" with the PurgeAfterFE date of "1487273056" will be deleted.
Snapshot "snap-058183a935cde3234" with the PurgeAfterFE date of "1487273056" will be deleted.
Snapshot "snap-054d9e0fed42eaa51" with the PurgeAfterFE date of "1487273056" will be deleted.
Snapshot "snap-07df64b44d74d97f8" with the PurgeAfterFE date of "1487273056" will be deleted.
Snapshot "snap-03b160b2f5c91223c" with the PurgeAfterFE date of "1487273056" will be deleted.
Snapshot "snap-0fe6be09977fea189" with the PurgeAfterFE date of "1487273056" will be deleted.
Snapshot "snap-0be6f5272e8b72fa2" with the PurgeAfterFE date of "1487273056" will be deleted.
Snapshot "snap-0ed382fcd18dfd3db" with the PurgeAfterFE date of "1487273056" will be deleted.
Snapshot "snap-0e1cffcf1f1d81af8" with the PurgeAfterFE date of "1487273056" will be deleted.
Snapshot "snap-0cfac8c00308bd585" with the PurgeAfterFE date of "1487273056" will be deleted.
Snapshot "snap-0d9751427f9aeb2e8" with the PurgeAfterFE date of "1487273056" will be deleted.
Snapshot "snap-053180bf05004d532" with the PurgeAfterFE date of "1487273056" will be deleted.
Snapshot "snap-05c87a6a25de98237" with the PurgeAfterFE date of "1487273056" will be deleted.
Snapshot "snap-07f88f80ed83d4f33" with the PurgeAfterFE date of "1487273056" will be deleted.
Snapshot "snap-014f98b11c78f17d3" with the PurgeAfterFE date of "1487273056" will be deleted.
Snapshot "snap-0d8cff0cd5f67de3d" with the PurgeAfterFE date of "1487273056" will be deleted.
Snapshot "snap-05819266ebf4d3821" with the PurgeAfterFE date of "1487273056" will be deleted.
Snapshot "snap-0c66c1fb23c036997" with the PurgeAfterFE date of "1487273056" will be deleted.
Snapshot "snap-02bd2eb85eeacf833" with the PurgeAfterFE date of "1487273056" will be deleted.
Snapshot "snap-072986d8f1485959f" with the PurgeAfterFE date of "1487273056" will be deleted.
Snapshot "snap-063a61429de5550f0" with the PurgeAfterFE date of "1487273056" will be deleted.
Snapshot "snap-0d80f76dff8bb5415" with the PurgeAfterFE date of "1487273056" will be deleted.
Snapshot "snap-0f03c1aa0271ba158" with the PurgeAfterFE date of "1487273056" will be deleted.
Snapshot "snap-034868899c600b59b" with the PurgeAfterFE date of "1487273056" will be deleted.
Snapshot "snap-05eb3f731638cc951" with the PurgeAfterFE date of "1487273056" will be deleted.
Snapshot "snap-0b8ce7994e7fbcabc" with the PurgeAfterFE date of "1487273056" will be deleted.
Snapshot "snap-0fc5bbd2758786593" with the PurgeAfterFE date of "1487273056" will be deleted.
Snapshot "snap-0813803140331e439" with the PurgeAfterFE date of "1487273056" will be deleted.
Snapshot "snap-03e182455d8411c85" with the PurgeAfterFE date of "1487273056" will be deleted.
Snapshot "snap-039212b8edecd3b30" with the PurgeAfterFE date of "1487273056" will be deleted.
Snapshot "snap-0c3a6c4521656e12b" with the PurgeAfterFE date of "1487273056" will be deleted.
Snapshot "snap-04d5e5f1bd0df7590" with the PurgeAfterFE date of "1487273056" will be deleted.
Snapshot "snap-029e7f1212793f55a" with the PurgeAfterFE date of "1487273056" will be deleted.
Snapshot "snap-0bb76b95a414739f3" with the PurgeAfterFE date of "1487273056" will be deleted.
Snapshot "snap-0161c29b92946a219" with the PurgeAfterFE date of "1487273056" will be deleted.
Snapshot "snap-052d175e1b16cd8c7" with the PurgeAfterFE date of "1487273056" will be deleted.
Snapshot "snap-0a42824c680f43bff" with the PurgeAfterFE date of "1487273056" will be deleted.
Snapshot "snap-07224a2e0a33c6ef8" with the PurgeAfterFE date of "1487273056" will be deleted.
Snapshot "snap-04b8f5297bd210475" with the PurgeAfterFE date of "1487273056" will be deleted.
Snapshot "snap-06511c58787653957" with the PurgeAfterFE date of "1487273056" will be deleted.
Snapshot "snap-0a8c10536f4055457" with the PurgeAfterFE date of "1487273056" will be deleted.
Snapshot "snap-0582d364a4fc4333e" with the PurgeAfterFE date of "1487273056" will be deleted.
Snapshot "snap-09e32492f3f283292" with the PurgeAfterFE date of "1487273056" will be deleted.
Snapshot "snap-0df61830e2fbab8c8" with the PurgeAfterFE date of "1487273056" will be deleted.
Snapshot "snap-036533d79a13a568b" with the PurgeAfterFE date of "1487273056" will be deleted.
Snapshot "snap-0a306d90feca1a8c6" with the PurgeAfterFE date of "1487273056" will be deleted.
Snapshot "snap-0513c503809f2ce53" with the PurgeAfterFE date of "1487273056" will be deleted.
Snapshot "snap-02e9038c8b4190f67" with the PurgeAfterFE date of "1487273056" will be deleted.
Snapshot "snap-06fa0c800dd9b0220" with the PurgeAfterFE date of "1487273056" will be deleted.
Snapshot "snap-06b5ab13d4b0f3e56" with the PurgeAfterFE date of "1487273056" will be deleted.
Snapshot "snap-0c8b864eabe9dc283" with the PurgeAfterFE date of "1487273056" will be deleted.
Snapshot "snap-0633daf6f25485029" with the PurgeAfterFE date of "1487273056" will be deleted.
Snapshot "snap-07d4aaade649a75b3" with the PurgeAfterFE date of "1487273056" will be deleted.
Snapshot "snap-0d70733fe7b4eca01" with the PurgeAfterFE date of "1487273056" will be deleted.
Snapshot "snap-0ffdbc4d1aca5ba8e" with the PurgeAfterFE date of "1487273056" will be deleted.
Snapshot "snap-0c01edc9e792aa704" with the PurgeAfterFE date of "1487273056" will be deleted.
Snapshot "snap-0725267389605d33c" with the PurgeAfterFE date of "1487273056" will be deleted.
Snapshot "snap-04ffdb9d931a6bc01" with the PurgeAfterFE date of "1487273056" will be deleted.
Snapshot "snap-0b3035dd560fc1b1f" with the PurgeAfterFE date of "1487273056" will be deleted.
Snapshot "snap-02732e70efdf0854f" with the PurgeAfterFE date of "1487273056" will be deleted.
Snapshot "snap-0343d85880c3a8b0d" with the PurgeAfterFE date of "1487273056" will be deleted.
Snapshot "snap-0d1439831556c6cbd" with the PurgeAfterFE date of "1487273056" will be deleted.
Snapshot "snap-0c82d5d6e62653599" with the PurgeAfterFE date of "1487273056" will be deleted.
Snapshot "snap-048b80f626e7000c8" with the PurgeAfterFE date of "1487273056" will be deleted.
Snapshot "snap-092278461141d689c" with the PurgeAfterFE date of "1487273056" will be deleted.
Snapshot "snap-0c1b08fec57942980" with the PurgeAfterFE date of "1487273056" will be deleted.
Snapshot "snap-03cd5787887f08df0" with the PurgeAfterFE date of "1487273056" will be deleted.
Snapshot "snap-0f2b726a325ba3357" with the PurgeAfterFE date of "1487273056" will be deleted.
Snapshot "snap-0eb00a059117aedb7" with the PurgeAfterFE date of "1487273056" will be deleted.
Snapshot "snap-0b213ea49746de974" with the PurgeAfterFE date of "1487273056" will be deleted.
Snapshot "snap-04a163baf78fe170d" with the PurgeAfterFE date of "1487273056" will be deleted.
Snapshot "snap-0db7c08e9eb009177" with the PurgeAfterFE date of "1487273056" will be deleted.
Snapshot "snap-03500ec9393529679" with the PurgeAfterFE date of "1487273056" will be deleted.
Snapshot "snap-02df4f6ef20d1e2aa" with the PurgeAfterFE date of "1487273056" will be deleted.
Snapshot "snap-0e063d4965dd87f27" with the PurgeAfterFE date of "1487273056" will be deleted.
Snapshot "snap-0fb97e140db6905cc" with the PurgeAfterFE date of "1487273056" will be deleted.
Snapshot "snap-01be237c07282c7ff" with the PurgeAfterFE date of "1487273056" will be deleted.
Snapshot "snap-0f981de870c55e783" with the PurgeAfterFE date of "1487273056" will be deleted.
Snapshot "snap-0a95ea7d8671dadcd" with the PurgeAfterFE date of "1487273056" will be deleted.
Snapshot "snap-0507882093153fb7d" with the PurgeAfterFE date of "1487273056" will be deleted.
Snapshot "snap-0012b62a06e1abd98" with the PurgeAfterFE date of "1487273056" will be deleted.
Snapshot "snap-0ffdd765bf276d9ef" with the PurgeAfterFE date of "1487273056" will be deleted.
Snapshot "snap-070d61240d239eb9d" with the PurgeAfterFE date of "1487273056" will be deleted.
Snapshot "snap-014785fcaa1fb1040" with the PurgeAfterFE date of "1487273056" will be deleted.
Snapshot "snap-027db5d36180ce8a2" with the PurgeAfterFE date of "1487273056" will be deleted.
Snapshot "snap-0b63eda5ff0f7b547" with the PurgeAfterFE date of "1487273056" will be deleted.
Snapshot "snap-01d5847feb8a12a21" with the PurgeAfterFE date of "1487273056" will be deleted.
Snapshot "snap-0ae54cd5500a7b8d6" with the PurgeAfterFE date of "1487273056" will be deleted.
Snapshot "snap-0aae4ba0b4daa288c" with the PurgeAfterFE date of "1487273056" will be deleted.
Snapshot "snap-03c7e8d39a2b7232d" with the PurgeAfterFE date of "1487273056" will be deleted.
Snapshot "snap-04fc74eb1dae481dd" with the PurgeAfterFE date of "1487273056" will be deleted.
Snapshot "snap-02d7f1caf1ccd96c1" with the PurgeAfterFE date of "1487273056" will be deleted.
Snapshot "snap-06b2fbec4b933eea9" with the PurgeAfterFE date of "1487273056" will be deleted.
Snapshot "snap-06e3bcd4d9916dde8" with the PurgeAfterFE date of "1487273056" will be deleted.
Snapshot "snap-0cc834afaf7ff3717" with the PurgeAfterFE date of "1487273056" will be deleted.
Snapshot "snap-0f03ec1a0fd0080ca" with the PurgeAfterFE date of "1487273056" will be deleted.
Snapshot "snap-0f81158fc7de0f802" with the PurgeAfterFE date of "1487273056" will be deleted.
Snapshot "snap-02cafb2f426d776d9" with the PurgeAfterFE date of "1487273056" will be deleted.
Snapshot "snap-0ecb7b221b07bc007" with the PurgeAfterFE date of "1487273056" will be deleted.
Snapshot "snap-06a369216633b7851" with the PurgeAfterFE date of "1487273056" will be deleted.
Snapshot "snap-0a4fcdaf64acd4d97" with the PurgeAfterFE date of "1487273056" will be deleted.
Snapshot "snap-06c9b624a5c1f5beb" with the PurgeAfterFE date of "1487273056" will be deleted.
Snapshot "snap-078b18c1c093f71c1" with the PurgeAfterFE date of "1487273056" will be deleted.
Snapshot "snap-09ef40999aee17669" with the PurgeAfterFE date of "1487273056" will be deleted.
Snapshot "snap-0830c1686460c3705" with the PurgeAfterFE date of "1487273056" will be deleted.
Snapshot "snap-0309126aa9aac8d89" with the PurgeAfterFE date of "1487273056" will be deleted.
Snapshot "snap-01d23f7e203e54257" with the PurgeAfterFE date of "1487273056" will be deleted.
Snapshot "snap-04178902ad7b808f8" with the PurgeAfterFE date of "1487273056" will be deleted.
Snapshot "snap-071b7f1e6d8e77fdb" with the PurgeAfterFE date of "1487273056" will be deleted.
Snapshot "snap-066edc4ec4b1a37db" with the PurgeAfterFE date of "1487273056" will be deleted.
Snapshot "snap-0d963e30dd3afc7f5" with the PurgeAfterFE date of "1487273056" will be deleted.
Snapshot "snap-0233e612e1bf7b44b" with the PurgeAfterFE date of "1487273056" will be deleted.
Snapshot "snap-0ac144ed909050658" with the PurgeAfterFE date of "1487273056" will be deleted.
Snapshot "snap-09c2634af8f450bcb" with the PurgeAfterFE date of "1487273056" will be deleted.
Snapshot "snap-05030cb81fdfe68aa" with the PurgeAfterFE date of "1487273056" will be deleted.
Snapshot "snap-07e3e81fe0951536e" with the PurgeAfterFE date of "1487273056" will be deleted.
Snapshot "snap-02c6064b813f8e7dd" with the PurgeAfterFE date of "1487273056" will be deleted.
Snapshot "snap-0abc5009cfbd1ddaa" with the PurgeAfterFE date of "1487273056" will be deleted.
Snapshot "snap-0e02ed14b8821ca70" with the PurgeAfterFE date of "1487273056" will be deleted.
Snapshot "snap-0aa37c782cf83d24b" with the PurgeAfterFE date of "1487273056" will be deleted.
Snapshot "snap-0c166eee83b800273" with the PurgeAfterFE date of "1487273056" will be deleted.
Snapshot "snap-06569b545dec048cd" with the PurgeAfterFE date of "1487273056" will be deleted.
Snapshot "snap-04ad00a21b9bd0acc" with the PurgeAfterFE date of "1487273056" will be deleted.
Snapshot "snap-08a6e130d3434d8aa" with the PurgeAfterFE date of "1487273056" will be deleted.
Snapshot "snap-0e86b3c7fceade8ca" with the PurgeAfterFE date of "1487273056" will be deleted.
Snapshot "snap-02794a82b5c4e8209" with the PurgeAfterFE date of "1487273056" will be deleted.
Snapshot "snap-0afe1b6ce22417d86" with the PurgeAfterFE date of "1487273056" will be deleted.
Snapshot "snap-0ea3b012aa27345a0" with the PurgeAfterFE date of "1487273056" will be deleted.
Snapshot "snap-042f723cf2b0549e2" with the PurgeAfterFE date of "1487273056" will be deleted.
Snapshot "snap-06b6f2f85fec4f231" with the PurgeAfterFE date of "1487273056" will be deleted.
Snapshot "snap-0e89e535b2c5a0e25" with the PurgeAfterFE date of "1487273056" will be deleted.
Snapshot "snap-09560e2a3b1a7b1fa" with the PurgeAfterFE date of "1487273056" will be deleted.
Snapshot "snap-09aa5b3da7595908a" with the PurgeAfterFE date of "1487273056" will be deleted.
Snapshot "snap-0f6c851f602ae6dab" with the PurgeAfterFE date of "1487273056" will be deleted.
Snapshot "snap-02024ecee28858184" with the PurgeAfterFE date of "1487273056" will be deleted.
Snapshot "snap-05e431e6db87ef5a2" with the PurgeAfterFE date of "1487273056" will be deleted.
Snapshot "snap-018876455f25c6015" with the PurgeAfterFE date of "1487273056" will be deleted.
Snapshot "snap-00a1c24c4e814d732" with the PurgeAfterFE date of "1487273056" will be deleted.
Snapshot "snap-031ab942506c0b041" with the PurgeAfterFE date of "1487273056" will be deleted.
Snapshot "snap-0be85fd91753f5944" with the PurgeAfterFE date of "1487273056" will be deleted.
Snapshot "snap-042fbab1b79c33ad8" with the PurgeAfterFE date of "1487273056" will be deleted.
Snapshot "snap-062c19955d7791ef7" with the PurgeAfterFE date of "1487273056" will be deleted.
Snapshot "snap-0a58d92e7ff121de4" with the PurgeAfterFE date of "1487273056" will be deleted.
Snapshot "snap-0fbeca0ad64380a56" with the PurgeAfterFE date of "1487273056" will be deleted.
Snapshot "snap-04ac91a21281c4900" with the PurgeAfterFE date of "1487273056" will be deleted.
Snapshot "snap-06050fde612566694" with the PurgeAfterFE date of "1487273056" will be deleted.
Snapshot "snap-098d82adc638333e8" with the PurgeAfterFE date of "1487186552" will be deleted.
Snapshot "snap-0db72b40acef80350" with the PurgeAfterFE date of "1487186552" will be deleted.
Snapshot "snap-0f1b5d4a32022f225" with the PurgeAfterFE date of "1487186552" will be deleted.
Snapshot "snap-0774a109667a5fa7b" with the PurgeAfterFE date of "1487186552" will be deleted.
Snapshot "snap-097ff79d6fb8b974e" with the PurgeAfterFE date of "1487186552" will be deleted.
Snapshot "snap-0f94589d7ef5fe470" with the PurgeAfterFE date of "1487186552" will be deleted.
Snapshot "snap-051c685bc51777b8b" with the PurgeAfterFE date of "1487186552" will be deleted.
Snapshot "snap-03a98cbc49fc3ae10" with the PurgeAfterFE date of "1487186552" will be deleted.
Snapshot "snap-013e0421115e6d69f" with the PurgeAfterFE date of "1487186552" will be deleted.
Snapshot "snap-03ae16760916ca57e" with the PurgeAfterFE date of "1487186552" will be deleted.
Snapshot "snap-053c0310c34ac7749" with the PurgeAfterFE date of "1487186552" will be deleted.
Snapshot "snap-08eaad82bd9a74ab8" with the PurgeAfterFE date of "1487186552" will be deleted.
Snapshot "snap-0c7d3c0f8156d1870" with the PurgeAfterFE date of "1487186552" will be deleted.
Snapshot "snap-05ec528fc0d30a3b7" with the PurgeAfterFE date of "1487186552" will be deleted.
Snapshot "snap-0138914844a670e3e" with the PurgeAfterFE date of "1487186552" will be deleted.
Snapshot "snap-00bd36d4514370948" with the PurgeAfterFE date of "1487186552" will be deleted.
Snapshot "snap-00f230540f98a2ee5" with the PurgeAfterFE date of "1487186552" will be deleted.
Snapshot "snap-0277add906a6caf25" with the PurgeAfterFE date of "1487186552" will be deleted.
Snapshot "snap-0cae765c38f4ee7fe" with the PurgeAfterFE date of "1487186552" will be deleted.
Snapshot "snap-0c2d3f1e48dfd9528" with the PurgeAfterFE date of "1487186552" will be deleted.
Snapshot "snap-0f09c1f553c73b003" with the PurgeAfterFE date of "1487186552" will be deleted.
Snapshot "snap-0b3b3682ec0ae3455" with the PurgeAfterFE date of "1487186552" will be deleted.
Snapshot "snap-00ce14393d6526c60" with the PurgeAfterFE date of "1487186552" will be deleted.
Snapshot "snap-00c673bcbb84edd96" with the PurgeAfterFE date of "1487186552" will be deleted.
Snapshot "snap-0551cf5ce3e0e576c" with the PurgeAfterFE date of "1487186552" will be deleted.
Snapshot "snap-0a26b38ed72cfeac6" with the PurgeAfterFE date of "1487186552" will be deleted.
Snapshot "snap-00e010c272fc65105" with the PurgeAfterFE date of "1487186552" will be deleted.
Snapshot "snap-091c8995c38398045" with the PurgeAfterFE date of "1487186552" will be deleted.
Snapshot "snap-0497fae13cae74ba8" with the PurgeAfterFE date of "1487186552" will be deleted.
Snapshot "snap-011129e982d634d5b" with the PurgeAfterFE date of "1487186552" will be deleted.
Snapshot "snap-076bf93f0c57e3552" with the PurgeAfterFE date of "1487186552" will be deleted.
Snapshot "snap-00838fa224bd91b1e" with the PurgeAfterFE date of "1487186552" will be deleted.
Snapshot "snap-0d3f1ae9a0ae04f19" with the PurgeAfterFE date of "1487186552" will be deleted.
Snapshot "snap-02e33308c8b875500" with the PurgeAfterFE date of "1487186552" will be deleted.
Snapshot "snap-0893a3241f0e06f3f" with the PurgeAfterFE date of "1487186552" will be deleted.
Snapshot "snap-0076ddd61763b2257" with the PurgeAfterFE date of "1487186552" will be deleted.
Snapshot "snap-0af2aaea6a789eeab" with the PurgeAfterFE date of "1487186552" will be deleted.
Snapshot "snap-0fd57c248f5a909cc" with the PurgeAfterFE date of "1487186552" will be deleted.
Snapshot "snap-04a0aab2011963b4e" with the PurgeAfterFE date of "1487186552" will be deleted.
Snapshot "snap-0f496d699bd86449f" with the PurgeAfterFE date of "1487186552" will be deleted.
Snapshot "snap-08b0ccb558614e4ea" with the PurgeAfterFE date of "1487186552" will be deleted.
Snapshot "snap-0d130707d9d3d5fc0" with the PurgeAfterFE date of "1487186552" will be deleted.
Snapshot "snap-0317589df32d4554d" with the PurgeAfterFE date of "1487186552" will be deleted.
Snapshot "snap-0b72573ac7515b26f" with the PurgeAfterFE date of "1487186552" will be deleted.
Snapshot "snap-0e0ac27412b44ab7b" with the PurgeAfterFE date of "1487186552" will be deleted.
Snapshot "snap-01ee41b7bf9ca8620" with the PurgeAfterFE date of "1487186552" will be deleted.
Snapshot "snap-0926453664652faeb" with the PurgeAfterFE date of "1487186552" will be deleted.
Snapshot "snap-07988b7630da06bd8" with the PurgeAfterFE date of "1487186552" will be deleted.
Snapshot "snap-0eafe3aefece09a82" with the PurgeAfterFE date of "1487186552" will be deleted.
Snapshot "snap-0b419fe1e90ab492c" with the PurgeAfterFE date of "1487186552" will be deleted.
Snapshot "snap-00fbd9045c5135a92" with the PurgeAfterFE date of "1487186552" will be deleted.
Snapshot "snap-06d4a85b16b134424" with the PurgeAfterFE date of "1487186552" will be deleted.
Snapshot "snap-0a52ca4bd77396507" with the PurgeAfterFE date of "1487186552" will be deleted.
Snapshot "snap-03d9a01a352e21927" with the PurgeAfterFE date of "1487186552" will be deleted.
Snapshot "snap-059c8c12ba593b6d1" with the PurgeAfterFE date of "1487186552" will be deleted.
Snapshot "snap-0c1d23c10c7d2c7c6" with the PurgeAfterFE date of "1487186552" will be deleted.
Snapshot "snap-043c2fed1b1a55b16" with the PurgeAfterFE date of "1487186552" will be deleted.
Snapshot "snap-09782abc02ed034bd" with the PurgeAfterFE date of "1487186552" will be deleted.
Snapshot "snap-0bc70bb189249ecae" with the PurgeAfterFE date of "1487186552" will be deleted.
Snapshot "snap-010e8220d7431bf49" with the PurgeAfterFE date of "1487186552" will be deleted.
Snapshot "snap-0002410422ec446a7" with the PurgeAfterFE date of "1487186552" will be deleted.
Snapshot "snap-04ece44d1ded09e7d" with the PurgeAfterFE date of "1487186552" will be deleted.
Snapshot "snap-0a0b578011c3f054a" with the PurgeAfterFE date of "1487186552" will be deleted.
Snapshot "snap-085c3aeb1403df174" with the PurgeAfterFE date of "1487186552" will be deleted.
Snapshot "snap-031d1cbbb9619e0f8" with the PurgeAfterFE date of "1487186552" will be deleted.
Snapshot "snap-02c27773c15cdbbdb" with the PurgeAfterFE date of "1487186552" will be deleted.
Snapshot "snap-002c834dd65c96791" with the PurgeAfterFE date of "1487186552" will be deleted.
Snapshot "snap-0a61f5a393e8ed527" with the PurgeAfterFE date of "1487186552" will be deleted.
Snapshot "snap-02381feb4d987b5eb" with the PurgeAfterFE date of "1487186552" will be deleted.
Snapshot "snap-0713986f074bf7125" with the PurgeAfterFE date of "1487186552" will be deleted.
Snapshot "snap-06031e5840feddb89" with the PurgeAfterFE date of "1487186552" will be deleted.
Snapshot "snap-0b2277cb7bb7bc866" with the PurgeAfterFE date of "1487186552" will be deleted.
Snapshot "snap-0a774cab88464de42" with the PurgeAfterFE date of "1487186552" will be deleted.
Snapshot "snap-0f14ee2f17034948c" with the PurgeAfterFE date of "1487186552" will be deleted.
Snapshot "snap-002f1416256b864d6" with the PurgeAfterFE date of "1487186552" will be deleted.
Snapshot "snap-0bf2173a8acf07872" with the PurgeAfterFE date of "1487186552" will be deleted.
Snapshot "snap-07a56fe3407bd4b84" with the PurgeAfterFE date of "1487186552" will be deleted.
Snapshot "snap-0b572a2f1178e0756" with the PurgeAfterFE date of "1487186552" will be deleted.
Snapshot "snap-031e05aaf7d06f6bf" with the PurgeAfterFE date of "1487186552" will be deleted.
Snapshot "snap-03f7eed3982d8305f" with the PurgeAfterFE date of "1487186552" will be deleted.
Snapshot "snap-008b92289c317c953" with the PurgeAfterFE date of "1487186552" will be deleted.
Snapshot "snap-056bacb7aa2073714" with the PurgeAfterFE date of "1487186552" will be deleted.
Snapshot "snap-06e6788e0b95e28ae" with the PurgeAfterFE date of "1487186552" will be deleted.
Snapshot "snap-0b4d9bfe57cc595ae" with the PurgeAfterFE date of "1487186552" will be deleted.
Snapshot "snap-031b12483001175ca" with the PurgeAfterFE date of "1487186552" will be deleted.
Snapshot "snap-0db94fdce78d050e2" with the PurgeAfterFE date of "1487186552" will be deleted.
Snapshot "snap-03ab373d40e44cb0d" with the PurgeAfterFE date of "1487186552" will be deleted.
Snapshot "snap-0a9a25548215460d9" with the PurgeAfterFE date of "1487186552" will be deleted.
Snapshot "snap-09257fd30db22d43f" with the PurgeAfterFE date of "1487186552" will be deleted.
Snapshot "snap-0593432de66639d2c" with the PurgeAfterFE date of "1487186552" will be deleted.
Snapshot "snap-0ac8b76fb100ac148" with the PurgeAfterFE date of "1487186552" will be deleted.
Snapshot "snap-02f7f3abc3a732737" with the PurgeAfterFE date of "1487186552" will be deleted.
Snapshot "snap-05f23bd0ec8348ad1" with the PurgeAfterFE date of "1487186552" will be deleted.
Snapshot "snap-0504c865f8224ae37" with the PurgeAfterFE date of "1487186552" will be deleted.
Snapshot "snap-05ef63bffaccf4bd6" with the PurgeAfterFE date of "1487186552" will be deleted.
Snapshot "snap-00be4e3f80c1184d3" with the PurgeAfterFE date of "1487186552" will be deleted.
Snapshot "snap-0592c0ad4500d619a" with the PurgeAfterFE date of "1487186552" will be deleted.
Snapshot "snap-05419dd7238f94c3e" with the PurgeAfterFE date of "1487186552" will be deleted.
Snapshot "snap-0c32e27ce20da77f8" with the PurgeAfterFE date of "1487186552" will be deleted.
Snapshot "snap-040a00e1346756785" with the PurgeAfterFE date of "1487186552" will be deleted.
Snapshot "snap-0f2fb421d69d676fd" with the PurgeAfterFE date of "1487186552" will be deleted.
Snapshot "snap-07621d0835569a3cd" with the PurgeAfterFE date of "1487186552" will be deleted.
Snapshot "snap-019841fd7bdfea864" with the PurgeAfterFE date of "1487186552" will be deleted.
Snapshot "snap-0b8b31af19f6aa692" with the PurgeAfterFE date of "1487186552" will be deleted.
Snapshot "snap-0cc17e8caba2293db" with the PurgeAfterFE date of "1487186552" will be deleted.
Snapshot "snap-0bf3f48a7ebd25539" with the PurgeAfterFE date of "1487186552" will be deleted.
Snapshot "snap-06a29dc2b47895a19" with the PurgeAfterFE date of "1487186552" will be deleted.
Snapshot "snap-0ca5cb0eb2cd56eae" with the PurgeAfterFE date of "1487186552" will be deleted.
Snapshot "snap-01d6861873876bf99" with the PurgeAfterFE date of "1487186552" will be deleted.
Snapshot "snap-097646754c15b6fc6" with the PurgeAfterFE date of "1487186552" will be deleted.
Snapshot "snap-0eaac558ead63e587" with the PurgeAfterFE date of "1487186552" will be deleted.
Snapshot "snap-051485f569c44cf03" with the PurgeAfterFE date of "1487186552" will be deleted.
Snapshot "snap-0438c8a7fcb508f56" with the PurgeAfterFE date of "1487186552" will be deleted.
Snapshot "snap-0bf9f2607c1d0da86" with the PurgeAfterFE date of "1487186552" will be deleted.
Snapshot "snap-04d6c24f47ac1dc72" with the PurgeAfterFE date of "1487186552" will be deleted.
Snapshot "snap-09d28719fa7763308" with the PurgeAfterFE date of "1487186552" will be deleted.
Snapshot "snap-06b08a3a7fd16de28" with the PurgeAfterFE date of "1487186552" will be deleted.
Snapshot "snap-00d656974dd545761" with the PurgeAfterFE date of "1487186552" will be deleted.
Snapshot "snap-0277b5421df382901" with the PurgeAfterFE date of "1487186552" will be deleted.
Snapshot "snap-0de9c6f2f46df0608" with the PurgeAfterFE date of "1487186552" will be deleted.
Snapshot "snap-06eca642a337fd539" with the PurgeAfterFE date of "1487186552" will be deleted.
Snapshot "snap-035558285578f4bf8" with the PurgeAfterFE date of "1487186552" will be deleted.
Snapshot "snap-0e3dcc6ae032ba7b8" with the PurgeAfterFE date of "1487186552" will be deleted.
Snapshot "snap-05ca5acddb338f130" with the PurgeAfterFE date of "1487186552" will be deleted.
Snapshot "snap-04729d14dabf5f2c7" with the PurgeAfterFE date of "1487186552" will be deleted.
Snapshot "snap-0b305476619e0072c" with the PurgeAfterFE date of "1487186552" will be deleted.
Snapshot "snap-0192293e66360c7f1" with the PurgeAfterFE date of "1487186552" will be deleted.
Snapshot "snap-02033af3124f57a93" with the PurgeAfterFE date of "1487186552" will be deleted.
Snapshot "snap-0e9d65e19f8df6f6a" with the PurgeAfterFE date of "1487186552" will be deleted.
Snapshot "snap-0abc991e00676fe3d" with the PurgeAfterFE date of "1487186552" will be deleted.
Snapshot "snap-090600ee6594af127" with the PurgeAfterFE date of "1487186552" will be deleted.
Snapshot "snap-0523598039549501b" with the PurgeAfterFE date of "1487186552" will be deleted.
Snapshot "snap-0cd78327c9226750f" with the PurgeAfterFE date of "1487186552" will be deleted.
Snapshot "snap-06b4a7a47b9e321e0" with the PurgeAfterFE date of "1487186552" will be deleted.
Snapshot "snap-0c1bcff033cc9702b" with the PurgeAfterFE date of "1487186552" will be deleted.
Snapshot "snap-0158b347eceb14555" with the PurgeAfterFE date of "1487186552" will be deleted.
Snapshot "snap-01ab96f4f98d7f566" with the PurgeAfterFE date of "1487186552" will be deleted.
Snapshot "snap-0c7badde4063e9009" with the PurgeAfterFE date of "1487186552" will be deleted.
Snapshot "snap-0b9daad561f871778" with the PurgeAfterFE date of "1487186552" will be deleted.
Snapshot "snap-02ffee1f488368c79" with the PurgeAfterFE date of "1487186552" will be deleted.
Snapshot "snap-087efb0e7a8e09d77" with the PurgeAfterFE date of "1487186552" will be deleted.
Snapshot "snap-04422bc1abc5fca5c" with the PurgeAfterFE date of "1487186552" will be deleted.
Snapshot "snap-005205f8d63fcae62" with the PurgeAfterFE date of "1487186552" will be deleted.
Snapshot "snap-0e0799ecb16ad5136" with the PurgeAfterFE date of "1487186552" will be deleted.
Snapshot "snap-0d3ab8b841b2679ed" with the PurgeAfterFE date of "1487186552" will be deleted.
Snapshot "snap-0f1366a7e42e418d5" with the PurgeAfterFE date of "1487186552" will be deleted.
Snapshot "snap-0656ae649eb3cba6d" with the PurgeAfterFE date of "1487186552" will be deleted.
Snapshot "snap-01be73b2a294d8e28" with the PurgeAfterFE date of "1487186552" will be deleted.
Snapshot "snap-0d6006806c7398d68" with the PurgeAfterFE date of "1487186552" will be deleted.
Snapshot "snap-009778f3dfe42932a" with the PurgeAfterFE date of "1487186552" will be deleted.
Snapshot "snap-004acde43b1b0669a" with the PurgeAfterFE date of "1487186552" will be deleted.
Snapshot "snap-08b447cd930502160" with the PurgeAfterFE date of "1487186552" will be deleted.
Snapshot "snap-02465c5a808da1188" with the PurgeAfterFE date of "1487186552" will be deleted.
Snapshot "snap-08a59efe0e37b2b14" with the PurgeAfterFE date of "1487186552" will be deleted.
Snapshot "snap-0b38e82cb4662e6ce" with the PurgeAfterFE date of "1487186552" will be deleted.
Snapshot "snap-0cbd5091448f6112a" with the PurgeAfterFE date of "1487186552" will be deleted.
Snapshot "snap-0dc212dc0d6edd224" with the PurgeAfterFE date of "1487186552" will be deleted.
