Snapshots taken by ec2-volumes-autobackup.sh will be eligible for purging after the following date (the purge after date given in seconds from epoch): 1486324587.
INSTANCE i-46b0ebfe
INSTANCE NAME: igv-ec2-im02
Tagging Snapshot snap-0126f9221e8b70561 with the following Tags: Key=CreatedBy,Value=ec2-automate-backup Key=InstanceId,Value=i-46b0ebfe Key=InstanceName,Value=igv-ec2-im02 Key=PurgeAfterFE,Value=1486324587 Key=PurgeAllow,Value=true Key=Volume,Value=vol-e7515158 Key=Created,Value=1483732587
INSTANCE i-24b0eb9c
INSTANCE NAME: igv-ec2-web02
Tagging Snapshot snap-08e405b34ec46cee9 with the following Tags: Key=CreatedBy,Value=ec2-automate-backup Key=InstanceId,Value=i-24b0eb9c Key=InstanceName,Value=igv-ec2-web02 Key=PurgeAfterFE,Value=1486324587 Key=PurgeAllow,Value=true Key=Volume,Value=vol-3e515181 Key=Created,Value=1483732587
INSTANCE i-24b0eb9c
INSTANCE NAME: igv-ec2-web02
Tagging Snapshot snap-029d5cc0cd05527f4 with the following Tags: Key=CreatedBy,Value=ec2-automate-backup Key=InstanceId,Value=i-24b0eb9c Key=InstanceName,Value=igv-ec2-web02 Key=PurgeAfterFE,Value=1486324587 Key=PurgeAllow,Value=true Key=Volume,Value=vol-3d515182 Key=Created,Value=1483732587
INSTANCE i-46b0ebfe
INSTANCE NAME: igv-ec2-im02
Tagging Snapshot snap-08f73ef0965c4912e with the following Tags: Key=CreatedBy,Value=ec2-automate-backup Key=InstanceId,Value=i-46b0ebfe Key=InstanceName,Value=igv-ec2-im02 Key=PurgeAfterFE,Value=1486324587 Key=PurgeAllow,Value=true Key=Volume,Value=vol-2d515192 Key=Created,Value=1483732587
INSTANCE i-2eb0eb96
INSTANCE NAME: igv-ec2-fs02
Tagging Snapshot snap-08b6a1a30fd7d291b with the following Tags: Key=CreatedBy,Value=ec2-automate-backup Key=InstanceId,Value=i-2eb0eb96 Key=InstanceName,Value=igv-ec2-fs02 Key=PurgeAfterFE,Value=1486324587 Key=PurgeAllow,Value=true Key=Volume,Value=vol-2151519e Key=Created,Value=1483732587
INSTANCE i-2eb0eb96
INSTANCE NAME: igv-ec2-fs02
Tagging Snapshot snap-046c22d9e5562289e with the following Tags: Key=CreatedBy,Value=ec2-automate-backup Key=InstanceId,Value=i-2eb0eb96 Key=InstanceName,Value=igv-ec2-fs02 Key=PurgeAfterFE,Value=1486324587 Key=PurgeAllow,Value=true Key=Volume,Value=vol-2051519f Key=Created,Value=1483732587
INSTANCE i-ecbd9b54
INSTANCE NAME: uat-igv-ec2-fs02
Tagging Snapshot snap-068497d178e8d5207 with the following Tags: Key=CreatedBy,Value=ec2-automate-backup Key=InstanceId,Value=i-ecbd9b54 Key=InstanceName,Value=uat-igv-ec2-fs02 Key=PurgeAfterFE,Value=1486324587 Key=PurgeAllow,Value=true Key=Volume,Value=vol-1c0114a3 Key=Created,Value=1483732587
INSTANCE i-ecbd9b54
INSTANCE NAME: uat-igv-ec2-fs02
Tagging Snapshot snap-0e438cba74b55f330 with the following Tags: Key=CreatedBy,Value=ec2-automate-backup Key=InstanceId,Value=i-ecbd9b54 Key=InstanceName,Value=uat-igv-ec2-fs02 Key=PurgeAfterFE,Value=1486324587 Key=PurgeAllow,Value=true Key=Volume,Value=vol-1b0114a4 Key=Created,Value=1483732587
INSTANCE i-ecbd9b54
INSTANCE NAME: uat-igv-ec2-fs02
Tagging Snapshot snap-0e22820d9fd76104e with the following Tags: Key=CreatedBy,Value=ec2-automate-backup Key=InstanceId,Value=i-ecbd9b54 Key=InstanceName,Value=uat-igv-ec2-fs02 Key=PurgeAfterFE,Value=1486324587 Key=PurgeAllow,Value=true Key=Volume,Value=vol-070114b8 Key=Created,Value=1483732587
INSTANCE i-e599bf5d
INSTANCE NAME: uat-igv-ec2-im02
Tagging Snapshot snap-01ad3ca7c5e701c16 with the following Tags: Key=CreatedBy,Value=ec2-automate-backup Key=InstanceId,Value=i-e599bf5d Key=InstanceName,Value=uat-igv-ec2-im02 Key=PurgeAfterFE,Value=1486324587 Key=PurgeAllow,Value=true Key=Volume,Value=vol-32d8cd8d Key=Created,Value=1483732587
INSTANCE i-e599bf5d
INSTANCE NAME: uat-igv-ec2-im02
Tagging Snapshot snap-05fcd3c3d17bee687 with the following Tags: Key=CreatedBy,Value=ec2-automate-backup Key=InstanceId,Value=i-e599bf5d Key=InstanceName,Value=uat-igv-ec2-im02 Key=PurgeAfterFE,Value=1486324587 Key=PurgeAllow,Value=true Key=Volume,Value=vol-99dbce26 Key=Created,Value=1483732587
INSTANCE i-e599bf5d
INSTANCE NAME: uat-igv-ec2-im02
Tagging Snapshot snap-042c3751b6b6e599e with the following Tags: Key=CreatedBy,Value=ec2-automate-backup Key=InstanceId,Value=i-e599bf5d Key=InstanceName,Value=uat-igv-ec2-im02 Key=PurgeAfterFE,Value=1486324587 Key=PurgeAllow,Value=true Key=Volume,Value=vol-87dbce38 Key=Created,Value=1483732587
INSTANCE i-46b0ebfe
INSTANCE NAME: igv-ec2-im02
Tagging Snapshot snap-0de273c76c2ce2425 with the following Tags: Key=CreatedBy,Value=ec2-automate-backup Key=InstanceId,Value=i-46b0ebfe Key=InstanceName,Value=igv-ec2-im02 Key=PurgeAfterFE,Value=1486324587 Key=PurgeAllow,Value=true Key=Volume,Value=vol-0d15268307606d6f0 Key=Created,Value=1483732587
INSTANCE i-2eb0eb96
INSTANCE NAME: igv-ec2-fs02
Tagging Snapshot snap-0fa89f57d2f93a037 with the following Tags: Key=CreatedBy,Value=ec2-automate-backup Key=InstanceId,Value=i-2eb0eb96 Key=InstanceName,Value=igv-ec2-fs02 Key=PurgeAfterFE,Value=1486324587 Key=PurgeAllow,Value=true Key=Volume,Value=vol-0e009e505c05a452a Key=Created,Value=1483732587
INSTANCE i-b486a98c
INSTANCE NAME: igv-ec2-im01
Tagging Snapshot snap-0358b713d8d112ae3 with the following Tags: Key=CreatedBy,Value=ec2-automate-backup Key=InstanceId,Value=i-b486a98c Key=InstanceName,Value=igv-ec2-im01 Key=PurgeAfterFE,Value=1486324587 Key=PurgeAllow,Value=true Key=Volume,Value=vol-64bceae1 Key=Created,Value=1483732587
INSTANCE i-b486a98c
INSTANCE NAME: igv-ec2-im01
Tagging Snapshot snap-03ee054f9dca86845 with the following Tags: Key=CreatedBy,Value=ec2-automate-backup Key=InstanceId,Value=i-b486a98c Key=InstanceName,Value=igv-ec2-im01 Key=PurgeAfterFE,Value=1486324587 Key=PurgeAllow,Value=true Key=Volume,Value=vol-67bceae2 Key=Created,Value=1483732587
INSTANCE i-b287a88a
INSTANCE NAME: igv-ec2-web01
Tagging Snapshot snap-0c8236c8406b6a320 with the following Tags: Key=CreatedBy,Value=ec2-automate-backup Key=InstanceId,Value=i-b287a88a Key=InstanceName,Value=igv-ec2-web01 Key=PurgeAfterFE,Value=1486324587 Key=PurgeAllow,Value=true Key=Volume,Value=vol-b5bdeb30 Key=Created,Value=1483732587
INSTANCE i-b287a88a
INSTANCE NAME: igv-ec2-web01
Tagging Snapshot snap-063ecc19c5a660c8c with the following Tags: Key=CreatedBy,Value=ec2-automate-backup Key=InstanceId,Value=i-b287a88a Key=InstanceName,Value=igv-ec2-web01 Key=PurgeAfterFE,Value=1486324587 Key=PurgeAllow,Value=true Key=Volume,Value=vol-c7bdeb42 Key=Created,Value=1483732587
INSTANCE i-0a87a832
INSTANCE NAME: igv-ec2-fs01
Tagging Snapshot snap-01f6c620c3d83edf7 with the following Tags: Key=CreatedBy,Value=ec2-automate-backup Key=InstanceId,Value=i-0a87a832 Key=InstanceName,Value=igv-ec2-fs01 Key=PurgeAfterFE,Value=1486324587 Key=PurgeAllow,Value=true Key=Volume,Value=vol-30bdebb5 Key=Created,Value=1483732587
INSTANCE i-0a87a832
INSTANCE NAME: igv-ec2-fs01
Tagging Snapshot snap-0f8c19edb235c27f6 with the following Tags: Key=CreatedBy,Value=ec2-automate-backup Key=InstanceId,Value=i-0a87a832 Key=InstanceName,Value=igv-ec2-fs01 Key=PurgeAfterFE,Value=1486324587 Key=PurgeAllow,Value=true Key=Volume,Value=vol-65bdebe0 Key=Created,Value=1483732587
INSTANCE i-e3dcf6db
INSTANCE NAME: uat-igv-ec2-web01
Tagging Snapshot snap-02385cf9cef9acc2f with the following Tags: Key=CreatedBy,Value=ec2-automate-backup Key=InstanceId,Value=i-e3dcf6db Key=InstanceName,Value=uat-igv-ec2-web01 Key=PurgeAfterFE,Value=1486324587 Key=PurgeAllow,Value=true Key=Volume,Value=vol-60b0e8e5 Key=Created,Value=1483732587
INSTANCE i-e3dcf6db
INSTANCE NAME: uat-igv-ec2-web01
Tagging Snapshot snap-0b0c4fb06caf0c779 with the following Tags: Key=CreatedBy,Value=ec2-automate-backup Key=InstanceId,Value=i-e3dcf6db Key=InstanceName,Value=uat-igv-ec2-web01 Key=PurgeAfterFE,Value=1486324587 Key=PurgeAllow,Value=true Key=Volume,Value=vol-73b0e8f6 Key=Created,Value=1483732587
INSTANCE i-aacec892
INSTANCE NAME: newTags
Tagging Snapshot snap-0eda02906987cd2e6 with the following Tags: Key=CreatedBy,Value=ec2-automate-backup Key=InstanceId,Value=i-aacec892 Key=InstanceName,Value=newTags Key=PurgeAfterFE,Value=1486324587 Key=PurgeAllow,Value=true Key=Volume,Value=vol-10241f95 Key=Created,Value=1483732587
INSTANCE i-e3dcf6db
INSTANCE NAME: uat-igv-ec2-web01
Tagging Snapshot snap-0ac2fa3d69133ad91 with the following Tags: Key=CreatedBy,Value=ec2-automate-backup Key=InstanceId,Value=i-e3dcf6db Key=InstanceName,Value=uat-igv-ec2-web01 Key=PurgeAfterFE,Value=1486324587 Key=PurgeAllow,Value=true Key=Volume,Value=vol-010b6aec845fdc72e Key=Created,Value=1483732587
INSTANCE i-b486a98c
INSTANCE NAME: igv-ec2-im01
Tagging Snapshot snap-0ae93e19a908cdf5c with the following Tags: Key=CreatedBy,Value=ec2-automate-backup Key=InstanceId,Value=i-b486a98c Key=InstanceName,Value=igv-ec2-im01 Key=PurgeAfterFE,Value=1486324587 Key=PurgeAllow,Value=true Key=Volume,Value=vol-039deb6f07ed7c60c Key=Created,Value=1483732587
INSTANCE i-0a87a832
INSTANCE NAME: igv-ec2-fs01
Tagging Snapshot snap-074226204c2ea8630 with the following Tags: Key=CreatedBy,Value=ec2-automate-backup Key=InstanceId,Value=i-0a87a832 Key=InstanceName,Value=igv-ec2-fs01 Key=PurgeAfterFE,Value=1486324587 Key=PurgeAllow,Value=true Key=Volume,Value=vol-095211fa83f1b6524 Key=Created,Value=1483732587
INSTANCE i-b287a88a
INSTANCE NAME: igv-ec2-web01
Tagging Snapshot snap-03269f4c5b4e58cd6 with the following Tags: Key=CreatedBy,Value=ec2-automate-backup Key=InstanceId,Value=i-b287a88a Key=InstanceName,Value=igv-ec2-web01 Key=PurgeAfterFE,Value=1486324587 Key=PurgeAllow,Value=true Key=Volume,Value=vol-0cd7c487775e1e6bb Key=Created,Value=1483732587
Snapshot Purging is Starting Now.
