Snapshots taken by ec2-volumes-autobackup.sh will be eligible for purging after the following date (the purge after date given in seconds from epoch): 1493493646.
INSTANCE i-03c8fd87e7b05fa05
INSTANCE NAME: abfinance_95569_app16
Tagging Snapshot snap-0e05de6a4522dc17c with the following Tags: Key=CreatedBy,Value=ec2-automate-backup Key=InstanceId,Value=i-03c8fd87e7b05fa05 Key=InstanceName,Value=abfinance_95569_app16 Key=PurgeAfterFE,Value=1493493646 Key=PurgeAllow,Value=true Key=Volume,Value=vol-06c1ef7480d1a0d4c Key=Created,Value=1490901646
INSTANCE i-0c2bf96cb75ee7b5c
INSTANCE NAME: abfinance_95569_app18
Tagging Snapshot snap-0d4cac49d6d584482 with the following Tags: Key=CreatedBy,Value=ec2-automate-backup Key=InstanceId,Value=i-0c2bf96cb75ee7b5c Key=InstanceName,Value=abfinance_95569_app18 Key=PurgeAfterFE,Value=1493493646 Key=PurgeAllow,Value=true Key=Volume,Value=vol-0eae86baf89ae58a6 Key=Created,Value=1490901646
INSTANCE i-0dce85c3f212a5de0
INSTANCE NAME: abfinance_95569_app12
Tagging Snapshot snap-037bd6fa0796fb228 with the following Tags: Key=CreatedBy,Value=ec2-automate-backup Key=InstanceId,Value=i-0dce85c3f212a5de0 Key=InstanceName,Value=abfinance_95569_app12 Key=PurgeAfterFE,Value=1493493646 Key=PurgeAllow,Value=true Key=Volume,Value=vol-05c5ee0c944c4a763 Key=Created,Value=1490901646
INSTANCE i-0dce85c3f212a5de0
INSTANCE NAME: abfinance_95569_app12
Tagging Snapshot snap-067deade219321ab0 with the following Tags: Key=CreatedBy,Value=ec2-automate-backup Key=InstanceId,Value=i-0dce85c3f212a5de0 Key=InstanceName,Value=abfinance_95569_app12 Key=PurgeAfterFE,Value=1493493646 Key=PurgeAllow,Value=true Key=Volume,Value=vol-0b081425c7cc17600 Key=Created,Value=1490901646
INSTANCE i-09ddd98828f970e2b
INSTANCE NAME: abfinance_95569_app14
Tagging Snapshot snap-0c6e95194ee180773 with the following Tags: Key=CreatedBy,Value=ec2-automate-backup Key=InstanceId,Value=i-09ddd98828f970e2b Key=InstanceName,Value=abfinance_95569_app14 Key=PurgeAfterFE,Value=1493493646 Key=PurgeAllow,Value=true Key=Volume,Value=vol-029381ba27db23ea5 Key=Created,Value=1490901646
INSTANCE i-0de1db820b03e1279
INSTANCE NAME: abfinance_95569_app22
Tagging Snapshot snap-0d1eeff9b575f9c9f with the following Tags: Key=CreatedBy,Value=ec2-automate-backup Key=InstanceId,Value=i-0de1db820b03e1279 Key=InstanceName,Value=abfinance_95569_app22 Key=PurgeAfterFE,Value=1493493646 Key=PurgeAllow,Value=true Key=Volume,Value=vol-014edcf936f6c26f4 Key=Created,Value=1490901646
INSTANCE i-09ddd98828f970e2b
INSTANCE NAME: abfinance_95569_app14
Tagging Snapshot snap-079836bcf148a537e with the following Tags: Key=CreatedBy,Value=ec2-automate-backup Key=InstanceId,Value=i-09ddd98828f970e2b Key=InstanceName,Value=abfinance_95569_app14 Key=PurgeAfterFE,Value=1493493646 Key=PurgeAllow,Value=true Key=Volume,Value=vol-0c815aa96dd49c83c Key=Created,Value=1490901646
INSTANCE i-03c8fd87e7b05fa05
INSTANCE NAME: abfinance_95569_app16
Tagging Snapshot snap-0739039d69e6e718e with the following Tags: Key=CreatedBy,Value=ec2-automate-backup Key=InstanceId,Value=i-03c8fd87e7b05fa05 Key=InstanceName,Value=abfinance_95569_app16 Key=PurgeAfterFE,Value=1493493646 Key=PurgeAllow,Value=true Key=Volume,Value=vol-0a82f25f21c70ca17 Key=Created,Value=1490901646
INSTANCE i-03ab34c05dc4f22aa
INSTANCE NAME: abfinance_95569_app24
Tagging Snapshot snap-030733298307e90c2 with the following Tags: Key=CreatedBy,Value=ec2-automate-backup Key=InstanceId,Value=i-03ab34c05dc4f22aa Key=InstanceName,Value=abfinance_95569_app24 Key=PurgeAfterFE,Value=1493493646 Key=PurgeAllow,Value=true Key=Volume,Value=vol-0119f2937c18f7e3e Key=Created,Value=1490901646
INSTANCE i-0bba368770f8bea0e
INSTANCE NAME: abfinance_95569_app28
Tagging Snapshot snap-065b76f4dc3353ed6 with the following Tags: Key=CreatedBy,Value=ec2-automate-backup Key=InstanceId,Value=i-0bba368770f8bea0e Key=InstanceName,Value=abfinance_95569_app28 Key=PurgeAfterFE,Value=1493493646 Key=PurgeAllow,Value=true Key=Volume,Value=vol-054e16021703bc75b Key=Created,Value=1490901646
INSTANCE i-0bba368770f8bea0e
INSTANCE NAME: abfinance_95569_app28
Tagging Snapshot snap-082d5c1c594078835 with the following Tags: Key=CreatedBy,Value=ec2-automate-backup Key=InstanceId,Value=i-0bba368770f8bea0e Key=InstanceName,Value=abfinance_95569_app28 Key=PurgeAfterFE,Value=1493493646 Key=PurgeAllow,Value=true Key=Volume,Value=vol-0a9917560a4a8eb37 Key=Created,Value=1490901646
INSTANCE i-0900f2c3ece4f73ce
INSTANCE NAME: abfinance_95569_app20
Tagging Snapshot snap-0cbceb10513ac4782 with the following Tags: Key=CreatedBy,Value=ec2-automate-backup Key=InstanceId,Value=i-0900f2c3ece4f73ce Key=InstanceName,Value=abfinance_95569_app20 Key=PurgeAfterFE,Value=1493493646 Key=PurgeAllow,Value=true Key=Volume,Value=vol-06a26fc47d6b71ffd Key=Created,Value=1490901646
INSTANCE i-0900f2c3ece4f73ce
INSTANCE NAME: abfinance_95569_app20
Tagging Snapshot snap-0b7f3602fd303f909 with the following Tags: Key=CreatedBy,Value=ec2-automate-backup Key=InstanceId,Value=i-0900f2c3ece4f73ce Key=InstanceName,Value=abfinance_95569_app20 Key=PurgeAfterFE,Value=1493493646 Key=PurgeAllow,Value=true Key=Volume,Value=vol-02e3078096ec01da3 Key=Created,Value=1490901646
INSTANCE i-0de1db820b03e1279
INSTANCE NAME: abfinance_95569_app22
Tagging Snapshot snap-0986758d0c650bb07 with the following Tags: Key=CreatedBy,Value=ec2-automate-backup Key=InstanceId,Value=i-0de1db820b03e1279 Key=InstanceName,Value=abfinance_95569_app22 Key=PurgeAfterFE,Value=1493493646 Key=PurgeAllow,Value=true Key=Volume,Value=vol-0d5d8a4619da19822 Key=Created,Value=1490901646
INSTANCE i-0c2bf96cb75ee7b5c
INSTANCE NAME: abfinance_95569_app18
Tagging Snapshot snap-04735aa51fb52f828 with the following Tags: Key=CreatedBy,Value=ec2-automate-backup Key=InstanceId,Value=i-0c2bf96cb75ee7b5c Key=InstanceName,Value=abfinance_95569_app18 Key=PurgeAfterFE,Value=1493493646 Key=PurgeAllow,Value=true Key=Volume,Value=vol-08f0c891fcb55d86a Key=Created,Value=1490901646
INSTANCE i-09bf358be6daff2b8
INSTANCE NAME: abfinance_95569_app26
Tagging Snapshot snap-093aa37d9dd7d4def with the following Tags: Key=CreatedBy,Value=ec2-automate-backup Key=InstanceId,Value=i-09bf358be6daff2b8 Key=InstanceName,Value=abfinance_95569_app26 Key=PurgeAfterFE,Value=1493493646 Key=PurgeAllow,Value=true Key=Volume,Value=vol-01783b38ab8d40039 Key=Created,Value=1490901646
INSTANCE i-03ab34c05dc4f22aa
INSTANCE NAME: abfinance_95569_app24
Tagging Snapshot snap-089044e68043d0071 with the following Tags: Key=CreatedBy,Value=ec2-automate-backup Key=InstanceId,Value=i-03ab34c05dc4f22aa Key=InstanceName,Value=abfinance_95569_app24 Key=PurgeAfterFE,Value=1493493646 Key=PurgeAllow,Value=true Key=Volume,Value=vol-038fb96ae65962d50 Key=Created,Value=1490901646
INSTANCE i-09bf358be6daff2b8
INSTANCE NAME: abfinance_95569_app26
Tagging Snapshot snap-06bd735d1628212d9 with the following Tags: Key=CreatedBy,Value=ec2-automate-backup Key=InstanceId,Value=i-09bf358be6daff2b8 Key=InstanceName,Value=abfinance_95569_app26 Key=PurgeAfterFE,Value=1493493646 Key=PurgeAllow,Value=true Key=Volume,Value=vol-04b2fa5fca10f2430 Key=Created,Value=1490901646
INSTANCE i-0274c175451fa7094
INSTANCE NAME: abfinance_95569_app08
Tagging Snapshot snap-0a8fbad9b2590fc7f with the following Tags: Key=CreatedBy,Value=ec2-automate-backup Key=InstanceId,Value=i-0274c175451fa7094 Key=InstanceName,Value=abfinance_95569_app08 Key=PurgeAfterFE,Value=1493493646 Key=PurgeAllow,Value=true Key=Volume,Value=vol-0c72a7d64241a776c Key=Created,Value=1490901646
INSTANCE i-0c1125d6758d322b7
INSTANCE NAME: abfinance_95569_app06
Tagging Snapshot snap-0d37e96a580d61563 with the following Tags: Key=CreatedBy,Value=ec2-automate-backup Key=InstanceId,Value=i-0c1125d6758d322b7 Key=InstanceName,Value=abfinance_95569_app06 Key=PurgeAfterFE,Value=1493493646 Key=PurgeAllow,Value=true Key=Volume,Value=vol-091917e30fd32e67a Key=Created,Value=1490901646
INSTANCE i-0bf78d14e8b0eaf1e
INSTANCE NAME: abfinance_95569_app30
Tagging Snapshot snap-0e715c89c1f5bb680 with the following Tags: Key=CreatedBy,Value=ec2-automate-backup Key=InstanceId,Value=i-0bf78d14e8b0eaf1e Key=InstanceName,Value=abfinance_95569_app30 Key=PurgeAfterFE,Value=1493493646 Key=PurgeAllow,Value=true Key=Volume,Value=vol-028a6f552c7c9efe4 Key=Created,Value=1490901646
INSTANCE i-0c1125d6758d322b7
INSTANCE NAME: abfinance_95569_app06
Tagging Snapshot snap-05205bf7d1e95bd08 with the following Tags: Key=CreatedBy,Value=ec2-automate-backup Key=InstanceId,Value=i-0c1125d6758d322b7 Key=InstanceName,Value=abfinance_95569_app06 Key=PurgeAfterFE,Value=1493493646 Key=PurgeAllow,Value=true Key=Volume,Value=vol-0ba5d36c9573518b5 Key=Created,Value=1490901646
INSTANCE i-0bf78d14e8b0eaf1e
INSTANCE NAME: abfinance_95569_app30
Tagging Snapshot snap-0c76edae49cf9438e with the following Tags: Key=CreatedBy,Value=ec2-automate-backup Key=InstanceId,Value=i-0bf78d14e8b0eaf1e Key=InstanceName,Value=abfinance_95569_app30 Key=PurgeAfterFE,Value=1493493646 Key=PurgeAllow,Value=true Key=Volume,Value=vol-096964d6c38daa9c9 Key=Created,Value=1490901646
INSTANCE i-0274c175451fa7094
INSTANCE NAME: abfinance_95569_app08
Tagging Snapshot snap-069f8df9fcf593c61 with the following Tags: Key=CreatedBy,Value=ec2-automate-backup Key=InstanceId,Value=i-0274c175451fa7094 Key=InstanceName,Value=abfinance_95569_app08 Key=PurgeAfterFE,Value=1493493646 Key=PurgeAllow,Value=true Key=Volume,Value=vol-09f82518fd6c90b2b Key=Created,Value=1490901646
INSTANCE i-00649ffaac78d75cb
INSTANCE NAME: abfinance_95569_qyyxapp06
Tagging Snapshot snap-06e5972ac6123bca3 with the following Tags: Key=CreatedBy,Value=ec2-automate-backup Key=InstanceId,Value=i-00649ffaac78d75cb Key=InstanceName,Value=abfinance_95569_qyyxapp06 Key=PurgeAfterFE,Value=1493493646 Key=PurgeAllow,Value=true Key=Volume,Value=vol-04ad9f8946e08f89c Key=Created,Value=1490901646
INSTANCE i-00649ffaac78d75cb
INSTANCE NAME: abfinance_95569_qyyxapp06
Tagging Snapshot snap-09a38560d1fa66563 with the following Tags: Key=CreatedBy,Value=ec2-automate-backup Key=InstanceId,Value=i-00649ffaac78d75cb Key=InstanceName,Value=abfinance_95569_qyyxapp06 Key=PurgeAfterFE,Value=1493493646 Key=PurgeAllow,Value=true Key=Volume,Value=vol-0807f8fea0f547086 Key=Created,Value=1490901646
INSTANCE i-0b62ae29318f2ff8b
INSTANCE NAME: abfinance_95569_qyyxapp02
Tagging Snapshot snap-0b76affb11a0c97f8 with the following Tags: Key=CreatedBy,Value=ec2-automate-backup Key=InstanceId,Value=i-0b62ae29318f2ff8b Key=InstanceName,Value=abfinance_95569_qyyxapp02 Key=PurgeAfterFE,Value=1493493646 Key=PurgeAllow,Value=true Key=Volume,Value=vol-03ecd9464fd1c5d05 Key=Created,Value=1490901646
INSTANCE i-0b62ae29318f2ff8b
INSTANCE NAME: abfinance_95569_qyyxapp02
Tagging Snapshot snap-0c3196a76f39ce7e7 with the following Tags: Key=CreatedBy,Value=ec2-automate-backup Key=InstanceId,Value=i-0b62ae29318f2ff8b Key=InstanceName,Value=abfinance_95569_qyyxapp02 Key=PurgeAfterFE,Value=1493493646 Key=PurgeAllow,Value=true Key=Volume,Value=vol-007d93d5c3db29799 Key=Created,Value=1490901646
INSTANCE i-0792c4456f9092988
INSTANCE NAME: abfinance_95569_qyyxapp08
Tagging Snapshot snap-00e948f6f947a45d5 with the following Tags: Key=CreatedBy,Value=ec2-automate-backup Key=InstanceId,Value=i-0792c4456f9092988 Key=InstanceName,Value=abfinance_95569_qyyxapp08 Key=PurgeAfterFE,Value=1493493646 Key=PurgeAllow,Value=true Key=Volume,Value=vol-045f338712882182b Key=Created,Value=1490901646
INSTANCE i-0792c4456f9092988
INSTANCE NAME: abfinance_95569_qyyxapp08
Tagging Snapshot snap-0e325cfb5f5b1b413 with the following Tags: Key=CreatedBy,Value=ec2-automate-backup Key=InstanceId,Value=i-0792c4456f9092988 Key=InstanceName,Value=abfinance_95569_qyyxapp08 Key=PurgeAfterFE,Value=1493493646 Key=PurgeAllow,Value=true Key=Volume,Value=vol-0489d109134a1a195 Key=Created,Value=1490901646
INSTANCE i-0a035c9fe74e932da
INSTANCE NAME: abfinance_top20_ubuntu_app02
Tagging Snapshot snap-0bb796c5c0f58fcac with the following Tags: Key=CreatedBy,Value=ec2-automate-backup Key=InstanceId,Value=i-0a035c9fe74e932da Key=InstanceName,Value=abfinance_top20_ubuntu_app02 Key=PurgeAfterFE,Value=1493493646 Key=PurgeAllow,Value=true Key=Volume,Value=vol-0b7877736c90d5018 Key=Created,Value=1490901646
INSTANCE i-0d13fdd367f941029
INSTANCE NAME: abfinance_top20_ubuntu_app04
Tagging Snapshot snap-096cb937de2523d9d with the following Tags: Key=CreatedBy,Value=ec2-automate-backup Key=InstanceId,Value=i-0d13fdd367f941029 Key=InstanceName,Value=abfinance_top20_ubuntu_app04 Key=PurgeAfterFE,Value=1493493646 Key=PurgeAllow,Value=true Key=Volume,Value=vol-0b1860b6a86d65c3c Key=Created,Value=1490901646
INSTANCE i-0a035c9fe74e932da
INSTANCE NAME: abfinance_top20_ubuntu_app02
Tagging Snapshot snap-07363a3c2d40f3add with the following Tags: Key=CreatedBy,Value=ec2-automate-backup Key=InstanceId,Value=i-0a035c9fe74e932da Key=InstanceName,Value=abfinance_top20_ubuntu_app02 Key=PurgeAfterFE,Value=1493493646 Key=PurgeAllow,Value=true Key=Volume,Value=vol-06d971d61dc6ec5d0 Key=Created,Value=1490901646
INSTANCE i-0d13fdd367f941029
INSTANCE NAME: abfinance_top20_ubuntu_app04
Tagging Snapshot snap-01f2fa9f0058e70be with the following Tags: Key=CreatedBy,Value=ec2-automate-backup Key=InstanceId,Value=i-0d13fdd367f941029 Key=InstanceName,Value=abfinance_top20_ubuntu_app04 Key=PurgeAfterFE,Value=1493493646 Key=PurgeAllow,Value=true Key=Volume,Value=vol-0c99c2848d6180dad Key=Created,Value=1490901646
INSTANCE i-0d13fdd367f941029
INSTANCE NAME: abfinance_top20_ubuntu_app04
Tagging Snapshot snap-0437ea2a115ce0c5e with the following Tags: Key=CreatedBy,Value=ec2-automate-backup Key=InstanceId,Value=i-0d13fdd367f941029 Key=InstanceName,Value=abfinance_top20_ubuntu_app04 Key=PurgeAfterFE,Value=1493493646 Key=PurgeAllow,Value=true Key=Volume,Value=vol-05552e316d7c4fca7 Key=Created,Value=1490901646
INSTANCE i-0a035c9fe74e932da
INSTANCE NAME: abfinance_top20_ubuntu_app02
Tagging Snapshot snap-0852adeb7f71451fe with the following Tags: Key=CreatedBy,Value=ec2-automate-backup Key=InstanceId,Value=i-0a035c9fe74e932da Key=InstanceName,Value=abfinance_top20_ubuntu_app02 Key=PurgeAfterFE,Value=1493493646 Key=PurgeAllow,Value=true Key=Volume,Value=vol-086b4833a3e624834 Key=Created,Value=1490901646
INSTANCE i-0d13fdd367f941029
INSTANCE NAME: abfinance_top20_ubuntu_app04
Tagging Snapshot snap-0000894d32a76f6ca with the following Tags: Key=CreatedBy,Value=ec2-automate-backup Key=InstanceId,Value=i-0d13fdd367f941029 Key=InstanceName,Value=abfinance_top20_ubuntu_app04 Key=PurgeAfterFE,Value=1493493646 Key=PurgeAllow,Value=true Key=Volume,Value=vol-0237e004eeed33603 Key=Created,Value=1490901646
INSTANCE i-02c96aa526459387c
INSTANCE NAME: abfinance_top20_ubuntu_db02
Tagging Snapshot snap-06da8a85cc1dee752 with the following Tags: Key=CreatedBy,Value=ec2-automate-backup Key=InstanceId,Value=i-02c96aa526459387c Key=InstanceName,Value=abfinance_top20_ubuntu_db02 Key=PurgeAfterFE,Value=1493493646 Key=PurgeAllow,Value=true Key=Volume,Value=vol-0adeb8ce9288cb9f0 Key=Created,Value=1490901646
INSTANCE i-02c96aa526459387c
INSTANCE NAME: abfinance_top20_ubuntu_db02
Tagging Snapshot snap-0b11cba258d976ddb with the following Tags: Key=CreatedBy,Value=ec2-automate-backup Key=InstanceId,Value=i-02c96aa526459387c Key=InstanceName,Value=abfinance_top20_ubuntu_db02 Key=PurgeAfterFE,Value=1493493646 Key=PurgeAllow,Value=true Key=Volume,Value=vol-0f91ffb6f9ff57fe9 Key=Created,Value=1490901646
INSTANCE i-02c96aa526459387c
INSTANCE NAME: abfinance_top20_ubuntu_db02
Tagging Snapshot snap-0e823f04adc3f906f with the following Tags: Key=CreatedBy,Value=ec2-automate-backup Key=InstanceId,Value=i-02c96aa526459387c Key=InstanceName,Value=abfinance_top20_ubuntu_db02 Key=PurgeAfterFE,Value=1493493646 Key=PurgeAllow,Value=true Key=Volume,Value=vol-0e507dfbbde31e579 Key=Created,Value=1490901646
INSTANCE i-02c96aa526459387c
INSTANCE NAME: abfinance_top20_ubuntu_db02
Tagging Snapshot snap-0ea911708697d1c8b with the following Tags: Key=CreatedBy,Value=ec2-automate-backup Key=InstanceId,Value=i-02c96aa526459387c Key=InstanceName,Value=abfinance_top20_ubuntu_db02 Key=PurgeAfterFE,Value=1493493646 Key=PurgeAllow,Value=true Key=Volume,Value=vol-0c9c555e321cb7fb5 Key=Created,Value=1490901646
INSTANCE i-02c96aa526459387c
INSTANCE NAME: abfinance_top20_ubuntu_db02
Tagging Snapshot snap-0c16204d1a3c50ba5 with the following Tags: Key=CreatedBy,Value=ec2-automate-backup Key=InstanceId,Value=i-02c96aa526459387c Key=InstanceName,Value=abfinance_top20_ubuntu_db02 Key=PurgeAfterFE,Value=1493493646 Key=PurgeAllow,Value=true Key=Volume,Value=vol-0a171db3d35833a82 Key=Created,Value=1490901646
INSTANCE i-0146762d86a3f8d50
INSTANCE NAME: abfinance_lcb_production02
Tagging Snapshot snap-0633b7a1c44bc83c6 with the following Tags: Key=CreatedBy,Value=ec2-automate-backup Key=InstanceId,Value=i-0146762d86a3f8d50 Key=InstanceName,Value=abfinance_lcb_production02 Key=PurgeAfterFE,Value=1493493646 Key=PurgeAllow,Value=true Key=Volume,Value=vol-0fea562fe447a3f76 Key=Created,Value=1490901646
INSTANCE i-0146762d86a3f8d50
INSTANCE NAME: abfinance_lcb_production02
Tagging Snapshot snap-0d513c37b71278a82 with the following Tags: Key=CreatedBy,Value=ec2-automate-backup Key=InstanceId,Value=i-0146762d86a3f8d50 Key=InstanceName,Value=abfinance_lcb_production02 Key=PurgeAfterFE,Value=1493493646 Key=PurgeAllow,Value=true Key=Volume,Value=vol-0782f08cb6f6c839c Key=Created,Value=1490901646
INSTANCE i-0c9c05c95fadfa579
INSTANCE NAME: abfinance_lcb_webview02
Tagging Snapshot snap-0f2b90c134b6c54ed with the following Tags: Key=CreatedBy,Value=ec2-automate-backup Key=InstanceId,Value=i-0c9c05c95fadfa579 Key=InstanceName,Value=abfinance_lcb_webview02 Key=PurgeAfterFE,Value=1493493646 Key=PurgeAllow,Value=true Key=Volume,Value=vol-093a7b55a620d4e21 Key=Created,Value=1490901646
INSTANCE i-0ddb468f7fcf6e0df
INSTANCE NAME: abfinance_lcb_sales02
Tagging Snapshot snap-067df47f86bc722ca with the following Tags: Key=CreatedBy,Value=ec2-automate-backup Key=InstanceId,Value=i-0ddb468f7fcf6e0df Key=InstanceName,Value=abfinance_lcb_sales02 Key=PurgeAfterFE,Value=1493493646 Key=PurgeAllow,Value=true Key=Volume,Value=vol-0fad69a30ba7bce0d Key=Created,Value=1490901646
INSTANCE i-0ddb468f7fcf6e0df
INSTANCE NAME: abfinance_lcb_sales02
Tagging Snapshot snap-0d84133b2430f46a8 with the following Tags: Key=CreatedBy,Value=ec2-automate-backup Key=InstanceId,Value=i-0ddb468f7fcf6e0df Key=InstanceName,Value=abfinance_lcb_sales02 Key=PurgeAfterFE,Value=1493493646 Key=PurgeAllow,Value=true Key=Volume,Value=vol-045ed94c459ff8b7f Key=Created,Value=1490901646
INSTANCE i-0b4be2bbf8b348d64
INSTANCE NAME: abfinance_lcb_webview04
Tagging Snapshot snap-0a87961ebf9d594d6 with the following Tags: Key=CreatedBy,Value=ec2-automate-backup Key=InstanceId,Value=i-0b4be2bbf8b348d64 Key=InstanceName,Value=abfinance_lcb_webview04 Key=PurgeAfterFE,Value=1493493646 Key=PurgeAllow,Value=true Key=Volume,Value=vol-028cbc9a0070f9b88 Key=Created,Value=1490901646
INSTANCE i-0c9c05c95fadfa579
INSTANCE NAME: abfinance_lcb_webview02
Tagging Snapshot snap-085c880c5f5748869 with the following Tags: Key=CreatedBy,Value=ec2-automate-backup Key=InstanceId,Value=i-0c9c05c95fadfa579 Key=InstanceName,Value=abfinance_lcb_webview02 Key=PurgeAfterFE,Value=1493493646 Key=PurgeAllow,Value=true Key=Volume,Value=vol-0c28572672b1f140b Key=Created,Value=1490901646
INSTANCE i-0b4be2bbf8b348d64
INSTANCE NAME: abfinance_lcb_webview04
Tagging Snapshot snap-027275ec1447d78b0 with the following Tags: Key=CreatedBy,Value=ec2-automate-backup Key=InstanceId,Value=i-0b4be2bbf8b348d64 Key=InstanceName,Value=abfinance_lcb_webview04 Key=PurgeAfterFE,Value=1493493646 Key=PurgeAllow,Value=true Key=Volume,Value=vol-0f31367a3565de9bf Key=Created,Value=1490901646
INSTANCE i-014a452a01f729a81
INSTANCE NAME: abfinance_nat02
Tagging Snapshot snap-07a2bbe543dcf9d7b with the following Tags: Key=CreatedBy,Value=ec2-automate-backup Key=InstanceId,Value=i-014a452a01f729a81 Key=InstanceName,Value=abfinance_nat02 Key=PurgeAfterFE,Value=1493493646 Key=PurgeAllow,Value=true Key=Volume,Value=vol-0122877394ee0d073 Key=Created,Value=1490901646
INSTANCE i-014a452a01f729a81
INSTANCE NAME: abfinance_nat02
Tagging Snapshot snap-07b2d960e93fe7520 with the following Tags: Key=CreatedBy,Value=ec2-automate-backup Key=InstanceId,Value=i-014a452a01f729a81 Key=InstanceName,Value=abfinance_nat02 Key=PurgeAfterFE,Value=1493493646 Key=PurgeAllow,Value=true Key=Volume,Value=vol-0eb3627979069db71 Key=Created,Value=1490901646
INSTANCE i-0ee80a69b4f45c60e
INSTANCE NAME: abfinance_waf02
Tagging Snapshot snap-0f7f033d9e738189a with the following Tags: Key=CreatedBy,Value=ec2-automate-backup Key=InstanceId,Value=i-0ee80a69b4f45c60e Key=InstanceName,Value=abfinance_waf02 Key=PurgeAfterFE,Value=1493493646 Key=PurgeAllow,Value=true Key=Volume,Value=vol-042db02546c7bbc0f Key=Created,Value=1490901646
INSTANCE i-0ee80a69b4f45c60e
INSTANCE NAME: abfinance_waf02
Tagging Snapshot snap-0f94c0aba0f3dc491 with the following Tags: Key=CreatedBy,Value=ec2-automate-backup Key=InstanceId,Value=i-0ee80a69b4f45c60e Key=InstanceName,Value=abfinance_waf02 Key=PurgeAfterFE,Value=1493493646 Key=PurgeAllow,Value=true Key=Volume,Value=vol-0b023adea7ec39f41 Key=Created,Value=1490901646
INSTANCE i-0ee80a69b4f45c60e
INSTANCE NAME: abfinance_waf02
Tagging Snapshot snap-064c607e16fa2dd75 with the following Tags: Key=CreatedBy,Value=ec2-automate-backup Key=InstanceId,Value=i-0ee80a69b4f45c60e Key=InstanceName,Value=abfinance_waf02 Key=PurgeAfterFE,Value=1493493646 Key=PurgeAllow,Value=true Key=Volume,Value=vol-02480e8655b6a38b6 Key=Created,Value=1490901646
INSTANCE i-0a035c9fe74e932da
INSTANCE NAME: abfinance_top20_ubuntu_app02
Tagging Snapshot snap-00fa6e2505ab4f07f with the following Tags: Key=CreatedBy,Value=ec2-automate-backup Key=InstanceId,Value=i-0a035c9fe74e932da Key=InstanceName,Value=abfinance_top20_ubuntu_app02 Key=PurgeAfterFE,Value=1493493646 Key=PurgeAllow,Value=true Key=Volume,Value=vol-0833a0ce5b2b225bf Key=Created,Value=1490901646
INSTANCE i-0e7b41ca87688f980
INSTANCE NAME: abfinance_95569_appcl04
Tagging Snapshot snap-0d930573a38279f4e with the following Tags: Key=CreatedBy,Value=ec2-automate-backup Key=InstanceId,Value=i-0e7b41ca87688f980 Key=InstanceName,Value=abfinance_95569_appcl04 Key=PurgeAfterFE,Value=1493493646 Key=PurgeAllow,Value=true Key=Volume,Value=vol-09962699c969ead77 Key=Created,Value=1490901646
INSTANCE i-00a8d0c18aa729b40
INSTANCE NAME: abfinance_95569_appcl02
Tagging Snapshot snap-05289a925ee044d5a with the following Tags: Key=CreatedBy,Value=ec2-automate-backup Key=InstanceId,Value=i-00a8d0c18aa729b40 Key=InstanceName,Value=abfinance_95569_appcl02 Key=PurgeAfterFE,Value=1493493646 Key=PurgeAllow,Value=true Key=Volume,Value=vol-0e1b1051e7f20c3af Key=Created,Value=1490901646
INSTANCE i-04231f43893c2cbce
INSTANCE NAME: abfinance_95569_appcl06
Tagging Snapshot snap-056b88315666b4d39 with the following Tags: Key=CreatedBy,Value=ec2-automate-backup Key=InstanceId,Value=i-04231f43893c2cbce Key=InstanceName,Value=abfinance_95569_appcl06 Key=PurgeAfterFE,Value=1493493646 Key=PurgeAllow,Value=true Key=Volume,Value=vol-085a1ef336f7f37d6 Key=Created,Value=1490901646
INSTANCE i-0b1524c7e08ea3c00
INSTANCE NAME: abfinance_95569_appcl08
Tagging Snapshot snap-0986b2301e9d3cfac with the following Tags: Key=CreatedBy,Value=ec2-automate-backup Key=InstanceId,Value=i-0b1524c7e08ea3c00 Key=InstanceName,Value=abfinance_95569_appcl08 Key=PurgeAfterFE,Value=1493493646 Key=PurgeAllow,Value=true Key=Volume,Value=vol-0fcddf0f0e57da7e4 Key=Created,Value=1490901646
INSTANCE i-00a8d0c18aa729b40
INSTANCE NAME: abfinance_95569_appcl02
Tagging Snapshot snap-06fc5b638cbe7e8c4 with the following Tags: Key=CreatedBy,Value=ec2-automate-backup Key=InstanceId,Value=i-00a8d0c18aa729b40 Key=InstanceName,Value=abfinance_95569_appcl02 Key=PurgeAfterFE,Value=1493493646 Key=PurgeAllow,Value=true Key=Volume,Value=vol-075d9ef6aede855d6 Key=Created,Value=1490901646
INSTANCE i-04231f43893c2cbce
INSTANCE NAME: abfinance_95569_appcl06
Tagging Snapshot snap-02c41669dce23d1aa with the following Tags: Key=CreatedBy,Value=ec2-automate-backup Key=InstanceId,Value=i-04231f43893c2cbce Key=InstanceName,Value=abfinance_95569_appcl06 Key=PurgeAfterFE,Value=1493493646 Key=PurgeAllow,Value=true Key=Volume,Value=vol-0ccee881fd83794ed Key=Created,Value=1490901646
INSTANCE i-0b1524c7e08ea3c00
INSTANCE NAME: abfinance_95569_appcl08
Tagging Snapshot snap-04f6afaee6e50c01a with the following Tags: Key=CreatedBy,Value=ec2-automate-backup Key=InstanceId,Value=i-0b1524c7e08ea3c00 Key=InstanceName,Value=abfinance_95569_appcl08 Key=PurgeAfterFE,Value=1493493646 Key=PurgeAllow,Value=true Key=Volume,Value=vol-093abd967cc7d7974 Key=Created,Value=1490901646
INSTANCE i-0e7b41ca87688f980
INSTANCE NAME: abfinance_95569_appcl04
Tagging Snapshot snap-0d36f85182b531091 with the following Tags: Key=CreatedBy,Value=ec2-automate-backup Key=InstanceId,Value=i-0e7b41ca87688f980 Key=InstanceName,Value=abfinance_95569_appcl04 Key=PurgeAfterFE,Value=1493493646 Key=PurgeAllow,Value=true Key=Volume,Value=vol-0e39f2b3cde217b99 Key=Created,Value=1490901646
INSTANCE i-07a3a15c9f6feeb46
INSTANCE NAME: test_abfinance_nat02
Tagging Snapshot snap-08288c634fd3da37a with the following Tags: Key=CreatedBy,Value=ec2-automate-backup Key=InstanceId,Value=i-07a3a15c9f6feeb46 Key=InstanceName,Value=test_abfinance_nat02 Key=PurgeAfterFE,Value=1493493646 Key=PurgeAllow,Value=true Key=Volume,Value=vol-01ab7d41e5b31850a Key=Created,Value=1490901646
INSTANCE i-07a3a15c9f6feeb46
INSTANCE NAME: test_abfinance_nat02
Tagging Snapshot snap-07d02f0ac682df07f with the following Tags: Key=CreatedBy,Value=ec2-automate-backup Key=InstanceId,Value=i-07a3a15c9f6feeb46 Key=InstanceName,Value=test_abfinance_nat02 Key=PurgeAfterFE,Value=1493493646 Key=PurgeAllow,Value=true Key=Volume,Value=vol-0d82762847b8c1626 Key=Created,Value=1490901646
INSTANCE i-0961c1eaf8cb6e3e2
INSTANCE NAME: abfinance_top20_ubuntu_app07
Tagging Snapshot snap-0a5bb8f9586768a21 with the following Tags: Key=CreatedBy,Value=ec2-automate-backup Key=InstanceId,Value=i-0961c1eaf8cb6e3e2 Key=InstanceName,Value=abfinance_top20_ubuntu_app07 Key=PurgeAfterFE,Value=1493493646 Key=PurgeAllow,Value=true Key=Volume,Value=vol-01c97cbcabbffd2f6 Key=Created,Value=1490901646
INSTANCE i-08622f22307f9b3dc
INSTANCE NAME: abfinance_top20_ubuntu_app08
Tagging Snapshot snap-0437e4272d8a662db with the following Tags: Key=CreatedBy,Value=ec2-automate-backup Key=InstanceId,Value=i-08622f22307f9b3dc Key=InstanceName,Value=abfinance_top20_ubuntu_app08 Key=PurgeAfterFE,Value=1493493646 Key=PurgeAllow,Value=true Key=Volume,Value=vol-0007abc804d169613 Key=Created,Value=1490901646
INSTANCE i-0961c1eaf8cb6e3e2
INSTANCE NAME: abfinance_top20_ubuntu_app07
Tagging Snapshot snap-0ce1f444d692b6971 with the following Tags: Key=CreatedBy,Value=ec2-automate-backup Key=InstanceId,Value=i-0961c1eaf8cb6e3e2 Key=InstanceName,Value=abfinance_top20_ubuntu_app07 Key=PurgeAfterFE,Value=1493493646 Key=PurgeAllow,Value=true Key=Volume,Value=vol-0b0833a63623e27fd Key=Created,Value=1490901646
INSTANCE i-0961c1eaf8cb6e3e2
INSTANCE NAME: abfinance_top20_ubuntu_app07
Tagging Snapshot snap-02e7160d9b877b73e with the following Tags: Key=CreatedBy,Value=ec2-automate-backup Key=InstanceId,Value=i-0961c1eaf8cb6e3e2 Key=InstanceName,Value=abfinance_top20_ubuntu_app07 Key=PurgeAfterFE,Value=1493493646 Key=PurgeAllow,Value=true Key=Volume,Value=vol-034ac121f027aee3d Key=Created,Value=1490901646
INSTANCE i-047407af8e70e5586
INSTANCE NAME: abfinance_top20_ubuntu_app09
Tagging Snapshot snap-0affa339b977b0eca with the following Tags: Key=CreatedBy,Value=ec2-automate-backup Key=InstanceId,Value=i-047407af8e70e5586 Key=InstanceName,Value=abfinance_top20_ubuntu_app09 Key=PurgeAfterFE,Value=1493493646 Key=PurgeAllow,Value=true Key=Volume,Value=vol-020dc1f08a4d59a28 Key=Created,Value=1490901646
INSTANCE i-047407af8e70e5586
INSTANCE NAME: abfinance_top20_ubuntu_app09
Tagging Snapshot snap-0674b4c10338fde7a with the following Tags: Key=CreatedBy,Value=ec2-automate-backup Key=InstanceId,Value=i-047407af8e70e5586 Key=InstanceName,Value=abfinance_top20_ubuntu_app09 Key=PurgeAfterFE,Value=1493493646 Key=PurgeAllow,Value=true Key=Volume,Value=vol-0661fcbcb7fca8736 Key=Created,Value=1490901646
INSTANCE i-08622f22307f9b3dc
INSTANCE NAME: abfinance_top20_ubuntu_app08
Tagging Snapshot snap-06d8a24ff7748b5f9 with the following Tags: Key=CreatedBy,Value=ec2-automate-backup Key=InstanceId,Value=i-08622f22307f9b3dc Key=InstanceName,Value=abfinance_top20_ubuntu_app08 Key=PurgeAfterFE,Value=1493493646 Key=PurgeAllow,Value=true Key=Volume,Value=vol-0e2d6cd9d5d987918 Key=Created,Value=1490901646
INSTANCE i-047407af8e70e5586
INSTANCE NAME: abfinance_top20_ubuntu_app09
Tagging Snapshot snap-0ab80aaf6661d540a with the following Tags: Key=CreatedBy,Value=ec2-automate-backup Key=InstanceId,Value=i-047407af8e70e5586 Key=InstanceName,Value=abfinance_top20_ubuntu_app09 Key=PurgeAfterFE,Value=1493493646 Key=PurgeAllow,Value=true Key=Volume,Value=vol-034bf0cd673d73b04 Key=Created,Value=1490901646
INSTANCE i-0961c1eaf8cb6e3e2
INSTANCE NAME: abfinance_top20_ubuntu_app07
Tagging Snapshot snap-03d9582ea15d01010 with the following Tags: Key=CreatedBy,Value=ec2-automate-backup Key=InstanceId,Value=i-0961c1eaf8cb6e3e2 Key=InstanceName,Value=abfinance_top20_ubuntu_app07 Key=PurgeAfterFE,Value=1493493646 Key=PurgeAllow,Value=true Key=Volume,Value=vol-014f16614cd6e4f09 Key=Created,Value=1490901646
INSTANCE i-08622f22307f9b3dc
INSTANCE NAME: abfinance_top20_ubuntu_app08
Tagging Snapshot snap-00fd05e22a838f809 with the following Tags: Key=CreatedBy,Value=ec2-automate-backup Key=InstanceId,Value=i-08622f22307f9b3dc Key=InstanceName,Value=abfinance_top20_ubuntu_app08 Key=PurgeAfterFE,Value=1493493646 Key=PurgeAllow,Value=true Key=Volume,Value=vol-0e98d92b5a271e0c1 Key=Created,Value=1490901646
INSTANCE i-047407af8e70e5586
INSTANCE NAME: abfinance_top20_ubuntu_app09
Tagging Snapshot snap-002f4fe8b52568ea8 with the following Tags: Key=CreatedBy,Value=ec2-automate-backup Key=InstanceId,Value=i-047407af8e70e5586 Key=InstanceName,Value=abfinance_top20_ubuntu_app09 Key=PurgeAfterFE,Value=1493493646 Key=PurgeAllow,Value=true Key=Volume,Value=vol-0fdd1c6ac89f46341 Key=Created,Value=1490901646
INSTANCE i-08622f22307f9b3dc
INSTANCE NAME: abfinance_top20_ubuntu_app08
Tagging Snapshot snap-04d8b9a879c57ac78 with the following Tags: Key=CreatedBy,Value=ec2-automate-backup Key=InstanceId,Value=i-08622f22307f9b3dc Key=InstanceName,Value=abfinance_top20_ubuntu_app08 Key=PurgeAfterFE,Value=1493493646 Key=PurgeAllow,Value=true Key=Volume,Value=vol-09bb75d16f9d1bb61 Key=Created,Value=1490901646
INSTANCE i-0bcd22592948a3bc8
INSTANCE NAME: abfinance_95569_app141
Tagging Snapshot snap-0925684865bf4bfde with the following Tags: Key=CreatedBy,Value=ec2-automate-backup Key=InstanceId,Value=i-0bcd22592948a3bc8 Key=InstanceName,Value=abfinance_95569_app141 Key=PurgeAfterFE,Value=1493493646 Key=PurgeAllow,Value=true Key=Volume,Value=vol-018e795cdbb9f839f Key=Created,Value=1490901646
INSTANCE i-0bcd22592948a3bc8
INSTANCE NAME: abfinance_95569_app141
Tagging Snapshot snap-0256a9febbdf8e95a with the following Tags: Key=CreatedBy,Value=ec2-automate-backup Key=InstanceId,Value=i-0bcd22592948a3bc8 Key=InstanceName,Value=abfinance_95569_app141 Key=PurgeAfterFE,Value=1493493646 Key=PurgeAllow,Value=true Key=Volume,Value=vol-086aba265d94e61b4 Key=Created,Value=1490901646
INSTANCE i-03b57928616a8d119
INSTANCE NAME: abfinance_95569_app11
Tagging Snapshot snap-0b050de9a52fc45d9 with the following Tags: Key=CreatedBy,Value=ec2-automate-backup Key=InstanceId,Value=i-03b57928616a8d119 Key=InstanceName,Value=abfinance_95569_app11 Key=PurgeAfterFE,Value=1493493646 Key=PurgeAllow,Value=true Key=Volume,Value=vol-00a4d8cc657fd095f Key=Created,Value=1490901646
INSTANCE i-09c114c3c67ac2768
INSTANCE NAME: abfinance_95569_app15
Tagging Snapshot snap-07f9d568f11795e90 with the following Tags: Key=CreatedBy,Value=ec2-automate-backup Key=InstanceId,Value=i-09c114c3c67ac2768 Key=InstanceName,Value=abfinance_95569_app15 Key=PurgeAfterFE,Value=1493493646 Key=PurgeAllow,Value=true Key=Volume,Value=vol-0dc2b205ff3e0db9f Key=Created,Value=1490901646
INSTANCE i-09c114c3c67ac2768
INSTANCE NAME: abfinance_95569_app15
Tagging Snapshot snap-043b612dc53b3079a with the following Tags: Key=CreatedBy,Value=ec2-automate-backup Key=InstanceId,Value=i-09c114c3c67ac2768 Key=InstanceName,Value=abfinance_95569_app15 Key=PurgeAfterFE,Value=1493493646 Key=PurgeAllow,Value=true Key=Volume,Value=vol-0603570eb189be1e3 Key=Created,Value=1490901646
INSTANCE i-0a5f15688eacd2e3e
INSTANCE NAME: abfinance_95569_app13
Tagging Snapshot snap-006579be7465c9aaa with the following Tags: Key=CreatedBy,Value=ec2-automate-backup Key=InstanceId,Value=i-0a5f15688eacd2e3e Key=InstanceName,Value=abfinance_95569_app13 Key=PurgeAfterFE,Value=1493493646 Key=PurgeAllow,Value=true Key=Volume,Value=vol-02298d3eaf4ba7281 Key=Created,Value=1490901646
INSTANCE i-0a5f15688eacd2e3e
INSTANCE NAME: abfinance_95569_app13
Tagging Snapshot snap-0574f4959e8822487 with the following Tags: Key=CreatedBy,Value=ec2-automate-backup Key=InstanceId,Value=i-0a5f15688eacd2e3e Key=InstanceName,Value=abfinance_95569_app13 Key=PurgeAfterFE,Value=1493493646 Key=PurgeAllow,Value=true Key=Volume,Value=vol-0785e6333055e6365 Key=Created,Value=1490901646
INSTANCE i-0f0c674e5b6788a2c
INSTANCE NAME: abfinance_95569_app19
Tagging Snapshot snap-0d1761165dc13dd52 with the following Tags: Key=CreatedBy,Value=ec2-automate-backup Key=InstanceId,Value=i-0f0c674e5b6788a2c Key=InstanceName,Value=abfinance_95569_app19 Key=PurgeAfterFE,Value=1493493646 Key=PurgeAllow,Value=true Key=Volume,Value=vol-06b68df3e57d2e58d Key=Created,Value=1490901646
INSTANCE i-0f0c674e5b6788a2c
INSTANCE NAME: abfinance_95569_app19
Tagging Snapshot snap-0c76717514f5e2af6 with the following Tags: Key=CreatedBy,Value=ec2-automate-backup Key=InstanceId,Value=i-0f0c674e5b6788a2c Key=InstanceName,Value=abfinance_95569_app19 Key=PurgeAfterFE,Value=1493493646 Key=PurgeAllow,Value=true Key=Volume,Value=vol-0851a9c76d4ea078c Key=Created,Value=1490901646
INSTANCE i-0a411a0ef749f4cf1
INSTANCE NAME: abfinance_95569_app21
Tagging Snapshot snap-0ccfccc34a3feaed4 with the following Tags: Key=CreatedBy,Value=ec2-automate-backup Key=InstanceId,Value=i-0a411a0ef749f4cf1 Key=InstanceName,Value=abfinance_95569_app21 Key=PurgeAfterFE,Value=1493493646 Key=PurgeAllow,Value=true Key=Volume,Value=vol-0c3d605f9052074d8 Key=Created,Value=1490901646
INSTANCE i-0a411a0ef749f4cf1
INSTANCE NAME: abfinance_95569_app21
Tagging Snapshot snap-032024f8c5e20f7ac with the following Tags: Key=CreatedBy,Value=ec2-automate-backup Key=InstanceId,Value=i-0a411a0ef749f4cf1 Key=InstanceName,Value=abfinance_95569_app21 Key=PurgeAfterFE,Value=1493493646 Key=PurgeAllow,Value=true Key=Volume,Value=vol-0310bf0152a386a1f Key=Created,Value=1490901646
INSTANCE i-0d5e1e43bf386d202
INSTANCE NAME: abfinance_95569_app23
Tagging Snapshot snap-0f57ec441a9ffcb25 with the following Tags: Key=CreatedBy,Value=ec2-automate-backup Key=InstanceId,Value=i-0d5e1e43bf386d202 Key=InstanceName,Value=abfinance_95569_app23 Key=PurgeAfterFE,Value=1493493646 Key=PurgeAllow,Value=true Key=Volume,Value=vol-0f81b4a366156ec4e Key=Created,Value=1490901646
INSTANCE i-0d5e1e43bf386d202
INSTANCE NAME: abfinance_95569_app23
Tagging Snapshot snap-012beaef0e1f76d0a with the following Tags: Key=CreatedBy,Value=ec2-automate-backup Key=InstanceId,Value=i-0d5e1e43bf386d202 Key=InstanceName,Value=abfinance_95569_app23 Key=PurgeAfterFE,Value=1493493646 Key=PurgeAllow,Value=true Key=Volume,Value=vol-0111d7f26ad53c4cb Key=Created,Value=1490901646
INSTANCE i-0eb8007a14e67dab2
INSTANCE NAME: abfinance_95569_app27
Tagging Snapshot snap-082b5e7023b893e10 with the following Tags: Key=CreatedBy,Value=ec2-automate-backup Key=InstanceId,Value=i-0eb8007a14e67dab2 Key=InstanceName,Value=abfinance_95569_app27 Key=PurgeAfterFE,Value=1493493646 Key=PurgeAllow,Value=true Key=Volume,Value=vol-03525070f4c814961 Key=Created,Value=1490901646
INSTANCE i-07edbc122c6a6ac80
INSTANCE NAME: abfinance_95569_app17
Tagging Snapshot snap-095d6199c36ae599c with the following Tags: Key=CreatedBy,Value=ec2-automate-backup Key=InstanceId,Value=i-07edbc122c6a6ac80 Key=InstanceName,Value=abfinance_95569_app17 Key=PurgeAfterFE,Value=1493493646 Key=PurgeAllow,Value=true Key=Volume,Value=vol-04e6264745822f286 Key=Created,Value=1490901646
INSTANCE i-03b57928616a8d119
INSTANCE NAME: abfinance_95569_app11
Tagging Snapshot snap-0e95cbb77581bb849 with the following Tags: Key=CreatedBy,Value=ec2-automate-backup Key=InstanceId,Value=i-03b57928616a8d119 Key=InstanceName,Value=abfinance_95569_app11 Key=PurgeAfterFE,Value=1493493646 Key=PurgeAllow,Value=true Key=Volume,Value=vol-004d8faa59c222aa5 Key=Created,Value=1490901646
INSTANCE i-07edbc122c6a6ac80
INSTANCE NAME: abfinance_95569_app17
Tagging Snapshot snap-0b5a0f40a1cd20d18 with the following Tags: Key=CreatedBy,Value=ec2-automate-backup Key=InstanceId,Value=i-07edbc122c6a6ac80 Key=InstanceName,Value=abfinance_95569_app17 Key=PurgeAfterFE,Value=1493493646 Key=PurgeAllow,Value=true Key=Volume,Value=vol-01b2522c2d2534299 Key=Created,Value=1490901646
INSTANCE i-07728f7b5bfbf498e
INSTANCE NAME: abfinance_95569_app25
Tagging Snapshot snap-041d4f1552df03010 with the following Tags: Key=CreatedBy,Value=ec2-automate-backup Key=InstanceId,Value=i-07728f7b5bfbf498e Key=InstanceName,Value=abfinance_95569_app25 Key=PurgeAfterFE,Value=1493493646 Key=PurgeAllow,Value=true Key=Volume,Value=vol-04b5c2f0495b27c68 Key=Created,Value=1490901646
INSTANCE i-0eb8007a14e67dab2
INSTANCE NAME: abfinance_95569_app27
Tagging Snapshot snap-046d7e1c3843370a5 with the following Tags: Key=CreatedBy,Value=ec2-automate-backup Key=InstanceId,Value=i-0eb8007a14e67dab2 Key=InstanceName,Value=abfinance_95569_app27 Key=PurgeAfterFE,Value=1493493646 Key=PurgeAllow,Value=true Key=Volume,Value=vol-0dcf38ce3ae3a060a Key=Created,Value=1490901646
INSTANCE i-07728f7b5bfbf498e
INSTANCE NAME: abfinance_95569_app25
Tagging Snapshot snap-0f94d3b291f89f375 with the following Tags: Key=CreatedBy,Value=ec2-automate-backup Key=InstanceId,Value=i-07728f7b5bfbf498e Key=InstanceName,Value=abfinance_95569_app25 Key=PurgeAfterFE,Value=1493493646 Key=PurgeAllow,Value=true Key=Volume,Value=vol-0200a88c02cfb804d Key=Created,Value=1490901646
INSTANCE i-0257be16b51727274
INSTANCE NAME: abfinance_95569_app01
Tagging Snapshot snap-05f70b6ab8f5d1587 with the following Tags: Key=CreatedBy,Value=ec2-automate-backup Key=InstanceId,Value=i-0257be16b51727274 Key=InstanceName,Value=abfinance_95569_app01 Key=PurgeAfterFE,Value=1493493646 Key=PurgeAllow,Value=true Key=Volume,Value=vol-09653c9b7d7cc8b5a Key=Created,Value=1490901646
INSTANCE i-00737f9ceeaad86d1
INSTANCE NAME: abfinance_95569_app03
Tagging Snapshot snap-09f8cde11b622bac2 with the following Tags: Key=CreatedBy,Value=ec2-automate-backup Key=InstanceId,Value=i-00737f9ceeaad86d1 Key=InstanceName,Value=abfinance_95569_app03 Key=PurgeAfterFE,Value=1493493646 Key=PurgeAllow,Value=true Key=Volume,Value=vol-0d4af25a0758d6113 Key=Created,Value=1490901646
INSTANCE i-00737f9ceeaad86d1
INSTANCE NAME: abfinance_95569_app03
Tagging Snapshot snap-0900b17df66ffede9 with the following Tags: Key=CreatedBy,Value=ec2-automate-backup Key=InstanceId,Value=i-00737f9ceeaad86d1 Key=InstanceName,Value=abfinance_95569_app03 Key=PurgeAfterFE,Value=1493493646 Key=PurgeAllow,Value=true Key=Volume,Value=vol-08c55b678a9fff5df Key=Created,Value=1490901646
INSTANCE i-0723ff9b3e8e40be7
INSTANCE NAME: abfinance_95569_app37
Tagging Snapshot snap-04682f8e62e8c47cf with the following Tags: Key=CreatedBy,Value=ec2-automate-backup Key=InstanceId,Value=i-0723ff9b3e8e40be7 Key=InstanceName,Value=abfinance_95569_app37 Key=PurgeAfterFE,Value=1493493646 Key=PurgeAllow,Value=true Key=Volume,Value=vol-0281762adebc253ea Key=Created,Value=1490901646
INSTANCE i-0257be16b51727274
INSTANCE NAME: abfinance_95569_app01
Tagging Snapshot snap-043cccc14dfbdfbd4 with the following Tags: Key=CreatedBy,Value=ec2-automate-backup Key=InstanceId,Value=i-0257be16b51727274 Key=InstanceName,Value=abfinance_95569_app01 Key=PurgeAfterFE,Value=1493493646 Key=PurgeAllow,Value=true Key=Volume,Value=vol-0d8e0588b2630dc6f Key=Created,Value=1490901646
INSTANCE i-0723ff9b3e8e40be7
INSTANCE NAME: abfinance_95569_app37
Tagging Snapshot snap-06daa23c99510254e with the following Tags: Key=CreatedBy,Value=ec2-automate-backup Key=InstanceId,Value=i-0723ff9b3e8e40be7 Key=InstanceName,Value=abfinance_95569_app37 Key=PurgeAfterFE,Value=1493493646 Key=PurgeAllow,Value=true Key=Volume,Value=vol-0b7b3d56950413d9b Key=Created,Value=1490901646
INSTANCE i-0f705ab54239a1f52
INSTANCE NAME: abfinance_95569_qyyxapp05
Tagging Snapshot snap-008cbe2292d99d75a with the following Tags: Key=CreatedBy,Value=ec2-automate-backup Key=InstanceId,Value=i-0f705ab54239a1f52 Key=InstanceName,Value=abfinance_95569_qyyxapp05 Key=PurgeAfterFE,Value=1493493646 Key=PurgeAllow,Value=true Key=Volume,Value=vol-09d6b1837b615adf0 Key=Created,Value=1490901646
INSTANCE i-04a60b0759f7eb2ac
INSTANCE NAME: abfinance_95569_qyyxapp01
Tagging Snapshot snap-06c600b04187bac91 with the following Tags: Key=CreatedBy,Value=ec2-automate-backup Key=InstanceId,Value=i-04a60b0759f7eb2ac Key=InstanceName,Value=abfinance_95569_qyyxapp01 Key=PurgeAfterFE,Value=1493493646 Key=PurgeAllow,Value=true Key=Volume,Value=vol-0ab00cc4b064066fb Key=Created,Value=1490901646
INSTANCE i-0f705ab54239a1f52
INSTANCE NAME: abfinance_95569_qyyxapp05
Tagging Snapshot snap-03262c4f888d50054 with the following Tags: Key=CreatedBy,Value=ec2-automate-backup Key=InstanceId,Value=i-0f705ab54239a1f52 Key=InstanceName,Value=abfinance_95569_qyyxapp05 Key=PurgeAfterFE,Value=1493493646 Key=PurgeAllow,Value=true Key=Volume,Value=vol-0b8edb31bd17a1ded Key=Created,Value=1490901646
INSTANCE i-04a60b0759f7eb2ac
INSTANCE NAME: abfinance_95569_qyyxapp01
Tagging Snapshot snap-0b369eb1ad2c36056 with the following Tags: Key=CreatedBy,Value=ec2-automate-backup Key=InstanceId,Value=i-04a60b0759f7eb2ac Key=InstanceName,Value=abfinance_95569_qyyxapp01 Key=PurgeAfterFE,Value=1493493646 Key=PurgeAllow,Value=true Key=Volume,Value=vol-0966ecafbcd12b336 Key=Created,Value=1490901646
INSTANCE i-00a83f954cf74b49c
INSTANCE NAME: abfinance_top20_ubuntu_db01
Tagging Snapshot snap-0ad724f50aad56630 with the following Tags: Key=CreatedBy,Value=ec2-automate-backup Key=InstanceId,Value=i-00a83f954cf74b49c Key=InstanceName,Value=abfinance_top20_ubuntu_db01 Key=PurgeAfterFE,Value=1493493646 Key=PurgeAllow,Value=true Key=Volume,Value=vol-00650e414cf107b17 Key=Created,Value=1490901646
INSTANCE i-0c216734d128c6375
INSTANCE NAME: abfinance_top20_ubuntu_app03
Tagging Snapshot snap-098dcd06c94774558 with the following Tags: Key=CreatedBy,Value=ec2-automate-backup Key=InstanceId,Value=i-0c216734d128c6375 Key=InstanceName,Value=abfinance_top20_ubuntu_app03 Key=PurgeAfterFE,Value=1493493646 Key=PurgeAllow,Value=true Key=Volume,Value=vol-0f763f4259c95c9b5 Key=Created,Value=1490901646
INSTANCE i-0c216734d128c6375
INSTANCE NAME: abfinance_top20_ubuntu_app03
Tagging Snapshot snap-047c8b134ae224534 with the following Tags: Key=CreatedBy,Value=ec2-automate-backup Key=InstanceId,Value=i-0c216734d128c6375 Key=InstanceName,Value=abfinance_top20_ubuntu_app03 Key=PurgeAfterFE,Value=1493493646 Key=PurgeAllow,Value=true Key=Volume,Value=vol-0cd52f41e2b7d8e0a Key=Created,Value=1490901646
INSTANCE i-00a83f954cf74b49c
INSTANCE NAME: abfinance_top20_ubuntu_db01
Tagging Snapshot snap-0c27d696116f20399 with the following Tags: Key=CreatedBy,Value=ec2-automate-backup Key=InstanceId,Value=i-00a83f954cf74b49c Key=InstanceName,Value=abfinance_top20_ubuntu_db01 Key=PurgeAfterFE,Value=1493493646 Key=PurgeAllow,Value=true Key=Volume,Value=vol-02af501b13bf54b0e Key=Created,Value=1490901646
INSTANCE i-00a83f954cf74b49c
INSTANCE NAME: abfinance_top20_ubuntu_db01
Tagging Snapshot snap-0334d499a99602ae0 with the following Tags: Key=CreatedBy,Value=ec2-automate-backup Key=InstanceId,Value=i-00a83f954cf74b49c Key=InstanceName,Value=abfinance_top20_ubuntu_db01 Key=PurgeAfterFE,Value=1493493646 Key=PurgeAllow,Value=true Key=Volume,Value=vol-0bee7854c001f0356 Key=Created,Value=1490901646
INSTANCE i-0c216734d128c6375
INSTANCE NAME: abfinance_top20_ubuntu_app03
Tagging Snapshot snap-0adc9aa0c42b2b848 with the following Tags: Key=CreatedBy,Value=ec2-automate-backup Key=InstanceId,Value=i-0c216734d128c6375 Key=InstanceName,Value=abfinance_top20_ubuntu_app03 Key=PurgeAfterFE,Value=1493493646 Key=PurgeAllow,Value=true Key=Volume,Value=vol-0cc56bc37e58a69f8 Key=Created,Value=1490901646
INSTANCE i-0c216734d128c6375
INSTANCE NAME: abfinance_top20_ubuntu_app03
Tagging Snapshot snap-0a6a9873fefd28945 with the following Tags: Key=CreatedBy,Value=ec2-automate-backup Key=InstanceId,Value=i-0c216734d128c6375 Key=InstanceName,Value=abfinance_top20_ubuntu_app03 Key=PurgeAfterFE,Value=1493493646 Key=PurgeAllow,Value=true Key=Volume,Value=vol-07fdebcf5a0e444be Key=Created,Value=1490901646
INSTANCE i-00a83f954cf74b49c
INSTANCE NAME: abfinance_top20_ubuntu_db01
Tagging Snapshot snap-0421152297893b842 with the following Tags: Key=CreatedBy,Value=ec2-automate-backup Key=InstanceId,Value=i-00a83f954cf74b49c Key=InstanceName,Value=abfinance_top20_ubuntu_db01 Key=PurgeAfterFE,Value=1493493646 Key=PurgeAllow,Value=true Key=Volume,Value=vol-0689fe07556ce52b6 Key=Created,Value=1490901646
INSTANCE i-00a83f954cf74b49c
INSTANCE NAME: abfinance_top20_ubuntu_db01
Tagging Snapshot snap-0213ff80873d0f32f with the following Tags: Key=CreatedBy,Value=ec2-automate-backup Key=InstanceId,Value=i-00a83f954cf74b49c Key=InstanceName,Value=abfinance_top20_ubuntu_db01 Key=PurgeAfterFE,Value=1493493646 Key=PurgeAllow,Value=true Key=Volume,Value=vol-06d9a2487a760806c Key=Created,Value=1490901646
INSTANCE i-084540b57e4187648
INSTANCE NAME: abfinance_fileshare01
Tagging Snapshot snap-0d882e167e6cc3540 with the following Tags: Key=CreatedBy,Value=ec2-automate-backup Key=InstanceId,Value=i-084540b57e4187648 Key=InstanceName,Value=abfinance_fileshare01 Key=PurgeAfterFE,Value=1493493646 Key=PurgeAllow,Value=true Key=Volume,Value=vol-0fabf5c1d62646d8a Key=Created,Value=1490901646
INSTANCE i-084540b57e4187648
INSTANCE NAME: abfinance_fileshare01
Tagging Snapshot snap-014d5d3a043d301c5 with the following Tags: Key=CreatedBy,Value=ec2-automate-backup Key=InstanceId,Value=i-084540b57e4187648 Key=InstanceName,Value=abfinance_fileshare01 Key=PurgeAfterFE,Value=1493493646 Key=PurgeAllow,Value=true Key=Volume,Value=vol-03e0f7adfeb97a6d9 Key=Created,Value=1490901646
INSTANCE i-009d3dba5cea1a5fd
INSTANCE NAME: abfinance_lcb_admin01
Tagging Snapshot snap-070bc0a224d79ee17 with the following Tags: Key=CreatedBy,Value=ec2-automate-backup Key=InstanceId,Value=i-009d3dba5cea1a5fd Key=InstanceName,Value=abfinance_lcb_admin01 Key=PurgeAfterFE,Value=1493493646 Key=PurgeAllow,Value=true Key=Volume,Value=vol-08e53cbca7fc7d50f Key=Created,Value=1490901646
INSTANCE i-009d3dba5cea1a5fd
INSTANCE NAME: abfinance_lcb_admin01
Tagging Snapshot snap-02ae0dad10a94ffd0 with the following Tags: Key=CreatedBy,Value=ec2-automate-backup Key=InstanceId,Value=i-009d3dba5cea1a5fd Key=InstanceName,Value=abfinance_lcb_admin01 Key=PurgeAfterFE,Value=1493493646 Key=PurgeAllow,Value=true Key=Volume,Value=vol-070270ceedb98dca2 Key=Created,Value=1490901646
INSTANCE i-0c692d9224afa0bfa
INSTANCE NAME: abfinance_lcb_production01
Tagging Snapshot snap-0f4b9a36610f6e9c5 with the following Tags: Key=CreatedBy,Value=ec2-automate-backup Key=InstanceId,Value=i-0c692d9224afa0bfa Key=InstanceName,Value=abfinance_lcb_production01 Key=PurgeAfterFE,Value=1493493646 Key=PurgeAllow,Value=true Key=Volume,Value=vol-03b3d8c0e1cadf8c1 Key=Created,Value=1490901646
INSTANCE i-0e36e12e65d6b4a4e
INSTANCE NAME: abfinance_lcb_sales01
Tagging Snapshot snap-0f5475bdf98931531 with the following Tags: Key=CreatedBy,Value=ec2-automate-backup Key=InstanceId,Value=i-0e36e12e65d6b4a4e Key=InstanceName,Value=abfinance_lcb_sales01 Key=PurgeAfterFE,Value=1493493646 Key=PurgeAllow,Value=true Key=Volume,Value=vol-08e5740f9ae393ab6 Key=Created,Value=1490901646
INSTANCE i-0c692d9224afa0bfa
INSTANCE NAME: abfinance_lcb_production01
Tagging Snapshot snap-025b24d1350c47ca8 with the following Tags: Key=CreatedBy,Value=ec2-automate-backup Key=InstanceId,Value=i-0c692d9224afa0bfa Key=InstanceName,Value=abfinance_lcb_production01 Key=PurgeAfterFE,Value=1493493646 Key=PurgeAllow,Value=true Key=Volume,Value=vol-0734128d6832a8b05 Key=Created,Value=1490901646
INSTANCE i-09c2eabe897e928a7
INSTANCE NAME: abfinance_lcb_webview01
Tagging Snapshot snap-0148ac9542f3be345 with the following Tags: Key=CreatedBy,Value=ec2-automate-backup Key=InstanceId,Value=i-09c2eabe897e928a7 Key=InstanceName,Value=abfinance_lcb_webview01 Key=PurgeAfterFE,Value=1493493646 Key=PurgeAllow,Value=true Key=Volume,Value=vol-08656f7f1440aa14a Key=Created,Value=1490901646
INSTANCE i-09c2eabe897e928a7
INSTANCE NAME: abfinance_lcb_webview01
Tagging Snapshot snap-0a5cbe8bf5a44a4c1 with the following Tags: Key=CreatedBy,Value=ec2-automate-backup Key=InstanceId,Value=i-09c2eabe897e928a7 Key=InstanceName,Value=abfinance_lcb_webview01 Key=PurgeAfterFE,Value=1493493646 Key=PurgeAllow,Value=true Key=Volume,Value=vol-0aa81463a2ad03c7a Key=Created,Value=1490901646
INSTANCE i-0518c045d2be93427
INSTANCE NAME: abfinance_nat01
Tagging Snapshot snap-088ce7cd6d1bede0a with the following Tags: Key=CreatedBy,Value=ec2-automate-backup Key=InstanceId,Value=i-0518c045d2be93427 Key=InstanceName,Value=abfinance_nat01 Key=PurgeAfterFE,Value=1493493646 Key=PurgeAllow,Value=true Key=Volume,Value=vol-0d9130bb61c0d4c56 Key=Created,Value=1490901646
INSTANCE i-0e36e12e65d6b4a4e
INSTANCE NAME: abfinance_lcb_sales01
Tagging Snapshot snap-008c704756ee8943d with the following Tags: Key=CreatedBy,Value=ec2-automate-backup Key=InstanceId,Value=i-0e36e12e65d6b4a4e Key=InstanceName,Value=abfinance_lcb_sales01 Key=PurgeAfterFE,Value=1493493646 Key=PurgeAllow,Value=true Key=Volume,Value=vol-023127c32f4b64e52 Key=Created,Value=1490901646
INSTANCE i-0518c045d2be93427
INSTANCE NAME: abfinance_nat01
Tagging Snapshot snap-0044e3ccf59ef3ea5 with the following Tags: Key=CreatedBy,Value=ec2-automate-backup Key=InstanceId,Value=i-0518c045d2be93427 Key=InstanceName,Value=abfinance_nat01 Key=PurgeAfterFE,Value=1493493646 Key=PurgeAllow,Value=true Key=Volume,Value=vol-0528c98fb329dffea Key=Created,Value=1490901646
INSTANCE i-038656cd0a5878996
INSTANCE NAME: abfinance_lcb_webview03
Tagging Snapshot snap-05ddc0b4122d705d0 with the following Tags: Key=CreatedBy,Value=ec2-automate-backup Key=InstanceId,Value=i-038656cd0a5878996 Key=InstanceName,Value=abfinance_lcb_webview03 Key=PurgeAfterFE,Value=1493493646 Key=PurgeAllow,Value=true Key=Volume,Value=vol-029a78effd0af4174 Key=Created,Value=1490901646
INSTANCE i-038656cd0a5878996
INSTANCE NAME: abfinance_lcb_webview03
Tagging Snapshot snap-07680b815e7558726 with the following Tags: Key=CreatedBy,Value=ec2-automate-backup Key=InstanceId,Value=i-038656cd0a5878996 Key=InstanceName,Value=abfinance_lcb_webview03 Key=PurgeAfterFE,Value=1493493646 Key=PurgeAllow,Value=true Key=Volume,Value=vol-0f119584d4b9ada06 Key=Created,Value=1490901646
INSTANCE i-071c0e09746a7cab2
INSTANCE NAME: abfinance_top20_ubuntu_app01
Tagging Snapshot snap-0b5695282c3b6a934 with the following Tags: Key=CreatedBy,Value=ec2-automate-backup Key=InstanceId,Value=i-071c0e09746a7cab2 Key=InstanceName,Value=abfinance_top20_ubuntu_app01 Key=PurgeAfterFE,Value=1493493646 Key=PurgeAllow,Value=true Key=Volume,Value=vol-028c8b322e5479cf7 Key=Created,Value=1490901646
INSTANCE i-071c0e09746a7cab2
INSTANCE NAME: abfinance_top20_ubuntu_app01
Tagging Snapshot snap-0e30e2d822a19490d with the following Tags: Key=CreatedBy,Value=ec2-automate-backup Key=InstanceId,Value=i-071c0e09746a7cab2 Key=InstanceName,Value=abfinance_top20_ubuntu_app01 Key=PurgeAfterFE,Value=1493493646 Key=PurgeAllow,Value=true Key=Volume,Value=vol-07635e1c11c362ee7 Key=Created,Value=1490901646
INSTANCE i-071c0e09746a7cab2
INSTANCE NAME: abfinance_top20_ubuntu_app01
Tagging Snapshot snap-06164423e9b0cecbc with the following Tags: Key=CreatedBy,Value=ec2-automate-backup Key=InstanceId,Value=i-071c0e09746a7cab2 Key=InstanceName,Value=abfinance_top20_ubuntu_app01 Key=PurgeAfterFE,Value=1493493646 Key=PurgeAllow,Value=true Key=Volume,Value=vol-04f6f153979ec4e04 Key=Created,Value=1490901646
INSTANCE i-071c0e09746a7cab2
INSTANCE NAME: abfinance_top20_ubuntu_app01
Tagging Snapshot snap-055bb369af1b107d3 with the following Tags: Key=CreatedBy,Value=ec2-automate-backup Key=InstanceId,Value=i-071c0e09746a7cab2 Key=InstanceName,Value=abfinance_top20_ubuntu_app01 Key=PurgeAfterFE,Value=1493493646 Key=PurgeAllow,Value=true Key=Volume,Value=vol-05313c753118b3f0e Key=Created,Value=1490901646
INSTANCE i-04301c43465272923
INSTANCE NAME: abfinance_top20_ubuntu_app05
Tagging Snapshot snap-001e47306d5aeac83 with the following Tags: Key=CreatedBy,Value=ec2-automate-backup Key=InstanceId,Value=i-04301c43465272923 Key=InstanceName,Value=abfinance_top20_ubuntu_app05 Key=PurgeAfterFE,Value=1493493646 Key=PurgeAllow,Value=true Key=Volume,Value=vol-042ff0cf25d5159f1 Key=Created,Value=1490901646
INSTANCE i-04301c43465272923
INSTANCE NAME: abfinance_top20_ubuntu_app05
Tagging Snapshot snap-02e9b90307e449c77 with the following Tags: Key=CreatedBy,Value=ec2-automate-backup Key=InstanceId,Value=i-04301c43465272923 Key=InstanceName,Value=abfinance_top20_ubuntu_app05 Key=PurgeAfterFE,Value=1493493646 Key=PurgeAllow,Value=true Key=Volume,Value=vol-000debe3735b701da Key=Created,Value=1490901646
INSTANCE i-04301c43465272923
INSTANCE NAME: abfinance_top20_ubuntu_app05
Tagging Snapshot snap-03c46607904edc042 with the following Tags: Key=CreatedBy,Value=ec2-automate-backup Key=InstanceId,Value=i-04301c43465272923 Key=InstanceName,Value=abfinance_top20_ubuntu_app05 Key=PurgeAfterFE,Value=1493493646 Key=PurgeAllow,Value=true Key=Volume,Value=vol-01bc3463f6ddd3d8d Key=Created,Value=1490901646
INSTANCE i-04301c43465272923
INSTANCE NAME: abfinance_top20_ubuntu_app05
Tagging Snapshot snap-0d90459159d29c90b with the following Tags: Key=CreatedBy,Value=ec2-automate-backup Key=InstanceId,Value=i-04301c43465272923 Key=InstanceName,Value=abfinance_top20_ubuntu_app05 Key=PurgeAfterFE,Value=1493493646 Key=PurgeAllow,Value=true Key=Volume,Value=vol-0ce01a4e917347781 Key=Created,Value=1490901646
INSTANCE i-061100ef3944cdc9f
INSTANCE NAME: abfinance_waf01
Tagging Snapshot snap-0010db7f7cd5661ef with the following Tags: Key=CreatedBy,Value=ec2-automate-backup Key=InstanceId,Value=i-061100ef3944cdc9f Key=InstanceName,Value=abfinance_waf01 Key=PurgeAfterFE,Value=1493493646 Key=PurgeAllow,Value=true Key=Volume,Value=vol-047bd2af9ad7b8607 Key=Created,Value=1490901646
INSTANCE i-061100ef3944cdc9f
INSTANCE NAME: abfinance_waf01
Tagging Snapshot snap-0420d818962debb33 with the following Tags: Key=CreatedBy,Value=ec2-automate-backup Key=InstanceId,Value=i-061100ef3944cdc9f Key=InstanceName,Value=abfinance_waf01 Key=PurgeAfterFE,Value=1493493646 Key=PurgeAllow,Value=true Key=Volume,Value=vol-033f40c6a90487e43 Key=Created,Value=1490901646
INSTANCE i-061100ef3944cdc9f
INSTANCE NAME: abfinance_waf01
Tagging Snapshot snap-0be61ebe157392bd4 with the following Tags: Key=CreatedBy,Value=ec2-automate-backup Key=InstanceId,Value=i-061100ef3944cdc9f Key=InstanceName,Value=abfinance_waf01 Key=PurgeAfterFE,Value=1493493646 Key=PurgeAllow,Value=true Key=Volume,Value=vol-0e7a9cd48468a007e Key=Created,Value=1490901646
INSTANCE i-05bce44dc8bdd25cc
INSTANCE NAME: test_abfinance_top20_ubuntu_web
Tagging Snapshot snap-014fca01537d929ad with the following Tags: Key=CreatedBy,Value=ec2-automate-backup Key=InstanceId,Value=i-05bce44dc8bdd25cc Key=InstanceName,Value=test_abfinance_top20_ubuntu_web Key=PurgeAfterFE,Value=1493493646 Key=PurgeAllow,Value=true Key=Volume,Value=vol-0bb8640ab9584a3b6 Key=Created,Value=1490901646
INSTANCE i-05bce44dc8bdd25cc
INSTANCE NAME: test_abfinance_top20_ubuntu_web
Tagging Snapshot snap-06e7acfeb7feafaff with the following Tags: Key=CreatedBy,Value=ec2-automate-backup Key=InstanceId,Value=i-05bce44dc8bdd25cc Key=InstanceName,Value=test_abfinance_top20_ubuntu_web Key=PurgeAfterFE,Value=1493493646 Key=PurgeAllow,Value=true Key=Volume,Value=vol-01e180d6472981af9 Key=Created,Value=1490901646
INSTANCE i-068562c066d5fe7a2
INSTANCE NAME: test_abfinance_top20_ubuntu_das
Tagging Snapshot snap-0e514bd83a3bbc510 with the following Tags: Key=CreatedBy,Value=ec2-automate-backup Key=InstanceId,Value=i-068562c066d5fe7a2 Key=InstanceName,Value=test_abfinance_top20_ubuntu_das Key=PurgeAfterFE,Value=1493493646 Key=PurgeAllow,Value=true Key=Volume,Value=vol-018ff67469c8f095c Key=Created,Value=1490901646
INSTANCE i-05bce44dc8bdd25cc
INSTANCE NAME: test_abfinance_top20_ubuntu_web
Tagging Snapshot snap-0f6d306a6a0eff788 with the following Tags: Key=CreatedBy,Value=ec2-automate-backup Key=InstanceId,Value=i-05bce44dc8bdd25cc Key=InstanceName,Value=test_abfinance_top20_ubuntu_web Key=PurgeAfterFE,Value=1493493646 Key=PurgeAllow,Value=true Key=Volume,Value=vol-03689106d82cd6e4a Key=Created,Value=1490901646
INSTANCE i-068562c066d5fe7a2
INSTANCE NAME: test_abfinance_top20_ubuntu_das
Tagging Snapshot snap-01431830841921f29 with the following Tags: Key=CreatedBy,Value=ec2-automate-backup Key=InstanceId,Value=i-068562c066d5fe7a2 Key=InstanceName,Value=test_abfinance_top20_ubuntu_das Key=PurgeAfterFE,Value=1493493646 Key=PurgeAllow,Value=true Key=Volume,Value=vol-0474fb56e6b14a15b Key=Created,Value=1490901646
INSTANCE i-05bce44dc8bdd25cc
INSTANCE NAME: test_abfinance_top20_ubuntu_web
Tagging Snapshot snap-05bc7a1ef2b04dd34 with the following Tags: Key=CreatedBy,Value=ec2-automate-backup Key=InstanceId,Value=i-05bce44dc8bdd25cc Key=InstanceName,Value=test_abfinance_top20_ubuntu_web Key=PurgeAfterFE,Value=1493493646 Key=PurgeAllow,Value=true Key=Volume,Value=vol-0187f4ef773ed4690 Key=Created,Value=1490901646
INSTANCE i-068562c066d5fe7a2
INSTANCE NAME: test_abfinance_top20_ubuntu_das
Tagging Snapshot snap-022a094c426d448cd with the following Tags: Key=CreatedBy,Value=ec2-automate-backup Key=InstanceId,Value=i-068562c066d5fe7a2 Key=InstanceName,Value=test_abfinance_top20_ubuntu_das Key=PurgeAfterFE,Value=1493493646 Key=PurgeAllow,Value=true Key=Volume,Value=vol-0d148878cb016398c Key=Created,Value=1490901646
INSTANCE i-068562c066d5fe7a2
INSTANCE NAME: test_abfinance_top20_ubuntu_das
Tagging Snapshot snap-0725bdd99d138d4c4 with the following Tags: Key=CreatedBy,Value=ec2-automate-backup Key=InstanceId,Value=i-068562c066d5fe7a2 Key=InstanceName,Value=test_abfinance_top20_ubuntu_das Key=PurgeAfterFE,Value=1493493646 Key=PurgeAllow,Value=true Key=Volume,Value=vol-01bb9e2f8003e968f Key=Created,Value=1490901646
INSTANCE i-052f4f04423466953
INSTANCE NAME: test_abfinance_top20_ubuntu_db
Tagging Snapshot snap-02069292581584ef4 with the following Tags: Key=CreatedBy,Value=ec2-automate-backup Key=InstanceId,Value=i-052f4f04423466953 Key=InstanceName,Value=test_abfinance_top20_ubuntu_db Key=PurgeAfterFE,Value=1493493646 Key=PurgeAllow,Value=true Key=Volume,Value=vol-0fc43ef9b5183590f Key=Created,Value=1490901646
INSTANCE i-052f4f04423466953
INSTANCE NAME: test_abfinance_top20_ubuntu_db
Tagging Snapshot snap-0bea31068d8599bbb with the following Tags: Key=CreatedBy,Value=ec2-automate-backup Key=InstanceId,Value=i-052f4f04423466953 Key=InstanceName,Value=test_abfinance_top20_ubuntu_db Key=PurgeAfterFE,Value=1493493646 Key=PurgeAllow,Value=true Key=Volume,Value=vol-0d39b74222598de3c Key=Created,Value=1490901646
INSTANCE i-052f4f04423466953
INSTANCE NAME: test_abfinance_top20_ubuntu_db
Tagging Snapshot snap-02cf5428fa6d5e115 with the following Tags: Key=CreatedBy,Value=ec2-automate-backup Key=InstanceId,Value=i-052f4f04423466953 Key=InstanceName,Value=test_abfinance_top20_ubuntu_db Key=PurgeAfterFE,Value=1493493646 Key=PurgeAllow,Value=true Key=Volume,Value=vol-0a1924f6a042870d5 Key=Created,Value=1490901646
INSTANCE i-052f4f04423466953
INSTANCE NAME: test_abfinance_top20_ubuntu_db
Tagging Snapshot snap-0cd6d8c8feafa54e7 with the following Tags: Key=CreatedBy,Value=ec2-automate-backup Key=InstanceId,Value=i-052f4f04423466953 Key=InstanceName,Value=test_abfinance_top20_ubuntu_db Key=PurgeAfterFE,Value=1493493646 Key=PurgeAllow,Value=true Key=Volume,Value=vol-08566fbfa4fcc7349 Key=Created,Value=1490901646
INSTANCE i-052f4f04423466953
INSTANCE NAME: test_abfinance_top20_ubuntu_db
Tagging Snapshot snap-08f808df53263adc7 with the following Tags: Key=CreatedBy,Value=ec2-automate-backup Key=InstanceId,Value=i-052f4f04423466953 Key=InstanceName,Value=test_abfinance_top20_ubuntu_db Key=PurgeAfterFE,Value=1493493646 Key=PurgeAllow,Value=true Key=Volume,Value=vol-0ed624d81990c5924 Key=Created,Value=1490901646
INSTANCE i-0427fb4302ef61cc6
INSTANCE NAME: abfinance_95569_appcl01
Tagging Snapshot snap-04441bff3fb74292f with the following Tags: Key=CreatedBy,Value=ec2-automate-backup Key=InstanceId,Value=i-0427fb4302ef61cc6 Key=InstanceName,Value=abfinance_95569_appcl01 Key=PurgeAfterFE,Value=1493493646 Key=PurgeAllow,Value=true Key=Volume,Value=vol-0434458d095cc7274 Key=Created,Value=1490901646
INSTANCE i-0fbdac98d95d47127
INSTANCE NAME: abfinance_95569_appcl07
Tagging Snapshot snap-0fdbf39af2b561d4c with the following Tags: Key=CreatedBy,Value=ec2-automate-backup Key=InstanceId,Value=i-0fbdac98d95d47127 Key=InstanceName,Value=abfinance_95569_appcl07 Key=PurgeAfterFE,Value=1493493646 Key=PurgeAllow,Value=true Key=Volume,Value=vol-03ee68939b4e18403 Key=Created,Value=1490901646
INSTANCE i-0443041937edbecb9
INSTANCE NAME: abfinance_95569_appcl05
Tagging Snapshot snap-09dfd97c034210810 with the following Tags: Key=CreatedBy,Value=ec2-automate-backup Key=InstanceId,Value=i-0443041937edbecb9 Key=InstanceName,Value=abfinance_95569_appcl05 Key=PurgeAfterFE,Value=1493493646 Key=PurgeAllow,Value=true Key=Volume,Value=vol-0eb061e9f27329a2d Key=Created,Value=1490901646
INSTANCE i-0504ecba1c44228d3
INSTANCE NAME: abfinance_95569_appcl03
Tagging Snapshot snap-0b99a0daf607a4ed2 with the following Tags: Key=CreatedBy,Value=ec2-automate-backup Key=InstanceId,Value=i-0504ecba1c44228d3 Key=InstanceName,Value=abfinance_95569_appcl03 Key=PurgeAfterFE,Value=1493493646 Key=PurgeAllow,Value=true Key=Volume,Value=vol-094ce86db46d5c688 Key=Created,Value=1490901646
INSTANCE i-0fbdac98d95d47127
INSTANCE NAME: abfinance_95569_appcl07
Tagging Snapshot snap-00ac70d9702f6d28e with the following Tags: Key=CreatedBy,Value=ec2-automate-backup Key=InstanceId,Value=i-0fbdac98d95d47127 Key=InstanceName,Value=abfinance_95569_appcl07 Key=PurgeAfterFE,Value=1493493646 Key=PurgeAllow,Value=true Key=Volume,Value=vol-060d483c541d15da8 Key=Created,Value=1490901646
INSTANCE i-0427fb4302ef61cc6
INSTANCE NAME: abfinance_95569_appcl01
Tagging Snapshot snap-06c291500a41335a2 with the following Tags: Key=CreatedBy,Value=ec2-automate-backup Key=InstanceId,Value=i-0427fb4302ef61cc6 Key=InstanceName,Value=abfinance_95569_appcl01 Key=PurgeAfterFE,Value=1493493646 Key=PurgeAllow,Value=true Key=Volume,Value=vol-0caeb5a4b5a37c88f Key=Created,Value=1490901646
INSTANCE i-0504ecba1c44228d3
INSTANCE NAME: abfinance_95569_appcl03
Tagging Snapshot snap-0840e5cec3665cdbf with the following Tags: Key=CreatedBy,Value=ec2-automate-backup Key=InstanceId,Value=i-0504ecba1c44228d3 Key=InstanceName,Value=abfinance_95569_appcl03 Key=PurgeAfterFE,Value=1493493646 Key=PurgeAllow,Value=true Key=Volume,Value=vol-0c1c9cf2c598d2aae Key=Created,Value=1490901646
INSTANCE i-0443041937edbecb9
INSTANCE NAME: abfinance_95569_appcl05
Tagging Snapshot snap-0d67a7e4cbf66566f with the following Tags: Key=CreatedBy,Value=ec2-automate-backup Key=InstanceId,Value=i-0443041937edbecb9 Key=InstanceName,Value=abfinance_95569_appcl05 Key=PurgeAfterFE,Value=1493493646 Key=PurgeAllow,Value=true Key=Volume,Value=vol-07d059a80d8fdeea1 Key=Created,Value=1490901646
INSTANCE i-0a023139f2506e638
INSTANCE NAME: test_abfinance_nat01
Tagging Snapshot snap-08a05e8d86afbf751 with the following Tags: Key=CreatedBy,Value=ec2-automate-backup Key=InstanceId,Value=i-0a023139f2506e638 Key=InstanceName,Value=test_abfinance_nat01 Key=PurgeAfterFE,Value=1493493646 Key=PurgeAllow,Value=true Key=Volume,Value=vol-01bd9498cae18b125 Key=Created,Value=1490901646
INSTANCE i-0a023139f2506e638
INSTANCE NAME: test_abfinance_nat01
Tagging Snapshot snap-054c47eddb65f5ccb with the following Tags: Key=CreatedBy,Value=ec2-automate-backup Key=InstanceId,Value=i-0a023139f2506e638 Key=InstanceName,Value=test_abfinance_nat01 Key=PurgeAfterFE,Value=1493493646 Key=PurgeAllow,Value=true Key=Volume,Value=vol-06289d0b8cdcfbd04 Key=Created,Value=1490901646
INSTANCE i-065acbe8bac578721
INSTANCE NAME: abfinance_top20_ubuntu_app06
Tagging Snapshot snap-01dffbae01a1bfbae with the following Tags: Key=CreatedBy,Value=ec2-automate-backup Key=InstanceId,Value=i-065acbe8bac578721 Key=InstanceName,Value=abfinance_top20_ubuntu_app06 Key=PurgeAfterFE,Value=1493493646 Key=PurgeAllow,Value=true Key=Volume,Value=vol-0ed17d3b2c9b50cf7 Key=Created,Value=1490901646
INSTANCE i-065acbe8bac578721
INSTANCE NAME: abfinance_top20_ubuntu_app06
Tagging Snapshot snap-0af529c5bd44b54b4 with the following Tags: Key=CreatedBy,Value=ec2-automate-backup Key=InstanceId,Value=i-065acbe8bac578721 Key=InstanceName,Value=abfinance_top20_ubuntu_app06 Key=PurgeAfterFE,Value=1493493646 Key=PurgeAllow,Value=true Key=Volume,Value=vol-0e0ddbafb27c663dd Key=Created,Value=1490901646
INSTANCE i-065acbe8bac578721
INSTANCE NAME: abfinance_top20_ubuntu_app06
Tagging Snapshot snap-0ce630445c49faecb with the following Tags: Key=CreatedBy,Value=ec2-automate-backup Key=InstanceId,Value=i-065acbe8bac578721 Key=InstanceName,Value=abfinance_top20_ubuntu_app06 Key=PurgeAfterFE,Value=1493493646 Key=PurgeAllow,Value=true Key=Volume,Value=vol-03e7706d44e6a1831 Key=Created,Value=1490901646
INSTANCE i-065acbe8bac578721
INSTANCE NAME: abfinance_top20_ubuntu_app06
Tagging Snapshot snap-00c663eba59ae2541 with the following Tags: Key=CreatedBy,Value=ec2-automate-backup Key=InstanceId,Value=i-065acbe8bac578721 Key=InstanceName,Value=abfinance_top20_ubuntu_app06 Key=PurgeAfterFE,Value=1493493646 Key=PurgeAllow,Value=true Key=Volume,Value=vol-0e405f4dddd4b2122 Key=Created,Value=1490901646
INSTANCE i-003e572b72696bd8b
INSTANCE NAME: abfinance_95569_app152
Tagging Snapshot snap-0b06cf622a39200ff with the following Tags: Key=CreatedBy,Value=ec2-automate-backup Key=InstanceId,Value=i-003e572b72696bd8b Key=InstanceName,Value=abfinance_95569_app152 Key=PurgeAfterFE,Value=1493493646 Key=PurgeAllow,Value=true Key=Volume,Value=vol-0077565cb767761b1 Key=Created,Value=1490901646
INSTANCE i-003e572b72696bd8b
INSTANCE NAME: abfinance_95569_app152
Tagging Snapshot snap-00838ce7097331cdd with the following Tags: Key=CreatedBy,Value=ec2-automate-backup Key=InstanceId,Value=i-003e572b72696bd8b Key=InstanceName,Value=abfinance_95569_app152 Key=PurgeAfterFE,Value=1493493646 Key=PurgeAllow,Value=true Key=Volume,Value=vol-02f1c5a0c7e1662cc Key=Created,Value=1490901646
Snapshot Purging is Starting Now.
Snapshot "snap-009fda3dfd95028cc" with the PurgeAfterFE date of "1490901463" will be deleted.
Snapshot "snap-0193560cee8154bc5" with the PurgeAfterFE date of "1490901463" will be deleted.
Snapshot "snap-084467d6ff132e843" with the PurgeAfterFE date of "1490901463" will be deleted.
Snapshot "snap-052ce01c8184376ed" with the PurgeAfterFE date of "1490901463" will be deleted.
Snapshot "snap-0e2777d9ec794735a" with the PurgeAfterFE date of "1490901463" will be deleted.
Snapshot "snap-06ef032e0917c2bbf" with the PurgeAfterFE date of "1490901463" will be deleted.
Snapshot "snap-07755b1d416c21dbc" with the PurgeAfterFE date of "1490901463" will be deleted.
Snapshot "snap-0ed6c14fe5f1f7628" with the PurgeAfterFE date of "1490901463" will be deleted.
Snapshot "snap-0d3fa4d52f5ba7ac1" with the PurgeAfterFE date of "1490901463" will be deleted.
Snapshot "snap-073b2789a634f2d45" with the PurgeAfterFE date of "1490901463" will be deleted.
Snapshot "snap-0728248ba56b5d01d" with the PurgeAfterFE date of "1490901463" will be deleted.
Snapshot "snap-0ed1376d3d1e935ac" with the PurgeAfterFE date of "1490901463" will be deleted.
Snapshot "snap-0581501f47b7f2bdb" with the PurgeAfterFE date of "1490901463" will be deleted.
Snapshot "snap-07e823c48f62a4358" with the PurgeAfterFE date of "1490901463" will be deleted.
Snapshot "snap-066039aa4c4642823" with the PurgeAfterFE date of "1490901463" will be deleted.
Snapshot "snap-05977c39e30e9f803" with the PurgeAfterFE date of "1490901463" will be deleted.
Snapshot "snap-07cccbb165c5d818a" with the PurgeAfterFE date of "1490901463" will be deleted.
Snapshot "snap-00aadbabecc6a4113" with the PurgeAfterFE date of "1490901463" will be deleted.
Snapshot "snap-05e50203cf619e0ba" with the PurgeAfterFE date of "1490901463" will be deleted.
Snapshot "snap-05d951fdc85daa20b" with the PurgeAfterFE date of "1490901463" will be deleted.
Snapshot "snap-09611cc3048ec7e43" with the PurgeAfterFE date of "1490901463" will be deleted.
Snapshot "snap-00c2c473df872b733" with the PurgeAfterFE date of "1490901463" will be deleted.
Snapshot "snap-059dc82db5565d58f" with the PurgeAfterFE date of "1490901463" will be deleted.
Snapshot "snap-0e15b761cc2157844" with the PurgeAfterFE date of "1490901463" will be deleted.
Snapshot "snap-0614c6dea8be9bab6" with the PurgeAfterFE date of "1490901463" will be deleted.
Snapshot "snap-06739181a22e72b53" with the PurgeAfterFE date of "1490901463" will be deleted.
Snapshot "snap-021b2bf0d3381c7cf" with the PurgeAfterFE date of "1490901463" will be deleted.
Snapshot "snap-005aea234ac85cd7a" with the PurgeAfterFE date of "1490901463" will be deleted.
Snapshot "snap-0407092632ae19012" with the PurgeAfterFE date of "1490901463" will be deleted.
Snapshot "snap-0952722ccfeb6150c" with the PurgeAfterFE date of "1490901463" will be deleted.
Snapshot "snap-0aea329237f43378f" with the PurgeAfterFE date of "1490901463" will be deleted.
Snapshot "snap-0dd36f3209f7ec7e4" with the PurgeAfterFE date of "1490901463" will be deleted.
Snapshot "snap-07b9ef6eac5d99a21" with the PurgeAfterFE date of "1490901463" will be deleted.
Snapshot "snap-0f8721115db2a9bd2" with the PurgeAfterFE date of "1490901463" will be deleted.
Snapshot "snap-02f30e6bcf6035652" with the PurgeAfterFE date of "1490901463" will be deleted.
Snapshot "snap-0e9edf3d4b2137c3e" with the PurgeAfterFE date of "1490901463" will be deleted.
Snapshot "snap-0865c42626240e79d" with the PurgeAfterFE date of "1490901463" will be deleted.
Snapshot "snap-0e8169ffb863ce2a8" with the PurgeAfterFE date of "1490901463" will be deleted.
Snapshot "snap-09b2964de2d8fc49f" with the PurgeAfterFE date of "1490901463" will be deleted.
Snapshot "snap-0d7bcfd1042c85a87" with the PurgeAfterFE date of "1490901463" will be deleted.
Snapshot "snap-053be9d2f98191c70" with the PurgeAfterFE date of "1490901463" will be deleted.
Snapshot "snap-0faa9635e04ef1029" with the PurgeAfterFE date of "1490901463" will be deleted.
Snapshot "snap-04d3f103ed0a2d002" with the PurgeAfterFE date of "1490901463" will be deleted.
Snapshot "snap-07320ac70d6a2e5b1" with the PurgeAfterFE date of "1490901463" will be deleted.
Snapshot "snap-038854cdc5b245a1d" with the PurgeAfterFE date of "1490901463" will be deleted.
Snapshot "snap-019b50340426dd011" with the PurgeAfterFE date of "1490901463" will be deleted.
Snapshot "snap-076f30feb134d34e6" with the PurgeAfterFE date of "1490901463" will be deleted.
Snapshot "snap-0704897e3db6d0e99" with the PurgeAfterFE date of "1490901463" will be deleted.
Snapshot "snap-0a90833bb8dccda83" with the PurgeAfterFE date of "1490901463" will be deleted.
Snapshot "snap-00a2e36d45de1392f" with the PurgeAfterFE date of "1490901463" will be deleted.
Snapshot "snap-0f80489f6a29de8e6" with the PurgeAfterFE date of "1490901463" will be deleted.
Snapshot "snap-05fa33c4465ea87ee" with the PurgeAfterFE date of "1490901463" will be deleted.
Snapshot "snap-04c80f0e7b019b5eb" with the PurgeAfterFE date of "1490901463" will be deleted.
Snapshot "snap-05420ebe781dacd94" with the PurgeAfterFE date of "1490901463" will be deleted.
Snapshot "snap-0fa150c9f9e0ea36f" with the PurgeAfterFE date of "1490901463" will be deleted.
Snapshot "snap-0fdd276dd3a0cef3a" with the PurgeAfterFE date of "1490901463" will be deleted.
Snapshot "snap-0c8e32e26316183db" with the PurgeAfterFE date of "1490901463" will be deleted.
Snapshot "snap-0ad36f747deb2bc2d" with the PurgeAfterFE date of "1490901463" will be deleted.
Snapshot "snap-0737f4d9e847db509" with the PurgeAfterFE date of "1490901463" will be deleted.
Snapshot "snap-0c9781365bcf251a0" with the PurgeAfterFE date of "1490901463" will be deleted.
Snapshot "snap-08835136012938bd0" with the PurgeAfterFE date of "1490901463" will be deleted.
Snapshot "snap-00333f0ef05135a06" with the PurgeAfterFE date of "1490901463" will be deleted.
Snapshot "snap-0b7ec7b382d7b3b58" with the PurgeAfterFE date of "1490901463" will be deleted.
Snapshot "snap-092c8b94bbc27eb5a" with the PurgeAfterFE date of "1490901463" will be deleted.
Snapshot "snap-04066ef60908318f2" with the PurgeAfterFE date of "1490901463" will be deleted.
Snapshot "snap-0a444f63f9edf6efe" with the PurgeAfterFE date of "1490901463" will be deleted.
Snapshot "snap-0e200362ff65ab930" with the PurgeAfterFE date of "1490901463" will be deleted.
Snapshot "snap-09b64992ed1cacff2" with the PurgeAfterFE date of "1490901463" will be deleted.
Snapshot "snap-001a3f9dda43f04df" with the PurgeAfterFE date of "1490901463" will be deleted.
Snapshot "snap-055c06371831b64fa" with the PurgeAfterFE date of "1490901463" will be deleted.
Snapshot "snap-028b55014a4237cd4" with the PurgeAfterFE date of "1490901463" will be deleted.
Snapshot "snap-0d5c2c73383d0c17e" with the PurgeAfterFE date of "1490901463" will be deleted.
Snapshot "snap-0186580a287bac70c" with the PurgeAfterFE date of "1490901463" will be deleted.
Snapshot "snap-04238b07fd45dc723" with the PurgeAfterFE date of "1490901463" will be deleted.
Snapshot "snap-0682c5a7e71a5564e" with the PurgeAfterFE date of "1490901463" will be deleted.
Snapshot "snap-01bf8d6c7bad1ded4" with the PurgeAfterFE date of "1490901463" will be deleted.
Snapshot "snap-0e27de998f2156d27" with the PurgeAfterFE date of "1490901463" will be deleted.
Snapshot "snap-04cc1747d5723850e" with the PurgeAfterFE date of "1490901463" will be deleted.
Snapshot "snap-0409618b9ce104d94" with the PurgeAfterFE date of "1490901463" will be deleted.
Snapshot "snap-0d8f82ea878c6bbd4" with the PurgeAfterFE date of "1490901463" will be deleted.
Snapshot "snap-064b8bd89134b474e" with the PurgeAfterFE date of "1490901463" will be deleted.
Snapshot "snap-06091b06d9663eb87" with the PurgeAfterFE date of "1490901463" will be deleted.
Snapshot "snap-07edf8a3c699d5426" with the PurgeAfterFE date of "1490901463" will be deleted.
Snapshot "snap-053e6d18d588532b6" with the PurgeAfterFE date of "1490901463" will be deleted.
Snapshot "snap-0d8940eb64a4e2655" with the PurgeAfterFE date of "1490901463" will be deleted.
Snapshot "snap-06732c12064df57e3" with the PurgeAfterFE date of "1490901463" will be deleted.
Snapshot "snap-0c5f00d029fd5850e" with the PurgeAfterFE date of "1490901463" will be deleted.
Snapshot "snap-0751b5bc8109cd22b" with the PurgeAfterFE date of "1490901463" will be deleted.
Snapshot "snap-028b106aaf15558f4" with the PurgeAfterFE date of "1490901463" will be deleted.
Snapshot "snap-074724a11d84d8e50" with the PurgeAfterFE date of "1490901463" will be deleted.
Snapshot "snap-0e168eab82c58290d" with the PurgeAfterFE date of "1490901463" will be deleted.
Snapshot "snap-0ab47c76c9fc6660c" with the PurgeAfterFE date of "1490901463" will be deleted.
Snapshot "snap-0a6e96334ee21fb87" with the PurgeAfterFE date of "1490901463" will be deleted.
Snapshot "snap-06636f63112b3a8fc" with the PurgeAfterFE date of "1490901463" will be deleted.
Snapshot "snap-088c235acaebba06d" with the PurgeAfterFE date of "1490901463" will be deleted.
Snapshot "snap-0332340e908a7e277" with the PurgeAfterFE date of "1490901463" will be deleted.
Snapshot "snap-0ecddf734dd7b3749" with the PurgeAfterFE date of "1490901463" will be deleted.
Snapshot "snap-0fbbb6a62d4e8f783" with the PurgeAfterFE date of "1490901463" will be deleted.
Snapshot "snap-02387339dd447c8ab" with the PurgeAfterFE date of "1490901463" will be deleted.
Snapshot "snap-00f81265dce531ecf" with the PurgeAfterFE date of "1490901463" will be deleted.
Snapshot "snap-0a31612ecc3ee9bf5" with the PurgeAfterFE date of "1490901463" will be deleted.
Snapshot "snap-087832c8dd8261bb1" with the PurgeAfterFE date of "1490901463" will be deleted.
Snapshot "snap-063d10304238fdce4" with the PurgeAfterFE date of "1490901463" will be deleted.
Snapshot "snap-069492d5d81de3b86" with the PurgeAfterFE date of "1490901463" will be deleted.
Snapshot "snap-095ad9f42ffeeaeff" with the PurgeAfterFE date of "1490901463" will be deleted.
Snapshot "snap-09e482ff710394ef5" with the PurgeAfterFE date of "1490901463" will be deleted.
Snapshot "snap-095f1afba90bd7aed" with the PurgeAfterFE date of "1490901463" will be deleted.
Snapshot "snap-06018c5880844ad19" with the PurgeAfterFE date of "1490901463" will be deleted.
Snapshot "snap-05c70c808f54060d6" with the PurgeAfterFE date of "1490901463" will be deleted.
Snapshot "snap-068003fb253f23bf1" with the PurgeAfterFE date of "1490901463" will be deleted.
Snapshot "snap-018e9613569a52a96" with the PurgeAfterFE date of "1490901463" will be deleted.
Snapshot "snap-07f0e5c6760822110" with the PurgeAfterFE date of "1490901463" will be deleted.
Snapshot "snap-0e3ef070c2397f7c8" with the PurgeAfterFE date of "1490901463" will be deleted.
Snapshot "snap-0b7a47cd625d2485c" with the PurgeAfterFE date of "1490901463" will be deleted.
Snapshot "snap-087bef1088e3c5dfb" with the PurgeAfterFE date of "1490901463" will be deleted.
Snapshot "snap-07eac9b22c6563e65" with the PurgeAfterFE date of "1490901463" will be deleted.
Snapshot "snap-0c89df3e312cdaeb5" with the PurgeAfterFE date of "1490901463" will be deleted.
Snapshot "snap-040722c4195f966e6" with the PurgeAfterFE date of "1490901463" will be deleted.
Snapshot "snap-0c941d1410ce356ac" with the PurgeAfterFE date of "1490901463" will be deleted.
Snapshot "snap-01e28c51bac073eab" with the PurgeAfterFE date of "1490901463" will be deleted.
Snapshot "snap-0b26700711996e880" with the PurgeAfterFE date of "1490901463" will be deleted.
Snapshot "snap-0f9aafaf7c508b3a2" with the PurgeAfterFE date of "1490901463" will be deleted.
Snapshot "snap-04b2c72e62e36ae8a" with the PurgeAfterFE date of "1490901463" will be deleted.
Snapshot "snap-0aca3a336e50ff95d" with the PurgeAfterFE date of "1490901463" will be deleted.
Snapshot "snap-061d1f37dee1dc663" with the PurgeAfterFE date of "1490901463" will be deleted.
Snapshot "snap-0c8e9e878bf8e8ca6" with the PurgeAfterFE date of "1490901463" will be deleted.
Snapshot "snap-0ec5fe737a8b1f5ab" with the PurgeAfterFE date of "1490901463" will be deleted.
Snapshot "snap-069c97a289da12321" with the PurgeAfterFE date of "1490901463" will be deleted.
Snapshot "snap-02817caddccfe7f9b" with the PurgeAfterFE date of "1490901463" will be deleted.
Snapshot "snap-0296dbd7b8e964696" with the PurgeAfterFE date of "1490901463" will be deleted.
Snapshot "snap-04e6eabf0498a9fc0" with the PurgeAfterFE date of "1490901463" will be deleted.
Snapshot "snap-053f1cad657e61f11" with the PurgeAfterFE date of "1490901463" will be deleted.
Snapshot "snap-0ef05537f72ceda93" with the PurgeAfterFE date of "1490901463" will be deleted.
Snapshot "snap-0c0843a8b4a243e52" with the PurgeAfterFE date of "1490901463" will be deleted.
Snapshot "snap-0e70dc904476fc212" with the PurgeAfterFE date of "1490901463" will be deleted.
Snapshot "snap-016540a03cd9303cf" with the PurgeAfterFE date of "1490901463" will be deleted.
Snapshot "snap-0de644780c59298b8" with the PurgeAfterFE date of "1490901463" will be deleted.
Snapshot "snap-01f5a6e80ddb4d193" with the PurgeAfterFE date of "1490901463" will be deleted.
Snapshot "snap-09d8d7eba42d4cc91" with the PurgeAfterFE date of "1490901463" will be deleted.
Snapshot "snap-00fb9d6f045b744e1" with the PurgeAfterFE date of "1490901463" will be deleted.
Snapshot "snap-0a3f1cfa3f3997aa1" with the PurgeAfterFE date of "1490901463" will be deleted.
Snapshot "snap-064235173c100d5fe" with the PurgeAfterFE date of "1490901463" will be deleted.
Snapshot "snap-0e97f697ac6780928" with the PurgeAfterFE date of "1490901463" will be deleted.
Snapshot "snap-0d2f08afffafdf8e9" with the PurgeAfterFE date of "1490901463" will be deleted.
Snapshot "snap-08547ff0f961014dd" with the PurgeAfterFE date of "1490901463" will be deleted.
Snapshot "snap-0f76d647f787c617a" with the PurgeAfterFE date of "1490901463" will be deleted.
Snapshot "snap-045e2b8b1577b45e5" with the PurgeAfterFE date of "1490901463" will be deleted.
Snapshot "snap-0b68e0981ceb0a1e6" with the PurgeAfterFE date of "1490901463" will be deleted.
Snapshot "snap-00abad3bf7d5ce3b7" with the PurgeAfterFE date of "1490901463" will be deleted.
Snapshot "snap-0a431b901ae438152" with the PurgeAfterFE date of "1490901463" will be deleted.
Snapshot "snap-0404b58d31e55a43f" with the PurgeAfterFE date of "1490901463" will be deleted.
Snapshot "snap-06d9a6e7be5280daf" with the PurgeAfterFE date of "1490901463" will be deleted.
Snapshot "snap-096c2ea66aaf7bc89" with the PurgeAfterFE date of "1490901463" will be deleted.
Snapshot "snap-0f5aa4ea7dd229f0b" with the PurgeAfterFE date of "1490901463" will be deleted.
Snapshot "snap-016fc5915af66e825" with the PurgeAfterFE date of "1490901463" will be deleted.
Snapshot "snap-0502e0e466a162d15" with the PurgeAfterFE date of "1490901463" will be deleted.
Snapshot "snap-0c759073abdee58d3" with the PurgeAfterFE date of "1490901463" will be deleted.
Snapshot "snap-00826b8ce451b420d" with the PurgeAfterFE date of "1490901463" will be deleted.
Snapshot "snap-0cb480f109a8a9f35" with the PurgeAfterFE date of "1490901463" will be deleted.
Snapshot "snap-049304de0d563e4be" with the PurgeAfterFE date of "1490901463" will be deleted.
Snapshot "snap-0998d0613c5b513bf" with the PurgeAfterFE date of "1490901463" will be deleted.
Snapshot "snap-0e2fcae0bc796688c" with the PurgeAfterFE date of "1490901463" will be deleted.
Snapshot "snap-0c58fb859246f98ea" with the PurgeAfterFE date of "1490901463" will be deleted.
Snapshot "snap-055727a0327665dd3" with the PurgeAfterFE date of "1490901463" will be deleted.
Snapshot "snap-09065d4ca9f40b83a" with the PurgeAfterFE date of "1490815411" will be deleted.
Snapshot "snap-05da711c27a677b5b" with the PurgeAfterFE date of "1490815411" will be deleted.
Snapshot "snap-00a39c7d3fcec9504" with the PurgeAfterFE date of "1490815411" will be deleted.
Snapshot "snap-07b5088191855a549" with the PurgeAfterFE date of "1490815411" will be deleted.
Snapshot "snap-060cb6e4a8f3f1d23" with the PurgeAfterFE date of "1490815411" will be deleted.
Snapshot "snap-0883138d0b246bb5b" with the PurgeAfterFE date of "1490815411" will be deleted.
Snapshot "snap-08877de0572231021" with the PurgeAfterFE date of "1490815411" will be deleted.
Snapshot "snap-0efa756a1ebf8ee53" with the PurgeAfterFE date of "1490815411" will be deleted.
Snapshot "snap-0f7c0e0a6119295b9" with the PurgeAfterFE date of "1490815411" will be deleted.
Snapshot "snap-019e1033de145b363" with the PurgeAfterFE date of "1490815411" will be deleted.
Snapshot "snap-0eb2ca468991a6533" with the PurgeAfterFE date of "1490815411" will be deleted.
Snapshot "snap-05a7da9b513937c1f" with the PurgeAfterFE date of "1490815411" will be deleted.
Snapshot "snap-04aa3d03aae667606" with the PurgeAfterFE date of "1490815411" will be deleted.
Snapshot "snap-0d704670c0b51bc06" with the PurgeAfterFE date of "1490815411" will be deleted.
Snapshot "snap-0390fd17384cb27a6" with the PurgeAfterFE date of "1490815411" will be deleted.
Snapshot "snap-0558f7ae0e534927e" with the PurgeAfterFE date of "1490815411" will be deleted.
Snapshot "snap-07178e69a92818f60" with the PurgeAfterFE date of "1490815411" will be deleted.
Snapshot "snap-058d5e39f3c25c160" with the PurgeAfterFE date of "1490815411" will be deleted.
Snapshot "snap-09bff4cad9e765c6c" with the PurgeAfterFE date of "1490815411" will be deleted.
Snapshot "snap-0f27f3befa14291d6" with the PurgeAfterFE date of "1490815411" will be deleted.
Snapshot "snap-0b4778f29fb0b9f1c" with the PurgeAfterFE date of "1490815411" will be deleted.
Snapshot "snap-024e54374f061ac1b" with the PurgeAfterFE date of "1490815411" will be deleted.
Snapshot "snap-089ced758a8d8deb3" with the PurgeAfterFE date of "1490815411" will be deleted.
Snapshot "snap-01f6fa63a7e15b0cd" with the PurgeAfterFE date of "1490815411" will be deleted.
Snapshot "snap-0ee59ee752a4d8809" with the PurgeAfterFE date of "1490815411" will be deleted.
Snapshot "snap-091171f15c8138001" with the PurgeAfterFE date of "1490815411" will be deleted.
Snapshot "snap-04f8cd438c4f90e43" with the PurgeAfterFE date of "1490815411" will be deleted.
Snapshot "snap-0fc45d03cc9135c62" with the PurgeAfterFE date of "1490815411" will be deleted.
Snapshot "snap-0017a7459ecd08928" with the PurgeAfterFE date of "1490815411" will be deleted.
Snapshot "snap-007e600026bdb3da1" with the PurgeAfterFE date of "1490815411" will be deleted.
Snapshot "snap-016e6e3a2d7ebd9a3" with the PurgeAfterFE date of "1490815411" will be deleted.
Snapshot "snap-0adcd62ea635706a1" with the PurgeAfterFE date of "1490815411" will be deleted.
Snapshot "snap-0aa6dbf28f8fb982c" with the PurgeAfterFE date of "1490815411" will be deleted.
Snapshot "snap-05ecdfed021b319e5" with the PurgeAfterFE date of "1490815411" will be deleted.
Snapshot "snap-0b9bea3d6ea8b8a2d" with the PurgeAfterFE date of "1490815411" will be deleted.
Snapshot "snap-0342572172e43b3cc" with the PurgeAfterFE date of "1490815411" will be deleted.
Snapshot "snap-018e713c978a087e3" with the PurgeAfterFE date of "1490815411" will be deleted.
Snapshot "snap-07367ca5979f9e840" with the PurgeAfterFE date of "1490815411" will be deleted.
Snapshot "snap-0ef83a34d7c42360b" with the PurgeAfterFE date of "1490815411" will be deleted.
Snapshot "snap-05d37e2c04ad9afae" with the PurgeAfterFE date of "1490815411" will be deleted.
Snapshot "snap-086e8dd5b9da6acab" with the PurgeAfterFE date of "1490815411" will be deleted.
Snapshot "snap-046314b924cd55440" with the PurgeAfterFE date of "1490815411" will be deleted.
Snapshot "snap-02bedcd688b3c8542" with the PurgeAfterFE date of "1490815411" will be deleted.
Snapshot "snap-08d023f21805043bd" with the PurgeAfterFE date of "1490815411" will be deleted.
Snapshot "snap-01d993060692d8924" with the PurgeAfterFE date of "1490815411" will be deleted.
Snapshot "snap-04f9a6cc7ae957ddd" with the PurgeAfterFE date of "1490815411" will be deleted.
Snapshot "snap-05f3c2d3a70ae93a2" with the PurgeAfterFE date of "1490815411" will be deleted.
Snapshot "snap-0d7a114d12dcec0a6" with the PurgeAfterFE date of "1490815411" will be deleted.
Snapshot "snap-03620a6de2f79d1c9" with the PurgeAfterFE date of "1490815411" will be deleted.
Snapshot "snap-006b6ad76b82583df" with the PurgeAfterFE date of "1490815411" will be deleted.
Snapshot "snap-06834d1503692ee81" with the PurgeAfterFE date of "1490815411" will be deleted.
Snapshot "snap-080544df3840c41f9" with the PurgeAfterFE date of "1490815411" will be deleted.
Snapshot "snap-0819db265644f6e3d" with the PurgeAfterFE date of "1490815411" will be deleted.
Snapshot "snap-0ad75bdb8b67c05f8" with the PurgeAfterFE date of "1490815411" will be deleted.
Snapshot "snap-08f5d5884002b8577" with the PurgeAfterFE date of "1490815411" will be deleted.
Snapshot "snap-00f79a9fbf6fe31f7" with the PurgeAfterFE date of "1490815411" will be deleted.
Snapshot "snap-0a361bc5f73c78fb0" with the PurgeAfterFE date of "1490815411" will be deleted.
Snapshot "snap-02296aeb16e09435d" with the PurgeAfterFE date of "1490815411" will be deleted.
Snapshot "snap-06f3c0ebcb2d6cb27" with the PurgeAfterFE date of "1490815411" will be deleted.
Snapshot "snap-0426ec061577f44bf" with the PurgeAfterFE date of "1490815411" will be deleted.
Snapshot "snap-01cb1ccb6cbe7b9d2" with the PurgeAfterFE date of "1490815411" will be deleted.
Snapshot "snap-079baffe155dd3ef4" with the PurgeAfterFE date of "1490815411" will be deleted.
Snapshot "snap-05e1df9c8a05de77a" with the PurgeAfterFE date of "1490815411" will be deleted.
Snapshot "snap-02761a134d1d632c8" with the PurgeAfterFE date of "1490815411" will be deleted.
Snapshot "snap-0be01e2bdf41aca50" with the PurgeAfterFE date of "1490815411" will be deleted.
Snapshot "snap-02fd84e89b1721a30" with the PurgeAfterFE date of "1490815411" will be deleted.
Snapshot "snap-003a7805d5ae1222f" with the PurgeAfterFE date of "1490815411" will be deleted.
Snapshot "snap-08de5c2c9661d34d9" with the PurgeAfterFE date of "1490815411" will be deleted.
Snapshot "snap-0c9735985d3b79831" with the PurgeAfterFE date of "1490815411" will be deleted.
Snapshot "snap-0842149813976f6ce" with the PurgeAfterFE date of "1490815411" will be deleted.
Snapshot "snap-01cd0de2d0f5a0219" with the PurgeAfterFE date of "1490815411" will be deleted.
Snapshot "snap-0279a7549f42d20cb" with the PurgeAfterFE date of "1490815411" will be deleted.
Snapshot "snap-09fae3e56c0b94637" with the PurgeAfterFE date of "1490815411" will be deleted.
Snapshot "snap-01a616a23d6e92dc6" with the PurgeAfterFE date of "1490815411" will be deleted.
Snapshot "snap-010e4c2ad47394aac" with the PurgeAfterFE date of "1490815411" will be deleted.
Snapshot "snap-032d04ca16826cd8b" with the PurgeAfterFE date of "1490815411" will be deleted.
Snapshot "snap-0c3187bcd8ab19fb4" with the PurgeAfterFE date of "1490815411" will be deleted.
Snapshot "snap-08c8e5fe920eed094" with the PurgeAfterFE date of "1490815411" will be deleted.
Snapshot "snap-0cc624c3b737e2627" with the PurgeAfterFE date of "1490815411" will be deleted.
Snapshot "snap-0e8d9ff5b250fb84a" with the PurgeAfterFE date of "1490815411" will be deleted.
Snapshot "snap-030af2bcfad8a4b3e" with the PurgeAfterFE date of "1490815411" will be deleted.
Snapshot "snap-086706b417c71503c" with the PurgeAfterFE date of "1490815411" will be deleted.
Snapshot "snap-0b61fb313b0871e2a" with the PurgeAfterFE date of "1490815411" will be deleted.
Snapshot "snap-09f0e294f0c17fec5" with the PurgeAfterFE date of "1490815411" will be deleted.
Snapshot "snap-059dbe91085d9f006" with the PurgeAfterFE date of "1490815411" will be deleted.
Snapshot "snap-0f23d19df642236d9" with the PurgeAfterFE date of "1490815411" will be deleted.
Snapshot "snap-083e2f0c57c67d6af" with the PurgeAfterFE date of "1490815411" will be deleted.
Snapshot "snap-0b5b0ccd2bade278e" with the PurgeAfterFE date of "1490815411" will be deleted.
Snapshot "snap-0ffce842fc601893e" with the PurgeAfterFE date of "1490815411" will be deleted.
Snapshot "snap-0da66672e9e213843" with the PurgeAfterFE date of "1490815411" will be deleted.
Snapshot "snap-0888588f4b51e934a" with the PurgeAfterFE date of "1490815411" will be deleted.
Snapshot "snap-0dfaa861b07c6ea21" with the PurgeAfterFE date of "1490815411" will be deleted.
Snapshot "snap-038042449ddbd6684" with the PurgeAfterFE date of "1490815411" will be deleted.
Snapshot "snap-0f3ed7ba5169ba93b" with the PurgeAfterFE date of "1490815411" will be deleted.
Snapshot "snap-0f7ad0b4fc08bb44b" with the PurgeAfterFE date of "1490815411" will be deleted.
Snapshot "snap-043a64312a7027604" with the PurgeAfterFE date of "1490815411" will be deleted.
Snapshot "snap-0b412d8b96f080af0" with the PurgeAfterFE date of "1490815411" will be deleted.
Snapshot "snap-07e599c853c9c44f4" with the PurgeAfterFE date of "1490815411" will be deleted.
Snapshot "snap-03e62c1968e6d223f" with the PurgeAfterFE date of "1490815411" will be deleted.
Snapshot "snap-073804d674d042348" with the PurgeAfterFE date of "1490815411" will be deleted.
Snapshot "snap-09a59f321203dbe53" with the PurgeAfterFE date of "1490815411" will be deleted.
Snapshot "snap-083224cbcebb9464b" with the PurgeAfterFE date of "1490815411" will be deleted.
Snapshot "snap-0c61b6bc1401f7b37" with the PurgeAfterFE date of "1490815411" will be deleted.
Snapshot "snap-0f2355222730c225f" with the PurgeAfterFE date of "1490815411" will be deleted.
Snapshot "snap-0aa5631764290baa2" with the PurgeAfterFE date of "1490815411" will be deleted.
Snapshot "snap-07f60ca2d704b2fa4" with the PurgeAfterFE date of "1490815411" will be deleted.
Snapshot "snap-0a78d04464140e94d" with the PurgeAfterFE date of "1490815411" will be deleted.
Snapshot "snap-0e08a4a989f64f75c" with the PurgeAfterFE date of "1490815411" will be deleted.
Snapshot "snap-0081456ba4ee018f9" with the PurgeAfterFE date of "1490815411" will be deleted.
Snapshot "snap-01d009b90b1d0a089" with the PurgeAfterFE date of "1490815411" will be deleted.
Snapshot "snap-0d325fe9c84a7824e" with the PurgeAfterFE date of "1490815411" will be deleted.
Snapshot "snap-06c13b296b96ac090" with the PurgeAfterFE date of "1490815411" will be deleted.
Snapshot "snap-015c076ec82eaf5c2" with the PurgeAfterFE date of "1490815411" will be deleted.
Snapshot "snap-0f45aef11360e8106" with the PurgeAfterFE date of "1490815411" will be deleted.
Snapshot "snap-0ef8032468bdd5b31" with the PurgeAfterFE date of "1490815411" will be deleted.
Snapshot "snap-0b99d3df7bad4de09" with the PurgeAfterFE date of "1490815411" will be deleted.
Snapshot "snap-0fce888a0549e62a4" with the PurgeAfterFE date of "1490815411" will be deleted.
Snapshot "snap-0be41eda26fbcf8ad" with the PurgeAfterFE date of "1490815411" will be deleted.
Snapshot "snap-0a79c2e3aa945dc60" with the PurgeAfterFE date of "1490815411" will be deleted.
Snapshot "snap-0576147862007d64b" with the PurgeAfterFE date of "1490815411" will be deleted.
Snapshot "snap-09ecb4f617fa572ca" with the PurgeAfterFE date of "1490815411" will be deleted.
Snapshot "snap-0292726099082312d" with the PurgeAfterFE date of "1490815411" will be deleted.
Snapshot "snap-08c46010020258c10" with the PurgeAfterFE date of "1490815411" will be deleted.
Snapshot "snap-0a7d5a4ccb3b3d82d" with the PurgeAfterFE date of "1490815411" will be deleted.
Snapshot "snap-0b991a0c6432d7800" with the PurgeAfterFE date of "1490815411" will be deleted.
Snapshot "snap-0a76b886bc88207f1" with the PurgeAfterFE date of "1490815411" will be deleted.
Snapshot "snap-020a451317bd293b2" with the PurgeAfterFE date of "1490815411" will be deleted.
Snapshot "snap-06576475eaa3020cc" with the PurgeAfterFE date of "1490815411" will be deleted.
Snapshot "snap-0b17141f9e79ac916" with the PurgeAfterFE date of "1490815411" will be deleted.
Snapshot "snap-042fec70adddeeb34" with the PurgeAfterFE date of "1490815411" will be deleted.
Snapshot "snap-0b1f175820069c4aa" with the PurgeAfterFE date of "1490815411" will be deleted.
Snapshot "snap-0e4b536e260bc7ba6" with the PurgeAfterFE date of "1490815411" will be deleted.
Snapshot "snap-0ce849a6e4bb442e4" with the PurgeAfterFE date of "1490815411" will be deleted.
Snapshot "snap-081c89d044b03b2d9" with the PurgeAfterFE date of "1490815411" will be deleted.
Snapshot "snap-02d6e79a8bbc92cf5" with the PurgeAfterFE date of "1490815411" will be deleted.
Snapshot "snap-0cf3ab10d3f560f53" with the PurgeAfterFE date of "1490815411" will be deleted.
Snapshot "snap-0c63a53e8c284c160" with the PurgeAfterFE date of "1490815411" will be deleted.
Snapshot "snap-05b725c74378f1b3e" with the PurgeAfterFE date of "1490815411" will be deleted.
Snapshot "snap-0c68796f877d3f0c0" with the PurgeAfterFE date of "1490815411" will be deleted.
Snapshot "snap-0efd0338bc0d4fce8" with the PurgeAfterFE date of "1490815411" will be deleted.
Snapshot "snap-095a274bb84865165" with the PurgeAfterFE date of "1490815411" will be deleted.
Snapshot "snap-0f5fc082d02bc0b3b" with the PurgeAfterFE date of "1490815411" will be deleted.
Snapshot "snap-0f2481d7f6a84946d" with the PurgeAfterFE date of "1490815411" will be deleted.
Snapshot "snap-0711d211cd05cce1e" with the PurgeAfterFE date of "1490815411" will be deleted.
Snapshot "snap-0fc8aecc662037ffa" with the PurgeAfterFE date of "1490815411" will be deleted.
Snapshot "snap-0a005d586922c5600" with the PurgeAfterFE date of "1490815411" will be deleted.
Snapshot "snap-0dac58df3060384fd" with the PurgeAfterFE date of "1490815411" will be deleted.
Snapshot "snap-041cacc0914f4a24a" with the PurgeAfterFE date of "1490815411" will be deleted.
Snapshot "snap-09f454233aa239079" with the PurgeAfterFE date of "1490815411" will be deleted.
Snapshot "snap-01ae904832215521b" with the PurgeAfterFE date of "1490815411" will be deleted.
Snapshot "snap-09d8be6189711c793" with the PurgeAfterFE date of "1490815411" will be deleted.
Snapshot "snap-05ad0900aee98b13a" with the PurgeAfterFE date of "1490815411" will be deleted.
Snapshot "snap-012d87ba821a08d28" with the PurgeAfterFE date of "1490815411" will be deleted.
Snapshot "snap-0938fb3b29fb1e808" with the PurgeAfterFE date of "1490815411" will be deleted.
Snapshot "snap-0938234c75df58249" with the PurgeAfterFE date of "1490815411" will be deleted.
Snapshot "snap-029278cbf47700877" with the PurgeAfterFE date of "1490815411" will be deleted.
Snapshot "snap-0b604e2424f66475f" with the PurgeAfterFE date of "1490815411" will be deleted.
Snapshot "snap-03e9459cfafaf5fea" with the PurgeAfterFE date of "1490815411" will be deleted.
Snapshot "snap-080c7f8f0f0907ea9" with the PurgeAfterFE date of "1490815411" will be deleted.
Snapshot "snap-0167f88c87830c70c" with the PurgeAfterFE date of "1490815411" will be deleted.
Snapshot "snap-0c2dddc047d897bd3" with the PurgeAfterFE date of "1490815411" will be deleted.
Snapshot "snap-003841c11959eec09" with the PurgeAfterFE date of "1490815411" will be deleted.
Snapshot "snap-065c61a875407c05d" with the PurgeAfterFE date of "1490815411" will be deleted.
Snapshot "snap-097b40a3126c26e4a" with the PurgeAfterFE date of "1490815411" will be deleted.
