Snapshots taken by ec2-volumes-autobackup.sh will be eligible for purging after the following date (the purge after date given in seconds from epoch): 1489264067.
INSTANCE i-46b0ebfe
INSTANCE NAME: igv-ec2-im02
Tagging Snapshot snap-0ebf51bd596b8ebcb with the following Tags: Key=CreatedBy,Value=ec2-automate-backup Key=InstanceId,Value=i-46b0ebfe Key=InstanceName,Value=igv-ec2-im02 Key=PurgeAfterFE,Value=1489264067 Key=PurgeAllow,Value=true Key=Volume,Value=vol-e7515158 Key=Created,Value=1486672067
INSTANCE i-24b0eb9c
INSTANCE NAME: igv-ec2-web02
Tagging Snapshot snap-0cb7e123866e1b4f9 with the following Tags: Key=CreatedBy,Value=ec2-automate-backup Key=InstanceId,Value=i-24b0eb9c Key=InstanceName,Value=igv-ec2-web02 Key=PurgeAfterFE,Value=1489264067 Key=PurgeAllow,Value=true Key=Volume,Value=vol-3e515181 Key=Created,Value=1486672067
INSTANCE i-24b0eb9c
INSTANCE NAME: igv-ec2-web02
Tagging Snapshot snap-03e372ba0b97c84d0 with the following Tags: Key=CreatedBy,Value=ec2-automate-backup Key=InstanceId,Value=i-24b0eb9c Key=InstanceName,Value=igv-ec2-web02 Key=PurgeAfterFE,Value=1489264067 Key=PurgeAllow,Value=true Key=Volume,Value=vol-3d515182 Key=Created,Value=1486672067
INSTANCE i-46b0ebfe
INSTANCE NAME: igv-ec2-im02
Tagging Snapshot snap-039966d57b4070f3b with the following Tags: Key=CreatedBy,Value=ec2-automate-backup Key=InstanceId,Value=i-46b0ebfe Key=InstanceName,Value=igv-ec2-im02 Key=PurgeAfterFE,Value=1489264067 Key=PurgeAllow,Value=true Key=Volume,Value=vol-2d515192 Key=Created,Value=1486672067
INSTANCE i-2eb0eb96
INSTANCE NAME: igv-ec2-fs02
Tagging Snapshot snap-012365b6ddf85f1fa with the following Tags: Key=CreatedBy,Value=ec2-automate-backup Key=InstanceId,Value=i-2eb0eb96 Key=InstanceName,Value=igv-ec2-fs02 Key=PurgeAfterFE,Value=1489264067 Key=PurgeAllow,Value=true Key=Volume,Value=vol-2151519e Key=Created,Value=1486672067
INSTANCE i-2eb0eb96
INSTANCE NAME: igv-ec2-fs02
Tagging Snapshot snap-0dfe07795ecacf003 with the following Tags: Key=CreatedBy,Value=ec2-automate-backup Key=InstanceId,Value=i-2eb0eb96 Key=InstanceName,Value=igv-ec2-fs02 Key=PurgeAfterFE,Value=1489264067 Key=PurgeAllow,Value=true Key=Volume,Value=vol-2051519f Key=Created,Value=1486672067
INSTANCE i-ecbd9b54
INSTANCE NAME: uat-igv-ec2-fs02
Tagging Snapshot snap-0e1d7299d20cd65fc with the following Tags: Key=CreatedBy,Value=ec2-automate-backup Key=InstanceId,Value=i-ecbd9b54 Key=InstanceName,Value=uat-igv-ec2-fs02 Key=PurgeAfterFE,Value=1489264067 Key=PurgeAllow,Value=true Key=Volume,Value=vol-1c0114a3 Key=Created,Value=1486672067
INSTANCE i-ecbd9b54
INSTANCE NAME: uat-igv-ec2-fs02
Tagging Snapshot snap-07ac5f89f8a00065e with the following Tags: Key=CreatedBy,Value=ec2-automate-backup Key=InstanceId,Value=i-ecbd9b54 Key=InstanceName,Value=uat-igv-ec2-fs02 Key=PurgeAfterFE,Value=1489264067 Key=PurgeAllow,Value=true Key=Volume,Value=vol-1b0114a4 Key=Created,Value=1486672067
INSTANCE i-ecbd9b54
INSTANCE NAME: uat-igv-ec2-fs02
Tagging Snapshot snap-0268e8dd13796db01 with the following Tags: Key=CreatedBy,Value=ec2-automate-backup Key=InstanceId,Value=i-ecbd9b54 Key=InstanceName,Value=uat-igv-ec2-fs02 Key=PurgeAfterFE,Value=1489264067 Key=PurgeAllow,Value=true Key=Volume,Value=vol-070114b8 Key=Created,Value=1486672067
INSTANCE i-e599bf5d
INSTANCE NAME: uat-igv-ec2-im02
Tagging Snapshot snap-0992dc393e1129051 with the following Tags: Key=CreatedBy,Value=ec2-automate-backup Key=InstanceId,Value=i-e599bf5d Key=InstanceName,Value=uat-igv-ec2-im02 Key=PurgeAfterFE,Value=1489264067 Key=PurgeAllow,Value=true Key=Volume,Value=vol-32d8cd8d Key=Created,Value=1486672067
INSTANCE i-e599bf5d
INSTANCE NAME: uat-igv-ec2-im02
Tagging Snapshot snap-0e873d58d7f15999b with the following Tags: Key=CreatedBy,Value=ec2-automate-backup Key=InstanceId,Value=i-e599bf5d Key=InstanceName,Value=uat-igv-ec2-im02 Key=PurgeAfterFE,Value=1489264067 Key=PurgeAllow,Value=true Key=Volume,Value=vol-99dbce26 Key=Created,Value=1486672067
INSTANCE i-e599bf5d
INSTANCE NAME: uat-igv-ec2-im02
Tagging Snapshot snap-0eaf04bcf4afe6d91 with the following Tags: Key=CreatedBy,Value=ec2-automate-backup Key=InstanceId,Value=i-e599bf5d Key=InstanceName,Value=uat-igv-ec2-im02 Key=PurgeAfterFE,Value=1489264067 Key=PurgeAllow,Value=true Key=Volume,Value=vol-87dbce38 Key=Created,Value=1486672067
INSTANCE i-46b0ebfe
INSTANCE NAME: igv-ec2-im02
Tagging Snapshot snap-0171f78a2afbed38c with the following Tags: Key=CreatedBy,Value=ec2-automate-backup Key=InstanceId,Value=i-46b0ebfe Key=InstanceName,Value=igv-ec2-im02 Key=PurgeAfterFE,Value=1489264067 Key=PurgeAllow,Value=true Key=Volume,Value=vol-0d15268307606d6f0 Key=Created,Value=1486672067
INSTANCE i-2eb0eb96
INSTANCE NAME: igv-ec2-fs02
Tagging Snapshot snap-0221596b1b50f37ea with the following Tags: Key=CreatedBy,Value=ec2-automate-backup Key=InstanceId,Value=i-2eb0eb96 Key=InstanceName,Value=igv-ec2-fs02 Key=PurgeAfterFE,Value=1489264067 Key=PurgeAllow,Value=true Key=Volume,Value=vol-0e009e505c05a452a Key=Created,Value=1486672067
INSTANCE i-b486a98c
INSTANCE NAME: igv-ec2-im01
Tagging Snapshot snap-02485576463e91b71 with the following Tags: Key=CreatedBy,Value=ec2-automate-backup Key=InstanceId,Value=i-b486a98c Key=InstanceName,Value=igv-ec2-im01 Key=PurgeAfterFE,Value=1489264067 Key=PurgeAllow,Value=true Key=Volume,Value=vol-64bceae1 Key=Created,Value=1486672067
INSTANCE i-b486a98c
INSTANCE NAME: igv-ec2-im01
Tagging Snapshot snap-0adeb33875eef5d9b with the following Tags: Key=CreatedBy,Value=ec2-automate-backup Key=InstanceId,Value=i-b486a98c Key=InstanceName,Value=igv-ec2-im01 Key=PurgeAfterFE,Value=1489264067 Key=PurgeAllow,Value=true Key=Volume,Value=vol-67bceae2 Key=Created,Value=1486672067
INSTANCE i-b287a88a
INSTANCE NAME: igv-ec2-web01
Tagging Snapshot snap-0d0d58d69fb387677 with the following Tags: Key=CreatedBy,Value=ec2-automate-backup Key=InstanceId,Value=i-b287a88a Key=InstanceName,Value=igv-ec2-web01 Key=PurgeAfterFE,Value=1489264067 Key=PurgeAllow,Value=true Key=Volume,Value=vol-b5bdeb30 Key=Created,Value=1486672067
INSTANCE i-b287a88a
INSTANCE NAME: igv-ec2-web01
Tagging Snapshot snap-0779fe4aee21eb310 with the following Tags: Key=CreatedBy,Value=ec2-automate-backup Key=InstanceId,Value=i-b287a88a Key=InstanceName,Value=igv-ec2-web01 Key=PurgeAfterFE,Value=1489264067 Key=PurgeAllow,Value=true Key=Volume,Value=vol-c7bdeb42 Key=Created,Value=1486672067
INSTANCE i-0a87a832
INSTANCE NAME: igv-ec2-fs01
Tagging Snapshot snap-0b9c4b4b2fefcab47 with the following Tags: Key=CreatedBy,Value=ec2-automate-backup Key=InstanceId,Value=i-0a87a832 Key=InstanceName,Value=igv-ec2-fs01 Key=PurgeAfterFE,Value=1489264067 Key=PurgeAllow,Value=true Key=Volume,Value=vol-30bdebb5 Key=Created,Value=1486672067
INSTANCE i-0a87a832
INSTANCE NAME: igv-ec2-fs01
Tagging Snapshot snap-0f66968dd38510681 with the following Tags: Key=CreatedBy,Value=ec2-automate-backup Key=InstanceId,Value=i-0a87a832 Key=InstanceName,Value=igv-ec2-fs01 Key=PurgeAfterFE,Value=1489264067 Key=PurgeAllow,Value=true Key=Volume,Value=vol-65bdebe0 Key=Created,Value=1486672067
INSTANCE i-e3dcf6db
INSTANCE NAME: uat-igv-ec2-web01
Tagging Snapshot snap-09719d5d63aa1e2e2 with the following Tags: Key=CreatedBy,Value=ec2-automate-backup Key=InstanceId,Value=i-e3dcf6db Key=InstanceName,Value=uat-igv-ec2-web01 Key=PurgeAfterFE,Value=1489264067 Key=PurgeAllow,Value=true Key=Volume,Value=vol-60b0e8e5 Key=Created,Value=1486672067
INSTANCE i-e3dcf6db
INSTANCE NAME: uat-igv-ec2-web01
Tagging Snapshot snap-0d2efe90fa6e2d4d5 with the following Tags: Key=CreatedBy,Value=ec2-automate-backup Key=InstanceId,Value=i-e3dcf6db Key=InstanceName,Value=uat-igv-ec2-web01 Key=PurgeAfterFE,Value=1489264067 Key=PurgeAllow,Value=true Key=Volume,Value=vol-73b0e8f6 Key=Created,Value=1486672067
INSTANCE i-aacec892
INSTANCE NAME: newTags
Tagging Snapshot snap-02646def016cebfa5 with the following Tags: Key=CreatedBy,Value=ec2-automate-backup Key=InstanceId,Value=i-aacec892 Key=InstanceName,Value=newTags Key=PurgeAfterFE,Value=1489264067 Key=PurgeAllow,Value=true Key=Volume,Value=vol-10241f95 Key=Created,Value=1486672067
INSTANCE i-e3dcf6db
INSTANCE NAME: uat-igv-ec2-web01
Tagging Snapshot snap-091af0b9dc9db1099 with the following Tags: Key=CreatedBy,Value=ec2-automate-backup Key=InstanceId,Value=i-e3dcf6db Key=InstanceName,Value=uat-igv-ec2-web01 Key=PurgeAfterFE,Value=1489264067 Key=PurgeAllow,Value=true Key=Volume,Value=vol-010b6aec845fdc72e Key=Created,Value=1486672067
INSTANCE i-b486a98c
INSTANCE NAME: igv-ec2-im01
Tagging Snapshot snap-01d9aeff3a7de7d3f with the following Tags: Key=CreatedBy,Value=ec2-automate-backup Key=InstanceId,Value=i-b486a98c Key=InstanceName,Value=igv-ec2-im01 Key=PurgeAfterFE,Value=1489264067 Key=PurgeAllow,Value=true Key=Volume,Value=vol-039deb6f07ed7c60c Key=Created,Value=1486672067
INSTANCE i-0a87a832
INSTANCE NAME: igv-ec2-fs01
Tagging Snapshot snap-055e3e64d7a6db79b with the following Tags: Key=CreatedBy,Value=ec2-automate-backup Key=InstanceId,Value=i-0a87a832 Key=InstanceName,Value=igv-ec2-fs01 Key=PurgeAfterFE,Value=1489264067 Key=PurgeAllow,Value=true Key=Volume,Value=vol-095211fa83f1b6524 Key=Created,Value=1486672067
INSTANCE i-b287a88a
INSTANCE NAME: igv-ec2-web01
Tagging Snapshot snap-0b240a93b8b352307 with the following Tags: Key=CreatedBy,Value=ec2-automate-backup Key=InstanceId,Value=i-b287a88a Key=InstanceName,Value=igv-ec2-web01 Key=PurgeAfterFE,Value=1489264067 Key=PurgeAllow,Value=true Key=Volume,Value=vol-0cd7c487775e1e6bb Key=Created,Value=1486672067
Snapshot Purging is Starting Now.
Snapshot "snap-042fb6f3fb49b40c3" with the PurgeAfterFE date of "1486670285" will be deleted.
Snapshot "snap-0840e76876e7f73be" with the PurgeAfterFE date of "1486670285" will be deleted.
Snapshot "snap-03efa44a06d36b60a" with the PurgeAfterFE date of "1486670285" will be deleted.
Snapshot "snap-0c12eb116b2f2e220" with the PurgeAfterFE date of "1486670285" will be deleted.
Snapshot "snap-0ddef3641e359de4e" with the PurgeAfterFE date of "1486670285" will be deleted.
Snapshot "snap-0558cf27d458e8f00" with the PurgeAfterFE date of "1486670285" will be deleted.
Snapshot "snap-0b466d4f7e0d8e498" with the PurgeAfterFE date of "1486670285" will be deleted.
Snapshot "snap-07521a69aedec99f6" with the PurgeAfterFE date of "1486670285" will be deleted.
Snapshot "snap-0be4854cf003c7f71" with the PurgeAfterFE date of "1486670285" will be deleted.
Snapshot "snap-0782a1e6727f5180e" with the PurgeAfterFE date of "1486670285" will be deleted.
Snapshot "snap-0315e088f21ede1ce" with the PurgeAfterFE date of "1486670285" will be deleted.
Snapshot "snap-0997dc3a4fb392a18" with the PurgeAfterFE date of "1486670285" will be deleted.
Snapshot "snap-034e24ede110d6593" with the PurgeAfterFE date of "1486670285" will be deleted.
Snapshot "snap-0e881aa03dec390d6" with the PurgeAfterFE date of "1486670285" will be deleted.
Snapshot "snap-0812ca409d5811dff" with the PurgeAfterFE date of "1486670285" will be deleted.
Snapshot "snap-016703a9ea00e0900" with the PurgeAfterFE date of "1486670285" will be deleted.
Snapshot "snap-02dbd3079f316c859" with the PurgeAfterFE date of "1486670285" will be deleted.
Snapshot "snap-0ae4ceb5aca7943fc" with the PurgeAfterFE date of "1486670285" will be deleted.
Snapshot "snap-072611932ff0c2eb2" with the PurgeAfterFE date of "1486670285" will be deleted.
Snapshot "snap-0fdbadd97cdedb8fc" with the PurgeAfterFE date of "1486670285" will be deleted.
Snapshot "snap-0e27ac6da258030b2" with the PurgeAfterFE date of "1486670285" will be deleted.
Snapshot "snap-0b8c279c665f8ce16" with the PurgeAfterFE date of "1486670285" will be deleted.
Snapshot "snap-01ac6c4dd0ac327b4" with the PurgeAfterFE date of "1486670285" will be deleted.
Snapshot "snap-02056de2dde25cdb0" with the PurgeAfterFE date of "1486670285" will be deleted.
Snapshot "snap-0ba145ea8fe87d035" with the PurgeAfterFE date of "1486670285" will be deleted.
Snapshot "snap-076e0aca6348ce9fc" with the PurgeAfterFE date of "1486670285" will be deleted.
Snapshot "snap-077dcd977a9b6b5b7" with the PurgeAfterFE date of "1486670285" will be deleted.
