Snapshots taken by ec2-volumes-autobackup.sh will be eligible for purging after the following date (the purge after date given in seconds from epoch): 1490296926.
INSTANCE i-03c8fd87e7b05fa05
INSTANCE NAME: abfinance_95569_app16
Tagging Snapshot snap-0c9d751d2ef73976f with the following Tags: Key=CreatedBy,Value=ec2-automate-backup Key=InstanceId,Value=i-03c8fd87e7b05fa05 Key=InstanceName,Value=abfinance_95569_app16 Key=PurgeAfterFE,Value=1490296926 Key=PurgeAllow,Value=true Key=Volume,Value=vol-06c1ef7480d1a0d4c Key=Created,Value=1487704926
INSTANCE i-0c2bf96cb75ee7b5c
INSTANCE NAME: abfinance_95569_app18
Tagging Snapshot snap-037c4fd670a3e0cba with the following Tags: Key=CreatedBy,Value=ec2-automate-backup Key=InstanceId,Value=i-0c2bf96cb75ee7b5c Key=InstanceName,Value=abfinance_95569_app18 Key=PurgeAfterFE,Value=1490296926 Key=PurgeAllow,Value=true Key=Volume,Value=vol-0eae86baf89ae58a6 Key=Created,Value=1487704926
INSTANCE i-0dce85c3f212a5de0
INSTANCE NAME: abfinance_95569_app12
Tagging Snapshot snap-04c2ce320639336bc with the following Tags: Key=CreatedBy,Value=ec2-automate-backup Key=InstanceId,Value=i-0dce85c3f212a5de0 Key=InstanceName,Value=abfinance_95569_app12 Key=PurgeAfterFE,Value=1490296926 Key=PurgeAllow,Value=true Key=Volume,Value=vol-05c5ee0c944c4a763 Key=Created,Value=1487704926
INSTANCE i-0129ce0f3255429b0
INSTANCE NAME: abfinance_95569_app10
Tagging Snapshot snap-0b71b0a2e13fa9e00 with the following Tags: Key=CreatedBy,Value=ec2-automate-backup Key=InstanceId,Value=i-0129ce0f3255429b0 Key=InstanceName,Value=abfinance_95569_app10 Key=PurgeAfterFE,Value=1490296926 Key=PurgeAllow,Value=true Key=Volume,Value=vol-0ebb5f79ffc3244da Key=Created,Value=1487704926
INSTANCE i-0dce85c3f212a5de0
INSTANCE NAME: abfinance_95569_app12
Tagging Snapshot snap-043bb0a94ddec5d52 with the following Tags: Key=CreatedBy,Value=ec2-automate-backup Key=InstanceId,Value=i-0dce85c3f212a5de0 Key=InstanceName,Value=abfinance_95569_app12 Key=PurgeAfterFE,Value=1490296926 Key=PurgeAllow,Value=true Key=Volume,Value=vol-0b081425c7cc17600 Key=Created,Value=1487704926
INSTANCE i-09ddd98828f970e2b
INSTANCE NAME: abfinance_95569_app14
Tagging Snapshot snap-0fe858646b6bcbd66 with the following Tags: Key=CreatedBy,Value=ec2-automate-backup Key=InstanceId,Value=i-09ddd98828f970e2b Key=InstanceName,Value=abfinance_95569_app14 Key=PurgeAfterFE,Value=1490296926 Key=PurgeAllow,Value=true Key=Volume,Value=vol-029381ba27db23ea5 Key=Created,Value=1487704926
INSTANCE i-0129ce0f3255429b0
INSTANCE NAME: abfinance_95569_app10
Tagging Snapshot snap-09be2eaee6456d1f1 with the following Tags: Key=CreatedBy,Value=ec2-automate-backup Key=InstanceId,Value=i-0129ce0f3255429b0 Key=InstanceName,Value=abfinance_95569_app10 Key=PurgeAfterFE,Value=1490296926 Key=PurgeAllow,Value=true Key=Volume,Value=vol-0258943e0b3a406a0 Key=Created,Value=1487704926
INSTANCE i-0de1db820b03e1279
INSTANCE NAME: abfinance_95569_app22
Tagging Snapshot snap-077e569315dd783a4 with the following Tags: Key=CreatedBy,Value=ec2-automate-backup Key=InstanceId,Value=i-0de1db820b03e1279 Key=InstanceName,Value=abfinance_95569_app22 Key=PurgeAfterFE,Value=1490296926 Key=PurgeAllow,Value=true Key=Volume,Value=vol-014edcf936f6c26f4 Key=Created,Value=1487704926
INSTANCE i-09ddd98828f970e2b
INSTANCE NAME: abfinance_95569_app14
Tagging Snapshot snap-09b26f4d61caab8bb with the following Tags: Key=CreatedBy,Value=ec2-automate-backup Key=InstanceId,Value=i-09ddd98828f970e2b Key=InstanceName,Value=abfinance_95569_app14 Key=PurgeAfterFE,Value=1490296926 Key=PurgeAllow,Value=true Key=Volume,Value=vol-0c815aa96dd49c83c Key=Created,Value=1487704926
INSTANCE i-03c8fd87e7b05fa05
INSTANCE NAME: abfinance_95569_app16
Tagging Snapshot snap-0e737a8e28cd6c26d with the following Tags: Key=CreatedBy,Value=ec2-automate-backup Key=InstanceId,Value=i-03c8fd87e7b05fa05 Key=InstanceName,Value=abfinance_95569_app16 Key=PurgeAfterFE,Value=1490296926 Key=PurgeAllow,Value=true Key=Volume,Value=vol-0a82f25f21c70ca17 Key=Created,Value=1487704926
INSTANCE i-03ab34c05dc4f22aa
INSTANCE NAME: abfinance_95569_app24
Tagging Snapshot snap-0c36e18bbe0f35c06 with the following Tags: Key=CreatedBy,Value=ec2-automate-backup Key=InstanceId,Value=i-03ab34c05dc4f22aa Key=InstanceName,Value=abfinance_95569_app24 Key=PurgeAfterFE,Value=1490296926 Key=PurgeAllow,Value=true Key=Volume,Value=vol-0119f2937c18f7e3e Key=Created,Value=1487704926
INSTANCE i-0bba368770f8bea0e
INSTANCE NAME: abfinance_95569_app28
Tagging Snapshot snap-02e9c84630e9a290d with the following Tags: Key=CreatedBy,Value=ec2-automate-backup Key=InstanceId,Value=i-0bba368770f8bea0e Key=InstanceName,Value=abfinance_95569_app28 Key=PurgeAfterFE,Value=1490296926 Key=PurgeAllow,Value=true Key=Volume,Value=vol-054e16021703bc75b Key=Created,Value=1487704926
INSTANCE i-0bba368770f8bea0e
INSTANCE NAME: abfinance_95569_app28
Tagging Snapshot snap-02d2eca99aa492807 with the following Tags: Key=CreatedBy,Value=ec2-automate-backup Key=InstanceId,Value=i-0bba368770f8bea0e Key=InstanceName,Value=abfinance_95569_app28 Key=PurgeAfterFE,Value=1490296926 Key=PurgeAllow,Value=true Key=Volume,Value=vol-0a9917560a4a8eb37 Key=Created,Value=1487704926
INSTANCE i-0900f2c3ece4f73ce
INSTANCE NAME: abfinance_95569_app20
Tagging Snapshot snap-0df21644a7e8a7f6b with the following Tags: Key=CreatedBy,Value=ec2-automate-backup Key=InstanceId,Value=i-0900f2c3ece4f73ce Key=InstanceName,Value=abfinance_95569_app20 Key=PurgeAfterFE,Value=1490296926 Key=PurgeAllow,Value=true Key=Volume,Value=vol-06a26fc47d6b71ffd Key=Created,Value=1487704926
INSTANCE i-0900f2c3ece4f73ce
INSTANCE NAME: abfinance_95569_app20
Tagging Snapshot snap-062413bc6d9b09a70 with the following Tags: Key=CreatedBy,Value=ec2-automate-backup Key=InstanceId,Value=i-0900f2c3ece4f73ce Key=InstanceName,Value=abfinance_95569_app20 Key=PurgeAfterFE,Value=1490296926 Key=PurgeAllow,Value=true Key=Volume,Value=vol-02e3078096ec01da3 Key=Created,Value=1487704926
INSTANCE i-0de1db820b03e1279
INSTANCE NAME: abfinance_95569_app22
Tagging Snapshot snap-07701bf3782dd8125 with the following Tags: Key=CreatedBy,Value=ec2-automate-backup Key=InstanceId,Value=i-0de1db820b03e1279 Key=InstanceName,Value=abfinance_95569_app22 Key=PurgeAfterFE,Value=1490296926 Key=PurgeAllow,Value=true Key=Volume,Value=vol-0d5d8a4619da19822 Key=Created,Value=1487704926
INSTANCE i-0c2bf96cb75ee7b5c
INSTANCE NAME: abfinance_95569_app18
Tagging Snapshot snap-06b6f0877f1411233 with the following Tags: Key=CreatedBy,Value=ec2-automate-backup Key=InstanceId,Value=i-0c2bf96cb75ee7b5c Key=InstanceName,Value=abfinance_95569_app18 Key=PurgeAfterFE,Value=1490296926 Key=PurgeAllow,Value=true Key=Volume,Value=vol-08f0c891fcb55d86a Key=Created,Value=1487704926
INSTANCE i-09bf358be6daff2b8
INSTANCE NAME: abfinance_95569_app26
Tagging Snapshot snap-0e9188741d72f0f29 with the following Tags: Key=CreatedBy,Value=ec2-automate-backup Key=InstanceId,Value=i-09bf358be6daff2b8 Key=InstanceName,Value=abfinance_95569_app26 Key=PurgeAfterFE,Value=1490296926 Key=PurgeAllow,Value=true Key=Volume,Value=vol-01783b38ab8d40039 Key=Created,Value=1487704926
INSTANCE i-03ab34c05dc4f22aa
INSTANCE NAME: abfinance_95569_app24
Tagging Snapshot snap-018ff274fab93494a with the following Tags: Key=CreatedBy,Value=ec2-automate-backup Key=InstanceId,Value=i-03ab34c05dc4f22aa Key=InstanceName,Value=abfinance_95569_app24 Key=PurgeAfterFE,Value=1490296926 Key=PurgeAllow,Value=true Key=Volume,Value=vol-038fb96ae65962d50 Key=Created,Value=1487704926
INSTANCE i-09bf358be6daff2b8
INSTANCE NAME: abfinance_95569_app26
Tagging Snapshot snap-03458941793afdf72 with the following Tags: Key=CreatedBy,Value=ec2-automate-backup Key=InstanceId,Value=i-09bf358be6daff2b8 Key=InstanceName,Value=abfinance_95569_app26 Key=PurgeAfterFE,Value=1490296926 Key=PurgeAllow,Value=true Key=Volume,Value=vol-04b2fa5fca10f2430 Key=Created,Value=1487704926
INSTANCE i-0274c175451fa7094
INSTANCE NAME: abfinance_95569_app08
Tagging Snapshot snap-0cca5175f9819f666 with the following Tags: Key=CreatedBy,Value=ec2-automate-backup Key=InstanceId,Value=i-0274c175451fa7094 Key=InstanceName,Value=abfinance_95569_app08 Key=PurgeAfterFE,Value=1490296926 Key=PurgeAllow,Value=true Key=Volume,Value=vol-0c72a7d64241a776c Key=Created,Value=1487704926
INSTANCE i-0c1125d6758d322b7
INSTANCE NAME: abfinance_95569_app06
Tagging Snapshot snap-076bf4276d558c827 with the following Tags: Key=CreatedBy,Value=ec2-automate-backup Key=InstanceId,Value=i-0c1125d6758d322b7 Key=InstanceName,Value=abfinance_95569_app06 Key=PurgeAfterFE,Value=1490296926 Key=PurgeAllow,Value=true Key=Volume,Value=vol-091917e30fd32e67a Key=Created,Value=1487704926
INSTANCE i-0d6c7beed860de6ff
INSTANCE NAME: abfinance_95569_app02
Tagging Snapshot snap-028351abfba4b5bf4 with the following Tags: Key=CreatedBy,Value=ec2-automate-backup Key=InstanceId,Value=i-0d6c7beed860de6ff Key=InstanceName,Value=abfinance_95569_app02 Key=PurgeAfterFE,Value=1490296926 Key=PurgeAllow,Value=true Key=Volume,Value=vol-02835ed9f869e882d Key=Created,Value=1487704926
INSTANCE i-0bf78d14e8b0eaf1e
INSTANCE NAME: abfinance_95569_app30
Tagging Snapshot snap-06184d173c84f75d6 with the following Tags: Key=CreatedBy,Value=ec2-automate-backup Key=InstanceId,Value=i-0bf78d14e8b0eaf1e Key=InstanceName,Value=abfinance_95569_app30 Key=PurgeAfterFE,Value=1490296926 Key=PurgeAllow,Value=true Key=Volume,Value=vol-028a6f552c7c9efe4 Key=Created,Value=1487704926
INSTANCE i-01bfc53726a11ca9c
INSTANCE NAME: abfinance_95569_app04
Tagging Snapshot snap-01cce5ad488ea4737 with the following Tags: Key=CreatedBy,Value=ec2-automate-backup Key=InstanceId,Value=i-01bfc53726a11ca9c Key=InstanceName,Value=abfinance_95569_app04 Key=PurgeAfterFE,Value=1490296926 Key=PurgeAllow,Value=true Key=Volume,Value=vol-0598a12d733568f31 Key=Created,Value=1487704926
INSTANCE i-0c1125d6758d322b7
INSTANCE NAME: abfinance_95569_app06
Tagging Snapshot snap-0d66488de6da13e15 with the following Tags: Key=CreatedBy,Value=ec2-automate-backup Key=InstanceId,Value=i-0c1125d6758d322b7 Key=InstanceName,Value=abfinance_95569_app06 Key=PurgeAfterFE,Value=1490296926 Key=PurgeAllow,Value=true Key=Volume,Value=vol-0ba5d36c9573518b5 Key=Created,Value=1487704926
INSTANCE i-0bf78d14e8b0eaf1e
INSTANCE NAME: abfinance_95569_app30
Tagging Snapshot snap-08982cdba7c04dd5c with the following Tags: Key=CreatedBy,Value=ec2-automate-backup Key=InstanceId,Value=i-0bf78d14e8b0eaf1e Key=InstanceName,Value=abfinance_95569_app30 Key=PurgeAfterFE,Value=1490296926 Key=PurgeAllow,Value=true Key=Volume,Value=vol-096964d6c38daa9c9 Key=Created,Value=1487704926
INSTANCE i-0b7bbda7e056f8f90
INSTANCE NAME: abfinance_95569_app36
Tagging Snapshot snap-05f5af6e6c962d0fb with the following Tags: Key=CreatedBy,Value=ec2-automate-backup Key=InstanceId,Value=i-0b7bbda7e056f8f90 Key=InstanceName,Value=abfinance_95569_app36 Key=PurgeAfterFE,Value=1490296926 Key=PurgeAllow,Value=true Key=Volume,Value=vol-02d1561acea2b31a6 Key=Created,Value=1487704926
INSTANCE i-0b7bbda7e056f8f90
INSTANCE NAME: abfinance_95569_app36
Tagging Snapshot snap-074ad975dd386f527 with the following Tags: Key=CreatedBy,Value=ec2-automate-backup Key=InstanceId,Value=i-0b7bbda7e056f8f90 Key=InstanceName,Value=abfinance_95569_app36 Key=PurgeAfterFE,Value=1490296926 Key=PurgeAllow,Value=true Key=Volume,Value=vol-000a10baf81142e01 Key=Created,Value=1487704926
INSTANCE i-0d6c7beed860de6ff
INSTANCE NAME: abfinance_95569_app02
Tagging Snapshot snap-086d56dae2fb5f5a1 with the following Tags: Key=CreatedBy,Value=ec2-automate-backup Key=InstanceId,Value=i-0d6c7beed860de6ff Key=InstanceName,Value=abfinance_95569_app02 Key=PurgeAfterFE,Value=1490296926 Key=PurgeAllow,Value=true Key=Volume,Value=vol-048b299ebe9275c3f Key=Created,Value=1487704926
INSTANCE i-01bfc53726a11ca9c
INSTANCE NAME: abfinance_95569_app04
Tagging Snapshot snap-011b725a324ad78c2 with the following Tags: Key=CreatedBy,Value=ec2-automate-backup Key=InstanceId,Value=i-01bfc53726a11ca9c Key=InstanceName,Value=abfinance_95569_app04 Key=PurgeAfterFE,Value=1490296926 Key=PurgeAllow,Value=true Key=Volume,Value=vol-0484891d5cc89bb2e Key=Created,Value=1487704926
INSTANCE i-0deb0e74a87668941
INSTANCE NAME: abfinance_95569_app32
Tagging Snapshot snap-0bd940a5e553b8aa5 with the following Tags: Key=CreatedBy,Value=ec2-automate-backup Key=InstanceId,Value=i-0deb0e74a87668941 Key=InstanceName,Value=abfinance_95569_app32 Key=PurgeAfterFE,Value=1490296926 Key=PurgeAllow,Value=true Key=Volume,Value=vol-015fe792f2ce928a7 Key=Created,Value=1487704926
INSTANCE i-0deb0e74a87668941
INSTANCE NAME: abfinance_95569_app32
Tagging Snapshot snap-06a7974d5422b2c14 with the following Tags: Key=CreatedBy,Value=ec2-automate-backup Key=InstanceId,Value=i-0deb0e74a87668941 Key=InstanceName,Value=abfinance_95569_app32 Key=PurgeAfterFE,Value=1490296926 Key=PurgeAllow,Value=true Key=Volume,Value=vol-043d9d8a5e4d73574 Key=Created,Value=1487704926
INSTANCE i-03e0f8c5eac3f588a
INSTANCE NAME: abfinance_95569_app34
Tagging Snapshot snap-0d87c8768ece423f7 with the following Tags: Key=CreatedBy,Value=ec2-automate-backup Key=InstanceId,Value=i-03e0f8c5eac3f588a Key=InstanceName,Value=abfinance_95569_app34 Key=PurgeAfterFE,Value=1490296926 Key=PurgeAllow,Value=true Key=Volume,Value=vol-03300b65aac660dfc Key=Created,Value=1487704926
INSTANCE i-0274c175451fa7094
INSTANCE NAME: abfinance_95569_app08
Tagging Snapshot snap-0f157dfc7f2166860 with the following Tags: Key=CreatedBy,Value=ec2-automate-backup Key=InstanceId,Value=i-0274c175451fa7094 Key=InstanceName,Value=abfinance_95569_app08 Key=PurgeAfterFE,Value=1490296926 Key=PurgeAllow,Value=true Key=Volume,Value=vol-09f82518fd6c90b2b Key=Created,Value=1487704926
INSTANCE i-03e0f8c5eac3f588a
INSTANCE NAME: abfinance_95569_app34
Tagging Snapshot snap-0a6f47e6eb1ef42aa with the following Tags: Key=CreatedBy,Value=ec2-automate-backup Key=InstanceId,Value=i-03e0f8c5eac3f588a Key=InstanceName,Value=abfinance_95569_app34 Key=PurgeAfterFE,Value=1490296926 Key=PurgeAllow,Value=true Key=Volume,Value=vol-0ab3d1b79bd335c97 Key=Created,Value=1487704926
INSTANCE i-02d7ffae25154e179
INSTANCE NAME: abfinance_95569_qyyxapp04
Tagging Snapshot snap-0a61aaada9a494ae8 with the following Tags: Key=CreatedBy,Value=ec2-automate-backup Key=InstanceId,Value=i-02d7ffae25154e179 Key=InstanceName,Value=abfinance_95569_qyyxapp04 Key=PurgeAfterFE,Value=1490296926 Key=PurgeAllow,Value=true Key=Volume,Value=vol-0391c9e8e798109f5 Key=Created,Value=1487704926
INSTANCE i-02d7ffae25154e179
INSTANCE NAME: abfinance_95569_qyyxapp04
Tagging Snapshot snap-0b37e042037af8964 with the following Tags: Key=CreatedBy,Value=ec2-automate-backup Key=InstanceId,Value=i-02d7ffae25154e179 Key=InstanceName,Value=abfinance_95569_qyyxapp04 Key=PurgeAfterFE,Value=1490296926 Key=PurgeAllow,Value=true Key=Volume,Value=vol-0d266856f74e8355e Key=Created,Value=1487704926
INSTANCE i-00649ffaac78d75cb
INSTANCE NAME: abfinance_95569_qyyxapp06
Tagging Snapshot snap-0d4fccda9b340e489 with the following Tags: Key=CreatedBy,Value=ec2-automate-backup Key=InstanceId,Value=i-00649ffaac78d75cb Key=InstanceName,Value=abfinance_95569_qyyxapp06 Key=PurgeAfterFE,Value=1490296926 Key=PurgeAllow,Value=true Key=Volume,Value=vol-04ad9f8946e08f89c Key=Created,Value=1487704926
INSTANCE i-00649ffaac78d75cb
INSTANCE NAME: abfinance_95569_qyyxapp06
Tagging Snapshot snap-01d63ae0a373f23f2 with the following Tags: Key=CreatedBy,Value=ec2-automate-backup Key=InstanceId,Value=i-00649ffaac78d75cb Key=InstanceName,Value=abfinance_95569_qyyxapp06 Key=PurgeAfterFE,Value=1490296926 Key=PurgeAllow,Value=true Key=Volume,Value=vol-0807f8fea0f547086 Key=Created,Value=1487704926
INSTANCE i-0b62ae29318f2ff8b
INSTANCE NAME: abfinance_95569_qyyxapp02
Tagging Snapshot snap-00abe52301871ef77 with the following Tags: Key=CreatedBy,Value=ec2-automate-backup Key=InstanceId,Value=i-0b62ae29318f2ff8b Key=InstanceName,Value=abfinance_95569_qyyxapp02 Key=PurgeAfterFE,Value=1490296926 Key=PurgeAllow,Value=true Key=Volume,Value=vol-03ecd9464fd1c5d05 Key=Created,Value=1487704926
INSTANCE i-0b62ae29318f2ff8b
INSTANCE NAME: abfinance_95569_qyyxapp02
Tagging Snapshot snap-06fa912503dea4f37 with the following Tags: Key=CreatedBy,Value=ec2-automate-backup Key=InstanceId,Value=i-0b62ae29318f2ff8b Key=InstanceName,Value=abfinance_95569_qyyxapp02 Key=PurgeAfterFE,Value=1490296926 Key=PurgeAllow,Value=true Key=Volume,Value=vol-007d93d5c3db29799 Key=Created,Value=1487704926
INSTANCE i-0792c4456f9092988
INSTANCE NAME: abfinance_95569_qyyxapp08
Tagging Snapshot snap-0c9d4f6866cbf52d7 with the following Tags: Key=CreatedBy,Value=ec2-automate-backup Key=InstanceId,Value=i-0792c4456f9092988 Key=InstanceName,Value=abfinance_95569_qyyxapp08 Key=PurgeAfterFE,Value=1490296926 Key=PurgeAllow,Value=true Key=Volume,Value=vol-045f338712882182b Key=Created,Value=1487704926
INSTANCE i-0792c4456f9092988
INSTANCE NAME: abfinance_95569_qyyxapp08
Tagging Snapshot snap-05522d230e3763ab3 with the following Tags: Key=CreatedBy,Value=ec2-automate-backup Key=InstanceId,Value=i-0792c4456f9092988 Key=InstanceName,Value=abfinance_95569_qyyxapp08 Key=PurgeAfterFE,Value=1490296926 Key=PurgeAllow,Value=true Key=Volume,Value=vol-0489d109134a1a195 Key=Created,Value=1487704926
INSTANCE i-0a035c9fe74e932da
INSTANCE NAME: abfinance_top20_ubuntu_app02
Tagging Snapshot snap-03e6de65dca572281 with the following Tags: Key=CreatedBy,Value=ec2-automate-backup Key=InstanceId,Value=i-0a035c9fe74e932da Key=InstanceName,Value=abfinance_top20_ubuntu_app02 Key=PurgeAfterFE,Value=1490296926 Key=PurgeAllow,Value=true Key=Volume,Value=vol-0d546115a23bd511e Key=Created,Value=1487704926
INSTANCE i-0a035c9fe74e932da
INSTANCE NAME: abfinance_top20_ubuntu_app02
Tagging Snapshot snap-0e02ecf2446ad22fb with the following Tags: Key=CreatedBy,Value=ec2-automate-backup Key=InstanceId,Value=i-0a035c9fe74e932da Key=InstanceName,Value=abfinance_top20_ubuntu_app02 Key=PurgeAfterFE,Value=1490296926 Key=PurgeAllow,Value=true Key=Volume,Value=vol-0b7877736c90d5018 Key=Created,Value=1487704926
INSTANCE i-0d13fdd367f941029
INSTANCE NAME: abfinance_top20_ubuntu_app04
Tagging Snapshot snap-00c5447b65e1292cc with the following Tags: Key=CreatedBy,Value=ec2-automate-backup Key=InstanceId,Value=i-0d13fdd367f941029 Key=InstanceName,Value=abfinance_top20_ubuntu_app04 Key=PurgeAfterFE,Value=1490296926 Key=PurgeAllow,Value=true Key=Volume,Value=vol-0b1860b6a86d65c3c Key=Created,Value=1487704926
INSTANCE i-0a035c9fe74e932da
INSTANCE NAME: abfinance_top20_ubuntu_app02
Tagging Snapshot snap-0486e2982fd3d72ab with the following Tags: Key=CreatedBy,Value=ec2-automate-backup Key=InstanceId,Value=i-0a035c9fe74e932da Key=InstanceName,Value=abfinance_top20_ubuntu_app02 Key=PurgeAfterFE,Value=1490296926 Key=PurgeAllow,Value=true Key=Volume,Value=vol-06d971d61dc6ec5d0 Key=Created,Value=1487704926
INSTANCE i-0d13fdd367f941029
INSTANCE NAME: abfinance_top20_ubuntu_app04
Tagging Snapshot snap-0c6c6e13389f15b42 with the following Tags: Key=CreatedBy,Value=ec2-automate-backup Key=InstanceId,Value=i-0d13fdd367f941029 Key=InstanceName,Value=abfinance_top20_ubuntu_app04 Key=PurgeAfterFE,Value=1490296926 Key=PurgeAllow,Value=true Key=Volume,Value=vol-0c99c2848d6180dad Key=Created,Value=1487704926
INSTANCE i-0d13fdd367f941029
INSTANCE NAME: abfinance_top20_ubuntu_app04
Tagging Snapshot snap-0683d4854d69fb63a with the following Tags: Key=CreatedBy,Value=ec2-automate-backup Key=InstanceId,Value=i-0d13fdd367f941029 Key=InstanceName,Value=abfinance_top20_ubuntu_app04 Key=PurgeAfterFE,Value=1490296926 Key=PurgeAllow,Value=true Key=Volume,Value=vol-05552e316d7c4fca7 Key=Created,Value=1487704926
INSTANCE i-0a035c9fe74e932da
INSTANCE NAME: abfinance_top20_ubuntu_app02
Tagging Snapshot snap-02ac10eccb19c23d8 with the following Tags: Key=CreatedBy,Value=ec2-automate-backup Key=InstanceId,Value=i-0a035c9fe74e932da Key=InstanceName,Value=abfinance_top20_ubuntu_app02 Key=PurgeAfterFE,Value=1490296926 Key=PurgeAllow,Value=true Key=Volume,Value=vol-086b4833a3e624834 Key=Created,Value=1487704926
INSTANCE i-0d13fdd367f941029
INSTANCE NAME: abfinance_top20_ubuntu_app04
Tagging Snapshot snap-073973ed7911b5f34 with the following Tags: Key=CreatedBy,Value=ec2-automate-backup Key=InstanceId,Value=i-0d13fdd367f941029 Key=InstanceName,Value=abfinance_top20_ubuntu_app04 Key=PurgeAfterFE,Value=1490296926 Key=PurgeAllow,Value=true Key=Volume,Value=vol-0237e004eeed33603 Key=Created,Value=1487704926
INSTANCE i-02c96aa526459387c
INSTANCE NAME: abfinance_top20_ubuntu_db02
Tagging Snapshot snap-0dd3d9fd2d9494464 with the following Tags: Key=CreatedBy,Value=ec2-automate-backup Key=InstanceId,Value=i-02c96aa526459387c Key=InstanceName,Value=abfinance_top20_ubuntu_db02 Key=PurgeAfterFE,Value=1490296926 Key=PurgeAllow,Value=true Key=Volume,Value=vol-0adeb8ce9288cb9f0 Key=Created,Value=1487704926
INSTANCE i-02c96aa526459387c
INSTANCE NAME: abfinance_top20_ubuntu_db02
Tagging Snapshot snap-036243343d34ef699 with the following Tags: Key=CreatedBy,Value=ec2-automate-backup Key=InstanceId,Value=i-02c96aa526459387c Key=InstanceName,Value=abfinance_top20_ubuntu_db02 Key=PurgeAfterFE,Value=1490296926 Key=PurgeAllow,Value=true Key=Volume,Value=vol-0f91ffb6f9ff57fe9 Key=Created,Value=1487704926
INSTANCE i-02c96aa526459387c
INSTANCE NAME: abfinance_top20_ubuntu_db02
Tagging Snapshot snap-0b3fc0f7ca78ebfff with the following Tags: Key=CreatedBy,Value=ec2-automate-backup Key=InstanceId,Value=i-02c96aa526459387c Key=InstanceName,Value=abfinance_top20_ubuntu_db02 Key=PurgeAfterFE,Value=1490296926 Key=PurgeAllow,Value=true Key=Volume,Value=vol-0e507dfbbde31e579 Key=Created,Value=1487704926
INSTANCE i-02c96aa526459387c
INSTANCE NAME: abfinance_top20_ubuntu_db02
Tagging Snapshot snap-057f47027629214d0 with the following Tags: Key=CreatedBy,Value=ec2-automate-backup Key=InstanceId,Value=i-02c96aa526459387c Key=InstanceName,Value=abfinance_top20_ubuntu_db02 Key=PurgeAfterFE,Value=1490296926 Key=PurgeAllow,Value=true Key=Volume,Value=vol-0c9c555e321cb7fb5 Key=Created,Value=1487704926
INSTANCE i-02c96aa526459387c
INSTANCE NAME: abfinance_top20_ubuntu_db02
Tagging Snapshot snap-08d3eb6fbe5bec25d with the following Tags: Key=CreatedBy,Value=ec2-automate-backup Key=InstanceId,Value=i-02c96aa526459387c Key=InstanceName,Value=abfinance_top20_ubuntu_db02 Key=PurgeAfterFE,Value=1490296926 Key=PurgeAllow,Value=true Key=Volume,Value=vol-0a171db3d35833a82 Key=Created,Value=1487704926
INSTANCE i-0146762d86a3f8d50
INSTANCE NAME: abfinance_lcb_production02
Tagging Snapshot snap-0bbcf92967df5d729 with the following Tags: Key=CreatedBy,Value=ec2-automate-backup Key=InstanceId,Value=i-0146762d86a3f8d50 Key=InstanceName,Value=abfinance_lcb_production02 Key=PurgeAfterFE,Value=1490296926 Key=PurgeAllow,Value=true Key=Volume,Value=vol-0fea562fe447a3f76 Key=Created,Value=1487704926
INSTANCE i-0146762d86a3f8d50
INSTANCE NAME: abfinance_lcb_production02
Tagging Snapshot snap-07623c96fc1c18eec with the following Tags: Key=CreatedBy,Value=ec2-automate-backup Key=InstanceId,Value=i-0146762d86a3f8d50 Key=InstanceName,Value=abfinance_lcb_production02 Key=PurgeAfterFE,Value=1490296926 Key=PurgeAllow,Value=true Key=Volume,Value=vol-0782f08cb6f6c839c Key=Created,Value=1487704926
INSTANCE i-0c9c05c95fadfa579
INSTANCE NAME: abfinance_lcb_webview02
Tagging Snapshot snap-024f1f5072435494a with the following Tags: Key=CreatedBy,Value=ec2-automate-backup Key=InstanceId,Value=i-0c9c05c95fadfa579 Key=InstanceName,Value=abfinance_lcb_webview02 Key=PurgeAfterFE,Value=1490296926 Key=PurgeAllow,Value=true Key=Volume,Value=vol-093a7b55a620d4e21 Key=Created,Value=1487704926
INSTANCE i-0ddb468f7fcf6e0df
INSTANCE NAME: abfinance_lcb_sales02
Tagging Snapshot snap-0ef98d1243a336043 with the following Tags: Key=CreatedBy,Value=ec2-automate-backup Key=InstanceId,Value=i-0ddb468f7fcf6e0df Key=InstanceName,Value=abfinance_lcb_sales02 Key=PurgeAfterFE,Value=1490296926 Key=PurgeAllow,Value=true Key=Volume,Value=vol-0fad69a30ba7bce0d Key=Created,Value=1487704926
INSTANCE i-0ddb468f7fcf6e0df
INSTANCE NAME: abfinance_lcb_sales02
Tagging Snapshot snap-065b6b252a83b636c with the following Tags: Key=CreatedBy,Value=ec2-automate-backup Key=InstanceId,Value=i-0ddb468f7fcf6e0df Key=InstanceName,Value=abfinance_lcb_sales02 Key=PurgeAfterFE,Value=1490296926 Key=PurgeAllow,Value=true Key=Volume,Value=vol-045ed94c459ff8b7f Key=Created,Value=1487704926
INSTANCE i-0b4be2bbf8b348d64
INSTANCE NAME: abfinance_lcb_webview04
Tagging Snapshot snap-041341522fc5cb1ce with the following Tags: Key=CreatedBy,Value=ec2-automate-backup Key=InstanceId,Value=i-0b4be2bbf8b348d64 Key=InstanceName,Value=abfinance_lcb_webview04 Key=PurgeAfterFE,Value=1490296926 Key=PurgeAllow,Value=true Key=Volume,Value=vol-028cbc9a0070f9b88 Key=Created,Value=1487704926
INSTANCE i-0c9c05c95fadfa579
INSTANCE NAME: abfinance_lcb_webview02
Tagging Snapshot snap-06e5f31ac052f0a48 with the following Tags: Key=CreatedBy,Value=ec2-automate-backup Key=InstanceId,Value=i-0c9c05c95fadfa579 Key=InstanceName,Value=abfinance_lcb_webview02 Key=PurgeAfterFE,Value=1490296926 Key=PurgeAllow,Value=true Key=Volume,Value=vol-0c28572672b1f140b Key=Created,Value=1487704926
INSTANCE i-0b4be2bbf8b348d64
INSTANCE NAME: abfinance_lcb_webview04
Tagging Snapshot snap-05505a1d5cb7686b9 with the following Tags: Key=CreatedBy,Value=ec2-automate-backup Key=InstanceId,Value=i-0b4be2bbf8b348d64 Key=InstanceName,Value=abfinance_lcb_webview04 Key=PurgeAfterFE,Value=1490296926 Key=PurgeAllow,Value=true Key=Volume,Value=vol-0f31367a3565de9bf Key=Created,Value=1487704926
INSTANCE i-014a452a01f729a81
INSTANCE NAME: abfinance_nat02
Tagging Snapshot snap-0faa89264a4a8b5cc with the following Tags: Key=CreatedBy,Value=ec2-automate-backup Key=InstanceId,Value=i-014a452a01f729a81 Key=InstanceName,Value=abfinance_nat02 Key=PurgeAfterFE,Value=1490296926 Key=PurgeAllow,Value=true Key=Volume,Value=vol-0122877394ee0d073 Key=Created,Value=1487704926
INSTANCE i-014a452a01f729a81
INSTANCE NAME: abfinance_nat02
Tagging Snapshot snap-05f2c938220ebffff with the following Tags: Key=CreatedBy,Value=ec2-automate-backup Key=InstanceId,Value=i-014a452a01f729a81 Key=InstanceName,Value=abfinance_nat02 Key=PurgeAfterFE,Value=1490296926 Key=PurgeAllow,Value=true Key=Volume,Value=vol-0eb3627979069db71 Key=Created,Value=1487704926
INSTANCE i-0ee80a69b4f45c60e
INSTANCE NAME: abfinance_waf02
Tagging Snapshot snap-067b6826b3746a8c3 with the following Tags: Key=CreatedBy,Value=ec2-automate-backup Key=InstanceId,Value=i-0ee80a69b4f45c60e Key=InstanceName,Value=abfinance_waf02 Key=PurgeAfterFE,Value=1490296926 Key=PurgeAllow,Value=true Key=Volume,Value=vol-042db02546c7bbc0f Key=Created,Value=1487704926
INSTANCE i-0ee80a69b4f45c60e
INSTANCE NAME: abfinance_waf02
Tagging Snapshot snap-0805cb0ae13dc5229 with the following Tags: Key=CreatedBy,Value=ec2-automate-backup Key=InstanceId,Value=i-0ee80a69b4f45c60e Key=InstanceName,Value=abfinance_waf02 Key=PurgeAfterFE,Value=1490296926 Key=PurgeAllow,Value=true Key=Volume,Value=vol-0b023adea7ec39f41 Key=Created,Value=1487704926
INSTANCE i-0ee80a69b4f45c60e
INSTANCE NAME: abfinance_waf02
Tagging Snapshot snap-0c27ae11af749869d with the following Tags: Key=CreatedBy,Value=ec2-automate-backup Key=InstanceId,Value=i-0ee80a69b4f45c60e Key=InstanceName,Value=abfinance_waf02 Key=PurgeAfterFE,Value=1490296926 Key=PurgeAllow,Value=true Key=Volume,Value=vol-02480e8655b6a38b6 Key=Created,Value=1487704926
INSTANCE i-0ec3141f7a8500cb7
INSTANCE NAME: abfinance_95569_app09
Tagging Snapshot snap-0b3a70e634ed928be with the following Tags: Key=CreatedBy,Value=ec2-automate-backup Key=InstanceId,Value=i-0ec3141f7a8500cb7 Key=InstanceName,Value=abfinance_95569_app09 Key=PurgeAfterFE,Value=1490296926 Key=PurgeAllow,Value=true Key=Volume,Value=vol-081196262722f4f10 Key=Created,Value=1487704926
INSTANCE i-03b57928616a8d119
INSTANCE NAME: abfinance_95569_app11
Tagging Snapshot snap-0ccd84ac57003d94c with the following Tags: Key=CreatedBy,Value=ec2-automate-backup Key=InstanceId,Value=i-03b57928616a8d119 Key=InstanceName,Value=abfinance_95569_app11 Key=PurgeAfterFE,Value=1490296926 Key=PurgeAllow,Value=true Key=Volume,Value=vol-00a4d8cc657fd095f Key=Created,Value=1487704926
INSTANCE i-09c114c3c67ac2768
INSTANCE NAME: abfinance_95569_app15
Tagging Snapshot snap-021e510e0def0c212 with the following Tags: Key=CreatedBy,Value=ec2-automate-backup Key=InstanceId,Value=i-09c114c3c67ac2768 Key=InstanceName,Value=abfinance_95569_app15 Key=PurgeAfterFE,Value=1490296926 Key=PurgeAllow,Value=true Key=Volume,Value=vol-0dc2b205ff3e0db9f Key=Created,Value=1487704926
INSTANCE i-09c114c3c67ac2768
INSTANCE NAME: abfinance_95569_app15
Tagging Snapshot snap-0061cc3fb416dc227 with the following Tags: Key=CreatedBy,Value=ec2-automate-backup Key=InstanceId,Value=i-09c114c3c67ac2768 Key=InstanceName,Value=abfinance_95569_app15 Key=PurgeAfterFE,Value=1490296926 Key=PurgeAllow,Value=true Key=Volume,Value=vol-0603570eb189be1e3 Key=Created,Value=1487704926
INSTANCE i-0ec3141f7a8500cb7
INSTANCE NAME: abfinance_95569_app09
Tagging Snapshot snap-00407c021e9e6ef00 with the following Tags: Key=CreatedBy,Value=ec2-automate-backup Key=InstanceId,Value=i-0ec3141f7a8500cb7 Key=InstanceName,Value=abfinance_95569_app09 Key=PurgeAfterFE,Value=1490296926 Key=PurgeAllow,Value=true Key=Volume,Value=vol-033dfab10affed3a2 Key=Created,Value=1487704926
INSTANCE i-0a5f15688eacd2e3e
INSTANCE NAME: abfinance_95569_app13
Tagging Snapshot snap-0b3962af979a91b49 with the following Tags: Key=CreatedBy,Value=ec2-automate-backup Key=InstanceId,Value=i-0a5f15688eacd2e3e Key=InstanceName,Value=abfinance_95569_app13 Key=PurgeAfterFE,Value=1490296926 Key=PurgeAllow,Value=true Key=Volume,Value=vol-02298d3eaf4ba7281 Key=Created,Value=1487704926
INSTANCE i-0a5f15688eacd2e3e
INSTANCE NAME: abfinance_95569_app13
Tagging Snapshot snap-04ffc8bbb18c87bc2 with the following Tags: Key=CreatedBy,Value=ec2-automate-backup Key=InstanceId,Value=i-0a5f15688eacd2e3e Key=InstanceName,Value=abfinance_95569_app13 Key=PurgeAfterFE,Value=1490296926 Key=PurgeAllow,Value=true Key=Volume,Value=vol-0785e6333055e6365 Key=Created,Value=1487704926
INSTANCE i-0f0c674e5b6788a2c
INSTANCE NAME: abfinance_95569_app19
Tagging Snapshot snap-04b03791670eeb4b4 with the following Tags: Key=CreatedBy,Value=ec2-automate-backup Key=InstanceId,Value=i-0f0c674e5b6788a2c Key=InstanceName,Value=abfinance_95569_app19 Key=PurgeAfterFE,Value=1490296926 Key=PurgeAllow,Value=true Key=Volume,Value=vol-06b68df3e57d2e58d Key=Created,Value=1487704926
INSTANCE i-0f0c674e5b6788a2c
INSTANCE NAME: abfinance_95569_app19
Tagging Snapshot snap-0f84324e700ddca66 with the following Tags: Key=CreatedBy,Value=ec2-automate-backup Key=InstanceId,Value=i-0f0c674e5b6788a2c Key=InstanceName,Value=abfinance_95569_app19 Key=PurgeAfterFE,Value=1490296926 Key=PurgeAllow,Value=true Key=Volume,Value=vol-0851a9c76d4ea078c Key=Created,Value=1487704926
INSTANCE i-0a411a0ef749f4cf1
INSTANCE NAME: abfinance_95569_app21
Tagging Snapshot snap-04fa495fbc838a62a with the following Tags: Key=CreatedBy,Value=ec2-automate-backup Key=InstanceId,Value=i-0a411a0ef749f4cf1 Key=InstanceName,Value=abfinance_95569_app21 Key=PurgeAfterFE,Value=1490296926 Key=PurgeAllow,Value=true Key=Volume,Value=vol-0c3d605f9052074d8 Key=Created,Value=1487704926
INSTANCE i-0a411a0ef749f4cf1
INSTANCE NAME: abfinance_95569_app21
Tagging Snapshot snap-081d34db700278dc6 with the following Tags: Key=CreatedBy,Value=ec2-automate-backup Key=InstanceId,Value=i-0a411a0ef749f4cf1 Key=InstanceName,Value=abfinance_95569_app21 Key=PurgeAfterFE,Value=1490296926 Key=PurgeAllow,Value=true Key=Volume,Value=vol-0310bf0152a386a1f Key=Created,Value=1487704926
INSTANCE i-0d5e1e43bf386d202
INSTANCE NAME: abfinance_95569_app23
Tagging Snapshot snap-0881f3d50f1500e98 with the following Tags: Key=CreatedBy,Value=ec2-automate-backup Key=InstanceId,Value=i-0d5e1e43bf386d202 Key=InstanceName,Value=abfinance_95569_app23 Key=PurgeAfterFE,Value=1490296926 Key=PurgeAllow,Value=true Key=Volume,Value=vol-0f81b4a366156ec4e Key=Created,Value=1487704926
INSTANCE i-0d5e1e43bf386d202
INSTANCE NAME: abfinance_95569_app23
Tagging Snapshot snap-0c847c9edc373389f with the following Tags: Key=CreatedBy,Value=ec2-automate-backup Key=InstanceId,Value=i-0d5e1e43bf386d202 Key=InstanceName,Value=abfinance_95569_app23 Key=PurgeAfterFE,Value=1490296926 Key=PurgeAllow,Value=true Key=Volume,Value=vol-0111d7f26ad53c4cb Key=Created,Value=1487704926
INSTANCE i-0eb8007a14e67dab2
INSTANCE NAME: abfinance_95569_app27
Tagging Snapshot snap-0c839c075e6731ccb with the following Tags: Key=CreatedBy,Value=ec2-automate-backup Key=InstanceId,Value=i-0eb8007a14e67dab2 Key=InstanceName,Value=abfinance_95569_app27 Key=PurgeAfterFE,Value=1490296926 Key=PurgeAllow,Value=true Key=Volume,Value=vol-03525070f4c814961 Key=Created,Value=1487704926
INSTANCE i-07edbc122c6a6ac80
INSTANCE NAME: abfinance_95569_app17
Tagging Snapshot snap-03b9a7951e0fa7592 with the following Tags: Key=CreatedBy,Value=ec2-automate-backup Key=InstanceId,Value=i-07edbc122c6a6ac80 Key=InstanceName,Value=abfinance_95569_app17 Key=PurgeAfterFE,Value=1490296926 Key=PurgeAllow,Value=true Key=Volume,Value=vol-04e6264745822f286 Key=Created,Value=1487704926
INSTANCE i-03b57928616a8d119
INSTANCE NAME: abfinance_95569_app11
Tagging Snapshot snap-02bb28ed7823d284f with the following Tags: Key=CreatedBy,Value=ec2-automate-backup Key=InstanceId,Value=i-03b57928616a8d119 Key=InstanceName,Value=abfinance_95569_app11 Key=PurgeAfterFE,Value=1490296926 Key=PurgeAllow,Value=true Key=Volume,Value=vol-004d8faa59c222aa5 Key=Created,Value=1487704926
INSTANCE i-07edbc122c6a6ac80
INSTANCE NAME: abfinance_95569_app17
Tagging Snapshot snap-0097309f991328bce with the following Tags: Key=CreatedBy,Value=ec2-automate-backup Key=InstanceId,Value=i-07edbc122c6a6ac80 Key=InstanceName,Value=abfinance_95569_app17 Key=PurgeAfterFE,Value=1490296926 Key=PurgeAllow,Value=true Key=Volume,Value=vol-01b2522c2d2534299 Key=Created,Value=1487704926
INSTANCE i-07728f7b5bfbf498e
INSTANCE NAME: abfinance_95569_app25
Tagging Snapshot snap-07dad4c2f55480d13 with the following Tags: Key=CreatedBy,Value=ec2-automate-backup Key=InstanceId,Value=i-07728f7b5bfbf498e Key=InstanceName,Value=abfinance_95569_app25 Key=PurgeAfterFE,Value=1490296926 Key=PurgeAllow,Value=true Key=Volume,Value=vol-04b5c2f0495b27c68 Key=Created,Value=1487704926
INSTANCE i-0eb8007a14e67dab2
INSTANCE NAME: abfinance_95569_app27
Tagging Snapshot snap-0e3af3532cc43fd1a with the following Tags: Key=CreatedBy,Value=ec2-automate-backup Key=InstanceId,Value=i-0eb8007a14e67dab2 Key=InstanceName,Value=abfinance_95569_app27 Key=PurgeAfterFE,Value=1490296926 Key=PurgeAllow,Value=true Key=Volume,Value=vol-0dcf38ce3ae3a060a Key=Created,Value=1487704926
INSTANCE i-07728f7b5bfbf498e
INSTANCE NAME: abfinance_95569_app25
Tagging Snapshot snap-00e159e4307b8825d with the following Tags: Key=CreatedBy,Value=ec2-automate-backup Key=InstanceId,Value=i-07728f7b5bfbf498e Key=InstanceName,Value=abfinance_95569_app25 Key=PurgeAfterFE,Value=1490296926 Key=PurgeAllow,Value=true Key=Volume,Value=vol-0200a88c02cfb804d Key=Created,Value=1487704926
INSTANCE i-07705f35bff445c41
INSTANCE NAME: abfinance_95569_app07
Tagging Snapshot snap-056e6756d2ed3570d with the following Tags: Key=CreatedBy,Value=ec2-automate-backup Key=InstanceId,Value=i-07705f35bff445c41 Key=InstanceName,Value=abfinance_95569_app07 Key=PurgeAfterFE,Value=1490296926 Key=PurgeAllow,Value=true Key=Volume,Value=vol-08bc36523beab866f Key=Created,Value=1487704926
INSTANCE i-033cd6848a0ee1ed5
INSTANCE NAME: abfinance_95569_app31
Tagging Snapshot snap-09a6c4411e494970a with the following Tags: Key=CreatedBy,Value=ec2-automate-backup Key=InstanceId,Value=i-033cd6848a0ee1ed5 Key=InstanceName,Value=abfinance_95569_app31 Key=PurgeAfterFE,Value=1490296926 Key=PurgeAllow,Value=true Key=Volume,Value=vol-0f627f4a287f07de3 Key=Created,Value=1487704926
INSTANCE i-08b97f2fe53f80f22
INSTANCE NAME: abfinance_95569_app05
Tagging Snapshot snap-0f9f82a9918c68fd4 with the following Tags: Key=CreatedBy,Value=ec2-automate-backup Key=InstanceId,Value=i-08b97f2fe53f80f22 Key=InstanceName,Value=abfinance_95569_app05 Key=PurgeAfterFE,Value=1490296926 Key=PurgeAllow,Value=true Key=Volume,Value=vol-099c0fd92df48a286 Key=Created,Value=1487704926
INSTANCE i-038f55a947fe549b9
INSTANCE NAME: abfinance_95569_app29
Tagging Snapshot snap-006fac327b767f33e with the following Tags: Key=CreatedBy,Value=ec2-automate-backup Key=InstanceId,Value=i-038f55a947fe549b9 Key=InstanceName,Value=abfinance_95569_app29 Key=PurgeAfterFE,Value=1490296926 Key=PurgeAllow,Value=true Key=Volume,Value=vol-086413bf696d0b35e Key=Created,Value=1487704926
INSTANCE i-038f55a947fe549b9
INSTANCE NAME: abfinance_95569_app29
Tagging Snapshot snap-09d0b6a3a5732560d with the following Tags: Key=CreatedBy,Value=ec2-automate-backup Key=InstanceId,Value=i-038f55a947fe549b9 Key=InstanceName,Value=abfinance_95569_app29 Key=PurgeAfterFE,Value=1490296926 Key=PurgeAllow,Value=true Key=Volume,Value=vol-0fdaee4b23a29e129 Key=Created,Value=1487704926
INSTANCE i-0c74aacdacea37885
INSTANCE NAME: abfinance_95569_app35
Tagging Snapshot snap-0c6d92f0ab2448056 with the following Tags: Key=CreatedBy,Value=ec2-automate-backup Key=InstanceId,Value=i-0c74aacdacea37885 Key=InstanceName,Value=abfinance_95569_app35 Key=PurgeAfterFE,Value=1490296926 Key=PurgeAllow,Value=true Key=Volume,Value=vol-072183b6a817893f7 Key=Created,Value=1487704926
INSTANCE i-0257be16b51727274
INSTANCE NAME: abfinance_95569_app01
Tagging Snapshot snap-0a4cd5eaa90e9c8da with the following Tags: Key=CreatedBy,Value=ec2-automate-backup Key=InstanceId,Value=i-0257be16b51727274 Key=InstanceName,Value=abfinance_95569_app01 Key=PurgeAfterFE,Value=1490296926 Key=PurgeAllow,Value=true Key=Volume,Value=vol-09653c9b7d7cc8b5a Key=Created,Value=1487704926
INSTANCE i-0c74aacdacea37885
INSTANCE NAME: abfinance_95569_app35
Tagging Snapshot snap-043934f638823cb2a with the following Tags: Key=CreatedBy,Value=ec2-automate-backup Key=InstanceId,Value=i-0c74aacdacea37885 Key=InstanceName,Value=abfinance_95569_app35 Key=PurgeAfterFE,Value=1490296926 Key=PurgeAllow,Value=true Key=Volume,Value=vol-090f117c456e8e47c Key=Created,Value=1487704926
INSTANCE i-033cd6848a0ee1ed5
INSTANCE NAME: abfinance_95569_app31
Tagging Snapshot snap-026340c7c6339ff16 with the following Tags: Key=CreatedBy,Value=ec2-automate-backup Key=InstanceId,Value=i-033cd6848a0ee1ed5 Key=InstanceName,Value=abfinance_95569_app31 Key=PurgeAfterFE,Value=1490296926 Key=PurgeAllow,Value=true Key=Volume,Value=vol-0f44e3615bdc25730 Key=Created,Value=1487704926
INSTANCE i-0f829d60597e5c715
INSTANCE NAME: abfinance_95569_app33
Tagging Snapshot snap-0ff43816ecf8fd7d7 with the following Tags: Key=CreatedBy,Value=ec2-automate-backup Key=InstanceId,Value=i-0f829d60597e5c715 Key=InstanceName,Value=abfinance_95569_app33 Key=PurgeAfterFE,Value=1490296926 Key=PurgeAllow,Value=true Key=Volume,Value=vol-0eb8e231a42b429a3 Key=Created,Value=1487704926
INSTANCE i-0f829d60597e5c715
INSTANCE NAME: abfinance_95569_app33
Tagging Snapshot snap-004e0f427f86f17a1 with the following Tags: Key=CreatedBy,Value=ec2-automate-backup Key=InstanceId,Value=i-0f829d60597e5c715 Key=InstanceName,Value=abfinance_95569_app33 Key=PurgeAfterFE,Value=1490296926 Key=PurgeAllow,Value=true Key=Volume,Value=vol-0380591138b2bac42 Key=Created,Value=1487704926
INSTANCE i-00737f9ceeaad86d1
INSTANCE NAME: abfinance_95569_app03
Tagging Snapshot snap-074cdf9ee771b5147 with the following Tags: Key=CreatedBy,Value=ec2-automate-backup Key=InstanceId,Value=i-00737f9ceeaad86d1 Key=InstanceName,Value=abfinance_95569_app03 Key=PurgeAfterFE,Value=1490296926 Key=PurgeAllow,Value=true Key=Volume,Value=vol-0d4af25a0758d6113 Key=Created,Value=1487704926
INSTANCE i-00737f9ceeaad86d1
INSTANCE NAME: abfinance_95569_app03
Tagging Snapshot snap-0bef9d4f715897ff3 with the following Tags: Key=CreatedBy,Value=ec2-automate-backup Key=InstanceId,Value=i-00737f9ceeaad86d1 Key=InstanceName,Value=abfinance_95569_app03 Key=PurgeAfterFE,Value=1490296926 Key=PurgeAllow,Value=true Key=Volume,Value=vol-08c55b678a9fff5df Key=Created,Value=1487704926
INSTANCE i-08b97f2fe53f80f22
INSTANCE NAME: abfinance_95569_app05
Tagging Snapshot snap-0da307d195dbac439 with the following Tags: Key=CreatedBy,Value=ec2-automate-backup Key=InstanceId,Value=i-08b97f2fe53f80f22 Key=InstanceName,Value=abfinance_95569_app05 Key=PurgeAfterFE,Value=1490296926 Key=PurgeAllow,Value=true Key=Volume,Value=vol-00ab47222a671a9a3 Key=Created,Value=1487704926
INSTANCE i-0723ff9b3e8e40be7
INSTANCE NAME: abfinance_95569_app37
Tagging Snapshot snap-0a3620a66a26777a1 with the following Tags: Key=CreatedBy,Value=ec2-automate-backup Key=InstanceId,Value=i-0723ff9b3e8e40be7 Key=InstanceName,Value=abfinance_95569_app37 Key=PurgeAfterFE,Value=1490296926 Key=PurgeAllow,Value=true Key=Volume,Value=vol-0281762adebc253ea Key=Created,Value=1487704926
INSTANCE i-0257be16b51727274
INSTANCE NAME: abfinance_95569_app01
Tagging Snapshot snap-06b738cb2c8cf7b0d with the following Tags: Key=CreatedBy,Value=ec2-automate-backup Key=InstanceId,Value=i-0257be16b51727274 Key=InstanceName,Value=abfinance_95569_app01 Key=PurgeAfterFE,Value=1490296926 Key=PurgeAllow,Value=true Key=Volume,Value=vol-0d8e0588b2630dc6f Key=Created,Value=1487704926
INSTANCE i-07705f35bff445c41
INSTANCE NAME: abfinance_95569_app07
Tagging Snapshot snap-04ac1ee9b35ba84cd with the following Tags: Key=CreatedBy,Value=ec2-automate-backup Key=InstanceId,Value=i-07705f35bff445c41 Key=InstanceName,Value=abfinance_95569_app07 Key=PurgeAfterFE,Value=1490296926 Key=PurgeAllow,Value=true Key=Volume,Value=vol-061fdd835777e319c Key=Created,Value=1487704926
INSTANCE i-0723ff9b3e8e40be7
INSTANCE NAME: abfinance_95569_app37
Tagging Snapshot snap-0c06dc26f1a8a53e5 with the following Tags: Key=CreatedBy,Value=ec2-automate-backup Key=InstanceId,Value=i-0723ff9b3e8e40be7 Key=InstanceName,Value=abfinance_95569_app37 Key=PurgeAfterFE,Value=1490296926 Key=PurgeAllow,Value=true Key=Volume,Value=vol-0b7b3d56950413d9b Key=Created,Value=1487704926
INSTANCE i-0f705ab54239a1f52
INSTANCE NAME: abfinance_95569_qyyxapp05
Tagging Snapshot snap-043bec091e6a3d7ed with the following Tags: Key=CreatedBy,Value=ec2-automate-backup Key=InstanceId,Value=i-0f705ab54239a1f52 Key=InstanceName,Value=abfinance_95569_qyyxapp05 Key=PurgeAfterFE,Value=1490296926 Key=PurgeAllow,Value=true Key=Volume,Value=vol-09d6b1837b615adf0 Key=Created,Value=1487704926
INSTANCE i-04a60b0759f7eb2ac
INSTANCE NAME: abfinance_95569_qyyxapp01
Tagging Snapshot snap-003968e7495092e4b with the following Tags: Key=CreatedBy,Value=ec2-automate-backup Key=InstanceId,Value=i-04a60b0759f7eb2ac Key=InstanceName,Value=abfinance_95569_qyyxapp01 Key=PurgeAfterFE,Value=1490296926 Key=PurgeAllow,Value=true Key=Volume,Value=vol-0ab00cc4b064066fb Key=Created,Value=1487704926
INSTANCE i-0b94ec86e798d7437
INSTANCE NAME: abfinance_95569_qyyxapp03
Tagging Snapshot snap-027a170ebb23670c1 with the following Tags: Key=CreatedBy,Value=ec2-automate-backup Key=InstanceId,Value=i-0b94ec86e798d7437 Key=InstanceName,Value=abfinance_95569_qyyxapp03 Key=PurgeAfterFE,Value=1490296926 Key=PurgeAllow,Value=true Key=Volume,Value=vol-02fe979ffb7dc9b91 Key=Created,Value=1487704926
INSTANCE i-0f705ab54239a1f52
INSTANCE NAME: abfinance_95569_qyyxapp05
Tagging Snapshot snap-0d141be340a3d19c0 with the following Tags: Key=CreatedBy,Value=ec2-automate-backup Key=InstanceId,Value=i-0f705ab54239a1f52 Key=InstanceName,Value=abfinance_95569_qyyxapp05 Key=PurgeAfterFE,Value=1490296926 Key=PurgeAllow,Value=true Key=Volume,Value=vol-0b8edb31bd17a1ded Key=Created,Value=1487704926
INSTANCE i-04a60b0759f7eb2ac
INSTANCE NAME: abfinance_95569_qyyxapp01
Tagging Snapshot snap-0ee3ce8be48f347ae with the following Tags: Key=CreatedBy,Value=ec2-automate-backup Key=InstanceId,Value=i-04a60b0759f7eb2ac Key=InstanceName,Value=abfinance_95569_qyyxapp01 Key=PurgeAfterFE,Value=1490296926 Key=PurgeAllow,Value=true Key=Volume,Value=vol-0966ecafbcd12b336 Key=Created,Value=1487704926
INSTANCE i-0b94ec86e798d7437
INSTANCE NAME: abfinance_95569_qyyxapp03
Tagging Snapshot snap-07e46e885b59701df with the following Tags: Key=CreatedBy,Value=ec2-automate-backup Key=InstanceId,Value=i-0b94ec86e798d7437 Key=InstanceName,Value=abfinance_95569_qyyxapp03 Key=PurgeAfterFE,Value=1490296926 Key=PurgeAllow,Value=true Key=Volume,Value=vol-037854b3916095873 Key=Created,Value=1487704926
INSTANCE i-04a06b4c7bf9d94e3
INSTANCE NAME: abfinance_95569_qyyxapp07
Tagging Snapshot snap-044d8a2f9c1c241a2 with the following Tags: Key=CreatedBy,Value=ec2-automate-backup Key=InstanceId,Value=i-04a06b4c7bf9d94e3 Key=InstanceName,Value=abfinance_95569_qyyxapp07 Key=PurgeAfterFE,Value=1490296926 Key=PurgeAllow,Value=true Key=Volume,Value=vol-0c00fa4c526514642 Key=Created,Value=1487704926
INSTANCE i-04a06b4c7bf9d94e3
INSTANCE NAME: abfinance_95569_qyyxapp07
Tagging Snapshot snap-0273140f77619c9b8 with the following Tags: Key=CreatedBy,Value=ec2-automate-backup Key=InstanceId,Value=i-04a06b4c7bf9d94e3 Key=InstanceName,Value=abfinance_95569_qyyxapp07 Key=PurgeAfterFE,Value=1490296926 Key=PurgeAllow,Value=true Key=Volume,Value=vol-0224e39c7f51f325d Key=Created,Value=1487704926
INSTANCE i-00a83f954cf74b49c
INSTANCE NAME: abfinance_top20_ubuntu_db01
Tagging Snapshot snap-0aa45452dd97d5e6e with the following Tags: Key=CreatedBy,Value=ec2-automate-backup Key=InstanceId,Value=i-00a83f954cf74b49c Key=InstanceName,Value=abfinance_top20_ubuntu_db01 Key=PurgeAfterFE,Value=1490296926 Key=PurgeAllow,Value=true Key=Volume,Value=vol-00650e414cf107b17 Key=Created,Value=1487704926
INSTANCE i-0c216734d128c6375
INSTANCE NAME: abfinance_top20_ubuntu_app03
Tagging Snapshot snap-0f91530804d1cf35b with the following Tags: Key=CreatedBy,Value=ec2-automate-backup Key=InstanceId,Value=i-0c216734d128c6375 Key=InstanceName,Value=abfinance_top20_ubuntu_app03 Key=PurgeAfterFE,Value=1490296926 Key=PurgeAllow,Value=true Key=Volume,Value=vol-0f763f4259c95c9b5 Key=Created,Value=1487704926
INSTANCE i-0c216734d128c6375
INSTANCE NAME: abfinance_top20_ubuntu_app03
Tagging Snapshot snap-028d9a87c3a9d6731 with the following Tags: Key=CreatedBy,Value=ec2-automate-backup Key=InstanceId,Value=i-0c216734d128c6375 Key=InstanceName,Value=abfinance_top20_ubuntu_app03 Key=PurgeAfterFE,Value=1490296926 Key=PurgeAllow,Value=true Key=Volume,Value=vol-0cd52f41e2b7d8e0a Key=Created,Value=1487704926
INSTANCE i-00a83f954cf74b49c
INSTANCE NAME: abfinance_top20_ubuntu_db01
Tagging Snapshot snap-0a72b6374ae9249f0 with the following Tags: Key=CreatedBy,Value=ec2-automate-backup Key=InstanceId,Value=i-00a83f954cf74b49c Key=InstanceName,Value=abfinance_top20_ubuntu_db01 Key=PurgeAfterFE,Value=1490296926 Key=PurgeAllow,Value=true Key=Volume,Value=vol-02af501b13bf54b0e Key=Created,Value=1487704926
INSTANCE i-00a83f954cf74b49c
INSTANCE NAME: abfinance_top20_ubuntu_db01
Tagging Snapshot snap-0967a03e9c2aa95d1 with the following Tags: Key=CreatedBy,Value=ec2-automate-backup Key=InstanceId,Value=i-00a83f954cf74b49c Key=InstanceName,Value=abfinance_top20_ubuntu_db01 Key=PurgeAfterFE,Value=1490296926 Key=PurgeAllow,Value=true Key=Volume,Value=vol-0bee7854c001f0356 Key=Created,Value=1487704926
INSTANCE i-0c216734d128c6375
INSTANCE NAME: abfinance_top20_ubuntu_app03
Tagging Snapshot snap-046a92e81124d4800 with the following Tags: Key=CreatedBy,Value=ec2-automate-backup Key=InstanceId,Value=i-0c216734d128c6375 Key=InstanceName,Value=abfinance_top20_ubuntu_app03 Key=PurgeAfterFE,Value=1490296926 Key=PurgeAllow,Value=true Key=Volume,Value=vol-0cc56bc37e58a69f8 Key=Created,Value=1487704926
INSTANCE i-0c216734d128c6375
INSTANCE NAME: abfinance_top20_ubuntu_app03
Tagging Snapshot snap-02e8480f03be83f02 with the following Tags: Key=CreatedBy,Value=ec2-automate-backup Key=InstanceId,Value=i-0c216734d128c6375 Key=InstanceName,Value=abfinance_top20_ubuntu_app03 Key=PurgeAfterFE,Value=1490296926 Key=PurgeAllow,Value=true Key=Volume,Value=vol-07fdebcf5a0e444be Key=Created,Value=1487704926
INSTANCE i-00a83f954cf74b49c
INSTANCE NAME: abfinance_top20_ubuntu_db01
Tagging Snapshot snap-0fd07a73417584528 with the following Tags: Key=CreatedBy,Value=ec2-automate-backup Key=InstanceId,Value=i-00a83f954cf74b49c Key=InstanceName,Value=abfinance_top20_ubuntu_db01 Key=PurgeAfterFE,Value=1490296926 Key=PurgeAllow,Value=true Key=Volume,Value=vol-0689fe07556ce52b6 Key=Created,Value=1487704926
INSTANCE i-00a83f954cf74b49c
INSTANCE NAME: abfinance_top20_ubuntu_db01
Tagging Snapshot snap-0986be947a77ef05b with the following Tags: Key=CreatedBy,Value=ec2-automate-backup Key=InstanceId,Value=i-00a83f954cf74b49c Key=InstanceName,Value=abfinance_top20_ubuntu_db01 Key=PurgeAfterFE,Value=1490296926 Key=PurgeAllow,Value=true Key=Volume,Value=vol-06d9a2487a760806c Key=Created,Value=1487704926
INSTANCE i-084540b57e4187648
INSTANCE NAME: abfinance_fileshare01
Tagging Snapshot snap-0dd904d1a67c2414e with the following Tags: Key=CreatedBy,Value=ec2-automate-backup Key=InstanceId,Value=i-084540b57e4187648 Key=InstanceName,Value=abfinance_fileshare01 Key=PurgeAfterFE,Value=1490296926 Key=PurgeAllow,Value=true Key=Volume,Value=vol-0fabf5c1d62646d8a Key=Created,Value=1487704926
INSTANCE i-084540b57e4187648
INSTANCE NAME: abfinance_fileshare01
Tagging Snapshot snap-0b75198b57e74a7b1 with the following Tags: Key=CreatedBy,Value=ec2-automate-backup Key=InstanceId,Value=i-084540b57e4187648 Key=InstanceName,Value=abfinance_fileshare01 Key=PurgeAfterFE,Value=1490296926 Key=PurgeAllow,Value=true Key=Volume,Value=vol-03e0f7adfeb97a6d9 Key=Created,Value=1487704926
INSTANCE i-009d3dba5cea1a5fd
INSTANCE NAME: abfinance_lcb_admin01
Tagging Snapshot snap-076c62476c121d8ce with the following Tags: Key=CreatedBy,Value=ec2-automate-backup Key=InstanceId,Value=i-009d3dba5cea1a5fd Key=InstanceName,Value=abfinance_lcb_admin01 Key=PurgeAfterFE,Value=1490296926 Key=PurgeAllow,Value=true Key=Volume,Value=vol-08e53cbca7fc7d50f Key=Created,Value=1487704926
INSTANCE i-009d3dba5cea1a5fd
INSTANCE NAME: abfinance_lcb_admin01
Tagging Snapshot snap-0397f734c46cb0912 with the following Tags: Key=CreatedBy,Value=ec2-automate-backup Key=InstanceId,Value=i-009d3dba5cea1a5fd Key=InstanceName,Value=abfinance_lcb_admin01 Key=PurgeAfterFE,Value=1490296926 Key=PurgeAllow,Value=true Key=Volume,Value=vol-070270ceedb98dca2 Key=Created,Value=1487704926
INSTANCE i-0c692d9224afa0bfa
INSTANCE NAME: abfinance_lcb_production01
Tagging Snapshot snap-02139f00d33179100 with the following Tags: Key=CreatedBy,Value=ec2-automate-backup Key=InstanceId,Value=i-0c692d9224afa0bfa Key=InstanceName,Value=abfinance_lcb_production01 Key=PurgeAfterFE,Value=1490296926 Key=PurgeAllow,Value=true Key=Volume,Value=vol-03b3d8c0e1cadf8c1 Key=Created,Value=1487704926
INSTANCE i-0e36e12e65d6b4a4e
INSTANCE NAME: abfinance_lcb_sales01
Tagging Snapshot snap-0b25eb533a851887e with the following Tags: Key=CreatedBy,Value=ec2-automate-backup Key=InstanceId,Value=i-0e36e12e65d6b4a4e Key=InstanceName,Value=abfinance_lcb_sales01 Key=PurgeAfterFE,Value=1490296926 Key=PurgeAllow,Value=true Key=Volume,Value=vol-08e5740f9ae393ab6 Key=Created,Value=1487704926
INSTANCE i-0c692d9224afa0bfa
INSTANCE NAME: abfinance_lcb_production01
Tagging Snapshot snap-0a823770d5d4c85fc with the following Tags: Key=CreatedBy,Value=ec2-automate-backup Key=InstanceId,Value=i-0c692d9224afa0bfa Key=InstanceName,Value=abfinance_lcb_production01 Key=PurgeAfterFE,Value=1490296926 Key=PurgeAllow,Value=true Key=Volume,Value=vol-0734128d6832a8b05 Key=Created,Value=1487704926
INSTANCE i-09c2eabe897e928a7
INSTANCE NAME: abfinance_lcb_webview01
Tagging Snapshot snap-022d36181088656a8 with the following Tags: Key=CreatedBy,Value=ec2-automate-backup Key=InstanceId,Value=i-09c2eabe897e928a7 Key=InstanceName,Value=abfinance_lcb_webview01 Key=PurgeAfterFE,Value=1490296926 Key=PurgeAllow,Value=true Key=Volume,Value=vol-08656f7f1440aa14a Key=Created,Value=1487704926
INSTANCE i-09c2eabe897e928a7
INSTANCE NAME: abfinance_lcb_webview01
Tagging Snapshot snap-0939cd1f50045d4f0 with the following Tags: Key=CreatedBy,Value=ec2-automate-backup Key=InstanceId,Value=i-09c2eabe897e928a7 Key=InstanceName,Value=abfinance_lcb_webview01 Key=PurgeAfterFE,Value=1490296926 Key=PurgeAllow,Value=true Key=Volume,Value=vol-0aa81463a2ad03c7a Key=Created,Value=1487704926
INSTANCE i-0518c045d2be93427
INSTANCE NAME: abfinance_nat01
Tagging Snapshot snap-079c233511faa0c1c with the following Tags: Key=CreatedBy,Value=ec2-automate-backup Key=InstanceId,Value=i-0518c045d2be93427 Key=InstanceName,Value=abfinance_nat01 Key=PurgeAfterFE,Value=1490296926 Key=PurgeAllow,Value=true Key=Volume,Value=vol-0d9130bb61c0d4c56 Key=Created,Value=1487704926
INSTANCE i-0e36e12e65d6b4a4e
INSTANCE NAME: abfinance_lcb_sales01
Tagging Snapshot snap-0996ceccbe2cb1a28 with the following Tags: Key=CreatedBy,Value=ec2-automate-backup Key=InstanceId,Value=i-0e36e12e65d6b4a4e Key=InstanceName,Value=abfinance_lcb_sales01 Key=PurgeAfterFE,Value=1490296926 Key=PurgeAllow,Value=true Key=Volume,Value=vol-023127c32f4b64e52 Key=Created,Value=1487704926
INSTANCE i-0518c045d2be93427
INSTANCE NAME: abfinance_nat01
Tagging Snapshot snap-0478e63dbc0ef8fdf with the following Tags: Key=CreatedBy,Value=ec2-automate-backup Key=InstanceId,Value=i-0518c045d2be93427 Key=InstanceName,Value=abfinance_nat01 Key=PurgeAfterFE,Value=1490296926 Key=PurgeAllow,Value=true Key=Volume,Value=vol-0528c98fb329dffea Key=Created,Value=1487704926
INSTANCE i-038656cd0a5878996
INSTANCE NAME: abfinance_lcb_webview03
Tagging Snapshot snap-058a3490e4c0a0dca with the following Tags: Key=CreatedBy,Value=ec2-automate-backup Key=InstanceId,Value=i-038656cd0a5878996 Key=InstanceName,Value=abfinance_lcb_webview03 Key=PurgeAfterFE,Value=1490296926 Key=PurgeAllow,Value=true Key=Volume,Value=vol-029a78effd0af4174 Key=Created,Value=1487704926
INSTANCE i-038656cd0a5878996
INSTANCE NAME: abfinance_lcb_webview03
Tagging Snapshot snap-00fc1fc5251775f04 with the following Tags: Key=CreatedBy,Value=ec2-automate-backup Key=InstanceId,Value=i-038656cd0a5878996 Key=InstanceName,Value=abfinance_lcb_webview03 Key=PurgeAfterFE,Value=1490296926 Key=PurgeAllow,Value=true Key=Volume,Value=vol-0f119584d4b9ada06 Key=Created,Value=1487704926
INSTANCE i-071c0e09746a7cab2
INSTANCE NAME: abfinance_top20_ubuntu_app01
Tagging Snapshot snap-027c972252b5ce59a with the following Tags: Key=CreatedBy,Value=ec2-automate-backup Key=InstanceId,Value=i-071c0e09746a7cab2 Key=InstanceName,Value=abfinance_top20_ubuntu_app01 Key=PurgeAfterFE,Value=1490296926 Key=PurgeAllow,Value=true Key=Volume,Value=vol-028c8b322e5479cf7 Key=Created,Value=1487704926
INSTANCE i-071c0e09746a7cab2
INSTANCE NAME: abfinance_top20_ubuntu_app01
Tagging Snapshot snap-00da1ae89d75103bb with the following Tags: Key=CreatedBy,Value=ec2-automate-backup Key=InstanceId,Value=i-071c0e09746a7cab2 Key=InstanceName,Value=abfinance_top20_ubuntu_app01 Key=PurgeAfterFE,Value=1490296926 Key=PurgeAllow,Value=true Key=Volume,Value=vol-07635e1c11c362ee7 Key=Created,Value=1487704926
INSTANCE i-071c0e09746a7cab2
INSTANCE NAME: abfinance_top20_ubuntu_app01
Tagging Snapshot snap-0b7eafb525b475fbe with the following Tags: Key=CreatedBy,Value=ec2-automate-backup Key=InstanceId,Value=i-071c0e09746a7cab2 Key=InstanceName,Value=abfinance_top20_ubuntu_app01 Key=PurgeAfterFE,Value=1490296926 Key=PurgeAllow,Value=true Key=Volume,Value=vol-04f6f153979ec4e04 Key=Created,Value=1487704926
INSTANCE i-071c0e09746a7cab2
INSTANCE NAME: abfinance_top20_ubuntu_app01
Tagging Snapshot snap-05429f383c7dc4da3 with the following Tags: Key=CreatedBy,Value=ec2-automate-backup Key=InstanceId,Value=i-071c0e09746a7cab2 Key=InstanceName,Value=abfinance_top20_ubuntu_app01 Key=PurgeAfterFE,Value=1490296926 Key=PurgeAllow,Value=true Key=Volume,Value=vol-05313c753118b3f0e Key=Created,Value=1487704926
INSTANCE i-04301c43465272923
INSTANCE NAME: abfinance_top20_ubuntu_app05
Tagging Snapshot snap-0e67d854a261259af with the following Tags: Key=CreatedBy,Value=ec2-automate-backup Key=InstanceId,Value=i-04301c43465272923 Key=InstanceName,Value=abfinance_top20_ubuntu_app05 Key=PurgeAfterFE,Value=1490296926 Key=PurgeAllow,Value=true Key=Volume,Value=vol-042ff0cf25d5159f1 Key=Created,Value=1487704926
INSTANCE i-04301c43465272923
INSTANCE NAME: abfinance_top20_ubuntu_app05
Tagging Snapshot snap-0e0db3e12316a9c21 with the following Tags: Key=CreatedBy,Value=ec2-automate-backup Key=InstanceId,Value=i-04301c43465272923 Key=InstanceName,Value=abfinance_top20_ubuntu_app05 Key=PurgeAfterFE,Value=1490296926 Key=PurgeAllow,Value=true Key=Volume,Value=vol-000debe3735b701da Key=Created,Value=1487704926
INSTANCE i-04301c43465272923
INSTANCE NAME: abfinance_top20_ubuntu_app05
Tagging Snapshot snap-0b6b398e7ffdeafbd with the following Tags: Key=CreatedBy,Value=ec2-automate-backup Key=InstanceId,Value=i-04301c43465272923 Key=InstanceName,Value=abfinance_top20_ubuntu_app05 Key=PurgeAfterFE,Value=1490296926 Key=PurgeAllow,Value=true Key=Volume,Value=vol-01bc3463f6ddd3d8d Key=Created,Value=1487704926
INSTANCE i-04301c43465272923
INSTANCE NAME: abfinance_top20_ubuntu_app05
Tagging Snapshot snap-0b307c7df84df4cd0 with the following Tags: Key=CreatedBy,Value=ec2-automate-backup Key=InstanceId,Value=i-04301c43465272923 Key=InstanceName,Value=abfinance_top20_ubuntu_app05 Key=PurgeAfterFE,Value=1490296926 Key=PurgeAllow,Value=true Key=Volume,Value=vol-0ce01a4e917347781 Key=Created,Value=1487704926
INSTANCE i-061100ef3944cdc9f
INSTANCE NAME: abfinance_waf01
Tagging Snapshot snap-0fcf9adc28d8919b2 with the following Tags: Key=CreatedBy,Value=ec2-automate-backup Key=InstanceId,Value=i-061100ef3944cdc9f Key=InstanceName,Value=abfinance_waf01 Key=PurgeAfterFE,Value=1490296926 Key=PurgeAllow,Value=true Key=Volume,Value=vol-047bd2af9ad7b8607 Key=Created,Value=1487704926
INSTANCE i-061100ef3944cdc9f
INSTANCE NAME: abfinance_waf01
Tagging Snapshot snap-09be81982ee87bc45 with the following Tags: Key=CreatedBy,Value=ec2-automate-backup Key=InstanceId,Value=i-061100ef3944cdc9f Key=InstanceName,Value=abfinance_waf01 Key=PurgeAfterFE,Value=1490296926 Key=PurgeAllow,Value=true Key=Volume,Value=vol-033f40c6a90487e43 Key=Created,Value=1487704926
INSTANCE i-061100ef3944cdc9f
INSTANCE NAME: abfinance_waf01
Tagging Snapshot snap-048115b275cb85633 with the following Tags: Key=CreatedBy,Value=ec2-automate-backup Key=InstanceId,Value=i-061100ef3944cdc9f Key=InstanceName,Value=abfinance_waf01 Key=PurgeAfterFE,Value=1490296926 Key=PurgeAllow,Value=true Key=Volume,Value=vol-0e7a9cd48468a007e Key=Created,Value=1487704926
Snapshot Purging is Starting Now.
Snapshot "snap-0966663fc12e1684b" with the PurgeAfterFE date of "1487619071" will be deleted.
Snapshot "snap-04a45334783fa7656" with the PurgeAfterFE date of "1487619071" will be deleted.
Snapshot "snap-0097a8ba92a670cb0" with the PurgeAfterFE date of "1487619071" will be deleted.
Snapshot "snap-00473c27e4fb03a08" with the PurgeAfterFE date of "1487619071" will be deleted.
Snapshot "snap-0dcc43cf5b8daadf9" with the PurgeAfterFE date of "1487619071" will be deleted.
Snapshot "snap-030737a994684a13a" with the PurgeAfterFE date of "1487619071" will be deleted.
Snapshot "snap-079b6c6ba1d8c9f5d" with the PurgeAfterFE date of "1487619071" will be deleted.
Snapshot "snap-038319c0fbd74b583" with the PurgeAfterFE date of "1487619071" will be deleted.
Snapshot "snap-0fbe8036547541931" with the PurgeAfterFE date of "1487619071" will be deleted.
Snapshot "snap-0bb81fd9a98225db6" with the PurgeAfterFE date of "1487619071" will be deleted.
Snapshot "snap-054acf11d4d34c54a" with the PurgeAfterFE date of "1487619071" will be deleted.
Snapshot "snap-0e8a0f4f60bfc09c7" with the PurgeAfterFE date of "1487619071" will be deleted.
Snapshot "snap-096b692b249ea7dd8" with the PurgeAfterFE date of "1487619071" will be deleted.
Snapshot "snap-00b7f28f453824cb8" with the PurgeAfterFE date of "1487619071" will be deleted.
Snapshot "snap-0a8756ec9b320c2ba" with the PurgeAfterFE date of "1487619071" will be deleted.
Snapshot "snap-069a2ee6cb79d4ed7" with the PurgeAfterFE date of "1487619071" will be deleted.
Snapshot "snap-0e87c9eed10914886" with the PurgeAfterFE date of "1487619071" will be deleted.
Snapshot "snap-0fdaf88534cdd7b9f" with the PurgeAfterFE date of "1487619071" will be deleted.
Snapshot "snap-0b09f27c0a71437e0" with the PurgeAfterFE date of "1487619071" will be deleted.
Snapshot "snap-05a28752aa4c8ef5c" with the PurgeAfterFE date of "1487619071" will be deleted.
Snapshot "snap-0aee502dbc1e8f9d0" with the PurgeAfterFE date of "1487619071" will be deleted.
Snapshot "snap-0be0efdd67ca3c827" with the PurgeAfterFE date of "1487619071" will be deleted.
Snapshot "snap-00d076b53d44f57d1" with the PurgeAfterFE date of "1487619071" will be deleted.
Snapshot "snap-02ad569dfa1efc65f" with the PurgeAfterFE date of "1487619071" will be deleted.
Snapshot "snap-0b91c08d9d93f5989" with the PurgeAfterFE date of "1487619071" will be deleted.
Snapshot "snap-019c4013e58ce13e1" with the PurgeAfterFE date of "1487619071" will be deleted.
Snapshot "snap-0045faa7e165fe194" with the PurgeAfterFE date of "1487619071" will be deleted.
Snapshot "snap-0fb1febb8b508ca89" with the PurgeAfterFE date of "1487619071" will be deleted.
Snapshot "snap-0e63990fcc3fe249f" with the PurgeAfterFE date of "1487619071" will be deleted.
Snapshot "snap-0dfb0d739c38ef130" with the PurgeAfterFE date of "1487619071" will be deleted.
Snapshot "snap-0027e1bce342b29e6" with the PurgeAfterFE date of "1487619071" will be deleted.
Snapshot "snap-07f732614d8f0708a" with the PurgeAfterFE date of "1487619071" will be deleted.
Snapshot "snap-013da2fba68a5604b" with the PurgeAfterFE date of "1487619071" will be deleted.
Snapshot "snap-06f339ce260aee81f" with the PurgeAfterFE date of "1487619071" will be deleted.
Snapshot "snap-0610c0b87b9e8990a" with the PurgeAfterFE date of "1487619071" will be deleted.
Snapshot "snap-04f02db1cce0bbe42" with the PurgeAfterFE date of "1487619071" will be deleted.
Snapshot "snap-0e007eba58703ba3a" with the PurgeAfterFE date of "1487619071" will be deleted.
Snapshot "snap-03ef5dc5f687d88a2" with the PurgeAfterFE date of "1487619071" will be deleted.
Snapshot "snap-0ea6277b59c662c0e" with the PurgeAfterFE date of "1487619071" will be deleted.
Snapshot "snap-0be14b181439515b0" with the PurgeAfterFE date of "1487619071" will be deleted.
Snapshot "snap-0a40218c8f432b12c" with the PurgeAfterFE date of "1487619071" will be deleted.
Snapshot "snap-065a4130e78f8ae61" with the PurgeAfterFE date of "1487619071" will be deleted.
Snapshot "snap-0c13d438ca39ae40c" with the PurgeAfterFE date of "1487619071" will be deleted.
Snapshot "snap-0fc45d3b16ce4a121" with the PurgeAfterFE date of "1487619071" will be deleted.
Snapshot "snap-044187e4274fe2324" with the PurgeAfterFE date of "1487619071" will be deleted.
Snapshot "snap-0b379371e9eb82a89" with the PurgeAfterFE date of "1487619071" will be deleted.
Snapshot "snap-0bb4ec6bff3d12eef" with the PurgeAfterFE date of "1487619071" will be deleted.
Snapshot "snap-03dec1d68b30a95f9" with the PurgeAfterFE date of "1487619071" will be deleted.
Snapshot "snap-0a4300af5d49ba8c6" with the PurgeAfterFE date of "1487619071" will be deleted.
Snapshot "snap-00f349a8b317ecb06" with the PurgeAfterFE date of "1487619071" will be deleted.
Snapshot "snap-085e86a8fa51323a7" with the PurgeAfterFE date of "1487619071" will be deleted.
Snapshot "snap-0ea502945ee7af0a0" with the PurgeAfterFE date of "1487619071" will be deleted.
Snapshot "snap-031228e01e4ab700b" with the PurgeAfterFE date of "1487619071" will be deleted.
Snapshot "snap-0b23556a981c439f6" with the PurgeAfterFE date of "1487619071" will be deleted.
Snapshot "snap-0c48ec4a76d5f7cd6" with the PurgeAfterFE date of "1487619071" will be deleted.
Snapshot "snap-03937b648761dc334" with the PurgeAfterFE date of "1487619071" will be deleted.
Snapshot "snap-011064ed422d2dad7" with the PurgeAfterFE date of "1487619071" will be deleted.
Snapshot "snap-06bfe5141cf775789" with the PurgeAfterFE date of "1487619071" will be deleted.
Snapshot "snap-077931b9005dc9fd0" with the PurgeAfterFE date of "1487619071" will be deleted.
Snapshot "snap-0ad77cb569eecd1d3" with the PurgeAfterFE date of "1487619071" will be deleted.
Snapshot "snap-044622ad551140bed" with the PurgeAfterFE date of "1487619071" will be deleted.
Snapshot "snap-08cb37c21d939ae37" with the PurgeAfterFE date of "1487619071" will be deleted.
Snapshot "snap-0088421d85f37a4a0" with the PurgeAfterFE date of "1487619071" will be deleted.
Snapshot "snap-07dc383c90c987e50" with the PurgeAfterFE date of "1487619071" will be deleted.
Snapshot "snap-02a94c775f35f8e14" with the PurgeAfterFE date of "1487619071" will be deleted.
Snapshot "snap-0313b42f41b9d3e99" with the PurgeAfterFE date of "1487619071" will be deleted.
Snapshot "snap-055276f7918da4210" with the PurgeAfterFE date of "1487619071" will be deleted.
Snapshot "snap-06c8c8c21336d9046" with the PurgeAfterFE date of "1487619071" will be deleted.
Snapshot "snap-0c291c0bf756348ad" with the PurgeAfterFE date of "1487619071" will be deleted.
Snapshot "snap-00e0f48ddc7c1768b" with the PurgeAfterFE date of "1487619071" will be deleted.
Snapshot "snap-05a1e2cfe3b82a7eb" with the PurgeAfterFE date of "1487619071" will be deleted.
Snapshot "snap-000f0aa60456b943c" with the PurgeAfterFE date of "1487619071" will be deleted.
Snapshot "snap-0b6ef59b63d289b23" with the PurgeAfterFE date of "1487619071" will be deleted.
Snapshot "snap-0965f888c99653866" with the PurgeAfterFE date of "1487619071" will be deleted.
Snapshot "snap-0ecd1cffedfa677cc" with the PurgeAfterFE date of "1487619071" will be deleted.
Snapshot "snap-05848a3791daa3d46" with the PurgeAfterFE date of "1487619071" will be deleted.
Snapshot "snap-0464455331b513c9c" with the PurgeAfterFE date of "1487619071" will be deleted.
Snapshot "snap-0914491c17adc5d08" with the PurgeAfterFE date of "1487619071" will be deleted.
Snapshot "snap-0044e7342fbf7a80b" with the PurgeAfterFE date of "1487619071" will be deleted.
Snapshot "snap-020c2dcf3cda32972" with the PurgeAfterFE date of "1487619071" will be deleted.
Snapshot "snap-047d54a0a6541d03a" with the PurgeAfterFE date of "1487619071" will be deleted.
Snapshot "snap-0a302d174de8c4a1c" with the PurgeAfterFE date of "1487619071" will be deleted.
Snapshot "snap-0317b687f9421538f" with the PurgeAfterFE date of "1487619071" will be deleted.
Snapshot "snap-0da69ebbfa26e5600" with the PurgeAfterFE date of "1487619071" will be deleted.
Snapshot "snap-0498f4b40cb864028" with the PurgeAfterFE date of "1487619071" will be deleted.
Snapshot "snap-0831412b2b3a0f959" with the PurgeAfterFE date of "1487619071" will be deleted.
Snapshot "snap-08e6bfa745bdb9706" with the PurgeAfterFE date of "1487619071" will be deleted.
Snapshot "snap-019c111d06a3c7473" with the PurgeAfterFE date of "1487619071" will be deleted.
Snapshot "snap-09b086d94d30fae37" with the PurgeAfterFE date of "1487619071" will be deleted.
Snapshot "snap-08f02c669901e5c00" with the PurgeAfterFE date of "1487619071" will be deleted.
Snapshot "snap-02513ab3f09914460" with the PurgeAfterFE date of "1487619071" will be deleted.
Snapshot "snap-0b6aa3a9f9f214265" with the PurgeAfterFE date of "1487619071" will be deleted.
Snapshot "snap-095c74fbcc29deff2" with the PurgeAfterFE date of "1487619071" will be deleted.
Snapshot "snap-02ed35c1b5d46bb95" with the PurgeAfterFE date of "1487619071" will be deleted.
Snapshot "snap-0b08a9d22fb36f281" with the PurgeAfterFE date of "1487619071" will be deleted.
Snapshot "snap-0ac8f1aecc07acb47" with the PurgeAfterFE date of "1487619071" will be deleted.
Snapshot "snap-05df04c5bd92fe6a8" with the PurgeAfterFE date of "1487619071" will be deleted.
Snapshot "snap-0352592c9aff41e9a" with the PurgeAfterFE date of "1487619071" will be deleted.
Snapshot "snap-00fb8440ccc55becd" with the PurgeAfterFE date of "1487619071" will be deleted.
Snapshot "snap-0e5767108aa1301d3" with the PurgeAfterFE date of "1487619071" will be deleted.
Snapshot "snap-022de4e0d3ddfb1e3" with the PurgeAfterFE date of "1487619071" will be deleted.
Snapshot "snap-000a389ec189f58a4" with the PurgeAfterFE date of "1487619071" will be deleted.
Snapshot "snap-069b0113ca602662d" with the PurgeAfterFE date of "1487619071" will be deleted.
Snapshot "snap-061f72a9e2e972550" with the PurgeAfterFE date of "1487619071" will be deleted.
Snapshot "snap-051992532fb8af6f0" with the PurgeAfterFE date of "1487619071" will be deleted.
Snapshot "snap-0cd85eed657e367f4" with the PurgeAfterFE date of "1487619071" will be deleted.
Snapshot "snap-08272401e2b0aa3ff" with the PurgeAfterFE date of "1487619071" will be deleted.
Snapshot "snap-09d9f09d261533ba6" with the PurgeAfterFE date of "1487619071" will be deleted.
Snapshot "snap-0333ad30a60f1c11a" with the PurgeAfterFE date of "1487619071" will be deleted.
Snapshot "snap-00c6a5a96308efcbb" with the PurgeAfterFE date of "1487619071" will be deleted.
Snapshot "snap-04fefef315bacf135" with the PurgeAfterFE date of "1487619071" will be deleted.
Snapshot "snap-0c284a8cc6068ffd4" with the PurgeAfterFE date of "1487619071" will be deleted.
Snapshot "snap-057bcefb5b6469503" with the PurgeAfterFE date of "1487619071" will be deleted.
Snapshot "snap-02d8b3fbd4354e927" with the PurgeAfterFE date of "1487619071" will be deleted.
Snapshot "snap-0d984f2a3a63fb26a" with the PurgeAfterFE date of "1487619071" will be deleted.
Snapshot "snap-086d2f6999f7dd594" with the PurgeAfterFE date of "1487619071" will be deleted.
Snapshot "snap-0446f7acb0dee55d1" with the PurgeAfterFE date of "1487619071" will be deleted.
Snapshot "snap-0ef0f32f8ea568439" with the PurgeAfterFE date of "1487619071" will be deleted.
Snapshot "snap-09841423e43836c71" with the PurgeAfterFE date of "1487619071" will be deleted.
Snapshot "snap-0b11169891306dffe" with the PurgeAfterFE date of "1487619071" will be deleted.
Snapshot "snap-09a37202cf0e1503a" with the PurgeAfterFE date of "1487619071" will be deleted.
Snapshot "snap-00b6ce8729c9ae886" with the PurgeAfterFE date of "1487619071" will be deleted.
Snapshot "snap-0356c807e497de634" with the PurgeAfterFE date of "1487619071" will be deleted.
Snapshot "snap-09aaa617268dd61e9" with the PurgeAfterFE date of "1487619071" will be deleted.
Snapshot "snap-0e026e322ac4051f8" with the PurgeAfterFE date of "1487619071" will be deleted.
Snapshot "snap-0c259cad6894fb0ee" with the PurgeAfterFE date of "1487619071" will be deleted.
Snapshot "snap-04bf65989a01afde3" with the PurgeAfterFE date of "1487619071" will be deleted.
Snapshot "snap-0b833b5788b3cc526" with the PurgeAfterFE date of "1487619071" will be deleted.
Snapshot "snap-00a20f2ab9aea36da" with the PurgeAfterFE date of "1487619071" will be deleted.
Snapshot "snap-0a16d29ca9df429a8" with the PurgeAfterFE date of "1487619071" will be deleted.
Snapshot "snap-00fdcea36dae071ed" with the PurgeAfterFE date of "1487619071" will be deleted.
Snapshot "snap-000208eaff20ccd17" with the PurgeAfterFE date of "1487619071" will be deleted.
Snapshot "snap-005c04c0894d2662c" with the PurgeAfterFE date of "1487619071" will be deleted.
Snapshot "snap-09d011a9042b9d18b" with the PurgeAfterFE date of "1487619071" will be deleted.
Snapshot "snap-037b1a10f4cf2f5cd" with the PurgeAfterFE date of "1487619071" will be deleted.
Snapshot "snap-0f650aea6c8b27ff5" with the PurgeAfterFE date of "1487619071" will be deleted.
Snapshot "snap-0380f548eb53ff32e" with the PurgeAfterFE date of "1487619071" will be deleted.
Snapshot "snap-0f0cd1a7a75b8bb99" with the PurgeAfterFE date of "1487619071" will be deleted.
Snapshot "snap-0d1f429ce4e92051e" with the PurgeAfterFE date of "1487619071" will be deleted.
Snapshot "snap-0fc18b89788b92296" with the PurgeAfterFE date of "1487619071" will be deleted.
Snapshot "snap-0e3b37cec233096c4" with the PurgeAfterFE date of "1487619071" will be deleted.
Snapshot "snap-01d2a5b93b9bce11a" with the PurgeAfterFE date of "1487619071" will be deleted.
Snapshot "snap-0c510e21b6c77196a" with the PurgeAfterFE date of "1487619071" will be deleted.
Snapshot "snap-0d9c35d4d65042bb6" with the PurgeAfterFE date of "1487619071" will be deleted.
Snapshot "snap-0fd4726ba13e1a780" with the PurgeAfterFE date of "1487619071" will be deleted.
Snapshot "snap-0af2273749359f8c2" with the PurgeAfterFE date of "1487619071" will be deleted.
Snapshot "snap-0b8149bf49ff8f18d" with the PurgeAfterFE date of "1487619071" will be deleted.
Snapshot "snap-04f867779b5c5f3c1" with the PurgeAfterFE date of "1487619071" will be deleted.
Snapshot "snap-0d3cab4a7e649cbf2" with the PurgeAfterFE date of "1487619071" will be deleted.
Snapshot "snap-037f0752b74bb2573" with the PurgeAfterFE date of "1487619071" will be deleted.
Snapshot "snap-07f207b5193a2619d" with the PurgeAfterFE date of "1487619071" will be deleted.
Snapshot "snap-02c6b4e09c94a8942" with the PurgeAfterFE date of "1487619071" will be deleted.
Snapshot "snap-0eb4bf79b9fc7f846" with the PurgeAfterFE date of "1487619071" will be deleted.
Snapshot "snap-0e3db57cac953e130" with the PurgeAfterFE date of "1487619071" will be deleted.
Snapshot "snap-037cf18fe02eeb2c9" with the PurgeAfterFE date of "1487619071" will be deleted.
Snapshot "snap-03e146f13c2eb3b18" with the PurgeAfterFE date of "1487619071" will be deleted.
Snapshot "snap-0da5a82187dec436f" with the PurgeAfterFE date of "1487619071" will be deleted.
Snapshot "snap-07609c1e629871e62" with the PurgeAfterFE date of "1487619071" will be deleted.
Snapshot "snap-06cee58bd7efde5c0" with the PurgeAfterFE date of "1487619071" will be deleted.
