Snapshots taken by ec2-volumes-autobackup.sh will be eligible for purging after the following date (the purge after date given in seconds from epoch): 1493407178.
INSTANCE i-03c8fd87e7b05fa05
INSTANCE NAME: abfinance_95569_app16
Tagging Snapshot snap-01cf8c517de635499 with the following Tags: Key=CreatedBy,Value=ec2-automate-backup Key=InstanceId,Value=i-03c8fd87e7b05fa05 Key=InstanceName,Value=abfinance_95569_app16 Key=PurgeAfterFE,Value=1493407178 Key=PurgeAllow,Value=true Key=Volume,Value=vol-06c1ef7480d1a0d4c Key=Created,Value=1490815178
INSTANCE i-0c2bf96cb75ee7b5c
INSTANCE NAME: abfinance_95569_app18
Tagging Snapshot snap-0944689be469833c4 with the following Tags: Key=CreatedBy,Value=ec2-automate-backup Key=InstanceId,Value=i-0c2bf96cb75ee7b5c Key=InstanceName,Value=abfinance_95569_app18 Key=PurgeAfterFE,Value=1493407178 Key=PurgeAllow,Value=true Key=Volume,Value=vol-0eae86baf89ae58a6 Key=Created,Value=1490815178
INSTANCE i-0dce85c3f212a5de0
INSTANCE NAME: abfinance_95569_app12
Tagging Snapshot snap-027773083fb8ac7f4 with the following Tags: Key=CreatedBy,Value=ec2-automate-backup Key=InstanceId,Value=i-0dce85c3f212a5de0 Key=InstanceName,Value=abfinance_95569_app12 Key=PurgeAfterFE,Value=1493407178 Key=PurgeAllow,Value=true Key=Volume,Value=vol-05c5ee0c944c4a763 Key=Created,Value=1490815178
INSTANCE i-0dce85c3f212a5de0
INSTANCE NAME: abfinance_95569_app12
Tagging Snapshot snap-0e0c8dc1e47f96521 with the following Tags: Key=CreatedBy,Value=ec2-automate-backup Key=InstanceId,Value=i-0dce85c3f212a5de0 Key=InstanceName,Value=abfinance_95569_app12 Key=PurgeAfterFE,Value=1493407178 Key=PurgeAllow,Value=true Key=Volume,Value=vol-0b081425c7cc17600 Key=Created,Value=1490815178
INSTANCE i-09ddd98828f970e2b
INSTANCE NAME: abfinance_95569_app14
Tagging Snapshot snap-03f408153d23c0e52 with the following Tags: Key=CreatedBy,Value=ec2-automate-backup Key=InstanceId,Value=i-09ddd98828f970e2b Key=InstanceName,Value=abfinance_95569_app14 Key=PurgeAfterFE,Value=1493407178 Key=PurgeAllow,Value=true Key=Volume,Value=vol-029381ba27db23ea5 Key=Created,Value=1490815178
INSTANCE i-0de1db820b03e1279
INSTANCE NAME: abfinance_95569_app22
Tagging Snapshot snap-0c5468eda7fc9ecb5 with the following Tags: Key=CreatedBy,Value=ec2-automate-backup Key=InstanceId,Value=i-0de1db820b03e1279 Key=InstanceName,Value=abfinance_95569_app22 Key=PurgeAfterFE,Value=1493407178 Key=PurgeAllow,Value=true Key=Volume,Value=vol-014edcf936f6c26f4 Key=Created,Value=1490815178
INSTANCE i-09ddd98828f970e2b
INSTANCE NAME: abfinance_95569_app14
Tagging Snapshot snap-0ad35ded1c783460d with the following Tags: Key=CreatedBy,Value=ec2-automate-backup Key=InstanceId,Value=i-09ddd98828f970e2b Key=InstanceName,Value=abfinance_95569_app14 Key=PurgeAfterFE,Value=1493407178 Key=PurgeAllow,Value=true Key=Volume,Value=vol-0c815aa96dd49c83c Key=Created,Value=1490815178
INSTANCE i-03c8fd87e7b05fa05
INSTANCE NAME: abfinance_95569_app16
Tagging Snapshot snap-043ad659d51494299 with the following Tags: Key=CreatedBy,Value=ec2-automate-backup Key=InstanceId,Value=i-03c8fd87e7b05fa05 Key=InstanceName,Value=abfinance_95569_app16 Key=PurgeAfterFE,Value=1493407178 Key=PurgeAllow,Value=true Key=Volume,Value=vol-0a82f25f21c70ca17 Key=Created,Value=1490815178
INSTANCE i-03ab34c05dc4f22aa
INSTANCE NAME: abfinance_95569_app24
Tagging Snapshot snap-0de7ffa177167ac96 with the following Tags: Key=CreatedBy,Value=ec2-automate-backup Key=InstanceId,Value=i-03ab34c05dc4f22aa Key=InstanceName,Value=abfinance_95569_app24 Key=PurgeAfterFE,Value=1493407178 Key=PurgeAllow,Value=true Key=Volume,Value=vol-0119f2937c18f7e3e Key=Created,Value=1490815178
INSTANCE i-0bba368770f8bea0e
INSTANCE NAME: abfinance_95569_app28
Tagging Snapshot snap-036dcedfcf748736a with the following Tags: Key=CreatedBy,Value=ec2-automate-backup Key=InstanceId,Value=i-0bba368770f8bea0e Key=InstanceName,Value=abfinance_95569_app28 Key=PurgeAfterFE,Value=1493407178 Key=PurgeAllow,Value=true Key=Volume,Value=vol-054e16021703bc75b Key=Created,Value=1490815178
INSTANCE i-0bba368770f8bea0e
INSTANCE NAME: abfinance_95569_app28
Tagging Snapshot snap-09ea036e5c99ca824 with the following Tags: Key=CreatedBy,Value=ec2-automate-backup Key=InstanceId,Value=i-0bba368770f8bea0e Key=InstanceName,Value=abfinance_95569_app28 Key=PurgeAfterFE,Value=1493407178 Key=PurgeAllow,Value=true Key=Volume,Value=vol-0a9917560a4a8eb37 Key=Created,Value=1490815178
INSTANCE i-0900f2c3ece4f73ce
INSTANCE NAME: abfinance_95569_app20
Tagging Snapshot snap-0babf67859228a813 with the following Tags: Key=CreatedBy,Value=ec2-automate-backup Key=InstanceId,Value=i-0900f2c3ece4f73ce Key=InstanceName,Value=abfinance_95569_app20 Key=PurgeAfterFE,Value=1493407178 Key=PurgeAllow,Value=true Key=Volume,Value=vol-06a26fc47d6b71ffd Key=Created,Value=1490815178
INSTANCE i-0900f2c3ece4f73ce
INSTANCE NAME: abfinance_95569_app20
Tagging Snapshot snap-0377b98a4e857b03d with the following Tags: Key=CreatedBy,Value=ec2-automate-backup Key=InstanceId,Value=i-0900f2c3ece4f73ce Key=InstanceName,Value=abfinance_95569_app20 Key=PurgeAfterFE,Value=1493407178 Key=PurgeAllow,Value=true Key=Volume,Value=vol-02e3078096ec01da3 Key=Created,Value=1490815178
INSTANCE i-0de1db820b03e1279
INSTANCE NAME: abfinance_95569_app22
Tagging Snapshot snap-021b213f38e492801 with the following Tags: Key=CreatedBy,Value=ec2-automate-backup Key=InstanceId,Value=i-0de1db820b03e1279 Key=InstanceName,Value=abfinance_95569_app22 Key=PurgeAfterFE,Value=1493407178 Key=PurgeAllow,Value=true Key=Volume,Value=vol-0d5d8a4619da19822 Key=Created,Value=1490815178
INSTANCE i-0c2bf96cb75ee7b5c
INSTANCE NAME: abfinance_95569_app18
Tagging Snapshot snap-0c55d9273a4680fdd with the following Tags: Key=CreatedBy,Value=ec2-automate-backup Key=InstanceId,Value=i-0c2bf96cb75ee7b5c Key=InstanceName,Value=abfinance_95569_app18 Key=PurgeAfterFE,Value=1493407178 Key=PurgeAllow,Value=true Key=Volume,Value=vol-08f0c891fcb55d86a Key=Created,Value=1490815178
INSTANCE i-09bf358be6daff2b8
INSTANCE NAME: abfinance_95569_app26
Tagging Snapshot snap-03b7e9be02b29d2f3 with the following Tags: Key=CreatedBy,Value=ec2-automate-backup Key=InstanceId,Value=i-09bf358be6daff2b8 Key=InstanceName,Value=abfinance_95569_app26 Key=PurgeAfterFE,Value=1493407178 Key=PurgeAllow,Value=true Key=Volume,Value=vol-01783b38ab8d40039 Key=Created,Value=1490815178
INSTANCE i-03ab34c05dc4f22aa
INSTANCE NAME: abfinance_95569_app24
Tagging Snapshot snap-0b8ca203ab16cf0f9 with the following Tags: Key=CreatedBy,Value=ec2-automate-backup Key=InstanceId,Value=i-03ab34c05dc4f22aa Key=InstanceName,Value=abfinance_95569_app24 Key=PurgeAfterFE,Value=1493407178 Key=PurgeAllow,Value=true Key=Volume,Value=vol-038fb96ae65962d50 Key=Created,Value=1490815178
INSTANCE i-09bf358be6daff2b8
INSTANCE NAME: abfinance_95569_app26
Tagging Snapshot snap-0a2e1c7cc011d7f9d with the following Tags: Key=CreatedBy,Value=ec2-automate-backup Key=InstanceId,Value=i-09bf358be6daff2b8 Key=InstanceName,Value=abfinance_95569_app26 Key=PurgeAfterFE,Value=1493407178 Key=PurgeAllow,Value=true Key=Volume,Value=vol-04b2fa5fca10f2430 Key=Created,Value=1490815178
INSTANCE i-0274c175451fa7094
INSTANCE NAME: abfinance_95569_app08
Tagging Snapshot snap-0ead1de28ef8dc490 with the following Tags: Key=CreatedBy,Value=ec2-automate-backup Key=InstanceId,Value=i-0274c175451fa7094 Key=InstanceName,Value=abfinance_95569_app08 Key=PurgeAfterFE,Value=1493407178 Key=PurgeAllow,Value=true Key=Volume,Value=vol-0c72a7d64241a776c Key=Created,Value=1490815178
INSTANCE i-0c1125d6758d322b7
INSTANCE NAME: abfinance_95569_app06
Tagging Snapshot snap-0f02fec075083149e with the following Tags: Key=CreatedBy,Value=ec2-automate-backup Key=InstanceId,Value=i-0c1125d6758d322b7 Key=InstanceName,Value=abfinance_95569_app06 Key=PurgeAfterFE,Value=1493407178 Key=PurgeAllow,Value=true Key=Volume,Value=vol-091917e30fd32e67a Key=Created,Value=1490815178
INSTANCE i-0bf78d14e8b0eaf1e
INSTANCE NAME: abfinance_95569_app30
Tagging Snapshot snap-0e15321c13fc8687b with the following Tags: Key=CreatedBy,Value=ec2-automate-backup Key=InstanceId,Value=i-0bf78d14e8b0eaf1e Key=InstanceName,Value=abfinance_95569_app30 Key=PurgeAfterFE,Value=1493407178 Key=PurgeAllow,Value=true Key=Volume,Value=vol-028a6f552c7c9efe4 Key=Created,Value=1490815178
INSTANCE i-0c1125d6758d322b7
INSTANCE NAME: abfinance_95569_app06
Tagging Snapshot snap-0f7538543978fdc7c with the following Tags: Key=CreatedBy,Value=ec2-automate-backup Key=InstanceId,Value=i-0c1125d6758d322b7 Key=InstanceName,Value=abfinance_95569_app06 Key=PurgeAfterFE,Value=1493407178 Key=PurgeAllow,Value=true Key=Volume,Value=vol-0ba5d36c9573518b5 Key=Created,Value=1490815178
INSTANCE i-0bf78d14e8b0eaf1e
INSTANCE NAME: abfinance_95569_app30
Tagging Snapshot snap-0f5e065c3975424fd with the following Tags: Key=CreatedBy,Value=ec2-automate-backup Key=InstanceId,Value=i-0bf78d14e8b0eaf1e Key=InstanceName,Value=abfinance_95569_app30 Key=PurgeAfterFE,Value=1493407178 Key=PurgeAllow,Value=true Key=Volume,Value=vol-096964d6c38daa9c9 Key=Created,Value=1490815178
INSTANCE i-0274c175451fa7094
INSTANCE NAME: abfinance_95569_app08
Tagging Snapshot snap-0b9770d97acdbea3d with the following Tags: Key=CreatedBy,Value=ec2-automate-backup Key=InstanceId,Value=i-0274c175451fa7094 Key=InstanceName,Value=abfinance_95569_app08 Key=PurgeAfterFE,Value=1493407178 Key=PurgeAllow,Value=true Key=Volume,Value=vol-09f82518fd6c90b2b Key=Created,Value=1490815178
INSTANCE i-00649ffaac78d75cb
INSTANCE NAME: abfinance_95569_qyyxapp06
Tagging Snapshot snap-01b4baeefd02ce815 with the following Tags: Key=CreatedBy,Value=ec2-automate-backup Key=InstanceId,Value=i-00649ffaac78d75cb Key=InstanceName,Value=abfinance_95569_qyyxapp06 Key=PurgeAfterFE,Value=1493407178 Key=PurgeAllow,Value=true Key=Volume,Value=vol-04ad9f8946e08f89c Key=Created,Value=1490815178
INSTANCE i-00649ffaac78d75cb
INSTANCE NAME: abfinance_95569_qyyxapp06
Tagging Snapshot snap-0a8759a75de3c3e14 with the following Tags: Key=CreatedBy,Value=ec2-automate-backup Key=InstanceId,Value=i-00649ffaac78d75cb Key=InstanceName,Value=abfinance_95569_qyyxapp06 Key=PurgeAfterFE,Value=1493407178 Key=PurgeAllow,Value=true Key=Volume,Value=vol-0807f8fea0f547086 Key=Created,Value=1490815178
INSTANCE i-0b62ae29318f2ff8b
INSTANCE NAME: abfinance_95569_qyyxapp02
Tagging Snapshot snap-0ead20e07031035de with the following Tags: Key=CreatedBy,Value=ec2-automate-backup Key=InstanceId,Value=i-0b62ae29318f2ff8b Key=InstanceName,Value=abfinance_95569_qyyxapp02 Key=PurgeAfterFE,Value=1493407178 Key=PurgeAllow,Value=true Key=Volume,Value=vol-03ecd9464fd1c5d05 Key=Created,Value=1490815178
INSTANCE i-0b62ae29318f2ff8b
INSTANCE NAME: abfinance_95569_qyyxapp02
Tagging Snapshot snap-0edf55efbe5b6d521 with the following Tags: Key=CreatedBy,Value=ec2-automate-backup Key=InstanceId,Value=i-0b62ae29318f2ff8b Key=InstanceName,Value=abfinance_95569_qyyxapp02 Key=PurgeAfterFE,Value=1493407178 Key=PurgeAllow,Value=true Key=Volume,Value=vol-007d93d5c3db29799 Key=Created,Value=1490815178
INSTANCE i-0792c4456f9092988
INSTANCE NAME: abfinance_95569_qyyxapp08
Tagging Snapshot snap-04d66a72a1ac98b9d with the following Tags: Key=CreatedBy,Value=ec2-automate-backup Key=InstanceId,Value=i-0792c4456f9092988 Key=InstanceName,Value=abfinance_95569_qyyxapp08 Key=PurgeAfterFE,Value=1493407178 Key=PurgeAllow,Value=true Key=Volume,Value=vol-045f338712882182b Key=Created,Value=1490815178
INSTANCE i-0792c4456f9092988
INSTANCE NAME: abfinance_95569_qyyxapp08
Tagging Snapshot snap-08ec0e07d670bfe77 with the following Tags: Key=CreatedBy,Value=ec2-automate-backup Key=InstanceId,Value=i-0792c4456f9092988 Key=InstanceName,Value=abfinance_95569_qyyxapp08 Key=PurgeAfterFE,Value=1493407178 Key=PurgeAllow,Value=true Key=Volume,Value=vol-0489d109134a1a195 Key=Created,Value=1490815178
INSTANCE i-0a035c9fe74e932da
INSTANCE NAME: abfinance_top20_ubuntu_app02
Tagging Snapshot snap-07291e7f117c8f1b4 with the following Tags: Key=CreatedBy,Value=ec2-automate-backup Key=InstanceId,Value=i-0a035c9fe74e932da Key=InstanceName,Value=abfinance_top20_ubuntu_app02 Key=PurgeAfterFE,Value=1493407178 Key=PurgeAllow,Value=true Key=Volume,Value=vol-0b7877736c90d5018 Key=Created,Value=1490815178
INSTANCE i-0d13fdd367f941029
INSTANCE NAME: abfinance_top20_ubuntu_app04
Tagging Snapshot snap-0e460cbf8650a4072 with the following Tags: Key=CreatedBy,Value=ec2-automate-backup Key=InstanceId,Value=i-0d13fdd367f941029 Key=InstanceName,Value=abfinance_top20_ubuntu_app04 Key=PurgeAfterFE,Value=1493407178 Key=PurgeAllow,Value=true Key=Volume,Value=vol-0b1860b6a86d65c3c Key=Created,Value=1490815178
INSTANCE i-0a035c9fe74e932da
INSTANCE NAME: abfinance_top20_ubuntu_app02
Tagging Snapshot snap-004d5758dd99c32a3 with the following Tags: Key=CreatedBy,Value=ec2-automate-backup Key=InstanceId,Value=i-0a035c9fe74e932da Key=InstanceName,Value=abfinance_top20_ubuntu_app02 Key=PurgeAfterFE,Value=1493407178 Key=PurgeAllow,Value=true Key=Volume,Value=vol-06d971d61dc6ec5d0 Key=Created,Value=1490815178
INSTANCE i-0d13fdd367f941029
INSTANCE NAME: abfinance_top20_ubuntu_app04
Tagging Snapshot snap-08f7341e1b5516997 with the following Tags: Key=CreatedBy,Value=ec2-automate-backup Key=InstanceId,Value=i-0d13fdd367f941029 Key=InstanceName,Value=abfinance_top20_ubuntu_app04 Key=PurgeAfterFE,Value=1493407178 Key=PurgeAllow,Value=true Key=Volume,Value=vol-0c99c2848d6180dad Key=Created,Value=1490815178
INSTANCE i-0d13fdd367f941029
INSTANCE NAME: abfinance_top20_ubuntu_app04
Tagging Snapshot snap-0b9683be74bbeb43a with the following Tags: Key=CreatedBy,Value=ec2-automate-backup Key=InstanceId,Value=i-0d13fdd367f941029 Key=InstanceName,Value=abfinance_top20_ubuntu_app04 Key=PurgeAfterFE,Value=1493407178 Key=PurgeAllow,Value=true Key=Volume,Value=vol-05552e316d7c4fca7 Key=Created,Value=1490815178
INSTANCE i-0a035c9fe74e932da
INSTANCE NAME: abfinance_top20_ubuntu_app02
Tagging Snapshot snap-0d60061c9e443ae89 with the following Tags: Key=CreatedBy,Value=ec2-automate-backup Key=InstanceId,Value=i-0a035c9fe74e932da Key=InstanceName,Value=abfinance_top20_ubuntu_app02 Key=PurgeAfterFE,Value=1493407178 Key=PurgeAllow,Value=true Key=Volume,Value=vol-086b4833a3e624834 Key=Created,Value=1490815178
INSTANCE i-0d13fdd367f941029
INSTANCE NAME: abfinance_top20_ubuntu_app04
Tagging Snapshot snap-003ff4ec1ce47dd46 with the following Tags: Key=CreatedBy,Value=ec2-automate-backup Key=InstanceId,Value=i-0d13fdd367f941029 Key=InstanceName,Value=abfinance_top20_ubuntu_app04 Key=PurgeAfterFE,Value=1493407178 Key=PurgeAllow,Value=true Key=Volume,Value=vol-0237e004eeed33603 Key=Created,Value=1490815178
INSTANCE i-02c96aa526459387c
INSTANCE NAME: abfinance_top20_ubuntu_db02
Tagging Snapshot snap-0a8c46d5344a2c2c6 with the following Tags: Key=CreatedBy,Value=ec2-automate-backup Key=InstanceId,Value=i-02c96aa526459387c Key=InstanceName,Value=abfinance_top20_ubuntu_db02 Key=PurgeAfterFE,Value=1493407178 Key=PurgeAllow,Value=true Key=Volume,Value=vol-0adeb8ce9288cb9f0 Key=Created,Value=1490815178
INSTANCE i-02c96aa526459387c
INSTANCE NAME: abfinance_top20_ubuntu_db02
Tagging Snapshot snap-0ced676515795a3f0 with the following Tags: Key=CreatedBy,Value=ec2-automate-backup Key=InstanceId,Value=i-02c96aa526459387c Key=InstanceName,Value=abfinance_top20_ubuntu_db02 Key=PurgeAfterFE,Value=1493407178 Key=PurgeAllow,Value=true Key=Volume,Value=vol-0f91ffb6f9ff57fe9 Key=Created,Value=1490815178
INSTANCE i-02c96aa526459387c
INSTANCE NAME: abfinance_top20_ubuntu_db02
Tagging Snapshot snap-0d2c1361d07f5a736 with the following Tags: Key=CreatedBy,Value=ec2-automate-backup Key=InstanceId,Value=i-02c96aa526459387c Key=InstanceName,Value=abfinance_top20_ubuntu_db02 Key=PurgeAfterFE,Value=1493407178 Key=PurgeAllow,Value=true Key=Volume,Value=vol-0e507dfbbde31e579 Key=Created,Value=1490815178
INSTANCE i-02c96aa526459387c
INSTANCE NAME: abfinance_top20_ubuntu_db02
Tagging Snapshot snap-0d26b02d046b83208 with the following Tags: Key=CreatedBy,Value=ec2-automate-backup Key=InstanceId,Value=i-02c96aa526459387c Key=InstanceName,Value=abfinance_top20_ubuntu_db02 Key=PurgeAfterFE,Value=1493407178 Key=PurgeAllow,Value=true Key=Volume,Value=vol-0c9c555e321cb7fb5 Key=Created,Value=1490815178
INSTANCE i-02c96aa526459387c
INSTANCE NAME: abfinance_top20_ubuntu_db02
Tagging Snapshot snap-0f101fbb5633b520e with the following Tags: Key=CreatedBy,Value=ec2-automate-backup Key=InstanceId,Value=i-02c96aa526459387c Key=InstanceName,Value=abfinance_top20_ubuntu_db02 Key=PurgeAfterFE,Value=1493407178 Key=PurgeAllow,Value=true Key=Volume,Value=vol-0a171db3d35833a82 Key=Created,Value=1490815178
INSTANCE i-0146762d86a3f8d50
INSTANCE NAME: abfinance_lcb_production02
Tagging Snapshot snap-0fe36c8c03a39b866 with the following Tags: Key=CreatedBy,Value=ec2-automate-backup Key=InstanceId,Value=i-0146762d86a3f8d50 Key=InstanceName,Value=abfinance_lcb_production02 Key=PurgeAfterFE,Value=1493407178 Key=PurgeAllow,Value=true Key=Volume,Value=vol-0fea562fe447a3f76 Key=Created,Value=1490815178
INSTANCE i-0146762d86a3f8d50
INSTANCE NAME: abfinance_lcb_production02
Tagging Snapshot snap-0bb1eb2036f2f02ff with the following Tags: Key=CreatedBy,Value=ec2-automate-backup Key=InstanceId,Value=i-0146762d86a3f8d50 Key=InstanceName,Value=abfinance_lcb_production02 Key=PurgeAfterFE,Value=1493407178 Key=PurgeAllow,Value=true Key=Volume,Value=vol-0782f08cb6f6c839c Key=Created,Value=1490815178
INSTANCE i-0c9c05c95fadfa579
INSTANCE NAME: abfinance_lcb_webview02
Tagging Snapshot snap-0e0410985c4a39a57 with the following Tags: Key=CreatedBy,Value=ec2-automate-backup Key=InstanceId,Value=i-0c9c05c95fadfa579 Key=InstanceName,Value=abfinance_lcb_webview02 Key=PurgeAfterFE,Value=1493407178 Key=PurgeAllow,Value=true Key=Volume,Value=vol-093a7b55a620d4e21 Key=Created,Value=1490815178
INSTANCE i-0ddb468f7fcf6e0df
INSTANCE NAME: abfinance_lcb_sales02
Tagging Snapshot snap-05089fa082fabf737 with the following Tags: Key=CreatedBy,Value=ec2-automate-backup Key=InstanceId,Value=i-0ddb468f7fcf6e0df Key=InstanceName,Value=abfinance_lcb_sales02 Key=PurgeAfterFE,Value=1493407178 Key=PurgeAllow,Value=true Key=Volume,Value=vol-0fad69a30ba7bce0d Key=Created,Value=1490815178
INSTANCE i-0ddb468f7fcf6e0df
INSTANCE NAME: abfinance_lcb_sales02
Tagging Snapshot snap-098544096f85d9652 with the following Tags: Key=CreatedBy,Value=ec2-automate-backup Key=InstanceId,Value=i-0ddb468f7fcf6e0df Key=InstanceName,Value=abfinance_lcb_sales02 Key=PurgeAfterFE,Value=1493407178 Key=PurgeAllow,Value=true Key=Volume,Value=vol-045ed94c459ff8b7f Key=Created,Value=1490815178
INSTANCE i-0b4be2bbf8b348d64
INSTANCE NAME: abfinance_lcb_webview04
Tagging Snapshot snap-081518f30d9575b24 with the following Tags: Key=CreatedBy,Value=ec2-automate-backup Key=InstanceId,Value=i-0b4be2bbf8b348d64 Key=InstanceName,Value=abfinance_lcb_webview04 Key=PurgeAfterFE,Value=1493407178 Key=PurgeAllow,Value=true Key=Volume,Value=vol-028cbc9a0070f9b88 Key=Created,Value=1490815178
INSTANCE i-0c9c05c95fadfa579
INSTANCE NAME: abfinance_lcb_webview02
Tagging Snapshot snap-0b775b34fdf145ff1 with the following Tags: Key=CreatedBy,Value=ec2-automate-backup Key=InstanceId,Value=i-0c9c05c95fadfa579 Key=InstanceName,Value=abfinance_lcb_webview02 Key=PurgeAfterFE,Value=1493407178 Key=PurgeAllow,Value=true Key=Volume,Value=vol-0c28572672b1f140b Key=Created,Value=1490815178
INSTANCE i-0b4be2bbf8b348d64
INSTANCE NAME: abfinance_lcb_webview04
Tagging Snapshot snap-01dfa5792368970d5 with the following Tags: Key=CreatedBy,Value=ec2-automate-backup Key=InstanceId,Value=i-0b4be2bbf8b348d64 Key=InstanceName,Value=abfinance_lcb_webview04 Key=PurgeAfterFE,Value=1493407178 Key=PurgeAllow,Value=true Key=Volume,Value=vol-0f31367a3565de9bf Key=Created,Value=1490815178
INSTANCE i-014a452a01f729a81
INSTANCE NAME: abfinance_nat02
Tagging Snapshot snap-00dfbb513837e7f9c with the following Tags: Key=CreatedBy,Value=ec2-automate-backup Key=InstanceId,Value=i-014a452a01f729a81 Key=InstanceName,Value=abfinance_nat02 Key=PurgeAfterFE,Value=1493407178 Key=PurgeAllow,Value=true Key=Volume,Value=vol-0122877394ee0d073 Key=Created,Value=1490815178
INSTANCE i-014a452a01f729a81
INSTANCE NAME: abfinance_nat02
Tagging Snapshot snap-0a38af19f18bea2a5 with the following Tags: Key=CreatedBy,Value=ec2-automate-backup Key=InstanceId,Value=i-014a452a01f729a81 Key=InstanceName,Value=abfinance_nat02 Key=PurgeAfterFE,Value=1493407178 Key=PurgeAllow,Value=true Key=Volume,Value=vol-0eb3627979069db71 Key=Created,Value=1490815178
INSTANCE i-0ee80a69b4f45c60e
INSTANCE NAME: abfinance_waf02
Tagging Snapshot snap-0aa46a9feee67d48b with the following Tags: Key=CreatedBy,Value=ec2-automate-backup Key=InstanceId,Value=i-0ee80a69b4f45c60e Key=InstanceName,Value=abfinance_waf02 Key=PurgeAfterFE,Value=1493407178 Key=PurgeAllow,Value=true Key=Volume,Value=vol-042db02546c7bbc0f Key=Created,Value=1490815178
INSTANCE i-0ee80a69b4f45c60e
INSTANCE NAME: abfinance_waf02
Tagging Snapshot snap-00be6246a4d2b8e1a with the following Tags: Key=CreatedBy,Value=ec2-automate-backup Key=InstanceId,Value=i-0ee80a69b4f45c60e Key=InstanceName,Value=abfinance_waf02 Key=PurgeAfterFE,Value=1493407178 Key=PurgeAllow,Value=true Key=Volume,Value=vol-0b023adea7ec39f41 Key=Created,Value=1490815178
INSTANCE i-0ee80a69b4f45c60e
INSTANCE NAME: abfinance_waf02
Tagging Snapshot snap-0c44fc64b3d216a4e with the following Tags: Key=CreatedBy,Value=ec2-automate-backup Key=InstanceId,Value=i-0ee80a69b4f45c60e Key=InstanceName,Value=abfinance_waf02 Key=PurgeAfterFE,Value=1493407178 Key=PurgeAllow,Value=true Key=Volume,Value=vol-02480e8655b6a38b6 Key=Created,Value=1490815178
INSTANCE i-0a035c9fe74e932da
INSTANCE NAME: abfinance_top20_ubuntu_app02
Tagging Snapshot snap-06e76ceb30cf97b3b with the following Tags: Key=CreatedBy,Value=ec2-automate-backup Key=InstanceId,Value=i-0a035c9fe74e932da Key=InstanceName,Value=abfinance_top20_ubuntu_app02 Key=PurgeAfterFE,Value=1493407178 Key=PurgeAllow,Value=true Key=Volume,Value=vol-0833a0ce5b2b225bf Key=Created,Value=1490815178
INSTANCE i-0e7b41ca87688f980
INSTANCE NAME: abfinance_95569_appcl04
Tagging Snapshot snap-0fe0ddfaf4994c62c with the following Tags: Key=CreatedBy,Value=ec2-automate-backup Key=InstanceId,Value=i-0e7b41ca87688f980 Key=InstanceName,Value=abfinance_95569_appcl04 Key=PurgeAfterFE,Value=1493407178 Key=PurgeAllow,Value=true Key=Volume,Value=vol-09962699c969ead77 Key=Created,Value=1490815178
INSTANCE i-00a8d0c18aa729b40
INSTANCE NAME: abfinance_95569_appcl02
Tagging Snapshot snap-0df076724e7435bdb with the following Tags: Key=CreatedBy,Value=ec2-automate-backup Key=InstanceId,Value=i-00a8d0c18aa729b40 Key=InstanceName,Value=abfinance_95569_appcl02 Key=PurgeAfterFE,Value=1493407178 Key=PurgeAllow,Value=true Key=Volume,Value=vol-0e1b1051e7f20c3af Key=Created,Value=1490815178
INSTANCE i-04231f43893c2cbce
INSTANCE NAME: abfinance_95569_appcl06
Tagging Snapshot snap-0538eda61d219d4ad with the following Tags: Key=CreatedBy,Value=ec2-automate-backup Key=InstanceId,Value=i-04231f43893c2cbce Key=InstanceName,Value=abfinance_95569_appcl06 Key=PurgeAfterFE,Value=1493407178 Key=PurgeAllow,Value=true Key=Volume,Value=vol-085a1ef336f7f37d6 Key=Created,Value=1490815178
INSTANCE i-0b1524c7e08ea3c00
INSTANCE NAME: abfinance_95569_appcl08
Tagging Snapshot snap-0035fa6be59ce116c with the following Tags: Key=CreatedBy,Value=ec2-automate-backup Key=InstanceId,Value=i-0b1524c7e08ea3c00 Key=InstanceName,Value=abfinance_95569_appcl08 Key=PurgeAfterFE,Value=1493407178 Key=PurgeAllow,Value=true Key=Volume,Value=vol-0fcddf0f0e57da7e4 Key=Created,Value=1490815178
INSTANCE i-00a8d0c18aa729b40
INSTANCE NAME: abfinance_95569_appcl02
Tagging Snapshot snap-064c10b57daa2f2c6 with the following Tags: Key=CreatedBy,Value=ec2-automate-backup Key=InstanceId,Value=i-00a8d0c18aa729b40 Key=InstanceName,Value=abfinance_95569_appcl02 Key=PurgeAfterFE,Value=1493407178 Key=PurgeAllow,Value=true Key=Volume,Value=vol-075d9ef6aede855d6 Key=Created,Value=1490815178
INSTANCE i-04231f43893c2cbce
INSTANCE NAME: abfinance_95569_appcl06
Tagging Snapshot snap-076bd1bf157873b41 with the following Tags: Key=CreatedBy,Value=ec2-automate-backup Key=InstanceId,Value=i-04231f43893c2cbce Key=InstanceName,Value=abfinance_95569_appcl06 Key=PurgeAfterFE,Value=1493407178 Key=PurgeAllow,Value=true Key=Volume,Value=vol-0ccee881fd83794ed Key=Created,Value=1490815178
INSTANCE i-0b1524c7e08ea3c00
INSTANCE NAME: abfinance_95569_appcl08
Tagging Snapshot snap-001d1672da50306dd with the following Tags: Key=CreatedBy,Value=ec2-automate-backup Key=InstanceId,Value=i-0b1524c7e08ea3c00 Key=InstanceName,Value=abfinance_95569_appcl08 Key=PurgeAfterFE,Value=1493407178 Key=PurgeAllow,Value=true Key=Volume,Value=vol-093abd967cc7d7974 Key=Created,Value=1490815178
INSTANCE i-0e7b41ca87688f980
INSTANCE NAME: abfinance_95569_appcl04
Tagging Snapshot snap-058a1206e40aa7f1f with the following Tags: Key=CreatedBy,Value=ec2-automate-backup Key=InstanceId,Value=i-0e7b41ca87688f980 Key=InstanceName,Value=abfinance_95569_appcl04 Key=PurgeAfterFE,Value=1493407178 Key=PurgeAllow,Value=true Key=Volume,Value=vol-0e39f2b3cde217b99 Key=Created,Value=1490815178
INSTANCE i-07a3a15c9f6feeb46
INSTANCE NAME: test_abfinance_nat02
Tagging Snapshot snap-04d4960b0e4243f1b with the following Tags: Key=CreatedBy,Value=ec2-automate-backup Key=InstanceId,Value=i-07a3a15c9f6feeb46 Key=InstanceName,Value=test_abfinance_nat02 Key=PurgeAfterFE,Value=1493407178 Key=PurgeAllow,Value=true Key=Volume,Value=vol-01ab7d41e5b31850a Key=Created,Value=1490815178
INSTANCE i-07a3a15c9f6feeb46
INSTANCE NAME: test_abfinance_nat02
Tagging Snapshot snap-04d9f1f3df72684ff with the following Tags: Key=CreatedBy,Value=ec2-automate-backup Key=InstanceId,Value=i-07a3a15c9f6feeb46 Key=InstanceName,Value=test_abfinance_nat02 Key=PurgeAfterFE,Value=1493407178 Key=PurgeAllow,Value=true Key=Volume,Value=vol-0d82762847b8c1626 Key=Created,Value=1490815178
INSTANCE i-0961c1eaf8cb6e3e2
INSTANCE NAME: abfinance_top20_ubuntu_app07
Tagging Snapshot snap-06c0fe2c7114ba889 with the following Tags: Key=CreatedBy,Value=ec2-automate-backup Key=InstanceId,Value=i-0961c1eaf8cb6e3e2 Key=InstanceName,Value=abfinance_top20_ubuntu_app07 Key=PurgeAfterFE,Value=1493407178 Key=PurgeAllow,Value=true Key=Volume,Value=vol-01c97cbcabbffd2f6 Key=Created,Value=1490815178
INSTANCE i-08622f22307f9b3dc
INSTANCE NAME: abfinance_top20_ubuntu_app08
Tagging Snapshot snap-06dc95a677bfddf04 with the following Tags: Key=CreatedBy,Value=ec2-automate-backup Key=InstanceId,Value=i-08622f22307f9b3dc Key=InstanceName,Value=abfinance_top20_ubuntu_app08 Key=PurgeAfterFE,Value=1493407178 Key=PurgeAllow,Value=true Key=Volume,Value=vol-0007abc804d169613 Key=Created,Value=1490815178
INSTANCE i-0961c1eaf8cb6e3e2
INSTANCE NAME: abfinance_top20_ubuntu_app07
Tagging Snapshot snap-0ae63e791e8ed6c9c with the following Tags: Key=CreatedBy,Value=ec2-automate-backup Key=InstanceId,Value=i-0961c1eaf8cb6e3e2 Key=InstanceName,Value=abfinance_top20_ubuntu_app07 Key=PurgeAfterFE,Value=1493407178 Key=PurgeAllow,Value=true Key=Volume,Value=vol-0b0833a63623e27fd Key=Created,Value=1490815178
INSTANCE i-0961c1eaf8cb6e3e2
INSTANCE NAME: abfinance_top20_ubuntu_app07
Tagging Snapshot snap-0c8ed6ddfcf53212a with the following Tags: Key=CreatedBy,Value=ec2-automate-backup Key=InstanceId,Value=i-0961c1eaf8cb6e3e2 Key=InstanceName,Value=abfinance_top20_ubuntu_app07 Key=PurgeAfterFE,Value=1493407178 Key=PurgeAllow,Value=true Key=Volume,Value=vol-034ac121f027aee3d Key=Created,Value=1490815178
INSTANCE i-047407af8e70e5586
INSTANCE NAME: abfinance_top20_ubuntu_app09
Tagging Snapshot snap-0cf0661e911007bbc with the following Tags: Key=CreatedBy,Value=ec2-automate-backup Key=InstanceId,Value=i-047407af8e70e5586 Key=InstanceName,Value=abfinance_top20_ubuntu_app09 Key=PurgeAfterFE,Value=1493407178 Key=PurgeAllow,Value=true Key=Volume,Value=vol-020dc1f08a4d59a28 Key=Created,Value=1490815178
INSTANCE i-047407af8e70e5586
INSTANCE NAME: abfinance_top20_ubuntu_app09
Tagging Snapshot snap-0e244c6ec50341a4e with the following Tags: Key=CreatedBy,Value=ec2-automate-backup Key=InstanceId,Value=i-047407af8e70e5586 Key=InstanceName,Value=abfinance_top20_ubuntu_app09 Key=PurgeAfterFE,Value=1493407178 Key=PurgeAllow,Value=true Key=Volume,Value=vol-0661fcbcb7fca8736 Key=Created,Value=1490815178
INSTANCE i-08622f22307f9b3dc
INSTANCE NAME: abfinance_top20_ubuntu_app08
Tagging Snapshot snap-00b5218865b5ae4ad with the following Tags: Key=CreatedBy,Value=ec2-automate-backup Key=InstanceId,Value=i-08622f22307f9b3dc Key=InstanceName,Value=abfinance_top20_ubuntu_app08 Key=PurgeAfterFE,Value=1493407178 Key=PurgeAllow,Value=true Key=Volume,Value=vol-0e2d6cd9d5d987918 Key=Created,Value=1490815178
INSTANCE i-047407af8e70e5586
INSTANCE NAME: abfinance_top20_ubuntu_app09
Tagging Snapshot snap-0480ab51ea742d928 with the following Tags: Key=CreatedBy,Value=ec2-automate-backup Key=InstanceId,Value=i-047407af8e70e5586 Key=InstanceName,Value=abfinance_top20_ubuntu_app09 Key=PurgeAfterFE,Value=1493407178 Key=PurgeAllow,Value=true Key=Volume,Value=vol-034bf0cd673d73b04 Key=Created,Value=1490815178
INSTANCE i-0961c1eaf8cb6e3e2
INSTANCE NAME: abfinance_top20_ubuntu_app07
Tagging Snapshot snap-052ced5a229ac4d94 with the following Tags: Key=CreatedBy,Value=ec2-automate-backup Key=InstanceId,Value=i-0961c1eaf8cb6e3e2 Key=InstanceName,Value=abfinance_top20_ubuntu_app07 Key=PurgeAfterFE,Value=1493407178 Key=PurgeAllow,Value=true Key=Volume,Value=vol-014f16614cd6e4f09 Key=Created,Value=1490815178
INSTANCE i-08622f22307f9b3dc
INSTANCE NAME: abfinance_top20_ubuntu_app08
Tagging Snapshot snap-0c37e13b762c2d86a with the following Tags: Key=CreatedBy,Value=ec2-automate-backup Key=InstanceId,Value=i-08622f22307f9b3dc Key=InstanceName,Value=abfinance_top20_ubuntu_app08 Key=PurgeAfterFE,Value=1493407178 Key=PurgeAllow,Value=true Key=Volume,Value=vol-0e98d92b5a271e0c1 Key=Created,Value=1490815178
INSTANCE i-047407af8e70e5586
INSTANCE NAME: abfinance_top20_ubuntu_app09
Tagging Snapshot snap-02a85dcc2157c52bd with the following Tags: Key=CreatedBy,Value=ec2-automate-backup Key=InstanceId,Value=i-047407af8e70e5586 Key=InstanceName,Value=abfinance_top20_ubuntu_app09 Key=PurgeAfterFE,Value=1493407178 Key=PurgeAllow,Value=true Key=Volume,Value=vol-0fdd1c6ac89f46341 Key=Created,Value=1490815178
INSTANCE i-08622f22307f9b3dc
INSTANCE NAME: abfinance_top20_ubuntu_app08
Tagging Snapshot snap-0d41dbe71b223d748 with the following Tags: Key=CreatedBy,Value=ec2-automate-backup Key=InstanceId,Value=i-08622f22307f9b3dc Key=InstanceName,Value=abfinance_top20_ubuntu_app08 Key=PurgeAfterFE,Value=1493407178 Key=PurgeAllow,Value=true Key=Volume,Value=vol-09bb75d16f9d1bb61 Key=Created,Value=1490815178
INSTANCE i-0bcd22592948a3bc8
INSTANCE NAME: abfinance_95569_app141
Tagging Snapshot snap-06e60f6004d38b495 with the following Tags: Key=CreatedBy,Value=ec2-automate-backup Key=InstanceId,Value=i-0bcd22592948a3bc8 Key=InstanceName,Value=abfinance_95569_app141 Key=PurgeAfterFE,Value=1493407178 Key=PurgeAllow,Value=true Key=Volume,Value=vol-018e795cdbb9f839f Key=Created,Value=1490815178
INSTANCE i-0bcd22592948a3bc8
INSTANCE NAME: abfinance_95569_app141
Tagging Snapshot snap-0e931a10336ced10b with the following Tags: Key=CreatedBy,Value=ec2-automate-backup Key=InstanceId,Value=i-0bcd22592948a3bc8 Key=InstanceName,Value=abfinance_95569_app141 Key=PurgeAfterFE,Value=1493407178 Key=PurgeAllow,Value=true Key=Volume,Value=vol-086aba265d94e61b4 Key=Created,Value=1490815178
INSTANCE i-03b57928616a8d119
INSTANCE NAME: abfinance_95569_app11
Tagging Snapshot snap-0d59286f7adc0b7b3 with the following Tags: Key=CreatedBy,Value=ec2-automate-backup Key=InstanceId,Value=i-03b57928616a8d119 Key=InstanceName,Value=abfinance_95569_app11 Key=PurgeAfterFE,Value=1493407178 Key=PurgeAllow,Value=true Key=Volume,Value=vol-00a4d8cc657fd095f Key=Created,Value=1490815178
INSTANCE i-09c114c3c67ac2768
INSTANCE NAME: abfinance_95569_app15
Tagging Snapshot snap-09f71d2504a45597d with the following Tags: Key=CreatedBy,Value=ec2-automate-backup Key=InstanceId,Value=i-09c114c3c67ac2768 Key=InstanceName,Value=abfinance_95569_app15 Key=PurgeAfterFE,Value=1493407178 Key=PurgeAllow,Value=true Key=Volume,Value=vol-0dc2b205ff3e0db9f Key=Created,Value=1490815178
INSTANCE i-09c114c3c67ac2768
INSTANCE NAME: abfinance_95569_app15
Tagging Snapshot snap-0c26a9681de414758 with the following Tags: Key=CreatedBy,Value=ec2-automate-backup Key=InstanceId,Value=i-09c114c3c67ac2768 Key=InstanceName,Value=abfinance_95569_app15 Key=PurgeAfterFE,Value=1493407178 Key=PurgeAllow,Value=true Key=Volume,Value=vol-0603570eb189be1e3 Key=Created,Value=1490815178
INSTANCE i-0a5f15688eacd2e3e
INSTANCE NAME: abfinance_95569_app13
Tagging Snapshot snap-0679b14c6a8d898c8 with the following Tags: Key=CreatedBy,Value=ec2-automate-backup Key=InstanceId,Value=i-0a5f15688eacd2e3e Key=InstanceName,Value=abfinance_95569_app13 Key=PurgeAfterFE,Value=1493407178 Key=PurgeAllow,Value=true Key=Volume,Value=vol-02298d3eaf4ba7281 Key=Created,Value=1490815178
INSTANCE i-0a5f15688eacd2e3e
INSTANCE NAME: abfinance_95569_app13
Tagging Snapshot snap-06d0455d9f4052959 with the following Tags: Key=CreatedBy,Value=ec2-automate-backup Key=InstanceId,Value=i-0a5f15688eacd2e3e Key=InstanceName,Value=abfinance_95569_app13 Key=PurgeAfterFE,Value=1493407178 Key=PurgeAllow,Value=true Key=Volume,Value=vol-0785e6333055e6365 Key=Created,Value=1490815178
INSTANCE i-0f0c674e5b6788a2c
INSTANCE NAME: abfinance_95569_app19
Tagging Snapshot snap-09ef6d5f93da44d97 with the following Tags: Key=CreatedBy,Value=ec2-automate-backup Key=InstanceId,Value=i-0f0c674e5b6788a2c Key=InstanceName,Value=abfinance_95569_app19 Key=PurgeAfterFE,Value=1493407178 Key=PurgeAllow,Value=true Key=Volume,Value=vol-06b68df3e57d2e58d Key=Created,Value=1490815178
INSTANCE i-0f0c674e5b6788a2c
INSTANCE NAME: abfinance_95569_app19
Tagging Snapshot snap-03b2c461e3957e585 with the following Tags: Key=CreatedBy,Value=ec2-automate-backup Key=InstanceId,Value=i-0f0c674e5b6788a2c Key=InstanceName,Value=abfinance_95569_app19 Key=PurgeAfterFE,Value=1493407178 Key=PurgeAllow,Value=true Key=Volume,Value=vol-0851a9c76d4ea078c Key=Created,Value=1490815178
INSTANCE i-0a411a0ef749f4cf1
INSTANCE NAME: abfinance_95569_app21
Tagging Snapshot snap-0f239db4bc9c13811 with the following Tags: Key=CreatedBy,Value=ec2-automate-backup Key=InstanceId,Value=i-0a411a0ef749f4cf1 Key=InstanceName,Value=abfinance_95569_app21 Key=PurgeAfterFE,Value=1493407178 Key=PurgeAllow,Value=true Key=Volume,Value=vol-0c3d605f9052074d8 Key=Created,Value=1490815178
INSTANCE i-0a411a0ef749f4cf1
INSTANCE NAME: abfinance_95569_app21
Tagging Snapshot snap-0e235568592c6c513 with the following Tags: Key=CreatedBy,Value=ec2-automate-backup Key=InstanceId,Value=i-0a411a0ef749f4cf1 Key=InstanceName,Value=abfinance_95569_app21 Key=PurgeAfterFE,Value=1493407178 Key=PurgeAllow,Value=true Key=Volume,Value=vol-0310bf0152a386a1f Key=Created,Value=1490815178
INSTANCE i-0d5e1e43bf386d202
INSTANCE NAME: abfinance_95569_app23
Tagging Snapshot snap-0dcb5a27d560a3607 with the following Tags: Key=CreatedBy,Value=ec2-automate-backup Key=InstanceId,Value=i-0d5e1e43bf386d202 Key=InstanceName,Value=abfinance_95569_app23 Key=PurgeAfterFE,Value=1493407178 Key=PurgeAllow,Value=true Key=Volume,Value=vol-0f81b4a366156ec4e Key=Created,Value=1490815178
INSTANCE i-0d5e1e43bf386d202
INSTANCE NAME: abfinance_95569_app23
Tagging Snapshot snap-07afeeef0a8a787ab with the following Tags: Key=CreatedBy,Value=ec2-automate-backup Key=InstanceId,Value=i-0d5e1e43bf386d202 Key=InstanceName,Value=abfinance_95569_app23 Key=PurgeAfterFE,Value=1493407178 Key=PurgeAllow,Value=true Key=Volume,Value=vol-0111d7f26ad53c4cb Key=Created,Value=1490815178
INSTANCE i-0eb8007a14e67dab2
INSTANCE NAME: abfinance_95569_app27
Tagging Snapshot snap-0aeafce54ff9b07cb with the following Tags: Key=CreatedBy,Value=ec2-automate-backup Key=InstanceId,Value=i-0eb8007a14e67dab2 Key=InstanceName,Value=abfinance_95569_app27 Key=PurgeAfterFE,Value=1493407178 Key=PurgeAllow,Value=true Key=Volume,Value=vol-03525070f4c814961 Key=Created,Value=1490815178
INSTANCE i-07edbc122c6a6ac80
INSTANCE NAME: abfinance_95569_app17
Tagging Snapshot snap-086c681b8b8adb60a with the following Tags: Key=CreatedBy,Value=ec2-automate-backup Key=InstanceId,Value=i-07edbc122c6a6ac80 Key=InstanceName,Value=abfinance_95569_app17 Key=PurgeAfterFE,Value=1493407178 Key=PurgeAllow,Value=true Key=Volume,Value=vol-04e6264745822f286 Key=Created,Value=1490815178
INSTANCE i-03b57928616a8d119
INSTANCE NAME: abfinance_95569_app11
Tagging Snapshot snap-0c89255621027a480 with the following Tags: Key=CreatedBy,Value=ec2-automate-backup Key=InstanceId,Value=i-03b57928616a8d119 Key=InstanceName,Value=abfinance_95569_app11 Key=PurgeAfterFE,Value=1493407178 Key=PurgeAllow,Value=true Key=Volume,Value=vol-004d8faa59c222aa5 Key=Created,Value=1490815178
INSTANCE i-07edbc122c6a6ac80
INSTANCE NAME: abfinance_95569_app17
Tagging Snapshot snap-0bc1ad050f51af7d7 with the following Tags: Key=CreatedBy,Value=ec2-automate-backup Key=InstanceId,Value=i-07edbc122c6a6ac80 Key=InstanceName,Value=abfinance_95569_app17 Key=PurgeAfterFE,Value=1493407178 Key=PurgeAllow,Value=true Key=Volume,Value=vol-01b2522c2d2534299 Key=Created,Value=1490815178
INSTANCE i-07728f7b5bfbf498e
INSTANCE NAME: abfinance_95569_app25
Tagging Snapshot snap-0164d0ce71d2946eb with the following Tags: Key=CreatedBy,Value=ec2-automate-backup Key=InstanceId,Value=i-07728f7b5bfbf498e Key=InstanceName,Value=abfinance_95569_app25 Key=PurgeAfterFE,Value=1493407178 Key=PurgeAllow,Value=true Key=Volume,Value=vol-04b5c2f0495b27c68 Key=Created,Value=1490815178
INSTANCE i-0eb8007a14e67dab2
INSTANCE NAME: abfinance_95569_app27
Tagging Snapshot snap-0e76fa09127efdc4b with the following Tags: Key=CreatedBy,Value=ec2-automate-backup Key=InstanceId,Value=i-0eb8007a14e67dab2 Key=InstanceName,Value=abfinance_95569_app27 Key=PurgeAfterFE,Value=1493407178 Key=PurgeAllow,Value=true Key=Volume,Value=vol-0dcf38ce3ae3a060a Key=Created,Value=1490815178
INSTANCE i-07728f7b5bfbf498e
INSTANCE NAME: abfinance_95569_app25
Tagging Snapshot snap-02927d428f7e2a31e with the following Tags: Key=CreatedBy,Value=ec2-automate-backup Key=InstanceId,Value=i-07728f7b5bfbf498e Key=InstanceName,Value=abfinance_95569_app25 Key=PurgeAfterFE,Value=1493407178 Key=PurgeAllow,Value=true Key=Volume,Value=vol-0200a88c02cfb804d Key=Created,Value=1490815178
INSTANCE i-0257be16b51727274
INSTANCE NAME: abfinance_95569_app01
Tagging Snapshot snap-0895966257cbbdb75 with the following Tags: Key=CreatedBy,Value=ec2-automate-backup Key=InstanceId,Value=i-0257be16b51727274 Key=InstanceName,Value=abfinance_95569_app01 Key=PurgeAfterFE,Value=1493407178 Key=PurgeAllow,Value=true Key=Volume,Value=vol-09653c9b7d7cc8b5a Key=Created,Value=1490815178
INSTANCE i-00737f9ceeaad86d1
INSTANCE NAME: abfinance_95569_app03
Tagging Snapshot snap-0126129954ebe26b6 with the following Tags: Key=CreatedBy,Value=ec2-automate-backup Key=InstanceId,Value=i-00737f9ceeaad86d1 Key=InstanceName,Value=abfinance_95569_app03 Key=PurgeAfterFE,Value=1493407178 Key=PurgeAllow,Value=true Key=Volume,Value=vol-0d4af25a0758d6113 Key=Created,Value=1490815178
INSTANCE i-00737f9ceeaad86d1
INSTANCE NAME: abfinance_95569_app03
Tagging Snapshot snap-007085944e11df94a with the following Tags: Key=CreatedBy,Value=ec2-automate-backup Key=InstanceId,Value=i-00737f9ceeaad86d1 Key=InstanceName,Value=abfinance_95569_app03 Key=PurgeAfterFE,Value=1493407178 Key=PurgeAllow,Value=true Key=Volume,Value=vol-08c55b678a9fff5df Key=Created,Value=1490815178
INSTANCE i-0723ff9b3e8e40be7
INSTANCE NAME: abfinance_95569_app37
Tagging Snapshot snap-043b06f591c1cd420 with the following Tags: Key=CreatedBy,Value=ec2-automate-backup Key=InstanceId,Value=i-0723ff9b3e8e40be7 Key=InstanceName,Value=abfinance_95569_app37 Key=PurgeAfterFE,Value=1493407178 Key=PurgeAllow,Value=true Key=Volume,Value=vol-0281762adebc253ea Key=Created,Value=1490815178
INSTANCE i-0257be16b51727274
INSTANCE NAME: abfinance_95569_app01
Tagging Snapshot snap-0ef82e85af23e2d46 with the following Tags: Key=CreatedBy,Value=ec2-automate-backup Key=InstanceId,Value=i-0257be16b51727274 Key=InstanceName,Value=abfinance_95569_app01 Key=PurgeAfterFE,Value=1493407178 Key=PurgeAllow,Value=true Key=Volume,Value=vol-0d8e0588b2630dc6f Key=Created,Value=1490815178
INSTANCE i-0723ff9b3e8e40be7
INSTANCE NAME: abfinance_95569_app37
Tagging Snapshot snap-0b530c333e9c5ece5 with the following Tags: Key=CreatedBy,Value=ec2-automate-backup Key=InstanceId,Value=i-0723ff9b3e8e40be7 Key=InstanceName,Value=abfinance_95569_app37 Key=PurgeAfterFE,Value=1493407178 Key=PurgeAllow,Value=true Key=Volume,Value=vol-0b7b3d56950413d9b Key=Created,Value=1490815178
INSTANCE i-0f705ab54239a1f52
INSTANCE NAME: abfinance_95569_qyyxapp05
Tagging Snapshot snap-036669882d824a1e1 with the following Tags: Key=CreatedBy,Value=ec2-automate-backup Key=InstanceId,Value=i-0f705ab54239a1f52 Key=InstanceName,Value=abfinance_95569_qyyxapp05 Key=PurgeAfterFE,Value=1493407178 Key=PurgeAllow,Value=true Key=Volume,Value=vol-09d6b1837b615adf0 Key=Created,Value=1490815178
INSTANCE i-04a60b0759f7eb2ac
INSTANCE NAME: abfinance_95569_qyyxapp01
Tagging Snapshot snap-00830284638fcfba7 with the following Tags: Key=CreatedBy,Value=ec2-automate-backup Key=InstanceId,Value=i-04a60b0759f7eb2ac Key=InstanceName,Value=abfinance_95569_qyyxapp01 Key=PurgeAfterFE,Value=1493407178 Key=PurgeAllow,Value=true Key=Volume,Value=vol-0ab00cc4b064066fb Key=Created,Value=1490815178
INSTANCE i-0f705ab54239a1f52
INSTANCE NAME: abfinance_95569_qyyxapp05
Tagging Snapshot snap-034ba93ef73e29683 with the following Tags: Key=CreatedBy,Value=ec2-automate-backup Key=InstanceId,Value=i-0f705ab54239a1f52 Key=InstanceName,Value=abfinance_95569_qyyxapp05 Key=PurgeAfterFE,Value=1493407178 Key=PurgeAllow,Value=true Key=Volume,Value=vol-0b8edb31bd17a1ded Key=Created,Value=1490815178
INSTANCE i-04a60b0759f7eb2ac
INSTANCE NAME: abfinance_95569_qyyxapp01
Tagging Snapshot snap-0def90ef1813ce324 with the following Tags: Key=CreatedBy,Value=ec2-automate-backup Key=InstanceId,Value=i-04a60b0759f7eb2ac Key=InstanceName,Value=abfinance_95569_qyyxapp01 Key=PurgeAfterFE,Value=1493407178 Key=PurgeAllow,Value=true Key=Volume,Value=vol-0966ecafbcd12b336 Key=Created,Value=1490815178
INSTANCE i-00a83f954cf74b49c
INSTANCE NAME: abfinance_top20_ubuntu_db01
Tagging Snapshot snap-0fbbea61d302214fe with the following Tags: Key=CreatedBy,Value=ec2-automate-backup Key=InstanceId,Value=i-00a83f954cf74b49c Key=InstanceName,Value=abfinance_top20_ubuntu_db01 Key=PurgeAfterFE,Value=1493407178 Key=PurgeAllow,Value=true Key=Volume,Value=vol-00650e414cf107b17 Key=Created,Value=1490815178
INSTANCE i-0c216734d128c6375
INSTANCE NAME: abfinance_top20_ubuntu_app03
Tagging Snapshot snap-0a38962ead721db92 with the following Tags: Key=CreatedBy,Value=ec2-automate-backup Key=InstanceId,Value=i-0c216734d128c6375 Key=InstanceName,Value=abfinance_top20_ubuntu_app03 Key=PurgeAfterFE,Value=1493407178 Key=PurgeAllow,Value=true Key=Volume,Value=vol-0f763f4259c95c9b5 Key=Created,Value=1490815178
INSTANCE i-0c216734d128c6375
INSTANCE NAME: abfinance_top20_ubuntu_app03
Tagging Snapshot snap-098b34095f62826ae with the following Tags: Key=CreatedBy,Value=ec2-automate-backup Key=InstanceId,Value=i-0c216734d128c6375 Key=InstanceName,Value=abfinance_top20_ubuntu_app03 Key=PurgeAfterFE,Value=1493407178 Key=PurgeAllow,Value=true Key=Volume,Value=vol-0cd52f41e2b7d8e0a Key=Created,Value=1490815178
INSTANCE i-00a83f954cf74b49c
INSTANCE NAME: abfinance_top20_ubuntu_db01
Tagging Snapshot snap-0ac3d1ecd5ac95538 with the following Tags: Key=CreatedBy,Value=ec2-automate-backup Key=InstanceId,Value=i-00a83f954cf74b49c Key=InstanceName,Value=abfinance_top20_ubuntu_db01 Key=PurgeAfterFE,Value=1493407178 Key=PurgeAllow,Value=true Key=Volume,Value=vol-02af501b13bf54b0e Key=Created,Value=1490815178
INSTANCE i-00a83f954cf74b49c
INSTANCE NAME: abfinance_top20_ubuntu_db01
Tagging Snapshot snap-09bfdcb3baeef6bf0 with the following Tags: Key=CreatedBy,Value=ec2-automate-backup Key=InstanceId,Value=i-00a83f954cf74b49c Key=InstanceName,Value=abfinance_top20_ubuntu_db01 Key=PurgeAfterFE,Value=1493407178 Key=PurgeAllow,Value=true Key=Volume,Value=vol-0bee7854c001f0356 Key=Created,Value=1490815178
INSTANCE i-0c216734d128c6375
INSTANCE NAME: abfinance_top20_ubuntu_app03
Tagging Snapshot snap-0f4b75c38bae7d1dd with the following Tags: Key=CreatedBy,Value=ec2-automate-backup Key=InstanceId,Value=i-0c216734d128c6375 Key=InstanceName,Value=abfinance_top20_ubuntu_app03 Key=PurgeAfterFE,Value=1493407178 Key=PurgeAllow,Value=true Key=Volume,Value=vol-0cc56bc37e58a69f8 Key=Created,Value=1490815178
INSTANCE i-0c216734d128c6375
INSTANCE NAME: abfinance_top20_ubuntu_app03
Tagging Snapshot snap-0d6dc9063f2c00640 with the following Tags: Key=CreatedBy,Value=ec2-automate-backup Key=InstanceId,Value=i-0c216734d128c6375 Key=InstanceName,Value=abfinance_top20_ubuntu_app03 Key=PurgeAfterFE,Value=1493407178 Key=PurgeAllow,Value=true Key=Volume,Value=vol-07fdebcf5a0e444be Key=Created,Value=1490815178
INSTANCE i-00a83f954cf74b49c
INSTANCE NAME: abfinance_top20_ubuntu_db01
Tagging Snapshot snap-020747c952ef06802 with the following Tags: Key=CreatedBy,Value=ec2-automate-backup Key=InstanceId,Value=i-00a83f954cf74b49c Key=InstanceName,Value=abfinance_top20_ubuntu_db01 Key=PurgeAfterFE,Value=1493407178 Key=PurgeAllow,Value=true Key=Volume,Value=vol-0689fe07556ce52b6 Key=Created,Value=1490815178
INSTANCE i-00a83f954cf74b49c
INSTANCE NAME: abfinance_top20_ubuntu_db01
Tagging Snapshot snap-06ec7e0bd1be7de2d with the following Tags: Key=CreatedBy,Value=ec2-automate-backup Key=InstanceId,Value=i-00a83f954cf74b49c Key=InstanceName,Value=abfinance_top20_ubuntu_db01 Key=PurgeAfterFE,Value=1493407178 Key=PurgeAllow,Value=true Key=Volume,Value=vol-06d9a2487a760806c Key=Created,Value=1490815178
INSTANCE i-084540b57e4187648
INSTANCE NAME: abfinance_fileshare01
Tagging Snapshot snap-0f2b4208aae9fd959 with the following Tags: Key=CreatedBy,Value=ec2-automate-backup Key=InstanceId,Value=i-084540b57e4187648 Key=InstanceName,Value=abfinance_fileshare01 Key=PurgeAfterFE,Value=1493407178 Key=PurgeAllow,Value=true Key=Volume,Value=vol-0fabf5c1d62646d8a Key=Created,Value=1490815178
INSTANCE i-084540b57e4187648
INSTANCE NAME: abfinance_fileshare01
Tagging Snapshot snap-081fae33fc4f7691e with the following Tags: Key=CreatedBy,Value=ec2-automate-backup Key=InstanceId,Value=i-084540b57e4187648 Key=InstanceName,Value=abfinance_fileshare01 Key=PurgeAfterFE,Value=1493407178 Key=PurgeAllow,Value=true Key=Volume,Value=vol-03e0f7adfeb97a6d9 Key=Created,Value=1490815178
INSTANCE i-009d3dba5cea1a5fd
INSTANCE NAME: abfinance_lcb_admin01
Tagging Snapshot snap-0c6cc2c9f163f9119 with the following Tags: Key=CreatedBy,Value=ec2-automate-backup Key=InstanceId,Value=i-009d3dba5cea1a5fd Key=InstanceName,Value=abfinance_lcb_admin01 Key=PurgeAfterFE,Value=1493407178 Key=PurgeAllow,Value=true Key=Volume,Value=vol-08e53cbca7fc7d50f Key=Created,Value=1490815178
INSTANCE i-009d3dba5cea1a5fd
INSTANCE NAME: abfinance_lcb_admin01
Tagging Snapshot snap-026603077b9e5ed40 with the following Tags: Key=CreatedBy,Value=ec2-automate-backup Key=InstanceId,Value=i-009d3dba5cea1a5fd Key=InstanceName,Value=abfinance_lcb_admin01 Key=PurgeAfterFE,Value=1493407178 Key=PurgeAllow,Value=true Key=Volume,Value=vol-070270ceedb98dca2 Key=Created,Value=1490815178
INSTANCE i-0c692d9224afa0bfa
INSTANCE NAME: abfinance_lcb_production01
Tagging Snapshot snap-08cd6d149d7c4f323 with the following Tags: Key=CreatedBy,Value=ec2-automate-backup Key=InstanceId,Value=i-0c692d9224afa0bfa Key=InstanceName,Value=abfinance_lcb_production01 Key=PurgeAfterFE,Value=1493407178 Key=PurgeAllow,Value=true Key=Volume,Value=vol-03b3d8c0e1cadf8c1 Key=Created,Value=1490815178
INSTANCE i-0e36e12e65d6b4a4e
INSTANCE NAME: abfinance_lcb_sales01
Tagging Snapshot snap-0ea977191eacbceb7 with the following Tags: Key=CreatedBy,Value=ec2-automate-backup Key=InstanceId,Value=i-0e36e12e65d6b4a4e Key=InstanceName,Value=abfinance_lcb_sales01 Key=PurgeAfterFE,Value=1493407178 Key=PurgeAllow,Value=true Key=Volume,Value=vol-08e5740f9ae393ab6 Key=Created,Value=1490815178
INSTANCE i-0c692d9224afa0bfa
INSTANCE NAME: abfinance_lcb_production01
Tagging Snapshot snap-0cec0557e989eabda with the following Tags: Key=CreatedBy,Value=ec2-automate-backup Key=InstanceId,Value=i-0c692d9224afa0bfa Key=InstanceName,Value=abfinance_lcb_production01 Key=PurgeAfterFE,Value=1493407178 Key=PurgeAllow,Value=true Key=Volume,Value=vol-0734128d6832a8b05 Key=Created,Value=1490815178
INSTANCE i-09c2eabe897e928a7
INSTANCE NAME: abfinance_lcb_webview01
Tagging Snapshot snap-0b54f48804577e58b with the following Tags: Key=CreatedBy,Value=ec2-automate-backup Key=InstanceId,Value=i-09c2eabe897e928a7 Key=InstanceName,Value=abfinance_lcb_webview01 Key=PurgeAfterFE,Value=1493407178 Key=PurgeAllow,Value=true Key=Volume,Value=vol-08656f7f1440aa14a Key=Created,Value=1490815178
INSTANCE i-09c2eabe897e928a7
INSTANCE NAME: abfinance_lcb_webview01
Tagging Snapshot snap-0fb926263a777fb40 with the following Tags: Key=CreatedBy,Value=ec2-automate-backup Key=InstanceId,Value=i-09c2eabe897e928a7 Key=InstanceName,Value=abfinance_lcb_webview01 Key=PurgeAfterFE,Value=1493407178 Key=PurgeAllow,Value=true Key=Volume,Value=vol-0aa81463a2ad03c7a Key=Created,Value=1490815178
INSTANCE i-0518c045d2be93427
INSTANCE NAME: abfinance_nat01
Tagging Snapshot snap-03a2fbd90c0fb4a89 with the following Tags: Key=CreatedBy,Value=ec2-automate-backup Key=InstanceId,Value=i-0518c045d2be93427 Key=InstanceName,Value=abfinance_nat01 Key=PurgeAfterFE,Value=1493407178 Key=PurgeAllow,Value=true Key=Volume,Value=vol-0d9130bb61c0d4c56 Key=Created,Value=1490815178
INSTANCE i-0e36e12e65d6b4a4e
INSTANCE NAME: abfinance_lcb_sales01
Tagging Snapshot snap-0c4e1144ceb512c9c with the following Tags: Key=CreatedBy,Value=ec2-automate-backup Key=InstanceId,Value=i-0e36e12e65d6b4a4e Key=InstanceName,Value=abfinance_lcb_sales01 Key=PurgeAfterFE,Value=1493407178 Key=PurgeAllow,Value=true Key=Volume,Value=vol-023127c32f4b64e52 Key=Created,Value=1490815178
INSTANCE i-0518c045d2be93427
INSTANCE NAME: abfinance_nat01
Tagging Snapshot snap-077c14f2ba85002a1 with the following Tags: Key=CreatedBy,Value=ec2-automate-backup Key=InstanceId,Value=i-0518c045d2be93427 Key=InstanceName,Value=abfinance_nat01 Key=PurgeAfterFE,Value=1493407178 Key=PurgeAllow,Value=true Key=Volume,Value=vol-0528c98fb329dffea Key=Created,Value=1490815178
INSTANCE i-038656cd0a5878996
INSTANCE NAME: abfinance_lcb_webview03
Tagging Snapshot snap-0488c907292b0d667 with the following Tags: Key=CreatedBy,Value=ec2-automate-backup Key=InstanceId,Value=i-038656cd0a5878996 Key=InstanceName,Value=abfinance_lcb_webview03 Key=PurgeAfterFE,Value=1493407178 Key=PurgeAllow,Value=true Key=Volume,Value=vol-029a78effd0af4174 Key=Created,Value=1490815178
INSTANCE i-038656cd0a5878996
INSTANCE NAME: abfinance_lcb_webview03
Tagging Snapshot snap-0b491226b6963b189 with the following Tags: Key=CreatedBy,Value=ec2-automate-backup Key=InstanceId,Value=i-038656cd0a5878996 Key=InstanceName,Value=abfinance_lcb_webview03 Key=PurgeAfterFE,Value=1493407178 Key=PurgeAllow,Value=true Key=Volume,Value=vol-0f119584d4b9ada06 Key=Created,Value=1490815178
INSTANCE i-071c0e09746a7cab2
INSTANCE NAME: abfinance_top20_ubuntu_app01
Tagging Snapshot snap-0f7dc025d39505fe2 with the following Tags: Key=CreatedBy,Value=ec2-automate-backup Key=InstanceId,Value=i-071c0e09746a7cab2 Key=InstanceName,Value=abfinance_top20_ubuntu_app01 Key=PurgeAfterFE,Value=1493407178 Key=PurgeAllow,Value=true Key=Volume,Value=vol-028c8b322e5479cf7 Key=Created,Value=1490815178
INSTANCE i-071c0e09746a7cab2
INSTANCE NAME: abfinance_top20_ubuntu_app01
Tagging Snapshot snap-0ee461e8b5d63ac3a with the following Tags: Key=CreatedBy,Value=ec2-automate-backup Key=InstanceId,Value=i-071c0e09746a7cab2 Key=InstanceName,Value=abfinance_top20_ubuntu_app01 Key=PurgeAfterFE,Value=1493407178 Key=PurgeAllow,Value=true Key=Volume,Value=vol-07635e1c11c362ee7 Key=Created,Value=1490815178
INSTANCE i-071c0e09746a7cab2
INSTANCE NAME: abfinance_top20_ubuntu_app01
Tagging Snapshot snap-0c945c9dc620fc82b with the following Tags: Key=CreatedBy,Value=ec2-automate-backup Key=InstanceId,Value=i-071c0e09746a7cab2 Key=InstanceName,Value=abfinance_top20_ubuntu_app01 Key=PurgeAfterFE,Value=1493407178 Key=PurgeAllow,Value=true Key=Volume,Value=vol-04f6f153979ec4e04 Key=Created,Value=1490815178
INSTANCE i-071c0e09746a7cab2
INSTANCE NAME: abfinance_top20_ubuntu_app01
Tagging Snapshot snap-0e4b625c9333fa61b with the following Tags: Key=CreatedBy,Value=ec2-automate-backup Key=InstanceId,Value=i-071c0e09746a7cab2 Key=InstanceName,Value=abfinance_top20_ubuntu_app01 Key=PurgeAfterFE,Value=1493407178 Key=PurgeAllow,Value=true Key=Volume,Value=vol-05313c753118b3f0e Key=Created,Value=1490815178
INSTANCE i-04301c43465272923
INSTANCE NAME: abfinance_top20_ubuntu_app05
Tagging Snapshot snap-0761e722e9e28d969 with the following Tags: Key=CreatedBy,Value=ec2-automate-backup Key=InstanceId,Value=i-04301c43465272923 Key=InstanceName,Value=abfinance_top20_ubuntu_app05 Key=PurgeAfterFE,Value=1493407178 Key=PurgeAllow,Value=true Key=Volume,Value=vol-042ff0cf25d5159f1 Key=Created,Value=1490815178
INSTANCE i-04301c43465272923
INSTANCE NAME: abfinance_top20_ubuntu_app05
Tagging Snapshot snap-07e2b57e664b460ac with the following Tags: Key=CreatedBy,Value=ec2-automate-backup Key=InstanceId,Value=i-04301c43465272923 Key=InstanceName,Value=abfinance_top20_ubuntu_app05 Key=PurgeAfterFE,Value=1493407178 Key=PurgeAllow,Value=true Key=Volume,Value=vol-000debe3735b701da Key=Created,Value=1490815178
INSTANCE i-04301c43465272923
INSTANCE NAME: abfinance_top20_ubuntu_app05
Tagging Snapshot snap-0267f6f9b8c16023a with the following Tags: Key=CreatedBy,Value=ec2-automate-backup Key=InstanceId,Value=i-04301c43465272923 Key=InstanceName,Value=abfinance_top20_ubuntu_app05 Key=PurgeAfterFE,Value=1493407178 Key=PurgeAllow,Value=true Key=Volume,Value=vol-01bc3463f6ddd3d8d Key=Created,Value=1490815178
INSTANCE i-04301c43465272923
INSTANCE NAME: abfinance_top20_ubuntu_app05
Tagging Snapshot snap-06f753558c44947ed with the following Tags: Key=CreatedBy,Value=ec2-automate-backup Key=InstanceId,Value=i-04301c43465272923 Key=InstanceName,Value=abfinance_top20_ubuntu_app05 Key=PurgeAfterFE,Value=1493407178 Key=PurgeAllow,Value=true Key=Volume,Value=vol-0ce01a4e917347781 Key=Created,Value=1490815178
INSTANCE i-061100ef3944cdc9f
INSTANCE NAME: abfinance_waf01
Tagging Snapshot snap-085f5941b585a7147 with the following Tags: Key=CreatedBy,Value=ec2-automate-backup Key=InstanceId,Value=i-061100ef3944cdc9f Key=InstanceName,Value=abfinance_waf01 Key=PurgeAfterFE,Value=1493407178 Key=PurgeAllow,Value=true Key=Volume,Value=vol-047bd2af9ad7b8607 Key=Created,Value=1490815178
INSTANCE i-061100ef3944cdc9f
INSTANCE NAME: abfinance_waf01
Tagging Snapshot snap-06cdad5ea4020048a with the following Tags: Key=CreatedBy,Value=ec2-automate-backup Key=InstanceId,Value=i-061100ef3944cdc9f Key=InstanceName,Value=abfinance_waf01 Key=PurgeAfterFE,Value=1493407178 Key=PurgeAllow,Value=true Key=Volume,Value=vol-033f40c6a90487e43 Key=Created,Value=1490815178
INSTANCE i-061100ef3944cdc9f
INSTANCE NAME: abfinance_waf01
Tagging Snapshot snap-0369626ab14eb15a1 with the following Tags: Key=CreatedBy,Value=ec2-automate-backup Key=InstanceId,Value=i-061100ef3944cdc9f Key=InstanceName,Value=abfinance_waf01 Key=PurgeAfterFE,Value=1493407178 Key=PurgeAllow,Value=true Key=Volume,Value=vol-0e7a9cd48468a007e Key=Created,Value=1490815178
INSTANCE i-05bce44dc8bdd25cc
INSTANCE NAME: test_abfinance_top20_ubuntu_web
Tagging Snapshot snap-0a4cd0bb297bec45e with the following Tags: Key=CreatedBy,Value=ec2-automate-backup Key=InstanceId,Value=i-05bce44dc8bdd25cc Key=InstanceName,Value=test_abfinance_top20_ubuntu_web Key=PurgeAfterFE,Value=1493407178 Key=PurgeAllow,Value=true Key=Volume,Value=vol-0bb8640ab9584a3b6 Key=Created,Value=1490815178
INSTANCE i-05bce44dc8bdd25cc
INSTANCE NAME: test_abfinance_top20_ubuntu_web
Tagging Snapshot snap-0fcacd13416220e57 with the following Tags: Key=CreatedBy,Value=ec2-automate-backup Key=InstanceId,Value=i-05bce44dc8bdd25cc Key=InstanceName,Value=test_abfinance_top20_ubuntu_web Key=PurgeAfterFE,Value=1493407178 Key=PurgeAllow,Value=true Key=Volume,Value=vol-01e180d6472981af9 Key=Created,Value=1490815178
INSTANCE i-068562c066d5fe7a2
INSTANCE NAME: test_abfinance_top20_ubuntu_das
Tagging Snapshot snap-0fc1cc8d73786fd07 with the following Tags: Key=CreatedBy,Value=ec2-automate-backup Key=InstanceId,Value=i-068562c066d5fe7a2 Key=InstanceName,Value=test_abfinance_top20_ubuntu_das Key=PurgeAfterFE,Value=1493407178 Key=PurgeAllow,Value=true Key=Volume,Value=vol-018ff67469c8f095c Key=Created,Value=1490815178
INSTANCE i-05bce44dc8bdd25cc
INSTANCE NAME: test_abfinance_top20_ubuntu_web
Tagging Snapshot snap-0e958d23aac8cfecd with the following Tags: Key=CreatedBy,Value=ec2-automate-backup Key=InstanceId,Value=i-05bce44dc8bdd25cc Key=InstanceName,Value=test_abfinance_top20_ubuntu_web Key=PurgeAfterFE,Value=1493407178 Key=PurgeAllow,Value=true Key=Volume,Value=vol-03689106d82cd6e4a Key=Created,Value=1490815178
INSTANCE i-068562c066d5fe7a2
INSTANCE NAME: test_abfinance_top20_ubuntu_das
Tagging Snapshot snap-0874dcb4454bceaee with the following Tags: Key=CreatedBy,Value=ec2-automate-backup Key=InstanceId,Value=i-068562c066d5fe7a2 Key=InstanceName,Value=test_abfinance_top20_ubuntu_das Key=PurgeAfterFE,Value=1493407178 Key=PurgeAllow,Value=true Key=Volume,Value=vol-0474fb56e6b14a15b Key=Created,Value=1490815178
INSTANCE i-05bce44dc8bdd25cc
INSTANCE NAME: test_abfinance_top20_ubuntu_web
Tagging Snapshot snap-04353602ccd9e7151 with the following Tags: Key=CreatedBy,Value=ec2-automate-backup Key=InstanceId,Value=i-05bce44dc8bdd25cc Key=InstanceName,Value=test_abfinance_top20_ubuntu_web Key=PurgeAfterFE,Value=1493407178 Key=PurgeAllow,Value=true Key=Volume,Value=vol-0187f4ef773ed4690 Key=Created,Value=1490815178
INSTANCE i-068562c066d5fe7a2
INSTANCE NAME: test_abfinance_top20_ubuntu_das
Tagging Snapshot snap-01c3f32d7b76275c6 with the following Tags: Key=CreatedBy,Value=ec2-automate-backup Key=InstanceId,Value=i-068562c066d5fe7a2 Key=InstanceName,Value=test_abfinance_top20_ubuntu_das Key=PurgeAfterFE,Value=1493407178 Key=PurgeAllow,Value=true Key=Volume,Value=vol-0d148878cb016398c Key=Created,Value=1490815178
INSTANCE i-068562c066d5fe7a2
INSTANCE NAME: test_abfinance_top20_ubuntu_das
Tagging Snapshot snap-0e560363309387f8b with the following Tags: Key=CreatedBy,Value=ec2-automate-backup Key=InstanceId,Value=i-068562c066d5fe7a2 Key=InstanceName,Value=test_abfinance_top20_ubuntu_das Key=PurgeAfterFE,Value=1493407178 Key=PurgeAllow,Value=true Key=Volume,Value=vol-01bb9e2f8003e968f Key=Created,Value=1490815178
INSTANCE i-052f4f04423466953
INSTANCE NAME: test_abfinance_top20_ubuntu_db
Tagging Snapshot snap-0439ad31811f4c3d5 with the following Tags: Key=CreatedBy,Value=ec2-automate-backup Key=InstanceId,Value=i-052f4f04423466953 Key=InstanceName,Value=test_abfinance_top20_ubuntu_db Key=PurgeAfterFE,Value=1493407178 Key=PurgeAllow,Value=true Key=Volume,Value=vol-0fc43ef9b5183590f Key=Created,Value=1490815178
INSTANCE i-052f4f04423466953
INSTANCE NAME: test_abfinance_top20_ubuntu_db
Tagging Snapshot snap-0e0acc822504e8058 with the following Tags: Key=CreatedBy,Value=ec2-automate-backup Key=InstanceId,Value=i-052f4f04423466953 Key=InstanceName,Value=test_abfinance_top20_ubuntu_db Key=PurgeAfterFE,Value=1493407178 Key=PurgeAllow,Value=true Key=Volume,Value=vol-0d39b74222598de3c Key=Created,Value=1490815178
INSTANCE i-052f4f04423466953
INSTANCE NAME: test_abfinance_top20_ubuntu_db
Tagging Snapshot snap-00e111f801617ffbb with the following Tags: Key=CreatedBy,Value=ec2-automate-backup Key=InstanceId,Value=i-052f4f04423466953 Key=InstanceName,Value=test_abfinance_top20_ubuntu_db Key=PurgeAfterFE,Value=1493407178 Key=PurgeAllow,Value=true Key=Volume,Value=vol-0a1924f6a042870d5 Key=Created,Value=1490815178
INSTANCE i-052f4f04423466953
INSTANCE NAME: test_abfinance_top20_ubuntu_db
Tagging Snapshot snap-005b85686136aa8f1 with the following Tags: Key=CreatedBy,Value=ec2-automate-backup Key=InstanceId,Value=i-052f4f04423466953 Key=InstanceName,Value=test_abfinance_top20_ubuntu_db Key=PurgeAfterFE,Value=1493407178 Key=PurgeAllow,Value=true Key=Volume,Value=vol-08566fbfa4fcc7349 Key=Created,Value=1490815178
INSTANCE i-052f4f04423466953
INSTANCE NAME: test_abfinance_top20_ubuntu_db
Tagging Snapshot snap-021e9cb20da4027de with the following Tags: Key=CreatedBy,Value=ec2-automate-backup Key=InstanceId,Value=i-052f4f04423466953 Key=InstanceName,Value=test_abfinance_top20_ubuntu_db Key=PurgeAfterFE,Value=1493407178 Key=PurgeAllow,Value=true Key=Volume,Value=vol-0ed624d81990c5924 Key=Created,Value=1490815178
INSTANCE i-0427fb4302ef61cc6
INSTANCE NAME: abfinance_95569_appcl01
Tagging Snapshot snap-057bdaf175ecc10cf with the following Tags: Key=CreatedBy,Value=ec2-automate-backup Key=InstanceId,Value=i-0427fb4302ef61cc6 Key=InstanceName,Value=abfinance_95569_appcl01 Key=PurgeAfterFE,Value=1493407178 Key=PurgeAllow,Value=true Key=Volume,Value=vol-0434458d095cc7274 Key=Created,Value=1490815178
INSTANCE i-0fbdac98d95d47127
INSTANCE NAME: abfinance_95569_appcl07
Tagging Snapshot snap-01d9b8d33d8ddcb60 with the following Tags: Key=CreatedBy,Value=ec2-automate-backup Key=InstanceId,Value=i-0fbdac98d95d47127 Key=InstanceName,Value=abfinance_95569_appcl07 Key=PurgeAfterFE,Value=1493407178 Key=PurgeAllow,Value=true Key=Volume,Value=vol-03ee68939b4e18403 Key=Created,Value=1490815178
INSTANCE i-0443041937edbecb9
INSTANCE NAME: abfinance_95569_appcl05
Tagging Snapshot snap-0e88002990a1b22a6 with the following Tags: Key=CreatedBy,Value=ec2-automate-backup Key=InstanceId,Value=i-0443041937edbecb9 Key=InstanceName,Value=abfinance_95569_appcl05 Key=PurgeAfterFE,Value=1493407178 Key=PurgeAllow,Value=true Key=Volume,Value=vol-0eb061e9f27329a2d Key=Created,Value=1490815178
INSTANCE i-0504ecba1c44228d3
INSTANCE NAME: abfinance_95569_appcl03
Tagging Snapshot snap-05b63266137b67e11 with the following Tags: Key=CreatedBy,Value=ec2-automate-backup Key=InstanceId,Value=i-0504ecba1c44228d3 Key=InstanceName,Value=abfinance_95569_appcl03 Key=PurgeAfterFE,Value=1493407178 Key=PurgeAllow,Value=true Key=Volume,Value=vol-094ce86db46d5c688 Key=Created,Value=1490815178
INSTANCE i-0fbdac98d95d47127
INSTANCE NAME: abfinance_95569_appcl07
Tagging Snapshot snap-02707985b02e464d5 with the following Tags: Key=CreatedBy,Value=ec2-automate-backup Key=InstanceId,Value=i-0fbdac98d95d47127 Key=InstanceName,Value=abfinance_95569_appcl07 Key=PurgeAfterFE,Value=1493407178 Key=PurgeAllow,Value=true Key=Volume,Value=vol-060d483c541d15da8 Key=Created,Value=1490815178
INSTANCE i-0427fb4302ef61cc6
INSTANCE NAME: abfinance_95569_appcl01
Tagging Snapshot snap-0edd9c0bc53037712 with the following Tags: Key=CreatedBy,Value=ec2-automate-backup Key=InstanceId,Value=i-0427fb4302ef61cc6 Key=InstanceName,Value=abfinance_95569_appcl01 Key=PurgeAfterFE,Value=1493407178 Key=PurgeAllow,Value=true Key=Volume,Value=vol-0caeb5a4b5a37c88f Key=Created,Value=1490815178
INSTANCE i-0504ecba1c44228d3
INSTANCE NAME: abfinance_95569_appcl03
Tagging Snapshot snap-0112b749fe7d7fe47 with the following Tags: Key=CreatedBy,Value=ec2-automate-backup Key=InstanceId,Value=i-0504ecba1c44228d3 Key=InstanceName,Value=abfinance_95569_appcl03 Key=PurgeAfterFE,Value=1493407178 Key=PurgeAllow,Value=true Key=Volume,Value=vol-0c1c9cf2c598d2aae Key=Created,Value=1490815178
INSTANCE i-0443041937edbecb9
INSTANCE NAME: abfinance_95569_appcl05
Tagging Snapshot snap-0defee547ed092c5c with the following Tags: Key=CreatedBy,Value=ec2-automate-backup Key=InstanceId,Value=i-0443041937edbecb9 Key=InstanceName,Value=abfinance_95569_appcl05 Key=PurgeAfterFE,Value=1493407178 Key=PurgeAllow,Value=true Key=Volume,Value=vol-07d059a80d8fdeea1 Key=Created,Value=1490815178
INSTANCE i-0a023139f2506e638
INSTANCE NAME: test_abfinance_nat01
Tagging Snapshot snap-0613d3144e17391eb with the following Tags: Key=CreatedBy,Value=ec2-automate-backup Key=InstanceId,Value=i-0a023139f2506e638 Key=InstanceName,Value=test_abfinance_nat01 Key=PurgeAfterFE,Value=1493407178 Key=PurgeAllow,Value=true Key=Volume,Value=vol-01bd9498cae18b125 Key=Created,Value=1490815178
INSTANCE i-0a023139f2506e638
INSTANCE NAME: test_abfinance_nat01
Tagging Snapshot snap-07f54b4c4f3733891 with the following Tags: Key=CreatedBy,Value=ec2-automate-backup Key=InstanceId,Value=i-0a023139f2506e638 Key=InstanceName,Value=test_abfinance_nat01 Key=PurgeAfterFE,Value=1493407178 Key=PurgeAllow,Value=true Key=Volume,Value=vol-06289d0b8cdcfbd04 Key=Created,Value=1490815178
INSTANCE i-065acbe8bac578721
INSTANCE NAME: abfinance_top20_ubuntu_app06
Tagging Snapshot snap-0c2b2b768760a2720 with the following Tags: Key=CreatedBy,Value=ec2-automate-backup Key=InstanceId,Value=i-065acbe8bac578721 Key=InstanceName,Value=abfinance_top20_ubuntu_app06 Key=PurgeAfterFE,Value=1493407178 Key=PurgeAllow,Value=true Key=Volume,Value=vol-0ed17d3b2c9b50cf7 Key=Created,Value=1490815178
INSTANCE i-065acbe8bac578721
INSTANCE NAME: abfinance_top20_ubuntu_app06
Tagging Snapshot snap-06d7af9f646570aad with the following Tags: Key=CreatedBy,Value=ec2-automate-backup Key=InstanceId,Value=i-065acbe8bac578721 Key=InstanceName,Value=abfinance_top20_ubuntu_app06 Key=PurgeAfterFE,Value=1493407178 Key=PurgeAllow,Value=true Key=Volume,Value=vol-0e0ddbafb27c663dd Key=Created,Value=1490815178
INSTANCE i-065acbe8bac578721
INSTANCE NAME: abfinance_top20_ubuntu_app06
Tagging Snapshot snap-0ba9c1d5df9f9be30 with the following Tags: Key=CreatedBy,Value=ec2-automate-backup Key=InstanceId,Value=i-065acbe8bac578721 Key=InstanceName,Value=abfinance_top20_ubuntu_app06 Key=PurgeAfterFE,Value=1493407178 Key=PurgeAllow,Value=true Key=Volume,Value=vol-03e7706d44e6a1831 Key=Created,Value=1490815178
INSTANCE i-065acbe8bac578721
INSTANCE NAME: abfinance_top20_ubuntu_app06
Tagging Snapshot snap-026855a699fed7f3f with the following Tags: Key=CreatedBy,Value=ec2-automate-backup Key=InstanceId,Value=i-065acbe8bac578721 Key=InstanceName,Value=abfinance_top20_ubuntu_app06 Key=PurgeAfterFE,Value=1493407178 Key=PurgeAllow,Value=true Key=Volume,Value=vol-0e405f4dddd4b2122 Key=Created,Value=1490815178
INSTANCE i-003e572b72696bd8b
INSTANCE NAME: abfinance_95569_app152
Tagging Snapshot snap-04c64bed97e367eb7 with the following Tags: Key=CreatedBy,Value=ec2-automate-backup Key=InstanceId,Value=i-003e572b72696bd8b Key=InstanceName,Value=abfinance_95569_app152 Key=PurgeAfterFE,Value=1493407178 Key=PurgeAllow,Value=true Key=Volume,Value=vol-0077565cb767761b1 Key=Created,Value=1490815178
INSTANCE i-003e572b72696bd8b
INSTANCE NAME: abfinance_95569_app152
Tagging Snapshot snap-034ca9605dc7f9209 with the following Tags: Key=CreatedBy,Value=ec2-automate-backup Key=InstanceId,Value=i-003e572b72696bd8b Key=InstanceName,Value=abfinance_95569_app152 Key=PurgeAfterFE,Value=1493407178 Key=PurgeAllow,Value=true Key=Volume,Value=vol-02f1c5a0c7e1662cc Key=Created,Value=1490815178
Snapshot Purging is Starting Now.
Snapshot "snap-086e8f41aeaebe1ae" with the PurgeAfterFE date of "1490728958" will be deleted.
Snapshot "snap-0c3a6fe25a84272ae" with the PurgeAfterFE date of "1490728958" will be deleted.
Snapshot "snap-0f8a43d614fbb98a6" with the PurgeAfterFE date of "1490728958" will be deleted.
Snapshot "snap-08b957433ea3f38f0" with the PurgeAfterFE date of "1490728958" will be deleted.
Snapshot "snap-0e978bec3d955c2fb" with the PurgeAfterFE date of "1490728958" will be deleted.
Snapshot "snap-0c6865bda0bacb48a" with the PurgeAfterFE date of "1490728958" will be deleted.
Snapshot "snap-0596c5d2c753f91ae" with the PurgeAfterFE date of "1490728958" will be deleted.
Snapshot "snap-07927caa9bd074f50" with the PurgeAfterFE date of "1490728958" will be deleted.
Snapshot "snap-0533d2a4973f87ebb" with the PurgeAfterFE date of "1490728958" will be deleted.
Snapshot "snap-0d2936ccbe8c9ee65" with the PurgeAfterFE date of "1490728958" will be deleted.
Snapshot "snap-0ae900fe482a25671" with the PurgeAfterFE date of "1490728958" will be deleted.
Snapshot "snap-09c275b032c66a365" with the PurgeAfterFE date of "1490728958" will be deleted.
Snapshot "snap-0b342f058f95c7f83" with the PurgeAfterFE date of "1490728958" will be deleted.
Snapshot "snap-04592318872435dc8" with the PurgeAfterFE date of "1490728958" will be deleted.
Snapshot "snap-02a134bdd0438e68c" with the PurgeAfterFE date of "1490728958" will be deleted.
Snapshot "snap-0fc54dfa78801d1b0" with the PurgeAfterFE date of "1490728958" will be deleted.
Snapshot "snap-0dcac17382c8dbd70" with the PurgeAfterFE date of "1490728958" will be deleted.
Snapshot "snap-0e099674cc5bb3015" with the PurgeAfterFE date of "1490728958" will be deleted.
Snapshot "snap-04c8716774efd8bc3" with the PurgeAfterFE date of "1490728958" will be deleted.
Snapshot "snap-04cf47177c2b77867" with the PurgeAfterFE date of "1490728958" will be deleted.
Snapshot "snap-02b5eee9fc5ae2ab1" with the PurgeAfterFE date of "1490728958" will be deleted.
Snapshot "snap-07cd78ecc345e1613" with the PurgeAfterFE date of "1490728958" will be deleted.
Snapshot "snap-0d08a8bf9834d2f84" with the PurgeAfterFE date of "1490728958" will be deleted.
Snapshot "snap-07f12a1da9c7121c5" with the PurgeAfterFE date of "1490728958" will be deleted.
Snapshot "snap-0c34414148b957073" with the PurgeAfterFE date of "1490728958" will be deleted.
Snapshot "snap-0b6379c91450f7325" with the PurgeAfterFE date of "1490728958" will be deleted.
Snapshot "snap-0c1f8575f0f8e0525" with the PurgeAfterFE date of "1490728958" will be deleted.
Snapshot "snap-0d36d14e598f59e37" with the PurgeAfterFE date of "1490728958" will be deleted.
Snapshot "snap-03bf0accb73b017ba" with the PurgeAfterFE date of "1490728958" will be deleted.
Snapshot "snap-06660e670876328b1" with the PurgeAfterFE date of "1490728958" will be deleted.
Snapshot "snap-058bcac7651f6af12" with the PurgeAfterFE date of "1490728958" will be deleted.
Snapshot "snap-072d04a9dfb3402e9" with the PurgeAfterFE date of "1490728958" will be deleted.
Snapshot "snap-0d36460c418934f73" with the PurgeAfterFE date of "1490728958" will be deleted.
Snapshot "snap-041bb081aa30a8157" with the PurgeAfterFE date of "1490728958" will be deleted.
Snapshot "snap-0102b9eb059e885ae" with the PurgeAfterFE date of "1490728958" will be deleted.
Snapshot "snap-003b7444b5b1b1c7d" with the PurgeAfterFE date of "1490728958" will be deleted.
Snapshot "snap-0a925bfd8a07686fc" with the PurgeAfterFE date of "1490728958" will be deleted.
Snapshot "snap-0166e497efbc698be" with the PurgeAfterFE date of "1490728958" will be deleted.
Snapshot "snap-0b4860ba59c6a5481" with the PurgeAfterFE date of "1490728958" will be deleted.
Snapshot "snap-0b5e600269e18bc26" with the PurgeAfterFE date of "1490728958" will be deleted.
Snapshot "snap-0baa5d25a100f1fe0" with the PurgeAfterFE date of "1490728958" will be deleted.
Snapshot "snap-0cc8839832f2ddb26" with the PurgeAfterFE date of "1490728958" will be deleted.
Snapshot "snap-0f558809b622d27f7" with the PurgeAfterFE date of "1490728958" will be deleted.
Snapshot "snap-0b703883c67e26219" with the PurgeAfterFE date of "1490728958" will be deleted.
Snapshot "snap-0fd13242ecebac9f2" with the PurgeAfterFE date of "1490728958" will be deleted.
Snapshot "snap-0dec733d667f44919" with the PurgeAfterFE date of "1490728958" will be deleted.
Snapshot "snap-0eda7195bb9ed344f" with the PurgeAfterFE date of "1490728958" will be deleted.
Snapshot "snap-02d40ff9b1719bfa0" with the PurgeAfterFE date of "1490728958" will be deleted.
Snapshot "snap-0b009ea1307233aa3" with the PurgeAfterFE date of "1490728958" will be deleted.
Snapshot "snap-02da1747ad5d9a056" with the PurgeAfterFE date of "1490728958" will be deleted.
Snapshot "snap-0da2bd9c342384ab1" with the PurgeAfterFE date of "1490728958" will be deleted.
Snapshot "snap-0b53a1251354bcd56" with the PurgeAfterFE date of "1490728958" will be deleted.
Snapshot "snap-0652e81f452453a40" with the PurgeAfterFE date of "1490728958" will be deleted.
Snapshot "snap-00a0f97a1bc9bcc12" with the PurgeAfterFE date of "1490728958" will be deleted.
Snapshot "snap-0d203ab4748662393" with the PurgeAfterFE date of "1490728958" will be deleted.
Snapshot "snap-0b0a95026fff09435" with the PurgeAfterFE date of "1490728958" will be deleted.
Snapshot "snap-02c57e4e78a1838c0" with the PurgeAfterFE date of "1490728958" will be deleted.
Snapshot "snap-06135adfcf1c924e2" with the PurgeAfterFE date of "1490728958" will be deleted.
Snapshot "snap-07763f677fa2de5c1" with the PurgeAfterFE date of "1490728958" will be deleted.
Snapshot "snap-0e4566b5ad8403d4b" with the PurgeAfterFE date of "1490728958" will be deleted.
Snapshot "snap-09d0f3a902cb2bf33" with the PurgeAfterFE date of "1490728958" will be deleted.
Snapshot "snap-0216248c69898a8f2" with the PurgeAfterFE date of "1490728958" will be deleted.
Snapshot "snap-0aaef8abb1536db46" with the PurgeAfterFE date of "1490728958" will be deleted.
Snapshot "snap-01c3389b219d718a8" with the PurgeAfterFE date of "1490728958" will be deleted.
Snapshot "snap-0a834cb989fa4d39b" with the PurgeAfterFE date of "1490728958" will be deleted.
Snapshot "snap-09c5f90214874b886" with the PurgeAfterFE date of "1490728958" will be deleted.
Snapshot "snap-035103bf7ef8bdc81" with the PurgeAfterFE date of "1490728958" will be deleted.
Snapshot "snap-0b45a08f8894c4c98" with the PurgeAfterFE date of "1490728958" will be deleted.
Snapshot "snap-0cf2859ae52c455d3" with the PurgeAfterFE date of "1490728958" will be deleted.
Snapshot "snap-08652e85698cd4be8" with the PurgeAfterFE date of "1490728958" will be deleted.
Snapshot "snap-0aa2d6cb97cb6ea34" with the PurgeAfterFE date of "1490728958" will be deleted.
Snapshot "snap-0180e52716361138e" with the PurgeAfterFE date of "1490728958" will be deleted.
Snapshot "snap-0ebb318e517760f38" with the PurgeAfterFE date of "1490728958" will be deleted.
Snapshot "snap-039b4f288db983f7f" with the PurgeAfterFE date of "1490728958" will be deleted.
Snapshot "snap-053ad71c9c8513037" with the PurgeAfterFE date of "1490728958" will be deleted.
Snapshot "snap-0a8fdffa93b206487" with the PurgeAfterFE date of "1490728958" will be deleted.
Snapshot "snap-0e7e5b46ddd4ec45c" with the PurgeAfterFE date of "1490728958" will be deleted.
Snapshot "snap-0dd5f0cf075004974" with the PurgeAfterFE date of "1490728958" will be deleted.
Snapshot "snap-0837f2f4bc85b8e46" with the PurgeAfterFE date of "1490728958" will be deleted.
Snapshot "snap-0c11e714f701842d1" with the PurgeAfterFE date of "1490728958" will be deleted.
Snapshot "snap-03aa2bc5dc8c5e9d5" with the PurgeAfterFE date of "1490728958" will be deleted.
Snapshot "snap-0c606f2c82761efff" with the PurgeAfterFE date of "1490728958" will be deleted.
Snapshot "snap-0f650ba8f2702d67c" with the PurgeAfterFE date of "1490728958" will be deleted.
Snapshot "snap-0eee00e3d622e3d15" with the PurgeAfterFE date of "1490728958" will be deleted.
Snapshot "snap-0ee1f6593297f7dc4" with the PurgeAfterFE date of "1490728958" will be deleted.
Snapshot "snap-08f6d4f5f893ca8b0" with the PurgeAfterFE date of "1490728958" will be deleted.
Snapshot "snap-08d3f4586310171b3" with the PurgeAfterFE date of "1490728958" will be deleted.
Snapshot "snap-0f873f204beb65635" with the PurgeAfterFE date of "1490728958" will be deleted.
Snapshot "snap-0aa68c0fc56af6439" with the PurgeAfterFE date of "1490728958" will be deleted.
Snapshot "snap-01ddc7cd34fbc8593" with the PurgeAfterFE date of "1490728958" will be deleted.
Snapshot "snap-00e87081c8fd2ccce" with the PurgeAfterFE date of "1490728958" will be deleted.
Snapshot "snap-0a055ef36ba177fd2" with the PurgeAfterFE date of "1490728958" will be deleted.
Snapshot "snap-0290ccebefe3c21ab" with the PurgeAfterFE date of "1490728958" will be deleted.
Snapshot "snap-0e56a723ff2ff415e" with the PurgeAfterFE date of "1490728958" will be deleted.
Snapshot "snap-0d54e121b10ee872e" with the PurgeAfterFE date of "1490728958" will be deleted.
Snapshot "snap-079dabcfdefb2ac26" with the PurgeAfterFE date of "1490728958" will be deleted.
Snapshot "snap-01ec0ec8fe9339928" with the PurgeAfterFE date of "1490728958" will be deleted.
Snapshot "snap-0ce95879201b3773f" with the PurgeAfterFE date of "1490728958" will be deleted.
Snapshot "snap-0ec6f22929ae94f6b" with the PurgeAfterFE date of "1490728958" will be deleted.
Snapshot "snap-0da22c2ab4a6aef55" with the PurgeAfterFE date of "1490728958" will be deleted.
Snapshot "snap-05fa382bd083d7644" with the PurgeAfterFE date of "1490728958" will be deleted.
Snapshot "snap-0afc36fd4f0bc790f" with the PurgeAfterFE date of "1490728958" will be deleted.
Snapshot "snap-0f4caa85257b6039f" with the PurgeAfterFE date of "1490728958" will be deleted.
Snapshot "snap-07ac333884766bb46" with the PurgeAfterFE date of "1490728958" will be deleted.
Snapshot "snap-0075359a8d5657e82" with the PurgeAfterFE date of "1490728958" will be deleted.
Snapshot "snap-0439bf5b1b4138b8e" with the PurgeAfterFE date of "1490728958" will be deleted.
Snapshot "snap-017ddbb57b4e588c6" with the PurgeAfterFE date of "1490728958" will be deleted.
Snapshot "snap-0ef58dcee86b685a9" with the PurgeAfterFE date of "1490728958" will be deleted.
Snapshot "snap-0e414dc640e69c4fd" with the PurgeAfterFE date of "1490728958" will be deleted.
Snapshot "snap-063833253f39a3f05" with the PurgeAfterFE date of "1490728958" will be deleted.
Snapshot "snap-09d1ce1fb6f6cee9a" with the PurgeAfterFE date of "1490728958" will be deleted.
Snapshot "snap-0effb8f44c47d3091" with the PurgeAfterFE date of "1490728958" will be deleted.
Snapshot "snap-019a080a035668c2d" with the PurgeAfterFE date of "1490728958" will be deleted.
Snapshot "snap-0dd5ac2c6b559fb9b" with the PurgeAfterFE date of "1490728958" will be deleted.
Snapshot "snap-0aee1a38564f6f852" with the PurgeAfterFE date of "1490728958" will be deleted.
Snapshot "snap-0d8bb693094c68488" with the PurgeAfterFE date of "1490728958" will be deleted.
Snapshot "snap-0f3135657f1f4bc22" with the PurgeAfterFE date of "1490728958" will be deleted.
Snapshot "snap-0326ad2147649a234" with the PurgeAfterFE date of "1490728958" will be deleted.
Snapshot "snap-019d1bc6e3a246d99" with the PurgeAfterFE date of "1490728958" will be deleted.
Snapshot "snap-0123392d709d81eb1" with the PurgeAfterFE date of "1490728958" will be deleted.
Snapshot "snap-0439f33272135817c" with the PurgeAfterFE date of "1490728958" will be deleted.
Snapshot "snap-05480f14e5d357a33" with the PurgeAfterFE date of "1490728958" will be deleted.
Snapshot "snap-020b94387fe4a24d7" with the PurgeAfterFE date of "1490728958" will be deleted.
Snapshot "snap-0db32fd934c404419" with the PurgeAfterFE date of "1490728958" will be deleted.
Snapshot "snap-0fdddc4a1c149cf2a" with the PurgeAfterFE date of "1490728958" will be deleted.
Snapshot "snap-0be5b6c5ea4f3feb7" with the PurgeAfterFE date of "1490728958" will be deleted.
Snapshot "snap-06f48d68adf2022df" with the PurgeAfterFE date of "1490728958" will be deleted.
Snapshot "snap-04b948aa38bebffa7" with the PurgeAfterFE date of "1490728958" will be deleted.
Snapshot "snap-0e10ddc22036d6853" with the PurgeAfterFE date of "1490728958" will be deleted.
Snapshot "snap-06774f4c8a637fffd" with the PurgeAfterFE date of "1490728958" will be deleted.
Snapshot "snap-0bf872d04104a6784" with the PurgeAfterFE date of "1490728958" will be deleted.
Snapshot "snap-0a3370417556534e4" with the PurgeAfterFE date of "1490728958" will be deleted.
Snapshot "snap-0647581f8584fd5f5" with the PurgeAfterFE date of "1490728958" will be deleted.
Snapshot "snap-078b065e0aa6e6fb2" with the PurgeAfterFE date of "1490728958" will be deleted.
Snapshot "snap-0ec88d86eb9360440" with the PurgeAfterFE date of "1490728958" will be deleted.
Snapshot "snap-0c3117411a9b10ce2" with the PurgeAfterFE date of "1490728958" will be deleted.
Snapshot "snap-0fd37b95f01b86758" with the PurgeAfterFE date of "1490728958" will be deleted.
Snapshot "snap-017b9edbc47211e41" with the PurgeAfterFE date of "1490728958" will be deleted.
Snapshot "snap-0374ed160ba1d9693" with the PurgeAfterFE date of "1490728958" will be deleted.
Snapshot "snap-08d7b865eacdd5673" with the PurgeAfterFE date of "1490728958" will be deleted.
Snapshot "snap-0719b014c4118ae12" with the PurgeAfterFE date of "1490728958" will be deleted.
Snapshot "snap-0a2b71c554b5be966" with the PurgeAfterFE date of "1490728958" will be deleted.
Snapshot "snap-0628d688362485059" with the PurgeAfterFE date of "1490728958" will be deleted.
Snapshot "snap-0cdae550f57f1f00f" with the PurgeAfterFE date of "1490728958" will be deleted.
Snapshot "snap-0b54b489b27248c99" with the PurgeAfterFE date of "1490728958" will be deleted.
Snapshot "snap-030cefd6319c31ea1" with the PurgeAfterFE date of "1490728958" will be deleted.
Snapshot "snap-0842699b21a9f95b4" with the PurgeAfterFE date of "1490728958" will be deleted.
Snapshot "snap-0a77e7ce11e0ce6a0" with the PurgeAfterFE date of "1490728958" will be deleted.
Snapshot "snap-0fcc4c8affacec13b" with the PurgeAfterFE date of "1490728958" will be deleted.
Snapshot "snap-01b16f5d06b3ec74d" with the PurgeAfterFE date of "1490728958" will be deleted.
Snapshot "snap-099b61e5d0d6cfbca" with the PurgeAfterFE date of "1490728958" will be deleted.
Snapshot "snap-0a2ef3f7fedbf7f72" with the PurgeAfterFE date of "1490728958" will be deleted.
Snapshot "snap-030fcd98b661876e4" with the PurgeAfterFE date of "1490728958" will be deleted.
Snapshot "snap-0d94232ab7bc00fe9" with the PurgeAfterFE date of "1490728958" will be deleted.
Snapshot "snap-0e3e4275a01d92a31" with the PurgeAfterFE date of "1490728958" will be deleted.
Snapshot "snap-074ec254bb0e4b266" with the PurgeAfterFE date of "1490728958" will be deleted.
Snapshot "snap-019680da84f6be2a4" with the PurgeAfterFE date of "1490728958" will be deleted.
Snapshot "snap-0a76bd7d1132b50b5" with the PurgeAfterFE date of "1490728958" will be deleted.
Snapshot "snap-0476fe92fb5b3585b" with the PurgeAfterFE date of "1490728958" will be deleted.
Snapshot "snap-0c6ef792a40beb0b4" with the PurgeAfterFE date of "1490728958" will be deleted.
Snapshot "snap-0bdf73f9fa05dfaf5" with the PurgeAfterFE date of "1490728958" will be deleted.
Snapshot "snap-09038ce7c1e3bca59" with the PurgeAfterFE date of "1490728958" will be deleted.
Snapshot "snap-05e764ca7f9cf2a2c" with the PurgeAfterFE date of "1490728958" will be deleted.
Snapshot "snap-09dfae7eb5365481d" with the PurgeAfterFE date of "1490728958" will be deleted.
