Snapshots taken by ec2-volumes-autobackup.sh will be eligible for purging after the following date (the purge after date given in seconds from epoch): 1493583314.
INSTANCE i-46b0ebfe
INSTANCE NAME: igv-ec2-im02
Tagging Snapshot snap-040a6cffa5e08b427 with the following Tags: Key=CreatedBy,Value=ec2-automate-backup Key=InstanceId,Value=i-46b0ebfe Key=InstanceName,Value=igv-ec2-im02 Key=PurgeAfterFE,Value=1493583314 Key=PurgeAllow,Value=true Key=Volume,Value=vol-e7515158 Key=Created,Value=1490991314
INSTANCE 
INSTANCE NAME: 
Tagging Snapshot snap-067db4f362868ce58 with the following Tags: Key=CreatedBy,Value=ec2-automate-backup Key=InstanceId,Value= Key=InstanceName,Value= Key=PurgeAfterFE,Value=1493583314 Key=PurgeAllow,Value=true Key=Volume,Value=vol-3e515181 Key=Created,Value=1490991314
INSTANCE i-24b0eb9c
INSTANCE NAME: igv-ec2-web02
Tagging Snapshot snap-00a3565356cd125a0 with the following Tags: Key=CreatedBy,Value=ec2-automate-backup Key=InstanceId,Value=i-24b0eb9c Key=InstanceName,Value=igv-ec2-web02 Key=PurgeAfterFE,Value=1493583314 Key=PurgeAllow,Value=true Key=Volume,Value=vol-3d515182 Key=Created,Value=1490991314
INSTANCE i-46b0ebfe
INSTANCE NAME: igv-ec2-im02
Tagging Snapshot snap-015cb1030210a8d35 with the following Tags: Key=CreatedBy,Value=ec2-automate-backup Key=InstanceId,Value=i-46b0ebfe Key=InstanceName,Value=igv-ec2-im02 Key=PurgeAfterFE,Value=1493583314 Key=PurgeAllow,Value=true Key=Volume,Value=vol-2d515192 Key=Created,Value=1490991314
INSTANCE i-2eb0eb96
INSTANCE NAME: igv-ec2-fs02
Tagging Snapshot snap-064dcbf260e8b5a29 with the following Tags: Key=CreatedBy,Value=ec2-automate-backup Key=InstanceId,Value=i-2eb0eb96 Key=InstanceName,Value=igv-ec2-fs02 Key=PurgeAfterFE,Value=1493583314 Key=PurgeAllow,Value=true Key=Volume,Value=vol-2151519e Key=Created,Value=1490991314
INSTANCE i-2eb0eb96
INSTANCE NAME: igv-ec2-fs02
Tagging Snapshot snap-0d16492ca109fc484 with the following Tags: Key=CreatedBy,Value=ec2-automate-backup Key=InstanceId,Value=i-2eb0eb96 Key=InstanceName,Value=igv-ec2-fs02 Key=PurgeAfterFE,Value=1493583314 Key=PurgeAllow,Value=true Key=Volume,Value=vol-2051519f Key=Created,Value=1490991314
INSTANCE i-ecbd9b54
INSTANCE NAME: uat-igv-ec2-fs02
Tagging Snapshot snap-0263e7908d79b9904 with the following Tags: Key=CreatedBy,Value=ec2-automate-backup Key=InstanceId,Value=i-ecbd9b54 Key=InstanceName,Value=uat-igv-ec2-fs02 Key=PurgeAfterFE,Value=1493583314 Key=PurgeAllow,Value=true Key=Volume,Value=vol-1c0114a3 Key=Created,Value=1490991314
INSTANCE 
INSTANCE NAME: 
Tagging Snapshot snap-07966bbc47c3a0177 with the following Tags: Key=CreatedBy,Value=ec2-automate-backup Key=InstanceId,Value= Key=InstanceName,Value= Key=PurgeAfterFE,Value=1493583314 Key=PurgeAllow,Value=true Key=Volume,Value=vol-1b0114a4 Key=Created,Value=1490991314
INSTANCE 
INSTANCE NAME: 
Tagging Snapshot snap-0a149d7a3270587ae with the following Tags: Key=CreatedBy,Value=ec2-automate-backup Key=InstanceId,Value= Key=InstanceName,Value= Key=PurgeAfterFE,Value=1493583314 Key=PurgeAllow,Value=true Key=Volume,Value=vol-070114b8 Key=Created,Value=1490991314
INSTANCE 
INSTANCE NAME: 
Tagging Snapshot snap-0ef0a0a39d37c1a65 with the following Tags: Key=CreatedBy,Value=ec2-automate-backup Key=InstanceId,Value= Key=InstanceName,Value= Key=PurgeAfterFE,Value=1493583314 Key=PurgeAllow,Value=true Key=Volume,Value=vol-32d8cd8d Key=Created,Value=1490991314
INSTANCE 
INSTANCE NAME: 
Tagging Snapshot snap-08d3b89a9e8a31e73 with the following Tags: Key=CreatedBy,Value=ec2-automate-backup Key=InstanceId,Value= Key=InstanceName,Value= Key=PurgeAfterFE,Value=1493583314 Key=PurgeAllow,Value=true Key=Volume,Value=vol-99dbce26 Key=Created,Value=1490991314
INSTANCE i-e599bf5d
INSTANCE NAME: uat-igv-ec2-im02
Tagging Snapshot snap-08436a4a1407ceb09 with the following Tags: Key=CreatedBy,Value=ec2-automate-backup Key=InstanceId,Value=i-e599bf5d Key=InstanceName,Value=uat-igv-ec2-im02 Key=PurgeAfterFE,Value=1493583314 Key=PurgeAllow,Value=true Key=Volume,Value=vol-87dbce38 Key=Created,Value=1490991314
INSTANCE i-46b0ebfe
INSTANCE NAME: igv-ec2-im02
Tagging Snapshot snap-0a8fa1263bed639ce with the following Tags: Key=CreatedBy,Value=ec2-automate-backup Key=InstanceId,Value=i-46b0ebfe Key=InstanceName,Value=igv-ec2-im02 Key=PurgeAfterFE,Value=1493583314 Key=PurgeAllow,Value=true Key=Volume,Value=vol-0d15268307606d6f0 Key=Created,Value=1490991314
INSTANCE i-2eb0eb96
INSTANCE NAME: igv-ec2-fs02
Tagging Snapshot snap-0b3bb763ba9d6ad4e with the following Tags: Key=CreatedBy,Value=ec2-automate-backup Key=InstanceId,Value=i-2eb0eb96 Key=InstanceName,Value=igv-ec2-fs02 Key=PurgeAfterFE,Value=1493583314 Key=PurgeAllow,Value=true Key=Volume,Value=vol-0e009e505c05a452a Key=Created,Value=1490991314
INSTANCE i-24b0eb9c
INSTANCE NAME: igv-ec2-web02
Tagging Snapshot snap-09923c7721077e8fa with the following Tags: Key=CreatedBy,Value=ec2-automate-backup Key=InstanceId,Value=i-24b0eb9c Key=InstanceName,Value=igv-ec2-web02 Key=PurgeAfterFE,Value=1493583314 Key=PurgeAllow,Value=true Key=Volume,Value=vol-0b69cceb822f7a407 Key=Created,Value=1490991314
INSTANCE i-24b0eb9c
INSTANCE NAME: igv-ec2-web02
Tagging Snapshot snap-05fafa4fc71aa95b3 with the following Tags: Key=CreatedBy,Value=ec2-automate-backup Key=InstanceId,Value=i-24b0eb9c Key=InstanceName,Value=igv-ec2-web02 Key=PurgeAfterFE,Value=1493583314 Key=PurgeAllow,Value=true Key=Volume,Value=vol-0857f1e325fd6018e Key=Created,Value=1490991314
INSTANCE i-ecbd9b54
INSTANCE NAME: uat-igv-ec2-fs02
Tagging Snapshot snap-0f28a5f8e4c643f06 with the following Tags: Key=CreatedBy,Value=ec2-automate-backup Key=InstanceId,Value=i-ecbd9b54 Key=InstanceName,Value=uat-igv-ec2-fs02 Key=PurgeAfterFE,Value=1493583314 Key=PurgeAllow,Value=true Key=Volume,Value=vol-0aeb647bfb345986b Key=Created,Value=1490991314
INSTANCE i-e599bf5d
INSTANCE NAME: uat-igv-ec2-im02
Tagging Snapshot snap-041ede44e45e6e9c6 with the following Tags: Key=CreatedBy,Value=ec2-automate-backup Key=InstanceId,Value=i-e599bf5d Key=InstanceName,Value=uat-igv-ec2-im02 Key=PurgeAfterFE,Value=1493583314 Key=PurgeAllow,Value=true Key=Volume,Value=vol-090d85094cc305b84 Key=Created,Value=1490991314
INSTANCE i-e599bf5d
INSTANCE NAME: uat-igv-ec2-im02
Tagging Snapshot snap-02d33a1150a157b84 with the following Tags: Key=CreatedBy,Value=ec2-automate-backup Key=InstanceId,Value=i-e599bf5d Key=InstanceName,Value=uat-igv-ec2-im02 Key=PurgeAfterFE,Value=1493583314 Key=PurgeAllow,Value=true Key=Volume,Value=vol-06ef69f28a2955ade Key=Created,Value=1490991314
INSTANCE i-ecbd9b54
INSTANCE NAME: uat-igv-ec2-fs02
Tagging Snapshot snap-0f0fb46dceb175c38 with the following Tags: Key=CreatedBy,Value=ec2-automate-backup Key=InstanceId,Value=i-ecbd9b54 Key=InstanceName,Value=uat-igv-ec2-fs02 Key=PurgeAfterFE,Value=1493583314 Key=PurgeAllow,Value=true Key=Volume,Value=vol-03d55165c7fdb0d9e Key=Created,Value=1490991314
INSTANCE i-b486a98c
INSTANCE NAME: igv-ec2-im01
Tagging Snapshot snap-0c4790ec48c23ebf8 with the following Tags: Key=CreatedBy,Value=ec2-automate-backup Key=InstanceId,Value=i-b486a98c Key=InstanceName,Value=igv-ec2-im01 Key=PurgeAfterFE,Value=1493583314 Key=PurgeAllow,Value=true Key=Volume,Value=vol-64bceae1 Key=Created,Value=1490991314
INSTANCE i-b486a98c
INSTANCE NAME: igv-ec2-im01
Tagging Snapshot snap-05c74812128a4ff8b with the following Tags: Key=CreatedBy,Value=ec2-automate-backup Key=InstanceId,Value=i-b486a98c Key=InstanceName,Value=igv-ec2-im01 Key=PurgeAfterFE,Value=1493583314 Key=PurgeAllow,Value=true Key=Volume,Value=vol-67bceae2 Key=Created,Value=1490991314
INSTANCE i-b287a88a
INSTANCE NAME: igv-ec2-web01
Tagging Snapshot snap-06ce90e99cd7fc81d with the following Tags: Key=CreatedBy,Value=ec2-automate-backup Key=InstanceId,Value=i-b287a88a Key=InstanceName,Value=igv-ec2-web01 Key=PurgeAfterFE,Value=1493583314 Key=PurgeAllow,Value=true Key=Volume,Value=vol-b5bdeb30 Key=Created,Value=1490991314
INSTANCE i-b287a88a
INSTANCE NAME: igv-ec2-web01
Tagging Snapshot snap-091bd3a6db9124953 with the following Tags: Key=CreatedBy,Value=ec2-automate-backup Key=InstanceId,Value=i-b287a88a Key=InstanceName,Value=igv-ec2-web01 Key=PurgeAfterFE,Value=1493583314 Key=PurgeAllow,Value=true Key=Volume,Value=vol-c7bdeb42 Key=Created,Value=1490991314
INSTANCE i-0a87a832
INSTANCE NAME: igv-ec2-fs01
Tagging Snapshot snap-07e982569be866add with the following Tags: Key=CreatedBy,Value=ec2-automate-backup Key=InstanceId,Value=i-0a87a832 Key=InstanceName,Value=igv-ec2-fs01 Key=PurgeAfterFE,Value=1493583314 Key=PurgeAllow,Value=true Key=Volume,Value=vol-30bdebb5 Key=Created,Value=1490991314
INSTANCE i-0a87a832
INSTANCE NAME: igv-ec2-fs01
Tagging Snapshot snap-0e2796dd9beec1f0e with the following Tags: Key=CreatedBy,Value=ec2-automate-backup Key=InstanceId,Value=i-0a87a832 Key=InstanceName,Value=igv-ec2-fs01 Key=PurgeAfterFE,Value=1493583314 Key=PurgeAllow,Value=true Key=Volume,Value=vol-65bdebe0 Key=Created,Value=1490991314
INSTANCE i-e3dcf6db
INSTANCE NAME: uat-igv-ec2-web01
Tagging Snapshot snap-04cd807dde2ffe414 with the following Tags: Key=CreatedBy,Value=ec2-automate-backup Key=InstanceId,Value=i-e3dcf6db Key=InstanceName,Value=uat-igv-ec2-web01 Key=PurgeAfterFE,Value=1493583314 Key=PurgeAllow,Value=true Key=Volume,Value=vol-60b0e8e5 Key=Created,Value=1490991314
INSTANCE i-e3dcf6db
INSTANCE NAME: uat-igv-ec2-web01
Tagging Snapshot snap-0d8508fdf1cd41e63 with the following Tags: Key=CreatedBy,Value=ec2-automate-backup Key=InstanceId,Value=i-e3dcf6db Key=InstanceName,Value=uat-igv-ec2-web01 Key=PurgeAfterFE,Value=1493583314 Key=PurgeAllow,Value=true Key=Volume,Value=vol-73b0e8f6 Key=Created,Value=1490991314
INSTANCE i-aacec892
INSTANCE NAME: newTags
Tagging Snapshot snap-0993024248651bdb4 with the following Tags: Key=CreatedBy,Value=ec2-automate-backup Key=InstanceId,Value=i-aacec892 Key=InstanceName,Value=newTags Key=PurgeAfterFE,Value=1493583314 Key=PurgeAllow,Value=true Key=Volume,Value=vol-10241f95 Key=Created,Value=1490991314
INSTANCE i-e3dcf6db
INSTANCE NAME: uat-igv-ec2-web01
Tagging Snapshot snap-08cb48aeecac03b58 with the following Tags: Key=CreatedBy,Value=ec2-automate-backup Key=InstanceId,Value=i-e3dcf6db Key=InstanceName,Value=uat-igv-ec2-web01 Key=PurgeAfterFE,Value=1493583314 Key=PurgeAllow,Value=true Key=Volume,Value=vol-010b6aec845fdc72e Key=Created,Value=1490991314
INSTANCE i-b486a98c
INSTANCE NAME: igv-ec2-im01
Tagging Snapshot snap-0762fa13b7002a115 with the following Tags: Key=CreatedBy,Value=ec2-automate-backup Key=InstanceId,Value=i-b486a98c Key=InstanceName,Value=igv-ec2-im01 Key=PurgeAfterFE,Value=1493583314 Key=PurgeAllow,Value=true Key=Volume,Value=vol-039deb6f07ed7c60c Key=Created,Value=1490991314
INSTANCE i-0a87a832
INSTANCE NAME: igv-ec2-fs01
Tagging Snapshot snap-07d7fb6cfdbf928dd with the following Tags: Key=CreatedBy,Value=ec2-automate-backup Key=InstanceId,Value=i-0a87a832 Key=InstanceName,Value=igv-ec2-fs01 Key=PurgeAfterFE,Value=1493583314 Key=PurgeAllow,Value=true Key=Volume,Value=vol-095211fa83f1b6524 Key=Created,Value=1490991314
INSTANCE i-b287a88a
INSTANCE NAME: igv-ec2-web01
Tagging Snapshot snap-03ee838d8c313bd55 with the following Tags: Key=CreatedBy,Value=ec2-automate-backup Key=InstanceId,Value=i-b287a88a Key=InstanceName,Value=igv-ec2-web01 Key=PurgeAfterFE,Value=1493583314 Key=PurgeAllow,Value=true Key=Volume,Value=vol-0cd7c487775e1e6bb Key=Created,Value=1490991314
Snapshot Purging is Starting Now.
