Snapshots taken by ec2-volumes-autobackup.sh will be eligible for purging after the following date (the purge after date given in seconds from epoch): 1493921404.
INSTANCE i-526547ea
INSTANCE NAME: test_internetds_nat02
Tagging Snapshot snap-09cd464fc7a44e832 with the following Tags: Key=CreatedBy,Value=ec2-automate-backup Key=InstanceId,Value=i-526547ea Key=InstanceName,Value=test_internetds_nat02 Key=PurgeAfterFE,Value=1493921404 Key=PurgeAllow,Value=true Key=Volume,Value=vol-719282ce Key=Created,Value=1491329404
INSTANCE i-b17a5809
INSTANCE NAME: uat_internetds_front_app01
Tagging Snapshot snap-00ae79b9041bb4424 with the following Tags: Key=CreatedBy,Value=ec2-automate-backup Key=InstanceId,Value=i-b17a5809 Key=InstanceName,Value=uat_internetds_front_app01 Key=PurgeAfterFE,Value=1493921404 Key=PurgeAllow,Value=true Key=Volume,Value=vol-c6849479 Key=Created,Value=1491329404
INSTANCE i-b17a5809
INSTANCE NAME: uat_internetds_front_app01
Tagging Snapshot snap-0f4ea5c7edd460081 with the following Tags: Key=CreatedBy,Value=ec2-automate-backup Key=InstanceId,Value=i-b17a5809 Key=InstanceName,Value=uat_internetds_front_app01 Key=PurgeAfterFE,Value=1493921404 Key=PurgeAllow,Value=true Key=Volume,Value=vol-3084948f Key=Created,Value=1491329404
INSTANCE i-8a7a5832
INSTANCE NAME: uat_internetds_mid01
Tagging Snapshot snap-097b985bd0885cf94 with the following Tags: Key=CreatedBy,Value=ec2-automate-backup Key=InstanceId,Value=i-8a7a5832 Key=InstanceName,Value=uat_internetds_mid01 Key=PurgeAfterFE,Value=1493921404 Key=PurgeAllow,Value=true Key=Volume,Value=vol-8c859533 Key=Created,Value=1491329404
INSTANCE i-8a7a5832
INSTANCE NAME: uat_internetds_mid01
Tagging Snapshot snap-0d05391f193cebf4d with the following Tags: Key=CreatedBy,Value=ec2-automate-backup Key=InstanceId,Value=i-8a7a5832 Key=InstanceName,Value=uat_internetds_mid01 Key=PurgeAfterFE,Value=1493921404 Key=PurgeAllow,Value=true Key=Volume,Value=vol-798595c6 Key=Created,Value=1491329404
INSTANCE i-1b7a58a3
INSTANCE NAME: uat_internetds_opsmon_mongo01
Tagging Snapshot snap-0f690ce2fceb82185 with the following Tags: Key=CreatedBy,Value=ec2-automate-backup Key=InstanceId,Value=i-1b7a58a3 Key=InstanceName,Value=uat_internetds_opsmon_mongo01 Key=PurgeAfterFE,Value=1493921404 Key=PurgeAllow,Value=true Key=Volume,Value=vol-bf879700 Key=Created,Value=1491329404
INSTANCE i-1a7a58a2
INSTANCE NAME: uat_internetds_opsmon_mongo02
Tagging Snapshot snap-02082f6b337e7c76d with the following Tags: Key=CreatedBy,Value=ec2-automate-backup Key=InstanceId,Value=i-1a7a58a2 Key=InstanceName,Value=uat_internetds_opsmon_mongo02 Key=PurgeAfterFE,Value=1493921404 Key=PurgeAllow,Value=true Key=Volume,Value=vol-fd879742 Key=Created,Value=1491329404
INSTANCE i-1b7a58a3
INSTANCE NAME: uat_internetds_opsmon_mongo01
Tagging Snapshot snap-07a5630ce6fbdc8c3 with the following Tags: Key=CreatedBy,Value=ec2-automate-backup Key=InstanceId,Value=i-1b7a58a3 Key=InstanceName,Value=uat_internetds_opsmon_mongo01 Key=PurgeAfterFE,Value=1493921404 Key=PurgeAllow,Value=true Key=Volume,Value=vol-e287975d Key=Created,Value=1491329404
INSTANCE i-1a7a58a2
INSTANCE NAME: uat_internetds_opsmon_mongo02
Tagging Snapshot snap-0dddb389e07727b72 with the following Tags: Key=CreatedBy,Value=ec2-automate-backup Key=InstanceId,Value=i-1a7a58a2 Key=InstanceName,Value=uat_internetds_opsmon_mongo02 Key=PurgeAfterFE,Value=1493921404 Key=PurgeAllow,Value=true Key=Volume,Value=vol-e187975e Key=Created,Value=1491329404
INSTANCE i-c7795b7f
INSTANCE NAME: uat_internetds_life_app02
Tagging Snapshot snap-05352c396edb14556 with the following Tags: Key=CreatedBy,Value=ec2-automate-backup Key=InstanceId,Value=i-c7795b7f Key=InstanceName,Value=uat_internetds_life_app02 Key=PurgeAfterFE,Value=1493921404 Key=PurgeAllow,Value=true Key=Volume,Value=vol-698b9bd6 Key=Created,Value=1491329404
INSTANCE i-c7795b7f
INSTANCE NAME: uat_internetds_life_app02
Tagging Snapshot snap-094f39534caf21329 with the following Tags: Key=CreatedBy,Value=ec2-automate-backup Key=InstanceId,Value=i-c7795b7f Key=InstanceName,Value=uat_internetds_life_app02 Key=PurgeAfterFE,Value=1493921404 Key=PurgeAllow,Value=true Key=Volume,Value=vol-fa8c9c45 Key=Created,Value=1491329404
INSTANCE i-d6785a6e
INSTANCE NAME: dev_internetds_front_app02
Tagging Snapshot snap-09df2e5457f009e8c with the following Tags: Key=CreatedBy,Value=ec2-automate-backup Key=InstanceId,Value=i-d6785a6e Key=InstanceName,Value=dev_internetds_front_app02 Key=PurgeAfterFE,Value=1493921404 Key=PurgeAllow,Value=true Key=Volume,Value=vol-068c9cb9 Key=Created,Value=1491329404
INSTANCE i-d6785a6e
INSTANCE NAME: dev_internetds_front_app02
Tagging Snapshot snap-0d01fec657fa4fb4f with the following Tags: Key=CreatedBy,Value=ec2-automate-backup Key=InstanceId,Value=i-d6785a6e Key=InstanceName,Value=dev_internetds_front_app02 Key=PurgeAfterFE,Value=1493921404 Key=PurgeAllow,Value=true Key=Volume,Value=vol-058c9cba Key=Created,Value=1491329404
INSTANCE i-3f7e5c87
INSTANCE NAME: dev_internetds_opsmon_mongo02
Tagging Snapshot snap-00959c9d7b4c6f8dc with the following Tags: Key=CreatedBy,Value=ec2-automate-backup Key=InstanceId,Value=i-3f7e5c87 Key=InstanceName,Value=dev_internetds_opsmon_mongo02 Key=PurgeAfterFE,Value=1493921404 Key=PurgeAllow,Value=true Key=Volume,Value=vol-738c9ccc Key=Created,Value=1491329404
INSTANCE i-3e7e5c86
INSTANCE NAME: dev_internetds_opsmon_mongo01
Tagging Snapshot snap-07bbe05e373fc8830 with the following Tags: Key=CreatedBy,Value=ec2-automate-backup Key=InstanceId,Value=i-3e7e5c86 Key=InstanceName,Value=dev_internetds_opsmon_mongo01 Key=PurgeAfterFE,Value=1493921404 Key=PurgeAllow,Value=true Key=Volume,Value=vol-528c9ced Key=Created,Value=1491329404
INSTANCE i-3f7e5c87
INSTANCE NAME: dev_internetds_opsmon_mongo02
Tagging Snapshot snap-0a6eae7ca187b4b74 with the following Tags: Key=CreatedBy,Value=ec2-automate-backup Key=InstanceId,Value=i-3f7e5c87 Key=InstanceName,Value=dev_internetds_opsmon_mongo02 Key=PurgeAfterFE,Value=1493921404 Key=PurgeAllow,Value=true Key=Volume,Value=vol-bd8d9d02 Key=Created,Value=1491329404
INSTANCE i-3e7e5c86
INSTANCE NAME: dev_internetds_opsmon_mongo01
Tagging Snapshot snap-0ee7c793bd6e0e4f6 with the following Tags: Key=CreatedBy,Value=ec2-automate-backup Key=InstanceId,Value=i-3e7e5c86 Key=InstanceName,Value=dev_internetds_opsmon_mongo01 Key=PurgeAfterFE,Value=1493921404 Key=PurgeAllow,Value=true Key=Volume,Value=vol-8e8d9d31 Key=Created,Value=1491329404
INSTANCE i-587e5ce0
INSTANCE NAME: uat_internetds_health_app01
Tagging Snapshot snap-0af4a3ec28bf1ab7c with the following Tags: Key=CreatedBy,Value=ec2-automate-backup Key=InstanceId,Value=i-587e5ce0 Key=InstanceName,Value=uat_internetds_health_app01 Key=PurgeAfterFE,Value=1493921404 Key=PurgeAllow,Value=true Key=Volume,Value=vol-738d9dcc Key=Created,Value=1491329404
INSTANCE i-587e5ce0
INSTANCE NAME: uat_internetds_health_app01
Tagging Snapshot snap-004af5089cdfb0ec0 with the following Tags: Key=CreatedBy,Value=ec2-automate-backup Key=InstanceId,Value=i-587e5ce0 Key=InstanceName,Value=uat_internetds_health_app01 Key=PurgeAfterFE,Value=1493921404 Key=PurgeAllow,Value=true Key=Volume,Value=vol-468d9df9 Key=Created,Value=1491329404
INSTANCE i-bd7e5c05
INSTANCE NAME: dev_internetds_health_app02
Tagging Snapshot snap-08e753235f66d7f38 with the following Tags: Key=CreatedBy,Value=ec2-automate-backup Key=InstanceId,Value=i-bd7e5c05 Key=InstanceName,Value=dev_internetds_health_app02 Key=PurgeAfterFE,Value=1493921404 Key=PurgeAllow,Value=true Key=Volume,Value=vol-e78e9e58 Key=Created,Value=1491329404
INSTANCE i-bd7e5c05
INSTANCE NAME: dev_internetds_health_app02
Tagging Snapshot snap-09d90bf943f974903 with the following Tags: Key=CreatedBy,Value=ec2-automate-backup Key=InstanceId,Value=i-bd7e5c05 Key=InstanceName,Value=dev_internetds_health_app02 Key=PurgeAfterFE,Value=1493921404 Key=PurgeAllow,Value=true Key=Volume,Value=vol-338e9e8c Key=Created,Value=1491329404
INSTANCE i-6d7f5dd5
INSTANCE NAME: dev_internetds_cache01
Tagging Snapshot snap-051ea4dbc6c0e9184 with the following Tags: Key=CreatedBy,Value=ec2-automate-backup Key=InstanceId,Value=i-6d7f5dd5 Key=InstanceName,Value=dev_internetds_cache01 Key=PurgeAfterFE,Value=1493921404 Key=PurgeAllow,Value=true Key=Volume,Value=vol-bab0a005 Key=Created,Value=1491329404
INSTANCE i-627f5dda
INSTANCE NAME: dev_internetds_mid02
Tagging Snapshot snap-010cea7c1bee2bd87 with the following Tags: Key=CreatedBy,Value=ec2-automate-backup Key=InstanceId,Value=i-627f5dda Key=InstanceName,Value=dev_internetds_mid02 Key=PurgeAfterFE,Value=1493921404 Key=PurgeAllow,Value=true Key=Volume,Value=vol-efb0a050 Key=Created,Value=1491329404
INSTANCE i-6d7f5dd5
INSTANCE NAME: dev_internetds_cache01
Tagging Snapshot snap-0a49d1ce903dc2054 with the following Tags: Key=CreatedBy,Value=ec2-automate-backup Key=InstanceId,Value=i-6d7f5dd5 Key=InstanceName,Value=dev_internetds_cache01 Key=PurgeAfterFE,Value=1493921404 Key=PurgeAllow,Value=true Key=Volume,Value=vol-d4b0a06b Key=Created,Value=1491329404
INSTANCE i-627f5dda
INSTANCE NAME: dev_internetds_mid02
Tagging Snapshot snap-00e468359fcee2f47 with the following Tags: Key=CreatedBy,Value=ec2-automate-backup Key=InstanceId,Value=i-627f5dda Key=InstanceName,Value=dev_internetds_mid02 Key=PurgeAfterFE,Value=1493921404 Key=PurgeAllow,Value=true Key=Volume,Value=vol-c5b0a07a Key=Created,Value=1491329404
INSTANCE i-397f5d81
INSTANCE NAME: dev_internetds_datax_app02
Tagging Snapshot snap-0198c384e8f35e99d with the following Tags: Key=CreatedBy,Value=ec2-automate-backup Key=InstanceId,Value=i-397f5d81 Key=InstanceName,Value=dev_internetds_datax_app02 Key=PurgeAfterFE,Value=1493921404 Key=PurgeAllow,Value=true Key=Volume,Value=vol-14b0a0ab Key=Created,Value=1491329404
INSTANCE i-397f5d81
INSTANCE NAME: dev_internetds_datax_app02
Tagging Snapshot snap-09eee584256af7d83 with the following Tags: Key=CreatedBy,Value=ec2-automate-backup Key=InstanceId,Value=i-397f5d81 Key=InstanceName,Value=dev_internetds_datax_app02 Key=PurgeAfterFE,Value=1493921404 Key=PurgeAllow,Value=true Key=Volume,Value=vol-6db0a0d2 Key=Created,Value=1491329404
INSTANCE i-987f5d20
INSTANCE NAME: dev_internetds_cache02
Tagging Snapshot snap-050fc7ece154af9a2 with the following Tags: Key=CreatedBy,Value=ec2-automate-backup Key=InstanceId,Value=i-987f5d20 Key=InstanceName,Value=dev_internetds_cache02 Key=PurgeAfterFE,Value=1493921404 Key=PurgeAllow,Value=true Key=Volume,Value=vol-b8b1a107 Key=Created,Value=1491329404
INSTANCE i-8e7f5d36
INSTANCE NAME: uat_internetds_opsmon_app01
Tagging Snapshot snap-018af50003af5e7d8 with the following Tags: Key=CreatedBy,Value=ec2-automate-backup Key=InstanceId,Value=i-8e7f5d36 Key=InstanceName,Value=uat_internetds_opsmon_app01 Key=PurgeAfterFE,Value=1493921404 Key=PurgeAllow,Value=true Key=Volume,Value=vol-9cb1a123 Key=Created,Value=1491329404
INSTANCE i-987f5d20
INSTANCE NAME: dev_internetds_cache02
Tagging Snapshot snap-063dd8d320a4ab871 with the following Tags: Key=CreatedBy,Value=ec2-automate-backup Key=InstanceId,Value=i-987f5d20 Key=InstanceName,Value=dev_internetds_cache02 Key=PurgeAfterFE,Value=1493921404 Key=PurgeAllow,Value=true Key=Volume,Value=vol-90b1a12f Key=Created,Value=1491329404
INSTANCE i-8e7f5d36
INSTANCE NAME: uat_internetds_opsmon_app01
Tagging Snapshot snap-0aa41de4c3af3dc5a with the following Tags: Key=CreatedBy,Value=ec2-automate-backup Key=InstanceId,Value=i-8e7f5d36 Key=InstanceName,Value=uat_internetds_opsmon_app01 Key=PurgeAfterFE,Value=1493921404 Key=PurgeAllow,Value=true Key=Volume,Value=vol-86b1a139 Key=Created,Value=1491329404
INSTANCE i-aabd9012
INSTANCE NAME: test_epolicy_mail02
Tagging Snapshot snap-0ed4116f7da181b29 with the following Tags: Key=CreatedBy,Value=ec2-automate-backup Key=InstanceId,Value=i-aabd9012 Key=InstanceName,Value=test_epolicy_mail02 Key=PurgeAfterFE,Value=1493921404 Key=PurgeAllow,Value=true Key=Volume,Value=vol-ac205e31 Key=Created,Value=1491329404
INSTANCE i-aabd9012
INSTANCE NAME: test_epolicy_mail02
Tagging Snapshot snap-0be1472313e98484f with the following Tags: Key=CreatedBy,Value=ec2-automate-backup Key=InstanceId,Value=i-aabd9012 Key=InstanceName,Value=test_epolicy_mail02 Key=PurgeAfterFE,Value=1493921404 Key=PurgeAllow,Value=true Key=Volume,Value=vol-dc205e41 Key=Created,Value=1491329404
INSTANCE i-95260a2d
INSTANCE NAME: dev_internetds_life_app02
Tagging Snapshot snap-002526e8c3b5232f7 with the following Tags: Key=CreatedBy,Value=ec2-automate-backup Key=InstanceId,Value=i-95260a2d Key=InstanceName,Value=dev_internetds_life_app02 Key=PurgeAfterFE,Value=1493921404 Key=PurgeAllow,Value=true Key=Volume,Value=vol-f6f58b6b Key=Created,Value=1491329404
INSTANCE i-95260a2d
INSTANCE NAME: dev_internetds_life_app02
Tagging Snapshot snap-0a491234c2910243f with the following Tags: Key=CreatedBy,Value=ec2-automate-backup Key=InstanceId,Value=i-95260a2d Key=InstanceName,Value=dev_internetds_life_app02 Key=PurgeAfterFE,Value=1493921404 Key=PurgeAllow,Value=true Key=Volume,Value=vol-28f58bb5 Key=Created,Value=1491329404
INSTANCE i-f3ddf24b
INSTANCE NAME: uat_internetds_datax_app3
Tagging Snapshot snap-0e4002e98e1de89b7 with the following Tags: Key=CreatedBy,Value=ec2-automate-backup Key=InstanceId,Value=i-f3ddf24b Key=InstanceName,Value=uat_internetds_datax_app3 Key=PurgeAfterFE,Value=1493921404 Key=PurgeAllow,Value=true Key=Volume,Value=vol-19394284 Key=Created,Value=1491329404
INSTANCE i-43ddf2fb
INSTANCE NAME: uat_internetds_datax_app4
Tagging Snapshot snap-08200dc434300b4f8 with the following Tags: Key=CreatedBy,Value=ec2-automate-backup Key=InstanceId,Value=i-43ddf2fb Key=InstanceName,Value=uat_internetds_datax_app4 Key=PurgeAfterFE,Value=1493921404 Key=PurgeAllow,Value=true Key=Volume,Value=vol-393942a4 Key=Created,Value=1491329404
INSTANCE i-f3ddf24b
INSTANCE NAME: uat_internetds_datax_app3
Tagging Snapshot snap-09ca860f40260b4c8 with the following Tags: Key=CreatedBy,Value=ec2-automate-backup Key=InstanceId,Value=i-f3ddf24b Key=InstanceName,Value=uat_internetds_datax_app3 Key=PurgeAfterFE,Value=1493921404 Key=PurgeAllow,Value=true Key=Volume,Value=vol-503942cd Key=Created,Value=1491329404
INSTANCE i-43ddf2fb
INSTANCE NAME: uat_internetds_datax_app4
Tagging Snapshot snap-010ddc3ae517ef8cd with the following Tags: Key=CreatedBy,Value=ec2-automate-backup Key=InstanceId,Value=i-43ddf2fb Key=InstanceName,Value=uat_internetds_datax_app4 Key=PurgeAfterFE,Value=1493921404 Key=PurgeAllow,Value=true Key=Volume,Value=vol-8038431d Key=Created,Value=1491329404
INSTANCE i-4b042af3
INSTANCE NAME: internetds_front_nginx02
Tagging Snapshot snap-01c7756c51a3d3dd5 with the following Tags: Key=CreatedBy,Value=ec2-automate-backup Key=InstanceId,Value=i-4b042af3 Key=InstanceName,Value=internetds_front_nginx02 Key=PurgeAfterFE,Value=1493921404 Key=PurgeAllow,Value=true Key=Volume,Value=vol-51215bcc Key=Created,Value=1491329404
INSTANCE i-da042a62
INSTANCE NAME: internetds_front_zkp_app02
Tagging Snapshot snap-01921ea862a504a16 with the following Tags: Key=CreatedBy,Value=ec2-automate-backup Key=InstanceId,Value=i-da042a62 Key=InstanceName,Value=internetds_front_zkp_app02 Key=PurgeAfterFE,Value=1493921404 Key=PurgeAllow,Value=true Key=Volume,Value=vol-7e215be3 Key=Created,Value=1491329404
INSTANCE i-4b042af3
INSTANCE NAME: internetds_front_nginx02
Tagging Snapshot snap-0ce7a75735267ba51 with the following Tags: Key=CreatedBy,Value=ec2-automate-backup Key=InstanceId,Value=i-4b042af3 Key=InstanceName,Value=internetds_front_nginx02 Key=PurgeAfterFE,Value=1493921404 Key=PurgeAllow,Value=true Key=Volume,Value=vol-6c215bf1 Key=Created,Value=1491329404
INSTANCE i-c1042a79
INSTANCE NAME: internetds_front_mq_app02
Tagging Snapshot snap-0519ea4c507002c36 with the following Tags: Key=CreatedBy,Value=ec2-automate-backup Key=InstanceId,Value=i-c1042a79 Key=InstanceName,Value=internetds_front_mq_app02 Key=PurgeAfterFE,Value=1493921404 Key=PurgeAllow,Value=true Key=Volume,Value=vol-dc265c41 Key=Created,Value=1491329404
INSTANCE i-c1042a79
INSTANCE NAME: internetds_front_mq_app02
Tagging Snapshot snap-022bde3a5798a3fa2 with the following Tags: Key=CreatedBy,Value=ec2-automate-backup Key=InstanceId,Value=i-c1042a79 Key=InstanceName,Value=internetds_front_mq_app02 Key=PurgeAfterFE,Value=1493921404 Key=PurgeAllow,Value=true Key=Volume,Value=vol-df265c42 Key=Created,Value=1491329404
INSTANCE i-da042a62
INSTANCE NAME: internetds_front_zkp_app02
Tagging Snapshot snap-05b34096acd4cbbb1 with the following Tags: Key=CreatedBy,Value=ec2-automate-backup Key=InstanceId,Value=i-da042a62 Key=InstanceName,Value=internetds_front_zkp_app02 Key=PurgeAfterFE,Value=1493921404 Key=PurgeAllow,Value=true Key=Volume,Value=vol-d4265c49 Key=Created,Value=1491329404
INSTANCE i-c5042a7d
INSTANCE NAME: internetds_front_dsjr_app02
Tagging Snapshot snap-02b7298bb0baeb2ac with the following Tags: Key=CreatedBy,Value=ec2-automate-backup Key=InstanceId,Value=i-c5042a7d Key=InstanceName,Value=internetds_front_dsjr_app02 Key=PurgeAfterFE,Value=1493921404 Key=PurgeAllow,Value=true Key=Volume,Value=vol-c7265c5a Key=Created,Value=1491329404
INSTANCE i-a9052b11
INSTANCE NAME: internetds_front_yyzc_app02
Tagging Snapshot snap-0b5105ea37b874e34 with the following Tags: Key=CreatedBy,Value=ec2-automate-backup Key=InstanceId,Value=i-a9052b11 Key=InstanceName,Value=internetds_front_yyzc_app02 Key=PurgeAfterFE,Value=1493921404 Key=PurgeAllow,Value=true Key=Volume,Value=vol-09265c94 Key=Created,Value=1491329404
INSTANCE i-c5042a7d
INSTANCE NAME: internetds_front_dsjr_app02
Tagging Snapshot snap-0e7e858796e8328f6 with the following Tags: Key=CreatedBy,Value=ec2-automate-backup Key=InstanceId,Value=i-c5042a7d Key=InstanceName,Value=internetds_front_dsjr_app02 Key=PurgeAfterFE,Value=1493921404 Key=PurgeAllow,Value=true Key=Volume,Value=vol-01265c9c Key=Created,Value=1491329404
INSTANCE i-a9052b11
INSTANCE NAME: internetds_front_yyzc_app02
Tagging Snapshot snap-03ff12a774fd5a05e with the following Tags: Key=CreatedBy,Value=ec2-automate-backup Key=InstanceId,Value=i-a9052b11 Key=InstanceName,Value=internetds_front_yyzc_app02 Key=PurgeAfterFE,Value=1493921404 Key=PurgeAllow,Value=true Key=Volume,Value=vol-46265cdb Key=Created,Value=1491329404
INSTANCE i-aa032d12
INSTANCE NAME: internetds_opsmon_app02
Tagging Snapshot snap-00df200a9796c9977 with the following Tags: Key=CreatedBy,Value=ec2-automate-backup Key=InstanceId,Value=i-aa032d12 Key=InstanceName,Value=internetds_opsmon_app02 Key=PurgeAfterFE,Value=1493921404 Key=PurgeAllow,Value=true Key=Volume,Value=vol-00255f9d Key=Created,Value=1491329404
INSTANCE i-aa032d12
INSTANCE NAME: internetds_opsmon_app02
Tagging Snapshot snap-09622fc2478928bef with the following Tags: Key=CreatedBy,Value=ec2-automate-backup Key=InstanceId,Value=i-aa032d12 Key=InstanceName,Value=internetds_opsmon_app02 Key=PurgeAfterFE,Value=1493921404 Key=PurgeAllow,Value=true Key=Volume,Value=vol-4e255fd3 Key=Created,Value=1491329404
INSTANCE i-64002edc
INSTANCE NAME: internetds_front_yyzc_app02
Tagging Snapshot snap-0f0ab91942598af96 with the following Tags: Key=CreatedBy,Value=ec2-automate-backup Key=InstanceId,Value=i-64002edc Key=InstanceName,Value=internetds_front_yyzc_app02 Key=PurgeAfterFE,Value=1493921404 Key=PurgeAllow,Value=true Key=Volume,Value=vol-ae1b6133 Key=Created,Value=1491329404
INSTANCE i-6d002ed5
INSTANCE NAME: internetds_dmz_nginx02
Tagging Snapshot snap-075601a59352c8db3 with the following Tags: Key=CreatedBy,Value=ec2-automate-backup Key=InstanceId,Value=i-6d002ed5 Key=InstanceName,Value=internetds_dmz_nginx02 Key=PurgeAfterFE,Value=1493921404 Key=PurgeAllow,Value=true Key=Volume,Value=vol-da1b6147 Key=Created,Value=1491329404
INSTANCE i-6d002ed5
INSTANCE NAME: internetds_dmz_nginx02
Tagging Snapshot snap-06f669c5b15501e53 with the following Tags: Key=CreatedBy,Value=ec2-automate-backup Key=InstanceId,Value=i-6d002ed5 Key=InstanceName,Value=internetds_dmz_nginx02 Key=PurgeAfterFE,Value=1493921404 Key=PurgeAllow,Value=true Key=Volume,Value=vol-f21b616f Key=Created,Value=1491329404
INSTANCE i-64002edc
INSTANCE NAME: internetds_front_yyzc_app02
Tagging Snapshot snap-0968131c7bb2739c3 with the following Tags: Key=CreatedBy,Value=ec2-automate-backup Key=InstanceId,Value=i-64002edc Key=InstanceName,Value=internetds_front_yyzc_app02 Key=PurgeAfterFE,Value=1493921404 Key=PurgeAllow,Value=true Key=Volume,Value=vol-181b6185 Key=Created,Value=1491329404
INSTANCE i-5a002ee2
INSTANCE NAME: internetds_nat02
Tagging Snapshot snap-0d64226b036160887 with the following Tags: Key=CreatedBy,Value=ec2-automate-backup Key=InstanceId,Value=i-5a002ee2 Key=InstanceName,Value=internetds_nat02 Key=PurgeAfterFE,Value=1493921404 Key=PurgeAllow,Value=true Key=Volume,Value=vol-7f1b61e2 Key=Created,Value=1491329404
INSTANCE i-79b59bc1
INSTANCE NAME: internetds_datax_app02
Tagging Snapshot snap-07e77f38b7054d180 with the following Tags: Key=CreatedBy,Value=ec2-automate-backup Key=InstanceId,Value=i-79b59bc1 Key=InstanceName,Value=internetds_datax_app02 Key=PurgeAfterFE,Value=1493921404 Key=PurgeAllow,Value=true Key=Volume,Value=vol-75f68ce8 Key=Created,Value=1491329404
INSTANCE i-7ab59bc2
INSTANCE NAME: internetds_datax_yc_app02
Tagging Snapshot snap-00a59fc331cb4d311 with the following Tags: Key=CreatedBy,Value=ec2-automate-backup Key=InstanceId,Value=i-7ab59bc2 Key=InstanceName,Value=internetds_datax_yc_app02 Key=PurgeAfterFE,Value=1493921404 Key=PurgeAllow,Value=true Key=Volume,Value=vol-74f68ce9 Key=Created,Value=1491329404
INSTANCE i-7ab59bc2
INSTANCE NAME: internetds_datax_yc_app02
Tagging Snapshot snap-00329f7e3de93ca62 with the following Tags: Key=CreatedBy,Value=ec2-automate-backup Key=InstanceId,Value=i-7ab59bc2 Key=InstanceName,Value=internetds_datax_yc_app02 Key=PurgeAfterFE,Value=1493921404 Key=PurgeAllow,Value=true Key=Volume,Value=vol-92f78d0f Key=Created,Value=1491329404
INSTANCE i-79b59bc1
INSTANCE NAME: internetds_datax_app02
Tagging Snapshot snap-007c31e0e24de1e05 with the following Tags: Key=CreatedBy,Value=ec2-automate-backup Key=InstanceId,Value=i-79b59bc1 Key=InstanceName,Value=internetds_datax_app02 Key=PurgeAfterFE,Value=1493921404 Key=PurgeAllow,Value=true Key=Volume,Value=vol-a9f78d34 Key=Created,Value=1491329404
INSTANCE i-046148bc
INSTANCE NAME: internetds_epolicy_app03
Tagging Snapshot snap-013714097fa9d7795 with the following Tags: Key=CreatedBy,Value=ec2-automate-backup Key=InstanceId,Value=i-046148bc Key=InstanceName,Value=internetds_epolicy_app03 Key=PurgeAfterFE,Value=1493921404 Key=PurgeAllow,Value=true Key=Volume,Value=vol-bc165321 Key=Created,Value=1491329404
INSTANCE i-046148bc
INSTANCE NAME: internetds_epolicy_app03
Tagging Snapshot snap-0bf68b22c434b5900 with the following Tags: Key=CreatedBy,Value=ec2-automate-backup Key=InstanceId,Value=i-046148bc Key=InstanceName,Value=internetds_epolicy_app03 Key=PurgeAfterFE,Value=1493921404 Key=PurgeAllow,Value=true Key=Volume,Value=vol-db165346 Key=Created,Value=1491329404
INSTANCE i-056148bd
INSTANCE NAME: internetds_epolicy_app04
Tagging Snapshot snap-0493856179515abd5 with the following Tags: Key=CreatedBy,Value=ec2-automate-backup Key=InstanceId,Value=i-056148bd Key=InstanceName,Value=internetds_epolicy_app04 Key=PurgeAfterFE,Value=1493921404 Key=PurgeAllow,Value=true Key=Volume,Value=vol-fd165360 Key=Created,Value=1491329404
INSTANCE i-056148bd
INSTANCE NAME: internetds_epolicy_app04
Tagging Snapshot snap-045b0fbc51de7ab41 with the following Tags: Key=CreatedBy,Value=ec2-automate-backup Key=InstanceId,Value=i-056148bd Key=InstanceName,Value=internetds_epolicy_app04 Key=PurgeAfterFE,Value=1493921404 Key=PurgeAllow,Value=true Key=Volume,Value=vol-e4165379 Key=Created,Value=1491329404
INSTANCE i-51634ae9
INSTANCE NAME: internetds_dmz_email02
Tagging Snapshot snap-0bcbc1bf3fce5b0c8 with the following Tags: Key=CreatedBy,Value=ec2-automate-backup Key=InstanceId,Value=i-51634ae9 Key=InstanceName,Value=internetds_dmz_email02 Key=PurgeAfterFE,Value=1493921404 Key=PurgeAllow,Value=true Key=Volume,Value=vol-b210552f Key=Created,Value=1491329404
INSTANCE i-51634ae9
INSTANCE NAME: internetds_dmz_email02
Tagging Snapshot snap-03f407a23ad64d46a with the following Tags: Key=CreatedBy,Value=ec2-automate-backup Key=InstanceId,Value=i-51634ae9 Key=InstanceName,Value=internetds_dmz_email02 Key=PurgeAfterFE,Value=1493921404 Key=PurgeAllow,Value=true Key=Volume,Value=vol-d9105544 Key=Created,Value=1491329404
INSTANCE i-e298b05a
INSTANCE NAME: internetds_epolicy_app07
Tagging Snapshot snap-07af8af5fa851daeb with the following Tags: Key=CreatedBy,Value=ec2-automate-backup Key=InstanceId,Value=i-e298b05a Key=InstanceName,Value=internetds_epolicy_app07 Key=PurgeAfterFE,Value=1493921404 Key=PurgeAllow,Value=true Key=Volume,Value=vol-17e8af8a Key=Created,Value=1491329404
INSTANCE i-e398b05b
INSTANCE NAME: internetds_epolicy_app08
Tagging Snapshot snap-09363ac374a1afcba with the following Tags: Key=CreatedBy,Value=ec2-automate-backup Key=InstanceId,Value=i-e398b05b Key=InstanceName,Value=internetds_epolicy_app08 Key=PurgeAfterFE,Value=1493921404 Key=PurgeAllow,Value=true Key=Volume,Value=vol-16e8af8b Key=Created,Value=1491329404
INSTANCE i-e398b05b
INSTANCE NAME: internetds_epolicy_app08
Tagging Snapshot snap-0e55918733cf3b6d4 with the following Tags: Key=CreatedBy,Value=ec2-automate-backup Key=InstanceId,Value=i-e398b05b Key=InstanceName,Value=internetds_epolicy_app08 Key=PurgeAfterFE,Value=1493921404 Key=PurgeAllow,Value=true Key=Volume,Value=vol-11e8af8c Key=Created,Value=1491329404
INSTANCE i-e298b05a
INSTANCE NAME: internetds_epolicy_app07
Tagging Snapshot snap-0aaede598a2c42d56 with the following Tags: Key=CreatedBy,Value=ec2-automate-backup Key=InstanceId,Value=i-e298b05a Key=InstanceName,Value=internetds_epolicy_app07 Key=PurgeAfterFE,Value=1493921404 Key=PurgeAllow,Value=true Key=Volume,Value=vol-34e8afa9 Key=Created,Value=1491329404
INSTANCE i-b61a2e0e
INSTANCE NAME: internetds_life_bq_app02
Tagging Snapshot snap-06d9b77efdeafe262 with the following Tags: Key=CreatedBy,Value=ec2-automate-backup Key=InstanceId,Value=i-b61a2e0e Key=InstanceName,Value=internetds_life_bq_app02 Key=PurgeAfterFE,Value=1493921404 Key=PurgeAllow,Value=true Key=Volume,Value=vol-b93a7824 Key=Created,Value=1491329404
INSTANCE i-741a2ecc
INSTANCE NAME: internetds_life_xqyhb_app02
Tagging Snapshot snap-008f3acfe937d61e3 with the following Tags: Key=CreatedBy,Value=ec2-automate-backup Key=InstanceId,Value=i-741a2ecc Key=InstanceName,Value=internetds_life_xqyhb_app02 Key=PurgeAfterFE,Value=1493921404 Key=PurgeAllow,Value=true Key=Volume,Value=vol-d63a784b Key=Created,Value=1491329404
INSTANCE i-741a2ecc
INSTANCE NAME: internetds_life_xqyhb_app02
Tagging Snapshot snap-0bc9a149b12336863 with the following Tags: Key=CreatedBy,Value=ec2-automate-backup Key=InstanceId,Value=i-741a2ecc Key=InstanceName,Value=internetds_life_xqyhb_app02 Key=PurgeAfterFE,Value=1493921404 Key=PurgeAllow,Value=true Key=Volume,Value=vol-1b3a7886 Key=Created,Value=1491329404
INSTANCE i-731a2ecb
INSTANCE NAME: internetds_life_bdgl_app02
Tagging Snapshot snap-0905d691220110ec5 with the following Tags: Key=CreatedBy,Value=ec2-automate-backup Key=InstanceId,Value=i-731a2ecb Key=InstanceName,Value=internetds_life_bdgl_app02 Key=PurgeAfterFE,Value=1493921404 Key=PurgeAllow,Value=true Key=Volume,Value=vol-353a78a8 Key=Created,Value=1491329404
INSTANCE i-4b1a2ef3
INSTANCE NAME: internetds_life_jsyq_app02
Tagging Snapshot snap-09ba37bafd2011124 with the following Tags: Key=CreatedBy,Value=ec2-automate-backup Key=InstanceId,Value=i-4b1a2ef3 Key=InstanceName,Value=internetds_life_jsyq_app02 Key=PurgeAfterFE,Value=1493921404 Key=PurgeAllow,Value=true Key=Volume,Value=vol-2d3a78b0 Key=Created,Value=1491329404
INSTANCE i-731a2ecb
INSTANCE NAME: internetds_life_bdgl_app02
Tagging Snapshot snap-08e11b8dae2fcf595 with the following Tags: Key=CreatedBy,Value=ec2-automate-backup Key=InstanceId,Value=i-731a2ecb Key=InstanceName,Value=internetds_life_bdgl_app02 Key=PurgeAfterFE,Value=1493921404 Key=PurgeAllow,Value=true Key=Volume,Value=vol-2e3a78b3 Key=Created,Value=1491329404
INSTANCE i-b61a2e0e
INSTANCE NAME: internetds_life_bq_app02
Tagging Snapshot snap-0c4190919d3d0f4a2 with the following Tags: Key=CreatedBy,Value=ec2-automate-backup Key=InstanceId,Value=i-b61a2e0e Key=InstanceName,Value=internetds_life_bq_app02 Key=PurgeAfterFE,Value=1493921404 Key=PurgeAllow,Value=true Key=Volume,Value=vol-583a78c5 Key=Created,Value=1491329404
INSTANCE i-4b1a2ef3
INSTANCE NAME: internetds_life_jsyq_app02
Tagging Snapshot snap-0ed7fdc845c372c7a with the following Tags: Key=CreatedBy,Value=ec2-automate-backup Key=InstanceId,Value=i-4b1a2ef3 Key=InstanceName,Value=internetds_life_jsyq_app02 Key=PurgeAfterFE,Value=1493921404 Key=PurgeAllow,Value=true Key=Volume,Value=vol-973b790a Key=Created,Value=1491329404
INSTANCE i-6b81b0d3
INSTANCE NAME: mgmt-bastion02
Tagging Snapshot snap-070274c9c14252362 with the following Tags: Key=CreatedBy,Value=ec2-automate-backup Key=InstanceId,Value=i-6b81b0d3 Key=InstanceName,Value=mgmt-bastion02 Key=PurgeAfterFE,Value=1493921404 Key=PurgeAllow,Value=true Key=Volume,Value=vol-22e6a8bf Key=Created,Value=1491329404
INSTANCE i-6b81b0d3
INSTANCE NAME: mgmt-bastion02
Tagging Snapshot snap-06c70c6e73eb63e67 with the following Tags: Key=CreatedBy,Value=ec2-automate-backup Key=InstanceId,Value=i-6b81b0d3 Key=InstanceName,Value=mgmt-bastion02 Key=PurgeAfterFE,Value=1493921404 Key=PurgeAllow,Value=true Key=Volume,Value=vol-b6e7a92b Key=Created,Value=1491329404
INSTANCE i-5c9eade4
INSTANCE NAME: internetds_opsmon_DB02
Tagging Snapshot snap-0120e268067e0b9fb with the following Tags: Key=CreatedBy,Value=ec2-automate-backup Key=InstanceId,Value=i-5c9eade4 Key=InstanceName,Value=internetds_opsmon_DB02 Key=PurgeAfterFE,Value=1493921404 Key=PurgeAllow,Value=true Key=Volume,Value=vol-ad357e30 Key=Created,Value=1491329404
INSTANCE i-5c9eade4
INSTANCE NAME: internetds_opsmon_DB02
Tagging Snapshot snap-0a37999b64e4ede23 with the following Tags: Key=CreatedBy,Value=ec2-automate-backup Key=InstanceId,Value=i-5c9eade4 Key=InstanceName,Value=internetds_opsmon_DB02 Key=PurgeAfterFE,Value=1493921404 Key=PurgeAllow,Value=true Key=Volume,Value=vol-f7357e6a Key=Created,Value=1491329404
INSTANCE i-0035f2a004086aae8
INSTANCE NAME: dev_internetds_health_mid_app02
Tagging Snapshot snap-0d0744daeb044846b with the following Tags: Key=CreatedBy,Value=ec2-automate-backup Key=InstanceId,Value=i-0035f2a004086aae8 Key=InstanceName,Value=dev_internetds_health_mid_app02 Key=PurgeAfterFE,Value=1493921404 Key=PurgeAllow,Value=true Key=Volume,Value=vol-04c1b9bcdbcbb80b3 Key=Created,Value=1491329404
INSTANCE i-0035f2a004086aae8
INSTANCE NAME: dev_internetds_health_mid_app02
Tagging Snapshot snap-0afa5a7a694113d3a with the following Tags: Key=CreatedBy,Value=ec2-automate-backup Key=InstanceId,Value=i-0035f2a004086aae8 Key=InstanceName,Value=dev_internetds_health_mid_app02 Key=PurgeAfterFE,Value=1493921404 Key=PurgeAllow,Value=true Key=Volume,Value=vol-0adcba272a3852e1d Key=Created,Value=1491329404
INSTANCE i-049e6dedca392ba39
INSTANCE NAME: uat_internetds_health_mid_app02
Tagging Snapshot snap-09da48f904f0edecf with the following Tags: Key=CreatedBy,Value=ec2-automate-backup Key=InstanceId,Value=i-049e6dedca392ba39 Key=InstanceName,Value=uat_internetds_health_mid_app02 Key=PurgeAfterFE,Value=1493921404 Key=PurgeAllow,Value=true Key=Volume,Value=vol-0d3596bbe1256e96e Key=Created,Value=1491329404
INSTANCE i-049e6dedca392ba39
INSTANCE NAME: uat_internetds_health_mid_app02
Tagging Snapshot snap-0f6a39099f192e591 with the following Tags: Key=CreatedBy,Value=ec2-automate-backup Key=InstanceId,Value=i-049e6dedca392ba39 Key=InstanceName,Value=uat_internetds_health_mid_app02 Key=PurgeAfterFE,Value=1493921404 Key=PurgeAllow,Value=true Key=Volume,Value=vol-031c7fada2f400cd3 Key=Created,Value=1491329404
INSTANCE i-0d80b94f10ad463a5
INSTANCE NAME: dev_internetds_health_datax_app02
Tagging Snapshot snap-0afdcca25a25171e1 with the following Tags: Key=CreatedBy,Value=ec2-automate-backup Key=InstanceId,Value=i-0d80b94f10ad463a5 Key=InstanceName,Value=dev_internetds_health_datax_app02 Key=PurgeAfterFE,Value=1493921404 Key=PurgeAllow,Value=true Key=Volume,Value=vol-0d9ef08f7a180f5b0 Key=Created,Value=1491329404
INSTANCE i-0d80b94f10ad463a5
INSTANCE NAME: dev_internetds_health_datax_app02
Tagging Snapshot snap-04b26c1377d3f1f7a with the following Tags: Key=CreatedBy,Value=ec2-automate-backup Key=InstanceId,Value=i-0d80b94f10ad463a5 Key=InstanceName,Value=dev_internetds_health_datax_app02 Key=PurgeAfterFE,Value=1493921404 Key=PurgeAllow,Value=true Key=Volume,Value=vol-0c65fceeaf7b26474 Key=Created,Value=1491329404
INSTANCE i-047d5b1b7b46ff8b5
INSTANCE NAME: uat_internetds_health_datax_app02
Tagging Snapshot snap-0b23d3d3cc79f201c with the following Tags: Key=CreatedBy,Value=ec2-automate-backup Key=InstanceId,Value=i-047d5b1b7b46ff8b5 Key=InstanceName,Value=uat_internetds_health_datax_app02 Key=PurgeAfterFE,Value=1493921404 Key=PurgeAllow,Value=true Key=Volume,Value=vol-04c86372c8aa60fd2 Key=Created,Value=1491329404
INSTANCE i-047d5b1b7b46ff8b5
INSTANCE NAME: uat_internetds_health_datax_app02
Tagging Snapshot snap-07384c0916247a4da with the following Tags: Key=CreatedBy,Value=ec2-automate-backup Key=InstanceId,Value=i-047d5b1b7b46ff8b5 Key=InstanceName,Value=uat_internetds_health_datax_app02 Key=PurgeAfterFE,Value=1493921404 Key=PurgeAllow,Value=true Key=Volume,Value=vol-04b89aa3e8e55dc22 Key=Created,Value=1491329404
INSTANCE i-0ec8d523fc2d64041
INSTANCE NAME: dev_internetds_health_gzyq_app02
Tagging Snapshot snap-0279eff4898ae7a40 with the following Tags: Key=CreatedBy,Value=ec2-automate-backup Key=InstanceId,Value=i-0ec8d523fc2d64041 Key=InstanceName,Value=dev_internetds_health_gzyq_app02 Key=PurgeAfterFE,Value=1493921404 Key=PurgeAllow,Value=true Key=Volume,Value=vol-0bbe766dc8574b493 Key=Created,Value=1491329404
INSTANCE i-0ec8d523fc2d64041
INSTANCE NAME: dev_internetds_health_gzyq_app02
Tagging Snapshot snap-0993942bd7885f98d with the following Tags: Key=CreatedBy,Value=ec2-automate-backup Key=InstanceId,Value=i-0ec8d523fc2d64041 Key=InstanceName,Value=dev_internetds_health_gzyq_app02 Key=PurgeAfterFE,Value=1493921404 Key=PurgeAllow,Value=true Key=Volume,Value=vol-08081e8af7f16a7c4 Key=Created,Value=1491329404
INSTANCE i-0b8ae15ea595f4d7f
INSTANCE NAME: uat_internetds_health_gzyq_app02
Tagging Snapshot snap-0d7c585faadf46fe5 with the following Tags: Key=CreatedBy,Value=ec2-automate-backup Key=InstanceId,Value=i-0b8ae15ea595f4d7f Key=InstanceName,Value=uat_internetds_health_gzyq_app02 Key=PurgeAfterFE,Value=1493921404 Key=PurgeAllow,Value=true Key=Volume,Value=vol-0dfeb2215d34ed215 Key=Created,Value=1491329404
INSTANCE i-0b8ae15ea595f4d7f
INSTANCE NAME: uat_internetds_health_gzyq_app02
Tagging Snapshot snap-0d3a59ff89cff0789 with the following Tags: Key=CreatedBy,Value=ec2-automate-backup Key=InstanceId,Value=i-0b8ae15ea595f4d7f Key=InstanceName,Value=uat_internetds_health_gzyq_app02 Key=PurgeAfterFE,Value=1493921404 Key=PurgeAllow,Value=true Key=Volume,Value=vol-0826b6434ca5179fe Key=Created,Value=1491329404
INSTANCE i-02318f7e4ca5c9fb6
INSTANCE NAME: yc_internetds_health_bq_app02
Tagging Snapshot snap-0e269cd922db397dd with the following Tags: Key=CreatedBy,Value=ec2-automate-backup Key=InstanceId,Value=i-02318f7e4ca5c9fb6 Key=InstanceName,Value=yc_internetds_health_bq_app02 Key=PurgeAfterFE,Value=1493921404 Key=PurgeAllow,Value=true Key=Volume,Value=vol-010599ee64bb16595 Key=Created,Value=1491329404
INSTANCE i-010950ff9d6d65930
INSTANCE NAME: yc_internetds_health_bq_app04
Tagging Snapshot snap-011893af78a5142e5 with the following Tags: Key=CreatedBy,Value=ec2-automate-backup Key=InstanceId,Value=i-010950ff9d6d65930 Key=InstanceName,Value=yc_internetds_health_bq_app04 Key=PurgeAfterFE,Value=1493921404 Key=PurgeAllow,Value=true Key=Volume,Value=vol-0973426713069a48a Key=Created,Value=1491329404
INSTANCE i-010950ff9d6d65930
INSTANCE NAME: yc_internetds_health_bq_app04
Tagging Snapshot snap-0b3399c4a8d76f6ea with the following Tags: Key=CreatedBy,Value=ec2-automate-backup Key=InstanceId,Value=i-010950ff9d6d65930 Key=InstanceName,Value=yc_internetds_health_bq_app04 Key=PurgeAfterFE,Value=1493921404 Key=PurgeAllow,Value=true Key=Volume,Value=vol-06f1e19c4ab60d6e0 Key=Created,Value=1491329404
INSTANCE i-02318f7e4ca5c9fb6
INSTANCE NAME: yc_internetds_health_bq_app02
Tagging Snapshot snap-0a153ac6fae7caf61 with the following Tags: Key=CreatedBy,Value=ec2-automate-backup Key=InstanceId,Value=i-02318f7e4ca5c9fb6 Key=InstanceName,Value=yc_internetds_health_bq_app02 Key=PurgeAfterFE,Value=1493921404 Key=PurgeAllow,Value=true Key=Volume,Value=vol-0a2eef75f9d32d9ce Key=Created,Value=1491329404
INSTANCE i-0e3e4bc8b248bcf95
INSTANCE NAME: dev_internetds_opsmon_app02
Tagging Snapshot snap-088e7a6995fa8fb03 with the following Tags: Key=CreatedBy,Value=ec2-automate-backup Key=InstanceId,Value=i-0e3e4bc8b248bcf95 Key=InstanceName,Value=dev_internetds_opsmon_app02 Key=PurgeAfterFE,Value=1493921404 Key=PurgeAllow,Value=true Key=Volume,Value=vol-0aaf55242dfdc35da Key=Created,Value=1491329404
INSTANCE i-0e3e4bc8b248bcf95
INSTANCE NAME: dev_internetds_opsmon_app02
Tagging Snapshot snap-09558bbd8fc8afe8f with the following Tags: Key=CreatedBy,Value=ec2-automate-backup Key=InstanceId,Value=i-0e3e4bc8b248bcf95 Key=InstanceName,Value=dev_internetds_opsmon_app02 Key=PurgeAfterFE,Value=1493921404 Key=PurgeAllow,Value=true Key=Volume,Value=vol-0ad5556ab59afa3ca Key=Created,Value=1491329404
INSTANCE i-6b340753
INSTANCE NAME: test_internetds_nat01
Tagging Snapshot snap-028ca991f67ced98c with the following Tags: Key=CreatedBy,Value=ec2-automate-backup Key=InstanceId,Value=i-6b340753 Key=InstanceName,Value=test_internetds_nat01 Key=PurgeAfterFE,Value=1493921404 Key=PurgeAllow,Value=true Key=Volume,Value=vol-55a18cd0 Key=Created,Value=1491329404
INSTANCE i-fe2516c6
INSTANCE NAME: uat_internetds_front_app02
Tagging Snapshot snap-043708c49cd3ecd1f with the following Tags: Key=CreatedBy,Value=ec2-automate-backup Key=InstanceId,Value=i-fe2516c6 Key=InstanceName,Value=uat_internetds_front_app02 Key=PurgeAfterFE,Value=1493921404 Key=PurgeAllow,Value=true Key=Volume,Value=vol-c88da04d Key=Created,Value=1491329404
INSTANCE i-fe2516c6
INSTANCE NAME: uat_internetds_front_app02
Tagging Snapshot snap-0075e342d91df6767 with the following Tags: Key=CreatedBy,Value=ec2-automate-backup Key=InstanceId,Value=i-fe2516c6 Key=InstanceName,Value=uat_internetds_front_app02 Key=PurgeAfterFE,Value=1493921404 Key=PurgeAllow,Value=true Key=Volume,Value=vol-0b8da08e Key=Created,Value=1491329404
INSTANCE i-ae241796
INSTANCE NAME: uat_internetds_health_app02
Tagging Snapshot snap-0ad7d3d292e130e74 with the following Tags: Key=CreatedBy,Value=ec2-automate-backup Key=InstanceId,Value=i-ae241796 Key=InstanceName,Value=uat_internetds_health_app02 Key=PurgeAfterFE,Value=1493921404 Key=PurgeAllow,Value=true Key=Volume,Value=vol-218da0a4 Key=Created,Value=1491329404
INSTANCE i-ae241796
INSTANCE NAME: uat_internetds_health_app02
Tagging Snapshot snap-058ad09778cfb1f52 with the following Tags: Key=CreatedBy,Value=ec2-automate-backup Key=InstanceId,Value=i-ae241796 Key=InstanceName,Value=uat_internetds_health_app02 Key=PurgeAfterFE,Value=1493921404 Key=PurgeAllow,Value=true Key=Volume,Value=vol-818ca104 Key=Created,Value=1491329404
INSTANCE i-d82516e0
INSTANCE NAME: dev_internetds_epolicy_app01
Tagging Snapshot snap-0b1dfb6dba00849bb with the following Tags: Key=CreatedBy,Value=ec2-automate-backup Key=InstanceId,Value=i-d82516e0 Key=InstanceName,Value=dev_internetds_epolicy_app01 Key=PurgeAfterFE,Value=1493921404 Key=PurgeAllow,Value=true Key=Volume,Value=vol-838ca106 Key=Created,Value=1491329404
INSTANCE i-ab251693
INSTANCE NAME: uat_internetds_opsmon_app02
Tagging Snapshot snap-09d9e9d0366a0038a with the following Tags: Key=CreatedBy,Value=ec2-automate-backup Key=InstanceId,Value=i-ab251693 Key=InstanceName,Value=uat_internetds_opsmon_app02 Key=PurgeAfterFE,Value=1493921404 Key=PurgeAllow,Value=true Key=Volume,Value=vol-998ca11c Key=Created,Value=1491329404
INSTANCE i-ba241782
INSTANCE NAME: uat_internetds_mid02
Tagging Snapshot snap-01eefb62fcba51f5b with the following Tags: Key=CreatedBy,Value=ec2-automate-backup Key=InstanceId,Value=i-ba241782 Key=InstanceName,Value=uat_internetds_mid02 Key=PurgeAfterFE,Value=1493921404 Key=PurgeAllow,Value=true Key=Volume,Value=vol-ea8ca16f Key=Created,Value=1491329404
INSTANCE i-ae251696
INSTANCE NAME: sim_internetds_epolicy_app01
Tagging Snapshot snap-069a555cf713fc9c7 with the following Tags: Key=CreatedBy,Value=ec2-automate-backup Key=InstanceId,Value=i-ae251696 Key=InstanceName,Value=sim_internetds_epolicy_app01 Key=PurgeAfterFE,Value=1493921404 Key=PurgeAllow,Value=true Key=Volume,Value=vol-0d8ca188 Key=Created,Value=1491329404
INSTANCE i-d92516e1
INSTANCE NAME: dat_internetds_epolicy_app01
Tagging Snapshot snap-08c1cc4df8f5c4999 with the following Tags: Key=CreatedBy,Value=ec2-automate-backup Key=InstanceId,Value=i-d92516e1 Key=InstanceName,Value=dat_internetds_epolicy_app01 Key=PurgeAfterFE,Value=1493921404 Key=PurgeAllow,Value=true Key=Volume,Value=vol-0c8ca189 Key=Created,Value=1491329404
INSTANCE i-ab251693
INSTANCE NAME: uat_internetds_opsmon_app02
Tagging Snapshot snap-007d1960539dfdebd with the following Tags: Key=CreatedBy,Value=ec2-automate-backup Key=InstanceId,Value=i-ab251693 Key=InstanceName,Value=uat_internetds_opsmon_app02 Key=PurgeAfterFE,Value=1493921404 Key=PurgeAllow,Value=true Key=Volume,Value=vol-098ca18c Key=Created,Value=1491329404
INSTANCE i-af251697
INSTANCE NAME: uat_internetds_epolicy_app01
Tagging Snapshot snap-080b1f33e1514713d with the following Tags: Key=CreatedBy,Value=ec2-automate-backup Key=InstanceId,Value=i-af251697 Key=InstanceName,Value=uat_internetds_epolicy_app01 Key=PurgeAfterFE,Value=1493921404 Key=PurgeAllow,Value=true Key=Volume,Value=vol-1c8ca199 Key=Created,Value=1491329404
INSTANCE i-ba241782
INSTANCE NAME: uat_internetds_mid02
Tagging Snapshot snap-0e1f763aac12e42c9 with the following Tags: Key=CreatedBy,Value=ec2-automate-backup Key=InstanceId,Value=i-ba241782 Key=InstanceName,Value=uat_internetds_mid02 Key=PurgeAfterFE,Value=1493921404 Key=PurgeAllow,Value=true Key=Volume,Value=vol-348ca1b1 Key=Created,Value=1491329404
INSTANCE i-00241738
INSTANCE NAME: uat_internetds_life_app01
Tagging Snapshot snap-0fd7086f7a83294f9 with the following Tags: Key=CreatedBy,Value=ec2-automate-backup Key=InstanceId,Value=i-00241738 Key=InstanceName,Value=uat_internetds_life_app01 Key=PurgeAfterFE,Value=1493921404 Key=PurgeAllow,Value=true Key=Volume,Value=vol-dc8fa259 Key=Created,Value=1491329404
INSTANCE i-00241738
INSTANCE NAME: uat_internetds_life_app01
Tagging Snapshot snap-09ec21fd759704e4b with the following Tags: Key=CreatedBy,Value=ec2-automate-backup Key=InstanceId,Value=i-00241738 Key=InstanceName,Value=uat_internetds_life_app01 Key=PurgeAfterFE,Value=1493921404 Key=PurgeAllow,Value=true Key=Volume,Value=vol-e78fa262 Key=Created,Value=1491329404
INSTANCE i-2e281b16
INSTANCE NAME: dev_internetds_front_app01
Tagging Snapshot snap-016cf54f30f2bd7f3 with the following Tags: Key=CreatedBy,Value=ec2-automate-backup Key=InstanceId,Value=i-2e281b16 Key=InstanceName,Value=dev_internetds_front_app01 Key=PurgeAfterFE,Value=1493921404 Key=PurgeAllow,Value=true Key=Volume,Value=vol-4c84a9c9 Key=Created,Value=1491329404
INSTANCE i-2e281b16
INSTANCE NAME: dev_internetds_front_app01
Tagging Snapshot snap-0be035a799b8ff00a with the following Tags: Key=CreatedBy,Value=ec2-automate-backup Key=InstanceId,Value=i-2e281b16 Key=InstanceName,Value=dev_internetds_front_app01 Key=PurgeAfterFE,Value=1493921404 Key=PurgeAllow,Value=true Key=Volume,Value=vol-cd87aa48 Key=Created,Value=1491329404
INSTANCE i-08281b30
INSTANCE NAME: dev_internetds_life_app01
Tagging Snapshot snap-0324a5bae7473fa49 with the following Tags: Key=CreatedBy,Value=ec2-automate-backup Key=InstanceId,Value=i-08281b30 Key=InstanceName,Value=dev_internetds_life_app01 Key=PurgeAfterFE,Value=1493921404 Key=PurgeAllow,Value=true Key=Volume,Value=vol-5287aad7 Key=Created,Value=1491329404
INSTANCE i-08281b30
INSTANCE NAME: dev_internetds_life_app01
Tagging Snapshot snap-0d806f866a4915fa7 with the following Tags: Key=CreatedBy,Value=ec2-automate-backup Key=InstanceId,Value=i-08281b30 Key=InstanceName,Value=dev_internetds_life_app01 Key=PurgeAfterFE,Value=1493921404 Key=PurgeAllow,Value=true Key=Volume,Value=vol-a486ab21 Key=Created,Value=1491329404
INSTANCE i-05281b3d
INSTANCE NAME: dev_internetds_health_app01
Tagging Snapshot snap-0aba192bd2e1fc737 with the following Tags: Key=CreatedBy,Value=ec2-automate-backup Key=InstanceId,Value=i-05281b3d Key=InstanceName,Value=dev_internetds_health_app01 Key=PurgeAfterFE,Value=1493921404 Key=PurgeAllow,Value=true Key=Volume,Value=vol-3486abb1 Key=Created,Value=1491329404
INSTANCE i-c4281bfc
INSTANCE NAME: dev_internetds_opsmon_app01
Tagging Snapshot snap-0b76a733c3c157c23 with the following Tags: Key=CreatedBy,Value=ec2-automate-backup Key=InstanceId,Value=i-c4281bfc Key=InstanceName,Value=dev_internetds_opsmon_app01 Key=PurgeAfterFE,Value=1493921404 Key=PurgeAllow,Value=true Key=Volume,Value=vol-7286abf7 Key=Created,Value=1491329404
INSTANCE i-05281b3d
INSTANCE NAME: dev_internetds_health_app01
Tagging Snapshot snap-0884eb68028c29230 with the following Tags: Key=CreatedBy,Value=ec2-automate-backup Key=InstanceId,Value=i-05281b3d Key=InstanceName,Value=dev_internetds_health_app01 Key=PurgeAfterFE,Value=1493921404 Key=PurgeAllow,Value=true Key=Volume,Value=vol-8581ac00 Key=Created,Value=1491329404
INSTANCE i-c4281bfc
INSTANCE NAME: dev_internetds_opsmon_app01
Tagging Snapshot snap-0870ed5dced6a7d0b with the following Tags: Key=CreatedBy,Value=ec2-automate-backup Key=InstanceId,Value=i-c4281bfc Key=InstanceName,Value=dev_internetds_opsmon_app01 Key=PurgeAfterFE,Value=1493921404 Key=PurgeAllow,Value=true Key=Volume,Value=vol-9581ac10 Key=Created,Value=1491329404
INSTANCE i-392d1e01
INSTANCE NAME: dev_internetds_mid01
Tagging Snapshot snap-0da07d4b8da47eed1 with the following Tags: Key=CreatedBy,Value=ec2-automate-backup Key=InstanceId,Value=i-392d1e01 Key=InstanceName,Value=dev_internetds_mid01 Key=PurgeAfterFE,Value=1493921404 Key=PurgeAllow,Value=true Key=Volume,Value=vol-a29db027 Key=Created,Value=1491329404
INSTANCE i-392d1e01
INSTANCE NAME: dev_internetds_mid01
Tagging Snapshot snap-0dc0dae101f23f9e2 with the following Tags: Key=CreatedBy,Value=ec2-automate-backup Key=InstanceId,Value=i-392d1e01 Key=InstanceName,Value=dev_internetds_mid01 Key=PurgeAfterFE,Value=1493921404 Key=PurgeAllow,Value=true Key=Volume,Value=vol-ce9db04b Key=Created,Value=1491329404
INSTANCE i-322d1e0a
INSTANCE NAME: dev_internetds_datax_app01
Tagging Snapshot snap-0521057792d37f81a with the following Tags: Key=CreatedBy,Value=ec2-automate-backup Key=InstanceId,Value=i-322d1e0a Key=InstanceName,Value=dev_internetds_datax_app01 Key=PurgeAfterFE,Value=1493921404 Key=PurgeAllow,Value=true Key=Volume,Value=vol-f19db074 Key=Created,Value=1491329404
INSTANCE i-322d1e0a
INSTANCE NAME: dev_internetds_datax_app01
Tagging Snapshot snap-03dc7329ae0bca0c4 with the following Tags: Key=CreatedBy,Value=ec2-automate-backup Key=InstanceId,Value=i-322d1e0a Key=InstanceName,Value=dev_internetds_datax_app01 Key=PurgeAfterFE,Value=1493921404 Key=PurgeAllow,Value=true Key=Volume,Value=vol-2a9db0af Key=Created,Value=1491329404
INSTANCE i-062d1e3e
INSTANCE NAME: uat_internetds_datax_app02
Tagging Snapshot snap-05ea5cc019d40ea12 with the following Tags: Key=CreatedBy,Value=ec2-automate-backup Key=InstanceId,Value=i-062d1e3e Key=InstanceName,Value=uat_internetds_datax_app02 Key=PurgeAfterFE,Value=1493921404 Key=PurgeAllow,Value=true Key=Volume,Value=vol-729db0f7 Key=Created,Value=1491329404
INSTANCE i-062d1e3e
INSTANCE NAME: uat_internetds_datax_app02
Tagging Snapshot snap-0d226d893033f67b6 with the following Tags: Key=CreatedBy,Value=ec2-automate-backup Key=InstanceId,Value=i-062d1e3e Key=InstanceName,Value=uat_internetds_datax_app02 Key=PurgeAfterFE,Value=1493921404 Key=PurgeAllow,Value=true Key=Volume,Value=vol-d79cb152 Key=Created,Value=1491329404
INSTANCE i-04330e3c
INSTANCE NAME: test_epolicy_mail01
Tagging Snapshot snap-0a5d34665e6d69d67 with the following Tags: Key=CreatedBy,Value=ec2-automate-backup Key=InstanceId,Value=i-04330e3c Key=InstanceName,Value=test_epolicy_mail01 Key=PurgeAfterFE,Value=1493921404 Key=PurgeAllow,Value=true Key=Volume,Value=vol-f0567f75 Key=Created,Value=1491329404
INSTANCE i-04330e3c
INSTANCE NAME: test_epolicy_mail01
Tagging Snapshot snap-087bc944593de0b26 with the following Tags: Key=CreatedBy,Value=ec2-automate-backup Key=InstanceId,Value=i-04330e3c Key=InstanceName,Value=test_epolicy_mail01 Key=PurgeAfterFE,Value=1493921404 Key=PurgeAllow,Value=true Key=Volume,Value=vol-74567ff1 Key=Created,Value=1491329404
INSTANCE i-1eb28f26
INSTANCE NAME: uat_internetds_datax_app1
Tagging Snapshot snap-065acedca50efb6c9 with the following Tags: Key=CreatedBy,Value=ec2-automate-backup Key=InstanceId,Value=i-1eb28f26 Key=InstanceName,Value=uat_internetds_datax_app1 Key=PurgeAfterFE,Value=1493921404 Key=PurgeAllow,Value=true Key=Volume,Value=vol-41644cc4 Key=Created,Value=1491329404
INSTANCE i-1eb28f26
INSTANCE NAME: uat_internetds_datax_app1
Tagging Snapshot snap-02c7663dcd2d4971c with the following Tags: Key=CreatedBy,Value=ec2-automate-backup Key=InstanceId,Value=i-1eb28f26 Key=InstanceName,Value=uat_internetds_datax_app1 Key=PurgeAfterFE,Value=1493921404 Key=PurgeAllow,Value=true Key=Volume,Value=vol-ab654d2e Key=Created,Value=1491329404
INSTANCE i-d1a598e9
INSTANCE NAME: dev_internetds_datax_app03
Tagging Snapshot snap-00108b4023d07c2a6 with the following Tags: Key=CreatedBy,Value=ec2-automate-backup Key=InstanceId,Value=i-d1a598e9 Key=InstanceName,Value=dev_internetds_datax_app03 Key=PurgeAfterFE,Value=1493921404 Key=PurgeAllow,Value=true Key=Volume,Value=vol-13745c96 Key=Created,Value=1491329404
INSTANCE i-d1a598e9
INSTANCE NAME: dev_internetds_datax_app03
Tagging Snapshot snap-047dbd593b1ecc6e3 with the following Tags: Key=CreatedBy,Value=ec2-automate-backup Key=InstanceId,Value=i-d1a598e9 Key=InstanceName,Value=dev_internetds_datax_app03 Key=PurgeAfterFE,Value=1493921404 Key=PurgeAllow,Value=true Key=Volume,Value=vol-50745cd5 Key=Created,Value=1491329404
INSTANCE i-8099a6b8
INSTANCE NAME: internetds_dmz_nginx01
Tagging Snapshot snap-028715795e3db2712 with the following Tags: Key=CreatedBy,Value=ec2-automate-backup Key=InstanceId,Value=i-8099a6b8 Key=InstanceName,Value=internetds_dmz_nginx01 Key=PurgeAfterFE,Value=1493921404 Key=PurgeAllow,Value=true Key=Volume,Value=vol-88c6f30d Key=Created,Value=1491329404
INSTANCE i-8099a6b8
INSTANCE NAME: internetds_dmz_nginx01
Tagging Snapshot snap-05cb078ca2bdf92a1 with the following Tags: Key=CreatedBy,Value=ec2-automate-backup Key=InstanceId,Value=i-8099a6b8 Key=InstanceName,Value=internetds_dmz_nginx01 Key=PurgeAfterFE,Value=1493921404 Key=PurgeAllow,Value=true Key=Volume,Value=vol-a7c6f322 Key=Created,Value=1491329404
INSTANCE i-a794ab9f
INSTANCE NAME: internetds_front_nginx01
Tagging Snapshot snap-0f1bb805227bfe3d5 with the following Tags: Key=CreatedBy,Value=ec2-automate-backup Key=InstanceId,Value=i-a794ab9f Key=InstanceName,Value=internetds_front_nginx01 Key=PurgeAfterFE,Value=1493921404 Key=PurgeAllow,Value=true Key=Volume,Value=vol-b8ccf93d Key=Created,Value=1491329404
INSTANCE i-a794ab9f
INSTANCE NAME: internetds_front_nginx01
Tagging Snapshot snap-079bfced1e42f14d8 with the following Tags: Key=CreatedBy,Value=ec2-automate-backup Key=InstanceId,Value=i-a794ab9f Key=InstanceName,Value=internetds_front_nginx01 Key=PurgeAfterFE,Value=1493921404 Key=PurgeAllow,Value=true Key=Volume,Value=vol-cfccf94a Key=Created,Value=1491329404
INSTANCE i-0194ab39
INSTANCE NAME: internetds_front_zkp_app01
Tagging Snapshot snap-08ac5fbd156c325d2 with the following Tags: Key=CreatedBy,Value=ec2-automate-backup Key=InstanceId,Value=i-0194ab39 Key=InstanceName,Value=internetds_front_zkp_app01 Key=PurgeAfterFE,Value=1493921404 Key=PurgeAllow,Value=true Key=Volume,Value=vol-33ccf9b6 Key=Created,Value=1491329404
INSTANCE i-0194ab39
INSTANCE NAME: internetds_front_zkp_app01
Tagging Snapshot snap-0e4aa3c5c2da473eb with the following Tags: Key=CreatedBy,Value=ec2-automate-backup Key=InstanceId,Value=i-0194ab39 Key=InstanceName,Value=internetds_front_zkp_app01 Key=PurgeAfterFE,Value=1493921404 Key=PurgeAllow,Value=true Key=Volume,Value=vol-c1cffa44 Key=Created,Value=1491329404
INSTANCE i-d187b8e9
INSTANCE NAME: internetds_front_dsjr_app01
Tagging Snapshot snap-0949a6f99107f9661 with the following Tags: Key=CreatedBy,Value=ec2-automate-backup Key=InstanceId,Value=i-d187b8e9 Key=InstanceName,Value=internetds_front_dsjr_app01 Key=PurgeAfterFE,Value=1493921404 Key=PurgeAllow,Value=true Key=Volume,Value=vol-e4b98c61 Key=Created,Value=1491329404
INSTANCE i-9c87b8a4
INSTANCE NAME: internetds_life_jsyq_app01
Tagging Snapshot snap-00722a885ec9f18f5 with the following Tags: Key=CreatedBy,Value=ec2-automate-backup Key=InstanceId,Value=i-9c87b8a4 Key=InstanceName,Value=internetds_life_jsyq_app01 Key=PurgeAfterFE,Value=1493921404 Key=PurgeAllow,Value=true Key=Volume,Value=vol-f3b98c76 Key=Created,Value=1491329404
INSTANCE i-9c87b8a4
INSTANCE NAME: internetds_life_jsyq_app01
Tagging Snapshot snap-0af4c97bfdf7b1f8e with the following Tags: Key=CreatedBy,Value=ec2-automate-backup Key=InstanceId,Value=i-9c87b8a4 Key=InstanceName,Value=internetds_life_jsyq_app01 Key=PurgeAfterFE,Value=1493921404 Key=PurgeAllow,Value=true Key=Volume,Value=vol-f2b98c77 Key=Created,Value=1491329404
INSTANCE i-0187b839
INSTANCE NAME: internetds_life_bdgl_app01
Tagging Snapshot snap-0e798bd7507bf3510 with the following Tags: Key=CreatedBy,Value=ec2-automate-backup Key=InstanceId,Value=i-0187b839 Key=InstanceName,Value=internetds_life_bdgl_app01 Key=PurgeAfterFE,Value=1493921404 Key=PurgeAllow,Value=true Key=Volume,Value=vol-00b98c85 Key=Created,Value=1491329404
INSTANCE i-d187b8e9
INSTANCE NAME: internetds_front_dsjr_app01
Tagging Snapshot snap-0beab34c3ba34f735 with the following Tags: Key=CreatedBy,Value=ec2-automate-backup Key=InstanceId,Value=i-d187b8e9 Key=InstanceName,Value=internetds_front_dsjr_app01 Key=PurgeAfterFE,Value=1493921404 Key=PurgeAllow,Value=true Key=Volume,Value=vol-0cb98c89 Key=Created,Value=1491329404
INSTANCE i-1786b92f
INSTANCE NAME: internetds_front_mq_app01
Tagging Snapshot snap-0a5059f1ef27c076a with the following Tags: Key=CreatedBy,Value=ec2-automate-backup Key=InstanceId,Value=i-1786b92f Key=InstanceName,Value=internetds_front_mq_app01 Key=PurgeAfterFE,Value=1493921404 Key=PurgeAllow,Value=true Key=Volume,Value=vol-0fb98c8a Key=Created,Value=1491329404
INSTANCE i-1186b929
INSTANCE NAME: internetds_life_xqyhb_app01
Tagging Snapshot snap-05dcb1a1885d29b4a with the following Tags: Key=CreatedBy,Value=ec2-automate-backup Key=InstanceId,Value=i-1186b929 Key=InstanceName,Value=internetds_life_xqyhb_app01 Key=PurgeAfterFE,Value=1493921404 Key=PurgeAllow,Value=true Key=Volume,Value=vol-56b98cd3 Key=Created,Value=1491329404
INSTANCE i-0a87b832
INSTANCE NAME: internetds_life_bq_app01
Tagging Snapshot snap-07442d7ee2ad6e0a1 with the following Tags: Key=CreatedBy,Value=ec2-automate-backup Key=InstanceId,Value=i-0a87b832 Key=InstanceName,Value=internetds_life_bq_app01 Key=PurgeAfterFE,Value=1493921404 Key=PurgeAllow,Value=true Key=Volume,Value=vol-6cb98ce9 Key=Created,Value=1491329404
INSTANCE i-0187b839
INSTANCE NAME: internetds_life_bdgl_app01
Tagging Snapshot snap-0dd9e3a5536479265 with the following Tags: Key=CreatedBy,Value=ec2-automate-backup Key=InstanceId,Value=i-0187b839 Key=InstanceName,Value=internetds_life_bdgl_app01 Key=PurgeAfterFE,Value=1493921404 Key=PurgeAllow,Value=true Key=Volume,Value=vol-80b88d05 Key=Created,Value=1491329404
INSTANCE i-0a87b832
INSTANCE NAME: internetds_life_bq_app01
Tagging Snapshot snap-0b3ad145424dc070e with the following Tags: Key=CreatedBy,Value=ec2-automate-backup Key=InstanceId,Value=i-0a87b832 Key=InstanceName,Value=internetds_life_bq_app01 Key=PurgeAfterFE,Value=1493921404 Key=PurgeAllow,Value=true Key=Volume,Value=vol-89b88d0c Key=Created,Value=1491329404
INSTANCE i-1186b929
INSTANCE NAME: internetds_life_xqyhb_app01
Tagging Snapshot snap-0e4f3117c537d839f with the following Tags: Key=CreatedBy,Value=ec2-automate-backup Key=InstanceId,Value=i-1186b929 Key=InstanceName,Value=internetds_life_xqyhb_app01 Key=PurgeAfterFE,Value=1493921404 Key=PurgeAllow,Value=true Key=Volume,Value=vol-a7b88d22 Key=Created,Value=1491329404
INSTANCE i-1786b92f
INSTANCE NAME: internetds_front_mq_app01
Tagging Snapshot snap-02a5c2b89c11e8793 with the following Tags: Key=CreatedBy,Value=ec2-automate-backup Key=InstanceId,Value=i-1786b92f Key=InstanceName,Value=internetds_front_mq_app01 Key=PurgeAfterFE,Value=1493921404 Key=PurgeAllow,Value=true Key=Volume,Value=vol-a1b88d24 Key=Created,Value=1491329404
INSTANCE i-d75967ef
INSTANCE NAME: internetds_opsmon_app01
Tagging Snapshot snap-0a71fcf6ddd54308f with the following Tags: Key=CreatedBy,Value=ec2-automate-backup Key=InstanceId,Value=i-d75967ef Key=InstanceName,Value=internetds_opsmon_app01 Key=PurgeAfterFE,Value=1493921404 Key=PurgeAllow,Value=true Key=Volume,Value=vol-3d695db8 Key=Created,Value=1491329404
INSTANCE i-d75967ef
INSTANCE NAME: internetds_opsmon_app01
Tagging Snapshot snap-06bad1624a0a89cdb with the following Tags: Key=CreatedBy,Value=ec2-automate-backup Key=InstanceId,Value=i-d75967ef Key=InstanceName,Value=internetds_opsmon_app01 Key=PurgeAfterFE,Value=1493921404 Key=PurgeAllow,Value=true Key=Volume,Value=vol-9c6a5e19 Key=Created,Value=1491329404
INSTANCE i-985668a0
INSTANCE NAME: internetds_front_yyzc_app01
Tagging Snapshot snap-0f3cc07c43c469e28 with the following Tags: Key=CreatedBy,Value=ec2-automate-backup Key=InstanceId,Value=i-985668a0 Key=InstanceName,Value=internetds_front_yyzc_app01 Key=PurgeAfterFE,Value=1493921404 Key=PurgeAllow,Value=true Key=Volume,Value=vol-9854601d Key=Created,Value=1491329404
INSTANCE i-985668a0
INSTANCE NAME: internetds_front_yyzc_app01
Tagging Snapshot snap-02f1301adf83a5ad3 with the following Tags: Key=CreatedBy,Value=ec2-automate-backup Key=InstanceId,Value=i-985668a0 Key=InstanceName,Value=internetds_front_yyzc_app01 Key=PurgeAfterFE,Value=1493921404 Key=PurgeAllow,Value=true Key=Volume,Value=vol-ab54602e Key=Created,Value=1491329404
INSTANCE i-4257697a
INSTANCE NAME: internetds_nat01
Tagging Snapshot snap-0198aa72550c1a9f8 with the following Tags: Key=CreatedBy,Value=ec2-automate-backup Key=InstanceId,Value=i-4257697a Key=InstanceName,Value=internetds_nat01 Key=PurgeAfterFE,Value=1493921404 Key=PurgeAllow,Value=true Key=Volume,Value=vol-a855612d Key=Created,Value=1491329404
INSTANCE i-3bead403
INSTANCE NAME: internetds_life_xqyhb_app03
Tagging Snapshot snap-04a000a38d3489eac with the following Tags: Key=CreatedBy,Value=ec2-automate-backup Key=InstanceId,Value=i-3bead403 Key=InstanceName,Value=internetds_life_xqyhb_app03 Key=PurgeAfterFE,Value=1493921404 Key=PurgeAllow,Value=true Key=Volume,Value=vol-429aaec7 Key=Created,Value=1491329404
INSTANCE i-3bead403
INSTANCE NAME: internetds_life_xqyhb_app03
Tagging Snapshot snap-09d0a3c73a9cf4374 with the following Tags: Key=CreatedBy,Value=ec2-automate-backup Key=InstanceId,Value=i-3bead403 Key=InstanceName,Value=internetds_life_xqyhb_app03 Key=PurgeAfterFE,Value=1493921404 Key=PurgeAllow,Value=true Key=Volume,Value=vol-d89baf5d Key=Created,Value=1491329404
INSTANCE i-a3e9d79b
INSTANCE NAME: internetds_datax_yc_app01
Tagging Snapshot snap-0893230ff650d5cfc with the following Tags: Key=CreatedBy,Value=ec2-automate-backup Key=InstanceId,Value=i-a3e9d79b Key=InstanceName,Value=internetds_datax_yc_app01 Key=PurgeAfterFE,Value=1493921404 Key=PurgeAllow,Value=true Key=Volume,Value=vol-5c87b3d9 Key=Created,Value=1491329404
INSTANCE i-3ce8d604
INSTANCE NAME: internetds_datax_app01
Tagging Snapshot snap-015e6992b2550b24a with the following Tags: Key=CreatedBy,Value=ec2-automate-backup Key=InstanceId,Value=i-3ce8d604 Key=InstanceName,Value=internetds_datax_app01 Key=PurgeAfterFE,Value=1493921404 Key=PurgeAllow,Value=true Key=Volume,Value=vol-5f87b3da Key=Created,Value=1491329404
INSTANCE i-3ce8d604
INSTANCE NAME: internetds_datax_app01
Tagging Snapshot snap-01887f2643684d9c4 with the following Tags: Key=CreatedBy,Value=ec2-automate-backup Key=InstanceId,Value=i-3ce8d604 Key=InstanceName,Value=internetds_datax_app01 Key=PurgeAfterFE,Value=1493921404 Key=PurgeAllow,Value=true Key=Volume,Value=vol-9e80b41b Key=Created,Value=1491329404
INSTANCE i-a3e9d79b
INSTANCE NAME: internetds_datax_yc_app01
Tagging Snapshot snap-0de44973d40ee40fa with the following Tags: Key=CreatedBy,Value=ec2-automate-backup Key=InstanceId,Value=i-a3e9d79b Key=InstanceName,Value=internetds_datax_yc_app01 Key=PurgeAfterFE,Value=1493921404 Key=PurgeAllow,Value=true Key=Volume,Value=vol-b780b432 Key=Created,Value=1491329404
INSTANCE i-4cc5fb74
INSTANCE NAME: mgmt_bastion01
Tagging Snapshot snap-0e345ccb77675ec19 with the following Tags: Key=CreatedBy,Value=ec2-automate-backup Key=InstanceId,Value=i-4cc5fb74 Key=InstanceName,Value=mgmt_bastion01 Key=PurgeAfterFE,Value=1493921404 Key=PurgeAllow,Value=true Key=Volume,Value=vol-234176a6 Key=Created,Value=1491329404
INSTANCE i-bfba8487
INSTANCE NAME: internetds_epolicy_app02
Tagging Snapshot snap-04b34827c5fe077b2 with the following Tags: Key=CreatedBy,Value=ec2-automate-backup Key=InstanceId,Value=i-bfba8487 Key=InstanceName,Value=internetds_epolicy_app02 Key=PurgeAfterFE,Value=1493921404 Key=PurgeAllow,Value=true Key=Volume,Value=vol-533f08d6 Key=Created,Value=1491329404
INSTANCE i-beba8486
INSTANCE NAME: internetds_epolicy_app01
Tagging Snapshot snap-0846e36cfde265687 with the following Tags: Key=CreatedBy,Value=ec2-automate-backup Key=InstanceId,Value=i-beba8486 Key=InstanceName,Value=internetds_epolicy_app01 Key=PurgeAfterFE,Value=1493921404 Key=PurgeAllow,Value=true Key=Volume,Value=vol-523f08d7 Key=Created,Value=1491329404
INSTANCE i-beba8486
INSTANCE NAME: internetds_epolicy_app01
Tagging Snapshot snap-07013bdc9b9d9c38f with the following Tags: Key=CreatedBy,Value=ec2-automate-backup Key=InstanceId,Value=i-beba8486 Key=InstanceName,Value=internetds_epolicy_app01 Key=PurgeAfterFE,Value=1493921404 Key=PurgeAllow,Value=true Key=Volume,Value=vol-a03e0925 Key=Created,Value=1491329404
INSTANCE i-bfba8487
INSTANCE NAME: internetds_epolicy_app02
Tagging Snapshot snap-0781d0397b0f88565 with the following Tags: Key=CreatedBy,Value=ec2-automate-backup Key=InstanceId,Value=i-bfba8487 Key=InstanceName,Value=internetds_epolicy_app02 Key=PurgeAfterFE,Value=1493921404 Key=PurgeAllow,Value=true Key=Volume,Value=vol-a33e0926 Key=Created,Value=1491329404
INSTANCE i-b0b88688
INSTANCE NAME: internetds_dmz_email01
Tagging Snapshot snap-0f152ef39fa6888b7 with the following Tags: Key=CreatedBy,Value=ec2-automate-backup Key=InstanceId,Value=i-b0b88688 Key=InstanceName,Value=internetds_dmz_email01 Key=PurgeAfterFE,Value=1493921404 Key=PurgeAllow,Value=true Key=Volume,Value=vol-eb3c0b6e Key=Created,Value=1491329404
INSTANCE i-b0b88688
INSTANCE NAME: internetds_dmz_email01
Tagging Snapshot snap-0b4dc185dffadaa78 with the following Tags: Key=CreatedBy,Value=ec2-automate-backup Key=InstanceId,Value=i-b0b88688 Key=InstanceName,Value=internetds_dmz_email01 Key=PurgeAfterFE,Value=1493921404 Key=PurgeAllow,Value=true Key=Volume,Value=vol-263c0ba3 Key=Created,Value=1491329404
INSTANCE i-08b18930
INSTANCE NAME: internetds_epolicy_app05
Tagging Snapshot snap-040e8c6180fc0a855 with the following Tags: Key=CreatedBy,Value=ec2-automate-backup Key=InstanceId,Value=i-08b18930 Key=InstanceName,Value=internetds_epolicy_app05 Key=PurgeAfterFE,Value=1493921404 Key=PurgeAllow,Value=true Key=Volume,Value=vol-2ca494a9 Key=Created,Value=1491329404
INSTANCE i-09b18931
INSTANCE NAME: internetds_epolicy_app06
Tagging Snapshot snap-0ee8ea1308cf32126 with the following Tags: Key=CreatedBy,Value=ec2-automate-backup Key=InstanceId,Value=i-09b18931 Key=InstanceName,Value=internetds_epolicy_app06 Key=PurgeAfterFE,Value=1493921404 Key=PurgeAllow,Value=true Key=Volume,Value=vol-2fa494aa Key=Created,Value=1491329404
INSTANCE i-09b18931
INSTANCE NAME: internetds_epolicy_app06
Tagging Snapshot snap-06b065fbdb1f05079 with the following Tags: Key=CreatedBy,Value=ec2-automate-backup Key=InstanceId,Value=i-09b18931 Key=InstanceName,Value=internetds_epolicy_app06 Key=PurgeAfterFE,Value=1493921404 Key=PurgeAllow,Value=true Key=Volume,Value=vol-33a494b6 Key=Created,Value=1491329404
INSTANCE i-08b18930
INSTANCE NAME: internetds_epolicy_app05
Tagging Snapshot snap-0b6936a6806220ffa with the following Tags: Key=CreatedBy,Value=ec2-automate-backup Key=InstanceId,Value=i-08b18930 Key=InstanceName,Value=internetds_epolicy_app05 Key=PurgeAfterFE,Value=1493921404 Key=PurgeAllow,Value=true Key=Volume,Value=vol-59a494dc Key=Created,Value=1491329404
INSTANCE i-8feeeab7
INSTANCE NAME: internetds_life_wzyhdz_ftp
Tagging Snapshot snap-0d97490635f83cf04 with the following Tags: Key=CreatedBy,Value=ec2-automate-backup Key=InstanceId,Value=i-8feeeab7 Key=InstanceName,Value=internetds_life_wzyhdz_ftp Key=PurgeAfterFE,Value=1493921404 Key=PurgeAllow,Value=true Key=Volume,Value=vol-550638d0 Key=Created,Value=1491329404
INSTANCE i-8feeeab7
INSTANCE NAME: internetds_life_wzyhdz_ftp
Tagging Snapshot snap-0a0d42eebcb1318bc with the following Tags: Key=CreatedBy,Value=ec2-automate-backup Key=InstanceId,Value=i-8feeeab7 Key=InstanceName,Value=internetds_life_wzyhdz_ftp Key=PurgeAfterFE,Value=1493921404 Key=PurgeAllow,Value=true Key=Volume,Value=vol-7b0739fe Key=Created,Value=1491329404
INSTANCE i-66eaee5e
INSTANCE NAME: test_internetds_life_wzyhdz_ftp
Tagging Snapshot snap-0be252f4072c0eab1 with the following Tags: Key=CreatedBy,Value=ec2-automate-backup Key=InstanceId,Value=i-66eaee5e Key=InstanceName,Value=test_internetds_life_wzyhdz_ftp Key=PurgeAfterFE,Value=1493921404 Key=PurgeAllow,Value=true Key=Volume,Value=vol-b5033d30 Key=Created,Value=1491329404
INSTANCE i-66eaee5e
INSTANCE NAME: test_internetds_life_wzyhdz_ftp
Tagging Snapshot snap-03db948ae9ad7075f with the following Tags: Key=CreatedBy,Value=ec2-automate-backup Key=InstanceId,Value=i-66eaee5e Key=InstanceName,Value=test_internetds_life_wzyhdz_ftp Key=PurgeAfterFE,Value=1493921404 Key=PurgeAllow,Value=true Key=Volume,Value=vol-d9033d5c Key=Created,Value=1491329404
INSTANCE i-98696ea0
INSTANCE NAME: yc_internetds_life_loadrunner3
Tagging Snapshot snap-0366a74154f4d4810 with the following Tags: Key=CreatedBy,Value=ec2-automate-backup Key=InstanceId,Value=i-98696ea0 Key=InstanceName,Value=yc_internetds_life_loadrunner3 Key=PurgeAfterFE,Value=1493921404 Key=PurgeAllow,Value=true Key=Volume,Value=vol-0d340d88 Key=Created,Value=1491329404
INSTANCE i-69696e51
INSTANCE NAME: yc_internetds_life_loadrunner4
Tagging Snapshot snap-08d461f1ee16b95c9 with the following Tags: Key=CreatedBy,Value=ec2-automate-backup Key=InstanceId,Value=i-69696e51 Key=InstanceName,Value=yc_internetds_life_loadrunner4 Key=PurgeAfterFE,Value=1493921404 Key=PurgeAllow,Value=true Key=Volume,Value=vol-62340de7 Key=Created,Value=1491329404
INSTANCE i-69696e51
INSTANCE NAME: yc_internetds_life_loadrunner4
Tagging Snapshot snap-06348e86a23888fb1 with the following Tags: Key=CreatedBy,Value=ec2-automate-backup Key=InstanceId,Value=i-69696e51 Key=InstanceName,Value=yc_internetds_life_loadrunner4 Key=PurgeAfterFE,Value=1493921404 Key=PurgeAllow,Value=true Key=Volume,Value=vol-7f340dfa Key=Created,Value=1491329404
INSTANCE i-98696ea0
INSTANCE NAME: yc_internetds_life_loadrunner3
Tagging Snapshot snap-0d729b8324a5fead2 with the following Tags: Key=CreatedBy,Value=ec2-automate-backup Key=InstanceId,Value=i-98696ea0 Key=InstanceName,Value=yc_internetds_life_loadrunner3 Key=PurgeAfterFE,Value=1493921404 Key=PurgeAllow,Value=true Key=Volume,Value=vol-82370e07 Key=Created,Value=1491329404
INSTANCE i-ea5855d2
INSTANCE NAME: internetds_opsmon_MongoDB01
Tagging Snapshot snap-0f709e16a1dca1253 with the following Tags: Key=CreatedBy,Value=ec2-automate-backup Key=InstanceId,Value=i-ea5855d2 Key=InstanceName,Value=internetds_opsmon_MongoDB01 Key=PurgeAfterFE,Value=1493921404 Key=PurgeAllow,Value=true Key=Volume,Value=vol-916b6a14 Key=Created,Value=1491329404
INSTANCE i-6758555f
INSTANCE NAME: internetds_opsmon_MongoDB02
Tagging Snapshot snap-09ec4930870af0514 with the following Tags: Key=CreatedBy,Value=ec2-automate-backup Key=InstanceId,Value=i-6758555f Key=InstanceName,Value=internetds_opsmon_MongoDB02 Key=PurgeAfterFE,Value=1493921404 Key=PurgeAllow,Value=true Key=Volume,Value=vol-9d6b6a18 Key=Created,Value=1491329404
INSTANCE i-965855ae
INSTANCE NAME: internetds_opsmon_MongoDB03
Tagging Snapshot snap-0ffc157513f43286c with the following Tags: Key=CreatedBy,Value=ec2-automate-backup Key=InstanceId,Value=i-965855ae Key=InstanceName,Value=internetds_opsmon_MongoDB03 Key=PurgeAfterFE,Value=1493921404 Key=PurgeAllow,Value=true Key=Volume,Value=vol-e06b6a65 Key=Created,Value=1491329404
INSTANCE i-6758555f
INSTANCE NAME: internetds_opsmon_MongoDB02
Tagging Snapshot snap-021ac82b3ec1c8cf1 with the following Tags: Key=CreatedBy,Value=ec2-automate-backup Key=InstanceId,Value=i-6758555f Key=InstanceName,Value=internetds_opsmon_MongoDB02 Key=PurgeAfterFE,Value=1493921404 Key=PurgeAllow,Value=true Key=Volume,Value=vol-f66b6a73 Key=Created,Value=1491329404
INSTANCE i-ea5855d2
INSTANCE NAME: internetds_opsmon_MongoDB01
Tagging Snapshot snap-04a477f3cd9d70444 with the following Tags: Key=CreatedBy,Value=ec2-automate-backup Key=InstanceId,Value=i-ea5855d2 Key=InstanceName,Value=internetds_opsmon_MongoDB01 Key=PurgeAfterFE,Value=1493921404 Key=PurgeAllow,Value=true Key=Volume,Value=vol-006b6a85 Key=Created,Value=1491329404
INSTANCE i-965855ae
INSTANCE NAME: internetds_opsmon_MongoDB03
Tagging Snapshot snap-05efdabfb1121e9fa with the following Tags: Key=CreatedBy,Value=ec2-automate-backup Key=InstanceId,Value=i-965855ae Key=InstanceName,Value=internetds_opsmon_MongoDB03 Key=PurgeAfterFE,Value=1493921404 Key=PurgeAllow,Value=true Key=Volume,Value=vol-116b6a94 Key=Created,Value=1491329404
INSTANCE i-0c585534
INSTANCE NAME: internetds_opsmon_DB01
Tagging Snapshot snap-0142fb867d40b395f with the following Tags: Key=CreatedBy,Value=ec2-automate-backup Key=InstanceId,Value=i-0c585534 Key=InstanceName,Value=internetds_opsmon_DB01 Key=PurgeAfterFE,Value=1493921404 Key=PurgeAllow,Value=true Key=Volume,Value=vol-8f6a6b0a Key=Created,Value=1491329404
INSTANCE i-0c585534
INSTANCE NAME: internetds_opsmon_DB01
Tagging Snapshot snap-062b398ab19fadb61 with the following Tags: Key=CreatedBy,Value=ec2-automate-backup Key=InstanceId,Value=i-0c585534 Key=InstanceName,Value=internetds_opsmon_DB01 Key=PurgeAfterFE,Value=1493921404 Key=PurgeAllow,Value=true Key=Volume,Value=vol-f26a6b77 Key=Created,Value=1491329404
INSTANCE i-050a03a5a66df8028
INSTANCE NAME: dev_internetds_health_mid_app01
Tagging Snapshot snap-09b27e4d6a88ee471 with the following Tags: Key=CreatedBy,Value=ec2-automate-backup Key=InstanceId,Value=i-050a03a5a66df8028 Key=InstanceName,Value=dev_internetds_health_mid_app01 Key=PurgeAfterFE,Value=1493921404 Key=PurgeAllow,Value=true Key=Volume,Value=vol-043c0352acf24d5d9 Key=Created,Value=1491329404
INSTANCE i-050a03a5a66df8028
INSTANCE NAME: dev_internetds_health_mid_app01
Tagging Snapshot snap-0ed1d7e24a38cdaca with the following Tags: Key=CreatedBy,Value=ec2-automate-backup Key=InstanceId,Value=i-050a03a5a66df8028 Key=InstanceName,Value=dev_internetds_health_mid_app01 Key=PurgeAfterFE,Value=1493921404 Key=PurgeAllow,Value=true Key=Volume,Value=vol-0168547c8e130e25c Key=Created,Value=1491329404
INSTANCE i-0e0a6ed23b32e226e
INSTANCE NAME: uat_internetds_health_mid_app01
Tagging Snapshot snap-08fa42fa75ecdc3b8 with the following Tags: Key=CreatedBy,Value=ec2-automate-backup Key=InstanceId,Value=i-0e0a6ed23b32e226e Key=InstanceName,Value=uat_internetds_health_mid_app01 Key=PurgeAfterFE,Value=1493921404 Key=PurgeAllow,Value=true Key=Volume,Value=vol-0afa35598272ee33a Key=Created,Value=1491329404
INSTANCE i-0e0a6ed23b32e226e
INSTANCE NAME: uat_internetds_health_mid_app01
Tagging Snapshot snap-050441248fc38805a with the following Tags: Key=CreatedBy,Value=ec2-automate-backup Key=InstanceId,Value=i-0e0a6ed23b32e226e Key=InstanceName,Value=uat_internetds_health_mid_app01 Key=PurgeAfterFE,Value=1493921404 Key=PurgeAllow,Value=true Key=Volume,Value=vol-0a58fdefe505b5f9c Key=Created,Value=1491329404
INSTANCE i-01b5bff014607d4f7
INSTANCE NAME: dev_internetds_health_datax_app01
Tagging Snapshot snap-0995c89fe6d992ea0 with the following Tags: Key=CreatedBy,Value=ec2-automate-backup Key=InstanceId,Value=i-01b5bff014607d4f7 Key=InstanceName,Value=dev_internetds_health_datax_app01 Key=PurgeAfterFE,Value=1493921404 Key=PurgeAllow,Value=true Key=Volume,Value=vol-0bb879fc8a757300a Key=Created,Value=1491329404
INSTANCE i-01b5bff014607d4f7
INSTANCE NAME: dev_internetds_health_datax_app01
Tagging Snapshot snap-0bc08a348deb8a343 with the following Tags: Key=CreatedBy,Value=ec2-automate-backup Key=InstanceId,Value=i-01b5bff014607d4f7 Key=InstanceName,Value=dev_internetds_health_datax_app01 Key=PurgeAfterFE,Value=1493921404 Key=PurgeAllow,Value=true Key=Volume,Value=vol-0f7aad9912e0ac78f Key=Created,Value=1491329404
INSTANCE i-04bdc4bc1f009c0ea
INSTANCE NAME: uat_internetds_health_datax_app01
Tagging Snapshot snap-0d391694f342e795c with the following Tags: Key=CreatedBy,Value=ec2-automate-backup Key=InstanceId,Value=i-04bdc4bc1f009c0ea Key=InstanceName,Value=uat_internetds_health_datax_app01 Key=PurgeAfterFE,Value=1493921404 Key=PurgeAllow,Value=true Key=Volume,Value=vol-02b1f7b9a208a8cf3 Key=Created,Value=1491329404
INSTANCE i-06bbe1529e0cf11a7
INSTANCE NAME: dev_internetds_health_gzyq_app01
Tagging Snapshot snap-007585d1dc5cc513d with the following Tags: Key=CreatedBy,Value=ec2-automate-backup Key=InstanceId,Value=i-06bbe1529e0cf11a7 Key=InstanceName,Value=dev_internetds_health_gzyq_app01 Key=PurgeAfterFE,Value=1493921404 Key=PurgeAllow,Value=true Key=Volume,Value=vol-08bb86e51d56539a0 Key=Created,Value=1491329404
INSTANCE i-04bdc4bc1f009c0ea
INSTANCE NAME: uat_internetds_health_datax_app01
Tagging Snapshot snap-0b1b647d9258a24a8 with the following Tags: Key=CreatedBy,Value=ec2-automate-backup Key=InstanceId,Value=i-04bdc4bc1f009c0ea Key=InstanceName,Value=uat_internetds_health_datax_app01 Key=PurgeAfterFE,Value=1493921404 Key=PurgeAllow,Value=true Key=Volume,Value=vol-05de05e324a99ef83 Key=Created,Value=1491329404
INSTANCE i-0923e5fab39808597
INSTANCE NAME: uat_internetds_health_gzyq_app01
Tagging Snapshot snap-04ea626d40627d2ea with the following Tags: Key=CreatedBy,Value=ec2-automate-backup Key=InstanceId,Value=i-0923e5fab39808597 Key=InstanceName,Value=uat_internetds_health_gzyq_app01 Key=PurgeAfterFE,Value=1493921404 Key=PurgeAllow,Value=true Key=Volume,Value=vol-0434385cfaf1b40b6 Key=Created,Value=1491329404
INSTANCE i-0a880d078466aa9fa
INSTANCE NAME: yc_internetds_health_bq_app01
Tagging Snapshot snap-07bdb16e7728168f8 with the following Tags: Key=CreatedBy,Value=ec2-automate-backup Key=InstanceId,Value=i-0a880d078466aa9fa Key=InstanceName,Value=yc_internetds_health_bq_app01 Key=PurgeAfterFE,Value=1493921404 Key=PurgeAllow,Value=true Key=Volume,Value=vol-09a0e66fac3d5e1eb Key=Created,Value=1491329404
INSTANCE i-06bbe1529e0cf11a7
INSTANCE NAME: dev_internetds_health_gzyq_app01
Tagging Snapshot snap-028d2fb97d28fd585 with the following Tags: Key=CreatedBy,Value=ec2-automate-backup Key=InstanceId,Value=i-06bbe1529e0cf11a7 Key=InstanceName,Value=dev_internetds_health_gzyq_app01 Key=PurgeAfterFE,Value=1493921404 Key=PurgeAllow,Value=true Key=Volume,Value=vol-08a8143f5c85716ca Key=Created,Value=1491329404
INSTANCE i-0923e5fab39808597
INSTANCE NAME: uat_internetds_health_gzyq_app01
Tagging Snapshot snap-0607013cf64533897 with the following Tags: Key=CreatedBy,Value=ec2-automate-backup Key=InstanceId,Value=i-0923e5fab39808597 Key=InstanceName,Value=uat_internetds_health_gzyq_app01 Key=PurgeAfterFE,Value=1493921404 Key=PurgeAllow,Value=true Key=Volume,Value=vol-07121f37e79416b11 Key=Created,Value=1491329404
INSTANCE i-0586ab5c2c0ecfd7e
INSTANCE NAME: yc_internetds_health_bq_app03
Tagging Snapshot snap-04dad35b52340db81 with the following Tags: Key=CreatedBy,Value=ec2-automate-backup Key=InstanceId,Value=i-0586ab5c2c0ecfd7e Key=InstanceName,Value=yc_internetds_health_bq_app03 Key=PurgeAfterFE,Value=1493921404 Key=PurgeAllow,Value=true Key=Volume,Value=vol-00a45c4b239d50c63 Key=Created,Value=1491329404
INSTANCE i-4cc5fb74
INSTANCE NAME: mgmt_bastion01
Tagging Snapshot snap-0aa4f06ead6372f19 with the following Tags: Key=CreatedBy,Value=ec2-automate-backup Key=InstanceId,Value=i-4cc5fb74 Key=InstanceName,Value=mgmt_bastion01 Key=PurgeAfterFE,Value=1493921404 Key=PurgeAllow,Value=true Key=Volume,Value=vol-019a8dea1bccde116 Key=Created,Value=1491329404
INSTANCE i-0a880d078466aa9fa
INSTANCE NAME: yc_internetds_health_bq_app01
Tagging Snapshot snap-01d5d2a2c830c1c50 with the following Tags: Key=CreatedBy,Value=ec2-automate-backup Key=InstanceId,Value=i-0a880d078466aa9fa Key=InstanceName,Value=yc_internetds_health_bq_app01 Key=PurgeAfterFE,Value=1493921404 Key=PurgeAllow,Value=true Key=Volume,Value=vol-0283afe05698da23f Key=Created,Value=1491329404
INSTANCE i-0586ab5c2c0ecfd7e
INSTANCE NAME: yc_internetds_health_bq_app03
Tagging Snapshot snap-070dae854fc74dc78 with the following Tags: Key=CreatedBy,Value=ec2-automate-backup Key=InstanceId,Value=i-0586ab5c2c0ecfd7e Key=InstanceName,Value=yc_internetds_health_bq_app03 Key=PurgeAfterFE,Value=1493921404 Key=PurgeAllow,Value=true Key=Volume,Value=vol-01e82bf5c47c9b151 Key=Created,Value=1491329404
Snapshot Purging is Starting Now.
Snapshot "snap-0f293c1b93268333a" with the PurgeAfterFE date of "1491243005" will be deleted.
Snapshot "snap-07b5ac60a263afe11" with the PurgeAfterFE date of "1491243005" will be deleted.
Snapshot "snap-043de4303898a51e4" with the PurgeAfterFE date of "1491243005" will be deleted.
Snapshot "snap-0248ac6414d90a532" with the PurgeAfterFE date of "1491243005" will be deleted.
Snapshot "snap-04026facf21de9d16" with the PurgeAfterFE date of "1491243005" will be deleted.
Snapshot "snap-0125b9f78f540bc80" with the PurgeAfterFE date of "1491243005" will be deleted.
Snapshot "snap-0f1eb70801ea6a458" with the PurgeAfterFE date of "1491243005" will be deleted.
Snapshot "snap-0d09fdbd0323fc1b2" with the PurgeAfterFE date of "1491243005" will be deleted.
Snapshot "snap-071045fd69bad499e" with the PurgeAfterFE date of "1491243005" will be deleted.
Snapshot "snap-0b81a96958f2d7944" with the PurgeAfterFE date of "1491243005" will be deleted.
Snapshot "snap-0140d826850b61ae9" with the PurgeAfterFE date of "1491243005" will be deleted.
Snapshot "snap-01c8ee08b3b0cab2a" with the PurgeAfterFE date of "1491243005" will be deleted.
Snapshot "snap-0d7b390878db640bd" with the PurgeAfterFE date of "1491243005" will be deleted.
Snapshot "snap-071733e3cf12f20c8" with the PurgeAfterFE date of "1491243005" will be deleted.
Snapshot "snap-0fd4f0721ca218922" with the PurgeAfterFE date of "1491243005" will be deleted.
Snapshot "snap-006d4b8f8e8d2f24c" with the PurgeAfterFE date of "1491243005" will be deleted.
Snapshot "snap-06a4aa00d9e29aaf4" with the PurgeAfterFE date of "1491243005" will be deleted.
Snapshot "snap-06a2e80586b279801" with the PurgeAfterFE date of "1491243005" will be deleted.
Snapshot "snap-07b3fa728a45a0ba4" with the PurgeAfterFE date of "1491243005" will be deleted.
Snapshot "snap-01c79e4dc11e99dff" with the PurgeAfterFE date of "1491243005" will be deleted.
Snapshot "snap-0fda85d4a1c942061" with the PurgeAfterFE date of "1491243005" will be deleted.
Snapshot "snap-0f9589a8999bdb277" with the PurgeAfterFE date of "1491243005" will be deleted.
Snapshot "snap-0903d14abf566d76c" with the PurgeAfterFE date of "1491243005" will be deleted.
Snapshot "snap-0cea8c57d2adb1045" with the PurgeAfterFE date of "1491243005" will be deleted.
Snapshot "snap-0f069a1d668fda727" with the PurgeAfterFE date of "1491243005" will be deleted.
Snapshot "snap-0e3356da1f06daf0e" with the PurgeAfterFE date of "1491243005" will be deleted.
Snapshot "snap-0177e52ded7877e71" with the PurgeAfterFE date of "1491243005" will be deleted.
Snapshot "snap-00ca17f83a26d6be5" with the PurgeAfterFE date of "1491243005" will be deleted.
Snapshot "snap-0fe5b7078b798f024" with the PurgeAfterFE date of "1491243005" will be deleted.
Snapshot "snap-0bffe1a7e1cb4cdce" with the PurgeAfterFE date of "1491243005" will be deleted.
Snapshot "snap-05dae5cb7cd0a6614" with the PurgeAfterFE date of "1491243005" will be deleted.
Snapshot "snap-0fe7add347e28f7d1" with the PurgeAfterFE date of "1491243005" will be deleted.
Snapshot "snap-0609f2608294a200f" with the PurgeAfterFE date of "1491243005" will be deleted.
Snapshot "snap-0fc2d8f615c8fd62c" with the PurgeAfterFE date of "1491243005" will be deleted.
Snapshot "snap-034d8913e827d32dd" with the PurgeAfterFE date of "1491243005" will be deleted.
Snapshot "snap-01b5fcdee81b85178" with the PurgeAfterFE date of "1491243005" will be deleted.
Snapshot "snap-05bdb1cc80ea3ef9e" with the PurgeAfterFE date of "1491243005" will be deleted.
Snapshot "snap-00d0b099c7169883b" with the PurgeAfterFE date of "1491243005" will be deleted.
Snapshot "snap-0ae338517d04455e8" with the PurgeAfterFE date of "1491243005" will be deleted.
Snapshot "snap-0c76c72e5e5d303d1" with the PurgeAfterFE date of "1491243005" will be deleted.
Snapshot "snap-0364ad8a063c6d2f8" with the PurgeAfterFE date of "1491243005" will be deleted.
Snapshot "snap-0b9459274eca2d287" with the PurgeAfterFE date of "1491243005" will be deleted.
Snapshot "snap-0686047bfbc82f91c" with the PurgeAfterFE date of "1491243005" will be deleted.
Snapshot "snap-04cf88efe2153d802" with the PurgeAfterFE date of "1491243005" will be deleted.
Snapshot "snap-0f1a9b33edaeea235" with the PurgeAfterFE date of "1491243005" will be deleted.
Snapshot "snap-038a3de1fddd7d390" with the PurgeAfterFE date of "1491243005" will be deleted.
Snapshot "snap-0a5e255fc32886d92" with the PurgeAfterFE date of "1491243005" will be deleted.
Snapshot "snap-0ae5c9bbe7affe00d" with the PurgeAfterFE date of "1491243005" will be deleted.
Snapshot "snap-09ccdbfb467e4c146" with the PurgeAfterFE date of "1491243005" will be deleted.
Snapshot "snap-0fae7e1a563b5f2e4" with the PurgeAfterFE date of "1491243005" will be deleted.
Snapshot "snap-0250d18b0c63d176e" with the PurgeAfterFE date of "1491243005" will be deleted.
Snapshot "snap-0f408957a5518f87a" with the PurgeAfterFE date of "1491243005" will be deleted.
Snapshot "snap-0aac48754ba947a2d" with the PurgeAfterFE date of "1491243005" will be deleted.
Snapshot "snap-08c0427b062b169b6" with the PurgeAfterFE date of "1491243005" will be deleted.
Snapshot "snap-023aa8c5fed877ddd" with the PurgeAfterFE date of "1491243005" will be deleted.
Snapshot "snap-0c629b99174ee38f8" with the PurgeAfterFE date of "1491243005" will be deleted.
Snapshot "snap-0d7daac3c907855e1" with the PurgeAfterFE date of "1491243005" will be deleted.
Snapshot "snap-006c585410544b95b" with the PurgeAfterFE date of "1491243005" will be deleted.
Snapshot "snap-03752813c27b49b1c" with the PurgeAfterFE date of "1491243005" will be deleted.
Snapshot "snap-0387cdcfcc1d1bd43" with the PurgeAfterFE date of "1491243005" will be deleted.
Snapshot "snap-009c809a87020f014" with the PurgeAfterFE date of "1491243005" will be deleted.
Snapshot "snap-0d7509ed484385c0c" with the PurgeAfterFE date of "1491243005" will be deleted.
Snapshot "snap-0230c822f030cc80d" with the PurgeAfterFE date of "1491243005" will be deleted.
Snapshot "snap-0125ba19a260d2f2d" with the PurgeAfterFE date of "1491243005" will be deleted.
Snapshot "snap-09ecdfdcc3ddb4546" with the PurgeAfterFE date of "1491243005" will be deleted.
Snapshot "snap-0c2724b9af30072e7" with the PurgeAfterFE date of "1491243005" will be deleted.
Snapshot "snap-0e33eb8451bbad171" with the PurgeAfterFE date of "1491243005" will be deleted.
Snapshot "snap-09923aff338d6152f" with the PurgeAfterFE date of "1491243005" will be deleted.
Snapshot "snap-0263db32228fe247b" with the PurgeAfterFE date of "1491243005" will be deleted.
Snapshot "snap-0519e60b46f771443" with the PurgeAfterFE date of "1491243005" will be deleted.
Snapshot "snap-03b0edea79ee6644b" with the PurgeAfterFE date of "1491243005" will be deleted.
Snapshot "snap-074b61687a7c35873" with the PurgeAfterFE date of "1491243005" will be deleted.
Snapshot "snap-040ad633cbb32069e" with the PurgeAfterFE date of "1491243005" will be deleted.
Snapshot "snap-0f37cdbdfdc4a14b5" with the PurgeAfterFE date of "1491243005" will be deleted.
Snapshot "snap-0f3f90c4758b42be7" with the PurgeAfterFE date of "1491243005" will be deleted.
Snapshot "snap-03d60f7ac55af41be" with the PurgeAfterFE date of "1491243005" will be deleted.
Snapshot "snap-071be078c27677ea0" with the PurgeAfterFE date of "1491243005" will be deleted.
Snapshot "snap-0a59b457573137969" with the PurgeAfterFE date of "1491243005" will be deleted.
Snapshot "snap-0d4049e0ff48920ce" with the PurgeAfterFE date of "1491243005" will be deleted.
Snapshot "snap-08eb1a129b4f20ceb" with the PurgeAfterFE date of "1491243005" will be deleted.
Snapshot "snap-001bf0e3eec03ee34" with the PurgeAfterFE date of "1491243005" will be deleted.
Snapshot "snap-06233bb320c970ca4" with the PurgeAfterFE date of "1491243005" will be deleted.
Snapshot "snap-0da9ac4c1952575cf" with the PurgeAfterFE date of "1491243005" will be deleted.
Snapshot "snap-01902d8dd44fadf9e" with the PurgeAfterFE date of "1491243005" will be deleted.
Snapshot "snap-03fe5ed4b6df4d1cc" with the PurgeAfterFE date of "1491243005" will be deleted.
Snapshot "snap-0d0de580dcfba0601" with the PurgeAfterFE date of "1491243005" will be deleted.
Snapshot "snap-0e119e07c3609afed" with the PurgeAfterFE date of "1491243005" will be deleted.
Snapshot "snap-08e02429c27d1563d" with the PurgeAfterFE date of "1491243005" will be deleted.
Snapshot "snap-099f3f976e907bde4" with the PurgeAfterFE date of "1491243005" will be deleted.
Snapshot "snap-0215186339c7066bf" with the PurgeAfterFE date of "1491243005" will be deleted.
Snapshot "snap-0f292e540ea4fefe3" with the PurgeAfterFE date of "1491243005" will be deleted.
Snapshot "snap-0dd2d80c5b5f63977" with the PurgeAfterFE date of "1491243005" will be deleted.
Snapshot "snap-0b97312fcf6dd0747" with the PurgeAfterFE date of "1491243005" will be deleted.
Snapshot "snap-058ffbccdc062d9b2" with the PurgeAfterFE date of "1491243005" will be deleted.
Snapshot "snap-0568a6170fc8847dd" with the PurgeAfterFE date of "1491243005" will be deleted.
Snapshot "snap-0f8edaa079b482036" with the PurgeAfterFE date of "1491243005" will be deleted.
Snapshot "snap-08301a93f57ac2a57" with the PurgeAfterFE date of "1491243005" will be deleted.
Snapshot "snap-0c8bc9873085c2185" with the PurgeAfterFE date of "1491243005" will be deleted.
Snapshot "snap-0a26632b11488337c" with the PurgeAfterFE date of "1491243005" will be deleted.
Snapshot "snap-06bd730268db6b817" with the PurgeAfterFE date of "1491243005" will be deleted.
Snapshot "snap-03bc9ce8f90c5d70d" with the PurgeAfterFE date of "1491243005" will be deleted.
Snapshot "snap-0e95a6d61f0d03c99" with the PurgeAfterFE date of "1491243005" will be deleted.
Snapshot "snap-03de697b82119ace3" with the PurgeAfterFE date of "1491243005" will be deleted.
Snapshot "snap-0b44dd683e73daa40" with the PurgeAfterFE date of "1491243005" will be deleted.
Snapshot "snap-0da1d0b234467f5c1" with the PurgeAfterFE date of "1491243005" will be deleted.
Snapshot "snap-0cd5dc3623a529100" with the PurgeAfterFE date of "1491243005" will be deleted.
Snapshot "snap-08fe246dcd46beca8" with the PurgeAfterFE date of "1491243005" will be deleted.
Snapshot "snap-02f8a625710f82851" with the PurgeAfterFE date of "1491243005" will be deleted.
Snapshot "snap-04e443a2c6aeb56db" with the PurgeAfterFE date of "1491243005" will be deleted.
Snapshot "snap-073d5df9250e84a4d" with the PurgeAfterFE date of "1491243005" will be deleted.
Snapshot "snap-09901b06299582483" with the PurgeAfterFE date of "1491243005" will be deleted.
Snapshot "snap-00e88db513a3a96a5" with the PurgeAfterFE date of "1491243005" will be deleted.
Snapshot "snap-0a5eec27256a66d40" with the PurgeAfterFE date of "1491243005" will be deleted.
Snapshot "snap-02b5736323bd6272c" with the PurgeAfterFE date of "1491243005" will be deleted.
Snapshot "snap-083ac051041e77c33" with the PurgeAfterFE date of "1491243005" will be deleted.
Snapshot "snap-0cc216f02cd4407e0" with the PurgeAfterFE date of "1491243005" will be deleted.
Snapshot "snap-0201b7f69534b1ae0" with the PurgeAfterFE date of "1491243005" will be deleted.
Snapshot "snap-0bde96462e9ea663b" with the PurgeAfterFE date of "1491243005" will be deleted.
Snapshot "snap-080c32517f705c488" with the PurgeAfterFE date of "1491243005" will be deleted.
Snapshot "snap-053d7e4d7acdc05fe" with the PurgeAfterFE date of "1491243005" will be deleted.
Snapshot "snap-0dd5e8449e6a1b41c" with the PurgeAfterFE date of "1491243005" will be deleted.
Snapshot "snap-09021512cea9b6dd8" with the PurgeAfterFE date of "1491243005" will be deleted.
Snapshot "snap-05ae0408ad6b261a7" with the PurgeAfterFE date of "1491243005" will be deleted.
Snapshot "snap-0b644a06f5c42ba5d" with the PurgeAfterFE date of "1491243005" will be deleted.
Snapshot "snap-0912d382d665508dd" with the PurgeAfterFE date of "1491243005" will be deleted.
Snapshot "snap-00cb47a6d934a7b67" with the PurgeAfterFE date of "1491243005" will be deleted.
Snapshot "snap-0754fdbd68597c617" with the PurgeAfterFE date of "1491243005" will be deleted.
Snapshot "snap-019d6f98df41f1803" with the PurgeAfterFE date of "1491243005" will be deleted.
Snapshot "snap-08b97113c0b644bda" with the PurgeAfterFE date of "1491243005" will be deleted.
Snapshot "snap-0dfbd720daee9ca53" with the PurgeAfterFE date of "1491243005" will be deleted.
Snapshot "snap-062156f7b07de32cb" with the PurgeAfterFE date of "1491243005" will be deleted.
Snapshot "snap-04858a1a68aa07565" with the PurgeAfterFE date of "1491243005" will be deleted.
Snapshot "snap-020be7257992b9501" with the PurgeAfterFE date of "1491243005" will be deleted.
Snapshot "snap-0d45e66491061e7f7" with the PurgeAfterFE date of "1491243005" will be deleted.
Snapshot "snap-00191d3b6e331b097" with the PurgeAfterFE date of "1491243005" will be deleted.
Snapshot "snap-0560d7e3095724155" with the PurgeAfterFE date of "1491243005" will be deleted.
Snapshot "snap-07fb0285d5a4c2cb9" with the PurgeAfterFE date of "1491243005" will be deleted.
Snapshot "snap-084fcdc7ed2bddbd8" with the PurgeAfterFE date of "1491243005" will be deleted.
Snapshot "snap-095baf32d3eaf17e3" with the PurgeAfterFE date of "1491243005" will be deleted.
Snapshot "snap-053ee8955591bcdea" with the PurgeAfterFE date of "1491243005" will be deleted.
Snapshot "snap-0e5421677b0339e8b" with the PurgeAfterFE date of "1491243005" will be deleted.
Snapshot "snap-05eb3658f5c3bad7d" with the PurgeAfterFE date of "1491243005" will be deleted.
Snapshot "snap-0a56d37af4a34933c" with the PurgeAfterFE date of "1491243005" will be deleted.
Snapshot "snap-02505330d0fd9904d" with the PurgeAfterFE date of "1491243005" will be deleted.
Snapshot "snap-09fadb5b17a6bb045" with the PurgeAfterFE date of "1491243005" will be deleted.
Snapshot "snap-05d93f8e51c730eb1" with the PurgeAfterFE date of "1491243005" will be deleted.
Snapshot "snap-00d5fec3fa07d5b57" with the PurgeAfterFE date of "1491243005" will be deleted.
Snapshot "snap-054423c4114336783" with the PurgeAfterFE date of "1491243005" will be deleted.
Snapshot "snap-03831d3136855a98e" with the PurgeAfterFE date of "1491243005" will be deleted.
Snapshot "snap-033407df0a70d4ae3" with the PurgeAfterFE date of "1491243005" will be deleted.
Snapshot "snap-0dd81d9982d508d9a" with the PurgeAfterFE date of "1491243005" will be deleted.
Snapshot "snap-032d046d13278ed2c" with the PurgeAfterFE date of "1491243005" will be deleted.
Snapshot "snap-0351311db8c3dbe6f" with the PurgeAfterFE date of "1491243005" will be deleted.
Snapshot "snap-0bd30c234f5c4f4be" with the PurgeAfterFE date of "1491243005" will be deleted.
Snapshot "snap-0f5a0746748e4f416" with the PurgeAfterFE date of "1491243005" will be deleted.
Snapshot "snap-0fc311e481344c76e" with the PurgeAfterFE date of "1491243005" will be deleted.
Snapshot "snap-0996faa96ca617175" with the PurgeAfterFE date of "1491243005" will be deleted.
Snapshot "snap-0f36f42fa91576f5f" with the PurgeAfterFE date of "1491243005" will be deleted.
Snapshot "snap-06a792951bad43417" with the PurgeAfterFE date of "1491243005" will be deleted.
Snapshot "snap-06d4fc1353ca60759" with the PurgeAfterFE date of "1491243005" will be deleted.
Snapshot "snap-060350a317e2e7d28" with the PurgeAfterFE date of "1491243005" will be deleted.
Snapshot "snap-0222534f099722ce0" with the PurgeAfterFE date of "1491243005" will be deleted.
Snapshot "snap-0f1eb3503aa230567" with the PurgeAfterFE date of "1491243005" will be deleted.
Snapshot "snap-0769f5889a92adacc" with the PurgeAfterFE date of "1491243005" will be deleted.
Snapshot "snap-05313f51ee363763e" with the PurgeAfterFE date of "1491243005" will be deleted.
Snapshot "snap-05a7490ba4ddf1bba" with the PurgeAfterFE date of "1491243005" will be deleted.
Snapshot "snap-092d6c78e0cedf523" with the PurgeAfterFE date of "1491243005" will be deleted.
Snapshot "snap-0eb78410d48991e23" with the PurgeAfterFE date of "1491243005" will be deleted.
Snapshot "snap-06e0afc932ebedb85" with the PurgeAfterFE date of "1491243005" will be deleted.
Snapshot "snap-00aa98b08db0037fb" with the PurgeAfterFE date of "1491243005" will be deleted.
Snapshot "snap-08554f418572017cd" with the PurgeAfterFE date of "1491243005" will be deleted.
Snapshot "snap-040120694dc103344" with the PurgeAfterFE date of "1491243005" will be deleted.
Snapshot "snap-0fb07d900a4b9ab42" with the PurgeAfterFE date of "1491243005" will be deleted.
Snapshot "snap-01cfdc16a01cfc8ea" with the PurgeAfterFE date of "1491243005" will be deleted.
Snapshot "snap-04357cb58ae5d4be1" with the PurgeAfterFE date of "1491243005" will be deleted.
Snapshot "snap-014812f83f93b9b3f" with the PurgeAfterFE date of "1491243005" will be deleted.
Snapshot "snap-040d3343d29a0a2d9" with the PurgeAfterFE date of "1491243005" will be deleted.
Snapshot "snap-03d863f083c37e5cd" with the PurgeAfterFE date of "1491243005" will be deleted.
Snapshot "snap-08964833f7f570d5e" with the PurgeAfterFE date of "1491243005" will be deleted.
Snapshot "snap-047dde6895f1fd42c" with the PurgeAfterFE date of "1491243005" will be deleted.
Snapshot "snap-0ad0650638adcf509" with the PurgeAfterFE date of "1491243005" will be deleted.
Snapshot "snap-029db3cc16f23e94d" with the PurgeAfterFE date of "1491243005" will be deleted.
Snapshot "snap-0699486badc5fa56b" with the PurgeAfterFE date of "1491243005" will be deleted.
Snapshot "snap-0256970b447a6b123" with the PurgeAfterFE date of "1491243005" will be deleted.
Snapshot "snap-0309b8f4aedf144d4" with the PurgeAfterFE date of "1491243005" will be deleted.
Snapshot "snap-0c7c4908b0697c576" with the PurgeAfterFE date of "1491243005" will be deleted.
Snapshot "snap-02fa391d45581ee58" with the PurgeAfterFE date of "1491243005" will be deleted.
Snapshot "snap-0565cdaff9ce5303b" with the PurgeAfterFE date of "1491243005" will be deleted.
Snapshot "snap-01dbea460c068bd71" with the PurgeAfterFE date of "1491243005" will be deleted.
Snapshot "snap-0e07d7c8b5f3be128" with the PurgeAfterFE date of "1491243005" will be deleted.
Snapshot "snap-04376c5aa19d577da" with the PurgeAfterFE date of "1491243005" will be deleted.
Snapshot "snap-06c8c948482ebd513" with the PurgeAfterFE date of "1491243005" will be deleted.
Snapshot "snap-0b1202b791c30df53" with the PurgeAfterFE date of "1491243005" will be deleted.
Snapshot "snap-0dd0b3149c8b26c54" with the PurgeAfterFE date of "1491243005" will be deleted.
Snapshot "snap-094c0abbb8d53a2ed" with the PurgeAfterFE date of "1491243005" will be deleted.
Snapshot "snap-0806dd7d43055b3e8" with the PurgeAfterFE date of "1491243005" will be deleted.
Snapshot "snap-0cb88648cce42955d" with the PurgeAfterFE date of "1491243005" will be deleted.
Snapshot "snap-09cb85987ccb84ce2" with the PurgeAfterFE date of "1491243005" will be deleted.
Snapshot "snap-0c14eb1e415d3bc21" with the PurgeAfterFE date of "1491243005" will be deleted.
Snapshot "snap-08b81b8198d4d3dac" with the PurgeAfterFE date of "1491243005" will be deleted.
Snapshot "snap-05e0fe207fd7bbc1c" with the PurgeAfterFE date of "1491243005" will be deleted.
Snapshot "snap-05f5896423cfec04a" with the PurgeAfterFE date of "1491243005" will be deleted.
Snapshot "snap-0bbb0a4e6758dba24" with the PurgeAfterFE date of "1491243005" will be deleted.
Snapshot "snap-00a10f032f5981d67" with the PurgeAfterFE date of "1491243005" will be deleted.
Snapshot "snap-036a659f04e257e6d" with the PurgeAfterFE date of "1491243005" will be deleted.
Snapshot "snap-02e927f51e3037851" with the PurgeAfterFE date of "1491243005" will be deleted.
Snapshot "snap-074d61af942366985" with the PurgeAfterFE date of "1491243005" will be deleted.
Snapshot "snap-0acff1a0f362a531e" with the PurgeAfterFE date of "1491243005" will be deleted.
