Snapshots taken by ec2-volumes-autobackup.sh will be eligible for purging after the following date (the purge after date given in seconds from epoch): 1493148028.
INSTANCE i-03c8fd87e7b05fa05
INSTANCE NAME: abfinance_95569_app16
Tagging Snapshot snap-04491804feebe387c with the following Tags: Key=CreatedBy,Value=ec2-automate-backup Key=InstanceId,Value=i-03c8fd87e7b05fa05 Key=InstanceName,Value=abfinance_95569_app16 Key=PurgeAfterFE,Value=1493148028 Key=PurgeAllow,Value=true Key=Volume,Value=vol-06c1ef7480d1a0d4c Key=Created,Value=1490556028
INSTANCE i-0c2bf96cb75ee7b5c
INSTANCE NAME: abfinance_95569_app18
Tagging Snapshot snap-0389e01bc1fe457bd with the following Tags: Key=CreatedBy,Value=ec2-automate-backup Key=InstanceId,Value=i-0c2bf96cb75ee7b5c Key=InstanceName,Value=abfinance_95569_app18 Key=PurgeAfterFE,Value=1493148028 Key=PurgeAllow,Value=true Key=Volume,Value=vol-0eae86baf89ae58a6 Key=Created,Value=1490556028
INSTANCE i-0dce85c3f212a5de0
INSTANCE NAME: abfinance_95569_app12
Tagging Snapshot snap-0a960b94ff85a8a39 with the following Tags: Key=CreatedBy,Value=ec2-automate-backup Key=InstanceId,Value=i-0dce85c3f212a5de0 Key=InstanceName,Value=abfinance_95569_app12 Key=PurgeAfterFE,Value=1493148028 Key=PurgeAllow,Value=true Key=Volume,Value=vol-05c5ee0c944c4a763 Key=Created,Value=1490556028
INSTANCE i-0dce85c3f212a5de0
INSTANCE NAME: abfinance_95569_app12
Tagging Snapshot snap-0680a694dbff7d9d2 with the following Tags: Key=CreatedBy,Value=ec2-automate-backup Key=InstanceId,Value=i-0dce85c3f212a5de0 Key=InstanceName,Value=abfinance_95569_app12 Key=PurgeAfterFE,Value=1493148028 Key=PurgeAllow,Value=true Key=Volume,Value=vol-0b081425c7cc17600 Key=Created,Value=1490556028
INSTANCE i-09ddd98828f970e2b
INSTANCE NAME: abfinance_95569_app14
Tagging Snapshot snap-0a63da2021cff4a42 with the following Tags: Key=CreatedBy,Value=ec2-automate-backup Key=InstanceId,Value=i-09ddd98828f970e2b Key=InstanceName,Value=abfinance_95569_app14 Key=PurgeAfterFE,Value=1493148028 Key=PurgeAllow,Value=true Key=Volume,Value=vol-029381ba27db23ea5 Key=Created,Value=1490556028
INSTANCE i-0de1db820b03e1279
INSTANCE NAME: abfinance_95569_app22
Tagging Snapshot snap-0ad12e2a3d60562e3 with the following Tags: Key=CreatedBy,Value=ec2-automate-backup Key=InstanceId,Value=i-0de1db820b03e1279 Key=InstanceName,Value=abfinance_95569_app22 Key=PurgeAfterFE,Value=1493148028 Key=PurgeAllow,Value=true Key=Volume,Value=vol-014edcf936f6c26f4 Key=Created,Value=1490556028
INSTANCE i-09ddd98828f970e2b
INSTANCE NAME: abfinance_95569_app14
Tagging Snapshot snap-025337fb6446eef00 with the following Tags: Key=CreatedBy,Value=ec2-automate-backup Key=InstanceId,Value=i-09ddd98828f970e2b Key=InstanceName,Value=abfinance_95569_app14 Key=PurgeAfterFE,Value=1493148028 Key=PurgeAllow,Value=true Key=Volume,Value=vol-0c815aa96dd49c83c Key=Created,Value=1490556028
INSTANCE i-03c8fd87e7b05fa05
INSTANCE NAME: abfinance_95569_app16
Tagging Snapshot snap-08cf65733bb0c3c9a with the following Tags: Key=CreatedBy,Value=ec2-automate-backup Key=InstanceId,Value=i-03c8fd87e7b05fa05 Key=InstanceName,Value=abfinance_95569_app16 Key=PurgeAfterFE,Value=1493148028 Key=PurgeAllow,Value=true Key=Volume,Value=vol-0a82f25f21c70ca17 Key=Created,Value=1490556028
INSTANCE i-03ab34c05dc4f22aa
INSTANCE NAME: abfinance_95569_app24
Tagging Snapshot snap-004272e1a2aaa7708 with the following Tags: Key=CreatedBy,Value=ec2-automate-backup Key=InstanceId,Value=i-03ab34c05dc4f22aa Key=InstanceName,Value=abfinance_95569_app24 Key=PurgeAfterFE,Value=1493148028 Key=PurgeAllow,Value=true Key=Volume,Value=vol-0119f2937c18f7e3e Key=Created,Value=1490556028
INSTANCE i-0bba368770f8bea0e
INSTANCE NAME: abfinance_95569_app28
Tagging Snapshot snap-039b31f4b341a6076 with the following Tags: Key=CreatedBy,Value=ec2-automate-backup Key=InstanceId,Value=i-0bba368770f8bea0e Key=InstanceName,Value=abfinance_95569_app28 Key=PurgeAfterFE,Value=1493148028 Key=PurgeAllow,Value=true Key=Volume,Value=vol-054e16021703bc75b Key=Created,Value=1490556028
INSTANCE i-0bba368770f8bea0e
INSTANCE NAME: abfinance_95569_app28
Tagging Snapshot snap-0031ff7526485998f with the following Tags: Key=CreatedBy,Value=ec2-automate-backup Key=InstanceId,Value=i-0bba368770f8bea0e Key=InstanceName,Value=abfinance_95569_app28 Key=PurgeAfterFE,Value=1493148028 Key=PurgeAllow,Value=true Key=Volume,Value=vol-0a9917560a4a8eb37 Key=Created,Value=1490556028
INSTANCE i-0900f2c3ece4f73ce
INSTANCE NAME: abfinance_95569_app20
Tagging Snapshot snap-0c39dabe199b1b7f9 with the following Tags: Key=CreatedBy,Value=ec2-automate-backup Key=InstanceId,Value=i-0900f2c3ece4f73ce Key=InstanceName,Value=abfinance_95569_app20 Key=PurgeAfterFE,Value=1493148028 Key=PurgeAllow,Value=true Key=Volume,Value=vol-06a26fc47d6b71ffd Key=Created,Value=1490556028
INSTANCE i-0900f2c3ece4f73ce
INSTANCE NAME: abfinance_95569_app20
Tagging Snapshot snap-0e88a9c940ec0ea25 with the following Tags: Key=CreatedBy,Value=ec2-automate-backup Key=InstanceId,Value=i-0900f2c3ece4f73ce Key=InstanceName,Value=abfinance_95569_app20 Key=PurgeAfterFE,Value=1493148028 Key=PurgeAllow,Value=true Key=Volume,Value=vol-02e3078096ec01da3 Key=Created,Value=1490556028
INSTANCE i-0de1db820b03e1279
INSTANCE NAME: abfinance_95569_app22
Tagging Snapshot snap-098b5582df2b224ba with the following Tags: Key=CreatedBy,Value=ec2-automate-backup Key=InstanceId,Value=i-0de1db820b03e1279 Key=InstanceName,Value=abfinance_95569_app22 Key=PurgeAfterFE,Value=1493148028 Key=PurgeAllow,Value=true Key=Volume,Value=vol-0d5d8a4619da19822 Key=Created,Value=1490556028
INSTANCE i-0c2bf96cb75ee7b5c
INSTANCE NAME: abfinance_95569_app18
Tagging Snapshot snap-0c592f5f71d51013b with the following Tags: Key=CreatedBy,Value=ec2-automate-backup Key=InstanceId,Value=i-0c2bf96cb75ee7b5c Key=InstanceName,Value=abfinance_95569_app18 Key=PurgeAfterFE,Value=1493148028 Key=PurgeAllow,Value=true Key=Volume,Value=vol-08f0c891fcb55d86a Key=Created,Value=1490556028
INSTANCE i-09bf358be6daff2b8
INSTANCE NAME: abfinance_95569_app26
Tagging Snapshot snap-09426da73b82e8f74 with the following Tags: Key=CreatedBy,Value=ec2-automate-backup Key=InstanceId,Value=i-09bf358be6daff2b8 Key=InstanceName,Value=abfinance_95569_app26 Key=PurgeAfterFE,Value=1493148028 Key=PurgeAllow,Value=true Key=Volume,Value=vol-01783b38ab8d40039 Key=Created,Value=1490556028
INSTANCE i-03ab34c05dc4f22aa
INSTANCE NAME: abfinance_95569_app24
Tagging Snapshot snap-039ac4bfd50d7f4a0 with the following Tags: Key=CreatedBy,Value=ec2-automate-backup Key=InstanceId,Value=i-03ab34c05dc4f22aa Key=InstanceName,Value=abfinance_95569_app24 Key=PurgeAfterFE,Value=1493148028 Key=PurgeAllow,Value=true Key=Volume,Value=vol-038fb96ae65962d50 Key=Created,Value=1490556028
INSTANCE i-09bf358be6daff2b8
INSTANCE NAME: abfinance_95569_app26
Tagging Snapshot snap-0a7dbc58ede51ac71 with the following Tags: Key=CreatedBy,Value=ec2-automate-backup Key=InstanceId,Value=i-09bf358be6daff2b8 Key=InstanceName,Value=abfinance_95569_app26 Key=PurgeAfterFE,Value=1493148028 Key=PurgeAllow,Value=true Key=Volume,Value=vol-04b2fa5fca10f2430 Key=Created,Value=1490556028
INSTANCE i-0274c175451fa7094
INSTANCE NAME: abfinance_95569_app08
Tagging Snapshot snap-058bdaa123cace1ba with the following Tags: Key=CreatedBy,Value=ec2-automate-backup Key=InstanceId,Value=i-0274c175451fa7094 Key=InstanceName,Value=abfinance_95569_app08 Key=PurgeAfterFE,Value=1493148028 Key=PurgeAllow,Value=true Key=Volume,Value=vol-0c72a7d64241a776c Key=Created,Value=1490556028
INSTANCE i-0c1125d6758d322b7
INSTANCE NAME: abfinance_95569_app06
Tagging Snapshot snap-0bd29ec9708c1cdbf with the following Tags: Key=CreatedBy,Value=ec2-automate-backup Key=InstanceId,Value=i-0c1125d6758d322b7 Key=InstanceName,Value=abfinance_95569_app06 Key=PurgeAfterFE,Value=1493148028 Key=PurgeAllow,Value=true Key=Volume,Value=vol-091917e30fd32e67a Key=Created,Value=1490556028
INSTANCE i-0bf78d14e8b0eaf1e
INSTANCE NAME: abfinance_95569_app30
Tagging Snapshot snap-0d39706a3cfbea587 with the following Tags: Key=CreatedBy,Value=ec2-automate-backup Key=InstanceId,Value=i-0bf78d14e8b0eaf1e Key=InstanceName,Value=abfinance_95569_app30 Key=PurgeAfterFE,Value=1493148028 Key=PurgeAllow,Value=true Key=Volume,Value=vol-028a6f552c7c9efe4 Key=Created,Value=1490556028
INSTANCE i-0c1125d6758d322b7
INSTANCE NAME: abfinance_95569_app06
Tagging Snapshot snap-0a6abc8e94b96a4fb with the following Tags: Key=CreatedBy,Value=ec2-automate-backup Key=InstanceId,Value=i-0c1125d6758d322b7 Key=InstanceName,Value=abfinance_95569_app06 Key=PurgeAfterFE,Value=1493148028 Key=PurgeAllow,Value=true Key=Volume,Value=vol-0ba5d36c9573518b5 Key=Created,Value=1490556028
INSTANCE i-0bf78d14e8b0eaf1e
INSTANCE NAME: abfinance_95569_app30
Tagging Snapshot snap-0be59e58bf3aa1bb7 with the following Tags: Key=CreatedBy,Value=ec2-automate-backup Key=InstanceId,Value=i-0bf78d14e8b0eaf1e Key=InstanceName,Value=abfinance_95569_app30 Key=PurgeAfterFE,Value=1493148028 Key=PurgeAllow,Value=true Key=Volume,Value=vol-096964d6c38daa9c9 Key=Created,Value=1490556028
INSTANCE i-0274c175451fa7094
INSTANCE NAME: abfinance_95569_app08
Tagging Snapshot snap-07973f03d95d0c561 with the following Tags: Key=CreatedBy,Value=ec2-automate-backup Key=InstanceId,Value=i-0274c175451fa7094 Key=InstanceName,Value=abfinance_95569_app08 Key=PurgeAfterFE,Value=1493148028 Key=PurgeAllow,Value=true Key=Volume,Value=vol-09f82518fd6c90b2b Key=Created,Value=1490556028
INSTANCE i-00649ffaac78d75cb
INSTANCE NAME: abfinance_95569_qyyxapp06
Tagging Snapshot snap-0060de0e87f93eb0f with the following Tags: Key=CreatedBy,Value=ec2-automate-backup Key=InstanceId,Value=i-00649ffaac78d75cb Key=InstanceName,Value=abfinance_95569_qyyxapp06 Key=PurgeAfterFE,Value=1493148028 Key=PurgeAllow,Value=true Key=Volume,Value=vol-04ad9f8946e08f89c Key=Created,Value=1490556028
INSTANCE i-00649ffaac78d75cb
INSTANCE NAME: abfinance_95569_qyyxapp06
Tagging Snapshot snap-0c8ea9485dcc44593 with the following Tags: Key=CreatedBy,Value=ec2-automate-backup Key=InstanceId,Value=i-00649ffaac78d75cb Key=InstanceName,Value=abfinance_95569_qyyxapp06 Key=PurgeAfterFE,Value=1493148028 Key=PurgeAllow,Value=true Key=Volume,Value=vol-0807f8fea0f547086 Key=Created,Value=1490556028
INSTANCE i-0b62ae29318f2ff8b
INSTANCE NAME: abfinance_95569_qyyxapp02
Tagging Snapshot snap-03e20d7ffbf680a82 with the following Tags: Key=CreatedBy,Value=ec2-automate-backup Key=InstanceId,Value=i-0b62ae29318f2ff8b Key=InstanceName,Value=abfinance_95569_qyyxapp02 Key=PurgeAfterFE,Value=1493148028 Key=PurgeAllow,Value=true Key=Volume,Value=vol-03ecd9464fd1c5d05 Key=Created,Value=1490556028
INSTANCE i-0b62ae29318f2ff8b
INSTANCE NAME: abfinance_95569_qyyxapp02
Tagging Snapshot snap-004911310a2beb320 with the following Tags: Key=CreatedBy,Value=ec2-automate-backup Key=InstanceId,Value=i-0b62ae29318f2ff8b Key=InstanceName,Value=abfinance_95569_qyyxapp02 Key=PurgeAfterFE,Value=1493148028 Key=PurgeAllow,Value=true Key=Volume,Value=vol-007d93d5c3db29799 Key=Created,Value=1490556028
INSTANCE i-0792c4456f9092988
INSTANCE NAME: abfinance_95569_qyyxapp08
Tagging Snapshot snap-01a4fd7abdb623b0f with the following Tags: Key=CreatedBy,Value=ec2-automate-backup Key=InstanceId,Value=i-0792c4456f9092988 Key=InstanceName,Value=abfinance_95569_qyyxapp08 Key=PurgeAfterFE,Value=1493148028 Key=PurgeAllow,Value=true Key=Volume,Value=vol-045f338712882182b Key=Created,Value=1490556028
INSTANCE i-0792c4456f9092988
INSTANCE NAME: abfinance_95569_qyyxapp08
Tagging Snapshot snap-0e00381a2c2fc1dbb with the following Tags: Key=CreatedBy,Value=ec2-automate-backup Key=InstanceId,Value=i-0792c4456f9092988 Key=InstanceName,Value=abfinance_95569_qyyxapp08 Key=PurgeAfterFE,Value=1493148028 Key=PurgeAllow,Value=true Key=Volume,Value=vol-0489d109134a1a195 Key=Created,Value=1490556028
INSTANCE i-0a035c9fe74e932da
INSTANCE NAME: abfinance_top20_ubuntu_app02
Tagging Snapshot snap-05099a9dd9d2d4258 with the following Tags: Key=CreatedBy,Value=ec2-automate-backup Key=InstanceId,Value=i-0a035c9fe74e932da Key=InstanceName,Value=abfinance_top20_ubuntu_app02 Key=PurgeAfterFE,Value=1493148028 Key=PurgeAllow,Value=true Key=Volume,Value=vol-0b7877736c90d5018 Key=Created,Value=1490556028
INSTANCE i-0d13fdd367f941029
INSTANCE NAME: abfinance_top20_ubuntu_app04
Tagging Snapshot snap-0c935bdd6083fd63d with the following Tags: Key=CreatedBy,Value=ec2-automate-backup Key=InstanceId,Value=i-0d13fdd367f941029 Key=InstanceName,Value=abfinance_top20_ubuntu_app04 Key=PurgeAfterFE,Value=1493148028 Key=PurgeAllow,Value=true Key=Volume,Value=vol-0b1860b6a86d65c3c Key=Created,Value=1490556028
INSTANCE i-0a035c9fe74e932da
INSTANCE NAME: abfinance_top20_ubuntu_app02
Tagging Snapshot snap-0adad14ec83d55c0b with the following Tags: Key=CreatedBy,Value=ec2-automate-backup Key=InstanceId,Value=i-0a035c9fe74e932da Key=InstanceName,Value=abfinance_top20_ubuntu_app02 Key=PurgeAfterFE,Value=1493148028 Key=PurgeAllow,Value=true Key=Volume,Value=vol-06d971d61dc6ec5d0 Key=Created,Value=1490556028
INSTANCE i-0d13fdd367f941029
INSTANCE NAME: abfinance_top20_ubuntu_app04
Tagging Snapshot snap-04c8d7bc3bed62bfd with the following Tags: Key=CreatedBy,Value=ec2-automate-backup Key=InstanceId,Value=i-0d13fdd367f941029 Key=InstanceName,Value=abfinance_top20_ubuntu_app04 Key=PurgeAfterFE,Value=1493148028 Key=PurgeAllow,Value=true Key=Volume,Value=vol-0c99c2848d6180dad Key=Created,Value=1490556028
INSTANCE i-0d13fdd367f941029
INSTANCE NAME: abfinance_top20_ubuntu_app04
Tagging Snapshot snap-0e78cfd0db8baf7c8 with the following Tags: Key=CreatedBy,Value=ec2-automate-backup Key=InstanceId,Value=i-0d13fdd367f941029 Key=InstanceName,Value=abfinance_top20_ubuntu_app04 Key=PurgeAfterFE,Value=1493148028 Key=PurgeAllow,Value=true Key=Volume,Value=vol-05552e316d7c4fca7 Key=Created,Value=1490556028
INSTANCE i-0a035c9fe74e932da
INSTANCE NAME: abfinance_top20_ubuntu_app02
Tagging Snapshot snap-06973116571395898 with the following Tags: Key=CreatedBy,Value=ec2-automate-backup Key=InstanceId,Value=i-0a035c9fe74e932da Key=InstanceName,Value=abfinance_top20_ubuntu_app02 Key=PurgeAfterFE,Value=1493148028 Key=PurgeAllow,Value=true Key=Volume,Value=vol-086b4833a3e624834 Key=Created,Value=1490556028
INSTANCE i-0d13fdd367f941029
INSTANCE NAME: abfinance_top20_ubuntu_app04
Tagging Snapshot snap-052b03f4c30b28d2a with the following Tags: Key=CreatedBy,Value=ec2-automate-backup Key=InstanceId,Value=i-0d13fdd367f941029 Key=InstanceName,Value=abfinance_top20_ubuntu_app04 Key=PurgeAfterFE,Value=1493148028 Key=PurgeAllow,Value=true Key=Volume,Value=vol-0237e004eeed33603 Key=Created,Value=1490556028
INSTANCE i-02c96aa526459387c
INSTANCE NAME: abfinance_top20_ubuntu_db02
Tagging Snapshot snap-06caa6e11bdc90049 with the following Tags: Key=CreatedBy,Value=ec2-automate-backup Key=InstanceId,Value=i-02c96aa526459387c Key=InstanceName,Value=abfinance_top20_ubuntu_db02 Key=PurgeAfterFE,Value=1493148028 Key=PurgeAllow,Value=true Key=Volume,Value=vol-0adeb8ce9288cb9f0 Key=Created,Value=1490556028
INSTANCE i-02c96aa526459387c
INSTANCE NAME: abfinance_top20_ubuntu_db02
Tagging Snapshot snap-046afd4cfd63414c3 with the following Tags: Key=CreatedBy,Value=ec2-automate-backup Key=InstanceId,Value=i-02c96aa526459387c Key=InstanceName,Value=abfinance_top20_ubuntu_db02 Key=PurgeAfterFE,Value=1493148028 Key=PurgeAllow,Value=true Key=Volume,Value=vol-0f91ffb6f9ff57fe9 Key=Created,Value=1490556028
INSTANCE i-02c96aa526459387c
INSTANCE NAME: abfinance_top20_ubuntu_db02
Tagging Snapshot snap-011b4e85feadb2e64 with the following Tags: Key=CreatedBy,Value=ec2-automate-backup Key=InstanceId,Value=i-02c96aa526459387c Key=InstanceName,Value=abfinance_top20_ubuntu_db02 Key=PurgeAfterFE,Value=1493148028 Key=PurgeAllow,Value=true Key=Volume,Value=vol-0e507dfbbde31e579 Key=Created,Value=1490556028
INSTANCE i-02c96aa526459387c
INSTANCE NAME: abfinance_top20_ubuntu_db02
Tagging Snapshot snap-0f6628b32d6beed26 with the following Tags: Key=CreatedBy,Value=ec2-automate-backup Key=InstanceId,Value=i-02c96aa526459387c Key=InstanceName,Value=abfinance_top20_ubuntu_db02 Key=PurgeAfterFE,Value=1493148028 Key=PurgeAllow,Value=true Key=Volume,Value=vol-0c9c555e321cb7fb5 Key=Created,Value=1490556028
INSTANCE i-02c96aa526459387c
INSTANCE NAME: abfinance_top20_ubuntu_db02
Tagging Snapshot snap-0e5fecc6838236a07 with the following Tags: Key=CreatedBy,Value=ec2-automate-backup Key=InstanceId,Value=i-02c96aa526459387c Key=InstanceName,Value=abfinance_top20_ubuntu_db02 Key=PurgeAfterFE,Value=1493148028 Key=PurgeAllow,Value=true Key=Volume,Value=vol-0a171db3d35833a82 Key=Created,Value=1490556028
INSTANCE i-0146762d86a3f8d50
INSTANCE NAME: abfinance_lcb_production02
Tagging Snapshot snap-066bbe35b1f8f16d2 with the following Tags: Key=CreatedBy,Value=ec2-automate-backup Key=InstanceId,Value=i-0146762d86a3f8d50 Key=InstanceName,Value=abfinance_lcb_production02 Key=PurgeAfterFE,Value=1493148028 Key=PurgeAllow,Value=true Key=Volume,Value=vol-0fea562fe447a3f76 Key=Created,Value=1490556028
INSTANCE i-0146762d86a3f8d50
INSTANCE NAME: abfinance_lcb_production02
Tagging Snapshot snap-0a7ba816dffa1d766 with the following Tags: Key=CreatedBy,Value=ec2-automate-backup Key=InstanceId,Value=i-0146762d86a3f8d50 Key=InstanceName,Value=abfinance_lcb_production02 Key=PurgeAfterFE,Value=1493148028 Key=PurgeAllow,Value=true Key=Volume,Value=vol-0782f08cb6f6c839c Key=Created,Value=1490556028
INSTANCE i-0c9c05c95fadfa579
INSTANCE NAME: abfinance_lcb_webview02
Tagging Snapshot snap-0de2adaf3494aff04 with the following Tags: Key=CreatedBy,Value=ec2-automate-backup Key=InstanceId,Value=i-0c9c05c95fadfa579 Key=InstanceName,Value=abfinance_lcb_webview02 Key=PurgeAfterFE,Value=1493148028 Key=PurgeAllow,Value=true Key=Volume,Value=vol-093a7b55a620d4e21 Key=Created,Value=1490556028
INSTANCE i-0ddb468f7fcf6e0df
INSTANCE NAME: abfinance_lcb_sales02
Tagging Snapshot snap-0c9dad7483ddbc8a8 with the following Tags: Key=CreatedBy,Value=ec2-automate-backup Key=InstanceId,Value=i-0ddb468f7fcf6e0df Key=InstanceName,Value=abfinance_lcb_sales02 Key=PurgeAfterFE,Value=1493148028 Key=PurgeAllow,Value=true Key=Volume,Value=vol-0fad69a30ba7bce0d Key=Created,Value=1490556028
INSTANCE i-0ddb468f7fcf6e0df
INSTANCE NAME: abfinance_lcb_sales02
Tagging Snapshot snap-05f6a242607b4e4bb with the following Tags: Key=CreatedBy,Value=ec2-automate-backup Key=InstanceId,Value=i-0ddb468f7fcf6e0df Key=InstanceName,Value=abfinance_lcb_sales02 Key=PurgeAfterFE,Value=1493148028 Key=PurgeAllow,Value=true Key=Volume,Value=vol-045ed94c459ff8b7f Key=Created,Value=1490556028
INSTANCE i-0b4be2bbf8b348d64
INSTANCE NAME: abfinance_lcb_webview04
Tagging Snapshot snap-001dbf252d6be8611 with the following Tags: Key=CreatedBy,Value=ec2-automate-backup Key=InstanceId,Value=i-0b4be2bbf8b348d64 Key=InstanceName,Value=abfinance_lcb_webview04 Key=PurgeAfterFE,Value=1493148028 Key=PurgeAllow,Value=true Key=Volume,Value=vol-028cbc9a0070f9b88 Key=Created,Value=1490556028
INSTANCE i-0c9c05c95fadfa579
INSTANCE NAME: abfinance_lcb_webview02
Tagging Snapshot snap-082513ea46709faee with the following Tags: Key=CreatedBy,Value=ec2-automate-backup Key=InstanceId,Value=i-0c9c05c95fadfa579 Key=InstanceName,Value=abfinance_lcb_webview02 Key=PurgeAfterFE,Value=1493148028 Key=PurgeAllow,Value=true Key=Volume,Value=vol-0c28572672b1f140b Key=Created,Value=1490556028
INSTANCE i-0b4be2bbf8b348d64
INSTANCE NAME: abfinance_lcb_webview04
Tagging Snapshot snap-0a76dd13b6333448d with the following Tags: Key=CreatedBy,Value=ec2-automate-backup Key=InstanceId,Value=i-0b4be2bbf8b348d64 Key=InstanceName,Value=abfinance_lcb_webview04 Key=PurgeAfterFE,Value=1493148028 Key=PurgeAllow,Value=true Key=Volume,Value=vol-0f31367a3565de9bf Key=Created,Value=1490556028
INSTANCE i-014a452a01f729a81
INSTANCE NAME: abfinance_nat02
Tagging Snapshot snap-0145d2b0046c1e4fb with the following Tags: Key=CreatedBy,Value=ec2-automate-backup Key=InstanceId,Value=i-014a452a01f729a81 Key=InstanceName,Value=abfinance_nat02 Key=PurgeAfterFE,Value=1493148028 Key=PurgeAllow,Value=true Key=Volume,Value=vol-0122877394ee0d073 Key=Created,Value=1490556028
INSTANCE i-014a452a01f729a81
INSTANCE NAME: abfinance_nat02
Tagging Snapshot snap-0d6382e7822cb4165 with the following Tags: Key=CreatedBy,Value=ec2-automate-backup Key=InstanceId,Value=i-014a452a01f729a81 Key=InstanceName,Value=abfinance_nat02 Key=PurgeAfterFE,Value=1493148028 Key=PurgeAllow,Value=true Key=Volume,Value=vol-0eb3627979069db71 Key=Created,Value=1490556028
INSTANCE i-0ee80a69b4f45c60e
INSTANCE NAME: abfinance_waf02
Tagging Snapshot snap-0913e7fab5bcd13f8 with the following Tags: Key=CreatedBy,Value=ec2-automate-backup Key=InstanceId,Value=i-0ee80a69b4f45c60e Key=InstanceName,Value=abfinance_waf02 Key=PurgeAfterFE,Value=1493148028 Key=PurgeAllow,Value=true Key=Volume,Value=vol-042db02546c7bbc0f Key=Created,Value=1490556028
INSTANCE i-0ee80a69b4f45c60e
INSTANCE NAME: abfinance_waf02
Tagging Snapshot snap-02c277c800904d08a with the following Tags: Key=CreatedBy,Value=ec2-automate-backup Key=InstanceId,Value=i-0ee80a69b4f45c60e Key=InstanceName,Value=abfinance_waf02 Key=PurgeAfterFE,Value=1493148028 Key=PurgeAllow,Value=true Key=Volume,Value=vol-0b023adea7ec39f41 Key=Created,Value=1490556028
INSTANCE i-0ee80a69b4f45c60e
INSTANCE NAME: abfinance_waf02
Tagging Snapshot snap-0c06bfd1b2bbcac38 with the following Tags: Key=CreatedBy,Value=ec2-automate-backup Key=InstanceId,Value=i-0ee80a69b4f45c60e Key=InstanceName,Value=abfinance_waf02 Key=PurgeAfterFE,Value=1493148028 Key=PurgeAllow,Value=true Key=Volume,Value=vol-02480e8655b6a38b6 Key=Created,Value=1490556028
INSTANCE i-0a035c9fe74e932da
INSTANCE NAME: abfinance_top20_ubuntu_app02
Tagging Snapshot snap-0bfb3faaf28d8e53c with the following Tags: Key=CreatedBy,Value=ec2-automate-backup Key=InstanceId,Value=i-0a035c9fe74e932da Key=InstanceName,Value=abfinance_top20_ubuntu_app02 Key=PurgeAfterFE,Value=1493148028 Key=PurgeAllow,Value=true Key=Volume,Value=vol-0833a0ce5b2b225bf Key=Created,Value=1490556028
INSTANCE i-0e7b41ca87688f980
INSTANCE NAME: abfinance_95569_appcl04
Tagging Snapshot snap-0762f951e8cce618a with the following Tags: Key=CreatedBy,Value=ec2-automate-backup Key=InstanceId,Value=i-0e7b41ca87688f980 Key=InstanceName,Value=abfinance_95569_appcl04 Key=PurgeAfterFE,Value=1493148028 Key=PurgeAllow,Value=true Key=Volume,Value=vol-09962699c969ead77 Key=Created,Value=1490556028
INSTANCE i-00a8d0c18aa729b40
INSTANCE NAME: abfinance_95569_appcl02
Tagging Snapshot snap-0dffa82ff7c73b865 with the following Tags: Key=CreatedBy,Value=ec2-automate-backup Key=InstanceId,Value=i-00a8d0c18aa729b40 Key=InstanceName,Value=abfinance_95569_appcl02 Key=PurgeAfterFE,Value=1493148028 Key=PurgeAllow,Value=true Key=Volume,Value=vol-0e1b1051e7f20c3af Key=Created,Value=1490556028
INSTANCE i-04231f43893c2cbce
INSTANCE NAME: abfinance_95569_appcl06
Tagging Snapshot snap-0b3639cd72d73c1f3 with the following Tags: Key=CreatedBy,Value=ec2-automate-backup Key=InstanceId,Value=i-04231f43893c2cbce Key=InstanceName,Value=abfinance_95569_appcl06 Key=PurgeAfterFE,Value=1493148028 Key=PurgeAllow,Value=true Key=Volume,Value=vol-085a1ef336f7f37d6 Key=Created,Value=1490556028
INSTANCE i-0b1524c7e08ea3c00
INSTANCE NAME: abfinance_95569_appcl08
Tagging Snapshot snap-0a0706fa9bc006acc with the following Tags: Key=CreatedBy,Value=ec2-automate-backup Key=InstanceId,Value=i-0b1524c7e08ea3c00 Key=InstanceName,Value=abfinance_95569_appcl08 Key=PurgeAfterFE,Value=1493148028 Key=PurgeAllow,Value=true Key=Volume,Value=vol-0fcddf0f0e57da7e4 Key=Created,Value=1490556028
INSTANCE i-00a8d0c18aa729b40
INSTANCE NAME: abfinance_95569_appcl02
Tagging Snapshot snap-09ed0a7c250fc9ace with the following Tags: Key=CreatedBy,Value=ec2-automate-backup Key=InstanceId,Value=i-00a8d0c18aa729b40 Key=InstanceName,Value=abfinance_95569_appcl02 Key=PurgeAfterFE,Value=1493148028 Key=PurgeAllow,Value=true Key=Volume,Value=vol-075d9ef6aede855d6 Key=Created,Value=1490556028
INSTANCE i-04231f43893c2cbce
INSTANCE NAME: abfinance_95569_appcl06
Tagging Snapshot snap-03062db9311b41808 with the following Tags: Key=CreatedBy,Value=ec2-automate-backup Key=InstanceId,Value=i-04231f43893c2cbce Key=InstanceName,Value=abfinance_95569_appcl06 Key=PurgeAfterFE,Value=1493148028 Key=PurgeAllow,Value=true Key=Volume,Value=vol-0ccee881fd83794ed Key=Created,Value=1490556028
INSTANCE i-0b1524c7e08ea3c00
INSTANCE NAME: abfinance_95569_appcl08
Tagging Snapshot snap-0052b70339a08538d with the following Tags: Key=CreatedBy,Value=ec2-automate-backup Key=InstanceId,Value=i-0b1524c7e08ea3c00 Key=InstanceName,Value=abfinance_95569_appcl08 Key=PurgeAfterFE,Value=1493148028 Key=PurgeAllow,Value=true Key=Volume,Value=vol-093abd967cc7d7974 Key=Created,Value=1490556028
INSTANCE i-0e7b41ca87688f980
INSTANCE NAME: abfinance_95569_appcl04
Tagging Snapshot snap-0da3e1ae3b4a70afc with the following Tags: Key=CreatedBy,Value=ec2-automate-backup Key=InstanceId,Value=i-0e7b41ca87688f980 Key=InstanceName,Value=abfinance_95569_appcl04 Key=PurgeAfterFE,Value=1493148028 Key=PurgeAllow,Value=true Key=Volume,Value=vol-0e39f2b3cde217b99 Key=Created,Value=1490556028
INSTANCE i-07a3a15c9f6feeb46
INSTANCE NAME: test_abfinance_nat02
Tagging Snapshot snap-062e4ad6e8456df63 with the following Tags: Key=CreatedBy,Value=ec2-automate-backup Key=InstanceId,Value=i-07a3a15c9f6feeb46 Key=InstanceName,Value=test_abfinance_nat02 Key=PurgeAfterFE,Value=1493148028 Key=PurgeAllow,Value=true Key=Volume,Value=vol-01ab7d41e5b31850a Key=Created,Value=1490556028
INSTANCE i-07a3a15c9f6feeb46
INSTANCE NAME: test_abfinance_nat02
Tagging Snapshot snap-04b4afaa0ad7b3266 with the following Tags: Key=CreatedBy,Value=ec2-automate-backup Key=InstanceId,Value=i-07a3a15c9f6feeb46 Key=InstanceName,Value=test_abfinance_nat02 Key=PurgeAfterFE,Value=1493148028 Key=PurgeAllow,Value=true Key=Volume,Value=vol-0d82762847b8c1626 Key=Created,Value=1490556028
INSTANCE i-0961c1eaf8cb6e3e2
INSTANCE NAME: abfinance_top20_ubuntu_app07
Tagging Snapshot snap-04ac7bd63b809a3d4 with the following Tags: Key=CreatedBy,Value=ec2-automate-backup Key=InstanceId,Value=i-0961c1eaf8cb6e3e2 Key=InstanceName,Value=abfinance_top20_ubuntu_app07 Key=PurgeAfterFE,Value=1493148028 Key=PurgeAllow,Value=true Key=Volume,Value=vol-01c97cbcabbffd2f6 Key=Created,Value=1490556028
INSTANCE i-08622f22307f9b3dc
INSTANCE NAME: abfinance_top20_ubuntu_app08
Tagging Snapshot snap-0fd2d6f71de0e99c9 with the following Tags: Key=CreatedBy,Value=ec2-automate-backup Key=InstanceId,Value=i-08622f22307f9b3dc Key=InstanceName,Value=abfinance_top20_ubuntu_app08 Key=PurgeAfterFE,Value=1493148028 Key=PurgeAllow,Value=true Key=Volume,Value=vol-0007abc804d169613 Key=Created,Value=1490556028
INSTANCE i-0961c1eaf8cb6e3e2
INSTANCE NAME: abfinance_top20_ubuntu_app07
Tagging Snapshot snap-08a71a2c85622121d with the following Tags: Key=CreatedBy,Value=ec2-automate-backup Key=InstanceId,Value=i-0961c1eaf8cb6e3e2 Key=InstanceName,Value=abfinance_top20_ubuntu_app07 Key=PurgeAfterFE,Value=1493148028 Key=PurgeAllow,Value=true Key=Volume,Value=vol-0b0833a63623e27fd Key=Created,Value=1490556028
INSTANCE i-0961c1eaf8cb6e3e2
INSTANCE NAME: abfinance_top20_ubuntu_app07
Tagging Snapshot snap-07a1d0c58ffe22080 with the following Tags: Key=CreatedBy,Value=ec2-automate-backup Key=InstanceId,Value=i-0961c1eaf8cb6e3e2 Key=InstanceName,Value=abfinance_top20_ubuntu_app07 Key=PurgeAfterFE,Value=1493148028 Key=PurgeAllow,Value=true Key=Volume,Value=vol-034ac121f027aee3d Key=Created,Value=1490556028
INSTANCE i-047407af8e70e5586
INSTANCE NAME: abfinance_top20_ubuntu_app09
Tagging Snapshot snap-09b1a6d8e46c3775d with the following Tags: Key=CreatedBy,Value=ec2-automate-backup Key=InstanceId,Value=i-047407af8e70e5586 Key=InstanceName,Value=abfinance_top20_ubuntu_app09 Key=PurgeAfterFE,Value=1493148028 Key=PurgeAllow,Value=true Key=Volume,Value=vol-020dc1f08a4d59a28 Key=Created,Value=1490556028
INSTANCE i-047407af8e70e5586
INSTANCE NAME: abfinance_top20_ubuntu_app09
Tagging Snapshot snap-05cad69a5195fbcf5 with the following Tags: Key=CreatedBy,Value=ec2-automate-backup Key=InstanceId,Value=i-047407af8e70e5586 Key=InstanceName,Value=abfinance_top20_ubuntu_app09 Key=PurgeAfterFE,Value=1493148028 Key=PurgeAllow,Value=true Key=Volume,Value=vol-0661fcbcb7fca8736 Key=Created,Value=1490556028
INSTANCE i-08622f22307f9b3dc
INSTANCE NAME: abfinance_top20_ubuntu_app08
Tagging Snapshot snap-022f743e256a5550b with the following Tags: Key=CreatedBy,Value=ec2-automate-backup Key=InstanceId,Value=i-08622f22307f9b3dc Key=InstanceName,Value=abfinance_top20_ubuntu_app08 Key=PurgeAfterFE,Value=1493148028 Key=PurgeAllow,Value=true Key=Volume,Value=vol-0e2d6cd9d5d987918 Key=Created,Value=1490556028
INSTANCE i-047407af8e70e5586
INSTANCE NAME: abfinance_top20_ubuntu_app09
Tagging Snapshot snap-0b3a2808bdd68b5e2 with the following Tags: Key=CreatedBy,Value=ec2-automate-backup Key=InstanceId,Value=i-047407af8e70e5586 Key=InstanceName,Value=abfinance_top20_ubuntu_app09 Key=PurgeAfterFE,Value=1493148028 Key=PurgeAllow,Value=true Key=Volume,Value=vol-034bf0cd673d73b04 Key=Created,Value=1490556028
INSTANCE i-0961c1eaf8cb6e3e2
INSTANCE NAME: abfinance_top20_ubuntu_app07
Tagging Snapshot snap-0475eb80a78dc8a54 with the following Tags: Key=CreatedBy,Value=ec2-automate-backup Key=InstanceId,Value=i-0961c1eaf8cb6e3e2 Key=InstanceName,Value=abfinance_top20_ubuntu_app07 Key=PurgeAfterFE,Value=1493148028 Key=PurgeAllow,Value=true Key=Volume,Value=vol-014f16614cd6e4f09 Key=Created,Value=1490556028
INSTANCE i-08622f22307f9b3dc
INSTANCE NAME: abfinance_top20_ubuntu_app08
Tagging Snapshot snap-0f30e836582766884 with the following Tags: Key=CreatedBy,Value=ec2-automate-backup Key=InstanceId,Value=i-08622f22307f9b3dc Key=InstanceName,Value=abfinance_top20_ubuntu_app08 Key=PurgeAfterFE,Value=1493148028 Key=PurgeAllow,Value=true Key=Volume,Value=vol-0e98d92b5a271e0c1 Key=Created,Value=1490556028
INSTANCE i-047407af8e70e5586
INSTANCE NAME: abfinance_top20_ubuntu_app09
Tagging Snapshot snap-06821571af875492e with the following Tags: Key=CreatedBy,Value=ec2-automate-backup Key=InstanceId,Value=i-047407af8e70e5586 Key=InstanceName,Value=abfinance_top20_ubuntu_app09 Key=PurgeAfterFE,Value=1493148028 Key=PurgeAllow,Value=true Key=Volume,Value=vol-0fdd1c6ac89f46341 Key=Created,Value=1490556028
INSTANCE i-08622f22307f9b3dc
INSTANCE NAME: abfinance_top20_ubuntu_app08
Tagging Snapshot snap-0109fdd027dbf885c with the following Tags: Key=CreatedBy,Value=ec2-automate-backup Key=InstanceId,Value=i-08622f22307f9b3dc Key=InstanceName,Value=abfinance_top20_ubuntu_app08 Key=PurgeAfterFE,Value=1493148028 Key=PurgeAllow,Value=true Key=Volume,Value=vol-09bb75d16f9d1bb61 Key=Created,Value=1490556028
INSTANCE i-0bcd22592948a3bc8
INSTANCE NAME: abfinance_95569_app141
Tagging Snapshot snap-03ef259e613500289 with the following Tags: Key=CreatedBy,Value=ec2-automate-backup Key=InstanceId,Value=i-0bcd22592948a3bc8 Key=InstanceName,Value=abfinance_95569_app141 Key=PurgeAfterFE,Value=1493148028 Key=PurgeAllow,Value=true Key=Volume,Value=vol-018e795cdbb9f839f Key=Created,Value=1490556028
INSTANCE i-0bcd22592948a3bc8
INSTANCE NAME: abfinance_95569_app141
Tagging Snapshot snap-0dba689282dcb45d5 with the following Tags: Key=CreatedBy,Value=ec2-automate-backup Key=InstanceId,Value=i-0bcd22592948a3bc8 Key=InstanceName,Value=abfinance_95569_app141 Key=PurgeAfterFE,Value=1493148028 Key=PurgeAllow,Value=true Key=Volume,Value=vol-086aba265d94e61b4 Key=Created,Value=1490556028
INSTANCE i-03b57928616a8d119
INSTANCE NAME: abfinance_95569_app11
Tagging Snapshot snap-028cb8af667894ba7 with the following Tags: Key=CreatedBy,Value=ec2-automate-backup Key=InstanceId,Value=i-03b57928616a8d119 Key=InstanceName,Value=abfinance_95569_app11 Key=PurgeAfterFE,Value=1493148028 Key=PurgeAllow,Value=true Key=Volume,Value=vol-00a4d8cc657fd095f Key=Created,Value=1490556028
INSTANCE i-09c114c3c67ac2768
INSTANCE NAME: abfinance_95569_app15
Tagging Snapshot snap-03cf630ffdd6d437c with the following Tags: Key=CreatedBy,Value=ec2-automate-backup Key=InstanceId,Value=i-09c114c3c67ac2768 Key=InstanceName,Value=abfinance_95569_app15 Key=PurgeAfterFE,Value=1493148028 Key=PurgeAllow,Value=true Key=Volume,Value=vol-0dc2b205ff3e0db9f Key=Created,Value=1490556028
INSTANCE i-09c114c3c67ac2768
INSTANCE NAME: abfinance_95569_app15
Tagging Snapshot snap-07abe01370209e6b5 with the following Tags: Key=CreatedBy,Value=ec2-automate-backup Key=InstanceId,Value=i-09c114c3c67ac2768 Key=InstanceName,Value=abfinance_95569_app15 Key=PurgeAfterFE,Value=1493148028 Key=PurgeAllow,Value=true Key=Volume,Value=vol-0603570eb189be1e3 Key=Created,Value=1490556028
INSTANCE i-0a5f15688eacd2e3e
INSTANCE NAME: abfinance_95569_app13
Tagging Snapshot snap-0552b3ec6856ffe66 with the following Tags: Key=CreatedBy,Value=ec2-automate-backup Key=InstanceId,Value=i-0a5f15688eacd2e3e Key=InstanceName,Value=abfinance_95569_app13 Key=PurgeAfterFE,Value=1493148028 Key=PurgeAllow,Value=true Key=Volume,Value=vol-02298d3eaf4ba7281 Key=Created,Value=1490556028
INSTANCE i-0a5f15688eacd2e3e
INSTANCE NAME: abfinance_95569_app13
Tagging Snapshot snap-0f1f6a757d24763a5 with the following Tags: Key=CreatedBy,Value=ec2-automate-backup Key=InstanceId,Value=i-0a5f15688eacd2e3e Key=InstanceName,Value=abfinance_95569_app13 Key=PurgeAfterFE,Value=1493148028 Key=PurgeAllow,Value=true Key=Volume,Value=vol-0785e6333055e6365 Key=Created,Value=1490556028
INSTANCE i-0f0c674e5b6788a2c
INSTANCE NAME: abfinance_95569_app19
Tagging Snapshot snap-09c316b14ae76f2f6 with the following Tags: Key=CreatedBy,Value=ec2-automate-backup Key=InstanceId,Value=i-0f0c674e5b6788a2c Key=InstanceName,Value=abfinance_95569_app19 Key=PurgeAfterFE,Value=1493148028 Key=PurgeAllow,Value=true Key=Volume,Value=vol-06b68df3e57d2e58d Key=Created,Value=1490556028
INSTANCE i-0f0c674e5b6788a2c
INSTANCE NAME: abfinance_95569_app19
Tagging Snapshot snap-0b9a472fdd2acc935 with the following Tags: Key=CreatedBy,Value=ec2-automate-backup Key=InstanceId,Value=i-0f0c674e5b6788a2c Key=InstanceName,Value=abfinance_95569_app19 Key=PurgeAfterFE,Value=1493148028 Key=PurgeAllow,Value=true Key=Volume,Value=vol-0851a9c76d4ea078c Key=Created,Value=1490556028
INSTANCE i-0a411a0ef749f4cf1
INSTANCE NAME: abfinance_95569_app21
Tagging Snapshot snap-0d3760076b2cb69e3 with the following Tags: Key=CreatedBy,Value=ec2-automate-backup Key=InstanceId,Value=i-0a411a0ef749f4cf1 Key=InstanceName,Value=abfinance_95569_app21 Key=PurgeAfterFE,Value=1493148028 Key=PurgeAllow,Value=true Key=Volume,Value=vol-0c3d605f9052074d8 Key=Created,Value=1490556028
INSTANCE i-0a411a0ef749f4cf1
INSTANCE NAME: abfinance_95569_app21
Tagging Snapshot snap-09c3184268381e2d5 with the following Tags: Key=CreatedBy,Value=ec2-automate-backup Key=InstanceId,Value=i-0a411a0ef749f4cf1 Key=InstanceName,Value=abfinance_95569_app21 Key=PurgeAfterFE,Value=1493148028 Key=PurgeAllow,Value=true Key=Volume,Value=vol-0310bf0152a386a1f Key=Created,Value=1490556028
INSTANCE i-0d5e1e43bf386d202
INSTANCE NAME: abfinance_95569_app23
Tagging Snapshot snap-0b22281e973872c51 with the following Tags: Key=CreatedBy,Value=ec2-automate-backup Key=InstanceId,Value=i-0d5e1e43bf386d202 Key=InstanceName,Value=abfinance_95569_app23 Key=PurgeAfterFE,Value=1493148028 Key=PurgeAllow,Value=true Key=Volume,Value=vol-0f81b4a366156ec4e Key=Created,Value=1490556028
INSTANCE i-0d5e1e43bf386d202
INSTANCE NAME: abfinance_95569_app23
Tagging Snapshot snap-05b751f0491f552d6 with the following Tags: Key=CreatedBy,Value=ec2-automate-backup Key=InstanceId,Value=i-0d5e1e43bf386d202 Key=InstanceName,Value=abfinance_95569_app23 Key=PurgeAfterFE,Value=1493148028 Key=PurgeAllow,Value=true Key=Volume,Value=vol-0111d7f26ad53c4cb Key=Created,Value=1490556028
INSTANCE i-0eb8007a14e67dab2
INSTANCE NAME: abfinance_95569_app27
Tagging Snapshot snap-0756c1fd6ee1eee40 with the following Tags: Key=CreatedBy,Value=ec2-automate-backup Key=InstanceId,Value=i-0eb8007a14e67dab2 Key=InstanceName,Value=abfinance_95569_app27 Key=PurgeAfterFE,Value=1493148028 Key=PurgeAllow,Value=true Key=Volume,Value=vol-03525070f4c814961 Key=Created,Value=1490556028
INSTANCE i-07edbc122c6a6ac80
INSTANCE NAME: abfinance_95569_app17
Tagging Snapshot snap-01f7b6c06eb104c30 with the following Tags: Key=CreatedBy,Value=ec2-automate-backup Key=InstanceId,Value=i-07edbc122c6a6ac80 Key=InstanceName,Value=abfinance_95569_app17 Key=PurgeAfterFE,Value=1493148028 Key=PurgeAllow,Value=true Key=Volume,Value=vol-04e6264745822f286 Key=Created,Value=1490556028
INSTANCE i-03b57928616a8d119
INSTANCE NAME: abfinance_95569_app11
Tagging Snapshot snap-00a771923efc6cd2e with the following Tags: Key=CreatedBy,Value=ec2-automate-backup Key=InstanceId,Value=i-03b57928616a8d119 Key=InstanceName,Value=abfinance_95569_app11 Key=PurgeAfterFE,Value=1493148028 Key=PurgeAllow,Value=true Key=Volume,Value=vol-004d8faa59c222aa5 Key=Created,Value=1490556028
INSTANCE i-07edbc122c6a6ac80
INSTANCE NAME: abfinance_95569_app17
Tagging Snapshot snap-085ea9668a4a167ef with the following Tags: Key=CreatedBy,Value=ec2-automate-backup Key=InstanceId,Value=i-07edbc122c6a6ac80 Key=InstanceName,Value=abfinance_95569_app17 Key=PurgeAfterFE,Value=1493148028 Key=PurgeAllow,Value=true Key=Volume,Value=vol-01b2522c2d2534299 Key=Created,Value=1490556028
INSTANCE i-07728f7b5bfbf498e
INSTANCE NAME: abfinance_95569_app25
Tagging Snapshot snap-0fc82552531eb9672 with the following Tags: Key=CreatedBy,Value=ec2-automate-backup Key=InstanceId,Value=i-07728f7b5bfbf498e Key=InstanceName,Value=abfinance_95569_app25 Key=PurgeAfterFE,Value=1493148028 Key=PurgeAllow,Value=true Key=Volume,Value=vol-04b5c2f0495b27c68 Key=Created,Value=1490556028
INSTANCE i-0eb8007a14e67dab2
INSTANCE NAME: abfinance_95569_app27
Tagging Snapshot snap-0665ac5b6a9fcecc6 with the following Tags: Key=CreatedBy,Value=ec2-automate-backup Key=InstanceId,Value=i-0eb8007a14e67dab2 Key=InstanceName,Value=abfinance_95569_app27 Key=PurgeAfterFE,Value=1493148028 Key=PurgeAllow,Value=true Key=Volume,Value=vol-0dcf38ce3ae3a060a Key=Created,Value=1490556028
INSTANCE i-07728f7b5bfbf498e
INSTANCE NAME: abfinance_95569_app25
Tagging Snapshot snap-0fab64bff5eed8d9d with the following Tags: Key=CreatedBy,Value=ec2-automate-backup Key=InstanceId,Value=i-07728f7b5bfbf498e Key=InstanceName,Value=abfinance_95569_app25 Key=PurgeAfterFE,Value=1493148028 Key=PurgeAllow,Value=true Key=Volume,Value=vol-0200a88c02cfb804d Key=Created,Value=1490556028
INSTANCE i-0257be16b51727274
INSTANCE NAME: abfinance_95569_app01
Tagging Snapshot snap-0c51fe9b62247f5d8 with the following Tags: Key=CreatedBy,Value=ec2-automate-backup Key=InstanceId,Value=i-0257be16b51727274 Key=InstanceName,Value=abfinance_95569_app01 Key=PurgeAfterFE,Value=1493148028 Key=PurgeAllow,Value=true Key=Volume,Value=vol-09653c9b7d7cc8b5a Key=Created,Value=1490556028
INSTANCE i-00737f9ceeaad86d1
INSTANCE NAME: abfinance_95569_app03
Tagging Snapshot snap-04081865208a99bdb with the following Tags: Key=CreatedBy,Value=ec2-automate-backup Key=InstanceId,Value=i-00737f9ceeaad86d1 Key=InstanceName,Value=abfinance_95569_app03 Key=PurgeAfterFE,Value=1493148028 Key=PurgeAllow,Value=true Key=Volume,Value=vol-0d4af25a0758d6113 Key=Created,Value=1490556028
INSTANCE i-00737f9ceeaad86d1
INSTANCE NAME: abfinance_95569_app03
Tagging Snapshot snap-057086780457950a4 with the following Tags: Key=CreatedBy,Value=ec2-automate-backup Key=InstanceId,Value=i-00737f9ceeaad86d1 Key=InstanceName,Value=abfinance_95569_app03 Key=PurgeAfterFE,Value=1493148028 Key=PurgeAllow,Value=true Key=Volume,Value=vol-08c55b678a9fff5df Key=Created,Value=1490556028
INSTANCE i-0723ff9b3e8e40be7
INSTANCE NAME: abfinance_95569_app37
Tagging Snapshot snap-0c4d28ab28746ae40 with the following Tags: Key=CreatedBy,Value=ec2-automate-backup Key=InstanceId,Value=i-0723ff9b3e8e40be7 Key=InstanceName,Value=abfinance_95569_app37 Key=PurgeAfterFE,Value=1493148028 Key=PurgeAllow,Value=true Key=Volume,Value=vol-0281762adebc253ea Key=Created,Value=1490556028
INSTANCE i-0257be16b51727274
INSTANCE NAME: abfinance_95569_app01
Tagging Snapshot snap-07cc8dd6a6d47e949 with the following Tags: Key=CreatedBy,Value=ec2-automate-backup Key=InstanceId,Value=i-0257be16b51727274 Key=InstanceName,Value=abfinance_95569_app01 Key=PurgeAfterFE,Value=1493148028 Key=PurgeAllow,Value=true Key=Volume,Value=vol-0d8e0588b2630dc6f Key=Created,Value=1490556028
INSTANCE i-0723ff9b3e8e40be7
INSTANCE NAME: abfinance_95569_app37
Tagging Snapshot snap-0be7e6c8e005f3300 with the following Tags: Key=CreatedBy,Value=ec2-automate-backup Key=InstanceId,Value=i-0723ff9b3e8e40be7 Key=InstanceName,Value=abfinance_95569_app37 Key=PurgeAfterFE,Value=1493148028 Key=PurgeAllow,Value=true Key=Volume,Value=vol-0b7b3d56950413d9b Key=Created,Value=1490556028
INSTANCE i-0f705ab54239a1f52
INSTANCE NAME: abfinance_95569_qyyxapp05
Tagging Snapshot snap-059b274b304801ec0 with the following Tags: Key=CreatedBy,Value=ec2-automate-backup Key=InstanceId,Value=i-0f705ab54239a1f52 Key=InstanceName,Value=abfinance_95569_qyyxapp05 Key=PurgeAfterFE,Value=1493148028 Key=PurgeAllow,Value=true Key=Volume,Value=vol-09d6b1837b615adf0 Key=Created,Value=1490556028
INSTANCE i-04a60b0759f7eb2ac
INSTANCE NAME: abfinance_95569_qyyxapp01
Tagging Snapshot snap-0633824d4770abf04 with the following Tags: Key=CreatedBy,Value=ec2-automate-backup Key=InstanceId,Value=i-04a60b0759f7eb2ac Key=InstanceName,Value=abfinance_95569_qyyxapp01 Key=PurgeAfterFE,Value=1493148028 Key=PurgeAllow,Value=true Key=Volume,Value=vol-0ab00cc4b064066fb Key=Created,Value=1490556028
INSTANCE i-0f705ab54239a1f52
INSTANCE NAME: abfinance_95569_qyyxapp05
Tagging Snapshot snap-006f1beab3c369e38 with the following Tags: Key=CreatedBy,Value=ec2-automate-backup Key=InstanceId,Value=i-0f705ab54239a1f52 Key=InstanceName,Value=abfinance_95569_qyyxapp05 Key=PurgeAfterFE,Value=1493148028 Key=PurgeAllow,Value=true Key=Volume,Value=vol-0b8edb31bd17a1ded Key=Created,Value=1490556028
INSTANCE i-04a60b0759f7eb2ac
INSTANCE NAME: abfinance_95569_qyyxapp01
Tagging Snapshot snap-0f3969e87804fcdf9 with the following Tags: Key=CreatedBy,Value=ec2-automate-backup Key=InstanceId,Value=i-04a60b0759f7eb2ac Key=InstanceName,Value=abfinance_95569_qyyxapp01 Key=PurgeAfterFE,Value=1493148028 Key=PurgeAllow,Value=true Key=Volume,Value=vol-0966ecafbcd12b336 Key=Created,Value=1490556028
INSTANCE i-00a83f954cf74b49c
INSTANCE NAME: abfinance_top20_ubuntu_db01
Tagging Snapshot snap-0d175c75389122a10 with the following Tags: Key=CreatedBy,Value=ec2-automate-backup Key=InstanceId,Value=i-00a83f954cf74b49c Key=InstanceName,Value=abfinance_top20_ubuntu_db01 Key=PurgeAfterFE,Value=1493148028 Key=PurgeAllow,Value=true Key=Volume,Value=vol-00650e414cf107b17 Key=Created,Value=1490556028
INSTANCE i-0c216734d128c6375
INSTANCE NAME: abfinance_top20_ubuntu_app03
Tagging Snapshot snap-0ab95e2512ff09f94 with the following Tags: Key=CreatedBy,Value=ec2-automate-backup Key=InstanceId,Value=i-0c216734d128c6375 Key=InstanceName,Value=abfinance_top20_ubuntu_app03 Key=PurgeAfterFE,Value=1493148028 Key=PurgeAllow,Value=true Key=Volume,Value=vol-0f763f4259c95c9b5 Key=Created,Value=1490556028
INSTANCE i-0c216734d128c6375
INSTANCE NAME: abfinance_top20_ubuntu_app03
Tagging Snapshot snap-01d55e9769b9e7164 with the following Tags: Key=CreatedBy,Value=ec2-automate-backup Key=InstanceId,Value=i-0c216734d128c6375 Key=InstanceName,Value=abfinance_top20_ubuntu_app03 Key=PurgeAfterFE,Value=1493148028 Key=PurgeAllow,Value=true Key=Volume,Value=vol-0cd52f41e2b7d8e0a Key=Created,Value=1490556028
INSTANCE i-00a83f954cf74b49c
INSTANCE NAME: abfinance_top20_ubuntu_db01
Tagging Snapshot snap-02da45383787cd042 with the following Tags: Key=CreatedBy,Value=ec2-automate-backup Key=InstanceId,Value=i-00a83f954cf74b49c Key=InstanceName,Value=abfinance_top20_ubuntu_db01 Key=PurgeAfterFE,Value=1493148028 Key=PurgeAllow,Value=true Key=Volume,Value=vol-02af501b13bf54b0e Key=Created,Value=1490556028
INSTANCE i-00a83f954cf74b49c
INSTANCE NAME: abfinance_top20_ubuntu_db01
Tagging Snapshot snap-0d7f96f0d9cf9d6a1 with the following Tags: Key=CreatedBy,Value=ec2-automate-backup Key=InstanceId,Value=i-00a83f954cf74b49c Key=InstanceName,Value=abfinance_top20_ubuntu_db01 Key=PurgeAfterFE,Value=1493148028 Key=PurgeAllow,Value=true Key=Volume,Value=vol-0bee7854c001f0356 Key=Created,Value=1490556028
INSTANCE i-0c216734d128c6375
INSTANCE NAME: abfinance_top20_ubuntu_app03
Tagging Snapshot snap-034ae4d732f987a12 with the following Tags: Key=CreatedBy,Value=ec2-automate-backup Key=InstanceId,Value=i-0c216734d128c6375 Key=InstanceName,Value=abfinance_top20_ubuntu_app03 Key=PurgeAfterFE,Value=1493148028 Key=PurgeAllow,Value=true Key=Volume,Value=vol-0cc56bc37e58a69f8 Key=Created,Value=1490556028
INSTANCE i-0c216734d128c6375
INSTANCE NAME: abfinance_top20_ubuntu_app03
Tagging Snapshot snap-04ed7798247c7c10e with the following Tags: Key=CreatedBy,Value=ec2-automate-backup Key=InstanceId,Value=i-0c216734d128c6375 Key=InstanceName,Value=abfinance_top20_ubuntu_app03 Key=PurgeAfterFE,Value=1493148028 Key=PurgeAllow,Value=true Key=Volume,Value=vol-07fdebcf5a0e444be Key=Created,Value=1490556028
INSTANCE i-00a83f954cf74b49c
INSTANCE NAME: abfinance_top20_ubuntu_db01
Tagging Snapshot snap-04dab0e69cfa7d972 with the following Tags: Key=CreatedBy,Value=ec2-automate-backup Key=InstanceId,Value=i-00a83f954cf74b49c Key=InstanceName,Value=abfinance_top20_ubuntu_db01 Key=PurgeAfterFE,Value=1493148028 Key=PurgeAllow,Value=true Key=Volume,Value=vol-0689fe07556ce52b6 Key=Created,Value=1490556028
INSTANCE i-00a83f954cf74b49c
INSTANCE NAME: abfinance_top20_ubuntu_db01
Tagging Snapshot snap-0d518fcbcf0346001 with the following Tags: Key=CreatedBy,Value=ec2-automate-backup Key=InstanceId,Value=i-00a83f954cf74b49c Key=InstanceName,Value=abfinance_top20_ubuntu_db01 Key=PurgeAfterFE,Value=1493148028 Key=PurgeAllow,Value=true Key=Volume,Value=vol-06d9a2487a760806c Key=Created,Value=1490556028
INSTANCE i-084540b57e4187648
INSTANCE NAME: abfinance_fileshare01
Tagging Snapshot snap-0327f3a63e25ca274 with the following Tags: Key=CreatedBy,Value=ec2-automate-backup Key=InstanceId,Value=i-084540b57e4187648 Key=InstanceName,Value=abfinance_fileshare01 Key=PurgeAfterFE,Value=1493148028 Key=PurgeAllow,Value=true Key=Volume,Value=vol-0fabf5c1d62646d8a Key=Created,Value=1490556028
INSTANCE i-084540b57e4187648
INSTANCE NAME: abfinance_fileshare01
Tagging Snapshot snap-059d6f181609b67e3 with the following Tags: Key=CreatedBy,Value=ec2-automate-backup Key=InstanceId,Value=i-084540b57e4187648 Key=InstanceName,Value=abfinance_fileshare01 Key=PurgeAfterFE,Value=1493148028 Key=PurgeAllow,Value=true Key=Volume,Value=vol-03e0f7adfeb97a6d9 Key=Created,Value=1490556028
INSTANCE i-009d3dba5cea1a5fd
INSTANCE NAME: abfinance_lcb_admin01
Tagging Snapshot snap-0a1a663b9578f336b with the following Tags: Key=CreatedBy,Value=ec2-automate-backup Key=InstanceId,Value=i-009d3dba5cea1a5fd Key=InstanceName,Value=abfinance_lcb_admin01 Key=PurgeAfterFE,Value=1493148028 Key=PurgeAllow,Value=true Key=Volume,Value=vol-08e53cbca7fc7d50f Key=Created,Value=1490556028
INSTANCE i-009d3dba5cea1a5fd
INSTANCE NAME: abfinance_lcb_admin01
Tagging Snapshot snap-03e370cd7fe519c20 with the following Tags: Key=CreatedBy,Value=ec2-automate-backup Key=InstanceId,Value=i-009d3dba5cea1a5fd Key=InstanceName,Value=abfinance_lcb_admin01 Key=PurgeAfterFE,Value=1493148028 Key=PurgeAllow,Value=true Key=Volume,Value=vol-070270ceedb98dca2 Key=Created,Value=1490556028
INSTANCE i-0c692d9224afa0bfa
INSTANCE NAME: abfinance_lcb_production01
Tagging Snapshot snap-0fb1f522234e92fd4 with the following Tags: Key=CreatedBy,Value=ec2-automate-backup Key=InstanceId,Value=i-0c692d9224afa0bfa Key=InstanceName,Value=abfinance_lcb_production01 Key=PurgeAfterFE,Value=1493148028 Key=PurgeAllow,Value=true Key=Volume,Value=vol-03b3d8c0e1cadf8c1 Key=Created,Value=1490556028
INSTANCE i-0e36e12e65d6b4a4e
INSTANCE NAME: abfinance_lcb_sales01
Tagging Snapshot snap-0dfb29024bab9657e with the following Tags: Key=CreatedBy,Value=ec2-automate-backup Key=InstanceId,Value=i-0e36e12e65d6b4a4e Key=InstanceName,Value=abfinance_lcb_sales01 Key=PurgeAfterFE,Value=1493148028 Key=PurgeAllow,Value=true Key=Volume,Value=vol-08e5740f9ae393ab6 Key=Created,Value=1490556028
INSTANCE i-0c692d9224afa0bfa
INSTANCE NAME: abfinance_lcb_production01
Tagging Snapshot snap-0946d143a745491dc with the following Tags: Key=CreatedBy,Value=ec2-automate-backup Key=InstanceId,Value=i-0c692d9224afa0bfa Key=InstanceName,Value=abfinance_lcb_production01 Key=PurgeAfterFE,Value=1493148028 Key=PurgeAllow,Value=true Key=Volume,Value=vol-0734128d6832a8b05 Key=Created,Value=1490556028
INSTANCE i-09c2eabe897e928a7
INSTANCE NAME: abfinance_lcb_webview01
Tagging Snapshot snap-0acfad9c11c5d6138 with the following Tags: Key=CreatedBy,Value=ec2-automate-backup Key=InstanceId,Value=i-09c2eabe897e928a7 Key=InstanceName,Value=abfinance_lcb_webview01 Key=PurgeAfterFE,Value=1493148028 Key=PurgeAllow,Value=true Key=Volume,Value=vol-08656f7f1440aa14a Key=Created,Value=1490556028
INSTANCE i-09c2eabe897e928a7
INSTANCE NAME: abfinance_lcb_webview01
Tagging Snapshot snap-0b84f1c2270d78a9d with the following Tags: Key=CreatedBy,Value=ec2-automate-backup Key=InstanceId,Value=i-09c2eabe897e928a7 Key=InstanceName,Value=abfinance_lcb_webview01 Key=PurgeAfterFE,Value=1493148028 Key=PurgeAllow,Value=true Key=Volume,Value=vol-0aa81463a2ad03c7a Key=Created,Value=1490556028
INSTANCE i-0518c045d2be93427
INSTANCE NAME: abfinance_nat01
Tagging Snapshot snap-05466322204ccca25 with the following Tags: Key=CreatedBy,Value=ec2-automate-backup Key=InstanceId,Value=i-0518c045d2be93427 Key=InstanceName,Value=abfinance_nat01 Key=PurgeAfterFE,Value=1493148028 Key=PurgeAllow,Value=true Key=Volume,Value=vol-0d9130bb61c0d4c56 Key=Created,Value=1490556028
INSTANCE i-0e36e12e65d6b4a4e
INSTANCE NAME: abfinance_lcb_sales01
Tagging Snapshot snap-0b15cb42610ea5cb6 with the following Tags: Key=CreatedBy,Value=ec2-automate-backup Key=InstanceId,Value=i-0e36e12e65d6b4a4e Key=InstanceName,Value=abfinance_lcb_sales01 Key=PurgeAfterFE,Value=1493148028 Key=PurgeAllow,Value=true Key=Volume,Value=vol-023127c32f4b64e52 Key=Created,Value=1490556028
INSTANCE i-0518c045d2be93427
INSTANCE NAME: abfinance_nat01
Tagging Snapshot snap-05f5469175664a858 with the following Tags: Key=CreatedBy,Value=ec2-automate-backup Key=InstanceId,Value=i-0518c045d2be93427 Key=InstanceName,Value=abfinance_nat01 Key=PurgeAfterFE,Value=1493148028 Key=PurgeAllow,Value=true Key=Volume,Value=vol-0528c98fb329dffea Key=Created,Value=1490556028
INSTANCE i-038656cd0a5878996
INSTANCE NAME: abfinance_lcb_webview03
Tagging Snapshot snap-081e32b9dde405fec with the following Tags: Key=CreatedBy,Value=ec2-automate-backup Key=InstanceId,Value=i-038656cd0a5878996 Key=InstanceName,Value=abfinance_lcb_webview03 Key=PurgeAfterFE,Value=1493148028 Key=PurgeAllow,Value=true Key=Volume,Value=vol-029a78effd0af4174 Key=Created,Value=1490556028
INSTANCE i-038656cd0a5878996
INSTANCE NAME: abfinance_lcb_webview03
Tagging Snapshot snap-0c6aceddf6b002b5d with the following Tags: Key=CreatedBy,Value=ec2-automate-backup Key=InstanceId,Value=i-038656cd0a5878996 Key=InstanceName,Value=abfinance_lcb_webview03 Key=PurgeAfterFE,Value=1493148028 Key=PurgeAllow,Value=true Key=Volume,Value=vol-0f119584d4b9ada06 Key=Created,Value=1490556028
INSTANCE i-071c0e09746a7cab2
INSTANCE NAME: abfinance_top20_ubuntu_app01
Tagging Snapshot snap-0f588a962ab8c8042 with the following Tags: Key=CreatedBy,Value=ec2-automate-backup Key=InstanceId,Value=i-071c0e09746a7cab2 Key=InstanceName,Value=abfinance_top20_ubuntu_app01 Key=PurgeAfterFE,Value=1493148028 Key=PurgeAllow,Value=true Key=Volume,Value=vol-028c8b322e5479cf7 Key=Created,Value=1490556028
INSTANCE i-071c0e09746a7cab2
INSTANCE NAME: abfinance_top20_ubuntu_app01
Tagging Snapshot snap-0bf4a4ced4d9bbede with the following Tags: Key=CreatedBy,Value=ec2-automate-backup Key=InstanceId,Value=i-071c0e09746a7cab2 Key=InstanceName,Value=abfinance_top20_ubuntu_app01 Key=PurgeAfterFE,Value=1493148028 Key=PurgeAllow,Value=true Key=Volume,Value=vol-07635e1c11c362ee7 Key=Created,Value=1490556028
INSTANCE i-071c0e09746a7cab2
INSTANCE NAME: abfinance_top20_ubuntu_app01
Tagging Snapshot snap-061aad8014f1e3cd1 with the following Tags: Key=CreatedBy,Value=ec2-automate-backup Key=InstanceId,Value=i-071c0e09746a7cab2 Key=InstanceName,Value=abfinance_top20_ubuntu_app01 Key=PurgeAfterFE,Value=1493148028 Key=PurgeAllow,Value=true Key=Volume,Value=vol-04f6f153979ec4e04 Key=Created,Value=1490556028
INSTANCE i-071c0e09746a7cab2
INSTANCE NAME: abfinance_top20_ubuntu_app01
Tagging Snapshot snap-0f2e9c0ab6375a99c with the following Tags: Key=CreatedBy,Value=ec2-automate-backup Key=InstanceId,Value=i-071c0e09746a7cab2 Key=InstanceName,Value=abfinance_top20_ubuntu_app01 Key=PurgeAfterFE,Value=1493148028 Key=PurgeAllow,Value=true Key=Volume,Value=vol-05313c753118b3f0e Key=Created,Value=1490556028
INSTANCE i-04301c43465272923
INSTANCE NAME: abfinance_top20_ubuntu_app05
Tagging Snapshot snap-0844777f1e3db9554 with the following Tags: Key=CreatedBy,Value=ec2-automate-backup Key=InstanceId,Value=i-04301c43465272923 Key=InstanceName,Value=abfinance_top20_ubuntu_app05 Key=PurgeAfterFE,Value=1493148028 Key=PurgeAllow,Value=true Key=Volume,Value=vol-042ff0cf25d5159f1 Key=Created,Value=1490556028
INSTANCE i-04301c43465272923
INSTANCE NAME: abfinance_top20_ubuntu_app05
Tagging Snapshot snap-09593a285757c133e with the following Tags: Key=CreatedBy,Value=ec2-automate-backup Key=InstanceId,Value=i-04301c43465272923 Key=InstanceName,Value=abfinance_top20_ubuntu_app05 Key=PurgeAfterFE,Value=1493148028 Key=PurgeAllow,Value=true Key=Volume,Value=vol-000debe3735b701da Key=Created,Value=1490556028
INSTANCE i-04301c43465272923
INSTANCE NAME: abfinance_top20_ubuntu_app05
Tagging Snapshot snap-02977b2b137945d95 with the following Tags: Key=CreatedBy,Value=ec2-automate-backup Key=InstanceId,Value=i-04301c43465272923 Key=InstanceName,Value=abfinance_top20_ubuntu_app05 Key=PurgeAfterFE,Value=1493148028 Key=PurgeAllow,Value=true Key=Volume,Value=vol-01bc3463f6ddd3d8d Key=Created,Value=1490556028
INSTANCE i-04301c43465272923
INSTANCE NAME: abfinance_top20_ubuntu_app05
Tagging Snapshot snap-07a394c67d652f0b7 with the following Tags: Key=CreatedBy,Value=ec2-automate-backup Key=InstanceId,Value=i-04301c43465272923 Key=InstanceName,Value=abfinance_top20_ubuntu_app05 Key=PurgeAfterFE,Value=1493148028 Key=PurgeAllow,Value=true Key=Volume,Value=vol-0ce01a4e917347781 Key=Created,Value=1490556028
INSTANCE i-061100ef3944cdc9f
INSTANCE NAME: abfinance_waf01
Tagging Snapshot snap-09c5c685d66cfbbe9 with the following Tags: Key=CreatedBy,Value=ec2-automate-backup Key=InstanceId,Value=i-061100ef3944cdc9f Key=InstanceName,Value=abfinance_waf01 Key=PurgeAfterFE,Value=1493148028 Key=PurgeAllow,Value=true Key=Volume,Value=vol-047bd2af9ad7b8607 Key=Created,Value=1490556028
INSTANCE i-061100ef3944cdc9f
INSTANCE NAME: abfinance_waf01
Tagging Snapshot snap-0805e0cb3da2e388d with the following Tags: Key=CreatedBy,Value=ec2-automate-backup Key=InstanceId,Value=i-061100ef3944cdc9f Key=InstanceName,Value=abfinance_waf01 Key=PurgeAfterFE,Value=1493148028 Key=PurgeAllow,Value=true Key=Volume,Value=vol-033f40c6a90487e43 Key=Created,Value=1490556028
INSTANCE i-061100ef3944cdc9f
INSTANCE NAME: abfinance_waf01
Tagging Snapshot snap-09c8fb3cc1ea94a6d with the following Tags: Key=CreatedBy,Value=ec2-automate-backup Key=InstanceId,Value=i-061100ef3944cdc9f Key=InstanceName,Value=abfinance_waf01 Key=PurgeAfterFE,Value=1493148028 Key=PurgeAllow,Value=true Key=Volume,Value=vol-0e7a9cd48468a007e Key=Created,Value=1490556028
INSTANCE i-05bce44dc8bdd25cc
INSTANCE NAME: test_abfinance_top20_ubuntu_web
Tagging Snapshot snap-0afe7855654cb859e with the following Tags: Key=CreatedBy,Value=ec2-automate-backup Key=InstanceId,Value=i-05bce44dc8bdd25cc Key=InstanceName,Value=test_abfinance_top20_ubuntu_web Key=PurgeAfterFE,Value=1493148028 Key=PurgeAllow,Value=true Key=Volume,Value=vol-0bb8640ab9584a3b6 Key=Created,Value=1490556028
INSTANCE i-05bce44dc8bdd25cc
INSTANCE NAME: test_abfinance_top20_ubuntu_web
Tagging Snapshot snap-034728258d188adba with the following Tags: Key=CreatedBy,Value=ec2-automate-backup Key=InstanceId,Value=i-05bce44dc8bdd25cc Key=InstanceName,Value=test_abfinance_top20_ubuntu_web Key=PurgeAfterFE,Value=1493148028 Key=PurgeAllow,Value=true Key=Volume,Value=vol-01e180d6472981af9 Key=Created,Value=1490556028
INSTANCE i-068562c066d5fe7a2
INSTANCE NAME: test_abfinance_top20_ubuntu_das
Tagging Snapshot snap-0addab3926efd74fe with the following Tags: Key=CreatedBy,Value=ec2-automate-backup Key=InstanceId,Value=i-068562c066d5fe7a2 Key=InstanceName,Value=test_abfinance_top20_ubuntu_das Key=PurgeAfterFE,Value=1493148028 Key=PurgeAllow,Value=true Key=Volume,Value=vol-018ff67469c8f095c Key=Created,Value=1490556028
INSTANCE i-05bce44dc8bdd25cc
INSTANCE NAME: test_abfinance_top20_ubuntu_web
Tagging Snapshot snap-0ea982b05b4dcf422 with the following Tags: Key=CreatedBy,Value=ec2-automate-backup Key=InstanceId,Value=i-05bce44dc8bdd25cc Key=InstanceName,Value=test_abfinance_top20_ubuntu_web Key=PurgeAfterFE,Value=1493148028 Key=PurgeAllow,Value=true Key=Volume,Value=vol-03689106d82cd6e4a Key=Created,Value=1490556028
INSTANCE i-068562c066d5fe7a2
INSTANCE NAME: test_abfinance_top20_ubuntu_das
Tagging Snapshot snap-0d930a559424019d2 with the following Tags: Key=CreatedBy,Value=ec2-automate-backup Key=InstanceId,Value=i-068562c066d5fe7a2 Key=InstanceName,Value=test_abfinance_top20_ubuntu_das Key=PurgeAfterFE,Value=1493148028 Key=PurgeAllow,Value=true Key=Volume,Value=vol-0474fb56e6b14a15b Key=Created,Value=1490556028
INSTANCE i-05bce44dc8bdd25cc
INSTANCE NAME: test_abfinance_top20_ubuntu_web
Tagging Snapshot snap-0e92282310a8dc83f with the following Tags: Key=CreatedBy,Value=ec2-automate-backup Key=InstanceId,Value=i-05bce44dc8bdd25cc Key=InstanceName,Value=test_abfinance_top20_ubuntu_web Key=PurgeAfterFE,Value=1493148028 Key=PurgeAllow,Value=true Key=Volume,Value=vol-0187f4ef773ed4690 Key=Created,Value=1490556028
INSTANCE i-068562c066d5fe7a2
INSTANCE NAME: test_abfinance_top20_ubuntu_das
Tagging Snapshot snap-0364d36cd8453905a with the following Tags: Key=CreatedBy,Value=ec2-automate-backup Key=InstanceId,Value=i-068562c066d5fe7a2 Key=InstanceName,Value=test_abfinance_top20_ubuntu_das Key=PurgeAfterFE,Value=1493148028 Key=PurgeAllow,Value=true Key=Volume,Value=vol-0d148878cb016398c Key=Created,Value=1490556028
INSTANCE i-068562c066d5fe7a2
INSTANCE NAME: test_abfinance_top20_ubuntu_das
Tagging Snapshot snap-07e5b7de221cd884a with the following Tags: Key=CreatedBy,Value=ec2-automate-backup Key=InstanceId,Value=i-068562c066d5fe7a2 Key=InstanceName,Value=test_abfinance_top20_ubuntu_das Key=PurgeAfterFE,Value=1493148028 Key=PurgeAllow,Value=true Key=Volume,Value=vol-01bb9e2f8003e968f Key=Created,Value=1490556028
INSTANCE i-052f4f04423466953
INSTANCE NAME: test_abfinance_top20_ubuntu_db
Tagging Snapshot snap-0cd74180db5e34913 with the following Tags: Key=CreatedBy,Value=ec2-automate-backup Key=InstanceId,Value=i-052f4f04423466953 Key=InstanceName,Value=test_abfinance_top20_ubuntu_db Key=PurgeAfterFE,Value=1493148028 Key=PurgeAllow,Value=true Key=Volume,Value=vol-0fc43ef9b5183590f Key=Created,Value=1490556028
INSTANCE i-052f4f04423466953
INSTANCE NAME: test_abfinance_top20_ubuntu_db
Tagging Snapshot snap-0260fd12d63cfb6b0 with the following Tags: Key=CreatedBy,Value=ec2-automate-backup Key=InstanceId,Value=i-052f4f04423466953 Key=InstanceName,Value=test_abfinance_top20_ubuntu_db Key=PurgeAfterFE,Value=1493148028 Key=PurgeAllow,Value=true Key=Volume,Value=vol-0d39b74222598de3c Key=Created,Value=1490556028
INSTANCE i-052f4f04423466953
INSTANCE NAME: test_abfinance_top20_ubuntu_db
Tagging Snapshot snap-05b49ab7cdebea90a with the following Tags: Key=CreatedBy,Value=ec2-automate-backup Key=InstanceId,Value=i-052f4f04423466953 Key=InstanceName,Value=test_abfinance_top20_ubuntu_db Key=PurgeAfterFE,Value=1493148028 Key=PurgeAllow,Value=true Key=Volume,Value=vol-0a1924f6a042870d5 Key=Created,Value=1490556028
INSTANCE i-052f4f04423466953
INSTANCE NAME: test_abfinance_top20_ubuntu_db
Tagging Snapshot snap-0a2a23c68df51c423 with the following Tags: Key=CreatedBy,Value=ec2-automate-backup Key=InstanceId,Value=i-052f4f04423466953 Key=InstanceName,Value=test_abfinance_top20_ubuntu_db Key=PurgeAfterFE,Value=1493148028 Key=PurgeAllow,Value=true Key=Volume,Value=vol-08566fbfa4fcc7349 Key=Created,Value=1490556028
INSTANCE i-052f4f04423466953
INSTANCE NAME: test_abfinance_top20_ubuntu_db
Tagging Snapshot snap-0f1c10eed81d69d16 with the following Tags: Key=CreatedBy,Value=ec2-automate-backup Key=InstanceId,Value=i-052f4f04423466953 Key=InstanceName,Value=test_abfinance_top20_ubuntu_db Key=PurgeAfterFE,Value=1493148028 Key=PurgeAllow,Value=true Key=Volume,Value=vol-0ed624d81990c5924 Key=Created,Value=1490556028
INSTANCE i-0427fb4302ef61cc6
INSTANCE NAME: abfinance_95569_appcl01
Tagging Snapshot snap-068fbb435c61696d5 with the following Tags: Key=CreatedBy,Value=ec2-automate-backup Key=InstanceId,Value=i-0427fb4302ef61cc6 Key=InstanceName,Value=abfinance_95569_appcl01 Key=PurgeAfterFE,Value=1493148028 Key=PurgeAllow,Value=true Key=Volume,Value=vol-0434458d095cc7274 Key=Created,Value=1490556028
INSTANCE i-0fbdac98d95d47127
INSTANCE NAME: abfinance_95569_appcl07
Tagging Snapshot snap-08bc67c0b9ac8e02d with the following Tags: Key=CreatedBy,Value=ec2-automate-backup Key=InstanceId,Value=i-0fbdac98d95d47127 Key=InstanceName,Value=abfinance_95569_appcl07 Key=PurgeAfterFE,Value=1493148028 Key=PurgeAllow,Value=true Key=Volume,Value=vol-03ee68939b4e18403 Key=Created,Value=1490556028
INSTANCE i-0443041937edbecb9
INSTANCE NAME: abfinance_95569_appcl05
Tagging Snapshot snap-001fcf6b672a06ff5 with the following Tags: Key=CreatedBy,Value=ec2-automate-backup Key=InstanceId,Value=i-0443041937edbecb9 Key=InstanceName,Value=abfinance_95569_appcl05 Key=PurgeAfterFE,Value=1493148028 Key=PurgeAllow,Value=true Key=Volume,Value=vol-0eb061e9f27329a2d Key=Created,Value=1490556028
INSTANCE i-0504ecba1c44228d3
INSTANCE NAME: abfinance_95569_appcl03
Tagging Snapshot snap-08948fb0db50c9b4a with the following Tags: Key=CreatedBy,Value=ec2-automate-backup Key=InstanceId,Value=i-0504ecba1c44228d3 Key=InstanceName,Value=abfinance_95569_appcl03 Key=PurgeAfterFE,Value=1493148028 Key=PurgeAllow,Value=true Key=Volume,Value=vol-094ce86db46d5c688 Key=Created,Value=1490556028
INSTANCE i-0fbdac98d95d47127
INSTANCE NAME: abfinance_95569_appcl07
Tagging Snapshot snap-0dd5ab287a241e302 with the following Tags: Key=CreatedBy,Value=ec2-automate-backup Key=InstanceId,Value=i-0fbdac98d95d47127 Key=InstanceName,Value=abfinance_95569_appcl07 Key=PurgeAfterFE,Value=1493148028 Key=PurgeAllow,Value=true Key=Volume,Value=vol-060d483c541d15da8 Key=Created,Value=1490556028
INSTANCE i-0427fb4302ef61cc6
INSTANCE NAME: abfinance_95569_appcl01
Tagging Snapshot snap-081902e9b2e637810 with the following Tags: Key=CreatedBy,Value=ec2-automate-backup Key=InstanceId,Value=i-0427fb4302ef61cc6 Key=InstanceName,Value=abfinance_95569_appcl01 Key=PurgeAfterFE,Value=1493148028 Key=PurgeAllow,Value=true Key=Volume,Value=vol-0caeb5a4b5a37c88f Key=Created,Value=1490556028
INSTANCE i-0504ecba1c44228d3
INSTANCE NAME: abfinance_95569_appcl03
Tagging Snapshot snap-05936909ea9d22f93 with the following Tags: Key=CreatedBy,Value=ec2-automate-backup Key=InstanceId,Value=i-0504ecba1c44228d3 Key=InstanceName,Value=abfinance_95569_appcl03 Key=PurgeAfterFE,Value=1493148028 Key=PurgeAllow,Value=true Key=Volume,Value=vol-0c1c9cf2c598d2aae Key=Created,Value=1490556028
INSTANCE i-0443041937edbecb9
INSTANCE NAME: abfinance_95569_appcl05
Tagging Snapshot snap-09cc59c906e3b80d7 with the following Tags: Key=CreatedBy,Value=ec2-automate-backup Key=InstanceId,Value=i-0443041937edbecb9 Key=InstanceName,Value=abfinance_95569_appcl05 Key=PurgeAfterFE,Value=1493148028 Key=PurgeAllow,Value=true Key=Volume,Value=vol-07d059a80d8fdeea1 Key=Created,Value=1490556028
INSTANCE i-0a023139f2506e638
INSTANCE NAME: test_abfinance_nat01
Tagging Snapshot snap-000fc8970f18682ab with the following Tags: Key=CreatedBy,Value=ec2-automate-backup Key=InstanceId,Value=i-0a023139f2506e638 Key=InstanceName,Value=test_abfinance_nat01 Key=PurgeAfterFE,Value=1493148028 Key=PurgeAllow,Value=true Key=Volume,Value=vol-01bd9498cae18b125 Key=Created,Value=1490556028
INSTANCE i-0a023139f2506e638
INSTANCE NAME: test_abfinance_nat01
Tagging Snapshot snap-025ae2e6c478588d3 with the following Tags: Key=CreatedBy,Value=ec2-automate-backup Key=InstanceId,Value=i-0a023139f2506e638 Key=InstanceName,Value=test_abfinance_nat01 Key=PurgeAfterFE,Value=1493148028 Key=PurgeAllow,Value=true Key=Volume,Value=vol-06289d0b8cdcfbd04 Key=Created,Value=1490556028
INSTANCE i-065acbe8bac578721
INSTANCE NAME: abfinance_top20_ubuntu_app06
Tagging Snapshot snap-01ddac830dedc79e8 with the following Tags: Key=CreatedBy,Value=ec2-automate-backup Key=InstanceId,Value=i-065acbe8bac578721 Key=InstanceName,Value=abfinance_top20_ubuntu_app06 Key=PurgeAfterFE,Value=1493148028 Key=PurgeAllow,Value=true Key=Volume,Value=vol-0ed17d3b2c9b50cf7 Key=Created,Value=1490556028
INSTANCE i-065acbe8bac578721
INSTANCE NAME: abfinance_top20_ubuntu_app06
Tagging Snapshot snap-0b7772dddb943bd56 with the following Tags: Key=CreatedBy,Value=ec2-automate-backup Key=InstanceId,Value=i-065acbe8bac578721 Key=InstanceName,Value=abfinance_top20_ubuntu_app06 Key=PurgeAfterFE,Value=1493148028 Key=PurgeAllow,Value=true Key=Volume,Value=vol-0e0ddbafb27c663dd Key=Created,Value=1490556028
INSTANCE i-065acbe8bac578721
INSTANCE NAME: abfinance_top20_ubuntu_app06
Tagging Snapshot snap-034a08269b9504dfc with the following Tags: Key=CreatedBy,Value=ec2-automate-backup Key=InstanceId,Value=i-065acbe8bac578721 Key=InstanceName,Value=abfinance_top20_ubuntu_app06 Key=PurgeAfterFE,Value=1493148028 Key=PurgeAllow,Value=true Key=Volume,Value=vol-03e7706d44e6a1831 Key=Created,Value=1490556028
INSTANCE i-065acbe8bac578721
INSTANCE NAME: abfinance_top20_ubuntu_app06
Tagging Snapshot snap-023c5455ee1181fed with the following Tags: Key=CreatedBy,Value=ec2-automate-backup Key=InstanceId,Value=i-065acbe8bac578721 Key=InstanceName,Value=abfinance_top20_ubuntu_app06 Key=PurgeAfterFE,Value=1493148028 Key=PurgeAllow,Value=true Key=Volume,Value=vol-0e405f4dddd4b2122 Key=Created,Value=1490556028
INSTANCE i-003e572b72696bd8b
INSTANCE NAME: abfinance_95569_app152
Tagging Snapshot snap-0b44fdf8056ba6312 with the following Tags: Key=CreatedBy,Value=ec2-automate-backup Key=InstanceId,Value=i-003e572b72696bd8b Key=InstanceName,Value=abfinance_95569_app152 Key=PurgeAfterFE,Value=1493148028 Key=PurgeAllow,Value=true Key=Volume,Value=vol-0077565cb767761b1 Key=Created,Value=1490556028
INSTANCE i-003e572b72696bd8b
INSTANCE NAME: abfinance_95569_app152
Tagging Snapshot snap-0638a7190a425fe99 with the following Tags: Key=CreatedBy,Value=ec2-automate-backup Key=InstanceId,Value=i-003e572b72696bd8b Key=InstanceName,Value=abfinance_95569_app152 Key=PurgeAfterFE,Value=1493148028 Key=PurgeAllow,Value=true Key=Volume,Value=vol-02f1c5a0c7e1662cc Key=Created,Value=1490556028
Snapshot Purging is Starting Now.
Snapshot "snap-0fb4b00ed0b1327d9" with the PurgeAfterFE date of "1490555877" will be deleted.
Snapshot "snap-0bfae093cc2eb9809" with the PurgeAfterFE date of "1490555877" will be deleted.
Snapshot "snap-0c61f58215695bae8" with the PurgeAfterFE date of "1490555877" will be deleted.
Snapshot "snap-060e60e6e410df63f" with the PurgeAfterFE date of "1490555877" will be deleted.
Snapshot "snap-0331d8d245e389860" with the PurgeAfterFE date of "1490555877" will be deleted.
Snapshot "snap-0955cb3e5caa5c32b" with the PurgeAfterFE date of "1490555877" will be deleted.
Snapshot "snap-03f0626edb9db904b" with the PurgeAfterFE date of "1490555877" will be deleted.
Snapshot "snap-0a667cd7f13128da0" with the PurgeAfterFE date of "1490555877" will be deleted.
Snapshot "snap-08e38ebac77a446bc" with the PurgeAfterFE date of "1490555877" will be deleted.
Snapshot "snap-02a9f3b76e84f7336" with the PurgeAfterFE date of "1490555877" will be deleted.
Snapshot "snap-08366cbb1b0a7c36c" with the PurgeAfterFE date of "1490555877" will be deleted.
Snapshot "snap-056df8b959e23fb7b" with the PurgeAfterFE date of "1490555877" will be deleted.
Snapshot "snap-000591309f9c601c4" with the PurgeAfterFE date of "1490555877" will be deleted.
Snapshot "snap-07d1f14557f5ab19f" with the PurgeAfterFE date of "1490555877" will be deleted.
Snapshot "snap-0ca0965c552413b4d" with the PurgeAfterFE date of "1490555877" will be deleted.
Snapshot "snap-021779d133907daae" with the PurgeAfterFE date of "1490555877" will be deleted.
Snapshot "snap-060d5ba2e1c25023f" with the PurgeAfterFE date of "1490555877" will be deleted.
Snapshot "snap-097291a6c0a4d47c8" with the PurgeAfterFE date of "1490555877" will be deleted.
Snapshot "snap-025a5bb900c99b9b4" with the PurgeAfterFE date of "1490555877" will be deleted.
Snapshot "snap-01878203f2880e345" with the PurgeAfterFE date of "1490555877" will be deleted.
Snapshot "snap-0bc637a4240c19e0d" with the PurgeAfterFE date of "1490555877" will be deleted.
Snapshot "snap-05c5ed15d0212834c" with the PurgeAfterFE date of "1490555877" will be deleted.
Snapshot "snap-05194c0ef494849f6" with the PurgeAfterFE date of "1490555877" will be deleted.
Snapshot "snap-0e9c19168b05ff080" with the PurgeAfterFE date of "1490555877" will be deleted.
Snapshot "snap-0db7d4e5799792d46" with the PurgeAfterFE date of "1490555877" will be deleted.
Snapshot "snap-0a453d68008aa8fec" with the PurgeAfterFE date of "1490555877" will be deleted.
Snapshot "snap-08ae0251de73a9e7a" with the PurgeAfterFE date of "1490555877" will be deleted.
Snapshot "snap-09df5214812e9322a" with the PurgeAfterFE date of "1490555877" will be deleted.
Snapshot "snap-0c73d1b4fd6806903" with the PurgeAfterFE date of "1490555877" will be deleted.
Snapshot "snap-002746d5a629b1c31" with the PurgeAfterFE date of "1490555877" will be deleted.
Snapshot "snap-0a44c01ac565a988d" with the PurgeAfterFE date of "1490555877" will be deleted.
Snapshot "snap-0083e1c61322909d9" with the PurgeAfterFE date of "1490555877" will be deleted.
Snapshot "snap-0d24d9cc63bdb1924" with the PurgeAfterFE date of "1490555877" will be deleted.
Snapshot "snap-0a7e7c73fb19e7809" with the PurgeAfterFE date of "1490555877" will be deleted.
Snapshot "snap-06dcb85c95ac1c2c9" with the PurgeAfterFE date of "1490555877" will be deleted.
Snapshot "snap-0ccfb7d6e9de0f070" with the PurgeAfterFE date of "1490555877" will be deleted.
Snapshot "snap-0500f3de4ac7e5d62" with the PurgeAfterFE date of "1490555877" will be deleted.
Snapshot "snap-0df695b3a8b10bae6" with the PurgeAfterFE date of "1490555877" will be deleted.
Snapshot "snap-05565826e556a7a1d" with the PurgeAfterFE date of "1490555877" will be deleted.
Snapshot "snap-049b414eb501a10ef" with the PurgeAfterFE date of "1490555877" will be deleted.
Snapshot "snap-0f39c9b0811a68152" with the PurgeAfterFE date of "1490555877" will be deleted.
Snapshot "snap-07001613eb837af4a" with the PurgeAfterFE date of "1490555877" will be deleted.
Snapshot "snap-0cf695abe821179d5" with the PurgeAfterFE date of "1490555877" will be deleted.
Snapshot "snap-0d96b99b279c3969d" with the PurgeAfterFE date of "1490555877" will be deleted.
Snapshot "snap-0ff84ee3a9b0c1ad1" with the PurgeAfterFE date of "1490555877" will be deleted.
Snapshot "snap-060336b8dd86ba8f9" with the PurgeAfterFE date of "1490555877" will be deleted.
Snapshot "snap-0cae5c454e4df0677" with the PurgeAfterFE date of "1490555877" will be deleted.
Snapshot "snap-011109c01574c009f" with the PurgeAfterFE date of "1490555877" will be deleted.
Snapshot "snap-0e758cc4096f5c626" with the PurgeAfterFE date of "1490555877" will be deleted.
Snapshot "snap-053840a99c9b3b177" with the PurgeAfterFE date of "1490555877" will be deleted.
Snapshot "snap-0cb4ba8856b08137a" with the PurgeAfterFE date of "1490555877" will be deleted.
Snapshot "snap-042a10ff3b3d7c2e3" with the PurgeAfterFE date of "1490555877" will be deleted.
Snapshot "snap-03892602a28de0a7e" with the PurgeAfterFE date of "1490555877" will be deleted.
Snapshot "snap-0c401040dfc779b7a" with the PurgeAfterFE date of "1490555877" will be deleted.
Snapshot "snap-03c71310f19e5a867" with the PurgeAfterFE date of "1490555877" will be deleted.
Snapshot "snap-0679361bb14cf9c55" with the PurgeAfterFE date of "1490555877" will be deleted.
Snapshot "snap-047046c91bb349bb9" with the PurgeAfterFE date of "1490555877" will be deleted.
Snapshot "snap-05d12bb44aeda81b3" with the PurgeAfterFE date of "1490555877" will be deleted.
Snapshot "snap-072b528a9f7365a6e" with the PurgeAfterFE date of "1490555877" will be deleted.
Snapshot "snap-0ed6b9c1bbe0fd159" with the PurgeAfterFE date of "1490555877" will be deleted.
Snapshot "snap-0e9d829a8577c97c1" with the PurgeAfterFE date of "1490555877" will be deleted.
Snapshot "snap-04e27bb3d24a04248" with the PurgeAfterFE date of "1490555877" will be deleted.
Snapshot "snap-0021b16b3824f7ffa" with the PurgeAfterFE date of "1490555877" will be deleted.
Snapshot "snap-078190387637452b2" with the PurgeAfterFE date of "1490555877" will be deleted.
Snapshot "snap-02f9898f79d39ca66" with the PurgeAfterFE date of "1490555877" will be deleted.
Snapshot "snap-0175e982de6a46164" with the PurgeAfterFE date of "1490555877" will be deleted.
Snapshot "snap-06e3d4cbaf9160a62" with the PurgeAfterFE date of "1490555877" will be deleted.
Snapshot "snap-0ab27bc975c2122c6" with the PurgeAfterFE date of "1490555877" will be deleted.
Snapshot "snap-056f37d564ae37f91" with the PurgeAfterFE date of "1490555877" will be deleted.
Snapshot "snap-0704cf4d6ae545c4b" with the PurgeAfterFE date of "1490555877" will be deleted.
Snapshot "snap-0221d7f3f56e4dbb1" with the PurgeAfterFE date of "1490555877" will be deleted.
Snapshot "snap-041d076b73620218f" with the PurgeAfterFE date of "1490555877" will be deleted.
Snapshot "snap-036d8a9e92073e87a" with the PurgeAfterFE date of "1490555877" will be deleted.
Snapshot "snap-069cf931bd88a987d" with the PurgeAfterFE date of "1490555877" will be deleted.
Snapshot "snap-0262c14bc793534d3" with the PurgeAfterFE date of "1490555877" will be deleted.
Snapshot "snap-084c298a68315b6f8" with the PurgeAfterFE date of "1490555877" will be deleted.
Snapshot "snap-0adf43cfce7c1c961" with the PurgeAfterFE date of "1490555877" will be deleted.
Snapshot "snap-0b3d9776b336a9c1a" with the PurgeAfterFE date of "1490555877" will be deleted.
Snapshot "snap-083a04367c128b2c1" with the PurgeAfterFE date of "1490555877" will be deleted.
Snapshot "snap-01475039fcd218473" with the PurgeAfterFE date of "1490555877" will be deleted.
Snapshot "snap-02a14cc4e9c2e77f4" with the PurgeAfterFE date of "1490555877" will be deleted.
Snapshot "snap-02bc606f190bec849" with the PurgeAfterFE date of "1490555877" will be deleted.
Snapshot "snap-022be84fa0225bb09" with the PurgeAfterFE date of "1490555877" will be deleted.
Snapshot "snap-07121d8c102b40f96" with the PurgeAfterFE date of "1490555877" will be deleted.
Snapshot "snap-018380ce906fc1b51" with the PurgeAfterFE date of "1490555877" will be deleted.
Snapshot "snap-07f47af985f011630" with the PurgeAfterFE date of "1490555877" will be deleted.
Snapshot "snap-0d6239f3f8857c5df" with the PurgeAfterFE date of "1490555877" will be deleted.
Snapshot "snap-046660df34079710e" with the PurgeAfterFE date of "1490555877" will be deleted.
Snapshot "snap-0e0f3553f537d346a" with the PurgeAfterFE date of "1490555877" will be deleted.
Snapshot "snap-0848e9e1fc66796de" with the PurgeAfterFE date of "1490555877" will be deleted.
Snapshot "snap-029608c657f38e220" with the PurgeAfterFE date of "1490555877" will be deleted.
Snapshot "snap-0d94d849273e3b701" with the PurgeAfterFE date of "1490555877" will be deleted.
Snapshot "snap-09875c3b50abb9630" with the PurgeAfterFE date of "1490555877" will be deleted.
Snapshot "snap-0193aac20bb8fce96" with the PurgeAfterFE date of "1490555877" will be deleted.
Snapshot "snap-02bf8a21acef58b11" with the PurgeAfterFE date of "1490555877" will be deleted.
Snapshot "snap-06047675e99a39e23" with the PurgeAfterFE date of "1490555877" will be deleted.
Snapshot "snap-09a501bff22800e31" with the PurgeAfterFE date of "1490555877" will be deleted.
Snapshot "snap-073360f0752658d8d" with the PurgeAfterFE date of "1490555877" will be deleted.
Snapshot "snap-0f687e6bb6665e965" with the PurgeAfterFE date of "1490555877" will be deleted.
Snapshot "snap-04852e54a0007527a" with the PurgeAfterFE date of "1490555877" will be deleted.
Snapshot "snap-0700d927dff111eed" with the PurgeAfterFE date of "1490555877" will be deleted.
Snapshot "snap-0f7de12345cc7985d" with the PurgeAfterFE date of "1490555877" will be deleted.
Snapshot "snap-0d2e18319a91b6bd2" with the PurgeAfterFE date of "1490555877" will be deleted.
Snapshot "snap-0af67be3cc067e586" with the PurgeAfterFE date of "1490555877" will be deleted.
Snapshot "snap-0f03e0f620586ab6c" with the PurgeAfterFE date of "1490555877" will be deleted.
Snapshot "snap-000549ef7f20ef476" with the PurgeAfterFE date of "1490555877" will be deleted.
Snapshot "snap-0308ea76b86bb8da5" with the PurgeAfterFE date of "1490555877" will be deleted.
Snapshot "snap-07ea5396ca848037b" with the PurgeAfterFE date of "1490555877" will be deleted.
Snapshot "snap-02ecfcf7dc0bff2fa" with the PurgeAfterFE date of "1490555877" will be deleted.
Snapshot "snap-0109398e5b3f961f3" with the PurgeAfterFE date of "1490555877" will be deleted.
Snapshot "snap-0a841985111e98b50" with the PurgeAfterFE date of "1490555877" will be deleted.
Snapshot "snap-06704e0df43a4d0a5" with the PurgeAfterFE date of "1490555877" will be deleted.
Snapshot "snap-01e5ccc33257a5827" with the PurgeAfterFE date of "1490555877" will be deleted.
Snapshot "snap-0f05ac3d711f3567b" with the PurgeAfterFE date of "1490555877" will be deleted.
Snapshot "snap-0bddef5621a98fb46" with the PurgeAfterFE date of "1490555877" will be deleted.
Snapshot "snap-0eb4eb7b3776ac1e8" with the PurgeAfterFE date of "1490555877" will be deleted.
Snapshot "snap-0f9a09a1c5534c7f9" with the PurgeAfterFE date of "1490555877" will be deleted.
Snapshot "snap-08c4019a9220b943e" with the PurgeAfterFE date of "1490555877" will be deleted.
Snapshot "snap-0da4e6449259759fb" with the PurgeAfterFE date of "1490555877" will be deleted.
Snapshot "snap-04cb4901bf4284a70" with the PurgeAfterFE date of "1490555877" will be deleted.
Snapshot "snap-08d9afb0df35af6a9" with the PurgeAfterFE date of "1490555877" will be deleted.
Snapshot "snap-0257602322fd198fa" with the PurgeAfterFE date of "1490555877" will be deleted.
Snapshot "snap-0ee24a06b7d9898a3" with the PurgeAfterFE date of "1490555877" will be deleted.
Snapshot "snap-031f1d3f45c0417f2" with the PurgeAfterFE date of "1490555877" will be deleted.
Snapshot "snap-022554bc9f067bd05" with the PurgeAfterFE date of "1490555877" will be deleted.
Snapshot "snap-02aad2545a47281f7" with the PurgeAfterFE date of "1490555877" will be deleted.
Snapshot "snap-0bfa9e0939b089fdb" with the PurgeAfterFE date of "1490555877" will be deleted.
Snapshot "snap-0b849838de5c54368" with the PurgeAfterFE date of "1490555877" will be deleted.
Snapshot "snap-07ca6fe839bbaca20" with the PurgeAfterFE date of "1490555877" will be deleted.
Snapshot "snap-0e32cdac3c5956077" with the PurgeAfterFE date of "1490555877" will be deleted.
Snapshot "snap-0e77bfe5b42258816" with the PurgeAfterFE date of "1490555877" will be deleted.
Snapshot "snap-03fb69a79352db01c" with the PurgeAfterFE date of "1490555877" will be deleted.
Snapshot "snap-0f66b77718586fb77" with the PurgeAfterFE date of "1490555877" will be deleted.
Snapshot "snap-00ffd959d37e282ef" with the PurgeAfterFE date of "1490555877" will be deleted.
Snapshot "snap-020d6c70bfbc21900" with the PurgeAfterFE date of "1490555877" will be deleted.
Snapshot "snap-0c222b8ef917304b6" with the PurgeAfterFE date of "1490555877" will be deleted.
Snapshot "snap-05b814aa28831369c" with the PurgeAfterFE date of "1490555877" will be deleted.
Snapshot "snap-078927ec6de62329b" with the PurgeAfterFE date of "1490555877" will be deleted.
Snapshot "snap-0710e69177deb55bf" with the PurgeAfterFE date of "1490555877" will be deleted.
Snapshot "snap-029412ca1608ee5cf" with the PurgeAfterFE date of "1490555877" will be deleted.
Snapshot "snap-0750cdeacddba6cd6" with the PurgeAfterFE date of "1490555877" will be deleted.
Snapshot "snap-0e45f9073b179ddb3" with the PurgeAfterFE date of "1490555877" will be deleted.
Snapshot "snap-0de2c20a056c2e894" with the PurgeAfterFE date of "1490555877" will be deleted.
Snapshot "snap-01e501d2645ac6d25" with the PurgeAfterFE date of "1490555877" will be deleted.
Snapshot "snap-0716229a230d7a227" with the PurgeAfterFE date of "1490555877" will be deleted.
Snapshot "snap-0ddb2fc6304ec1312" with the PurgeAfterFE date of "1490555877" will be deleted.
Snapshot "snap-01f5f9b16d36939e9" with the PurgeAfterFE date of "1490555877" will be deleted.
Snapshot "snap-0baf4cfe4fa0777dc" with the PurgeAfterFE date of "1490555877" will be deleted.
Snapshot "snap-044b89e6a5aac4d0c" with the PurgeAfterFE date of "1490555877" will be deleted.
Snapshot "snap-01bbf29da50ad4c72" with the PurgeAfterFE date of "1490555877" will be deleted.
Snapshot "snap-08d10e35747bf36d8" with the PurgeAfterFE date of "1490555877" will be deleted.
Snapshot "snap-0e19ba0e669ca386f" with the PurgeAfterFE date of "1490555877" will be deleted.
Snapshot "snap-0227323116cf8e727" with the PurgeAfterFE date of "1490555877" will be deleted.
Snapshot "snap-0a75e0cbeab19fc82" with the PurgeAfterFE date of "1490555877" will be deleted.
Snapshot "snap-0c90e3ca44447d86b" with the PurgeAfterFE date of "1490555877" will be deleted.
Snapshot "snap-09cd8686ca60110e6" with the PurgeAfterFE date of "1490555877" will be deleted.
Snapshot "snap-031b06f343114c49a" with the PurgeAfterFE date of "1490555877" will be deleted.
Snapshot "snap-06569ce1191fe7e15" with the PurgeAfterFE date of "1490555877" will be deleted.
Snapshot "snap-02092f2edfd5cc3dc" with the PurgeAfterFE date of "1490555877" will be deleted.
Snapshot "snap-02adbf12efb670faa" with the PurgeAfterFE date of "1490555877" will be deleted.
Snapshot "snap-07ae2540bd32e4803" with the PurgeAfterFE date of "1490555877" will be deleted.
Snapshot "snap-0a5b2b4e7792b93a2" with the PurgeAfterFE date of "1490555877" will be deleted.
Snapshot "snap-0efd07e33a69630ab" with the PurgeAfterFE date of "1490555877" will be deleted.
Snapshot "snap-0c368a298c0596879" with the PurgeAfterFE date of "1490555877" will be deleted.
