Snapshots taken by ec2-volumes-autobackup.sh will be eligible for purging after the following date (the purge after date given in seconds from epoch): 1489090643.
INSTANCE i-46b0ebfe
INSTANCE NAME: igv-ec2-im02
Tagging Snapshot snap-0a97f92b2f0c12667 with the following Tags: Key=CreatedBy,Value=ec2-automate-backup Key=InstanceId,Value=i-46b0ebfe Key=InstanceName,Value=igv-ec2-im02 Key=PurgeAfterFE,Value=1489090643 Key=PurgeAllow,Value=true Key=Volume,Value=vol-e7515158 Key=Created,Value=1486498643
INSTANCE i-24b0eb9c
INSTANCE NAME: igv-ec2-web02
Tagging Snapshot snap-0dad01a0d5c24368b with the following Tags: Key=CreatedBy,Value=ec2-automate-backup Key=InstanceId,Value=i-24b0eb9c Key=InstanceName,Value=igv-ec2-web02 Key=PurgeAfterFE,Value=1489090643 Key=PurgeAllow,Value=true Key=Volume,Value=vol-3e515181 Key=Created,Value=1486498643
INSTANCE i-24b0eb9c
INSTANCE NAME: igv-ec2-web02
Tagging Snapshot snap-0cb57534a8e242b01 with the following Tags: Key=CreatedBy,Value=ec2-automate-backup Key=InstanceId,Value=i-24b0eb9c Key=InstanceName,Value=igv-ec2-web02 Key=PurgeAfterFE,Value=1489090643 Key=PurgeAllow,Value=true Key=Volume,Value=vol-3d515182 Key=Created,Value=1486498643
INSTANCE i-46b0ebfe
INSTANCE NAME: igv-ec2-im02
Tagging Snapshot snap-006f119b4778ab05a with the following Tags: Key=CreatedBy,Value=ec2-automate-backup Key=InstanceId,Value=i-46b0ebfe Key=InstanceName,Value=igv-ec2-im02 Key=PurgeAfterFE,Value=1489090643 Key=PurgeAllow,Value=true Key=Volume,Value=vol-2d515192 Key=Created,Value=1486498643
INSTANCE i-2eb0eb96
INSTANCE NAME: igv-ec2-fs02
Tagging Snapshot snap-03ab8bface84c4817 with the following Tags: Key=CreatedBy,Value=ec2-automate-backup Key=InstanceId,Value=i-2eb0eb96 Key=InstanceName,Value=igv-ec2-fs02 Key=PurgeAfterFE,Value=1489090643 Key=PurgeAllow,Value=true Key=Volume,Value=vol-2151519e Key=Created,Value=1486498643
INSTANCE i-2eb0eb96
INSTANCE NAME: igv-ec2-fs02
Tagging Snapshot snap-0bc93d9e24f3faaf1 with the following Tags: Key=CreatedBy,Value=ec2-automate-backup Key=InstanceId,Value=i-2eb0eb96 Key=InstanceName,Value=igv-ec2-fs02 Key=PurgeAfterFE,Value=1489090643 Key=PurgeAllow,Value=true Key=Volume,Value=vol-2051519f Key=Created,Value=1486498643
INSTANCE i-ecbd9b54
INSTANCE NAME: uat-igv-ec2-fs02
Tagging Snapshot snap-025eb07b303a3caf4 with the following Tags: Key=CreatedBy,Value=ec2-automate-backup Key=InstanceId,Value=i-ecbd9b54 Key=InstanceName,Value=uat-igv-ec2-fs02 Key=PurgeAfterFE,Value=1489090643 Key=PurgeAllow,Value=true Key=Volume,Value=vol-1c0114a3 Key=Created,Value=1486498643
INSTANCE i-ecbd9b54
INSTANCE NAME: uat-igv-ec2-fs02
Tagging Snapshot snap-0c5353d44c025473c with the following Tags: Key=CreatedBy,Value=ec2-automate-backup Key=InstanceId,Value=i-ecbd9b54 Key=InstanceName,Value=uat-igv-ec2-fs02 Key=PurgeAfterFE,Value=1489090643 Key=PurgeAllow,Value=true Key=Volume,Value=vol-1b0114a4 Key=Created,Value=1486498643
INSTANCE i-ecbd9b54
INSTANCE NAME: uat-igv-ec2-fs02
Tagging Snapshot snap-0aea5f931e1d4ec9a with the following Tags: Key=CreatedBy,Value=ec2-automate-backup Key=InstanceId,Value=i-ecbd9b54 Key=InstanceName,Value=uat-igv-ec2-fs02 Key=PurgeAfterFE,Value=1489090643 Key=PurgeAllow,Value=true Key=Volume,Value=vol-070114b8 Key=Created,Value=1486498643
INSTANCE i-e599bf5d
INSTANCE NAME: uat-igv-ec2-im02
Tagging Snapshot snap-01174eef1d034e51d with the following Tags: Key=CreatedBy,Value=ec2-automate-backup Key=InstanceId,Value=i-e599bf5d Key=InstanceName,Value=uat-igv-ec2-im02 Key=PurgeAfterFE,Value=1489090643 Key=PurgeAllow,Value=true Key=Volume,Value=vol-32d8cd8d Key=Created,Value=1486498643
INSTANCE i-e599bf5d
INSTANCE NAME: uat-igv-ec2-im02
Tagging Snapshot snap-0247148e2d769caad with the following Tags: Key=CreatedBy,Value=ec2-automate-backup Key=InstanceId,Value=i-e599bf5d Key=InstanceName,Value=uat-igv-ec2-im02 Key=PurgeAfterFE,Value=1489090643 Key=PurgeAllow,Value=true Key=Volume,Value=vol-99dbce26 Key=Created,Value=1486498643
INSTANCE i-e599bf5d
INSTANCE NAME: uat-igv-ec2-im02
Tagging Snapshot snap-0b01ee8489b43b3b4 with the following Tags: Key=CreatedBy,Value=ec2-automate-backup Key=InstanceId,Value=i-e599bf5d Key=InstanceName,Value=uat-igv-ec2-im02 Key=PurgeAfterFE,Value=1489090643 Key=PurgeAllow,Value=true Key=Volume,Value=vol-87dbce38 Key=Created,Value=1486498643
INSTANCE i-46b0ebfe
INSTANCE NAME: igv-ec2-im02
Tagging Snapshot snap-073d6d6ca08e8134a with the following Tags: Key=CreatedBy,Value=ec2-automate-backup Key=InstanceId,Value=i-46b0ebfe Key=InstanceName,Value=igv-ec2-im02 Key=PurgeAfterFE,Value=1489090643 Key=PurgeAllow,Value=true Key=Volume,Value=vol-0d15268307606d6f0 Key=Created,Value=1486498643
INSTANCE i-2eb0eb96
INSTANCE NAME: igv-ec2-fs02
Tagging Snapshot snap-08aab37f2a19caad3 with the following Tags: Key=CreatedBy,Value=ec2-automate-backup Key=InstanceId,Value=i-2eb0eb96 Key=InstanceName,Value=igv-ec2-fs02 Key=PurgeAfterFE,Value=1489090643 Key=PurgeAllow,Value=true Key=Volume,Value=vol-0e009e505c05a452a Key=Created,Value=1486498643
INSTANCE i-b486a98c
INSTANCE NAME: igv-ec2-im01
Tagging Snapshot snap-03f028d231c61e5a3 with the following Tags: Key=CreatedBy,Value=ec2-automate-backup Key=InstanceId,Value=i-b486a98c Key=InstanceName,Value=igv-ec2-im01 Key=PurgeAfterFE,Value=1489090643 Key=PurgeAllow,Value=true Key=Volume,Value=vol-64bceae1 Key=Created,Value=1486498643
INSTANCE i-b486a98c
INSTANCE NAME: igv-ec2-im01
Tagging Snapshot snap-05ffdbe71e6846b68 with the following Tags: Key=CreatedBy,Value=ec2-automate-backup Key=InstanceId,Value=i-b486a98c Key=InstanceName,Value=igv-ec2-im01 Key=PurgeAfterFE,Value=1489090643 Key=PurgeAllow,Value=true Key=Volume,Value=vol-67bceae2 Key=Created,Value=1486498643
INSTANCE i-b287a88a
INSTANCE NAME: igv-ec2-web01
Tagging Snapshot snap-0ec6fcdcd07c5d2e7 with the following Tags: Key=CreatedBy,Value=ec2-automate-backup Key=InstanceId,Value=i-b287a88a Key=InstanceName,Value=igv-ec2-web01 Key=PurgeAfterFE,Value=1489090643 Key=PurgeAllow,Value=true Key=Volume,Value=vol-b5bdeb30 Key=Created,Value=1486498643
INSTANCE i-b287a88a
INSTANCE NAME: igv-ec2-web01
Tagging Snapshot snap-0b2173f75cf192538 with the following Tags: Key=CreatedBy,Value=ec2-automate-backup Key=InstanceId,Value=i-b287a88a Key=InstanceName,Value=igv-ec2-web01 Key=PurgeAfterFE,Value=1489090643 Key=PurgeAllow,Value=true Key=Volume,Value=vol-c7bdeb42 Key=Created,Value=1486498643
INSTANCE i-0a87a832
INSTANCE NAME: igv-ec2-fs01
Tagging Snapshot snap-04b521a78b89984e3 with the following Tags: Key=CreatedBy,Value=ec2-automate-backup Key=InstanceId,Value=i-0a87a832 Key=InstanceName,Value=igv-ec2-fs01 Key=PurgeAfterFE,Value=1489090643 Key=PurgeAllow,Value=true Key=Volume,Value=vol-30bdebb5 Key=Created,Value=1486498643
INSTANCE i-0a87a832
INSTANCE NAME: igv-ec2-fs01
Tagging Snapshot snap-0cdd0a64fe736fddd with the following Tags: Key=CreatedBy,Value=ec2-automate-backup Key=InstanceId,Value=i-0a87a832 Key=InstanceName,Value=igv-ec2-fs01 Key=PurgeAfterFE,Value=1489090643 Key=PurgeAllow,Value=true Key=Volume,Value=vol-65bdebe0 Key=Created,Value=1486498643
INSTANCE i-e3dcf6db
INSTANCE NAME: uat-igv-ec2-web01
Tagging Snapshot snap-079256f572d86a52f with the following Tags: Key=CreatedBy,Value=ec2-automate-backup Key=InstanceId,Value=i-e3dcf6db Key=InstanceName,Value=uat-igv-ec2-web01 Key=PurgeAfterFE,Value=1489090643 Key=PurgeAllow,Value=true Key=Volume,Value=vol-60b0e8e5 Key=Created,Value=1486498643
INSTANCE i-e3dcf6db
INSTANCE NAME: uat-igv-ec2-web01
Tagging Snapshot snap-096baccf7b4cb2662 with the following Tags: Key=CreatedBy,Value=ec2-automate-backup Key=InstanceId,Value=i-e3dcf6db Key=InstanceName,Value=uat-igv-ec2-web01 Key=PurgeAfterFE,Value=1489090643 Key=PurgeAllow,Value=true Key=Volume,Value=vol-73b0e8f6 Key=Created,Value=1486498643
INSTANCE i-aacec892
INSTANCE NAME: newTags
Tagging Snapshot snap-0201362c023e18a86 with the following Tags: Key=CreatedBy,Value=ec2-automate-backup Key=InstanceId,Value=i-aacec892 Key=InstanceName,Value=newTags Key=PurgeAfterFE,Value=1489090643 Key=PurgeAllow,Value=true Key=Volume,Value=vol-10241f95 Key=Created,Value=1486498643
INSTANCE i-e3dcf6db
INSTANCE NAME: uat-igv-ec2-web01
Tagging Snapshot snap-0c5c2806edacb8a8a with the following Tags: Key=CreatedBy,Value=ec2-automate-backup Key=InstanceId,Value=i-e3dcf6db Key=InstanceName,Value=uat-igv-ec2-web01 Key=PurgeAfterFE,Value=1489090643 Key=PurgeAllow,Value=true Key=Volume,Value=vol-010b6aec845fdc72e Key=Created,Value=1486498643
INSTANCE i-b486a98c
INSTANCE NAME: igv-ec2-im01
Tagging Snapshot snap-074fe43ec82cd7737 with the following Tags: Key=CreatedBy,Value=ec2-automate-backup Key=InstanceId,Value=i-b486a98c Key=InstanceName,Value=igv-ec2-im01 Key=PurgeAfterFE,Value=1489090643 Key=PurgeAllow,Value=true Key=Volume,Value=vol-039deb6f07ed7c60c Key=Created,Value=1486498643
INSTANCE i-0a87a832
INSTANCE NAME: igv-ec2-fs01
Tagging Snapshot snap-0ef051a5de7a4c66c with the following Tags: Key=CreatedBy,Value=ec2-automate-backup Key=InstanceId,Value=i-0a87a832 Key=InstanceName,Value=igv-ec2-fs01 Key=PurgeAfterFE,Value=1489090643 Key=PurgeAllow,Value=true Key=Volume,Value=vol-095211fa83f1b6524 Key=Created,Value=1486498643
INSTANCE i-b287a88a
INSTANCE NAME: igv-ec2-web01
Tagging Snapshot snap-080331cf03ac46b7b with the following Tags: Key=CreatedBy,Value=ec2-automate-backup Key=InstanceId,Value=i-b287a88a Key=InstanceName,Value=igv-ec2-web01 Key=PurgeAfterFE,Value=1489090643 Key=PurgeAllow,Value=true Key=Volume,Value=vol-0cd7c487775e1e6bb Key=Created,Value=1486498643
Snapshot Purging is Starting Now.
Snapshot "snap-088dda3e2ca1efb0d" with the PurgeAfterFE date of "1486497451" will be deleted.
Snapshot "snap-00bdb6e8fe781b317" with the PurgeAfterFE date of "1486497451" will be deleted.
Snapshot "snap-09325497dbaf97af0" with the PurgeAfterFE date of "1486497451" will be deleted.
Snapshot "snap-0f32a417f3600aafa" with the PurgeAfterFE date of "1486497451" will be deleted.
Snapshot "snap-07561eaecd2df6125" with the PurgeAfterFE date of "1486497451" will be deleted.
Snapshot "snap-0c3186cbb39afae21" with the PurgeAfterFE date of "1486497451" will be deleted.
Snapshot "snap-09d0857891af9beb8" with the PurgeAfterFE date of "1486497451" will be deleted.
Snapshot "snap-04a1be3011ae4c905" with the PurgeAfterFE date of "1486497451" will be deleted.
Snapshot "snap-0502056aee7cb4153" with the PurgeAfterFE date of "1486497451" will be deleted.
Snapshot "snap-0f1ac2fd1217efde3" with the PurgeAfterFE date of "1486497451" will be deleted.
Snapshot "snap-0b4a96daa8b8be112" with the PurgeAfterFE date of "1486497451" will be deleted.
Snapshot "snap-0f3be562ff8d6eea2" with the PurgeAfterFE date of "1486497451" will be deleted.
Snapshot "snap-089d682dfc4060cd8" with the PurgeAfterFE date of "1486497451" will be deleted.
Snapshot "snap-0c23aafa533a1d944" with the PurgeAfterFE date of "1486497451" will be deleted.
Snapshot "snap-0f381f499c2a9b633" with the PurgeAfterFE date of "1486497451" will be deleted.
Snapshot "snap-063f2fb82218d06a8" with the PurgeAfterFE date of "1486497451" will be deleted.
Snapshot "snap-0100ecac67ea77b61" with the PurgeAfterFE date of "1486497451" will be deleted.
Snapshot "snap-0392c0b80dd046949" with the PurgeAfterFE date of "1486497451" will be deleted.
Snapshot "snap-0a91c0d818f0ce246" with the PurgeAfterFE date of "1486497451" will be deleted.
Snapshot "snap-08df789d0d8ac3126" with the PurgeAfterFE date of "1486497451" will be deleted.
Snapshot "snap-04898ee3952731316" with the PurgeAfterFE date of "1486497451" will be deleted.
Snapshot "snap-0838d98511fa31c46" with the PurgeAfterFE date of "1486497451" will be deleted.
Snapshot "snap-007daaa0799c1852d" with the PurgeAfterFE date of "1486497451" will be deleted.
Snapshot "snap-08f82f2fc8a2950bd" with the PurgeAfterFE date of "1486497451" will be deleted.
Snapshot "snap-0b141d90b6d8a70c1" with the PurgeAfterFE date of "1486497451" will be deleted.
Snapshot "snap-0f0b00dedce31a127" with the PurgeAfterFE date of "1486497451" will be deleted.
Snapshot "snap-0cd1867a9a2412637" with the PurgeAfterFE date of "1486497451" will be deleted.
