Snapshots taken by ec2-volumes-autobackup.sh will be eligible for purging after the following date (the purge after date given in seconds from epoch): 1487355006.
INSTANCE i-526547ea
INSTANCE NAME: test_internetds_nat02
Tagging Snapshot snap-090c1de75c08b7364 with the following Tags: Key=CreatedBy,Value=ec2-automate-backup Key=InstanceId,Value=i-526547ea Key=InstanceName,Value=test_internetds_nat02 Key=PurgeAfterFE,Value=1487355006 Key=PurgeAllow,Value=true Key=Volume,Value=vol-719282ce Key=Created,Value=1484763006
INSTANCE i-b17a5809
INSTANCE NAME: uat_internetds_front_app01
Tagging Snapshot snap-0735f28c4987b62c4 with the following Tags: Key=CreatedBy,Value=ec2-automate-backup Key=InstanceId,Value=i-b17a5809 Key=InstanceName,Value=uat_internetds_front_app01 Key=PurgeAfterFE,Value=1487355006 Key=PurgeAllow,Value=true Key=Volume,Value=vol-c6849479 Key=Created,Value=1484763006
INSTANCE i-b17a5809
INSTANCE NAME: uat_internetds_front_app01
Tagging Snapshot snap-02832505cf456d657 with the following Tags: Key=CreatedBy,Value=ec2-automate-backup Key=InstanceId,Value=i-b17a5809 Key=InstanceName,Value=uat_internetds_front_app01 Key=PurgeAfterFE,Value=1487355006 Key=PurgeAllow,Value=true Key=Volume,Value=vol-3084948f Key=Created,Value=1484763006
INSTANCE i-8a7a5832
INSTANCE NAME: uat_internetds_mid01
Tagging Snapshot snap-0bad40905315aa45d with the following Tags: Key=CreatedBy,Value=ec2-automate-backup Key=InstanceId,Value=i-8a7a5832 Key=InstanceName,Value=uat_internetds_mid01 Key=PurgeAfterFE,Value=1487355006 Key=PurgeAllow,Value=true Key=Volume,Value=vol-8c859533 Key=Created,Value=1484763006
INSTANCE i-8a7a5832
INSTANCE NAME: uat_internetds_mid01
Tagging Snapshot snap-0d0d8635eacc99305 with the following Tags: Key=CreatedBy,Value=ec2-automate-backup Key=InstanceId,Value=i-8a7a5832 Key=InstanceName,Value=uat_internetds_mid01 Key=PurgeAfterFE,Value=1487355006 Key=PurgeAllow,Value=true Key=Volume,Value=vol-798595c6 Key=Created,Value=1484763006
INSTANCE i-1b7a58a3
INSTANCE NAME: uat_internetds_opsmon_mongo01
Tagging Snapshot snap-019209d50126ea498 with the following Tags: Key=CreatedBy,Value=ec2-automate-backup Key=InstanceId,Value=i-1b7a58a3 Key=InstanceName,Value=uat_internetds_opsmon_mongo01 Key=PurgeAfterFE,Value=1487355006 Key=PurgeAllow,Value=true Key=Volume,Value=vol-bf879700 Key=Created,Value=1484763006
INSTANCE i-1a7a58a2
INSTANCE NAME: uat_internetds_opsmon_mongo02
Tagging Snapshot snap-015eadf901f2b6e75 with the following Tags: Key=CreatedBy,Value=ec2-automate-backup Key=InstanceId,Value=i-1a7a58a2 Key=InstanceName,Value=uat_internetds_opsmon_mongo02 Key=PurgeAfterFE,Value=1487355006 Key=PurgeAllow,Value=true Key=Volume,Value=vol-fd879742 Key=Created,Value=1484763006
INSTANCE i-1b7a58a3
INSTANCE NAME: uat_internetds_opsmon_mongo01
Tagging Snapshot snap-0473278fcd8838ebf with the following Tags: Key=CreatedBy,Value=ec2-automate-backup Key=InstanceId,Value=i-1b7a58a3 Key=InstanceName,Value=uat_internetds_opsmon_mongo01 Key=PurgeAfterFE,Value=1487355006 Key=PurgeAllow,Value=true Key=Volume,Value=vol-e287975d Key=Created,Value=1484763006
INSTANCE i-1a7a58a2
INSTANCE NAME: uat_internetds_opsmon_mongo02
Tagging Snapshot snap-09dfce05a86d3f0c9 with the following Tags: Key=CreatedBy,Value=ec2-automate-backup Key=InstanceId,Value=i-1a7a58a2 Key=InstanceName,Value=uat_internetds_opsmon_mongo02 Key=PurgeAfterFE,Value=1487355006 Key=PurgeAllow,Value=true Key=Volume,Value=vol-e187975e Key=Created,Value=1484763006
INSTANCE i-c7795b7f
INSTANCE NAME: uat_internetds_life_app02
Tagging Snapshot snap-02c1a7d596faa44b2 with the following Tags: Key=CreatedBy,Value=ec2-automate-backup Key=InstanceId,Value=i-c7795b7f Key=InstanceName,Value=uat_internetds_life_app02 Key=PurgeAfterFE,Value=1487355006 Key=PurgeAllow,Value=true Key=Volume,Value=vol-698b9bd6 Key=Created,Value=1484763006
INSTANCE i-c7795b7f
INSTANCE NAME: uat_internetds_life_app02
Tagging Snapshot snap-0d79c448210d46966 with the following Tags: Key=CreatedBy,Value=ec2-automate-backup Key=InstanceId,Value=i-c7795b7f Key=InstanceName,Value=uat_internetds_life_app02 Key=PurgeAfterFE,Value=1487355006 Key=PurgeAllow,Value=true Key=Volume,Value=vol-fa8c9c45 Key=Created,Value=1484763006
INSTANCE i-d6785a6e
INSTANCE NAME: dev_internetds_front_app02
Tagging Snapshot snap-0628fe56c4c8b15e2 with the following Tags: Key=CreatedBy,Value=ec2-automate-backup Key=InstanceId,Value=i-d6785a6e Key=InstanceName,Value=dev_internetds_front_app02 Key=PurgeAfterFE,Value=1487355006 Key=PurgeAllow,Value=true Key=Volume,Value=vol-068c9cb9 Key=Created,Value=1484763006
INSTANCE i-d6785a6e
INSTANCE NAME: dev_internetds_front_app02
Tagging Snapshot snap-0eb550ac7a84c5238 with the following Tags: Key=CreatedBy,Value=ec2-automate-backup Key=InstanceId,Value=i-d6785a6e Key=InstanceName,Value=dev_internetds_front_app02 Key=PurgeAfterFE,Value=1487355006 Key=PurgeAllow,Value=true Key=Volume,Value=vol-058c9cba Key=Created,Value=1484763006
INSTANCE i-3f7e5c87
INSTANCE NAME: dev_internetds_opsmon_mongo02
Tagging Snapshot snap-0d960fb1b571d280d with the following Tags: Key=CreatedBy,Value=ec2-automate-backup Key=InstanceId,Value=i-3f7e5c87 Key=InstanceName,Value=dev_internetds_opsmon_mongo02 Key=PurgeAfterFE,Value=1487355006 Key=PurgeAllow,Value=true Key=Volume,Value=vol-738c9ccc Key=Created,Value=1484763006
INSTANCE i-3e7e5c86
INSTANCE NAME: dev_internetds_opsmon_mongo01
Tagging Snapshot snap-02936ad9101226bdf with the following Tags: Key=CreatedBy,Value=ec2-automate-backup Key=InstanceId,Value=i-3e7e5c86 Key=InstanceName,Value=dev_internetds_opsmon_mongo01 Key=PurgeAfterFE,Value=1487355006 Key=PurgeAllow,Value=true Key=Volume,Value=vol-528c9ced Key=Created,Value=1484763006
INSTANCE i-3f7e5c87
INSTANCE NAME: dev_internetds_opsmon_mongo02
Tagging Snapshot snap-01924097399fc62d6 with the following Tags: Key=CreatedBy,Value=ec2-automate-backup Key=InstanceId,Value=i-3f7e5c87 Key=InstanceName,Value=dev_internetds_opsmon_mongo02 Key=PurgeAfterFE,Value=1487355006 Key=PurgeAllow,Value=true Key=Volume,Value=vol-bd8d9d02 Key=Created,Value=1484763006
INSTANCE i-3e7e5c86
INSTANCE NAME: dev_internetds_opsmon_mongo01
Tagging Snapshot snap-061e9b51b2b169ea0 with the following Tags: Key=CreatedBy,Value=ec2-automate-backup Key=InstanceId,Value=i-3e7e5c86 Key=InstanceName,Value=dev_internetds_opsmon_mongo01 Key=PurgeAfterFE,Value=1487355006 Key=PurgeAllow,Value=true Key=Volume,Value=vol-8e8d9d31 Key=Created,Value=1484763006
INSTANCE i-607e5cd8
INSTANCE NAME: dev_internetds_opsmon_app02
Tagging Snapshot snap-098adbd84615fa0b2 with the following Tags: Key=CreatedBy,Value=ec2-automate-backup Key=InstanceId,Value=i-607e5cd8 Key=InstanceName,Value=dev_internetds_opsmon_app02 Key=PurgeAfterFE,Value=1487355006 Key=PurgeAllow,Value=true Key=Volume,Value=vol-2d8d9d92 Key=Created,Value=1484763006
INSTANCE i-587e5ce0
INSTANCE NAME: uat_internetds_health_app01
Tagging Snapshot snap-0630213c197670905 with the following Tags: Key=CreatedBy,Value=ec2-automate-backup Key=InstanceId,Value=i-587e5ce0 Key=InstanceName,Value=uat_internetds_health_app01 Key=PurgeAfterFE,Value=1487355006 Key=PurgeAllow,Value=true Key=Volume,Value=vol-738d9dcc Key=Created,Value=1484763006
INSTANCE i-607e5cd8
INSTANCE NAME: dev_internetds_opsmon_app02
Tagging Snapshot snap-03b85d59b8981e98d with the following Tags: Key=CreatedBy,Value=ec2-automate-backup Key=InstanceId,Value=i-607e5cd8 Key=InstanceName,Value=dev_internetds_opsmon_app02 Key=PurgeAfterFE,Value=1487355006 Key=PurgeAllow,Value=true Key=Volume,Value=vol-6e8d9dd1 Key=Created,Value=1484763006
INSTANCE i-587e5ce0
INSTANCE NAME: uat_internetds_health_app01
Tagging Snapshot snap-0b0f9cd93580ee7e9 with the following Tags: Key=CreatedBy,Value=ec2-automate-backup Key=InstanceId,Value=i-587e5ce0 Key=InstanceName,Value=uat_internetds_health_app01 Key=PurgeAfterFE,Value=1487355006 Key=PurgeAllow,Value=true Key=Volume,Value=vol-468d9df9 Key=Created,Value=1484763006
INSTANCE i-bd7e5c05
INSTANCE NAME: dev_internetds_health_app02
Tagging Snapshot snap-0a35737f16acf59fa with the following Tags: Key=CreatedBy,Value=ec2-automate-backup Key=InstanceId,Value=i-bd7e5c05 Key=InstanceName,Value=dev_internetds_health_app02 Key=PurgeAfterFE,Value=1487355006 Key=PurgeAllow,Value=true Key=Volume,Value=vol-e78e9e58 Key=Created,Value=1484763006
INSTANCE i-bd7e5c05
INSTANCE NAME: dev_internetds_health_app02
Tagging Snapshot snap-05232bea86d45b277 with the following Tags: Key=CreatedBy,Value=ec2-automate-backup Key=InstanceId,Value=i-bd7e5c05 Key=InstanceName,Value=dev_internetds_health_app02 Key=PurgeAfterFE,Value=1487355006 Key=PurgeAllow,Value=true Key=Volume,Value=vol-338e9e8c Key=Created,Value=1484763006
INSTANCE i-6d7f5dd5
INSTANCE NAME: dev_internetds_cache01
Tagging Snapshot snap-0a142a6516437cd66 with the following Tags: Key=CreatedBy,Value=ec2-automate-backup Key=InstanceId,Value=i-6d7f5dd5 Key=InstanceName,Value=dev_internetds_cache01 Key=PurgeAfterFE,Value=1487355006 Key=PurgeAllow,Value=true Key=Volume,Value=vol-bab0a005 Key=Created,Value=1484763006
INSTANCE i-627f5dda
INSTANCE NAME: dev_internetds_mid02
Tagging Snapshot snap-0d7e402a30fc28ea8 with the following Tags: Key=CreatedBy,Value=ec2-automate-backup Key=InstanceId,Value=i-627f5dda Key=InstanceName,Value=dev_internetds_mid02 Key=PurgeAfterFE,Value=1487355006 Key=PurgeAllow,Value=true Key=Volume,Value=vol-efb0a050 Key=Created,Value=1484763006
INSTANCE i-6d7f5dd5
INSTANCE NAME: dev_internetds_cache01
Tagging Snapshot snap-0a54f5f60624aa906 with the following Tags: Key=CreatedBy,Value=ec2-automate-backup Key=InstanceId,Value=i-6d7f5dd5 Key=InstanceName,Value=dev_internetds_cache01 Key=PurgeAfterFE,Value=1487355006 Key=PurgeAllow,Value=true Key=Volume,Value=vol-d4b0a06b Key=Created,Value=1484763006
INSTANCE i-627f5dda
INSTANCE NAME: dev_internetds_mid02
Tagging Snapshot snap-093f384a38b97dcfd with the following Tags: Key=CreatedBy,Value=ec2-automate-backup Key=InstanceId,Value=i-627f5dda Key=InstanceName,Value=dev_internetds_mid02 Key=PurgeAfterFE,Value=1487355006 Key=PurgeAllow,Value=true Key=Volume,Value=vol-c5b0a07a Key=Created,Value=1484763006
INSTANCE i-397f5d81
INSTANCE NAME: dev_internetds_datax_app02
Tagging Snapshot snap-04c5928745f2c8fc5 with the following Tags: Key=CreatedBy,Value=ec2-automate-backup Key=InstanceId,Value=i-397f5d81 Key=InstanceName,Value=dev_internetds_datax_app02 Key=PurgeAfterFE,Value=1487355006 Key=PurgeAllow,Value=true Key=Volume,Value=vol-14b0a0ab Key=Created,Value=1484763006
INSTANCE i-397f5d81
INSTANCE NAME: dev_internetds_datax_app02
Tagging Snapshot snap-078bafdd9ac8e6fb8 with the following Tags: Key=CreatedBy,Value=ec2-automate-backup Key=InstanceId,Value=i-397f5d81 Key=InstanceName,Value=dev_internetds_datax_app02 Key=PurgeAfterFE,Value=1487355006 Key=PurgeAllow,Value=true Key=Volume,Value=vol-6db0a0d2 Key=Created,Value=1484763006
INSTANCE i-987f5d20
INSTANCE NAME: dev_internetds_cache02
Tagging Snapshot snap-06a559890eb9d7595 with the following Tags: Key=CreatedBy,Value=ec2-automate-backup Key=InstanceId,Value=i-987f5d20 Key=InstanceName,Value=dev_internetds_cache02 Key=PurgeAfterFE,Value=1487355006 Key=PurgeAllow,Value=true Key=Volume,Value=vol-b8b1a107 Key=Created,Value=1484763006
INSTANCE i-8e7f5d36
INSTANCE NAME: uat_internetds_opsmon_app01
Tagging Snapshot snap-0b7ac3730028ecfbe with the following Tags: Key=CreatedBy,Value=ec2-automate-backup Key=InstanceId,Value=i-8e7f5d36 Key=InstanceName,Value=uat_internetds_opsmon_app01 Key=PurgeAfterFE,Value=1487355006 Key=PurgeAllow,Value=true Key=Volume,Value=vol-9cb1a123 Key=Created,Value=1484763006
INSTANCE i-987f5d20
INSTANCE NAME: dev_internetds_cache02
Tagging Snapshot snap-0c28e8010a22eb526 with the following Tags: Key=CreatedBy,Value=ec2-automate-backup Key=InstanceId,Value=i-987f5d20 Key=InstanceName,Value=dev_internetds_cache02 Key=PurgeAfterFE,Value=1487355006 Key=PurgeAllow,Value=true Key=Volume,Value=vol-90b1a12f Key=Created,Value=1484763006
INSTANCE i-8e7f5d36
INSTANCE NAME: uat_internetds_opsmon_app01
Tagging Snapshot snap-0338a78931c72e0fe with the following Tags: Key=CreatedBy,Value=ec2-automate-backup Key=InstanceId,Value=i-8e7f5d36 Key=InstanceName,Value=uat_internetds_opsmon_app01 Key=PurgeAfterFE,Value=1487355006 Key=PurgeAllow,Value=true Key=Volume,Value=vol-86b1a139 Key=Created,Value=1484763006
INSTANCE i-aabd9012
INSTANCE NAME: test_epolicy_mail02
Tagging Snapshot snap-04744d9a1f879a2d5 with the following Tags: Key=CreatedBy,Value=ec2-automate-backup Key=InstanceId,Value=i-aabd9012 Key=InstanceName,Value=test_epolicy_mail02 Key=PurgeAfterFE,Value=1487355006 Key=PurgeAllow,Value=true Key=Volume,Value=vol-ac205e31 Key=Created,Value=1484763006
INSTANCE i-aabd9012
INSTANCE NAME: test_epolicy_mail02
Tagging Snapshot snap-080b5497455c5b3ba with the following Tags: Key=CreatedBy,Value=ec2-automate-backup Key=InstanceId,Value=i-aabd9012 Key=InstanceName,Value=test_epolicy_mail02 Key=PurgeAfterFE,Value=1487355006 Key=PurgeAllow,Value=true Key=Volume,Value=vol-dc205e41 Key=Created,Value=1484763006
INSTANCE i-95260a2d
INSTANCE NAME: dev_internetds_life_app01
Tagging Snapshot snap-0ba37372f5158cc7a with the following Tags: Key=CreatedBy,Value=ec2-automate-backup Key=InstanceId,Value=i-95260a2d Key=InstanceName,Value=dev_internetds_life_app01 Key=PurgeAfterFE,Value=1487355006 Key=PurgeAllow,Value=true Key=Volume,Value=vol-f6f58b6b Key=Created,Value=1484763006
INSTANCE i-95260a2d
INSTANCE NAME: dev_internetds_life_app01
Tagging Snapshot snap-0705800f4911ace7e with the following Tags: Key=CreatedBy,Value=ec2-automate-backup Key=InstanceId,Value=i-95260a2d Key=InstanceName,Value=dev_internetds_life_app01 Key=PurgeAfterFE,Value=1487355006 Key=PurgeAllow,Value=true Key=Volume,Value=vol-28f58bb5 Key=Created,Value=1484763006
INSTANCE i-f3ddf24b
INSTANCE NAME: uat_internetds_datax_app3
Tagging Snapshot snap-0d973ed9a1d226604 with the following Tags: Key=CreatedBy,Value=ec2-automate-backup Key=InstanceId,Value=i-f3ddf24b Key=InstanceName,Value=uat_internetds_datax_app3 Key=PurgeAfterFE,Value=1487355006 Key=PurgeAllow,Value=true Key=Volume,Value=vol-19394284 Key=Created,Value=1484763006
INSTANCE i-43ddf2fb
INSTANCE NAME: uat_internetds_datax_app4
Tagging Snapshot snap-0ab4e8ceb85518375 with the following Tags: Key=CreatedBy,Value=ec2-automate-backup Key=InstanceId,Value=i-43ddf2fb Key=InstanceName,Value=uat_internetds_datax_app4 Key=PurgeAfterFE,Value=1487355006 Key=PurgeAllow,Value=true Key=Volume,Value=vol-393942a4 Key=Created,Value=1484763006
INSTANCE i-f3ddf24b
INSTANCE NAME: uat_internetds_datax_app3
Tagging Snapshot snap-0311bf21217e16c07 with the following Tags: Key=CreatedBy,Value=ec2-automate-backup Key=InstanceId,Value=i-f3ddf24b Key=InstanceName,Value=uat_internetds_datax_app3 Key=PurgeAfterFE,Value=1487355006 Key=PurgeAllow,Value=true Key=Volume,Value=vol-503942cd Key=Created,Value=1484763006
INSTANCE i-43ddf2fb
INSTANCE NAME: uat_internetds_datax_app4
Tagging Snapshot snap-0d1e3d9d649245ab7 with the following Tags: Key=CreatedBy,Value=ec2-automate-backup Key=InstanceId,Value=i-43ddf2fb Key=InstanceName,Value=uat_internetds_datax_app4 Key=PurgeAfterFE,Value=1487355006 Key=PurgeAllow,Value=true Key=Volume,Value=vol-8038431d Key=Created,Value=1484763006
INSTANCE i-4b042af3
INSTANCE NAME: internetds_front_nginx02
Tagging Snapshot snap-05b7f6d8aae483dee with the following Tags: Key=CreatedBy,Value=ec2-automate-backup Key=InstanceId,Value=i-4b042af3 Key=InstanceName,Value=internetds_front_nginx02 Key=PurgeAfterFE,Value=1487355006 Key=PurgeAllow,Value=true Key=Volume,Value=vol-51215bcc Key=Created,Value=1484763006
INSTANCE i-da042a62
INSTANCE NAME: internetds_front_zkp_app02
Tagging Snapshot snap-0877b24bde379f474 with the following Tags: Key=CreatedBy,Value=ec2-automate-backup Key=InstanceId,Value=i-da042a62 Key=InstanceName,Value=internetds_front_zkp_app02 Key=PurgeAfterFE,Value=1487355006 Key=PurgeAllow,Value=true Key=Volume,Value=vol-7e215be3 Key=Created,Value=1484763006
INSTANCE i-4b042af3
INSTANCE NAME: internetds_front_nginx02
Tagging Snapshot snap-0df109f5c3a4aa113 with the following Tags: Key=CreatedBy,Value=ec2-automate-backup Key=InstanceId,Value=i-4b042af3 Key=InstanceName,Value=internetds_front_nginx02 Key=PurgeAfterFE,Value=1487355006 Key=PurgeAllow,Value=true Key=Volume,Value=vol-6c215bf1 Key=Created,Value=1484763006
INSTANCE i-c1042a79
INSTANCE NAME: internetds_front_mq_app02
Tagging Snapshot snap-0f16b65c10fd8ab77 with the following Tags: Key=CreatedBy,Value=ec2-automate-backup Key=InstanceId,Value=i-c1042a79 Key=InstanceName,Value=internetds_front_mq_app02 Key=PurgeAfterFE,Value=1487355006 Key=PurgeAllow,Value=true Key=Volume,Value=vol-dc265c41 Key=Created,Value=1484763006
INSTANCE i-c1042a79
INSTANCE NAME: internetds_front_mq_app02
Tagging Snapshot snap-06493d2c3ce5fdae8 with the following Tags: Key=CreatedBy,Value=ec2-automate-backup Key=InstanceId,Value=i-c1042a79 Key=InstanceName,Value=internetds_front_mq_app02 Key=PurgeAfterFE,Value=1487355006 Key=PurgeAllow,Value=true Key=Volume,Value=vol-df265c42 Key=Created,Value=1484763006
INSTANCE i-da042a62
INSTANCE NAME: internetds_front_zkp_app02
Tagging Snapshot snap-0e70f05ca28412e0e with the following Tags: Key=CreatedBy,Value=ec2-automate-backup Key=InstanceId,Value=i-da042a62 Key=InstanceName,Value=internetds_front_zkp_app02 Key=PurgeAfterFE,Value=1487355006 Key=PurgeAllow,Value=true Key=Volume,Value=vol-d4265c49 Key=Created,Value=1484763006
INSTANCE i-c5042a7d
INSTANCE NAME: internetds_front_dsjr_app02
Tagging Snapshot snap-0a5981081702f93b5 with the following Tags: Key=CreatedBy,Value=ec2-automate-backup Key=InstanceId,Value=i-c5042a7d Key=InstanceName,Value=internetds_front_dsjr_app02 Key=PurgeAfterFE,Value=1487355006 Key=PurgeAllow,Value=true Key=Volume,Value=vol-c7265c5a Key=Created,Value=1484763006
INSTANCE i-a9052b11
INSTANCE NAME: internetds_front_yyzc_app02
Tagging Snapshot snap-025c4057b2b2f8035 with the following Tags: Key=CreatedBy,Value=ec2-automate-backup Key=InstanceId,Value=i-a9052b11 Key=InstanceName,Value=internetds_front_yyzc_app02 Key=PurgeAfterFE,Value=1487355006 Key=PurgeAllow,Value=true Key=Volume,Value=vol-09265c94 Key=Created,Value=1484763006
INSTANCE i-c5042a7d
INSTANCE NAME: internetds_front_dsjr_app02
Tagging Snapshot snap-0942fc8e4ae0d4005 with the following Tags: Key=CreatedBy,Value=ec2-automate-backup Key=InstanceId,Value=i-c5042a7d Key=InstanceName,Value=internetds_front_dsjr_app02 Key=PurgeAfterFE,Value=1487355006 Key=PurgeAllow,Value=true Key=Volume,Value=vol-01265c9c Key=Created,Value=1484763006
INSTANCE 
INSTANCE NAME: 
Tagging Snapshot snap-0d303d0ad9e2db821 with the following Tags: Key=CreatedBy,Value=ec2-automate-backup Key=InstanceId,Value= Key=InstanceName,Value= Key=PurgeAfterFE,Value=1487355006 Key=PurgeAllow,Value=true Key=Volume,Value=vol-37265caa Key=Created,Value=1484763006
INSTANCE i-a9052b11
INSTANCE NAME: internetds_front_yyzc_app02
Tagging Snapshot snap-023ef5464d1625c47 with the following Tags: Key=CreatedBy,Value=ec2-automate-backup Key=InstanceId,Value=i-a9052b11 Key=InstanceName,Value=internetds_front_yyzc_app02 Key=PurgeAfterFE,Value=1487355006 Key=PurgeAllow,Value=true Key=Volume,Value=vol-46265cdb Key=Created,Value=1484763006
INSTANCE 
INSTANCE NAME: 
Tagging Snapshot snap-00853fec9f759df67 with the following Tags: Key=CreatedBy,Value=ec2-automate-backup Key=InstanceId,Value= Key=InstanceName,Value= Key=PurgeAfterFE,Value=1487355006 Key=PurgeAllow,Value=true Key=Volume,Value=vol-7e265ce3 Key=Created,Value=1484763006
INSTANCE 
INSTANCE NAME: 
Tagging Snapshot snap-0b9b24c98d47ee46b with the following Tags: Key=CreatedBy,Value=ec2-automate-backup Key=InstanceId,Value= Key=InstanceName,Value= Key=PurgeAfterFE,Value=1487355006 Key=PurgeAllow,Value=true Key=Volume,Value=vol-e1275d7c Key=Created,Value=1484763006
INSTANCE 
INSTANCE NAME: 
Tagging Snapshot snap-029ec3549a1ccb0a2 with the following Tags: Key=CreatedBy,Value=ec2-automate-backup Key=InstanceId,Value= Key=InstanceName,Value= Key=PurgeAfterFE,Value=1487355006 Key=PurgeAllow,Value=true Key=Volume,Value=vol-02275d9f Key=Created,Value=1484763006
INSTANCE i-aa032d12
INSTANCE NAME: internetds_opsmon_app02
Tagging Snapshot snap-05d1bda2c5346264e with the following Tags: Key=CreatedBy,Value=ec2-automate-backup Key=InstanceId,Value=i-aa032d12 Key=InstanceName,Value=internetds_opsmon_app02 Key=PurgeAfterFE,Value=1487355006 Key=PurgeAllow,Value=true Key=Volume,Value=vol-00255f9d Key=Created,Value=1484763006
INSTANCE i-aa032d12
INSTANCE NAME: internetds_opsmon_app02
Tagging Snapshot snap-0dd51b30f67eaab26 with the following Tags: Key=CreatedBy,Value=ec2-automate-backup Key=InstanceId,Value=i-aa032d12 Key=InstanceName,Value=internetds_opsmon_app02 Key=PurgeAfterFE,Value=1487355006 Key=PurgeAllow,Value=true Key=Volume,Value=vol-4e255fd3 Key=Created,Value=1484763006
INSTANCE i-64002edc
INSTANCE NAME: internetds_front_yyzc_app02
Tagging Snapshot snap-021ad91fb7d35e508 with the following Tags: Key=CreatedBy,Value=ec2-automate-backup Key=InstanceId,Value=i-64002edc Key=InstanceName,Value=internetds_front_yyzc_app02 Key=PurgeAfterFE,Value=1487355006 Key=PurgeAllow,Value=true Key=Volume,Value=vol-ae1b6133 Key=Created,Value=1484763006
INSTANCE i-6d002ed5
INSTANCE NAME: internetds_dmz_nginx02
Tagging Snapshot snap-0141b00e88f8196f5 with the following Tags: Key=CreatedBy,Value=ec2-automate-backup Key=InstanceId,Value=i-6d002ed5 Key=InstanceName,Value=internetds_dmz_nginx02 Key=PurgeAfterFE,Value=1487355006 Key=PurgeAllow,Value=true Key=Volume,Value=vol-da1b6147 Key=Created,Value=1484763006
INSTANCE i-6d002ed5
INSTANCE NAME: internetds_dmz_nginx02
Tagging Snapshot snap-0ade9e42305bca8eb with the following Tags: Key=CreatedBy,Value=ec2-automate-backup Key=InstanceId,Value=i-6d002ed5 Key=InstanceName,Value=internetds_dmz_nginx02 Key=PurgeAfterFE,Value=1487355006 Key=PurgeAllow,Value=true Key=Volume,Value=vol-f21b616f Key=Created,Value=1484763006
INSTANCE i-64002edc
INSTANCE NAME: internetds_front_yyzc_app02
Tagging Snapshot snap-00ec5a15efa89a436 with the following Tags: Key=CreatedBy,Value=ec2-automate-backup Key=InstanceId,Value=i-64002edc Key=InstanceName,Value=internetds_front_yyzc_app02 Key=PurgeAfterFE,Value=1487355006 Key=PurgeAllow,Value=true Key=Volume,Value=vol-181b6185 Key=Created,Value=1484763006
INSTANCE i-5a002ee2
INSTANCE NAME: internetds_nat02
Tagging Snapshot snap-0c13eeb9888db57a5 with the following Tags: Key=CreatedBy,Value=ec2-automate-backup Key=InstanceId,Value=i-5a002ee2 Key=InstanceName,Value=internetds_nat02 Key=PurgeAfterFE,Value=1487355006 Key=PurgeAllow,Value=true Key=Volume,Value=vol-7f1b61e2 Key=Created,Value=1484763006
INSTANCE i-79b59bc1
INSTANCE NAME: internetds_datax_app02
Tagging Snapshot snap-0ee2b81406eac1d7a with the following Tags: Key=CreatedBy,Value=ec2-automate-backup Key=InstanceId,Value=i-79b59bc1 Key=InstanceName,Value=internetds_datax_app02 Key=PurgeAfterFE,Value=1487355006 Key=PurgeAllow,Value=true Key=Volume,Value=vol-75f68ce8 Key=Created,Value=1484763006
INSTANCE i-7ab59bc2
INSTANCE NAME: internetds_datax_yc_app02
Tagging Snapshot snap-09bc13de35f13bf77 with the following Tags: Key=CreatedBy,Value=ec2-automate-backup Key=InstanceId,Value=i-7ab59bc2 Key=InstanceName,Value=internetds_datax_yc_app02 Key=PurgeAfterFE,Value=1487355006 Key=PurgeAllow,Value=true Key=Volume,Value=vol-74f68ce9 Key=Created,Value=1484763006
INSTANCE i-7ab59bc2
INSTANCE NAME: internetds_datax_yc_app02
Tagging Snapshot snap-05093a9d1888f7fbf with the following Tags: Key=CreatedBy,Value=ec2-automate-backup Key=InstanceId,Value=i-7ab59bc2 Key=InstanceName,Value=internetds_datax_yc_app02 Key=PurgeAfterFE,Value=1487355006 Key=PurgeAllow,Value=true Key=Volume,Value=vol-92f78d0f Key=Created,Value=1484763006
INSTANCE i-79b59bc1
INSTANCE NAME: internetds_datax_app02
Tagging Snapshot snap-01b2e810ded6de00e with the following Tags: Key=CreatedBy,Value=ec2-automate-backup Key=InstanceId,Value=i-79b59bc1 Key=InstanceName,Value=internetds_datax_app02 Key=PurgeAfterFE,Value=1487355006 Key=PurgeAllow,Value=true Key=Volume,Value=vol-a9f78d34 Key=Created,Value=1484763006
INSTANCE i-046148bc
INSTANCE NAME: internetds_epolicy_app03
Tagging Snapshot snap-0a1f7f561f24f8d75 with the following Tags: Key=CreatedBy,Value=ec2-automate-backup Key=InstanceId,Value=i-046148bc Key=InstanceName,Value=internetds_epolicy_app03 Key=PurgeAfterFE,Value=1487355006 Key=PurgeAllow,Value=true Key=Volume,Value=vol-bc165321 Key=Created,Value=1484763006
INSTANCE i-046148bc
INSTANCE NAME: internetds_epolicy_app03
Tagging Snapshot snap-0508614dd8751c7c8 with the following Tags: Key=CreatedBy,Value=ec2-automate-backup Key=InstanceId,Value=i-046148bc Key=InstanceName,Value=internetds_epolicy_app03 Key=PurgeAfterFE,Value=1487355006 Key=PurgeAllow,Value=true Key=Volume,Value=vol-db165346 Key=Created,Value=1484763006
INSTANCE i-056148bd
INSTANCE NAME: internetds_epolicy_app04
Tagging Snapshot snap-05029e56c63328dea with the following Tags: Key=CreatedBy,Value=ec2-automate-backup Key=InstanceId,Value=i-056148bd Key=InstanceName,Value=internetds_epolicy_app04 Key=PurgeAfterFE,Value=1487355006 Key=PurgeAllow,Value=true Key=Volume,Value=vol-fd165360 Key=Created,Value=1484763006
INSTANCE i-056148bd
INSTANCE NAME: internetds_epolicy_app04
Tagging Snapshot snap-042cccecf429ffd50 with the following Tags: Key=CreatedBy,Value=ec2-automate-backup Key=InstanceId,Value=i-056148bd Key=InstanceName,Value=internetds_epolicy_app04 Key=PurgeAfterFE,Value=1487355006 Key=PurgeAllow,Value=true Key=Volume,Value=vol-e4165379 Key=Created,Value=1484763006
INSTANCE i-51634ae9
INSTANCE NAME: internetds_dmz_email02
Tagging Snapshot snap-0a21fea20b30666e0 with the following Tags: Key=CreatedBy,Value=ec2-automate-backup Key=InstanceId,Value=i-51634ae9 Key=InstanceName,Value=internetds_dmz_email02 Key=PurgeAfterFE,Value=1487355006 Key=PurgeAllow,Value=true Key=Volume,Value=vol-b210552f Key=Created,Value=1484763006
INSTANCE i-51634ae9
INSTANCE NAME: internetds_dmz_email02
Tagging Snapshot snap-0e1cf55f18cb0de3f with the following Tags: Key=CreatedBy,Value=ec2-automate-backup Key=InstanceId,Value=i-51634ae9 Key=InstanceName,Value=internetds_dmz_email02 Key=PurgeAfterFE,Value=1487355006 Key=PurgeAllow,Value=true Key=Volume,Value=vol-d9105544 Key=Created,Value=1484763006
INSTANCE i-e298b05a
INSTANCE NAME: internetds_epolicy_app07
Tagging Snapshot snap-0902d5079f44d7680 with the following Tags: Key=CreatedBy,Value=ec2-automate-backup Key=InstanceId,Value=i-e298b05a Key=InstanceName,Value=internetds_epolicy_app07 Key=PurgeAfterFE,Value=1487355006 Key=PurgeAllow,Value=true Key=Volume,Value=vol-17e8af8a Key=Created,Value=1484763006
INSTANCE i-e398b05b
INSTANCE NAME: internetds_epolicy_app08
Tagging Snapshot snap-045c34bf924377666 with the following Tags: Key=CreatedBy,Value=ec2-automate-backup Key=InstanceId,Value=i-e398b05b Key=InstanceName,Value=internetds_epolicy_app08 Key=PurgeAfterFE,Value=1487355006 Key=PurgeAllow,Value=true Key=Volume,Value=vol-16e8af8b Key=Created,Value=1484763006
INSTANCE i-e398b05b
INSTANCE NAME: internetds_epolicy_app08
Tagging Snapshot snap-09b3765f354ce637b with the following Tags: Key=CreatedBy,Value=ec2-automate-backup Key=InstanceId,Value=i-e398b05b Key=InstanceName,Value=internetds_epolicy_app08 Key=PurgeAfterFE,Value=1487355006 Key=PurgeAllow,Value=true Key=Volume,Value=vol-11e8af8c Key=Created,Value=1484763006
INSTANCE i-e298b05a
INSTANCE NAME: internetds_epolicy_app07
Tagging Snapshot snap-06a57f43b8020d22a with the following Tags: Key=CreatedBy,Value=ec2-automate-backup Key=InstanceId,Value=i-e298b05a Key=InstanceName,Value=internetds_epolicy_app07 Key=PurgeAfterFE,Value=1487355006 Key=PurgeAllow,Value=true Key=Volume,Value=vol-34e8afa9 Key=Created,Value=1484763006
INSTANCE i-1b012aa3
INSTANCE NAME: yc_internetds_front_dsjr_app02
Tagging Snapshot snap-08c2275fddcb4f768 with the following Tags: Key=CreatedBy,Value=ec2-automate-backup Key=InstanceId,Value=i-1b012aa3 Key=InstanceName,Value=yc_internetds_front_dsjr_app02 Key=PurgeAfterFE,Value=1487355006 Key=PurgeAllow,Value=true Key=Volume,Value=vol-eea1e773 Key=Created,Value=1484763006
INSTANCE i-1b012aa3
INSTANCE NAME: yc_internetds_front_dsjr_app02
Tagging Snapshot snap-015f0f83d05abc77d with the following Tags: Key=CreatedBy,Value=ec2-automate-backup Key=InstanceId,Value=i-1b012aa3 Key=InstanceName,Value=yc_internetds_front_dsjr_app02 Key=PurgeAfterFE,Value=1487355006 Key=PurgeAllow,Value=true Key=Volume,Value=vol-e9a1e774 Key=Created,Value=1484763006
INSTANCE i-20002b98
INSTANCE NAME: yc_internetds_life_xqyhb_app02
Tagging Snapshot snap-07ae09230880aef64 with the following Tags: Key=CreatedBy,Value=ec2-automate-backup Key=InstanceId,Value=i-20002b98 Key=InstanceName,Value=yc_internetds_life_xqyhb_app02 Key=PurgeAfterFE,Value=1487355006 Key=PurgeAllow,Value=true Key=Volume,Value=vol-e7a1e77a Key=Created,Value=1484763006
INSTANCE i-20002b98
INSTANCE NAME: yc_internetds_life_xqyhb_app02
Tagging Snapshot snap-03ff4366ae10dcb19 with the following Tags: Key=CreatedBy,Value=ec2-automate-backup Key=InstanceId,Value=i-20002b98 Key=InstanceName,Value=yc_internetds_life_xqyhb_app02 Key=PurgeAfterFE,Value=1487355006 Key=PurgeAllow,Value=true Key=Volume,Value=vol-07a1e79a Key=Created,Value=1484763006
INSTANCE i-70002bc8
INSTANCE NAME: yc_internetds_life_bdgl_app02
Tagging Snapshot snap-05da99edc3f76bb74 with the following Tags: Key=CreatedBy,Value=ec2-automate-backup Key=InstanceId,Value=i-70002bc8 Key=InstanceName,Value=yc_internetds_life_bdgl_app02 Key=PurgeAfterFE,Value=1487355006 Key=PurgeAllow,Value=true Key=Volume,Value=vol-00a1e79d Key=Created,Value=1484763006
INSTANCE i-14002bac
INSTANCE NAME: yc_internetds_life_jsyq_app02
Tagging Snapshot snap-0b52ac5a415977d02 with the following Tags: Key=CreatedBy,Value=ec2-automate-backup Key=InstanceId,Value=i-14002bac Key=InstanceName,Value=yc_internetds_life_jsyq_app02 Key=PurgeAfterFE,Value=1487355006 Key=PurgeAllow,Value=true Key=Volume,Value=vol-02a1e79f Key=Created,Value=1484763006
INSTANCE i-70002bc8
INSTANCE NAME: yc_internetds_life_bdgl_app02
Tagging Snapshot snap-09e347a49eea149e3 with the following Tags: Key=CreatedBy,Value=ec2-automate-backup Key=InstanceId,Value=i-70002bc8 Key=InstanceName,Value=yc_internetds_life_bdgl_app02 Key=PurgeAfterFE,Value=1487355006 Key=PurgeAllow,Value=true Key=Volume,Value=vol-2fa1e7b2 Key=Created,Value=1484763006
INSTANCE i-11002ba9
INSTANCE NAME: yc_internetds_front_zkp_app02
Tagging Snapshot snap-036ecd86bf3d4badf with the following Tags: Key=CreatedBy,Value=ec2-automate-backup Key=InstanceId,Value=i-11002ba9 Key=InstanceName,Value=yc_internetds_front_zkp_app02 Key=PurgeAfterFE,Value=1487355006 Key=PurgeAllow,Value=true Key=Volume,Value=vol-5ca1e7c1 Key=Created,Value=1484763006
INSTANCE i-14002bac
INSTANCE NAME: yc_internetds_life_jsyq_app02
Tagging Snapshot snap-09aff6aedef428e9e with the following Tags: Key=CreatedBy,Value=ec2-automate-backup Key=InstanceId,Value=i-14002bac Key=InstanceName,Value=yc_internetds_life_jsyq_app02 Key=PurgeAfterFE,Value=1487355006 Key=PurgeAllow,Value=true Key=Volume,Value=vol-47a1e7da Key=Created,Value=1484763006
INSTANCE i-11002ba9
INSTANCE NAME: yc_internetds_front_zkp_app02
Tagging Snapshot snap-0bc671ff1bc9abd57 with the following Tags: Key=CreatedBy,Value=ec2-automate-backup Key=InstanceId,Value=i-11002ba9 Key=InstanceName,Value=yc_internetds_front_zkp_app02 Key=PurgeAfterFE,Value=1487355006 Key=PurgeAllow,Value=true Key=Volume,Value=vol-bfaee822 Key=Created,Value=1484763006
INSTANCE i-67002bdf
INSTANCE NAME: yc_internetds_front_mq_app02
Tagging Snapshot snap-04c17108cb3488639 with the following Tags: Key=CreatedBy,Value=ec2-automate-backup Key=InstanceId,Value=i-67002bdf Key=InstanceName,Value=yc_internetds_front_mq_app02 Key=PurgeAfterFE,Value=1487355006 Key=PurgeAllow,Value=true Key=Volume,Value=vol-e2aee87f Key=Created,Value=1484763006
INSTANCE i-67002bdf
INSTANCE NAME: yc_internetds_front_mq_app02
Tagging Snapshot snap-049fe81ba2c9b29b9 with the following Tags: Key=CreatedBy,Value=ec2-automate-backup Key=InstanceId,Value=i-67002bdf Key=InstanceName,Value=yc_internetds_front_mq_app02 Key=PurgeAfterFE,Value=1487355006 Key=PurgeAllow,Value=true Key=Volume,Value=vol-72aee8ef Key=Created,Value=1484763006
INSTANCE i-b61a2e0e
INSTANCE NAME: internetds_life_bq_app02
Tagging Snapshot snap-03ce2ed65ffa111f8 with the following Tags: Key=CreatedBy,Value=ec2-automate-backup Key=InstanceId,Value=i-b61a2e0e Key=InstanceName,Value=internetds_life_bq_app02 Key=PurgeAfterFE,Value=1487355006 Key=PurgeAllow,Value=true Key=Volume,Value=vol-b93a7824 Key=Created,Value=1484763006
INSTANCE i-741a2ecc
INSTANCE NAME: internetds_life_xqyhb_app02
Tagging Snapshot snap-042f172e3d587004b with the following Tags: Key=CreatedBy,Value=ec2-automate-backup Key=InstanceId,Value=i-741a2ecc Key=InstanceName,Value=internetds_life_xqyhb_app02 Key=PurgeAfterFE,Value=1487355006 Key=PurgeAllow,Value=true Key=Volume,Value=vol-d63a784b Key=Created,Value=1484763006
INSTANCE i-741a2ecc
INSTANCE NAME: internetds_life_xqyhb_app02
Tagging Snapshot snap-073160ce60a7ca553 with the following Tags: Key=CreatedBy,Value=ec2-automate-backup Key=InstanceId,Value=i-741a2ecc Key=InstanceName,Value=internetds_life_xqyhb_app02 Key=PurgeAfterFE,Value=1487355006 Key=PurgeAllow,Value=true Key=Volume,Value=vol-1b3a7886 Key=Created,Value=1484763006
INSTANCE i-731a2ecb
INSTANCE NAME: internetds_life_bdgl_app02
Tagging Snapshot snap-06e9a2359d76cfce2 with the following Tags: Key=CreatedBy,Value=ec2-automate-backup Key=InstanceId,Value=i-731a2ecb Key=InstanceName,Value=internetds_life_bdgl_app02 Key=PurgeAfterFE,Value=1487355006 Key=PurgeAllow,Value=true Key=Volume,Value=vol-353a78a8 Key=Created,Value=1484763006
INSTANCE i-4b1a2ef3
INSTANCE NAME: internetds_life_jsyq_app02
Tagging Snapshot snap-082b7ae6911a151d6 with the following Tags: Key=CreatedBy,Value=ec2-automate-backup Key=InstanceId,Value=i-4b1a2ef3 Key=InstanceName,Value=internetds_life_jsyq_app02 Key=PurgeAfterFE,Value=1487355006 Key=PurgeAllow,Value=true Key=Volume,Value=vol-2d3a78b0 Key=Created,Value=1484763006
INSTANCE i-731a2ecb
INSTANCE NAME: internetds_life_bdgl_app02
Tagging Snapshot snap-0c3a08c9bd5b82cc2 with the following Tags: Key=CreatedBy,Value=ec2-automate-backup Key=InstanceId,Value=i-731a2ecb Key=InstanceName,Value=internetds_life_bdgl_app02 Key=PurgeAfterFE,Value=1487355006 Key=PurgeAllow,Value=true Key=Volume,Value=vol-2e3a78b3 Key=Created,Value=1484763006
INSTANCE i-b61a2e0e
INSTANCE NAME: internetds_life_bq_app02
Tagging Snapshot snap-04b78140b8ebc7e69 with the following Tags: Key=CreatedBy,Value=ec2-automate-backup Key=InstanceId,Value=i-b61a2e0e Key=InstanceName,Value=internetds_life_bq_app02 Key=PurgeAfterFE,Value=1487355006 Key=PurgeAllow,Value=true Key=Volume,Value=vol-583a78c5 Key=Created,Value=1484763006
INSTANCE i-4b1a2ef3
INSTANCE NAME: internetds_life_jsyq_app02
Tagging Snapshot snap-0c9e4f329d0e6d999 with the following Tags: Key=CreatedBy,Value=ec2-automate-backup Key=InstanceId,Value=i-4b1a2ef3 Key=InstanceName,Value=internetds_life_jsyq_app02 Key=PurgeAfterFE,Value=1487355006 Key=PurgeAllow,Value=true Key=Volume,Value=vol-973b790a Key=Created,Value=1484763006
INSTANCE i-6b81b0d3
INSTANCE NAME: mgmt-bastion02
Tagging Snapshot snap-0425748eee339038a with the following Tags: Key=CreatedBy,Value=ec2-automate-backup Key=InstanceId,Value=i-6b81b0d3 Key=InstanceName,Value=mgmt-bastion02 Key=PurgeAfterFE,Value=1487355006 Key=PurgeAllow,Value=true Key=Volume,Value=vol-22e6a8bf Key=Created,Value=1484763006
INSTANCE i-6b81b0d3
INSTANCE NAME: mgmt-bastion02
Tagging Snapshot snap-0741c8c3d053cecde with the following Tags: Key=CreatedBy,Value=ec2-automate-backup Key=InstanceId,Value=i-6b81b0d3 Key=InstanceName,Value=mgmt-bastion02 Key=PurgeAfterFE,Value=1487355006 Key=PurgeAllow,Value=true Key=Volume,Value=vol-b6e7a92b Key=Created,Value=1484763006
INSTANCE i-5c9eade4
INSTANCE NAME: internetds_opsmon_DB02
Tagging Snapshot snap-0cee3208214f4b03e with the following Tags: Key=CreatedBy,Value=ec2-automate-backup Key=InstanceId,Value=i-5c9eade4 Key=InstanceName,Value=internetds_opsmon_DB02 Key=PurgeAfterFE,Value=1487355006 Key=PurgeAllow,Value=true Key=Volume,Value=vol-ad357e30 Key=Created,Value=1484763006
INSTANCE i-5c9eade4
INSTANCE NAME: internetds_opsmon_DB02
Tagging Snapshot snap-0548b65472cef37d5 with the following Tags: Key=CreatedBy,Value=ec2-automate-backup Key=InstanceId,Value=i-5c9eade4 Key=InstanceName,Value=internetds_opsmon_DB02 Key=PurgeAfterFE,Value=1487355006 Key=PurgeAllow,Value=true Key=Volume,Value=vol-f7357e6a Key=Created,Value=1484763006
INSTANCE 
INSTANCE NAME: 
Tagging Snapshot snap-0b8a4b46e4ce20ef7 with the following Tags: Key=CreatedBy,Value=ec2-automate-backup Key=InstanceId,Value= Key=InstanceName,Value= Key=PurgeAfterFE,Value=1487355006 Key=PurgeAllow,Value=true Key=Volume,Value=vol-0891462086eaa89f8 Key=Created,Value=1484763006
INSTANCE i-0cefdd7cafc053535
INSTANCE NAME: yc_internetds_epolicy_gzyq_app02
Tagging Snapshot snap-0cc439f944a80a8ff with the following Tags: Key=CreatedBy,Value=ec2-automate-backup Key=InstanceId,Value=i-0cefdd7cafc053535 Key=InstanceName,Value=yc_internetds_epolicy_gzyq_app02 Key=PurgeAfterFE,Value=1487355006 Key=PurgeAllow,Value=true Key=Volume,Value=vol-06c3758f745911e86 Key=Created,Value=1484763006
INSTANCE i-0cefdd7cafc053535
INSTANCE NAME: yc_internetds_epolicy_gzyq_app02
Tagging Snapshot snap-041e8de14cc2954c9 with the following Tags: Key=CreatedBy,Value=ec2-automate-backup Key=InstanceId,Value=i-0cefdd7cafc053535 Key=InstanceName,Value=yc_internetds_epolicy_gzyq_app02 Key=PurgeAfterFE,Value=1487355006 Key=PurgeAllow,Value=true Key=Volume,Value=vol-073605c674a0a5e3c Key=Created,Value=1484763006
INSTANCE i-08a66e608f46d4333
INSTANCE NAME: yc_internetds_epolicy_gzyq_db02
Tagging Snapshot snap-06811fc0a803e3157 with the following Tags: Key=CreatedBy,Value=ec2-automate-backup Key=InstanceId,Value=i-08a66e608f46d4333 Key=InstanceName,Value=yc_internetds_epolicy_gzyq_db02 Key=PurgeAfterFE,Value=1487355006 Key=PurgeAllow,Value=true Key=Volume,Value=vol-07222518f1b2c1ebc Key=Created,Value=1484763006
INSTANCE i-08a66e608f46d4333
INSTANCE NAME: yc_internetds_epolicy_gzyq_db02
Tagging Snapshot snap-068525c8bdfd993a2 with the following Tags: Key=CreatedBy,Value=ec2-automate-backup Key=InstanceId,Value=i-08a66e608f46d4333 Key=InstanceName,Value=yc_internetds_epolicy_gzyq_db02 Key=PurgeAfterFE,Value=1487355006 Key=PurgeAllow,Value=true Key=Volume,Value=vol-0ef51dede315e45b7 Key=Created,Value=1484763006
INSTANCE 
INSTANCE NAME: 
Tagging Snapshot snap-057bed8f7e2dc8012 with the following Tags: Key=CreatedBy,Value=ec2-automate-backup Key=InstanceId,Value= Key=InstanceName,Value= Key=PurgeAfterFE,Value=1487355006 Key=PurgeAllow,Value=true Key=Volume,Value=vol-5e4e6ddb Key=Created,Value=1484763006
INSTANCE 
INSTANCE NAME: 
Tagging Snapshot snap-066a4edd6ceb2ecd8 with the following Tags: Key=CreatedBy,Value=ec2-automate-backup Key=InstanceId,Value= Key=InstanceName,Value= Key=PurgeAfterFE,Value=1487355006 Key=PurgeAllow,Value=true Key=Volume,Value=vol-6d4e6de8 Key=Created,Value=1484763006
INSTANCE i-6b340753
INSTANCE NAME: test_internetds_nat01
Tagging Snapshot snap-0739072cd739f6be7 with the following Tags: Key=CreatedBy,Value=ec2-automate-backup Key=InstanceId,Value=i-6b340753 Key=InstanceName,Value=test_internetds_nat01 Key=PurgeAfterFE,Value=1487355006 Key=PurgeAllow,Value=true Key=Volume,Value=vol-55a18cd0 Key=Created,Value=1484763006
INSTANCE i-fe2516c6
INSTANCE NAME: uat_internetds_front_app02
Tagging Snapshot snap-0fd7bc0447f9b7fe9 with the following Tags: Key=CreatedBy,Value=ec2-automate-backup Key=InstanceId,Value=i-fe2516c6 Key=InstanceName,Value=uat_internetds_front_app02 Key=PurgeAfterFE,Value=1487355006 Key=PurgeAllow,Value=true Key=Volume,Value=vol-c88da04d Key=Created,Value=1484763006
INSTANCE i-fe2516c6
INSTANCE NAME: uat_internetds_front_app02
Tagging Snapshot snap-06d9d85b4a1074651 with the following Tags: Key=CreatedBy,Value=ec2-automate-backup Key=InstanceId,Value=i-fe2516c6 Key=InstanceName,Value=uat_internetds_front_app02 Key=PurgeAfterFE,Value=1487355006 Key=PurgeAllow,Value=true Key=Volume,Value=vol-0b8da08e Key=Created,Value=1484763006
INSTANCE i-ae241796
INSTANCE NAME: uat_internetds_health_app02
Tagging Snapshot snap-0033972578d62f098 with the following Tags: Key=CreatedBy,Value=ec2-automate-backup Key=InstanceId,Value=i-ae241796 Key=InstanceName,Value=uat_internetds_health_app02 Key=PurgeAfterFE,Value=1487355006 Key=PurgeAllow,Value=true Key=Volume,Value=vol-218da0a4 Key=Created,Value=1484763006
INSTANCE i-ae241796
INSTANCE NAME: uat_internetds_health_app02
Tagging Snapshot snap-08679823687839c98 with the following Tags: Key=CreatedBy,Value=ec2-automate-backup Key=InstanceId,Value=i-ae241796 Key=InstanceName,Value=uat_internetds_health_app02 Key=PurgeAfterFE,Value=1487355006 Key=PurgeAllow,Value=true Key=Volume,Value=vol-818ca104 Key=Created,Value=1484763006
INSTANCE i-d82516e0
INSTANCE NAME: dev_internetds_epolicy_app01
Tagging Snapshot snap-0199fe14fbc9e0017 with the following Tags: Key=CreatedBy,Value=ec2-automate-backup Key=InstanceId,Value=i-d82516e0 Key=InstanceName,Value=dev_internetds_epolicy_app01 Key=PurgeAfterFE,Value=1487355006 Key=PurgeAllow,Value=true Key=Volume,Value=vol-838ca106 Key=Created,Value=1484763006
INSTANCE i-ab251693
INSTANCE NAME: uat_internetds_opsmon_app02
Tagging Snapshot snap-0ff6338f89c8fa823 with the following Tags: Key=CreatedBy,Value=ec2-automate-backup Key=InstanceId,Value=i-ab251693 Key=InstanceName,Value=uat_internetds_opsmon_app02 Key=PurgeAfterFE,Value=1487355006 Key=PurgeAllow,Value=true Key=Volume,Value=vol-998ca11c Key=Created,Value=1484763006
INSTANCE i-ba241782
INSTANCE NAME: uat_internetds_mid02
Tagging Snapshot snap-096c0f5e295a24c09 with the following Tags: Key=CreatedBy,Value=ec2-automate-backup Key=InstanceId,Value=i-ba241782 Key=InstanceName,Value=uat_internetds_mid02 Key=PurgeAfterFE,Value=1487355006 Key=PurgeAllow,Value=true Key=Volume,Value=vol-ea8ca16f Key=Created,Value=1484763006
INSTANCE i-ae251696
INSTANCE NAME: sim_internetds_epolicy_app01
Tagging Snapshot snap-078074b7b30c61e30 with the following Tags: Key=CreatedBy,Value=ec2-automate-backup Key=InstanceId,Value=i-ae251696 Key=InstanceName,Value=sim_internetds_epolicy_app01 Key=PurgeAfterFE,Value=1487355006 Key=PurgeAllow,Value=true Key=Volume,Value=vol-0d8ca188 Key=Created,Value=1484763006
INSTANCE i-d92516e1
INSTANCE NAME: dat_internetds_epolicy_app01
Tagging Snapshot snap-0b5509c771f45c842 with the following Tags: Key=CreatedBy,Value=ec2-automate-backup Key=InstanceId,Value=i-d92516e1 Key=InstanceName,Value=dat_internetds_epolicy_app01 Key=PurgeAfterFE,Value=1487355006 Key=PurgeAllow,Value=true Key=Volume,Value=vol-0c8ca189 Key=Created,Value=1484763006
INSTANCE i-ab251693
INSTANCE NAME: uat_internetds_opsmon_app02
Tagging Snapshot snap-0fac4214db6a3be63 with the following Tags: Key=CreatedBy,Value=ec2-automate-backup Key=InstanceId,Value=i-ab251693 Key=InstanceName,Value=uat_internetds_opsmon_app02 Key=PurgeAfterFE,Value=1487355006 Key=PurgeAllow,Value=true Key=Volume,Value=vol-098ca18c Key=Created,Value=1484763006
INSTANCE i-af251697
INSTANCE NAME: uat_internetds_epolicy_app01
Tagging Snapshot snap-04174e7cbfe94b6a3 with the following Tags: Key=CreatedBy,Value=ec2-automate-backup Key=InstanceId,Value=i-af251697 Key=InstanceName,Value=uat_internetds_epolicy_app01 Key=PurgeAfterFE,Value=1487355006 Key=PurgeAllow,Value=true Key=Volume,Value=vol-1c8ca199 Key=Created,Value=1484763006
INSTANCE i-ba241782
INSTANCE NAME: uat_internetds_mid02
Tagging Snapshot snap-00a2f90edea8f2897 with the following Tags: Key=CreatedBy,Value=ec2-automate-backup Key=InstanceId,Value=i-ba241782 Key=InstanceName,Value=uat_internetds_mid02 Key=PurgeAfterFE,Value=1487355006 Key=PurgeAllow,Value=true Key=Volume,Value=vol-348ca1b1 Key=Created,Value=1484763006
INSTANCE i-00241738
INSTANCE NAME: uat_internetds_life_app01
Tagging Snapshot snap-09cdb32a22d1c2b2b with the following Tags: Key=CreatedBy,Value=ec2-automate-backup Key=InstanceId,Value=i-00241738 Key=InstanceName,Value=uat_internetds_life_app01 Key=PurgeAfterFE,Value=1487355006 Key=PurgeAllow,Value=true Key=Volume,Value=vol-dc8fa259 Key=Created,Value=1484763006
INSTANCE i-00241738
INSTANCE NAME: uat_internetds_life_app01
Tagging Snapshot snap-091cb2be143537359 with the following Tags: Key=CreatedBy,Value=ec2-automate-backup Key=InstanceId,Value=i-00241738 Key=InstanceName,Value=uat_internetds_life_app01 Key=PurgeAfterFE,Value=1487355006 Key=PurgeAllow,Value=true Key=Volume,Value=vol-e78fa262 Key=Created,Value=1484763006
INSTANCE i-2e281b16
INSTANCE NAME: dev_internetds_front_app01
Tagging Snapshot snap-0d5b76447e4d211c6 with the following Tags: Key=CreatedBy,Value=ec2-automate-backup Key=InstanceId,Value=i-2e281b16 Key=InstanceName,Value=dev_internetds_front_app01 Key=PurgeAfterFE,Value=1487355006 Key=PurgeAllow,Value=true Key=Volume,Value=vol-4c84a9c9 Key=Created,Value=1484763006
INSTANCE i-2e281b16
INSTANCE NAME: dev_internetds_front_app01
Tagging Snapshot snap-01e9b398de2cbb879 with the following Tags: Key=CreatedBy,Value=ec2-automate-backup Key=InstanceId,Value=i-2e281b16 Key=InstanceName,Value=dev_internetds_front_app01 Key=PurgeAfterFE,Value=1487355006 Key=PurgeAllow,Value=true Key=Volume,Value=vol-cd87aa48 Key=Created,Value=1484763006
INSTANCE i-08281b30
INSTANCE NAME: dev_internetds_life_app01
Tagging Snapshot snap-0288d937fbc0dbc1b with the following Tags: Key=CreatedBy,Value=ec2-automate-backup Key=InstanceId,Value=i-08281b30 Key=InstanceName,Value=dev_internetds_life_app01 Key=PurgeAfterFE,Value=1487355006 Key=PurgeAllow,Value=true Key=Volume,Value=vol-5287aad7 Key=Created,Value=1484763006
INSTANCE i-08281b30
INSTANCE NAME: dev_internetds_life_app01
Tagging Snapshot snap-063e99394fde79df2 with the following Tags: Key=CreatedBy,Value=ec2-automate-backup Key=InstanceId,Value=i-08281b30 Key=InstanceName,Value=dev_internetds_life_app01 Key=PurgeAfterFE,Value=1487355006 Key=PurgeAllow,Value=true Key=Volume,Value=vol-a486ab21 Key=Created,Value=1484763006
INSTANCE i-05281b3d
INSTANCE NAME: dev_internetds_health_app01
Tagging Snapshot snap-0d8175f578cc6dde2 with the following Tags: Key=CreatedBy,Value=ec2-automate-backup Key=InstanceId,Value=i-05281b3d Key=InstanceName,Value=dev_internetds_health_app01 Key=PurgeAfterFE,Value=1487355006 Key=PurgeAllow,Value=true Key=Volume,Value=vol-3486abb1 Key=Created,Value=1484763006
INSTANCE i-c4281bfc
INSTANCE NAME: dev_internetds_opsmon_app01
Tagging Snapshot snap-04428a055b88c421f with the following Tags: Key=CreatedBy,Value=ec2-automate-backup Key=InstanceId,Value=i-c4281bfc Key=InstanceName,Value=dev_internetds_opsmon_app01 Key=PurgeAfterFE,Value=1487355006 Key=PurgeAllow,Value=true Key=Volume,Value=vol-7286abf7 Key=Created,Value=1484763006
INSTANCE i-05281b3d
INSTANCE NAME: dev_internetds_health_app01
Tagging Snapshot snap-067bc90e4319cd722 with the following Tags: Key=CreatedBy,Value=ec2-automate-backup Key=InstanceId,Value=i-05281b3d Key=InstanceName,Value=dev_internetds_health_app01 Key=PurgeAfterFE,Value=1487355006 Key=PurgeAllow,Value=true Key=Volume,Value=vol-8581ac00 Key=Created,Value=1484763006
INSTANCE i-c4281bfc
INSTANCE NAME: dev_internetds_opsmon_app01
Tagging Snapshot snap-00f70cc055d118ea8 with the following Tags: Key=CreatedBy,Value=ec2-automate-backup Key=InstanceId,Value=i-c4281bfc Key=InstanceName,Value=dev_internetds_opsmon_app01 Key=PurgeAfterFE,Value=1487355006 Key=PurgeAllow,Value=true Key=Volume,Value=vol-9581ac10 Key=Created,Value=1484763006
INSTANCE i-392d1e01
INSTANCE NAME: dev_internetds_mid01
Tagging Snapshot snap-055e47ca8e53a437b with the following Tags: Key=CreatedBy,Value=ec2-automate-backup Key=InstanceId,Value=i-392d1e01 Key=InstanceName,Value=dev_internetds_mid01 Key=PurgeAfterFE,Value=1487355006 Key=PurgeAllow,Value=true Key=Volume,Value=vol-a29db027 Key=Created,Value=1484763006
INSTANCE i-392d1e01
INSTANCE NAME: dev_internetds_mid01
Tagging Snapshot snap-085643adaf8722d67 with the following Tags: Key=CreatedBy,Value=ec2-automate-backup Key=InstanceId,Value=i-392d1e01 Key=InstanceName,Value=dev_internetds_mid01 Key=PurgeAfterFE,Value=1487355006 Key=PurgeAllow,Value=true Key=Volume,Value=vol-ce9db04b Key=Created,Value=1484763006
INSTANCE i-322d1e0a
INSTANCE NAME: dev_internetds_datax_app01
Tagging Snapshot snap-05c55ef4e2fea6edb with the following Tags: Key=CreatedBy,Value=ec2-automate-backup Key=InstanceId,Value=i-322d1e0a Key=InstanceName,Value=dev_internetds_datax_app01 Key=PurgeAfterFE,Value=1487355006 Key=PurgeAllow,Value=true Key=Volume,Value=vol-f19db074 Key=Created,Value=1484763006
INSTANCE i-322d1e0a
INSTANCE NAME: dev_internetds_datax_app01
Tagging Snapshot snap-0640f7ea6d2e13421 with the following Tags: Key=CreatedBy,Value=ec2-automate-backup Key=InstanceId,Value=i-322d1e0a Key=InstanceName,Value=dev_internetds_datax_app01 Key=PurgeAfterFE,Value=1487355006 Key=PurgeAllow,Value=true Key=Volume,Value=vol-2a9db0af Key=Created,Value=1484763006
INSTANCE i-062d1e3e
INSTANCE NAME: uat_internetds_datax_app02
Tagging Snapshot snap-0682e8bef3273c8f2 with the following Tags: Key=CreatedBy,Value=ec2-automate-backup Key=InstanceId,Value=i-062d1e3e Key=InstanceName,Value=uat_internetds_datax_app02 Key=PurgeAfterFE,Value=1487355006 Key=PurgeAllow,Value=true Key=Volume,Value=vol-729db0f7 Key=Created,Value=1484763006
INSTANCE i-062d1e3e
INSTANCE NAME: uat_internetds_datax_app02
Tagging Snapshot snap-05d41017ef29480e1 with the following Tags: Key=CreatedBy,Value=ec2-automate-backup Key=InstanceId,Value=i-062d1e3e Key=InstanceName,Value=uat_internetds_datax_app02 Key=PurgeAfterFE,Value=1487355006 Key=PurgeAllow,Value=true Key=Volume,Value=vol-d79cb152 Key=Created,Value=1484763006
INSTANCE i-04330e3c
INSTANCE NAME: test_epolicy_mail01
Tagging Snapshot snap-04d06664d0eb51611 with the following Tags: Key=CreatedBy,Value=ec2-automate-backup Key=InstanceId,Value=i-04330e3c Key=InstanceName,Value=test_epolicy_mail01 Key=PurgeAfterFE,Value=1487355006 Key=PurgeAllow,Value=true Key=Volume,Value=vol-f0567f75 Key=Created,Value=1484763006
INSTANCE i-04330e3c
INSTANCE NAME: test_epolicy_mail01
Tagging Snapshot snap-0e6a049bf2ada22ec with the following Tags: Key=CreatedBy,Value=ec2-automate-backup Key=InstanceId,Value=i-04330e3c Key=InstanceName,Value=test_epolicy_mail01 Key=PurgeAfterFE,Value=1487355006 Key=PurgeAllow,Value=true Key=Volume,Value=vol-74567ff1 Key=Created,Value=1484763006
INSTANCE i-1eb28f26
INSTANCE NAME: uat_internetds_datax_app1
Tagging Snapshot snap-0ae3b057df4c4ffc4 with the following Tags: Key=CreatedBy,Value=ec2-automate-backup Key=InstanceId,Value=i-1eb28f26 Key=InstanceName,Value=uat_internetds_datax_app1 Key=PurgeAfterFE,Value=1487355006 Key=PurgeAllow,Value=true Key=Volume,Value=vol-41644cc4 Key=Created,Value=1484763006
INSTANCE i-1eb28f26
INSTANCE NAME: uat_internetds_datax_app1
Tagging Snapshot snap-0fb68db60305a4aa7 with the following Tags: Key=CreatedBy,Value=ec2-automate-backup Key=InstanceId,Value=i-1eb28f26 Key=InstanceName,Value=uat_internetds_datax_app1 Key=PurgeAfterFE,Value=1487355006 Key=PurgeAllow,Value=true Key=Volume,Value=vol-ab654d2e Key=Created,Value=1484763006
INSTANCE i-d1a598e9
INSTANCE NAME: dev_internetds_datax_app03
Tagging Snapshot snap-0e059d6ab127d092b with the following Tags: Key=CreatedBy,Value=ec2-automate-backup Key=InstanceId,Value=i-d1a598e9 Key=InstanceName,Value=dev_internetds_datax_app03 Key=PurgeAfterFE,Value=1487355006 Key=PurgeAllow,Value=true Key=Volume,Value=vol-13745c96 Key=Created,Value=1484763006
INSTANCE i-d1a598e9
INSTANCE NAME: dev_internetds_datax_app03
Tagging Snapshot snap-0af8496a6356e04ee with the following Tags: Key=CreatedBy,Value=ec2-automate-backup Key=InstanceId,Value=i-d1a598e9 Key=InstanceName,Value=dev_internetds_datax_app03 Key=PurgeAfterFE,Value=1487355006 Key=PurgeAllow,Value=true Key=Volume,Value=vol-50745cd5 Key=Created,Value=1484763006
INSTANCE i-8099a6b8
INSTANCE NAME: internetds_dmz_nginx01
Tagging Snapshot snap-077c29fb84d4f0558 with the following Tags: Key=CreatedBy,Value=ec2-automate-backup Key=InstanceId,Value=i-8099a6b8 Key=InstanceName,Value=internetds_dmz_nginx01 Key=PurgeAfterFE,Value=1487355006 Key=PurgeAllow,Value=true Key=Volume,Value=vol-88c6f30d Key=Created,Value=1484763006
INSTANCE i-8099a6b8
INSTANCE NAME: internetds_dmz_nginx01
Tagging Snapshot snap-0e7fcb36c164ae4da with the following Tags: Key=CreatedBy,Value=ec2-automate-backup Key=InstanceId,Value=i-8099a6b8 Key=InstanceName,Value=internetds_dmz_nginx01 Key=PurgeAfterFE,Value=1487355006 Key=PurgeAllow,Value=true Key=Volume,Value=vol-a7c6f322 Key=Created,Value=1484763006
INSTANCE i-a794ab9f
INSTANCE NAME: internetds_front_nginx01
Tagging Snapshot snap-0c996c061486dcc9d with the following Tags: Key=CreatedBy,Value=ec2-automate-backup Key=InstanceId,Value=i-a794ab9f Key=InstanceName,Value=internetds_front_nginx01 Key=PurgeAfterFE,Value=1487355006 Key=PurgeAllow,Value=true Key=Volume,Value=vol-b8ccf93d Key=Created,Value=1484763006
INSTANCE i-a794ab9f
INSTANCE NAME: internetds_front_nginx01
Tagging Snapshot snap-015f58caf4237ab6b with the following Tags: Key=CreatedBy,Value=ec2-automate-backup Key=InstanceId,Value=i-a794ab9f Key=InstanceName,Value=internetds_front_nginx01 Key=PurgeAfterFE,Value=1487355006 Key=PurgeAllow,Value=true Key=Volume,Value=vol-cfccf94a Key=Created,Value=1484763006
INSTANCE i-0194ab39
INSTANCE NAME: internetds_front_zkp_app01
Tagging Snapshot snap-0cf51f3293708c23c with the following Tags: Key=CreatedBy,Value=ec2-automate-backup Key=InstanceId,Value=i-0194ab39 Key=InstanceName,Value=internetds_front_zkp_app01 Key=PurgeAfterFE,Value=1487355006 Key=PurgeAllow,Value=true Key=Volume,Value=vol-33ccf9b6 Key=Created,Value=1484763006
INSTANCE i-0194ab39
INSTANCE NAME: internetds_front_zkp_app01
Tagging Snapshot snap-0c48d5c938e7ac8ad with the following Tags: Key=CreatedBy,Value=ec2-automate-backup Key=InstanceId,Value=i-0194ab39 Key=InstanceName,Value=internetds_front_zkp_app01 Key=PurgeAfterFE,Value=1487355006 Key=PurgeAllow,Value=true Key=Volume,Value=vol-c1cffa44 Key=Created,Value=1484763006
INSTANCE i-d187b8e9
INSTANCE NAME: internetds_front_dsjr_app01
Tagging Snapshot snap-012fb79f0c4061240 with the following Tags: Key=CreatedBy,Value=ec2-automate-backup Key=InstanceId,Value=i-d187b8e9 Key=InstanceName,Value=internetds_front_dsjr_app01 Key=PurgeAfterFE,Value=1487355006 Key=PurgeAllow,Value=true Key=Volume,Value=vol-e4b98c61 Key=Created,Value=1484763006
INSTANCE i-9c87b8a4
INSTANCE NAME: internetds_life_jsyq_app01
Tagging Snapshot snap-0d8abca1479643692 with the following Tags: Key=CreatedBy,Value=ec2-automate-backup Key=InstanceId,Value=i-9c87b8a4 Key=InstanceName,Value=internetds_life_jsyq_app01 Key=PurgeAfterFE,Value=1487355006 Key=PurgeAllow,Value=true Key=Volume,Value=vol-f3b98c76 Key=Created,Value=1484763006
INSTANCE i-9c87b8a4
INSTANCE NAME: internetds_life_jsyq_app01
Tagging Snapshot snap-0bdf7934f34fb82b5 with the following Tags: Key=CreatedBy,Value=ec2-automate-backup Key=InstanceId,Value=i-9c87b8a4 Key=InstanceName,Value=internetds_life_jsyq_app01 Key=PurgeAfterFE,Value=1487355006 Key=PurgeAllow,Value=true Key=Volume,Value=vol-f2b98c77 Key=Created,Value=1484763006
INSTANCE i-0187b839
INSTANCE NAME: internetds_life_bdgl_app01
Tagging Snapshot snap-0ebfa3e967ad1847e with the following Tags: Key=CreatedBy,Value=ec2-automate-backup Key=InstanceId,Value=i-0187b839 Key=InstanceName,Value=internetds_life_bdgl_app01 Key=PurgeAfterFE,Value=1487355006 Key=PurgeAllow,Value=true Key=Volume,Value=vol-00b98c85 Key=Created,Value=1484763006
INSTANCE i-d187b8e9
INSTANCE NAME: internetds_front_dsjr_app01
Tagging Snapshot snap-06a198fcbff947214 with the following Tags: Key=CreatedBy,Value=ec2-automate-backup Key=InstanceId,Value=i-d187b8e9 Key=InstanceName,Value=internetds_front_dsjr_app01 Key=PurgeAfterFE,Value=1487355006 Key=PurgeAllow,Value=true Key=Volume,Value=vol-0cb98c89 Key=Created,Value=1484763006
INSTANCE i-1786b92f
INSTANCE NAME: internetds_front_mq_app01
Tagging Snapshot snap-02f1db34d76b1d50d with the following Tags: Key=CreatedBy,Value=ec2-automate-backup Key=InstanceId,Value=i-1786b92f Key=InstanceName,Value=internetds_front_mq_app01 Key=PurgeAfterFE,Value=1487355006 Key=PurgeAllow,Value=true Key=Volume,Value=vol-0fb98c8a Key=Created,Value=1484763006
INSTANCE i-1186b929
INSTANCE NAME: internetds_life_xqyhb_app01
Tagging Snapshot snap-097e94ac1efecc518 with the following Tags: Key=CreatedBy,Value=ec2-automate-backup Key=InstanceId,Value=i-1186b929 Key=InstanceName,Value=internetds_life_xqyhb_app01 Key=PurgeAfterFE,Value=1487355006 Key=PurgeAllow,Value=true Key=Volume,Value=vol-56b98cd3 Key=Created,Value=1484763006
INSTANCE i-0a87b832
INSTANCE NAME: internetds_life_bq_app01
Tagging Snapshot snap-0d0c79dbd96a255b0 with the following Tags: Key=CreatedBy,Value=ec2-automate-backup Key=InstanceId,Value=i-0a87b832 Key=InstanceName,Value=internetds_life_bq_app01 Key=PurgeAfterFE,Value=1487355006 Key=PurgeAllow,Value=true Key=Volume,Value=vol-6cb98ce9 Key=Created,Value=1484763006
INSTANCE i-0187b839
INSTANCE NAME: internetds_life_bdgl_app01
Tagging Snapshot snap-0d2a80a4f0ab1bdc4 with the following Tags: Key=CreatedBy,Value=ec2-automate-backup Key=InstanceId,Value=i-0187b839 Key=InstanceName,Value=internetds_life_bdgl_app01 Key=PurgeAfterFE,Value=1487355006 Key=PurgeAllow,Value=true Key=Volume,Value=vol-80b88d05 Key=Created,Value=1484763006
INSTANCE i-0a87b832
INSTANCE NAME: internetds_life_bq_app01
Tagging Snapshot snap-09f9dcbbf19c2a707 with the following Tags: Key=CreatedBy,Value=ec2-automate-backup Key=InstanceId,Value=i-0a87b832 Key=InstanceName,Value=internetds_life_bq_app01 Key=PurgeAfterFE,Value=1487355006 Key=PurgeAllow,Value=true Key=Volume,Value=vol-89b88d0c Key=Created,Value=1484763006
INSTANCE i-1186b929
INSTANCE NAME: internetds_life_xqyhb_app01
Tagging Snapshot snap-05dc96eebb38f5e0a with the following Tags: Key=CreatedBy,Value=ec2-automate-backup Key=InstanceId,Value=i-1186b929 Key=InstanceName,Value=internetds_life_xqyhb_app01 Key=PurgeAfterFE,Value=1487355006 Key=PurgeAllow,Value=true Key=Volume,Value=vol-a7b88d22 Key=Created,Value=1484763006
INSTANCE i-1786b92f
INSTANCE NAME: internetds_front_mq_app01
Tagging Snapshot snap-0c970ea4d71704a9c with the following Tags: Key=CreatedBy,Value=ec2-automate-backup Key=InstanceId,Value=i-1786b92f Key=InstanceName,Value=internetds_front_mq_app01 Key=PurgeAfterFE,Value=1487355006 Key=PurgeAllow,Value=true Key=Volume,Value=vol-a1b88d24 Key=Created,Value=1484763006
INSTANCE i-d75967ef
INSTANCE NAME: internetds_opsmon_app01
Tagging Snapshot snap-056f38653ef4c793e with the following Tags: Key=CreatedBy,Value=ec2-automate-backup Key=InstanceId,Value=i-d75967ef Key=InstanceName,Value=internetds_opsmon_app01 Key=PurgeAfterFE,Value=1487355006 Key=PurgeAllow,Value=true Key=Volume,Value=vol-3d695db8 Key=Created,Value=1484763006
INSTANCE i-d75967ef
INSTANCE NAME: internetds_opsmon_app01
Tagging Snapshot snap-057e70b1532d6ecf0 with the following Tags: Key=CreatedBy,Value=ec2-automate-backup Key=InstanceId,Value=i-d75967ef Key=InstanceName,Value=internetds_opsmon_app01 Key=PurgeAfterFE,Value=1487355006 Key=PurgeAllow,Value=true Key=Volume,Value=vol-9c6a5e19 Key=Created,Value=1484763006
INSTANCE i-985668a0
INSTANCE NAME: internetds_front_yyzc_app01
Tagging Snapshot snap-0d0707c69e927e0e9 with the following Tags: Key=CreatedBy,Value=ec2-automate-backup Key=InstanceId,Value=i-985668a0 Key=InstanceName,Value=internetds_front_yyzc_app01 Key=PurgeAfterFE,Value=1487355006 Key=PurgeAllow,Value=true Key=Volume,Value=vol-9854601d Key=Created,Value=1484763006
INSTANCE i-985668a0
INSTANCE NAME: internetds_front_yyzc_app01
Tagging Snapshot snap-0024e62d2cee33de5 with the following Tags: Key=CreatedBy,Value=ec2-automate-backup Key=InstanceId,Value=i-985668a0 Key=InstanceName,Value=internetds_front_yyzc_app01 Key=PurgeAfterFE,Value=1487355006 Key=PurgeAllow,Value=true Key=Volume,Value=vol-ab54602e Key=Created,Value=1484763006
INSTANCE i-4257697a
INSTANCE NAME: internetds_nat01
Tagging Snapshot snap-0b0213632a26d68da with the following Tags: Key=CreatedBy,Value=ec2-automate-backup Key=InstanceId,Value=i-4257697a Key=InstanceName,Value=internetds_nat01 Key=PurgeAfterFE,Value=1487355006 Key=PurgeAllow,Value=true Key=Volume,Value=vol-a855612d Key=Created,Value=1484763006
INSTANCE i-3bead403
INSTANCE NAME: internetds_life_xqyhb_app03
Tagging Snapshot snap-08288463d29d8f3a6 with the following Tags: Key=CreatedBy,Value=ec2-automate-backup Key=InstanceId,Value=i-3bead403 Key=InstanceName,Value=internetds_life_xqyhb_app03 Key=PurgeAfterFE,Value=1487355006 Key=PurgeAllow,Value=true Key=Volume,Value=vol-429aaec7 Key=Created,Value=1484763006
INSTANCE i-3bead403
INSTANCE NAME: internetds_life_xqyhb_app03
Tagging Snapshot snap-046a62cefad3f7818 with the following Tags: Key=CreatedBy,Value=ec2-automate-backup Key=InstanceId,Value=i-3bead403 Key=InstanceName,Value=internetds_life_xqyhb_app03 Key=PurgeAfterFE,Value=1487355006 Key=PurgeAllow,Value=true Key=Volume,Value=vol-d89baf5d Key=Created,Value=1484763006
INSTANCE i-a3e9d79b
INSTANCE NAME: internetds_datax_yc_app01
Tagging Snapshot snap-05168c6efadd9ab1a with the following Tags: Key=CreatedBy,Value=ec2-automate-backup Key=InstanceId,Value=i-a3e9d79b Key=InstanceName,Value=internetds_datax_yc_app01 Key=PurgeAfterFE,Value=1487355006 Key=PurgeAllow,Value=true Key=Volume,Value=vol-5c87b3d9 Key=Created,Value=1484763006
INSTANCE i-3ce8d604
INSTANCE NAME: internetds_datax_app01
Tagging Snapshot snap-054423ea1366d1c3c with the following Tags: Key=CreatedBy,Value=ec2-automate-backup Key=InstanceId,Value=i-3ce8d604 Key=InstanceName,Value=internetds_datax_app01 Key=PurgeAfterFE,Value=1487355006 Key=PurgeAllow,Value=true Key=Volume,Value=vol-5f87b3da Key=Created,Value=1484763006
INSTANCE i-3ce8d604
INSTANCE NAME: internetds_datax_app01
Tagging Snapshot snap-00541ca4acfdb241b with the following Tags: Key=CreatedBy,Value=ec2-automate-backup Key=InstanceId,Value=i-3ce8d604 Key=InstanceName,Value=internetds_datax_app01 Key=PurgeAfterFE,Value=1487355006 Key=PurgeAllow,Value=true Key=Volume,Value=vol-9e80b41b Key=Created,Value=1484763006
INSTANCE i-a3e9d79b
INSTANCE NAME: internetds_datax_yc_app01
Tagging Snapshot snap-0f3779cb8be039c95 with the following Tags: Key=CreatedBy,Value=ec2-automate-backup Key=InstanceId,Value=i-a3e9d79b Key=InstanceName,Value=internetds_datax_yc_app01 Key=PurgeAfterFE,Value=1487355006 Key=PurgeAllow,Value=true Key=Volume,Value=vol-b780b432 Key=Created,Value=1484763006
INSTANCE i-4cc5fb74
INSTANCE NAME: mgmt_bastion01
Tagging Snapshot snap-0c6aabf1798fee503 with the following Tags: Key=CreatedBy,Value=ec2-automate-backup Key=InstanceId,Value=i-4cc5fb74 Key=InstanceName,Value=mgmt_bastion01 Key=PurgeAfterFE,Value=1487355006 Key=PurgeAllow,Value=true Key=Volume,Value=vol-234176a6 Key=Created,Value=1484763006
INSTANCE i-4cc5fb74
INSTANCE NAME: mgmt_bastion01
Tagging Snapshot snap-0e8b62c90e2591004 with the following Tags: Key=CreatedBy,Value=ec2-automate-backup Key=InstanceId,Value=i-4cc5fb74 Key=InstanceName,Value=mgmt_bastion01 Key=PurgeAfterFE,Value=1487355006 Key=PurgeAllow,Value=true Key=Volume,Value=vol-654176e0 Key=Created,Value=1484763006
INSTANCE i-bfba8487
INSTANCE NAME: internetds_epolicy_app02
Tagging Snapshot snap-06d860f026fefb500 with the following Tags: Key=CreatedBy,Value=ec2-automate-backup Key=InstanceId,Value=i-bfba8487 Key=InstanceName,Value=internetds_epolicy_app02 Key=PurgeAfterFE,Value=1487355006 Key=PurgeAllow,Value=true Key=Volume,Value=vol-533f08d6 Key=Created,Value=1484763006
INSTANCE i-beba8486
INSTANCE NAME: internetds_epolicy_app01
Tagging Snapshot snap-0ee9c21db2edfcb6a with the following Tags: Key=CreatedBy,Value=ec2-automate-backup Key=InstanceId,Value=i-beba8486 Key=InstanceName,Value=internetds_epolicy_app01 Key=PurgeAfterFE,Value=1487355006 Key=PurgeAllow,Value=true Key=Volume,Value=vol-523f08d7 Key=Created,Value=1484763006
INSTANCE i-beba8486
INSTANCE NAME: internetds_epolicy_app01
Tagging Snapshot snap-059562e49e55aae5b with the following Tags: Key=CreatedBy,Value=ec2-automate-backup Key=InstanceId,Value=i-beba8486 Key=InstanceName,Value=internetds_epolicy_app01 Key=PurgeAfterFE,Value=1487355006 Key=PurgeAllow,Value=true Key=Volume,Value=vol-a03e0925 Key=Created,Value=1484763006
INSTANCE i-bfba8487
INSTANCE NAME: internetds_epolicy_app02
Tagging Snapshot snap-096eb7caae46b95d4 with the following Tags: Key=CreatedBy,Value=ec2-automate-backup Key=InstanceId,Value=i-bfba8487 Key=InstanceName,Value=internetds_epolicy_app02 Key=PurgeAfterFE,Value=1487355006 Key=PurgeAllow,Value=true Key=Volume,Value=vol-a33e0926 Key=Created,Value=1484763006
INSTANCE i-b0b88688
INSTANCE NAME: internetds_dmz_email01
Tagging Snapshot snap-0362db698e3e6c487 with the following Tags: Key=CreatedBy,Value=ec2-automate-backup Key=InstanceId,Value=i-b0b88688 Key=InstanceName,Value=internetds_dmz_email01 Key=PurgeAfterFE,Value=1487355006 Key=PurgeAllow,Value=true Key=Volume,Value=vol-eb3c0b6e Key=Created,Value=1484763006
INSTANCE i-b0b88688
INSTANCE NAME: internetds_dmz_email01
Tagging Snapshot snap-0f3a094d5d344be3c with the following Tags: Key=CreatedBy,Value=ec2-automate-backup Key=InstanceId,Value=i-b0b88688 Key=InstanceName,Value=internetds_dmz_email01 Key=PurgeAfterFE,Value=1487355006 Key=PurgeAllow,Value=true Key=Volume,Value=vol-263c0ba3 Key=Created,Value=1484763006
INSTANCE i-08b18930
INSTANCE NAME: internetds_epolicy_app05
Tagging Snapshot snap-0be501dc4eb176e01 with the following Tags: Key=CreatedBy,Value=ec2-automate-backup Key=InstanceId,Value=i-08b18930 Key=InstanceName,Value=internetds_epolicy_app05 Key=PurgeAfterFE,Value=1487355006 Key=PurgeAllow,Value=true Key=Volume,Value=vol-2ca494a9 Key=Created,Value=1484763006
INSTANCE i-09b18931
INSTANCE NAME: internetds_epolicy_app06
Tagging Snapshot snap-0cd0210a72d4fcc59 with the following Tags: Key=CreatedBy,Value=ec2-automate-backup Key=InstanceId,Value=i-09b18931 Key=InstanceName,Value=internetds_epolicy_app06 Key=PurgeAfterFE,Value=1487355006 Key=PurgeAllow,Value=true Key=Volume,Value=vol-2fa494aa Key=Created,Value=1484763006
INSTANCE i-09b18931
INSTANCE NAME: internetds_epolicy_app06
Tagging Snapshot snap-0b44e5577ed70addd with the following Tags: Key=CreatedBy,Value=ec2-automate-backup Key=InstanceId,Value=i-09b18931 Key=InstanceName,Value=internetds_epolicy_app06 Key=PurgeAfterFE,Value=1487355006 Key=PurgeAllow,Value=true Key=Volume,Value=vol-33a494b6 Key=Created,Value=1484763006
INSTANCE i-08b18930
INSTANCE NAME: internetds_epolicy_app05
Tagging Snapshot snap-0787e580afb0bb146 with the following Tags: Key=CreatedBy,Value=ec2-automate-backup Key=InstanceId,Value=i-08b18930 Key=InstanceName,Value=internetds_epolicy_app05 Key=PurgeAfterFE,Value=1487355006 Key=PurgeAllow,Value=true Key=Volume,Value=vol-59a494dc Key=Created,Value=1484763006
INSTANCE i-9c350ea4
INSTANCE NAME: yc_internetds_front_dsjr_app01
Tagging Snapshot snap-0fb63673dd856835a with the following Tags: Key=CreatedBy,Value=ec2-automate-backup Key=InstanceId,Value=i-9c350ea4 Key=InstanceName,Value=yc_internetds_front_dsjr_app01 Key=PurgeAfterFE,Value=1487355006 Key=PurgeAllow,Value=true Key=Volume,Value=vol-f2caf977 Key=Created,Value=1484763006
INSTANCE i-4e350e76
INSTANCE NAME: yc_internetds_life_bdgl_app01
Tagging Snapshot snap-0003608677c77f378 with the following Tags: Key=CreatedBy,Value=ec2-automate-backup Key=InstanceId,Value=i-4e350e76 Key=InstanceName,Value=yc_internetds_life_bdgl_app01 Key=PurgeAfterFE,Value=1487355006 Key=PurgeAllow,Value=true Key=Volume,Value=vol-39caf9bc Key=Created,Value=1484763006
INSTANCE i-9c350ea4
INSTANCE NAME: yc_internetds_front_dsjr_app01
Tagging Snapshot snap-0da962de57f63f638 with the following Tags: Key=CreatedBy,Value=ec2-automate-backup Key=InstanceId,Value=i-9c350ea4 Key=InstanceName,Value=yc_internetds_front_dsjr_app01 Key=PurgeAfterFE,Value=1487355006 Key=PurgeAllow,Value=true Key=Volume,Value=vol-69caf9ec Key=Created,Value=1484763006
INSTANCE i-3e350e06
INSTANCE NAME: yc_internetds_life_xqyhb_app03
Tagging Snapshot snap-09783b7718fa48192 with the following Tags: Key=CreatedBy,Value=ec2-automate-backup Key=InstanceId,Value=i-3e350e06 Key=InstanceName,Value=yc_internetds_life_xqyhb_app03 Key=PurgeAfterFE,Value=1487355006 Key=PurgeAllow,Value=true Key=Volume,Value=vol-82c9fa07 Key=Created,Value=1484763006
INSTANCE i-4e350e76
INSTANCE NAME: yc_internetds_life_bdgl_app01
Tagging Snapshot snap-045ce8240126e6ccd with the following Tags: Key=CreatedBy,Value=ec2-automate-backup Key=InstanceId,Value=i-4e350e76 Key=InstanceName,Value=yc_internetds_life_bdgl_app01 Key=PurgeAfterFE,Value=1487355006 Key=PurgeAllow,Value=true Key=Volume,Value=vol-8ec9fa0b Key=Created,Value=1484763006
INSTANCE i-3e350e06
INSTANCE NAME: yc_internetds_life_xqyhb_app03
Tagging Snapshot snap-0389adb6ccaf32905 with the following Tags: Key=CreatedBy,Value=ec2-automate-backup Key=InstanceId,Value=i-3e350e06 Key=InstanceName,Value=yc_internetds_life_xqyhb_app03 Key=PurgeAfterFE,Value=1487355006 Key=PurgeAllow,Value=true Key=Volume,Value=vol-dac9fa5f Key=Created,Value=1484763006
INSTANCE i-57350e6f
INSTANCE NAME: yc_internetds_front_zkp_app01
Tagging Snapshot snap-0062aafebcb71d0a5 with the following Tags: Key=CreatedBy,Value=ec2-automate-backup Key=InstanceId,Value=i-57350e6f Key=InstanceName,Value=yc_internetds_front_zkp_app01 Key=PurgeAfterFE,Value=1487355006 Key=PurgeAllow,Value=true Key=Volume,Value=vol-eec9fa6b Key=Created,Value=1484763006
INSTANCE i-98360da0
INSTANCE NAME: yc_internetds_front_mq_app01
Tagging Snapshot snap-03a7ce940b6eba393 with the following Tags: Key=CreatedBy,Value=ec2-automate-backup Key=InstanceId,Value=i-98360da0 Key=InstanceName,Value=yc_internetds_front_mq_app01 Key=PurgeAfterFE,Value=1487355006 Key=PurgeAllow,Value=true Key=Volume,Value=vol-f1c9fa74 Key=Created,Value=1484763006
INSTANCE i-57350e6f
INSTANCE NAME: yc_internetds_front_zkp_app01
Tagging Snapshot snap-0cde0ca72bfe9e45c with the following Tags: Key=CreatedBy,Value=ec2-automate-backup Key=InstanceId,Value=i-57350e6f Key=InstanceName,Value=yc_internetds_front_zkp_app01 Key=PurgeAfterFE,Value=1487355006 Key=PurgeAllow,Value=true Key=Volume,Value=vol-0dc9fa88 Key=Created,Value=1484763006
INSTANCE i-fe350ec6
INSTANCE NAME: yc_internetds_life_jsyq_app01
Tagging Snapshot snap-0d72a3644a8636bad with the following Tags: Key=CreatedBy,Value=ec2-automate-backup Key=InstanceId,Value=i-fe350ec6 Key=InstanceName,Value=yc_internetds_life_jsyq_app01 Key=PurgeAfterFE,Value=1487355006 Key=PurgeAllow,Value=true Key=Volume,Value=vol-1ec9fa9b Key=Created,Value=1484763006
INSTANCE i-98360da0
INSTANCE NAME: yc_internetds_front_mq_app01
Tagging Snapshot snap-01c4941d1dd080fd3 with the following Tags: Key=CreatedBy,Value=ec2-automate-backup Key=InstanceId,Value=i-98360da0 Key=InstanceName,Value=yc_internetds_front_mq_app01 Key=PurgeAfterFE,Value=1487355006 Key=PurgeAllow,Value=true Key=Volume,Value=vol-22c9faa7 Key=Created,Value=1484763006
INSTANCE i-fe350ec6
INSTANCE NAME: yc_internetds_life_jsyq_app01
Tagging Snapshot snap-01e48b7bec72b474e with the following Tags: Key=CreatedBy,Value=ec2-automate-backup Key=InstanceId,Value=i-fe350ec6 Key=InstanceName,Value=yc_internetds_life_jsyq_app01 Key=PurgeAfterFE,Value=1487355006 Key=PurgeAllow,Value=true Key=Volume,Value=vol-35c9fab0 Key=Created,Value=1484763006
INSTANCE 
INSTANCE NAME: 
Tagging Snapshot snap-0f8ae685de3f95a26 with the following Tags: Key=CreatedBy,Value=ec2-automate-backup Key=InstanceId,Value= Key=InstanceName,Value= Key=PurgeAfterFE,Value=1487355006 Key=PurgeAllow,Value=true Key=Volume,Value=vol-32c9fab7 Key=Created,Value=1484763006
INSTANCE i-5b333763
INSTANCE NAME: yc_internetds_life_loadrunner1
Tagging Snapshot snap-0100a4612269d92ee with the following Tags: Key=CreatedBy,Value=ec2-automate-backup Key=InstanceId,Value=i-5b333763 Key=InstanceName,Value=yc_internetds_life_loadrunner1 Key=PurgeAfterFE,Value=1487355006 Key=PurgeAllow,Value=true Key=Volume,Value=vol-695f61ec Key=Created,Value=1484763006
INSTANCE i-5b333763
INSTANCE NAME: yc_internetds_life_loadrunner1
Tagging Snapshot snap-009e1c90ef757a578 with the following Tags: Key=CreatedBy,Value=ec2-automate-backup Key=InstanceId,Value=i-5b333763 Key=InstanceName,Value=yc_internetds_life_loadrunner1 Key=PurgeAfterFE,Value=1487355006 Key=PurgeAllow,Value=true Key=Volume,Value=vol-835c6206 Key=Created,Value=1484763006
INSTANCE i-8feeeab7
INSTANCE NAME: internetds_life_wzyhdz_ftp
Tagging Snapshot snap-092e32adaccc5f798 with the following Tags: Key=CreatedBy,Value=ec2-automate-backup Key=InstanceId,Value=i-8feeeab7 Key=InstanceName,Value=internetds_life_wzyhdz_ftp Key=PurgeAfterFE,Value=1487355006 Key=PurgeAllow,Value=true Key=Volume,Value=vol-550638d0 Key=Created,Value=1484763006
INSTANCE i-8feeeab7
INSTANCE NAME: internetds_life_wzyhdz_ftp
Tagging Snapshot snap-0cf37bfc0dd5406d5 with the following Tags: Key=CreatedBy,Value=ec2-automate-backup Key=InstanceId,Value=i-8feeeab7 Key=InstanceName,Value=internetds_life_wzyhdz_ftp Key=PurgeAfterFE,Value=1487355006 Key=PurgeAllow,Value=true Key=Volume,Value=vol-7b0739fe Key=Created,Value=1484763006
INSTANCE i-66eaee5e
INSTANCE NAME: test_internetds_life_wzyhdz_ftp
Tagging Snapshot snap-0f8615a52fcbd9e0c with the following Tags: Key=CreatedBy,Value=ec2-automate-backup Key=InstanceId,Value=i-66eaee5e Key=InstanceName,Value=test_internetds_life_wzyhdz_ftp Key=PurgeAfterFE,Value=1487355006 Key=PurgeAllow,Value=true Key=Volume,Value=vol-b5033d30 Key=Created,Value=1484763006
INSTANCE i-66eaee5e
INSTANCE NAME: test_internetds_life_wzyhdz_ftp
Tagging Snapshot snap-0e6248b936e2e7aae with the following Tags: Key=CreatedBy,Value=ec2-automate-backup Key=InstanceId,Value=i-66eaee5e Key=InstanceName,Value=test_internetds_life_wzyhdz_ftp Key=PurgeAfterFE,Value=1487355006 Key=PurgeAllow,Value=true Key=Volume,Value=vol-d9033d5c Key=Created,Value=1484763006
INSTANCE i-98696ea0
INSTANCE NAME: yc_internetds_life_loadrunner3
Tagging Snapshot snap-019a8bbcd1f97b875 with the following Tags: Key=CreatedBy,Value=ec2-automate-backup Key=InstanceId,Value=i-98696ea0 Key=InstanceName,Value=yc_internetds_life_loadrunner3 Key=PurgeAfterFE,Value=1487355006 Key=PurgeAllow,Value=true Key=Volume,Value=vol-0d340d88 Key=Created,Value=1484763006
INSTANCE i-4b6a6d73
INSTANCE NAME: yc_internetds_life_loadrunner2
Tagging Snapshot snap-0d42dd8ddff51d1e0 with the following Tags: Key=CreatedBy,Value=ec2-automate-backup Key=InstanceId,Value=i-4b6a6d73 Key=InstanceName,Value=yc_internetds_life_loadrunner2 Key=PurgeAfterFE,Value=1487355006 Key=PurgeAllow,Value=true Key=Volume,Value=vol-1b340d9e Key=Created,Value=1484763006
INSTANCE i-93696eab
INSTANCE NAME: yc_internetds_life_loadrunner5
Tagging Snapshot snap-0f5e70270c6d59122 with the following Tags: Key=CreatedBy,Value=ec2-automate-backup Key=InstanceId,Value=i-93696eab Key=InstanceName,Value=yc_internetds_life_loadrunner5 Key=PurgeAfterFE,Value=1487355006 Key=PurgeAllow,Value=true Key=Volume,Value=vol-34340db1 Key=Created,Value=1484763006
INSTANCE i-93696eab
INSTANCE NAME: yc_internetds_life_loadrunner5
Tagging Snapshot snap-0e1967b7ac0d89c81 with the following Tags: Key=CreatedBy,Value=ec2-automate-backup Key=InstanceId,Value=i-93696eab Key=InstanceName,Value=yc_internetds_life_loadrunner5 Key=PurgeAfterFE,Value=1487355006 Key=PurgeAllow,Value=true Key=Volume,Value=vol-37340db2 Key=Created,Value=1484763006
INSTANCE i-69696e51
INSTANCE NAME: yc_internetds_life_loadrunner4
Tagging Snapshot snap-0871e40fdd7edac6e with the following Tags: Key=CreatedBy,Value=ec2-automate-backup Key=InstanceId,Value=i-69696e51 Key=InstanceName,Value=yc_internetds_life_loadrunner4 Key=PurgeAfterFE,Value=1487355006 Key=PurgeAllow,Value=true Key=Volume,Value=vol-62340de7 Key=Created,Value=1484763006
INSTANCE i-69696e51
INSTANCE NAME: yc_internetds_life_loadrunner4
Tagging Snapshot snap-02321b361eb5cd125 with the following Tags: Key=CreatedBy,Value=ec2-automate-backup Key=InstanceId,Value=i-69696e51 Key=InstanceName,Value=yc_internetds_life_loadrunner4 Key=PurgeAfterFE,Value=1487355006 Key=PurgeAllow,Value=true Key=Volume,Value=vol-7f340dfa Key=Created,Value=1484763006
INSTANCE i-98696ea0
INSTANCE NAME: yc_internetds_life_loadrunner3
Tagging Snapshot snap-0e7d08cb00988c6d8 with the following Tags: Key=CreatedBy,Value=ec2-automate-backup Key=InstanceId,Value=i-98696ea0 Key=InstanceName,Value=yc_internetds_life_loadrunner3 Key=PurgeAfterFE,Value=1487355006 Key=PurgeAllow,Value=true Key=Volume,Value=vol-82370e07 Key=Created,Value=1484763006
INSTANCE i-4b6a6d73
INSTANCE NAME: yc_internetds_life_loadrunner2
Tagging Snapshot snap-07808e13bf6b9ed81 with the following Tags: Key=CreatedBy,Value=ec2-automate-backup Key=InstanceId,Value=i-4b6a6d73 Key=InstanceName,Value=yc_internetds_life_loadrunner2 Key=PurgeAfterFE,Value=1487355006 Key=PurgeAllow,Value=true Key=Volume,Value=vol-95370e10 Key=Created,Value=1484763006
INSTANCE i-907e79a8
INSTANCE NAME: yc_internetds_life_xqyhb_app06
Tagging Snapshot snap-0d585a6368cb2b7e2 with the following Tags: Key=CreatedBy,Value=ec2-automate-backup Key=InstanceId,Value=i-907e79a8 Key=InstanceName,Value=yc_internetds_life_xqyhb_app06 Key=PurgeAfterFE,Value=1487355006 Key=PurgeAllow,Value=true Key=Volume,Value=vol-0f261f8a Key=Created,Value=1484763006
INSTANCE i-967e79ae
INSTANCE NAME: yc_internetds_life_xqyhb_app04
Tagging Snapshot snap-08eb29ed2790f8a0d with the following Tags: Key=CreatedBy,Value=ec2-automate-backup Key=InstanceId,Value=i-967e79ae Key=InstanceName,Value=yc_internetds_life_xqyhb_app04 Key=PurgeAfterFE,Value=1487355006 Key=PurgeAllow,Value=true Key=Volume,Value=vol-09261f8c Key=Created,Value=1484763006
INSTANCE i-967e79ae
INSTANCE NAME: yc_internetds_life_xqyhb_app04
Tagging Snapshot snap-0f3afbe9d16fbd2c4 with the following Tags: Key=CreatedBy,Value=ec2-automate-backup Key=InstanceId,Value=i-967e79ae Key=InstanceName,Value=yc_internetds_life_xqyhb_app04 Key=PurgeAfterFE,Value=1487355006 Key=PurgeAllow,Value=true Key=Volume,Value=vol-26261fa3 Key=Created,Value=1484763006
INSTANCE i-6c7f7854
INSTANCE NAME: yc_internetds_life_xqyhb_app05
Tagging Snapshot snap-091a06e7a8eb004b3 with the following Tags: Key=CreatedBy,Value=ec2-automate-backup Key=InstanceId,Value=i-6c7f7854 Key=InstanceName,Value=yc_internetds_life_xqyhb_app05 Key=PurgeAfterFE,Value=1487355006 Key=PurgeAllow,Value=true Key=Volume,Value=vol-21261fa4 Key=Created,Value=1484763006
INSTANCE i-907e79a8
INSTANCE NAME: yc_internetds_life_xqyhb_app06
Tagging Snapshot snap-07a28b7cb8e1f194e with the following Tags: Key=CreatedBy,Value=ec2-automate-backup Key=InstanceId,Value=i-907e79a8 Key=InstanceName,Value=yc_internetds_life_xqyhb_app06 Key=PurgeAfterFE,Value=1487355006 Key=PurgeAllow,Value=true Key=Volume,Value=vol-30261fb5 Key=Created,Value=1484763006
INSTANCE i-6c7f7854
INSTANCE NAME: yc_internetds_life_xqyhb_app05
Tagging Snapshot snap-08772d9a4a2e94218 with the following Tags: Key=CreatedBy,Value=ec2-automate-backup Key=InstanceId,Value=i-6c7f7854 Key=InstanceName,Value=yc_internetds_life_xqyhb_app05 Key=PurgeAfterFE,Value=1487355006 Key=PurgeAllow,Value=true Key=Volume,Value=vol-6c261fe9 Key=Created,Value=1484763006
INSTANCE i-4786847f
INSTANCE NAME: yc_internetds_front_dsjr_app05
Tagging Snapshot snap-002d7e64d6a69bec8 with the following Tags: Key=CreatedBy,Value=ec2-automate-backup Key=InstanceId,Value=i-4786847f Key=InstanceName,Value=yc_internetds_front_dsjr_app05 Key=PurgeAfterFE,Value=1487355006 Key=PurgeAllow,Value=true Key=Volume,Value=vol-f1818774 Key=Created,Value=1484763006
INSTANCE i-4586847d
INSTANCE NAME: yc_internetds_front_dsjr_app03
Tagging Snapshot snap-03da8241197a1ebac with the following Tags: Key=CreatedBy,Value=ec2-automate-backup Key=InstanceId,Value=i-4586847d Key=InstanceName,Value=yc_internetds_front_dsjr_app03 Key=PurgeAfterFE,Value=1487355006 Key=PurgeAllow,Value=true Key=Volume,Value=vol-258187a0 Key=Created,Value=1484763006
INSTANCE i-4586847d
INSTANCE NAME: yc_internetds_front_dsjr_app03
Tagging Snapshot snap-0f166124bab03a21d with the following Tags: Key=CreatedBy,Value=ec2-automate-backup Key=InstanceId,Value=i-4586847d Key=InstanceName,Value=yc_internetds_front_dsjr_app03 Key=PurgeAfterFE,Value=1487355006 Key=PurgeAllow,Value=true Key=Volume,Value=vol-248187a1 Key=Created,Value=1484763006
INSTANCE i-4686847e
INSTANCE NAME: yc_internetds_front_dsjr_app04
Tagging Snapshot snap-0809925a296956df6 with the following Tags: Key=CreatedBy,Value=ec2-automate-backup Key=InstanceId,Value=i-4686847e Key=InstanceName,Value=yc_internetds_front_dsjr_app04 Key=PurgeAfterFE,Value=1487355006 Key=PurgeAllow,Value=true Key=Volume,Value=vol-398187bc Key=Created,Value=1484763006
INSTANCE i-4686847e
INSTANCE NAME: yc_internetds_front_dsjr_app04
Tagging Snapshot snap-01de3c2da765f85df with the following Tags: Key=CreatedBy,Value=ec2-automate-backup Key=InstanceId,Value=i-4686847e Key=InstanceName,Value=yc_internetds_front_dsjr_app04 Key=PurgeAfterFE,Value=1487355006 Key=PurgeAllow,Value=true Key=Volume,Value=vol-388187bd Key=Created,Value=1484763006
INSTANCE i-4786847f
INSTANCE NAME: yc_internetds_front_dsjr_app05
Tagging Snapshot snap-010cf3ca7dba46a92 with the following Tags: Key=CreatedBy,Value=ec2-automate-backup Key=InstanceId,Value=i-4786847f Key=InstanceName,Value=yc_internetds_front_dsjr_app05 Key=PurgeAfterFE,Value=1487355006 Key=PurgeAllow,Value=true Key=Volume,Value=vol-578187d2 Key=Created,Value=1484763006
INSTANCE i-48868470
INSTANCE NAME: yc_internetds_front_dsjr_app06
Tagging Snapshot snap-01f25281df6bbedaf with the following Tags: Key=CreatedBy,Value=ec2-automate-backup Key=InstanceId,Value=i-48868470 Key=InstanceName,Value=yc_internetds_front_dsjr_app06 Key=PurgeAfterFE,Value=1487355006 Key=PurgeAllow,Value=true Key=Volume,Value=vol-568187d3 Key=Created,Value=1484763006
INSTANCE i-48868470
INSTANCE NAME: yc_internetds_front_dsjr_app06
Tagging Snapshot snap-09886db98e542c2c2 with the following Tags: Key=CreatedBy,Value=ec2-automate-backup Key=InstanceId,Value=i-48868470 Key=InstanceName,Value=yc_internetds_front_dsjr_app06 Key=PurgeAfterFE,Value=1487355006 Key=PurgeAllow,Value=true Key=Volume,Value=vol-588187dd Key=Created,Value=1484763006
INSTANCE i-028e8c3a
INSTANCE NAME: yc_internetds_life_xqyhb_app08
Tagging Snapshot snap-0021a5d902367cfbe with the following Tags: Key=CreatedBy,Value=ec2-automate-backup Key=InstanceId,Value=i-028e8c3a Key=InstanceName,Value=yc_internetds_life_xqyhb_app08 Key=PurgeAfterFE,Value=1487355006 Key=PurgeAllow,Value=true Key=Volume,Value=vol-559690d0 Key=Created,Value=1484763006
INSTANCE i-008e8c38
INSTANCE NAME: yc_internetds_life_xqyhb_app01
Tagging Snapshot snap-01fad332199d678b7 with the following Tags: Key=CreatedBy,Value=ec2-automate-backup Key=InstanceId,Value=i-008e8c38 Key=InstanceName,Value=yc_internetds_life_xqyhb_app01 Key=PurgeAfterFE,Value=1487355006 Key=PurgeAllow,Value=true Key=Volume,Value=vol-549690d1 Key=Created,Value=1484763006
INSTANCE i-028e8c3a
INSTANCE NAME: yc_internetds_life_xqyhb_app08
Tagging Snapshot snap-0f85b2926a5be6f5c with the following Tags: Key=CreatedBy,Value=ec2-automate-backup Key=InstanceId,Value=i-028e8c3a Key=InstanceName,Value=yc_internetds_life_xqyhb_app08 Key=PurgeAfterFE,Value=1487355006 Key=PurgeAllow,Value=true Key=Volume,Value=vol-579690d2 Key=Created,Value=1484763006
INSTANCE i-2f8e8c17
INSTANCE NAME: yc_internetds_life_xqyhb_app12
Tagging Snapshot snap-07bdcbfdead68f190 with the following Tags: Key=CreatedBy,Value=ec2-automate-backup Key=InstanceId,Value=i-2f8e8c17 Key=InstanceName,Value=yc_internetds_life_xqyhb_app12 Key=PurgeAfterFE,Value=1487355006 Key=PurgeAllow,Value=true Key=Volume,Value=vol-b3979136 Key=Created,Value=1484763006
INSTANCE i-018e8c39
INSTANCE NAME: yc_internetds_life_xqyhb_app07
Tagging Snapshot snap-009824b31b716f329 with the following Tags: Key=CreatedBy,Value=ec2-automate-backup Key=InstanceId,Value=i-018e8c39 Key=InstanceName,Value=yc_internetds_life_xqyhb_app07 Key=PurgeAfterFE,Value=1487355006 Key=PurgeAllow,Value=true Key=Volume,Value=vol-b2979137 Key=Created,Value=1484763006
INSTANCE i-058e8c3d
INSTANCE NAME: yc_internetds_life_xqyhb_app11
Tagging Snapshot snap-01cb40297f7391768 with the following Tags: Key=CreatedBy,Value=ec2-automate-backup Key=InstanceId,Value=i-058e8c3d Key=InstanceName,Value=yc_internetds_life_xqyhb_app11 Key=PurgeAfterFE,Value=1487355006 Key=PurgeAllow,Value=true Key=Volume,Value=vol-d897915d Key=Created,Value=1484763006
INSTANCE i-058e8c3d
INSTANCE NAME: yc_internetds_life_xqyhb_app11
Tagging Snapshot snap-093dc8ef0386acffc with the following Tags: Key=CreatedBy,Value=ec2-automate-backup Key=InstanceId,Value=i-058e8c3d Key=InstanceName,Value=yc_internetds_life_xqyhb_app11 Key=PurgeAfterFE,Value=1487355006 Key=PurgeAllow,Value=true Key=Volume,Value=vol-db97915e Key=Created,Value=1484763006
INSTANCE i-018e8c39
INSTANCE NAME: yc_internetds_life_xqyhb_app07
Tagging Snapshot snap-0f87e44ada4b138e4 with the following Tags: Key=CreatedBy,Value=ec2-automate-backup Key=InstanceId,Value=i-018e8c39 Key=InstanceName,Value=yc_internetds_life_xqyhb_app07 Key=PurgeAfterFE,Value=1487355006 Key=PurgeAllow,Value=true Key=Volume,Value=vol-e4979161 Key=Created,Value=1484763006
INSTANCE i-2f8e8c17
INSTANCE NAME: yc_internetds_life_xqyhb_app12
Tagging Snapshot snap-0229e1bc67ca7428f with the following Tags: Key=CreatedBy,Value=ec2-automate-backup Key=InstanceId,Value=i-2f8e8c17 Key=InstanceName,Value=yc_internetds_life_xqyhb_app12 Key=PurgeAfterFE,Value=1487355006 Key=PurgeAllow,Value=true Key=Volume,Value=vol-fc979179 Key=Created,Value=1484763006
INSTANCE i-008e8c38
INSTANCE NAME: yc_internetds_life_xqyhb_app01
Tagging Snapshot snap-0be50f57d7b1cf5ad with the following Tags: Key=CreatedBy,Value=ec2-automate-backup Key=InstanceId,Value=i-008e8c38 Key=InstanceName,Value=yc_internetds_life_xqyhb_app01 Key=PurgeAfterFE,Value=1487355006 Key=PurgeAllow,Value=true Key=Volume,Value=vol-0897918d Key=Created,Value=1484763006
INSTANCE i-ea5855d2
INSTANCE NAME: internetds_opsmon_MongoDB01
Tagging Snapshot snap-0d498fd3ef701c55a with the following Tags: Key=CreatedBy,Value=ec2-automate-backup Key=InstanceId,Value=i-ea5855d2 Key=InstanceName,Value=internetds_opsmon_MongoDB01 Key=PurgeAfterFE,Value=1487355006 Key=PurgeAllow,Value=true Key=Volume,Value=vol-916b6a14 Key=Created,Value=1484763006
INSTANCE i-6758555f
INSTANCE NAME: internetds_opsmon_MongoDB02
Tagging Snapshot snap-05b28cec073f305b0 with the following Tags: Key=CreatedBy,Value=ec2-automate-backup Key=InstanceId,Value=i-6758555f Key=InstanceName,Value=internetds_opsmon_MongoDB02 Key=PurgeAfterFE,Value=1487355006 Key=PurgeAllow,Value=true Key=Volume,Value=vol-9d6b6a18 Key=Created,Value=1484763006
INSTANCE i-965855ae
INSTANCE NAME: internetds_opsmon_MongoDB03
Tagging Snapshot snap-08949e1c007809a40 with the following Tags: Key=CreatedBy,Value=ec2-automate-backup Key=InstanceId,Value=i-965855ae Key=InstanceName,Value=internetds_opsmon_MongoDB03 Key=PurgeAfterFE,Value=1487355006 Key=PurgeAllow,Value=true Key=Volume,Value=vol-e06b6a65 Key=Created,Value=1484763006
INSTANCE i-6758555f
INSTANCE NAME: internetds_opsmon_MongoDB02
Tagging Snapshot snap-05a04d6b99570d5e5 with the following Tags: Key=CreatedBy,Value=ec2-automate-backup Key=InstanceId,Value=i-6758555f Key=InstanceName,Value=internetds_opsmon_MongoDB02 Key=PurgeAfterFE,Value=1487355006 Key=PurgeAllow,Value=true Key=Volume,Value=vol-f66b6a73 Key=Created,Value=1484763006
INSTANCE i-ea5855d2
INSTANCE NAME: internetds_opsmon_MongoDB01
Tagging Snapshot snap-09b8bb883e9d2f441 with the following Tags: Key=CreatedBy,Value=ec2-automate-backup Key=InstanceId,Value=i-ea5855d2 Key=InstanceName,Value=internetds_opsmon_MongoDB01 Key=PurgeAfterFE,Value=1487355006 Key=PurgeAllow,Value=true Key=Volume,Value=vol-006b6a85 Key=Created,Value=1484763006
INSTANCE i-965855ae
INSTANCE NAME: internetds_opsmon_MongoDB03
Tagging Snapshot snap-07b3a763d6fd9ef7c with the following Tags: Key=CreatedBy,Value=ec2-automate-backup Key=InstanceId,Value=i-965855ae Key=InstanceName,Value=internetds_opsmon_MongoDB03 Key=PurgeAfterFE,Value=1487355006 Key=PurgeAllow,Value=true Key=Volume,Value=vol-116b6a94 Key=Created,Value=1484763006
INSTANCE i-0c585534
INSTANCE NAME: internetds_opsmon_DB01
Tagging Snapshot snap-0401af56a6d19e522 with the following Tags: Key=CreatedBy,Value=ec2-automate-backup Key=InstanceId,Value=i-0c585534 Key=InstanceName,Value=internetds_opsmon_DB01 Key=PurgeAfterFE,Value=1487355006 Key=PurgeAllow,Value=true Key=Volume,Value=vol-8f6a6b0a Key=Created,Value=1484763006
INSTANCE i-0c585534
INSTANCE NAME: internetds_opsmon_DB01
Tagging Snapshot snap-0f68f53c23b4033a2 with the following Tags: Key=CreatedBy,Value=ec2-automate-backup Key=InstanceId,Value=i-0c585534 Key=InstanceName,Value=internetds_opsmon_DB01 Key=PurgeAfterFE,Value=1487355006 Key=PurgeAllow,Value=true Key=Volume,Value=vol-f26a6b77 Key=Created,Value=1484763006
INSTANCE i-0a3f55791622f983e
INSTANCE NAME: yc_internetds_epolicy_gzyq_app01
Tagging Snapshot snap-0c015209028cc8355 with the following Tags: Key=CreatedBy,Value=ec2-automate-backup Key=InstanceId,Value=i-0a3f55791622f983e Key=InstanceName,Value=yc_internetds_epolicy_gzyq_app01 Key=PurgeAfterFE,Value=1487355006 Key=PurgeAllow,Value=true Key=Volume,Value=vol-02174ff966ec489c0 Key=Created,Value=1484763006
INSTANCE i-0a3f55791622f983e
INSTANCE NAME: yc_internetds_epolicy_gzyq_app01
Tagging Snapshot snap-0057174fbc02fe5e3 with the following Tags: Key=CreatedBy,Value=ec2-automate-backup Key=InstanceId,Value=i-0a3f55791622f983e Key=InstanceName,Value=yc_internetds_epolicy_gzyq_app01 Key=PurgeAfterFE,Value=1487355006 Key=PurgeAllow,Value=true Key=Volume,Value=vol-0c6666301d78c8346 Key=Created,Value=1484763006
INSTANCE i-0950e898c862eb038
INSTANCE NAME: yc_internetds_epolicy_gzyq_db01
Tagging Snapshot snap-0731ea7179a20c527 with the following Tags: Key=CreatedBy,Value=ec2-automate-backup Key=InstanceId,Value=i-0950e898c862eb038 Key=InstanceName,Value=yc_internetds_epolicy_gzyq_db01 Key=PurgeAfterFE,Value=1487355006 Key=PurgeAllow,Value=true Key=Volume,Value=vol-0c889186cad35d070 Key=Created,Value=1484763006
INSTANCE i-0950e898c862eb038
INSTANCE NAME: yc_internetds_epolicy_gzyq_db01
Tagging Snapshot snap-04b0114e9f52045af with the following Tags: Key=CreatedBy,Value=ec2-automate-backup Key=InstanceId,Value=i-0950e898c862eb038 Key=InstanceName,Value=yc_internetds_epolicy_gzyq_db01 Key=PurgeAfterFE,Value=1487355006 Key=PurgeAllow,Value=true Key=Volume,Value=vol-0ba6890e280a39ff3 Key=Created,Value=1484763006
INSTANCE i-0ac650f53ef48b453
INSTANCE NAME: yc_internetds_epolicy_gzyq_win01
Tagging Snapshot snap-0fe0a219ca6c5af7e with the following Tags: Key=CreatedBy,Value=ec2-automate-backup Key=InstanceId,Value=i-0ac650f53ef48b453 Key=InstanceName,Value=yc_internetds_epolicy_gzyq_win01 Key=PurgeAfterFE,Value=1487355006 Key=PurgeAllow,Value=true Key=Volume,Value=vol-0bdb685095e9eef1c Key=Created,Value=1484763006
INSTANCE i-0ac650f53ef48b453
INSTANCE NAME: yc_internetds_epolicy_gzyq_win01
Tagging Snapshot snap-0e239ea7dfdee01b4 with the following Tags: Key=CreatedBy,Value=ec2-automate-backup Key=InstanceId,Value=i-0ac650f53ef48b453 Key=InstanceName,Value=yc_internetds_epolicy_gzyq_win01 Key=PurgeAfterFE,Value=1487355006 Key=PurgeAllow,Value=true Key=Volume,Value=vol-054759e913f94fdf2 Key=Created,Value=1484763006
INSTANCE i-0ac650f53ef48b453
INSTANCE NAME: yc_internetds_epolicy_gzyq_win01
Tagging Snapshot snap-090e970843ae8104c with the following Tags: Key=CreatedBy,Value=ec2-automate-backup Key=InstanceId,Value=i-0ac650f53ef48b453 Key=InstanceName,Value=yc_internetds_epolicy_gzyq_win01 Key=PurgeAfterFE,Value=1487355006 Key=PurgeAllow,Value=true Key=Volume,Value=vol-090cc68957a659bb6 Key=Created,Value=1484763006
INSTANCE i-00bc9aba4ccce2bb8
INSTANCE NAME: yc_internetds_epolicy_gzyq_app03
Tagging Snapshot snap-0286f16ee72494c2e with the following Tags: Key=CreatedBy,Value=ec2-automate-backup Key=InstanceId,Value=i-00bc9aba4ccce2bb8 Key=InstanceName,Value=yc_internetds_epolicy_gzyq_app03 Key=PurgeAfterFE,Value=1487355006 Key=PurgeAllow,Value=true Key=Volume,Value=vol-0103b8ba3d7e19af0 Key=Created,Value=1484763006
INSTANCE i-00bc9aba4ccce2bb8
INSTANCE NAME: yc_internetds_epolicy_gzyq_app03
Tagging Snapshot snap-0a10e6e2d67c80a77 with the following Tags: Key=CreatedBy,Value=ec2-automate-backup Key=InstanceId,Value=i-00bc9aba4ccce2bb8 Key=InstanceName,Value=yc_internetds_epolicy_gzyq_app03 Key=PurgeAfterFE,Value=1487355006 Key=PurgeAllow,Value=true Key=Volume,Value=vol-009a6ef881e41a8aa Key=Created,Value=1484763006
Snapshot Purging is Starting Now.
