Snapshots taken by ec2-volumes-autobackup.sh will be eligible for purging after the following date (the purge after date given in seconds from epoch): 1493057405.
INSTANCE i-526547ea
INSTANCE NAME: test_internetds_nat02
Tagging Snapshot snap-0acc6b4305c008691 with the following Tags: Key=CreatedBy,Value=ec2-automate-backup Key=InstanceId,Value=i-526547ea Key=InstanceName,Value=test_internetds_nat02 Key=PurgeAfterFE,Value=1493057405 Key=PurgeAllow,Value=true Key=Volume,Value=vol-719282ce Key=Created,Value=1490465405
INSTANCE i-b17a5809
INSTANCE NAME: uat_internetds_front_app01
Tagging Snapshot snap-03f78a26a4c3c8fa6 with the following Tags: Key=CreatedBy,Value=ec2-automate-backup Key=InstanceId,Value=i-b17a5809 Key=InstanceName,Value=uat_internetds_front_app01 Key=PurgeAfterFE,Value=1493057405 Key=PurgeAllow,Value=true Key=Volume,Value=vol-c6849479 Key=Created,Value=1490465405
INSTANCE i-b17a5809
INSTANCE NAME: uat_internetds_front_app01
Tagging Snapshot snap-0238e2cb11349c504 with the following Tags: Key=CreatedBy,Value=ec2-automate-backup Key=InstanceId,Value=i-b17a5809 Key=InstanceName,Value=uat_internetds_front_app01 Key=PurgeAfterFE,Value=1493057405 Key=PurgeAllow,Value=true Key=Volume,Value=vol-3084948f Key=Created,Value=1490465405
INSTANCE i-8a7a5832
INSTANCE NAME: uat_internetds_mid01
Tagging Snapshot snap-0154080a1b5d25115 with the following Tags: Key=CreatedBy,Value=ec2-automate-backup Key=InstanceId,Value=i-8a7a5832 Key=InstanceName,Value=uat_internetds_mid01 Key=PurgeAfterFE,Value=1493057405 Key=PurgeAllow,Value=true Key=Volume,Value=vol-8c859533 Key=Created,Value=1490465405
INSTANCE i-8a7a5832
INSTANCE NAME: uat_internetds_mid01
Tagging Snapshot snap-07ff54dc6007517bf with the following Tags: Key=CreatedBy,Value=ec2-automate-backup Key=InstanceId,Value=i-8a7a5832 Key=InstanceName,Value=uat_internetds_mid01 Key=PurgeAfterFE,Value=1493057405 Key=PurgeAllow,Value=true Key=Volume,Value=vol-798595c6 Key=Created,Value=1490465405
INSTANCE i-1b7a58a3
INSTANCE NAME: uat_internetds_opsmon_mongo01
Tagging Snapshot snap-01e647c30e32bdd13 with the following Tags: Key=CreatedBy,Value=ec2-automate-backup Key=InstanceId,Value=i-1b7a58a3 Key=InstanceName,Value=uat_internetds_opsmon_mongo01 Key=PurgeAfterFE,Value=1493057405 Key=PurgeAllow,Value=true Key=Volume,Value=vol-bf879700 Key=Created,Value=1490465405
INSTANCE i-1a7a58a2
INSTANCE NAME: uat_internetds_opsmon_mongo02
Tagging Snapshot snap-0701c80dbf59613e0 with the following Tags: Key=CreatedBy,Value=ec2-automate-backup Key=InstanceId,Value=i-1a7a58a2 Key=InstanceName,Value=uat_internetds_opsmon_mongo02 Key=PurgeAfterFE,Value=1493057405 Key=PurgeAllow,Value=true Key=Volume,Value=vol-fd879742 Key=Created,Value=1490465405
INSTANCE i-1b7a58a3
INSTANCE NAME: uat_internetds_opsmon_mongo01
Tagging Snapshot snap-0f23c14685742019d with the following Tags: Key=CreatedBy,Value=ec2-automate-backup Key=InstanceId,Value=i-1b7a58a3 Key=InstanceName,Value=uat_internetds_opsmon_mongo01 Key=PurgeAfterFE,Value=1493057405 Key=PurgeAllow,Value=true Key=Volume,Value=vol-e287975d Key=Created,Value=1490465405
INSTANCE i-1a7a58a2
INSTANCE NAME: uat_internetds_opsmon_mongo02
Tagging Snapshot snap-0a73a09a4313a7112 with the following Tags: Key=CreatedBy,Value=ec2-automate-backup Key=InstanceId,Value=i-1a7a58a2 Key=InstanceName,Value=uat_internetds_opsmon_mongo02 Key=PurgeAfterFE,Value=1493057405 Key=PurgeAllow,Value=true Key=Volume,Value=vol-e187975e Key=Created,Value=1490465405
INSTANCE i-c7795b7f
INSTANCE NAME: uat_internetds_life_app02
Tagging Snapshot snap-0d688ba5d71b28cfc with the following Tags: Key=CreatedBy,Value=ec2-automate-backup Key=InstanceId,Value=i-c7795b7f Key=InstanceName,Value=uat_internetds_life_app02 Key=PurgeAfterFE,Value=1493057405 Key=PurgeAllow,Value=true Key=Volume,Value=vol-698b9bd6 Key=Created,Value=1490465405
INSTANCE i-c7795b7f
INSTANCE NAME: uat_internetds_life_app02
Tagging Snapshot snap-0ba168202678209ee with the following Tags: Key=CreatedBy,Value=ec2-automate-backup Key=InstanceId,Value=i-c7795b7f Key=InstanceName,Value=uat_internetds_life_app02 Key=PurgeAfterFE,Value=1493057405 Key=PurgeAllow,Value=true Key=Volume,Value=vol-fa8c9c45 Key=Created,Value=1490465405
INSTANCE i-d6785a6e
INSTANCE NAME: dev_internetds_front_app02
Tagging Snapshot snap-00c0fcfc6d3712e3e with the following Tags: Key=CreatedBy,Value=ec2-automate-backup Key=InstanceId,Value=i-d6785a6e Key=InstanceName,Value=dev_internetds_front_app02 Key=PurgeAfterFE,Value=1493057405 Key=PurgeAllow,Value=true Key=Volume,Value=vol-068c9cb9 Key=Created,Value=1490465405
INSTANCE i-d6785a6e
INSTANCE NAME: dev_internetds_front_app02
Tagging Snapshot snap-0fc798f061b819921 with the following Tags: Key=CreatedBy,Value=ec2-automate-backup Key=InstanceId,Value=i-d6785a6e Key=InstanceName,Value=dev_internetds_front_app02 Key=PurgeAfterFE,Value=1493057405 Key=PurgeAllow,Value=true Key=Volume,Value=vol-058c9cba Key=Created,Value=1490465405
INSTANCE i-3f7e5c87
INSTANCE NAME: dev_internetds_opsmon_mongo02
Tagging Snapshot snap-024dbc20fbabc54f4 with the following Tags: Key=CreatedBy,Value=ec2-automate-backup Key=InstanceId,Value=i-3f7e5c87 Key=InstanceName,Value=dev_internetds_opsmon_mongo02 Key=PurgeAfterFE,Value=1493057405 Key=PurgeAllow,Value=true Key=Volume,Value=vol-738c9ccc Key=Created,Value=1490465405
INSTANCE i-3e7e5c86
INSTANCE NAME: dev_internetds_opsmon_mongo01
Tagging Snapshot snap-01a886fcaa58e6175 with the following Tags: Key=CreatedBy,Value=ec2-automate-backup Key=InstanceId,Value=i-3e7e5c86 Key=InstanceName,Value=dev_internetds_opsmon_mongo01 Key=PurgeAfterFE,Value=1493057405 Key=PurgeAllow,Value=true Key=Volume,Value=vol-528c9ced Key=Created,Value=1490465405
INSTANCE i-3f7e5c87
INSTANCE NAME: dev_internetds_opsmon_mongo02
Tagging Snapshot snap-0ef76c2d2e034ef77 with the following Tags: Key=CreatedBy,Value=ec2-automate-backup Key=InstanceId,Value=i-3f7e5c87 Key=InstanceName,Value=dev_internetds_opsmon_mongo02 Key=PurgeAfterFE,Value=1493057405 Key=PurgeAllow,Value=true Key=Volume,Value=vol-bd8d9d02 Key=Created,Value=1490465405
INSTANCE i-3e7e5c86
INSTANCE NAME: dev_internetds_opsmon_mongo01
Tagging Snapshot snap-0e1438c935adedc18 with the following Tags: Key=CreatedBy,Value=ec2-automate-backup Key=InstanceId,Value=i-3e7e5c86 Key=InstanceName,Value=dev_internetds_opsmon_mongo01 Key=PurgeAfterFE,Value=1493057405 Key=PurgeAllow,Value=true Key=Volume,Value=vol-8e8d9d31 Key=Created,Value=1490465405
INSTANCE i-587e5ce0
INSTANCE NAME: uat_internetds_health_app01
Tagging Snapshot snap-023d7d81a3dbf2e6f with the following Tags: Key=CreatedBy,Value=ec2-automate-backup Key=InstanceId,Value=i-587e5ce0 Key=InstanceName,Value=uat_internetds_health_app01 Key=PurgeAfterFE,Value=1493057405 Key=PurgeAllow,Value=true Key=Volume,Value=vol-738d9dcc Key=Created,Value=1490465405
INSTANCE i-587e5ce0
INSTANCE NAME: uat_internetds_health_app01
Tagging Snapshot snap-03c1166ce3f665e2e with the following Tags: Key=CreatedBy,Value=ec2-automate-backup Key=InstanceId,Value=i-587e5ce0 Key=InstanceName,Value=uat_internetds_health_app01 Key=PurgeAfterFE,Value=1493057405 Key=PurgeAllow,Value=true Key=Volume,Value=vol-468d9df9 Key=Created,Value=1490465405
INSTANCE i-bd7e5c05
INSTANCE NAME: dev_internetds_health_app02
Tagging Snapshot snap-048d867dc8567e061 with the following Tags: Key=CreatedBy,Value=ec2-automate-backup Key=InstanceId,Value=i-bd7e5c05 Key=InstanceName,Value=dev_internetds_health_app02 Key=PurgeAfterFE,Value=1493057405 Key=PurgeAllow,Value=true Key=Volume,Value=vol-e78e9e58 Key=Created,Value=1490465405
INSTANCE i-bd7e5c05
INSTANCE NAME: dev_internetds_health_app02
Tagging Snapshot snap-064ce6231c9a2936d with the following Tags: Key=CreatedBy,Value=ec2-automate-backup Key=InstanceId,Value=i-bd7e5c05 Key=InstanceName,Value=dev_internetds_health_app02 Key=PurgeAfterFE,Value=1493057405 Key=PurgeAllow,Value=true Key=Volume,Value=vol-338e9e8c Key=Created,Value=1490465405
INSTANCE i-6d7f5dd5
INSTANCE NAME: dev_internetds_cache01
Tagging Snapshot snap-0e2eec5600610c25b with the following Tags: Key=CreatedBy,Value=ec2-automate-backup Key=InstanceId,Value=i-6d7f5dd5 Key=InstanceName,Value=dev_internetds_cache01 Key=PurgeAfterFE,Value=1493057405 Key=PurgeAllow,Value=true Key=Volume,Value=vol-bab0a005 Key=Created,Value=1490465405
INSTANCE i-627f5dda
INSTANCE NAME: dev_internetds_mid02
Tagging Snapshot snap-033b26108b98cc9c8 with the following Tags: Key=CreatedBy,Value=ec2-automate-backup Key=InstanceId,Value=i-627f5dda Key=InstanceName,Value=dev_internetds_mid02 Key=PurgeAfterFE,Value=1493057405 Key=PurgeAllow,Value=true Key=Volume,Value=vol-efb0a050 Key=Created,Value=1490465405
INSTANCE i-6d7f5dd5
INSTANCE NAME: dev_internetds_cache01
Tagging Snapshot snap-0abc382c3afcdeca7 with the following Tags: Key=CreatedBy,Value=ec2-automate-backup Key=InstanceId,Value=i-6d7f5dd5 Key=InstanceName,Value=dev_internetds_cache01 Key=PurgeAfterFE,Value=1493057405 Key=PurgeAllow,Value=true Key=Volume,Value=vol-d4b0a06b Key=Created,Value=1490465405
INSTANCE i-627f5dda
INSTANCE NAME: dev_internetds_mid02
Tagging Snapshot snap-058549c506d87a64e with the following Tags: Key=CreatedBy,Value=ec2-automate-backup Key=InstanceId,Value=i-627f5dda Key=InstanceName,Value=dev_internetds_mid02 Key=PurgeAfterFE,Value=1493057405 Key=PurgeAllow,Value=true Key=Volume,Value=vol-c5b0a07a Key=Created,Value=1490465405
INSTANCE i-397f5d81
INSTANCE NAME: dev_internetds_datax_app02
Tagging Snapshot snap-031b662db80913555 with the following Tags: Key=CreatedBy,Value=ec2-automate-backup Key=InstanceId,Value=i-397f5d81 Key=InstanceName,Value=dev_internetds_datax_app02 Key=PurgeAfterFE,Value=1493057405 Key=PurgeAllow,Value=true Key=Volume,Value=vol-14b0a0ab Key=Created,Value=1490465405
INSTANCE i-397f5d81
INSTANCE NAME: dev_internetds_datax_app02
Tagging Snapshot snap-04345f4bb7c3571c2 with the following Tags: Key=CreatedBy,Value=ec2-automate-backup Key=InstanceId,Value=i-397f5d81 Key=InstanceName,Value=dev_internetds_datax_app02 Key=PurgeAfterFE,Value=1493057405 Key=PurgeAllow,Value=true Key=Volume,Value=vol-6db0a0d2 Key=Created,Value=1490465405
INSTANCE i-987f5d20
INSTANCE NAME: dev_internetds_cache02
Tagging Snapshot snap-0ae937cae0dbd145d with the following Tags: Key=CreatedBy,Value=ec2-automate-backup Key=InstanceId,Value=i-987f5d20 Key=InstanceName,Value=dev_internetds_cache02 Key=PurgeAfterFE,Value=1493057405 Key=PurgeAllow,Value=true Key=Volume,Value=vol-b8b1a107 Key=Created,Value=1490465405
INSTANCE i-8e7f5d36
INSTANCE NAME: uat_internetds_opsmon_app01
Tagging Snapshot snap-090a42e76efb01ffe with the following Tags: Key=CreatedBy,Value=ec2-automate-backup Key=InstanceId,Value=i-8e7f5d36 Key=InstanceName,Value=uat_internetds_opsmon_app01 Key=PurgeAfterFE,Value=1493057405 Key=PurgeAllow,Value=true Key=Volume,Value=vol-9cb1a123 Key=Created,Value=1490465405
INSTANCE i-987f5d20
INSTANCE NAME: dev_internetds_cache02
Tagging Snapshot snap-0f7bcd17c24064359 with the following Tags: Key=CreatedBy,Value=ec2-automate-backup Key=InstanceId,Value=i-987f5d20 Key=InstanceName,Value=dev_internetds_cache02 Key=PurgeAfterFE,Value=1493057405 Key=PurgeAllow,Value=true Key=Volume,Value=vol-90b1a12f Key=Created,Value=1490465405
INSTANCE i-8e7f5d36
INSTANCE NAME: uat_internetds_opsmon_app01
Tagging Snapshot snap-0cee76d9c44587c31 with the following Tags: Key=CreatedBy,Value=ec2-automate-backup Key=InstanceId,Value=i-8e7f5d36 Key=InstanceName,Value=uat_internetds_opsmon_app01 Key=PurgeAfterFE,Value=1493057405 Key=PurgeAllow,Value=true Key=Volume,Value=vol-86b1a139 Key=Created,Value=1490465405
INSTANCE i-aabd9012
INSTANCE NAME: test_epolicy_mail02
Tagging Snapshot snap-04706f14479434cfe with the following Tags: Key=CreatedBy,Value=ec2-automate-backup Key=InstanceId,Value=i-aabd9012 Key=InstanceName,Value=test_epolicy_mail02 Key=PurgeAfterFE,Value=1493057405 Key=PurgeAllow,Value=true Key=Volume,Value=vol-ac205e31 Key=Created,Value=1490465405
INSTANCE i-aabd9012
INSTANCE NAME: test_epolicy_mail02
Tagging Snapshot snap-04bf078fa87f5c90e with the following Tags: Key=CreatedBy,Value=ec2-automate-backup Key=InstanceId,Value=i-aabd9012 Key=InstanceName,Value=test_epolicy_mail02 Key=PurgeAfterFE,Value=1493057405 Key=PurgeAllow,Value=true Key=Volume,Value=vol-dc205e41 Key=Created,Value=1490465405
INSTANCE i-95260a2d
INSTANCE NAME: dev_internetds_life_app02
Tagging Snapshot snap-00d9a976f8e6cc629 with the following Tags: Key=CreatedBy,Value=ec2-automate-backup Key=InstanceId,Value=i-95260a2d Key=InstanceName,Value=dev_internetds_life_app02 Key=PurgeAfterFE,Value=1493057405 Key=PurgeAllow,Value=true Key=Volume,Value=vol-f6f58b6b Key=Created,Value=1490465405
INSTANCE i-95260a2d
INSTANCE NAME: dev_internetds_life_app02
Tagging Snapshot snap-061ad7cb741195f8c with the following Tags: Key=CreatedBy,Value=ec2-automate-backup Key=InstanceId,Value=i-95260a2d Key=InstanceName,Value=dev_internetds_life_app02 Key=PurgeAfterFE,Value=1493057405 Key=PurgeAllow,Value=true Key=Volume,Value=vol-28f58bb5 Key=Created,Value=1490465405
INSTANCE i-f3ddf24b
INSTANCE NAME: uat_internetds_datax_app3
Tagging Snapshot snap-005587815ffa87622 with the following Tags: Key=CreatedBy,Value=ec2-automate-backup Key=InstanceId,Value=i-f3ddf24b Key=InstanceName,Value=uat_internetds_datax_app3 Key=PurgeAfterFE,Value=1493057405 Key=PurgeAllow,Value=true Key=Volume,Value=vol-19394284 Key=Created,Value=1490465405
INSTANCE i-43ddf2fb
INSTANCE NAME: uat_internetds_datax_app4
Tagging Snapshot snap-0b8174259e73558a3 with the following Tags: Key=CreatedBy,Value=ec2-automate-backup Key=InstanceId,Value=i-43ddf2fb Key=InstanceName,Value=uat_internetds_datax_app4 Key=PurgeAfterFE,Value=1493057405 Key=PurgeAllow,Value=true Key=Volume,Value=vol-393942a4 Key=Created,Value=1490465405
INSTANCE i-f3ddf24b
INSTANCE NAME: uat_internetds_datax_app3
Tagging Snapshot snap-03e77d18235df3ee0 with the following Tags: Key=CreatedBy,Value=ec2-automate-backup Key=InstanceId,Value=i-f3ddf24b Key=InstanceName,Value=uat_internetds_datax_app3 Key=PurgeAfterFE,Value=1493057405 Key=PurgeAllow,Value=true Key=Volume,Value=vol-503942cd Key=Created,Value=1490465405
INSTANCE i-43ddf2fb
INSTANCE NAME: uat_internetds_datax_app4
Tagging Snapshot snap-04f1c2f487edcf7a8 with the following Tags: Key=CreatedBy,Value=ec2-automate-backup Key=InstanceId,Value=i-43ddf2fb Key=InstanceName,Value=uat_internetds_datax_app4 Key=PurgeAfterFE,Value=1493057405 Key=PurgeAllow,Value=true Key=Volume,Value=vol-8038431d Key=Created,Value=1490465405
INSTANCE i-4b042af3
INSTANCE NAME: internetds_front_nginx02
Tagging Snapshot snap-03edf9c4362a43797 with the following Tags: Key=CreatedBy,Value=ec2-automate-backup Key=InstanceId,Value=i-4b042af3 Key=InstanceName,Value=internetds_front_nginx02 Key=PurgeAfterFE,Value=1493057405 Key=PurgeAllow,Value=true Key=Volume,Value=vol-51215bcc Key=Created,Value=1490465405
INSTANCE i-da042a62
INSTANCE NAME: internetds_front_zkp_app02
Tagging Snapshot snap-04af0def73a072f47 with the following Tags: Key=CreatedBy,Value=ec2-automate-backup Key=InstanceId,Value=i-da042a62 Key=InstanceName,Value=internetds_front_zkp_app02 Key=PurgeAfterFE,Value=1493057405 Key=PurgeAllow,Value=true Key=Volume,Value=vol-7e215be3 Key=Created,Value=1490465405
INSTANCE i-4b042af3
INSTANCE NAME: internetds_front_nginx02
Tagging Snapshot snap-04fe50b3f5aa5caa3 with the following Tags: Key=CreatedBy,Value=ec2-automate-backup Key=InstanceId,Value=i-4b042af3 Key=InstanceName,Value=internetds_front_nginx02 Key=PurgeAfterFE,Value=1493057405 Key=PurgeAllow,Value=true Key=Volume,Value=vol-6c215bf1 Key=Created,Value=1490465405
INSTANCE i-c1042a79
INSTANCE NAME: internetds_front_mq_app02
Tagging Snapshot snap-07b515955271637a0 with the following Tags: Key=CreatedBy,Value=ec2-automate-backup Key=InstanceId,Value=i-c1042a79 Key=InstanceName,Value=internetds_front_mq_app02 Key=PurgeAfterFE,Value=1493057405 Key=PurgeAllow,Value=true Key=Volume,Value=vol-dc265c41 Key=Created,Value=1490465405
INSTANCE i-c1042a79
INSTANCE NAME: internetds_front_mq_app02
Tagging Snapshot snap-0f29a59078fad7e3c with the following Tags: Key=CreatedBy,Value=ec2-automate-backup Key=InstanceId,Value=i-c1042a79 Key=InstanceName,Value=internetds_front_mq_app02 Key=PurgeAfterFE,Value=1493057405 Key=PurgeAllow,Value=true Key=Volume,Value=vol-df265c42 Key=Created,Value=1490465405
INSTANCE i-da042a62
INSTANCE NAME: internetds_front_zkp_app02
Tagging Snapshot snap-0ed8b001ba65cc73c with the following Tags: Key=CreatedBy,Value=ec2-automate-backup Key=InstanceId,Value=i-da042a62 Key=InstanceName,Value=internetds_front_zkp_app02 Key=PurgeAfterFE,Value=1493057405 Key=PurgeAllow,Value=true Key=Volume,Value=vol-d4265c49 Key=Created,Value=1490465405
INSTANCE i-c5042a7d
INSTANCE NAME: internetds_front_dsjr_app02
Tagging Snapshot snap-053425d9a8a0331c7 with the following Tags: Key=CreatedBy,Value=ec2-automate-backup Key=InstanceId,Value=i-c5042a7d Key=InstanceName,Value=internetds_front_dsjr_app02 Key=PurgeAfterFE,Value=1493057405 Key=PurgeAllow,Value=true Key=Volume,Value=vol-c7265c5a Key=Created,Value=1490465405
INSTANCE i-a9052b11
INSTANCE NAME: internetds_front_yyzc_app02
Tagging Snapshot snap-062d381770a1cb541 with the following Tags: Key=CreatedBy,Value=ec2-automate-backup Key=InstanceId,Value=i-a9052b11 Key=InstanceName,Value=internetds_front_yyzc_app02 Key=PurgeAfterFE,Value=1493057405 Key=PurgeAllow,Value=true Key=Volume,Value=vol-09265c94 Key=Created,Value=1490465405
INSTANCE i-c5042a7d
INSTANCE NAME: internetds_front_dsjr_app02
Tagging Snapshot snap-0074095498634f7e6 with the following Tags: Key=CreatedBy,Value=ec2-automate-backup Key=InstanceId,Value=i-c5042a7d Key=InstanceName,Value=internetds_front_dsjr_app02 Key=PurgeAfterFE,Value=1493057405 Key=PurgeAllow,Value=true Key=Volume,Value=vol-01265c9c Key=Created,Value=1490465405
INSTANCE i-a9052b11
INSTANCE NAME: internetds_front_yyzc_app02
Tagging Snapshot snap-0d8a59b0f187bdda9 with the following Tags: Key=CreatedBy,Value=ec2-automate-backup Key=InstanceId,Value=i-a9052b11 Key=InstanceName,Value=internetds_front_yyzc_app02 Key=PurgeAfterFE,Value=1493057405 Key=PurgeAllow,Value=true Key=Volume,Value=vol-46265cdb Key=Created,Value=1490465405
INSTANCE i-aa032d12
INSTANCE NAME: internetds_opsmon_app02
Tagging Snapshot snap-08930190be54a6ed9 with the following Tags: Key=CreatedBy,Value=ec2-automate-backup Key=InstanceId,Value=i-aa032d12 Key=InstanceName,Value=internetds_opsmon_app02 Key=PurgeAfterFE,Value=1493057405 Key=PurgeAllow,Value=true Key=Volume,Value=vol-00255f9d Key=Created,Value=1490465405
INSTANCE i-aa032d12
INSTANCE NAME: internetds_opsmon_app02
Tagging Snapshot snap-0eb40c14b94d67c5e with the following Tags: Key=CreatedBy,Value=ec2-automate-backup Key=InstanceId,Value=i-aa032d12 Key=InstanceName,Value=internetds_opsmon_app02 Key=PurgeAfterFE,Value=1493057405 Key=PurgeAllow,Value=true Key=Volume,Value=vol-4e255fd3 Key=Created,Value=1490465405
INSTANCE i-64002edc
INSTANCE NAME: internetds_front_yyzc_app02
Tagging Snapshot snap-0135d8d2d30cf5ad6 with the following Tags: Key=CreatedBy,Value=ec2-automate-backup Key=InstanceId,Value=i-64002edc Key=InstanceName,Value=internetds_front_yyzc_app02 Key=PurgeAfterFE,Value=1493057405 Key=PurgeAllow,Value=true Key=Volume,Value=vol-ae1b6133 Key=Created,Value=1490465405
INSTANCE i-6d002ed5
INSTANCE NAME: internetds_dmz_nginx02
Tagging Snapshot snap-057ba41b3f55bd885 with the following Tags: Key=CreatedBy,Value=ec2-automate-backup Key=InstanceId,Value=i-6d002ed5 Key=InstanceName,Value=internetds_dmz_nginx02 Key=PurgeAfterFE,Value=1493057405 Key=PurgeAllow,Value=true Key=Volume,Value=vol-da1b6147 Key=Created,Value=1490465405
INSTANCE i-6d002ed5
INSTANCE NAME: internetds_dmz_nginx02
Tagging Snapshot snap-02fa7751dcfd1a132 with the following Tags: Key=CreatedBy,Value=ec2-automate-backup Key=InstanceId,Value=i-6d002ed5 Key=InstanceName,Value=internetds_dmz_nginx02 Key=PurgeAfterFE,Value=1493057405 Key=PurgeAllow,Value=true Key=Volume,Value=vol-f21b616f Key=Created,Value=1490465405
INSTANCE i-64002edc
INSTANCE NAME: internetds_front_yyzc_app02
Tagging Snapshot snap-0850c4daed58878aa with the following Tags: Key=CreatedBy,Value=ec2-automate-backup Key=InstanceId,Value=i-64002edc Key=InstanceName,Value=internetds_front_yyzc_app02 Key=PurgeAfterFE,Value=1493057405 Key=PurgeAllow,Value=true Key=Volume,Value=vol-181b6185 Key=Created,Value=1490465405
INSTANCE i-5a002ee2
INSTANCE NAME: internetds_nat02
Tagging Snapshot snap-0d8af215862ae9ea4 with the following Tags: Key=CreatedBy,Value=ec2-automate-backup Key=InstanceId,Value=i-5a002ee2 Key=InstanceName,Value=internetds_nat02 Key=PurgeAfterFE,Value=1493057405 Key=PurgeAllow,Value=true Key=Volume,Value=vol-7f1b61e2 Key=Created,Value=1490465405
INSTANCE i-79b59bc1
INSTANCE NAME: internetds_datax_app02
Tagging Snapshot snap-06006beadc208e865 with the following Tags: Key=CreatedBy,Value=ec2-automate-backup Key=InstanceId,Value=i-79b59bc1 Key=InstanceName,Value=internetds_datax_app02 Key=PurgeAfterFE,Value=1493057405 Key=PurgeAllow,Value=true Key=Volume,Value=vol-75f68ce8 Key=Created,Value=1490465405
INSTANCE i-7ab59bc2
INSTANCE NAME: internetds_datax_yc_app02
Tagging Snapshot snap-0da689a36f8af6ef4 with the following Tags: Key=CreatedBy,Value=ec2-automate-backup Key=InstanceId,Value=i-7ab59bc2 Key=InstanceName,Value=internetds_datax_yc_app02 Key=PurgeAfterFE,Value=1493057405 Key=PurgeAllow,Value=true Key=Volume,Value=vol-74f68ce9 Key=Created,Value=1490465405
INSTANCE i-7ab59bc2
INSTANCE NAME: internetds_datax_yc_app02
Tagging Snapshot snap-0638576b3963dd8a0 with the following Tags: Key=CreatedBy,Value=ec2-automate-backup Key=InstanceId,Value=i-7ab59bc2 Key=InstanceName,Value=internetds_datax_yc_app02 Key=PurgeAfterFE,Value=1493057405 Key=PurgeAllow,Value=true Key=Volume,Value=vol-92f78d0f Key=Created,Value=1490465405
INSTANCE i-79b59bc1
INSTANCE NAME: internetds_datax_app02
Tagging Snapshot snap-0e01a4804e730e59b with the following Tags: Key=CreatedBy,Value=ec2-automate-backup Key=InstanceId,Value=i-79b59bc1 Key=InstanceName,Value=internetds_datax_app02 Key=PurgeAfterFE,Value=1493057405 Key=PurgeAllow,Value=true Key=Volume,Value=vol-a9f78d34 Key=Created,Value=1490465405
INSTANCE i-046148bc
INSTANCE NAME: internetds_epolicy_app03
Tagging Snapshot snap-0044967ca32df746f with the following Tags: Key=CreatedBy,Value=ec2-automate-backup Key=InstanceId,Value=i-046148bc Key=InstanceName,Value=internetds_epolicy_app03 Key=PurgeAfterFE,Value=1493057405 Key=PurgeAllow,Value=true Key=Volume,Value=vol-bc165321 Key=Created,Value=1490465405
INSTANCE i-046148bc
INSTANCE NAME: internetds_epolicy_app03
Tagging Snapshot snap-0df473060c66d06a9 with the following Tags: Key=CreatedBy,Value=ec2-automate-backup Key=InstanceId,Value=i-046148bc Key=InstanceName,Value=internetds_epolicy_app03 Key=PurgeAfterFE,Value=1493057405 Key=PurgeAllow,Value=true Key=Volume,Value=vol-db165346 Key=Created,Value=1490465405
INSTANCE i-056148bd
INSTANCE NAME: internetds_epolicy_app04
Tagging Snapshot snap-05154aac65cf7f5a4 with the following Tags: Key=CreatedBy,Value=ec2-automate-backup Key=InstanceId,Value=i-056148bd Key=InstanceName,Value=internetds_epolicy_app04 Key=PurgeAfterFE,Value=1493057405 Key=PurgeAllow,Value=true Key=Volume,Value=vol-fd165360 Key=Created,Value=1490465405
INSTANCE i-056148bd
INSTANCE NAME: internetds_epolicy_app04
Tagging Snapshot snap-06efe1746c2c7affa with the following Tags: Key=CreatedBy,Value=ec2-automate-backup Key=InstanceId,Value=i-056148bd Key=InstanceName,Value=internetds_epolicy_app04 Key=PurgeAfterFE,Value=1493057405 Key=PurgeAllow,Value=true Key=Volume,Value=vol-e4165379 Key=Created,Value=1490465405
INSTANCE i-51634ae9
INSTANCE NAME: internetds_dmz_email02
Tagging Snapshot snap-033486c48888632f4 with the following Tags: Key=CreatedBy,Value=ec2-automate-backup Key=InstanceId,Value=i-51634ae9 Key=InstanceName,Value=internetds_dmz_email02 Key=PurgeAfterFE,Value=1493057405 Key=PurgeAllow,Value=true Key=Volume,Value=vol-b210552f Key=Created,Value=1490465405
INSTANCE i-51634ae9
INSTANCE NAME: internetds_dmz_email02
Tagging Snapshot snap-02ab022a389b6f082 with the following Tags: Key=CreatedBy,Value=ec2-automate-backup Key=InstanceId,Value=i-51634ae9 Key=InstanceName,Value=internetds_dmz_email02 Key=PurgeAfterFE,Value=1493057405 Key=PurgeAllow,Value=true Key=Volume,Value=vol-d9105544 Key=Created,Value=1490465405
INSTANCE i-e298b05a
INSTANCE NAME: internetds_epolicy_app07
Tagging Snapshot snap-0e9825efc306f7aa4 with the following Tags: Key=CreatedBy,Value=ec2-automate-backup Key=InstanceId,Value=i-e298b05a Key=InstanceName,Value=internetds_epolicy_app07 Key=PurgeAfterFE,Value=1493057405 Key=PurgeAllow,Value=true Key=Volume,Value=vol-17e8af8a Key=Created,Value=1490465405
INSTANCE i-e398b05b
INSTANCE NAME: internetds_epolicy_app08
Tagging Snapshot snap-0613ba1de1be307dd with the following Tags: Key=CreatedBy,Value=ec2-automate-backup Key=InstanceId,Value=i-e398b05b Key=InstanceName,Value=internetds_epolicy_app08 Key=PurgeAfterFE,Value=1493057405 Key=PurgeAllow,Value=true Key=Volume,Value=vol-16e8af8b Key=Created,Value=1490465405
INSTANCE i-e398b05b
INSTANCE NAME: internetds_epolicy_app08
Tagging Snapshot snap-04178fd56c5e80166 with the following Tags: Key=CreatedBy,Value=ec2-automate-backup Key=InstanceId,Value=i-e398b05b Key=InstanceName,Value=internetds_epolicy_app08 Key=PurgeAfterFE,Value=1493057405 Key=PurgeAllow,Value=true Key=Volume,Value=vol-11e8af8c Key=Created,Value=1490465405
INSTANCE i-e298b05a
INSTANCE NAME: internetds_epolicy_app07
Tagging Snapshot snap-03663eb4fcaa1478c with the following Tags: Key=CreatedBy,Value=ec2-automate-backup Key=InstanceId,Value=i-e298b05a Key=InstanceName,Value=internetds_epolicy_app07 Key=PurgeAfterFE,Value=1493057405 Key=PurgeAllow,Value=true Key=Volume,Value=vol-34e8afa9 Key=Created,Value=1490465405
INSTANCE i-b61a2e0e
INSTANCE NAME: internetds_life_bq_app02
Tagging Snapshot snap-09a7ea1507152b1f3 with the following Tags: Key=CreatedBy,Value=ec2-automate-backup Key=InstanceId,Value=i-b61a2e0e Key=InstanceName,Value=internetds_life_bq_app02 Key=PurgeAfterFE,Value=1493057405 Key=PurgeAllow,Value=true Key=Volume,Value=vol-b93a7824 Key=Created,Value=1490465405
INSTANCE i-741a2ecc
INSTANCE NAME: internetds_life_xqyhb_app02
Tagging Snapshot snap-00040e3bead7ed704 with the following Tags: Key=CreatedBy,Value=ec2-automate-backup Key=InstanceId,Value=i-741a2ecc Key=InstanceName,Value=internetds_life_xqyhb_app02 Key=PurgeAfterFE,Value=1493057405 Key=PurgeAllow,Value=true Key=Volume,Value=vol-d63a784b Key=Created,Value=1490465405
INSTANCE i-741a2ecc
INSTANCE NAME: internetds_life_xqyhb_app02
Tagging Snapshot snap-0973673372a8fabe6 with the following Tags: Key=CreatedBy,Value=ec2-automate-backup Key=InstanceId,Value=i-741a2ecc Key=InstanceName,Value=internetds_life_xqyhb_app02 Key=PurgeAfterFE,Value=1493057405 Key=PurgeAllow,Value=true Key=Volume,Value=vol-1b3a7886 Key=Created,Value=1490465405
INSTANCE i-731a2ecb
INSTANCE NAME: internetds_life_bdgl_app02
Tagging Snapshot snap-0e7c2097b543ad56d with the following Tags: Key=CreatedBy,Value=ec2-automate-backup Key=InstanceId,Value=i-731a2ecb Key=InstanceName,Value=internetds_life_bdgl_app02 Key=PurgeAfterFE,Value=1493057405 Key=PurgeAllow,Value=true Key=Volume,Value=vol-353a78a8 Key=Created,Value=1490465405
INSTANCE i-4b1a2ef3
INSTANCE NAME: internetds_life_jsyq_app02
Tagging Snapshot snap-0e4cbccbabe89bc2c with the following Tags: Key=CreatedBy,Value=ec2-automate-backup Key=InstanceId,Value=i-4b1a2ef3 Key=InstanceName,Value=internetds_life_jsyq_app02 Key=PurgeAfterFE,Value=1493057405 Key=PurgeAllow,Value=true Key=Volume,Value=vol-2d3a78b0 Key=Created,Value=1490465405
INSTANCE i-731a2ecb
INSTANCE NAME: internetds_life_bdgl_app02
Tagging Snapshot snap-0594c7b7ee8009b8e with the following Tags: Key=CreatedBy,Value=ec2-automate-backup Key=InstanceId,Value=i-731a2ecb Key=InstanceName,Value=internetds_life_bdgl_app02 Key=PurgeAfterFE,Value=1493057405 Key=PurgeAllow,Value=true Key=Volume,Value=vol-2e3a78b3 Key=Created,Value=1490465405
INSTANCE i-b61a2e0e
INSTANCE NAME: internetds_life_bq_app02
Tagging Snapshot snap-037917988de7caa48 with the following Tags: Key=CreatedBy,Value=ec2-automate-backup Key=InstanceId,Value=i-b61a2e0e Key=InstanceName,Value=internetds_life_bq_app02 Key=PurgeAfterFE,Value=1493057405 Key=PurgeAllow,Value=true Key=Volume,Value=vol-583a78c5 Key=Created,Value=1490465405
INSTANCE i-4b1a2ef3
INSTANCE NAME: internetds_life_jsyq_app02
Tagging Snapshot snap-05e2cb8b1e6df83ab with the following Tags: Key=CreatedBy,Value=ec2-automate-backup Key=InstanceId,Value=i-4b1a2ef3 Key=InstanceName,Value=internetds_life_jsyq_app02 Key=PurgeAfterFE,Value=1493057405 Key=PurgeAllow,Value=true Key=Volume,Value=vol-973b790a Key=Created,Value=1490465405
INSTANCE i-6b81b0d3
INSTANCE NAME: mgmt-bastion02
Tagging Snapshot snap-0993f299e9327fca2 with the following Tags: Key=CreatedBy,Value=ec2-automate-backup Key=InstanceId,Value=i-6b81b0d3 Key=InstanceName,Value=mgmt-bastion02 Key=PurgeAfterFE,Value=1493057405 Key=PurgeAllow,Value=true Key=Volume,Value=vol-22e6a8bf Key=Created,Value=1490465405
INSTANCE i-6b81b0d3
INSTANCE NAME: mgmt-bastion02
Tagging Snapshot snap-0612bc3b55e551441 with the following Tags: Key=CreatedBy,Value=ec2-automate-backup Key=InstanceId,Value=i-6b81b0d3 Key=InstanceName,Value=mgmt-bastion02 Key=PurgeAfterFE,Value=1493057405 Key=PurgeAllow,Value=true Key=Volume,Value=vol-b6e7a92b Key=Created,Value=1490465405
INSTANCE i-5c9eade4
INSTANCE NAME: internetds_opsmon_DB02
Tagging Snapshot snap-0d4c0f7c02c30c9aa with the following Tags: Key=CreatedBy,Value=ec2-automate-backup Key=InstanceId,Value=i-5c9eade4 Key=InstanceName,Value=internetds_opsmon_DB02 Key=PurgeAfterFE,Value=1493057405 Key=PurgeAllow,Value=true Key=Volume,Value=vol-ad357e30 Key=Created,Value=1490465405
INSTANCE i-5c9eade4
INSTANCE NAME: internetds_opsmon_DB02
Tagging Snapshot snap-0c62a1c7c615e7927 with the following Tags: Key=CreatedBy,Value=ec2-automate-backup Key=InstanceId,Value=i-5c9eade4 Key=InstanceName,Value=internetds_opsmon_DB02 Key=PurgeAfterFE,Value=1493057405 Key=PurgeAllow,Value=true Key=Volume,Value=vol-f7357e6a Key=Created,Value=1490465405
INSTANCE i-0035f2a004086aae8
INSTANCE NAME: dev_internetds_health_mid_app02
Tagging Snapshot snap-01a2f84c0b7294f92 with the following Tags: Key=CreatedBy,Value=ec2-automate-backup Key=InstanceId,Value=i-0035f2a004086aae8 Key=InstanceName,Value=dev_internetds_health_mid_app02 Key=PurgeAfterFE,Value=1493057405 Key=PurgeAllow,Value=true Key=Volume,Value=vol-04c1b9bcdbcbb80b3 Key=Created,Value=1490465405
INSTANCE i-0035f2a004086aae8
INSTANCE NAME: dev_internetds_health_mid_app02
Tagging Snapshot snap-01e2785fc7e20ea43 with the following Tags: Key=CreatedBy,Value=ec2-automate-backup Key=InstanceId,Value=i-0035f2a004086aae8 Key=InstanceName,Value=dev_internetds_health_mid_app02 Key=PurgeAfterFE,Value=1493057405 Key=PurgeAllow,Value=true Key=Volume,Value=vol-0adcba272a3852e1d Key=Created,Value=1490465405
INSTANCE i-049e6dedca392ba39
INSTANCE NAME: uat_internetds_health_mid_app02
Tagging Snapshot snap-0849330f0b9941bac with the following Tags: Key=CreatedBy,Value=ec2-automate-backup Key=InstanceId,Value=i-049e6dedca392ba39 Key=InstanceName,Value=uat_internetds_health_mid_app02 Key=PurgeAfterFE,Value=1493057405 Key=PurgeAllow,Value=true Key=Volume,Value=vol-0d3596bbe1256e96e Key=Created,Value=1490465405
INSTANCE i-049e6dedca392ba39
INSTANCE NAME: uat_internetds_health_mid_app02
Tagging Snapshot snap-06c9747971e547b77 with the following Tags: Key=CreatedBy,Value=ec2-automate-backup Key=InstanceId,Value=i-049e6dedca392ba39 Key=InstanceName,Value=uat_internetds_health_mid_app02 Key=PurgeAfterFE,Value=1493057405 Key=PurgeAllow,Value=true Key=Volume,Value=vol-031c7fada2f400cd3 Key=Created,Value=1490465405
INSTANCE i-0d80b94f10ad463a5
INSTANCE NAME: dev_internetds_health_datax_app02
Tagging Snapshot snap-0bd237aa805552009 with the following Tags: Key=CreatedBy,Value=ec2-automate-backup Key=InstanceId,Value=i-0d80b94f10ad463a5 Key=InstanceName,Value=dev_internetds_health_datax_app02 Key=PurgeAfterFE,Value=1493057405 Key=PurgeAllow,Value=true Key=Volume,Value=vol-0d9ef08f7a180f5b0 Key=Created,Value=1490465405
INSTANCE i-0d80b94f10ad463a5
INSTANCE NAME: dev_internetds_health_datax_app02
Tagging Snapshot snap-0e373fc87317e64f3 with the following Tags: Key=CreatedBy,Value=ec2-automate-backup Key=InstanceId,Value=i-0d80b94f10ad463a5 Key=InstanceName,Value=dev_internetds_health_datax_app02 Key=PurgeAfterFE,Value=1493057405 Key=PurgeAllow,Value=true Key=Volume,Value=vol-0c65fceeaf7b26474 Key=Created,Value=1490465405
INSTANCE i-047d5b1b7b46ff8b5
INSTANCE NAME: uat_internetds_health_datax_app02
Tagging Snapshot snap-07de5321e8684206c with the following Tags: Key=CreatedBy,Value=ec2-automate-backup Key=InstanceId,Value=i-047d5b1b7b46ff8b5 Key=InstanceName,Value=uat_internetds_health_datax_app02 Key=PurgeAfterFE,Value=1493057405 Key=PurgeAllow,Value=true Key=Volume,Value=vol-04c86372c8aa60fd2 Key=Created,Value=1490465405
INSTANCE i-047d5b1b7b46ff8b5
INSTANCE NAME: uat_internetds_health_datax_app02
Tagging Snapshot snap-02ec5905ee4da6587 with the following Tags: Key=CreatedBy,Value=ec2-automate-backup Key=InstanceId,Value=i-047d5b1b7b46ff8b5 Key=InstanceName,Value=uat_internetds_health_datax_app02 Key=PurgeAfterFE,Value=1493057405 Key=PurgeAllow,Value=true Key=Volume,Value=vol-04b89aa3e8e55dc22 Key=Created,Value=1490465405
INSTANCE i-0ec8d523fc2d64041
INSTANCE NAME: dev_internetds_health_gzyq_app02
Tagging Snapshot snap-099157e967596c7c8 with the following Tags: Key=CreatedBy,Value=ec2-automate-backup Key=InstanceId,Value=i-0ec8d523fc2d64041 Key=InstanceName,Value=dev_internetds_health_gzyq_app02 Key=PurgeAfterFE,Value=1493057405 Key=PurgeAllow,Value=true Key=Volume,Value=vol-0bbe766dc8574b493 Key=Created,Value=1490465405
INSTANCE i-0ec8d523fc2d64041
INSTANCE NAME: dev_internetds_health_gzyq_app02
Tagging Snapshot snap-0ad1d305676483b19 with the following Tags: Key=CreatedBy,Value=ec2-automate-backup Key=InstanceId,Value=i-0ec8d523fc2d64041 Key=InstanceName,Value=dev_internetds_health_gzyq_app02 Key=PurgeAfterFE,Value=1493057405 Key=PurgeAllow,Value=true Key=Volume,Value=vol-08081e8af7f16a7c4 Key=Created,Value=1490465405
INSTANCE i-0b8ae15ea595f4d7f
INSTANCE NAME: uat_internetds_health_gzyq_app02
Tagging Snapshot snap-02e4f1e8b186eead5 with the following Tags: Key=CreatedBy,Value=ec2-automate-backup Key=InstanceId,Value=i-0b8ae15ea595f4d7f Key=InstanceName,Value=uat_internetds_health_gzyq_app02 Key=PurgeAfterFE,Value=1493057405 Key=PurgeAllow,Value=true Key=Volume,Value=vol-0dfeb2215d34ed215 Key=Created,Value=1490465405
INSTANCE i-0b8ae15ea595f4d7f
INSTANCE NAME: uat_internetds_health_gzyq_app02
Tagging Snapshot snap-0d3edb8763415b2f7 with the following Tags: Key=CreatedBy,Value=ec2-automate-backup Key=InstanceId,Value=i-0b8ae15ea595f4d7f Key=InstanceName,Value=uat_internetds_health_gzyq_app02 Key=PurgeAfterFE,Value=1493057405 Key=PurgeAllow,Value=true Key=Volume,Value=vol-0826b6434ca5179fe Key=Created,Value=1490465405
INSTANCE i-02318f7e4ca5c9fb6
INSTANCE NAME: yc_internetds_health_bq_app02
Tagging Snapshot snap-0aa02baa9efad7297 with the following Tags: Key=CreatedBy,Value=ec2-automate-backup Key=InstanceId,Value=i-02318f7e4ca5c9fb6 Key=InstanceName,Value=yc_internetds_health_bq_app02 Key=PurgeAfterFE,Value=1493057405 Key=PurgeAllow,Value=true Key=Volume,Value=vol-010599ee64bb16595 Key=Created,Value=1490465405
INSTANCE i-010950ff9d6d65930
INSTANCE NAME: yc_internetds_health_bq_app04
Tagging Snapshot snap-0d202f56e63ca22f5 with the following Tags: Key=CreatedBy,Value=ec2-automate-backup Key=InstanceId,Value=i-010950ff9d6d65930 Key=InstanceName,Value=yc_internetds_health_bq_app04 Key=PurgeAfterFE,Value=1493057405 Key=PurgeAllow,Value=true Key=Volume,Value=vol-0973426713069a48a Key=Created,Value=1490465405
INSTANCE i-010950ff9d6d65930
INSTANCE NAME: yc_internetds_health_bq_app04
Tagging Snapshot snap-0d0f14b1613ce76b3 with the following Tags: Key=CreatedBy,Value=ec2-automate-backup Key=InstanceId,Value=i-010950ff9d6d65930 Key=InstanceName,Value=yc_internetds_health_bq_app04 Key=PurgeAfterFE,Value=1493057405 Key=PurgeAllow,Value=true Key=Volume,Value=vol-06f1e19c4ab60d6e0 Key=Created,Value=1490465405
INSTANCE i-02318f7e4ca5c9fb6
INSTANCE NAME: yc_internetds_health_bq_app02
Tagging Snapshot snap-00588f3e43770dde2 with the following Tags: Key=CreatedBy,Value=ec2-automate-backup Key=InstanceId,Value=i-02318f7e4ca5c9fb6 Key=InstanceName,Value=yc_internetds_health_bq_app02 Key=PurgeAfterFE,Value=1493057405 Key=PurgeAllow,Value=true Key=Volume,Value=vol-0a2eef75f9d32d9ce Key=Created,Value=1490465405
INSTANCE i-0e3e4bc8b248bcf95
INSTANCE NAME: dev_internetds_opsmon_app02
Tagging Snapshot snap-015622f20ec8604de with the following Tags: Key=CreatedBy,Value=ec2-automate-backup Key=InstanceId,Value=i-0e3e4bc8b248bcf95 Key=InstanceName,Value=dev_internetds_opsmon_app02 Key=PurgeAfterFE,Value=1493057405 Key=PurgeAllow,Value=true Key=Volume,Value=vol-0aaf55242dfdc35da Key=Created,Value=1490465405
INSTANCE i-0e3e4bc8b248bcf95
INSTANCE NAME: dev_internetds_opsmon_app02
Tagging Snapshot snap-0f69bf546808e2ad6 with the following Tags: Key=CreatedBy,Value=ec2-automate-backup Key=InstanceId,Value=i-0e3e4bc8b248bcf95 Key=InstanceName,Value=dev_internetds_opsmon_app02 Key=PurgeAfterFE,Value=1493057405 Key=PurgeAllow,Value=true Key=Volume,Value=vol-0ad5556ab59afa3ca Key=Created,Value=1490465405
INSTANCE i-6b340753
INSTANCE NAME: test_internetds_nat01
Tagging Snapshot snap-0f4d623844725a0b8 with the following Tags: Key=CreatedBy,Value=ec2-automate-backup Key=InstanceId,Value=i-6b340753 Key=InstanceName,Value=test_internetds_nat01 Key=PurgeAfterFE,Value=1493057405 Key=PurgeAllow,Value=true Key=Volume,Value=vol-55a18cd0 Key=Created,Value=1490465405
INSTANCE i-fe2516c6
INSTANCE NAME: uat_internetds_front_app02
Tagging Snapshot snap-091a46bb2cf4a0c55 with the following Tags: Key=CreatedBy,Value=ec2-automate-backup Key=InstanceId,Value=i-fe2516c6 Key=InstanceName,Value=uat_internetds_front_app02 Key=PurgeAfterFE,Value=1493057405 Key=PurgeAllow,Value=true Key=Volume,Value=vol-c88da04d Key=Created,Value=1490465405
INSTANCE i-fe2516c6
INSTANCE NAME: uat_internetds_front_app02
Tagging Snapshot snap-0503361de51d5a5f1 with the following Tags: Key=CreatedBy,Value=ec2-automate-backup Key=InstanceId,Value=i-fe2516c6 Key=InstanceName,Value=uat_internetds_front_app02 Key=PurgeAfterFE,Value=1493057405 Key=PurgeAllow,Value=true Key=Volume,Value=vol-0b8da08e Key=Created,Value=1490465405
INSTANCE i-ae241796
INSTANCE NAME: uat_internetds_health_app02
Tagging Snapshot snap-0ee47c954986a9de8 with the following Tags: Key=CreatedBy,Value=ec2-automate-backup Key=InstanceId,Value=i-ae241796 Key=InstanceName,Value=uat_internetds_health_app02 Key=PurgeAfterFE,Value=1493057405 Key=PurgeAllow,Value=true Key=Volume,Value=vol-218da0a4 Key=Created,Value=1490465405
INSTANCE i-ae241796
INSTANCE NAME: uat_internetds_health_app02
Tagging Snapshot snap-000f9861d1f3a7eb7 with the following Tags: Key=CreatedBy,Value=ec2-automate-backup Key=InstanceId,Value=i-ae241796 Key=InstanceName,Value=uat_internetds_health_app02 Key=PurgeAfterFE,Value=1493057405 Key=PurgeAllow,Value=true Key=Volume,Value=vol-818ca104 Key=Created,Value=1490465405
INSTANCE i-d82516e0
INSTANCE NAME: dev_internetds_epolicy_app01
Tagging Snapshot snap-0a90d2c9982312a11 with the following Tags: Key=CreatedBy,Value=ec2-automate-backup Key=InstanceId,Value=i-d82516e0 Key=InstanceName,Value=dev_internetds_epolicy_app01 Key=PurgeAfterFE,Value=1493057405 Key=PurgeAllow,Value=true Key=Volume,Value=vol-838ca106 Key=Created,Value=1490465405
INSTANCE i-ab251693
INSTANCE NAME: uat_internetds_opsmon_app02
Tagging Snapshot snap-0656829d9dec1fa38 with the following Tags: Key=CreatedBy,Value=ec2-automate-backup Key=InstanceId,Value=i-ab251693 Key=InstanceName,Value=uat_internetds_opsmon_app02 Key=PurgeAfterFE,Value=1493057405 Key=PurgeAllow,Value=true Key=Volume,Value=vol-998ca11c Key=Created,Value=1490465405
INSTANCE i-ba241782
INSTANCE NAME: uat_internetds_mid02
Tagging Snapshot snap-0833a5b815572fd67 with the following Tags: Key=CreatedBy,Value=ec2-automate-backup Key=InstanceId,Value=i-ba241782 Key=InstanceName,Value=uat_internetds_mid02 Key=PurgeAfterFE,Value=1493057405 Key=PurgeAllow,Value=true Key=Volume,Value=vol-ea8ca16f Key=Created,Value=1490465405
INSTANCE i-ae251696
INSTANCE NAME: sim_internetds_epolicy_app01
Tagging Snapshot snap-0df835dc54697a72f with the following Tags: Key=CreatedBy,Value=ec2-automate-backup Key=InstanceId,Value=i-ae251696 Key=InstanceName,Value=sim_internetds_epolicy_app01 Key=PurgeAfterFE,Value=1493057405 Key=PurgeAllow,Value=true Key=Volume,Value=vol-0d8ca188 Key=Created,Value=1490465405
INSTANCE i-d92516e1
INSTANCE NAME: dat_internetds_epolicy_app01
Tagging Snapshot snap-0baed23b1c9f29529 with the following Tags: Key=CreatedBy,Value=ec2-automate-backup Key=InstanceId,Value=i-d92516e1 Key=InstanceName,Value=dat_internetds_epolicy_app01 Key=PurgeAfterFE,Value=1493057405 Key=PurgeAllow,Value=true Key=Volume,Value=vol-0c8ca189 Key=Created,Value=1490465405
INSTANCE i-ab251693
INSTANCE NAME: uat_internetds_opsmon_app02
Tagging Snapshot snap-0333a93e47a966949 with the following Tags: Key=CreatedBy,Value=ec2-automate-backup Key=InstanceId,Value=i-ab251693 Key=InstanceName,Value=uat_internetds_opsmon_app02 Key=PurgeAfterFE,Value=1493057405 Key=PurgeAllow,Value=true Key=Volume,Value=vol-098ca18c Key=Created,Value=1490465405
INSTANCE i-af251697
INSTANCE NAME: uat_internetds_epolicy_app01
Tagging Snapshot snap-0d5ca169376d20993 with the following Tags: Key=CreatedBy,Value=ec2-automate-backup Key=InstanceId,Value=i-af251697 Key=InstanceName,Value=uat_internetds_epolicy_app01 Key=PurgeAfterFE,Value=1493057405 Key=PurgeAllow,Value=true Key=Volume,Value=vol-1c8ca199 Key=Created,Value=1490465405
INSTANCE i-ba241782
INSTANCE NAME: uat_internetds_mid02
Tagging Snapshot snap-031ce146616b3a90b with the following Tags: Key=CreatedBy,Value=ec2-automate-backup Key=InstanceId,Value=i-ba241782 Key=InstanceName,Value=uat_internetds_mid02 Key=PurgeAfterFE,Value=1493057405 Key=PurgeAllow,Value=true Key=Volume,Value=vol-348ca1b1 Key=Created,Value=1490465405
INSTANCE i-00241738
INSTANCE NAME: uat_internetds_life_app01
Tagging Snapshot snap-0d0a23e696dcd0184 with the following Tags: Key=CreatedBy,Value=ec2-automate-backup Key=InstanceId,Value=i-00241738 Key=InstanceName,Value=uat_internetds_life_app01 Key=PurgeAfterFE,Value=1493057405 Key=PurgeAllow,Value=true Key=Volume,Value=vol-dc8fa259 Key=Created,Value=1490465405
INSTANCE i-00241738
INSTANCE NAME: uat_internetds_life_app01
Tagging Snapshot snap-0d472ef1218e9c981 with the following Tags: Key=CreatedBy,Value=ec2-automate-backup Key=InstanceId,Value=i-00241738 Key=InstanceName,Value=uat_internetds_life_app01 Key=PurgeAfterFE,Value=1493057405 Key=PurgeAllow,Value=true Key=Volume,Value=vol-e78fa262 Key=Created,Value=1490465405
INSTANCE i-2e281b16
INSTANCE NAME: dev_internetds_front_app01
Tagging Snapshot snap-04691afa7be37448c with the following Tags: Key=CreatedBy,Value=ec2-automate-backup Key=InstanceId,Value=i-2e281b16 Key=InstanceName,Value=dev_internetds_front_app01 Key=PurgeAfterFE,Value=1493057405 Key=PurgeAllow,Value=true Key=Volume,Value=vol-4c84a9c9 Key=Created,Value=1490465405
INSTANCE i-2e281b16
INSTANCE NAME: dev_internetds_front_app01
Tagging Snapshot snap-028fcfacb995cd4bb with the following Tags: Key=CreatedBy,Value=ec2-automate-backup Key=InstanceId,Value=i-2e281b16 Key=InstanceName,Value=dev_internetds_front_app01 Key=PurgeAfterFE,Value=1493057405 Key=PurgeAllow,Value=true Key=Volume,Value=vol-cd87aa48 Key=Created,Value=1490465405
INSTANCE i-08281b30
INSTANCE NAME: dev_internetds_life_app01
Tagging Snapshot snap-0da7b95f9a26b6a9e with the following Tags: Key=CreatedBy,Value=ec2-automate-backup Key=InstanceId,Value=i-08281b30 Key=InstanceName,Value=dev_internetds_life_app01 Key=PurgeAfterFE,Value=1493057405 Key=PurgeAllow,Value=true Key=Volume,Value=vol-5287aad7 Key=Created,Value=1490465405
INSTANCE i-08281b30
INSTANCE NAME: dev_internetds_life_app01
Tagging Snapshot snap-09d3ad1e36c95c5ad with the following Tags: Key=CreatedBy,Value=ec2-automate-backup Key=InstanceId,Value=i-08281b30 Key=InstanceName,Value=dev_internetds_life_app01 Key=PurgeAfterFE,Value=1493057405 Key=PurgeAllow,Value=true Key=Volume,Value=vol-a486ab21 Key=Created,Value=1490465405
INSTANCE i-05281b3d
INSTANCE NAME: dev_internetds_health_app01
Tagging Snapshot snap-0082a7fead7fcf98d with the following Tags: Key=CreatedBy,Value=ec2-automate-backup Key=InstanceId,Value=i-05281b3d Key=InstanceName,Value=dev_internetds_health_app01 Key=PurgeAfterFE,Value=1493057405 Key=PurgeAllow,Value=true Key=Volume,Value=vol-3486abb1 Key=Created,Value=1490465405
INSTANCE i-c4281bfc
INSTANCE NAME: dev_internetds_opsmon_app01
Tagging Snapshot snap-044eb7ba95af0893a with the following Tags: Key=CreatedBy,Value=ec2-automate-backup Key=InstanceId,Value=i-c4281bfc Key=InstanceName,Value=dev_internetds_opsmon_app01 Key=PurgeAfterFE,Value=1493057405 Key=PurgeAllow,Value=true Key=Volume,Value=vol-7286abf7 Key=Created,Value=1490465405
INSTANCE i-05281b3d
INSTANCE NAME: dev_internetds_health_app01
Tagging Snapshot snap-0366c0cd92726a0d8 with the following Tags: Key=CreatedBy,Value=ec2-automate-backup Key=InstanceId,Value=i-05281b3d Key=InstanceName,Value=dev_internetds_health_app01 Key=PurgeAfterFE,Value=1493057405 Key=PurgeAllow,Value=true Key=Volume,Value=vol-8581ac00 Key=Created,Value=1490465405
INSTANCE i-c4281bfc
INSTANCE NAME: dev_internetds_opsmon_app01
Tagging Snapshot snap-0783f3dc89a226d44 with the following Tags: Key=CreatedBy,Value=ec2-automate-backup Key=InstanceId,Value=i-c4281bfc Key=InstanceName,Value=dev_internetds_opsmon_app01 Key=PurgeAfterFE,Value=1493057405 Key=PurgeAllow,Value=true Key=Volume,Value=vol-9581ac10 Key=Created,Value=1490465405
INSTANCE i-392d1e01
INSTANCE NAME: dev_internetds_mid01
Tagging Snapshot snap-0366ba5bc592cbc70 with the following Tags: Key=CreatedBy,Value=ec2-automate-backup Key=InstanceId,Value=i-392d1e01 Key=InstanceName,Value=dev_internetds_mid01 Key=PurgeAfterFE,Value=1493057405 Key=PurgeAllow,Value=true Key=Volume,Value=vol-a29db027 Key=Created,Value=1490465405
INSTANCE i-392d1e01
INSTANCE NAME: dev_internetds_mid01
Tagging Snapshot snap-03e80c21e6a744bbd with the following Tags: Key=CreatedBy,Value=ec2-automate-backup Key=InstanceId,Value=i-392d1e01 Key=InstanceName,Value=dev_internetds_mid01 Key=PurgeAfterFE,Value=1493057405 Key=PurgeAllow,Value=true Key=Volume,Value=vol-ce9db04b Key=Created,Value=1490465405
INSTANCE i-322d1e0a
INSTANCE NAME: dev_internetds_datax_app01
Tagging Snapshot snap-0a38243acda40b62f with the following Tags: Key=CreatedBy,Value=ec2-automate-backup Key=InstanceId,Value=i-322d1e0a Key=InstanceName,Value=dev_internetds_datax_app01 Key=PurgeAfterFE,Value=1493057405 Key=PurgeAllow,Value=true Key=Volume,Value=vol-f19db074 Key=Created,Value=1490465405
INSTANCE i-322d1e0a
INSTANCE NAME: dev_internetds_datax_app01
Tagging Snapshot snap-08153fe7c512909ff with the following Tags: Key=CreatedBy,Value=ec2-automate-backup Key=InstanceId,Value=i-322d1e0a Key=InstanceName,Value=dev_internetds_datax_app01 Key=PurgeAfterFE,Value=1493057405 Key=PurgeAllow,Value=true Key=Volume,Value=vol-2a9db0af Key=Created,Value=1490465405
INSTANCE i-062d1e3e
INSTANCE NAME: uat_internetds_datax_app02
Tagging Snapshot snap-03a33949bb1e3a857 with the following Tags: Key=CreatedBy,Value=ec2-automate-backup Key=InstanceId,Value=i-062d1e3e Key=InstanceName,Value=uat_internetds_datax_app02 Key=PurgeAfterFE,Value=1493057405 Key=PurgeAllow,Value=true Key=Volume,Value=vol-729db0f7 Key=Created,Value=1490465405
INSTANCE i-062d1e3e
INSTANCE NAME: uat_internetds_datax_app02
Tagging Snapshot snap-03c7a01340e7415ff with the following Tags: Key=CreatedBy,Value=ec2-automate-backup Key=InstanceId,Value=i-062d1e3e Key=InstanceName,Value=uat_internetds_datax_app02 Key=PurgeAfterFE,Value=1493057405 Key=PurgeAllow,Value=true Key=Volume,Value=vol-d79cb152 Key=Created,Value=1490465405
INSTANCE i-04330e3c
INSTANCE NAME: test_epolicy_mail01
Tagging Snapshot snap-075abf9563b9fdcee with the following Tags: Key=CreatedBy,Value=ec2-automate-backup Key=InstanceId,Value=i-04330e3c Key=InstanceName,Value=test_epolicy_mail01 Key=PurgeAfterFE,Value=1493057405 Key=PurgeAllow,Value=true Key=Volume,Value=vol-f0567f75 Key=Created,Value=1490465405
INSTANCE i-04330e3c
INSTANCE NAME: test_epolicy_mail01
Tagging Snapshot snap-072a187618d473bc5 with the following Tags: Key=CreatedBy,Value=ec2-automate-backup Key=InstanceId,Value=i-04330e3c Key=InstanceName,Value=test_epolicy_mail01 Key=PurgeAfterFE,Value=1493057405 Key=PurgeAllow,Value=true Key=Volume,Value=vol-74567ff1 Key=Created,Value=1490465405
INSTANCE i-1eb28f26
INSTANCE NAME: uat_internetds_datax_app1
Tagging Snapshot snap-00cf49ddb2cdc6ce7 with the following Tags: Key=CreatedBy,Value=ec2-automate-backup Key=InstanceId,Value=i-1eb28f26 Key=InstanceName,Value=uat_internetds_datax_app1 Key=PurgeAfterFE,Value=1493057405 Key=PurgeAllow,Value=true Key=Volume,Value=vol-41644cc4 Key=Created,Value=1490465405
INSTANCE i-1eb28f26
INSTANCE NAME: uat_internetds_datax_app1
Tagging Snapshot snap-0e34082f6fae70f47 with the following Tags: Key=CreatedBy,Value=ec2-automate-backup Key=InstanceId,Value=i-1eb28f26 Key=InstanceName,Value=uat_internetds_datax_app1 Key=PurgeAfterFE,Value=1493057405 Key=PurgeAllow,Value=true Key=Volume,Value=vol-ab654d2e Key=Created,Value=1490465405
INSTANCE i-d1a598e9
INSTANCE NAME: dev_internetds_datax_app03
Tagging Snapshot snap-04e7b19f267312ebc with the following Tags: Key=CreatedBy,Value=ec2-automate-backup Key=InstanceId,Value=i-d1a598e9 Key=InstanceName,Value=dev_internetds_datax_app03 Key=PurgeAfterFE,Value=1493057405 Key=PurgeAllow,Value=true Key=Volume,Value=vol-13745c96 Key=Created,Value=1490465405
INSTANCE i-d1a598e9
INSTANCE NAME: dev_internetds_datax_app03
Tagging Snapshot snap-0b5c4c0fbf711b5b4 with the following Tags: Key=CreatedBy,Value=ec2-automate-backup Key=InstanceId,Value=i-d1a598e9 Key=InstanceName,Value=dev_internetds_datax_app03 Key=PurgeAfterFE,Value=1493057405 Key=PurgeAllow,Value=true Key=Volume,Value=vol-50745cd5 Key=Created,Value=1490465405
INSTANCE i-8099a6b8
INSTANCE NAME: internetds_dmz_nginx01
Tagging Snapshot snap-027b71f059973736f with the following Tags: Key=CreatedBy,Value=ec2-automate-backup Key=InstanceId,Value=i-8099a6b8 Key=InstanceName,Value=internetds_dmz_nginx01 Key=PurgeAfterFE,Value=1493057405 Key=PurgeAllow,Value=true Key=Volume,Value=vol-88c6f30d Key=Created,Value=1490465405
INSTANCE i-8099a6b8
INSTANCE NAME: internetds_dmz_nginx01
Tagging Snapshot snap-0d9cb9748305e567a with the following Tags: Key=CreatedBy,Value=ec2-automate-backup Key=InstanceId,Value=i-8099a6b8 Key=InstanceName,Value=internetds_dmz_nginx01 Key=PurgeAfterFE,Value=1493057405 Key=PurgeAllow,Value=true Key=Volume,Value=vol-a7c6f322 Key=Created,Value=1490465405
INSTANCE i-a794ab9f
INSTANCE NAME: internetds_front_nginx01
Tagging Snapshot snap-007b551c6a29d1ce9 with the following Tags: Key=CreatedBy,Value=ec2-automate-backup Key=InstanceId,Value=i-a794ab9f Key=InstanceName,Value=internetds_front_nginx01 Key=PurgeAfterFE,Value=1493057405 Key=PurgeAllow,Value=true Key=Volume,Value=vol-b8ccf93d Key=Created,Value=1490465405
INSTANCE i-a794ab9f
INSTANCE NAME: internetds_front_nginx01
Tagging Snapshot snap-047a1c812f0f18587 with the following Tags: Key=CreatedBy,Value=ec2-automate-backup Key=InstanceId,Value=i-a794ab9f Key=InstanceName,Value=internetds_front_nginx01 Key=PurgeAfterFE,Value=1493057405 Key=PurgeAllow,Value=true Key=Volume,Value=vol-cfccf94a Key=Created,Value=1490465405
INSTANCE i-0194ab39
INSTANCE NAME: internetds_front_zkp_app01
Tagging Snapshot snap-0f6fe5a52dc7d685b with the following Tags: Key=CreatedBy,Value=ec2-automate-backup Key=InstanceId,Value=i-0194ab39 Key=InstanceName,Value=internetds_front_zkp_app01 Key=PurgeAfterFE,Value=1493057405 Key=PurgeAllow,Value=true Key=Volume,Value=vol-33ccf9b6 Key=Created,Value=1490465405
INSTANCE i-0194ab39
INSTANCE NAME: internetds_front_zkp_app01
Tagging Snapshot snap-009b022d71a771f6b with the following Tags: Key=CreatedBy,Value=ec2-automate-backup Key=InstanceId,Value=i-0194ab39 Key=InstanceName,Value=internetds_front_zkp_app01 Key=PurgeAfterFE,Value=1493057405 Key=PurgeAllow,Value=true Key=Volume,Value=vol-c1cffa44 Key=Created,Value=1490465405
INSTANCE i-d187b8e9
INSTANCE NAME: internetds_front_dsjr_app01
Tagging Snapshot snap-0f49d30ecc251f607 with the following Tags: Key=CreatedBy,Value=ec2-automate-backup Key=InstanceId,Value=i-d187b8e9 Key=InstanceName,Value=internetds_front_dsjr_app01 Key=PurgeAfterFE,Value=1493057405 Key=PurgeAllow,Value=true Key=Volume,Value=vol-e4b98c61 Key=Created,Value=1490465405
INSTANCE i-9c87b8a4
INSTANCE NAME: internetds_life_jsyq_app01
Tagging Snapshot snap-05224c8721baa2b8a with the following Tags: Key=CreatedBy,Value=ec2-automate-backup Key=InstanceId,Value=i-9c87b8a4 Key=InstanceName,Value=internetds_life_jsyq_app01 Key=PurgeAfterFE,Value=1493057405 Key=PurgeAllow,Value=true Key=Volume,Value=vol-f3b98c76 Key=Created,Value=1490465405
INSTANCE i-9c87b8a4
INSTANCE NAME: internetds_life_jsyq_app01
Tagging Snapshot snap-0c7117fdec9587b4d with the following Tags: Key=CreatedBy,Value=ec2-automate-backup Key=InstanceId,Value=i-9c87b8a4 Key=InstanceName,Value=internetds_life_jsyq_app01 Key=PurgeAfterFE,Value=1493057405 Key=PurgeAllow,Value=true Key=Volume,Value=vol-f2b98c77 Key=Created,Value=1490465405
INSTANCE i-0187b839
INSTANCE NAME: internetds_life_bdgl_app01
Tagging Snapshot snap-0506863323a53a169 with the following Tags: Key=CreatedBy,Value=ec2-automate-backup Key=InstanceId,Value=i-0187b839 Key=InstanceName,Value=internetds_life_bdgl_app01 Key=PurgeAfterFE,Value=1493057405 Key=PurgeAllow,Value=true Key=Volume,Value=vol-00b98c85 Key=Created,Value=1490465405
INSTANCE i-d187b8e9
INSTANCE NAME: internetds_front_dsjr_app01
Tagging Snapshot snap-08b6aa8c0771dd654 with the following Tags: Key=CreatedBy,Value=ec2-automate-backup Key=InstanceId,Value=i-d187b8e9 Key=InstanceName,Value=internetds_front_dsjr_app01 Key=PurgeAfterFE,Value=1493057405 Key=PurgeAllow,Value=true Key=Volume,Value=vol-0cb98c89 Key=Created,Value=1490465405
INSTANCE i-1786b92f
INSTANCE NAME: internetds_front_mq_app01
Tagging Snapshot snap-02e1febfa0f011591 with the following Tags: Key=CreatedBy,Value=ec2-automate-backup Key=InstanceId,Value=i-1786b92f Key=InstanceName,Value=internetds_front_mq_app01 Key=PurgeAfterFE,Value=1493057405 Key=PurgeAllow,Value=true Key=Volume,Value=vol-0fb98c8a Key=Created,Value=1490465405
INSTANCE i-1186b929
INSTANCE NAME: internetds_life_xqyhb_app01
Tagging Snapshot snap-037464a0efd9dcea0 with the following Tags: Key=CreatedBy,Value=ec2-automate-backup Key=InstanceId,Value=i-1186b929 Key=InstanceName,Value=internetds_life_xqyhb_app01 Key=PurgeAfterFE,Value=1493057405 Key=PurgeAllow,Value=true Key=Volume,Value=vol-56b98cd3 Key=Created,Value=1490465405
INSTANCE i-0a87b832
INSTANCE NAME: internetds_life_bq_app01
Tagging Snapshot snap-0ad65e54b7c10a5cd with the following Tags: Key=CreatedBy,Value=ec2-automate-backup Key=InstanceId,Value=i-0a87b832 Key=InstanceName,Value=internetds_life_bq_app01 Key=PurgeAfterFE,Value=1493057405 Key=PurgeAllow,Value=true Key=Volume,Value=vol-6cb98ce9 Key=Created,Value=1490465405
INSTANCE i-0187b839
INSTANCE NAME: internetds_life_bdgl_app01
Tagging Snapshot snap-024236fbdf085814a with the following Tags: Key=CreatedBy,Value=ec2-automate-backup Key=InstanceId,Value=i-0187b839 Key=InstanceName,Value=internetds_life_bdgl_app01 Key=PurgeAfterFE,Value=1493057405 Key=PurgeAllow,Value=true Key=Volume,Value=vol-80b88d05 Key=Created,Value=1490465405
INSTANCE i-0a87b832
INSTANCE NAME: internetds_life_bq_app01
Tagging Snapshot snap-05123dae7a746fd34 with the following Tags: Key=CreatedBy,Value=ec2-automate-backup Key=InstanceId,Value=i-0a87b832 Key=InstanceName,Value=internetds_life_bq_app01 Key=PurgeAfterFE,Value=1493057405 Key=PurgeAllow,Value=true Key=Volume,Value=vol-89b88d0c Key=Created,Value=1490465405
INSTANCE i-1186b929
INSTANCE NAME: internetds_life_xqyhb_app01
Tagging Snapshot snap-04e0d36b3b57eef34 with the following Tags: Key=CreatedBy,Value=ec2-automate-backup Key=InstanceId,Value=i-1186b929 Key=InstanceName,Value=internetds_life_xqyhb_app01 Key=PurgeAfterFE,Value=1493057405 Key=PurgeAllow,Value=true Key=Volume,Value=vol-a7b88d22 Key=Created,Value=1490465405
INSTANCE i-1786b92f
INSTANCE NAME: internetds_front_mq_app01
Tagging Snapshot snap-0beb2887c066ae7e9 with the following Tags: Key=CreatedBy,Value=ec2-automate-backup Key=InstanceId,Value=i-1786b92f Key=InstanceName,Value=internetds_front_mq_app01 Key=PurgeAfterFE,Value=1493057405 Key=PurgeAllow,Value=true Key=Volume,Value=vol-a1b88d24 Key=Created,Value=1490465405
INSTANCE i-d75967ef
INSTANCE NAME: internetds_opsmon_app01
Tagging Snapshot snap-0d5c14918bffb7d64 with the following Tags: Key=CreatedBy,Value=ec2-automate-backup Key=InstanceId,Value=i-d75967ef Key=InstanceName,Value=internetds_opsmon_app01 Key=PurgeAfterFE,Value=1493057405 Key=PurgeAllow,Value=true Key=Volume,Value=vol-3d695db8 Key=Created,Value=1490465405
INSTANCE i-d75967ef
INSTANCE NAME: internetds_opsmon_app01
Tagging Snapshot snap-0efaa5e1ecf915f5e with the following Tags: Key=CreatedBy,Value=ec2-automate-backup Key=InstanceId,Value=i-d75967ef Key=InstanceName,Value=internetds_opsmon_app01 Key=PurgeAfterFE,Value=1493057405 Key=PurgeAllow,Value=true Key=Volume,Value=vol-9c6a5e19 Key=Created,Value=1490465405
INSTANCE i-985668a0
INSTANCE NAME: internetds_front_yyzc_app01
Tagging Snapshot snap-08be2752cd8775796 with the following Tags: Key=CreatedBy,Value=ec2-automate-backup Key=InstanceId,Value=i-985668a0 Key=InstanceName,Value=internetds_front_yyzc_app01 Key=PurgeAfterFE,Value=1493057405 Key=PurgeAllow,Value=true Key=Volume,Value=vol-9854601d Key=Created,Value=1490465405
INSTANCE i-985668a0
INSTANCE NAME: internetds_front_yyzc_app01
Tagging Snapshot snap-0102ee67b780b850e with the following Tags: Key=CreatedBy,Value=ec2-automate-backup Key=InstanceId,Value=i-985668a0 Key=InstanceName,Value=internetds_front_yyzc_app01 Key=PurgeAfterFE,Value=1493057405 Key=PurgeAllow,Value=true Key=Volume,Value=vol-ab54602e Key=Created,Value=1490465405
INSTANCE i-4257697a
INSTANCE NAME: internetds_nat01
Tagging Snapshot snap-0144c391920fb3673 with the following Tags: Key=CreatedBy,Value=ec2-automate-backup Key=InstanceId,Value=i-4257697a Key=InstanceName,Value=internetds_nat01 Key=PurgeAfterFE,Value=1493057405 Key=PurgeAllow,Value=true Key=Volume,Value=vol-a855612d Key=Created,Value=1490465405
INSTANCE i-3bead403
INSTANCE NAME: internetds_life_xqyhb_app03
Tagging Snapshot snap-0c18115eb5dedb409 with the following Tags: Key=CreatedBy,Value=ec2-automate-backup Key=InstanceId,Value=i-3bead403 Key=InstanceName,Value=internetds_life_xqyhb_app03 Key=PurgeAfterFE,Value=1493057405 Key=PurgeAllow,Value=true Key=Volume,Value=vol-429aaec7 Key=Created,Value=1490465405
INSTANCE i-3bead403
INSTANCE NAME: internetds_life_xqyhb_app03
Tagging Snapshot snap-0eca76ce12462f044 with the following Tags: Key=CreatedBy,Value=ec2-automate-backup Key=InstanceId,Value=i-3bead403 Key=InstanceName,Value=internetds_life_xqyhb_app03 Key=PurgeAfterFE,Value=1493057405 Key=PurgeAllow,Value=true Key=Volume,Value=vol-d89baf5d Key=Created,Value=1490465405
INSTANCE i-a3e9d79b
INSTANCE NAME: internetds_datax_yc_app01
Tagging Snapshot snap-0fea6dd46e571132f with the following Tags: Key=CreatedBy,Value=ec2-automate-backup Key=InstanceId,Value=i-a3e9d79b Key=InstanceName,Value=internetds_datax_yc_app01 Key=PurgeAfterFE,Value=1493057405 Key=PurgeAllow,Value=true Key=Volume,Value=vol-5c87b3d9 Key=Created,Value=1490465405
INSTANCE i-3ce8d604
INSTANCE NAME: internetds_datax_app01
Tagging Snapshot snap-0507be37507bf010b with the following Tags: Key=CreatedBy,Value=ec2-automate-backup Key=InstanceId,Value=i-3ce8d604 Key=InstanceName,Value=internetds_datax_app01 Key=PurgeAfterFE,Value=1493057405 Key=PurgeAllow,Value=true Key=Volume,Value=vol-5f87b3da Key=Created,Value=1490465405
INSTANCE i-3ce8d604
INSTANCE NAME: internetds_datax_app01
Tagging Snapshot snap-0149dd50675d4e4ab with the following Tags: Key=CreatedBy,Value=ec2-automate-backup Key=InstanceId,Value=i-3ce8d604 Key=InstanceName,Value=internetds_datax_app01 Key=PurgeAfterFE,Value=1493057405 Key=PurgeAllow,Value=true Key=Volume,Value=vol-9e80b41b Key=Created,Value=1490465405
INSTANCE i-a3e9d79b
INSTANCE NAME: internetds_datax_yc_app01
Tagging Snapshot snap-07dc9a43727a2778a with the following Tags: Key=CreatedBy,Value=ec2-automate-backup Key=InstanceId,Value=i-a3e9d79b Key=InstanceName,Value=internetds_datax_yc_app01 Key=PurgeAfterFE,Value=1493057405 Key=PurgeAllow,Value=true Key=Volume,Value=vol-b780b432 Key=Created,Value=1490465405
INSTANCE i-4cc5fb74
INSTANCE NAME: mgmt_bastion01
Tagging Snapshot snap-092ab3e10574acf91 with the following Tags: Key=CreatedBy,Value=ec2-automate-backup Key=InstanceId,Value=i-4cc5fb74 Key=InstanceName,Value=mgmt_bastion01 Key=PurgeAfterFE,Value=1493057405 Key=PurgeAllow,Value=true Key=Volume,Value=vol-234176a6 Key=Created,Value=1490465405
INSTANCE i-bfba8487
INSTANCE NAME: internetds_epolicy_app02
Tagging Snapshot snap-0a56c3828a66df842 with the following Tags: Key=CreatedBy,Value=ec2-automate-backup Key=InstanceId,Value=i-bfba8487 Key=InstanceName,Value=internetds_epolicy_app02 Key=PurgeAfterFE,Value=1493057405 Key=PurgeAllow,Value=true Key=Volume,Value=vol-533f08d6 Key=Created,Value=1490465405
INSTANCE i-beba8486
INSTANCE NAME: internetds_epolicy_app01
Tagging Snapshot snap-0a3975966785569ec with the following Tags: Key=CreatedBy,Value=ec2-automate-backup Key=InstanceId,Value=i-beba8486 Key=InstanceName,Value=internetds_epolicy_app01 Key=PurgeAfterFE,Value=1493057405 Key=PurgeAllow,Value=true Key=Volume,Value=vol-523f08d7 Key=Created,Value=1490465405
INSTANCE i-beba8486
INSTANCE NAME: internetds_epolicy_app01
Tagging Snapshot snap-00fae966fb22d315b with the following Tags: Key=CreatedBy,Value=ec2-automate-backup Key=InstanceId,Value=i-beba8486 Key=InstanceName,Value=internetds_epolicy_app01 Key=PurgeAfterFE,Value=1493057405 Key=PurgeAllow,Value=true Key=Volume,Value=vol-a03e0925 Key=Created,Value=1490465405
INSTANCE i-bfba8487
INSTANCE NAME: internetds_epolicy_app02
Tagging Snapshot snap-0896aba1fa3b96035 with the following Tags: Key=CreatedBy,Value=ec2-automate-backup Key=InstanceId,Value=i-bfba8487 Key=InstanceName,Value=internetds_epolicy_app02 Key=PurgeAfterFE,Value=1493057405 Key=PurgeAllow,Value=true Key=Volume,Value=vol-a33e0926 Key=Created,Value=1490465405
INSTANCE i-b0b88688
INSTANCE NAME: internetds_dmz_email01
Tagging Snapshot snap-0ab636fcf86e44ed8 with the following Tags: Key=CreatedBy,Value=ec2-automate-backup Key=InstanceId,Value=i-b0b88688 Key=InstanceName,Value=internetds_dmz_email01 Key=PurgeAfterFE,Value=1493057405 Key=PurgeAllow,Value=true Key=Volume,Value=vol-eb3c0b6e Key=Created,Value=1490465405
INSTANCE i-b0b88688
INSTANCE NAME: internetds_dmz_email01
Tagging Snapshot snap-027b8c1195eaa5c79 with the following Tags: Key=CreatedBy,Value=ec2-automate-backup Key=InstanceId,Value=i-b0b88688 Key=InstanceName,Value=internetds_dmz_email01 Key=PurgeAfterFE,Value=1493057405 Key=PurgeAllow,Value=true Key=Volume,Value=vol-263c0ba3 Key=Created,Value=1490465405
INSTANCE i-08b18930
INSTANCE NAME: internetds_epolicy_app05
Tagging Snapshot snap-03d827d8678edd5d4 with the following Tags: Key=CreatedBy,Value=ec2-automate-backup Key=InstanceId,Value=i-08b18930 Key=InstanceName,Value=internetds_epolicy_app05 Key=PurgeAfterFE,Value=1493057405 Key=PurgeAllow,Value=true Key=Volume,Value=vol-2ca494a9 Key=Created,Value=1490465405
INSTANCE i-09b18931
INSTANCE NAME: internetds_epolicy_app06
Tagging Snapshot snap-0989248f18cb5d9c3 with the following Tags: Key=CreatedBy,Value=ec2-automate-backup Key=InstanceId,Value=i-09b18931 Key=InstanceName,Value=internetds_epolicy_app06 Key=PurgeAfterFE,Value=1493057405 Key=PurgeAllow,Value=true Key=Volume,Value=vol-2fa494aa Key=Created,Value=1490465405
INSTANCE i-09b18931
INSTANCE NAME: internetds_epolicy_app06
Tagging Snapshot snap-05b67d7f395027101 with the following Tags: Key=CreatedBy,Value=ec2-automate-backup Key=InstanceId,Value=i-09b18931 Key=InstanceName,Value=internetds_epolicy_app06 Key=PurgeAfterFE,Value=1493057405 Key=PurgeAllow,Value=true Key=Volume,Value=vol-33a494b6 Key=Created,Value=1490465405
INSTANCE i-08b18930
INSTANCE NAME: internetds_epolicy_app05
Tagging Snapshot snap-0454db1d94d47accb with the following Tags: Key=CreatedBy,Value=ec2-automate-backup Key=InstanceId,Value=i-08b18930 Key=InstanceName,Value=internetds_epolicy_app05 Key=PurgeAfterFE,Value=1493057405 Key=PurgeAllow,Value=true Key=Volume,Value=vol-59a494dc Key=Created,Value=1490465405
INSTANCE i-8feeeab7
INSTANCE NAME: internetds_life_wzyhdz_ftp
Tagging Snapshot snap-0031282ee3df3ae6a with the following Tags: Key=CreatedBy,Value=ec2-automate-backup Key=InstanceId,Value=i-8feeeab7 Key=InstanceName,Value=internetds_life_wzyhdz_ftp Key=PurgeAfterFE,Value=1493057405 Key=PurgeAllow,Value=true Key=Volume,Value=vol-550638d0 Key=Created,Value=1490465405
INSTANCE i-8feeeab7
INSTANCE NAME: internetds_life_wzyhdz_ftp
Tagging Snapshot snap-0deaa47840ac42ab1 with the following Tags: Key=CreatedBy,Value=ec2-automate-backup Key=InstanceId,Value=i-8feeeab7 Key=InstanceName,Value=internetds_life_wzyhdz_ftp Key=PurgeAfterFE,Value=1493057405 Key=PurgeAllow,Value=true Key=Volume,Value=vol-7b0739fe Key=Created,Value=1490465405
INSTANCE i-66eaee5e
INSTANCE NAME: test_internetds_life_wzyhdz_ftp
Tagging Snapshot snap-020aaa58ff64d04bc with the following Tags: Key=CreatedBy,Value=ec2-automate-backup Key=InstanceId,Value=i-66eaee5e Key=InstanceName,Value=test_internetds_life_wzyhdz_ftp Key=PurgeAfterFE,Value=1493057405 Key=PurgeAllow,Value=true Key=Volume,Value=vol-b5033d30 Key=Created,Value=1490465405
INSTANCE i-66eaee5e
INSTANCE NAME: test_internetds_life_wzyhdz_ftp
Tagging Snapshot snap-00331440c7b787147 with the following Tags: Key=CreatedBy,Value=ec2-automate-backup Key=InstanceId,Value=i-66eaee5e Key=InstanceName,Value=test_internetds_life_wzyhdz_ftp Key=PurgeAfterFE,Value=1493057405 Key=PurgeAllow,Value=true Key=Volume,Value=vol-d9033d5c Key=Created,Value=1490465405
INSTANCE i-98696ea0
INSTANCE NAME: yc_internetds_life_loadrunner3
Tagging Snapshot snap-050c15e740576daea with the following Tags: Key=CreatedBy,Value=ec2-automate-backup Key=InstanceId,Value=i-98696ea0 Key=InstanceName,Value=yc_internetds_life_loadrunner3 Key=PurgeAfterFE,Value=1493057405 Key=PurgeAllow,Value=true Key=Volume,Value=vol-0d340d88 Key=Created,Value=1490465405
INSTANCE i-69696e51
INSTANCE NAME: yc_internetds_life_loadrunner4
Tagging Snapshot snap-04021217470bced70 with the following Tags: Key=CreatedBy,Value=ec2-automate-backup Key=InstanceId,Value=i-69696e51 Key=InstanceName,Value=yc_internetds_life_loadrunner4 Key=PurgeAfterFE,Value=1493057405 Key=PurgeAllow,Value=true Key=Volume,Value=vol-62340de7 Key=Created,Value=1490465405
INSTANCE i-69696e51
INSTANCE NAME: yc_internetds_life_loadrunner4
Tagging Snapshot snap-02e79f3e301f74689 with the following Tags: Key=CreatedBy,Value=ec2-automate-backup Key=InstanceId,Value=i-69696e51 Key=InstanceName,Value=yc_internetds_life_loadrunner4 Key=PurgeAfterFE,Value=1493057405 Key=PurgeAllow,Value=true Key=Volume,Value=vol-7f340dfa Key=Created,Value=1490465405
INSTANCE i-98696ea0
INSTANCE NAME: yc_internetds_life_loadrunner3
Tagging Snapshot snap-051c4e8d5daac8f69 with the following Tags: Key=CreatedBy,Value=ec2-automate-backup Key=InstanceId,Value=i-98696ea0 Key=InstanceName,Value=yc_internetds_life_loadrunner3 Key=PurgeAfterFE,Value=1493057405 Key=PurgeAllow,Value=true Key=Volume,Value=vol-82370e07 Key=Created,Value=1490465405
INSTANCE i-ea5855d2
INSTANCE NAME: internetds_opsmon_MongoDB01
Tagging Snapshot snap-074e9ae53edc05b72 with the following Tags: Key=CreatedBy,Value=ec2-automate-backup Key=InstanceId,Value=i-ea5855d2 Key=InstanceName,Value=internetds_opsmon_MongoDB01 Key=PurgeAfterFE,Value=1493057405 Key=PurgeAllow,Value=true Key=Volume,Value=vol-916b6a14 Key=Created,Value=1490465405
INSTANCE i-6758555f
INSTANCE NAME: internetds_opsmon_MongoDB02
Tagging Snapshot snap-08a298d3e69c22a37 with the following Tags: Key=CreatedBy,Value=ec2-automate-backup Key=InstanceId,Value=i-6758555f Key=InstanceName,Value=internetds_opsmon_MongoDB02 Key=PurgeAfterFE,Value=1493057405 Key=PurgeAllow,Value=true Key=Volume,Value=vol-9d6b6a18 Key=Created,Value=1490465405
INSTANCE i-965855ae
INSTANCE NAME: internetds_opsmon_MongoDB03
Tagging Snapshot snap-0c627899cd981250e with the following Tags: Key=CreatedBy,Value=ec2-automate-backup Key=InstanceId,Value=i-965855ae Key=InstanceName,Value=internetds_opsmon_MongoDB03 Key=PurgeAfterFE,Value=1493057405 Key=PurgeAllow,Value=true Key=Volume,Value=vol-e06b6a65 Key=Created,Value=1490465405
INSTANCE i-6758555f
INSTANCE NAME: internetds_opsmon_MongoDB02
Tagging Snapshot snap-0d92282d6021cd9cb with the following Tags: Key=CreatedBy,Value=ec2-automate-backup Key=InstanceId,Value=i-6758555f Key=InstanceName,Value=internetds_opsmon_MongoDB02 Key=PurgeAfterFE,Value=1493057405 Key=PurgeAllow,Value=true Key=Volume,Value=vol-f66b6a73 Key=Created,Value=1490465405
INSTANCE i-ea5855d2
INSTANCE NAME: internetds_opsmon_MongoDB01
Tagging Snapshot snap-0cdaafd5075b7baa7 with the following Tags: Key=CreatedBy,Value=ec2-automate-backup Key=InstanceId,Value=i-ea5855d2 Key=InstanceName,Value=internetds_opsmon_MongoDB01 Key=PurgeAfterFE,Value=1493057405 Key=PurgeAllow,Value=true Key=Volume,Value=vol-006b6a85 Key=Created,Value=1490465405
INSTANCE i-965855ae
INSTANCE NAME: internetds_opsmon_MongoDB03
Tagging Snapshot snap-0c2da8543b01627b2 with the following Tags: Key=CreatedBy,Value=ec2-automate-backup Key=InstanceId,Value=i-965855ae Key=InstanceName,Value=internetds_opsmon_MongoDB03 Key=PurgeAfterFE,Value=1493057405 Key=PurgeAllow,Value=true Key=Volume,Value=vol-116b6a94 Key=Created,Value=1490465405
INSTANCE i-0c585534
INSTANCE NAME: internetds_opsmon_DB01
Tagging Snapshot snap-0207e2b9bbdbcc68c with the following Tags: Key=CreatedBy,Value=ec2-automate-backup Key=InstanceId,Value=i-0c585534 Key=InstanceName,Value=internetds_opsmon_DB01 Key=PurgeAfterFE,Value=1493057405 Key=PurgeAllow,Value=true Key=Volume,Value=vol-8f6a6b0a Key=Created,Value=1490465405
INSTANCE i-0c585534
INSTANCE NAME: internetds_opsmon_DB01
Tagging Snapshot snap-057be7fbcf7e94104 with the following Tags: Key=CreatedBy,Value=ec2-automate-backup Key=InstanceId,Value=i-0c585534 Key=InstanceName,Value=internetds_opsmon_DB01 Key=PurgeAfterFE,Value=1493057405 Key=PurgeAllow,Value=true Key=Volume,Value=vol-f26a6b77 Key=Created,Value=1490465405
INSTANCE i-050a03a5a66df8028
INSTANCE NAME: dev_internetds_health_mid_app01
Tagging Snapshot snap-02ad9dd757d467d41 with the following Tags: Key=CreatedBy,Value=ec2-automate-backup Key=InstanceId,Value=i-050a03a5a66df8028 Key=InstanceName,Value=dev_internetds_health_mid_app01 Key=PurgeAfterFE,Value=1493057405 Key=PurgeAllow,Value=true Key=Volume,Value=vol-043c0352acf24d5d9 Key=Created,Value=1490465405
INSTANCE i-050a03a5a66df8028
INSTANCE NAME: dev_internetds_health_mid_app01
Tagging Snapshot snap-03568fbebc5e9f010 with the following Tags: Key=CreatedBy,Value=ec2-automate-backup Key=InstanceId,Value=i-050a03a5a66df8028 Key=InstanceName,Value=dev_internetds_health_mid_app01 Key=PurgeAfterFE,Value=1493057405 Key=PurgeAllow,Value=true Key=Volume,Value=vol-0168547c8e130e25c Key=Created,Value=1490465405
INSTANCE i-0e0a6ed23b32e226e
INSTANCE NAME: uat_internetds_health_mid_app01
Tagging Snapshot snap-01e276994c62a0702 with the following Tags: Key=CreatedBy,Value=ec2-automate-backup Key=InstanceId,Value=i-0e0a6ed23b32e226e Key=InstanceName,Value=uat_internetds_health_mid_app01 Key=PurgeAfterFE,Value=1493057405 Key=PurgeAllow,Value=true Key=Volume,Value=vol-0afa35598272ee33a Key=Created,Value=1490465405
INSTANCE i-0e0a6ed23b32e226e
INSTANCE NAME: uat_internetds_health_mid_app01
Tagging Snapshot snap-07edf5e09ac254b4d with the following Tags: Key=CreatedBy,Value=ec2-automate-backup Key=InstanceId,Value=i-0e0a6ed23b32e226e Key=InstanceName,Value=uat_internetds_health_mid_app01 Key=PurgeAfterFE,Value=1493057405 Key=PurgeAllow,Value=true Key=Volume,Value=vol-0a58fdefe505b5f9c Key=Created,Value=1490465405
INSTANCE i-01b5bff014607d4f7
INSTANCE NAME: dev_internetds_health_datax_app01
Tagging Snapshot snap-0bacfb883f6f35446 with the following Tags: Key=CreatedBy,Value=ec2-automate-backup Key=InstanceId,Value=i-01b5bff014607d4f7 Key=InstanceName,Value=dev_internetds_health_datax_app01 Key=PurgeAfterFE,Value=1493057405 Key=PurgeAllow,Value=true Key=Volume,Value=vol-0bb879fc8a757300a Key=Created,Value=1490465405
INSTANCE i-01b5bff014607d4f7
INSTANCE NAME: dev_internetds_health_datax_app01
Tagging Snapshot snap-03e1247f86b65e33b with the following Tags: Key=CreatedBy,Value=ec2-automate-backup Key=InstanceId,Value=i-01b5bff014607d4f7 Key=InstanceName,Value=dev_internetds_health_datax_app01 Key=PurgeAfterFE,Value=1493057405 Key=PurgeAllow,Value=true Key=Volume,Value=vol-0f7aad9912e0ac78f Key=Created,Value=1490465405
INSTANCE i-04bdc4bc1f009c0ea
INSTANCE NAME: uat_internetds_health_datax_app01
Tagging Snapshot snap-01797b4254cab71af with the following Tags: Key=CreatedBy,Value=ec2-automate-backup Key=InstanceId,Value=i-04bdc4bc1f009c0ea Key=InstanceName,Value=uat_internetds_health_datax_app01 Key=PurgeAfterFE,Value=1493057405 Key=PurgeAllow,Value=true Key=Volume,Value=vol-02b1f7b9a208a8cf3 Key=Created,Value=1490465405
INSTANCE i-06bbe1529e0cf11a7
INSTANCE NAME: dev_internetds_health_gzyq_app01
Tagging Snapshot snap-0421134b7103a4998 with the following Tags: Key=CreatedBy,Value=ec2-automate-backup Key=InstanceId,Value=i-06bbe1529e0cf11a7 Key=InstanceName,Value=dev_internetds_health_gzyq_app01 Key=PurgeAfterFE,Value=1493057405 Key=PurgeAllow,Value=true Key=Volume,Value=vol-08bb86e51d56539a0 Key=Created,Value=1490465405
INSTANCE i-04bdc4bc1f009c0ea
INSTANCE NAME: uat_internetds_health_datax_app01
Tagging Snapshot snap-03c3e86834ad1c95f with the following Tags: Key=CreatedBy,Value=ec2-automate-backup Key=InstanceId,Value=i-04bdc4bc1f009c0ea Key=InstanceName,Value=uat_internetds_health_datax_app01 Key=PurgeAfterFE,Value=1493057405 Key=PurgeAllow,Value=true Key=Volume,Value=vol-05de05e324a99ef83 Key=Created,Value=1490465405
INSTANCE i-0923e5fab39808597
INSTANCE NAME: uat_internetds_health_gzyq_app01
Tagging Snapshot snap-02bacfa514615b151 with the following Tags: Key=CreatedBy,Value=ec2-automate-backup Key=InstanceId,Value=i-0923e5fab39808597 Key=InstanceName,Value=uat_internetds_health_gzyq_app01 Key=PurgeAfterFE,Value=1493057405 Key=PurgeAllow,Value=true Key=Volume,Value=vol-0434385cfaf1b40b6 Key=Created,Value=1490465405
INSTANCE i-0a880d078466aa9fa
INSTANCE NAME: yc_internetds_health_bq_app01
Tagging Snapshot snap-035c55227f62760e5 with the following Tags: Key=CreatedBy,Value=ec2-automate-backup Key=InstanceId,Value=i-0a880d078466aa9fa Key=InstanceName,Value=yc_internetds_health_bq_app01 Key=PurgeAfterFE,Value=1493057405 Key=PurgeAllow,Value=true Key=Volume,Value=vol-09a0e66fac3d5e1eb Key=Created,Value=1490465405
INSTANCE i-06bbe1529e0cf11a7
INSTANCE NAME: dev_internetds_health_gzyq_app01
Tagging Snapshot snap-01ecc260300223133 with the following Tags: Key=CreatedBy,Value=ec2-automate-backup Key=InstanceId,Value=i-06bbe1529e0cf11a7 Key=InstanceName,Value=dev_internetds_health_gzyq_app01 Key=PurgeAfterFE,Value=1493057405 Key=PurgeAllow,Value=true Key=Volume,Value=vol-08a8143f5c85716ca Key=Created,Value=1490465405
INSTANCE i-0923e5fab39808597
INSTANCE NAME: uat_internetds_health_gzyq_app01
Tagging Snapshot snap-0b86505fe1fc28db3 with the following Tags: Key=CreatedBy,Value=ec2-automate-backup Key=InstanceId,Value=i-0923e5fab39808597 Key=InstanceName,Value=uat_internetds_health_gzyq_app01 Key=PurgeAfterFE,Value=1493057405 Key=PurgeAllow,Value=true Key=Volume,Value=vol-07121f37e79416b11 Key=Created,Value=1490465405
INSTANCE i-0586ab5c2c0ecfd7e
INSTANCE NAME: yc_internetds_health_bq_app03
Tagging Snapshot snap-08a4f9192f10c88a1 with the following Tags: Key=CreatedBy,Value=ec2-automate-backup Key=InstanceId,Value=i-0586ab5c2c0ecfd7e Key=InstanceName,Value=yc_internetds_health_bq_app03 Key=PurgeAfterFE,Value=1493057405 Key=PurgeAllow,Value=true Key=Volume,Value=vol-00a45c4b239d50c63 Key=Created,Value=1490465405
INSTANCE i-4cc5fb74
INSTANCE NAME: mgmt_bastion01
Tagging Snapshot snap-074155db53f7f0674 with the following Tags: Key=CreatedBy,Value=ec2-automate-backup Key=InstanceId,Value=i-4cc5fb74 Key=InstanceName,Value=mgmt_bastion01 Key=PurgeAfterFE,Value=1493057405 Key=PurgeAllow,Value=true Key=Volume,Value=vol-019a8dea1bccde116 Key=Created,Value=1490465405
INSTANCE i-0a880d078466aa9fa
INSTANCE NAME: yc_internetds_health_bq_app01
Tagging Snapshot snap-0083df92ad8ddbc97 with the following Tags: Key=CreatedBy,Value=ec2-automate-backup Key=InstanceId,Value=i-0a880d078466aa9fa Key=InstanceName,Value=yc_internetds_health_bq_app01 Key=PurgeAfterFE,Value=1493057405 Key=PurgeAllow,Value=true Key=Volume,Value=vol-0283afe05698da23f Key=Created,Value=1490465405
INSTANCE i-0586ab5c2c0ecfd7e
INSTANCE NAME: yc_internetds_health_bq_app03
Tagging Snapshot snap-061f6cca0034040b3 with the following Tags: Key=CreatedBy,Value=ec2-automate-backup Key=InstanceId,Value=i-0586ab5c2c0ecfd7e Key=InstanceName,Value=yc_internetds_health_bq_app03 Key=PurgeAfterFE,Value=1493057405 Key=PurgeAllow,Value=true Key=Volume,Value=vol-01e82bf5c47c9b151 Key=Created,Value=1490465405
Snapshot Purging is Starting Now.
Snapshot "snap-0a97e4cd094509cab" with the PurgeAfterFE date of "1490379006" will be deleted.
Snapshot "snap-0ee4b854d3615ccde" with the PurgeAfterFE date of "1490379006" will be deleted.
Snapshot "snap-08919bca0d895eadc" with the PurgeAfterFE date of "1490379006" will be deleted.
Snapshot "snap-06c5c0dd3f9d5897c" with the PurgeAfterFE date of "1490379006" will be deleted.
Snapshot "snap-04852f6389e2846f7" with the PurgeAfterFE date of "1490379006" will be deleted.
Snapshot "snap-0a27f55b8257af56d" with the PurgeAfterFE date of "1490379006" will be deleted.
Snapshot "snap-08f94be7ddd403b85" with the PurgeAfterFE date of "1490379006" will be deleted.
Snapshot "snap-070ddab959bd0fe16" with the PurgeAfterFE date of "1490379006" will be deleted.
Snapshot "snap-0d68cccbcb76eb46f" with the PurgeAfterFE date of "1490379006" will be deleted.
Snapshot "snap-0af9dc85fc5d5cb71" with the PurgeAfterFE date of "1490379006" will be deleted.
Snapshot "snap-06f2246731f0feded" with the PurgeAfterFE date of "1490379006" will be deleted.
Snapshot "snap-0aeb9edc26421328e" with the PurgeAfterFE date of "1490379006" will be deleted.
Snapshot "snap-00f4cca514431cd7a" with the PurgeAfterFE date of "1490379006" will be deleted.
Snapshot "snap-0cd1bcda9d5878812" with the PurgeAfterFE date of "1490379006" will be deleted.
Snapshot "snap-05b48680238c14326" with the PurgeAfterFE date of "1490379006" will be deleted.
Snapshot "snap-062d8a3f3ed540667" with the PurgeAfterFE date of "1490379006" will be deleted.
Snapshot "snap-0aa6c17b8a6232d70" with the PurgeAfterFE date of "1490379006" will be deleted.
Snapshot "snap-0d12e59c248f9f48a" with the PurgeAfterFE date of "1490379006" will be deleted.
Snapshot "snap-055a2567a6120da4b" with the PurgeAfterFE date of "1490379006" will be deleted.
Snapshot "snap-0cfa21ab77c3bec7f" with the PurgeAfterFE date of "1490379006" will be deleted.
Snapshot "snap-08c94b4a20000117f" with the PurgeAfterFE date of "1490379006" will be deleted.
Snapshot "snap-0ac69411ce71eab33" with the PurgeAfterFE date of "1490379006" will be deleted.
Snapshot "snap-083625233c0147252" with the PurgeAfterFE date of "1490379006" will be deleted.
Snapshot "snap-0636ee6e698f50560" with the PurgeAfterFE date of "1490379006" will be deleted.
Snapshot "snap-0d32e428d975cf686" with the PurgeAfterFE date of "1490379006" will be deleted.
Snapshot "snap-0df4b5dd756bc74ee" with the PurgeAfterFE date of "1490379006" will be deleted.
Snapshot "snap-046860d2c710a2ea7" with the PurgeAfterFE date of "1490379006" will be deleted.
Snapshot "snap-00943e9881af3db84" with the PurgeAfterFE date of "1490379006" will be deleted.
Snapshot "snap-0c412666bfe51c4b7" with the PurgeAfterFE date of "1490379006" will be deleted.
Snapshot "snap-0b0af43b8db0d5720" with the PurgeAfterFE date of "1490379006" will be deleted.
Snapshot "snap-016a56bf768dbed71" with the PurgeAfterFE date of "1490379006" will be deleted.
Snapshot "snap-00fbe2b8a8e13e2dc" with the PurgeAfterFE date of "1490379006" will be deleted.
Snapshot "snap-00aa3dc512cfe13b4" with the PurgeAfterFE date of "1490379006" will be deleted.
Snapshot "snap-078d0c38852a01776" with the PurgeAfterFE date of "1490379006" will be deleted.
Snapshot "snap-0a68e2eb3a5050567" with the PurgeAfterFE date of "1490379006" will be deleted.
Snapshot "snap-0371f97248771bd0b" with the PurgeAfterFE date of "1490379006" will be deleted.
Snapshot "snap-05be83a43d380a4ca" with the PurgeAfterFE date of "1490379006" will be deleted.
Snapshot "snap-00f19dbd5916a7d61" with the PurgeAfterFE date of "1490379006" will be deleted.
Snapshot "snap-0e39de93dfdab3bdd" with the PurgeAfterFE date of "1490379006" will be deleted.
Snapshot "snap-0c7fd3b5cec8330b9" with the PurgeAfterFE date of "1490379006" will be deleted.
Snapshot "snap-0d85672c343e04e6d" with the PurgeAfterFE date of "1490379006" will be deleted.
Snapshot "snap-044581f986dbc109f" with the PurgeAfterFE date of "1490379006" will be deleted.
Snapshot "snap-0ad3f71f22ed1f7fb" with the PurgeAfterFE date of "1490379006" will be deleted.
Snapshot "snap-04274fde3e1cd865c" with the PurgeAfterFE date of "1490379006" will be deleted.
Snapshot "snap-0482b2c333cbc1277" with the PurgeAfterFE date of "1490379006" will be deleted.
Snapshot "snap-0fdecc31693301364" with the PurgeAfterFE date of "1490379006" will be deleted.
Snapshot "snap-0f56e980b50ba83af" with the PurgeAfterFE date of "1490379006" will be deleted.
Snapshot "snap-0cf8f5d11f6a679f5" with the PurgeAfterFE date of "1490379006" will be deleted.
Snapshot "snap-093a8684929cdd5ae" with the PurgeAfterFE date of "1490379006" will be deleted.
Snapshot "snap-0002eeb453de1f12e" with the PurgeAfterFE date of "1490379006" will be deleted.
Snapshot "snap-0b82e48a9b80c5ba9" with the PurgeAfterFE date of "1490379006" will be deleted.
Snapshot "snap-013e03542a15fa28c" with the PurgeAfterFE date of "1490379006" will be deleted.
Snapshot "snap-0ec18610e90ddd3de" with the PurgeAfterFE date of "1490379006" will be deleted.
Snapshot "snap-0b7d6e1f3937818e8" with the PurgeAfterFE date of "1490379006" will be deleted.
Snapshot "snap-08ba8e2d5f74d055c" with the PurgeAfterFE date of "1490379006" will be deleted.
Snapshot "snap-099a28ea890a2a9fc" with the PurgeAfterFE date of "1490379006" will be deleted.
Snapshot "snap-0049da333a2fba640" with the PurgeAfterFE date of "1490379006" will be deleted.
Snapshot "snap-0681cab53f0939456" with the PurgeAfterFE date of "1490379006" will be deleted.
Snapshot "snap-0db934ca2562738e7" with the PurgeAfterFE date of "1490379006" will be deleted.
Snapshot "snap-027ac09eae72bba7c" with the PurgeAfterFE date of "1490379006" will be deleted.
Snapshot "snap-0f743c8349ad94aa6" with the PurgeAfterFE date of "1490379006" will be deleted.
Snapshot "snap-0de48c7b37b6a5711" with the PurgeAfterFE date of "1490379006" will be deleted.
Snapshot "snap-02a125f562c3e2bea" with the PurgeAfterFE date of "1490379006" will be deleted.
Snapshot "snap-075efb7194dada0de" with the PurgeAfterFE date of "1490379006" will be deleted.
Snapshot "snap-0d94639738ad2c4f9" with the PurgeAfterFE date of "1490379006" will be deleted.
Snapshot "snap-0d30409c9d3fb57e9" with the PurgeAfterFE date of "1490379006" will be deleted.
Snapshot "snap-024e5c0ca31c9628b" with the PurgeAfterFE date of "1490379006" will be deleted.
Snapshot "snap-04100d04de88d2d52" with the PurgeAfterFE date of "1490379006" will be deleted.
Snapshot "snap-0c0a354320be62f34" with the PurgeAfterFE date of "1490379006" will be deleted.
Snapshot "snap-002b0066a8520109a" with the PurgeAfterFE date of "1490379006" will be deleted.
Snapshot "snap-07f6958d74c3f561c" with the PurgeAfterFE date of "1490379006" will be deleted.
Snapshot "snap-0fbcb77dcbead7640" with the PurgeAfterFE date of "1490379006" will be deleted.
Snapshot "snap-025978fe9044aa89c" with the PurgeAfterFE date of "1490379006" will be deleted.
Snapshot "snap-09dc11f61e8b9846d" with the PurgeAfterFE date of "1490379006" will be deleted.
Snapshot "snap-0a9d21995d7e65085" with the PurgeAfterFE date of "1490379006" will be deleted.
Snapshot "snap-0821f6ab528113f51" with the PurgeAfterFE date of "1490379006" will be deleted.
Snapshot "snap-098f8cc62a2dd19a8" with the PurgeAfterFE date of "1490379006" will be deleted.
Snapshot "snap-065201fb02a2ce78a" with the PurgeAfterFE date of "1490379006" will be deleted.
Snapshot "snap-0d8e739dc8a86f218" with the PurgeAfterFE date of "1490379006" will be deleted.
Snapshot "snap-03c4c6e2bd1b14efe" with the PurgeAfterFE date of "1490379006" will be deleted.
Snapshot "snap-05d7b6c9b99eacce1" with the PurgeAfterFE date of "1490379006" will be deleted.
Snapshot "snap-0e7ef6f2f34770d57" with the PurgeAfterFE date of "1490379006" will be deleted.
Snapshot "snap-0ef4229e23c41a4fd" with the PurgeAfterFE date of "1490379006" will be deleted.
Snapshot "snap-0ccbad6aa6554ffa3" with the PurgeAfterFE date of "1490379006" will be deleted.
Snapshot "snap-0c31b31442cc57d1d" with the PurgeAfterFE date of "1490379006" will be deleted.
Snapshot "snap-0cf9dbf5674635962" with the PurgeAfterFE date of "1490379006" will be deleted.
Snapshot "snap-031c959365a12cbaa" with the PurgeAfterFE date of "1490379006" will be deleted.
Snapshot "snap-073fdca15f8d72cc0" with the PurgeAfterFE date of "1490379006" will be deleted.
Snapshot "snap-0178c6d03b40126de" with the PurgeAfterFE date of "1490379006" will be deleted.
Snapshot "snap-0e1121d5213dc8632" with the PurgeAfterFE date of "1490379006" will be deleted.
Snapshot "snap-034d89c796d309a69" with the PurgeAfterFE date of "1490379006" will be deleted.
Snapshot "snap-029f0c60f55029770" with the PurgeAfterFE date of "1490379006" will be deleted.
Snapshot "snap-024f29130dc68781f" with the PurgeAfterFE date of "1490379006" will be deleted.
Snapshot "snap-05bf2e3097c1c2239" with the PurgeAfterFE date of "1490379006" will be deleted.
Snapshot "snap-0506c2cce8795fbe9" with the PurgeAfterFE date of "1490379006" will be deleted.
Snapshot "snap-09ae37d18177ebd1d" with the PurgeAfterFE date of "1490379006" will be deleted.
Snapshot "snap-03ccaa8d8ed3eb917" with the PurgeAfterFE date of "1490379006" will be deleted.
Snapshot "snap-0719f5a4c892ea921" with the PurgeAfterFE date of "1490379006" will be deleted.
Snapshot "snap-0e0c3851ea6eb1276" with the PurgeAfterFE date of "1490379006" will be deleted.
Snapshot "snap-01c3ffbc28824e499" with the PurgeAfterFE date of "1490379006" will be deleted.
Snapshot "snap-0088c225f338531e2" with the PurgeAfterFE date of "1490379006" will be deleted.
Snapshot "snap-02b5761e5218642e8" with the PurgeAfterFE date of "1490379006" will be deleted.
Snapshot "snap-043746463fe70ec54" with the PurgeAfterFE date of "1490379006" will be deleted.
Snapshot "snap-00f355943a8bf4718" with the PurgeAfterFE date of "1490379006" will be deleted.
Snapshot "snap-07c08cf44f3fcc6a0" with the PurgeAfterFE date of "1490379006" will be deleted.
Snapshot "snap-02106e550132562bc" with the PurgeAfterFE date of "1490379006" will be deleted.
Snapshot "snap-01bc0738643c88292" with the PurgeAfterFE date of "1490379006" will be deleted.
Snapshot "snap-02a0d4af8e255bc06" with the PurgeAfterFE date of "1490379006" will be deleted.
Snapshot "snap-0298936d0e3b314a6" with the PurgeAfterFE date of "1490379006" will be deleted.
Snapshot "snap-0734154e0aba75dce" with the PurgeAfterFE date of "1490379006" will be deleted.
Snapshot "snap-0cac5dbd389658aa2" with the PurgeAfterFE date of "1490379006" will be deleted.
Snapshot "snap-02b9e681965c177b8" with the PurgeAfterFE date of "1490379006" will be deleted.
Snapshot "snap-068d053145fb96325" with the PurgeAfterFE date of "1490379006" will be deleted.
Snapshot "snap-078630c87009212ae" with the PurgeAfterFE date of "1490379006" will be deleted.
Snapshot "snap-0d1e692f396bf84e0" with the PurgeAfterFE date of "1490379006" will be deleted.
Snapshot "snap-03c838aa53f07b28e" with the PurgeAfterFE date of "1490379006" will be deleted.
Snapshot "snap-04064abc9f5859e76" with the PurgeAfterFE date of "1490379006" will be deleted.
Snapshot "snap-0a179386595a962d5" with the PurgeAfterFE date of "1490379006" will be deleted.
Snapshot "snap-0bf165ab4dcff4061" with the PurgeAfterFE date of "1490379006" will be deleted.
Snapshot "snap-0b60a5d923db30b85" with the PurgeAfterFE date of "1490379006" will be deleted.
Snapshot "snap-0aabf99aeb1b68af6" with the PurgeAfterFE date of "1490379006" will be deleted.
Snapshot "snap-0f4d0c49d7e13b6b9" with the PurgeAfterFE date of "1490379006" will be deleted.
Snapshot "snap-02a37daa46397036d" with the PurgeAfterFE date of "1490379006" will be deleted.
Snapshot "snap-0c9ce6fb425cd7f04" with the PurgeAfterFE date of "1490379006" will be deleted.
Snapshot "snap-0f8d1ec5bb87d4892" with the PurgeAfterFE date of "1490379006" will be deleted.
Snapshot "snap-049cf0b56fa5ec2c7" with the PurgeAfterFE date of "1490379006" will be deleted.
Snapshot "snap-0b442eaa479e6d2d8" with the PurgeAfterFE date of "1490379006" will be deleted.
Snapshot "snap-078f742f7f0a53a3e" with the PurgeAfterFE date of "1490379006" will be deleted.
Snapshot "snap-0cdecd34d38441398" with the PurgeAfterFE date of "1490379006" will be deleted.
Snapshot "snap-001d5b496839006c8" with the PurgeAfterFE date of "1490379006" will be deleted.
Snapshot "snap-0eca38ae1889a9d1a" with the PurgeAfterFE date of "1490379006" will be deleted.
Snapshot "snap-06464621b69ed94e3" with the PurgeAfterFE date of "1490379006" will be deleted.
Snapshot "snap-0388faff72c417bc1" with the PurgeAfterFE date of "1490379006" will be deleted.
Snapshot "snap-0bd8745e8afcf7a85" with the PurgeAfterFE date of "1490379006" will be deleted.
Snapshot "snap-0ab6b47924a4f83a5" with the PurgeAfterFE date of "1490379006" will be deleted.
Snapshot "snap-0f6620e7627534de9" with the PurgeAfterFE date of "1490379006" will be deleted.
Snapshot "snap-0efa8c1a6d21b4eb0" with the PurgeAfterFE date of "1490379006" will be deleted.
Snapshot "snap-0583559d7009e2d7e" with the PurgeAfterFE date of "1490379006" will be deleted.
Snapshot "snap-0c9dd95f75b231475" with the PurgeAfterFE date of "1490379006" will be deleted.
Snapshot "snap-01c02380e3f170cb2" with the PurgeAfterFE date of "1490379006" will be deleted.
Snapshot "snap-0626336f5d74246cd" with the PurgeAfterFE date of "1490379006" will be deleted.
Snapshot "snap-0d25a1d85480e0cd0" with the PurgeAfterFE date of "1490379006" will be deleted.
Snapshot "snap-017f28b244479bb8c" with the PurgeAfterFE date of "1490379006" will be deleted.
Snapshot "snap-00fbd20f69100cb01" with the PurgeAfterFE date of "1490379006" will be deleted.
Snapshot "snap-00907a1b1a5a50b45" with the PurgeAfterFE date of "1490379006" will be deleted.
Snapshot "snap-0086ca950d98cf988" with the PurgeAfterFE date of "1490379006" will be deleted.
Snapshot "snap-0bb1974f658fe48d8" with the PurgeAfterFE date of "1490379006" will be deleted.
Snapshot "snap-0f3a5cfe96f9b0efa" with the PurgeAfterFE date of "1490379006" will be deleted.
Snapshot "snap-0c37bdd8c214960ae" with the PurgeAfterFE date of "1490379006" will be deleted.
Snapshot "snap-09d31c4efcb34d788" with the PurgeAfterFE date of "1490379006" will be deleted.
Snapshot "snap-017c74aa2190621cd" with the PurgeAfterFE date of "1490379006" will be deleted.
Snapshot "snap-04ffde1be3475beb1" with the PurgeAfterFE date of "1490379006" will be deleted.
Snapshot "snap-0217d493f2136faf4" with the PurgeAfterFE date of "1490379006" will be deleted.
Snapshot "snap-0d37494ba863d4a5d" with the PurgeAfterFE date of "1490379006" will be deleted.
Snapshot "snap-07250d426c1338f50" with the PurgeAfterFE date of "1490379006" will be deleted.
Snapshot "snap-0e509e08910498c89" with the PurgeAfterFE date of "1490379006" will be deleted.
Snapshot "snap-08581639bee087ff1" with the PurgeAfterFE date of "1490379006" will be deleted.
Snapshot "snap-01fbb8a89313f6d1d" with the PurgeAfterFE date of "1490379006" will be deleted.
Snapshot "snap-09a20ee54995cfae2" with the PurgeAfterFE date of "1490379006" will be deleted.
Snapshot "snap-0b01a315ae23ec55f" with the PurgeAfterFE date of "1490379006" will be deleted.
Snapshot "snap-0cb572e8e20bd1d5d" with the PurgeAfterFE date of "1490379006" will be deleted.
Snapshot "snap-0577758f819795076" with the PurgeAfterFE date of "1490379006" will be deleted.
Snapshot "snap-0d5bc0ef691e7b4fb" with the PurgeAfterFE date of "1490379006" will be deleted.
Snapshot "snap-004d0659e6e402b57" with the PurgeAfterFE date of "1490379006" will be deleted.
Snapshot "snap-07aed9eaa9376779a" with the PurgeAfterFE date of "1490379006" will be deleted.
Snapshot "snap-01e2fb21bb42dfe68" with the PurgeAfterFE date of "1490379006" will be deleted.
Snapshot "snap-03227762f897bd1bc" with the PurgeAfterFE date of "1490379006" will be deleted.
Snapshot "snap-035ec1ff89ec2acf2" with the PurgeAfterFE date of "1490379006" will be deleted.
Snapshot "snap-0b72dd6214ceeccc8" with the PurgeAfterFE date of "1490379006" will be deleted.
Snapshot "snap-07364b9bade30ffaf" with the PurgeAfterFE date of "1490379006" will be deleted.
Snapshot "snap-0b1f8659a4bc81d15" with the PurgeAfterFE date of "1490379006" will be deleted.
Snapshot "snap-0af3b190260fd384b" with the PurgeAfterFE date of "1490379006" will be deleted.
Snapshot "snap-026abab493251c667" with the PurgeAfterFE date of "1490379006" will be deleted.
Snapshot "snap-0a03be1f3836ab04b" with the PurgeAfterFE date of "1490379006" will be deleted.
Snapshot "snap-0c3713b034b6d366d" with the PurgeAfterFE date of "1490379006" will be deleted.
Snapshot "snap-0745fbed77c45e82b" with the PurgeAfterFE date of "1490379006" will be deleted.
Snapshot "snap-0b6ecad4b70518fcf" with the PurgeAfterFE date of "1490379006" will be deleted.
Snapshot "snap-09437d7ee3c1d782f" with the PurgeAfterFE date of "1490379006" will be deleted.
Snapshot "snap-0e244600d6de003a4" with the PurgeAfterFE date of "1490379006" will be deleted.
Snapshot "snap-009a8b6360ca7171a" with the PurgeAfterFE date of "1490379006" will be deleted.
Snapshot "snap-031a97c5dfc3fdb10" with the PurgeAfterFE date of "1490379006" will be deleted.
Snapshot "snap-0a8f28318d43ee170" with the PurgeAfterFE date of "1490379006" will be deleted.
Snapshot "snap-03c5da3201dd65705" with the PurgeAfterFE date of "1490379006" will be deleted.
Snapshot "snap-02b2a0d2d624e33b4" with the PurgeAfterFE date of "1490379006" will be deleted.
Snapshot "snap-08978863e924e7614" with the PurgeAfterFE date of "1490379006" will be deleted.
Snapshot "snap-0e14d3e8513e3de2a" with the PurgeAfterFE date of "1490379006" will be deleted.
Snapshot "snap-0449a47e193b2b61d" with the PurgeAfterFE date of "1490379006" will be deleted.
Snapshot "snap-0d2a6f3f7a6151ee4" with the PurgeAfterFE date of "1490379006" will be deleted.
Snapshot "snap-08fbde65d9fe8063a" with the PurgeAfterFE date of "1490379006" will be deleted.
Snapshot "snap-0be9da31e043eab68" with the PurgeAfterFE date of "1490379006" will be deleted.
Snapshot "snap-02342bf9d1fdd18ff" with the PurgeAfterFE date of "1490379006" will be deleted.
Snapshot "snap-0f0a95d23d97bf799" with the PurgeAfterFE date of "1490379006" will be deleted.
Snapshot "snap-0465f478240362295" with the PurgeAfterFE date of "1490379006" will be deleted.
Snapshot "snap-0925e2f52ac0caabc" with the PurgeAfterFE date of "1490379006" will be deleted.
Snapshot "snap-07463588f82bdb81c" with the PurgeAfterFE date of "1490379006" will be deleted.
Snapshot "snap-0003dcdc89ee436b9" with the PurgeAfterFE date of "1490379006" will be deleted.
Snapshot "snap-0167856eabbf94eed" with the PurgeAfterFE date of "1490379006" will be deleted.
Snapshot "snap-0ac56f40bd1ace5b6" with the PurgeAfterFE date of "1490379006" will be deleted.
Snapshot "snap-0b8012e5e81b0dfbc" with the PurgeAfterFE date of "1490379006" will be deleted.
Snapshot "snap-04e2a1a313352f3d3" with the PurgeAfterFE date of "1490379006" will be deleted.
Snapshot "snap-0e42cac5fb5ebe58b" with the PurgeAfterFE date of "1490379006" will be deleted.
Snapshot "snap-06155430f4391b457" with the PurgeAfterFE date of "1490379006" will be deleted.
Snapshot "snap-0bf68a910b07c60d8" with the PurgeAfterFE date of "1490379006" will be deleted.
Snapshot "snap-03c52f8324b274c97" with the PurgeAfterFE date of "1490379006" will be deleted.
Snapshot "snap-032e3c279ba028c1d" with the PurgeAfterFE date of "1490379006" will be deleted.
Snapshot "snap-07ee4e7a20577b395" with the PurgeAfterFE date of "1490379006" will be deleted.
Snapshot "snap-04773fd903d911b3b" with the PurgeAfterFE date of "1490379006" will be deleted.
Snapshot "snap-07d78ecaf170b824b" with the PurgeAfterFE date of "1490379006" will be deleted.
