Snapshots taken by ec2-volumes-autobackup.sh will be eligible for purging after the following date (the purge after date given in seconds from epoch): 1491160868.
INSTANCE i-03c8fd87e7b05fa05
INSTANCE NAME: abfinance_95569_app16
Tagging Snapshot snap-040eaeea74e0747ce with the following Tags: Key=CreatedBy,Value=ec2-automate-backup Key=InstanceId,Value=i-03c8fd87e7b05fa05 Key=InstanceName,Value=abfinance_95569_app16 Key=PurgeAfterFE,Value=1491160868 Key=PurgeAllow,Value=true Key=Volume,Value=vol-06c1ef7480d1a0d4c Key=Created,Value=1488568868
INSTANCE i-0c2bf96cb75ee7b5c
INSTANCE NAME: abfinance_95569_app18
Tagging Snapshot snap-0cbc9af4d0e439ed5 with the following Tags: Key=CreatedBy,Value=ec2-automate-backup Key=InstanceId,Value=i-0c2bf96cb75ee7b5c Key=InstanceName,Value=abfinance_95569_app18 Key=PurgeAfterFE,Value=1491160868 Key=PurgeAllow,Value=true Key=Volume,Value=vol-0eae86baf89ae58a6 Key=Created,Value=1488568868
INSTANCE i-0dce85c3f212a5de0
INSTANCE NAME: abfinance_95569_app12
Tagging Snapshot snap-09a33b6ab8d3f32ea with the following Tags: Key=CreatedBy,Value=ec2-automate-backup Key=InstanceId,Value=i-0dce85c3f212a5de0 Key=InstanceName,Value=abfinance_95569_app12 Key=PurgeAfterFE,Value=1491160868 Key=PurgeAllow,Value=true Key=Volume,Value=vol-05c5ee0c944c4a763 Key=Created,Value=1488568868
INSTANCE i-0129ce0f3255429b0
INSTANCE NAME: abfinance_95569_app10
Tagging Snapshot snap-028bdd209c968d8fa with the following Tags: Key=CreatedBy,Value=ec2-automate-backup Key=InstanceId,Value=i-0129ce0f3255429b0 Key=InstanceName,Value=abfinance_95569_app10 Key=PurgeAfterFE,Value=1491160868 Key=PurgeAllow,Value=true Key=Volume,Value=vol-0ebb5f79ffc3244da Key=Created,Value=1488568868
INSTANCE i-0dce85c3f212a5de0
INSTANCE NAME: abfinance_95569_app12
Tagging Snapshot snap-030e708b2043ed5b3 with the following Tags: Key=CreatedBy,Value=ec2-automate-backup Key=InstanceId,Value=i-0dce85c3f212a5de0 Key=InstanceName,Value=abfinance_95569_app12 Key=PurgeAfterFE,Value=1491160868 Key=PurgeAllow,Value=true Key=Volume,Value=vol-0b081425c7cc17600 Key=Created,Value=1488568868
INSTANCE i-09ddd98828f970e2b
INSTANCE NAME: abfinance_95569_app14
Tagging Snapshot snap-04d77959177b289cb with the following Tags: Key=CreatedBy,Value=ec2-automate-backup Key=InstanceId,Value=i-09ddd98828f970e2b Key=InstanceName,Value=abfinance_95569_app14 Key=PurgeAfterFE,Value=1491160868 Key=PurgeAllow,Value=true Key=Volume,Value=vol-029381ba27db23ea5 Key=Created,Value=1488568868
INSTANCE i-0129ce0f3255429b0
INSTANCE NAME: abfinance_95569_app10
Tagging Snapshot snap-03902a929f51d77ef with the following Tags: Key=CreatedBy,Value=ec2-automate-backup Key=InstanceId,Value=i-0129ce0f3255429b0 Key=InstanceName,Value=abfinance_95569_app10 Key=PurgeAfterFE,Value=1491160868 Key=PurgeAllow,Value=true Key=Volume,Value=vol-0258943e0b3a406a0 Key=Created,Value=1488568868
INSTANCE i-0de1db820b03e1279
INSTANCE NAME: abfinance_95569_app22
Tagging Snapshot snap-04ed3be52ce85d160 with the following Tags: Key=CreatedBy,Value=ec2-automate-backup Key=InstanceId,Value=i-0de1db820b03e1279 Key=InstanceName,Value=abfinance_95569_app22 Key=PurgeAfterFE,Value=1491160868 Key=PurgeAllow,Value=true Key=Volume,Value=vol-014edcf936f6c26f4 Key=Created,Value=1488568868
INSTANCE i-09ddd98828f970e2b
INSTANCE NAME: abfinance_95569_app14
Tagging Snapshot snap-0d28bda3497438e5d with the following Tags: Key=CreatedBy,Value=ec2-automate-backup Key=InstanceId,Value=i-09ddd98828f970e2b Key=InstanceName,Value=abfinance_95569_app14 Key=PurgeAfterFE,Value=1491160868 Key=PurgeAllow,Value=true Key=Volume,Value=vol-0c815aa96dd49c83c Key=Created,Value=1488568868
INSTANCE i-03c8fd87e7b05fa05
INSTANCE NAME: abfinance_95569_app16
Tagging Snapshot snap-0d5bacae09f548109 with the following Tags: Key=CreatedBy,Value=ec2-automate-backup Key=InstanceId,Value=i-03c8fd87e7b05fa05 Key=InstanceName,Value=abfinance_95569_app16 Key=PurgeAfterFE,Value=1491160868 Key=PurgeAllow,Value=true Key=Volume,Value=vol-0a82f25f21c70ca17 Key=Created,Value=1488568868
INSTANCE i-03ab34c05dc4f22aa
INSTANCE NAME: abfinance_95569_app24
Tagging Snapshot snap-0636c82ff3f872aee with the following Tags: Key=CreatedBy,Value=ec2-automate-backup Key=InstanceId,Value=i-03ab34c05dc4f22aa Key=InstanceName,Value=abfinance_95569_app24 Key=PurgeAfterFE,Value=1491160868 Key=PurgeAllow,Value=true Key=Volume,Value=vol-0119f2937c18f7e3e Key=Created,Value=1488568868
INSTANCE i-0bba368770f8bea0e
INSTANCE NAME: abfinance_95569_app28
Tagging Snapshot snap-02535026722316964 with the following Tags: Key=CreatedBy,Value=ec2-automate-backup Key=InstanceId,Value=i-0bba368770f8bea0e Key=InstanceName,Value=abfinance_95569_app28 Key=PurgeAfterFE,Value=1491160868 Key=PurgeAllow,Value=true Key=Volume,Value=vol-054e16021703bc75b Key=Created,Value=1488568868
INSTANCE i-0bba368770f8bea0e
INSTANCE NAME: abfinance_95569_app28
Tagging Snapshot snap-00d3db6d4000907a0 with the following Tags: Key=CreatedBy,Value=ec2-automate-backup Key=InstanceId,Value=i-0bba368770f8bea0e Key=InstanceName,Value=abfinance_95569_app28 Key=PurgeAfterFE,Value=1491160868 Key=PurgeAllow,Value=true Key=Volume,Value=vol-0a9917560a4a8eb37 Key=Created,Value=1488568868
INSTANCE i-0900f2c3ece4f73ce
INSTANCE NAME: abfinance_95569_app20
Tagging Snapshot snap-003ab27fd776e1acc with the following Tags: Key=CreatedBy,Value=ec2-automate-backup Key=InstanceId,Value=i-0900f2c3ece4f73ce Key=InstanceName,Value=abfinance_95569_app20 Key=PurgeAfterFE,Value=1491160868 Key=PurgeAllow,Value=true Key=Volume,Value=vol-06a26fc47d6b71ffd Key=Created,Value=1488568868
INSTANCE i-0900f2c3ece4f73ce
INSTANCE NAME: abfinance_95569_app20
Tagging Snapshot snap-0f8f2ff028f36bc3b with the following Tags: Key=CreatedBy,Value=ec2-automate-backup Key=InstanceId,Value=i-0900f2c3ece4f73ce Key=InstanceName,Value=abfinance_95569_app20 Key=PurgeAfterFE,Value=1491160868 Key=PurgeAllow,Value=true Key=Volume,Value=vol-02e3078096ec01da3 Key=Created,Value=1488568868
INSTANCE i-0de1db820b03e1279
INSTANCE NAME: abfinance_95569_app22
Tagging Snapshot snap-00dce7c6a85e1f43c with the following Tags: Key=CreatedBy,Value=ec2-automate-backup Key=InstanceId,Value=i-0de1db820b03e1279 Key=InstanceName,Value=abfinance_95569_app22 Key=PurgeAfterFE,Value=1491160868 Key=PurgeAllow,Value=true Key=Volume,Value=vol-0d5d8a4619da19822 Key=Created,Value=1488568868
INSTANCE i-0c2bf96cb75ee7b5c
INSTANCE NAME: abfinance_95569_app18
Tagging Snapshot snap-0e51bf6ab9326287b with the following Tags: Key=CreatedBy,Value=ec2-automate-backup Key=InstanceId,Value=i-0c2bf96cb75ee7b5c Key=InstanceName,Value=abfinance_95569_app18 Key=PurgeAfterFE,Value=1491160868 Key=PurgeAllow,Value=true Key=Volume,Value=vol-08f0c891fcb55d86a Key=Created,Value=1488568868
INSTANCE i-09bf358be6daff2b8
INSTANCE NAME: abfinance_95569_app26
Tagging Snapshot snap-07ab73cb71fa02a48 with the following Tags: Key=CreatedBy,Value=ec2-automate-backup Key=InstanceId,Value=i-09bf358be6daff2b8 Key=InstanceName,Value=abfinance_95569_app26 Key=PurgeAfterFE,Value=1491160868 Key=PurgeAllow,Value=true Key=Volume,Value=vol-01783b38ab8d40039 Key=Created,Value=1488568868
INSTANCE i-03ab34c05dc4f22aa
INSTANCE NAME: abfinance_95569_app24
Tagging Snapshot snap-00c90018dcb205c7f with the following Tags: Key=CreatedBy,Value=ec2-automate-backup Key=InstanceId,Value=i-03ab34c05dc4f22aa Key=InstanceName,Value=abfinance_95569_app24 Key=PurgeAfterFE,Value=1491160868 Key=PurgeAllow,Value=true Key=Volume,Value=vol-038fb96ae65962d50 Key=Created,Value=1488568868
INSTANCE i-09bf358be6daff2b8
INSTANCE NAME: abfinance_95569_app26
Tagging Snapshot snap-00a78761ccb457383 with the following Tags: Key=CreatedBy,Value=ec2-automate-backup Key=InstanceId,Value=i-09bf358be6daff2b8 Key=InstanceName,Value=abfinance_95569_app26 Key=PurgeAfterFE,Value=1491160868 Key=PurgeAllow,Value=true Key=Volume,Value=vol-04b2fa5fca10f2430 Key=Created,Value=1488568868
INSTANCE i-0274c175451fa7094
INSTANCE NAME: abfinance_95569_app08
Tagging Snapshot snap-0b715a40257c24777 with the following Tags: Key=CreatedBy,Value=ec2-automate-backup Key=InstanceId,Value=i-0274c175451fa7094 Key=InstanceName,Value=abfinance_95569_app08 Key=PurgeAfterFE,Value=1491160868 Key=PurgeAllow,Value=true Key=Volume,Value=vol-0c72a7d64241a776c Key=Created,Value=1488568868
INSTANCE i-0c1125d6758d322b7
INSTANCE NAME: abfinance_95569_app06
Tagging Snapshot snap-02b4478f7f9b08116 with the following Tags: Key=CreatedBy,Value=ec2-automate-backup Key=InstanceId,Value=i-0c1125d6758d322b7 Key=InstanceName,Value=abfinance_95569_app06 Key=PurgeAfterFE,Value=1491160868 Key=PurgeAllow,Value=true Key=Volume,Value=vol-091917e30fd32e67a Key=Created,Value=1488568868
INSTANCE i-0d6c7beed860de6ff
INSTANCE NAME: abfinance_95569_app02
Tagging Snapshot snap-0604eb40204f613ea with the following Tags: Key=CreatedBy,Value=ec2-automate-backup Key=InstanceId,Value=i-0d6c7beed860de6ff Key=InstanceName,Value=abfinance_95569_app02 Key=PurgeAfterFE,Value=1491160868 Key=PurgeAllow,Value=true Key=Volume,Value=vol-02835ed9f869e882d Key=Created,Value=1488568868
INSTANCE i-0bf78d14e8b0eaf1e
INSTANCE NAME: abfinance_95569_app30
Tagging Snapshot snap-0aa1d08d7a8b2b162 with the following Tags: Key=CreatedBy,Value=ec2-automate-backup Key=InstanceId,Value=i-0bf78d14e8b0eaf1e Key=InstanceName,Value=abfinance_95569_app30 Key=PurgeAfterFE,Value=1491160868 Key=PurgeAllow,Value=true Key=Volume,Value=vol-028a6f552c7c9efe4 Key=Created,Value=1488568868
INSTANCE i-01bfc53726a11ca9c
INSTANCE NAME: abfinance_95569_app04
Tagging Snapshot snap-0c28e9992942ba063 with the following Tags: Key=CreatedBy,Value=ec2-automate-backup Key=InstanceId,Value=i-01bfc53726a11ca9c Key=InstanceName,Value=abfinance_95569_app04 Key=PurgeAfterFE,Value=1491160868 Key=PurgeAllow,Value=true Key=Volume,Value=vol-0598a12d733568f31 Key=Created,Value=1488568868
INSTANCE i-0c1125d6758d322b7
INSTANCE NAME: abfinance_95569_app06
Tagging Snapshot snap-0a8dffc00c69e923d with the following Tags: Key=CreatedBy,Value=ec2-automate-backup Key=InstanceId,Value=i-0c1125d6758d322b7 Key=InstanceName,Value=abfinance_95569_app06 Key=PurgeAfterFE,Value=1491160868 Key=PurgeAllow,Value=true Key=Volume,Value=vol-0ba5d36c9573518b5 Key=Created,Value=1488568868
INSTANCE i-0bf78d14e8b0eaf1e
INSTANCE NAME: abfinance_95569_app30
Tagging Snapshot snap-0805b43704a2d7109 with the following Tags: Key=CreatedBy,Value=ec2-automate-backup Key=InstanceId,Value=i-0bf78d14e8b0eaf1e Key=InstanceName,Value=abfinance_95569_app30 Key=PurgeAfterFE,Value=1491160868 Key=PurgeAllow,Value=true Key=Volume,Value=vol-096964d6c38daa9c9 Key=Created,Value=1488568868
INSTANCE i-0b7bbda7e056f8f90
INSTANCE NAME: abfinance_95569_app36
Tagging Snapshot snap-0d026e243176e149e with the following Tags: Key=CreatedBy,Value=ec2-automate-backup Key=InstanceId,Value=i-0b7bbda7e056f8f90 Key=InstanceName,Value=abfinance_95569_app36 Key=PurgeAfterFE,Value=1491160868 Key=PurgeAllow,Value=true Key=Volume,Value=vol-02d1561acea2b31a6 Key=Created,Value=1488568868
INSTANCE i-0b7bbda7e056f8f90
INSTANCE NAME: abfinance_95569_app36
Tagging Snapshot snap-02fabed3050a14897 with the following Tags: Key=CreatedBy,Value=ec2-automate-backup Key=InstanceId,Value=i-0b7bbda7e056f8f90 Key=InstanceName,Value=abfinance_95569_app36 Key=PurgeAfterFE,Value=1491160868 Key=PurgeAllow,Value=true Key=Volume,Value=vol-000a10baf81142e01 Key=Created,Value=1488568868
INSTANCE i-0d6c7beed860de6ff
INSTANCE NAME: abfinance_95569_app02
Tagging Snapshot snap-0294bc34ba8d4b583 with the following Tags: Key=CreatedBy,Value=ec2-automate-backup Key=InstanceId,Value=i-0d6c7beed860de6ff Key=InstanceName,Value=abfinance_95569_app02 Key=PurgeAfterFE,Value=1491160868 Key=PurgeAllow,Value=true Key=Volume,Value=vol-048b299ebe9275c3f Key=Created,Value=1488568868
INSTANCE i-01bfc53726a11ca9c
INSTANCE NAME: abfinance_95569_app04
Tagging Snapshot snap-017dd3d9f31ea7d99 with the following Tags: Key=CreatedBy,Value=ec2-automate-backup Key=InstanceId,Value=i-01bfc53726a11ca9c Key=InstanceName,Value=abfinance_95569_app04 Key=PurgeAfterFE,Value=1491160868 Key=PurgeAllow,Value=true Key=Volume,Value=vol-0484891d5cc89bb2e Key=Created,Value=1488568868
INSTANCE i-0deb0e74a87668941
INSTANCE NAME: abfinance_95569_app32
Tagging Snapshot snap-00a4522a5089322ab with the following Tags: Key=CreatedBy,Value=ec2-automate-backup Key=InstanceId,Value=i-0deb0e74a87668941 Key=InstanceName,Value=abfinance_95569_app32 Key=PurgeAfterFE,Value=1491160868 Key=PurgeAllow,Value=true Key=Volume,Value=vol-015fe792f2ce928a7 Key=Created,Value=1488568868
INSTANCE i-0deb0e74a87668941
INSTANCE NAME: abfinance_95569_app32
Tagging Snapshot snap-0e4a8dd904aae4a32 with the following Tags: Key=CreatedBy,Value=ec2-automate-backup Key=InstanceId,Value=i-0deb0e74a87668941 Key=InstanceName,Value=abfinance_95569_app32 Key=PurgeAfterFE,Value=1491160868 Key=PurgeAllow,Value=true Key=Volume,Value=vol-043d9d8a5e4d73574 Key=Created,Value=1488568868
INSTANCE i-03e0f8c5eac3f588a
INSTANCE NAME: abfinance_95569_app34
Tagging Snapshot snap-02fe0b4722c11c83e with the following Tags: Key=CreatedBy,Value=ec2-automate-backup Key=InstanceId,Value=i-03e0f8c5eac3f588a Key=InstanceName,Value=abfinance_95569_app34 Key=PurgeAfterFE,Value=1491160868 Key=PurgeAllow,Value=true Key=Volume,Value=vol-03300b65aac660dfc Key=Created,Value=1488568868
INSTANCE i-0274c175451fa7094
INSTANCE NAME: abfinance_95569_app08
Tagging Snapshot snap-0db573a3cf9024637 with the following Tags: Key=CreatedBy,Value=ec2-automate-backup Key=InstanceId,Value=i-0274c175451fa7094 Key=InstanceName,Value=abfinance_95569_app08 Key=PurgeAfterFE,Value=1491160868 Key=PurgeAllow,Value=true Key=Volume,Value=vol-09f82518fd6c90b2b Key=Created,Value=1488568868
INSTANCE i-03e0f8c5eac3f588a
INSTANCE NAME: abfinance_95569_app34
Tagging Snapshot snap-04594b93bbd33ffef with the following Tags: Key=CreatedBy,Value=ec2-automate-backup Key=InstanceId,Value=i-03e0f8c5eac3f588a Key=InstanceName,Value=abfinance_95569_app34 Key=PurgeAfterFE,Value=1491160868 Key=PurgeAllow,Value=true Key=Volume,Value=vol-0ab3d1b79bd335c97 Key=Created,Value=1488568868
INSTANCE i-02d7ffae25154e179
INSTANCE NAME: abfinance_95569_qyyxapp04
Tagging Snapshot snap-07b6a44509ddf0f9a with the following Tags: Key=CreatedBy,Value=ec2-automate-backup Key=InstanceId,Value=i-02d7ffae25154e179 Key=InstanceName,Value=abfinance_95569_qyyxapp04 Key=PurgeAfterFE,Value=1491160868 Key=PurgeAllow,Value=true Key=Volume,Value=vol-0391c9e8e798109f5 Key=Created,Value=1488568868
INSTANCE i-02d7ffae25154e179
INSTANCE NAME: abfinance_95569_qyyxapp04
Tagging Snapshot snap-07ef9f0c452c6e771 with the following Tags: Key=CreatedBy,Value=ec2-automate-backup Key=InstanceId,Value=i-02d7ffae25154e179 Key=InstanceName,Value=abfinance_95569_qyyxapp04 Key=PurgeAfterFE,Value=1491160868 Key=PurgeAllow,Value=true Key=Volume,Value=vol-0d266856f74e8355e Key=Created,Value=1488568868
INSTANCE i-00649ffaac78d75cb
INSTANCE NAME: abfinance_95569_qyyxapp06
Tagging Snapshot snap-052de7d4aba79f7f0 with the following Tags: Key=CreatedBy,Value=ec2-automate-backup Key=InstanceId,Value=i-00649ffaac78d75cb Key=InstanceName,Value=abfinance_95569_qyyxapp06 Key=PurgeAfterFE,Value=1491160868 Key=PurgeAllow,Value=true Key=Volume,Value=vol-04ad9f8946e08f89c Key=Created,Value=1488568868
INSTANCE i-00649ffaac78d75cb
INSTANCE NAME: abfinance_95569_qyyxapp06
Tagging Snapshot snap-0556b1d7f9f7e0e25 with the following Tags: Key=CreatedBy,Value=ec2-automate-backup Key=InstanceId,Value=i-00649ffaac78d75cb Key=InstanceName,Value=abfinance_95569_qyyxapp06 Key=PurgeAfterFE,Value=1491160868 Key=PurgeAllow,Value=true Key=Volume,Value=vol-0807f8fea0f547086 Key=Created,Value=1488568868
INSTANCE i-0b62ae29318f2ff8b
INSTANCE NAME: abfinance_95569_qyyxapp02
Tagging Snapshot snap-037042b3a295014f0 with the following Tags: Key=CreatedBy,Value=ec2-automate-backup Key=InstanceId,Value=i-0b62ae29318f2ff8b Key=InstanceName,Value=abfinance_95569_qyyxapp02 Key=PurgeAfterFE,Value=1491160868 Key=PurgeAllow,Value=true Key=Volume,Value=vol-03ecd9464fd1c5d05 Key=Created,Value=1488568868
INSTANCE i-0b62ae29318f2ff8b
INSTANCE NAME: abfinance_95569_qyyxapp02
Tagging Snapshot snap-02b28166fd680ceb4 with the following Tags: Key=CreatedBy,Value=ec2-automate-backup Key=InstanceId,Value=i-0b62ae29318f2ff8b Key=InstanceName,Value=abfinance_95569_qyyxapp02 Key=PurgeAfterFE,Value=1491160868 Key=PurgeAllow,Value=true Key=Volume,Value=vol-007d93d5c3db29799 Key=Created,Value=1488568868
INSTANCE i-0792c4456f9092988
INSTANCE NAME: abfinance_95569_qyyxapp08
Tagging Snapshot snap-0805cbd0845c3dc1c with the following Tags: Key=CreatedBy,Value=ec2-automate-backup Key=InstanceId,Value=i-0792c4456f9092988 Key=InstanceName,Value=abfinance_95569_qyyxapp08 Key=PurgeAfterFE,Value=1491160868 Key=PurgeAllow,Value=true Key=Volume,Value=vol-045f338712882182b Key=Created,Value=1488568868
INSTANCE i-0792c4456f9092988
INSTANCE NAME: abfinance_95569_qyyxapp08
Tagging Snapshot snap-0f48387762f2925ae with the following Tags: Key=CreatedBy,Value=ec2-automate-backup Key=InstanceId,Value=i-0792c4456f9092988 Key=InstanceName,Value=abfinance_95569_qyyxapp08 Key=PurgeAfterFE,Value=1491160868 Key=PurgeAllow,Value=true Key=Volume,Value=vol-0489d109134a1a195 Key=Created,Value=1488568868
INSTANCE 
INSTANCE NAME: 
Tagging Snapshot snap-046bbe211842d0b80 with the following Tags: Key=CreatedBy,Value=ec2-automate-backup Key=InstanceId,Value= Key=InstanceName,Value= Key=PurgeAfterFE,Value=1491160868 Key=PurgeAllow,Value=true Key=Volume,Value=vol-0d546115a23bd511e Key=Created,Value=1488568868
INSTANCE i-0a035c9fe74e932da
INSTANCE NAME: abfinance_top20_ubuntu_app02
Tagging Snapshot snap-0266ca4cf4ba0e2a7 with the following Tags: Key=CreatedBy,Value=ec2-automate-backup Key=InstanceId,Value=i-0a035c9fe74e932da Key=InstanceName,Value=abfinance_top20_ubuntu_app02 Key=PurgeAfterFE,Value=1491160868 Key=PurgeAllow,Value=true Key=Volume,Value=vol-0b7877736c90d5018 Key=Created,Value=1488568868
INSTANCE i-0d13fdd367f941029
INSTANCE NAME: abfinance_top20_ubuntu_app04
Tagging Snapshot snap-0e4eb009efd49f7e8 with the following Tags: Key=CreatedBy,Value=ec2-automate-backup Key=InstanceId,Value=i-0d13fdd367f941029 Key=InstanceName,Value=abfinance_top20_ubuntu_app04 Key=PurgeAfterFE,Value=1491160868 Key=PurgeAllow,Value=true Key=Volume,Value=vol-0b1860b6a86d65c3c Key=Created,Value=1488568868
INSTANCE i-0a035c9fe74e932da
INSTANCE NAME: abfinance_top20_ubuntu_app02
Tagging Snapshot snap-02bc8f5d908b06d6d with the following Tags: Key=CreatedBy,Value=ec2-automate-backup Key=InstanceId,Value=i-0a035c9fe74e932da Key=InstanceName,Value=abfinance_top20_ubuntu_app02 Key=PurgeAfterFE,Value=1491160868 Key=PurgeAllow,Value=true Key=Volume,Value=vol-06d971d61dc6ec5d0 Key=Created,Value=1488568868
INSTANCE i-0d13fdd367f941029
INSTANCE NAME: abfinance_top20_ubuntu_app04
Tagging Snapshot snap-079054e2d6a9666ea with the following Tags: Key=CreatedBy,Value=ec2-automate-backup Key=InstanceId,Value=i-0d13fdd367f941029 Key=InstanceName,Value=abfinance_top20_ubuntu_app04 Key=PurgeAfterFE,Value=1491160868 Key=PurgeAllow,Value=true Key=Volume,Value=vol-0c99c2848d6180dad Key=Created,Value=1488568868
INSTANCE i-0d13fdd367f941029
INSTANCE NAME: abfinance_top20_ubuntu_app04
Tagging Snapshot snap-0d2e2901f39fc6051 with the following Tags: Key=CreatedBy,Value=ec2-automate-backup Key=InstanceId,Value=i-0d13fdd367f941029 Key=InstanceName,Value=abfinance_top20_ubuntu_app04 Key=PurgeAfterFE,Value=1491160868 Key=PurgeAllow,Value=true Key=Volume,Value=vol-05552e316d7c4fca7 Key=Created,Value=1488568868
INSTANCE i-0a035c9fe74e932da
INSTANCE NAME: abfinance_top20_ubuntu_app02
Tagging Snapshot snap-0cfc4eb49d6178fbc with the following Tags: Key=CreatedBy,Value=ec2-automate-backup Key=InstanceId,Value=i-0a035c9fe74e932da Key=InstanceName,Value=abfinance_top20_ubuntu_app02 Key=PurgeAfterFE,Value=1491160868 Key=PurgeAllow,Value=true Key=Volume,Value=vol-086b4833a3e624834 Key=Created,Value=1488568868
INSTANCE i-0d13fdd367f941029
INSTANCE NAME: abfinance_top20_ubuntu_app04
Tagging Snapshot snap-0390efea2b4bdd24e with the following Tags: Key=CreatedBy,Value=ec2-automate-backup Key=InstanceId,Value=i-0d13fdd367f941029 Key=InstanceName,Value=abfinance_top20_ubuntu_app04 Key=PurgeAfterFE,Value=1491160868 Key=PurgeAllow,Value=true Key=Volume,Value=vol-0237e004eeed33603 Key=Created,Value=1488568868
INSTANCE i-02c96aa526459387c
INSTANCE NAME: abfinance_top20_ubuntu_db02
Tagging Snapshot snap-04e4fecfb48198268 with the following Tags: Key=CreatedBy,Value=ec2-automate-backup Key=InstanceId,Value=i-02c96aa526459387c Key=InstanceName,Value=abfinance_top20_ubuntu_db02 Key=PurgeAfterFE,Value=1491160868 Key=PurgeAllow,Value=true Key=Volume,Value=vol-0adeb8ce9288cb9f0 Key=Created,Value=1488568868
INSTANCE i-02c96aa526459387c
INSTANCE NAME: abfinance_top20_ubuntu_db02
Tagging Snapshot snap-046e05d7f8e5d2f77 with the following Tags: Key=CreatedBy,Value=ec2-automate-backup Key=InstanceId,Value=i-02c96aa526459387c Key=InstanceName,Value=abfinance_top20_ubuntu_db02 Key=PurgeAfterFE,Value=1491160868 Key=PurgeAllow,Value=true Key=Volume,Value=vol-0f91ffb6f9ff57fe9 Key=Created,Value=1488568868
INSTANCE i-02c96aa526459387c
INSTANCE NAME: abfinance_top20_ubuntu_db02
Tagging Snapshot snap-0aeed014e52fdb91c with the following Tags: Key=CreatedBy,Value=ec2-automate-backup Key=InstanceId,Value=i-02c96aa526459387c Key=InstanceName,Value=abfinance_top20_ubuntu_db02 Key=PurgeAfterFE,Value=1491160868 Key=PurgeAllow,Value=true Key=Volume,Value=vol-0e507dfbbde31e579 Key=Created,Value=1488568868
INSTANCE i-02c96aa526459387c
INSTANCE NAME: abfinance_top20_ubuntu_db02
Tagging Snapshot snap-0d2a634d0f5497d37 with the following Tags: Key=CreatedBy,Value=ec2-automate-backup Key=InstanceId,Value=i-02c96aa526459387c Key=InstanceName,Value=abfinance_top20_ubuntu_db02 Key=PurgeAfterFE,Value=1491160868 Key=PurgeAllow,Value=true Key=Volume,Value=vol-0c9c555e321cb7fb5 Key=Created,Value=1488568868
INSTANCE i-02c96aa526459387c
INSTANCE NAME: abfinance_top20_ubuntu_db02
Tagging Snapshot snap-023fe11d28abe5619 with the following Tags: Key=CreatedBy,Value=ec2-automate-backup Key=InstanceId,Value=i-02c96aa526459387c Key=InstanceName,Value=abfinance_top20_ubuntu_db02 Key=PurgeAfterFE,Value=1491160868 Key=PurgeAllow,Value=true Key=Volume,Value=vol-0a171db3d35833a82 Key=Created,Value=1488568868
INSTANCE i-0146762d86a3f8d50
INSTANCE NAME: abfinance_lcb_production02
Tagging Snapshot snap-05e46e1fa4aab42ed with the following Tags: Key=CreatedBy,Value=ec2-automate-backup Key=InstanceId,Value=i-0146762d86a3f8d50 Key=InstanceName,Value=abfinance_lcb_production02 Key=PurgeAfterFE,Value=1491160868 Key=PurgeAllow,Value=true Key=Volume,Value=vol-0fea562fe447a3f76 Key=Created,Value=1488568868
INSTANCE i-0146762d86a3f8d50
INSTANCE NAME: abfinance_lcb_production02
Tagging Snapshot snap-0de42139df5e16ba5 with the following Tags: Key=CreatedBy,Value=ec2-automate-backup Key=InstanceId,Value=i-0146762d86a3f8d50 Key=InstanceName,Value=abfinance_lcb_production02 Key=PurgeAfterFE,Value=1491160868 Key=PurgeAllow,Value=true Key=Volume,Value=vol-0782f08cb6f6c839c Key=Created,Value=1488568868
INSTANCE i-0c9c05c95fadfa579
INSTANCE NAME: abfinance_lcb_webview02
Tagging Snapshot snap-032f7c7dc2695670c with the following Tags: Key=CreatedBy,Value=ec2-automate-backup Key=InstanceId,Value=i-0c9c05c95fadfa579 Key=InstanceName,Value=abfinance_lcb_webview02 Key=PurgeAfterFE,Value=1491160868 Key=PurgeAllow,Value=true Key=Volume,Value=vol-093a7b55a620d4e21 Key=Created,Value=1488568868
INSTANCE i-0ddb468f7fcf6e0df
INSTANCE NAME: abfinance_lcb_sales02
Tagging Snapshot snap-0dbe2b9b242c0a114 with the following Tags: Key=CreatedBy,Value=ec2-automate-backup Key=InstanceId,Value=i-0ddb468f7fcf6e0df Key=InstanceName,Value=abfinance_lcb_sales02 Key=PurgeAfterFE,Value=1491160868 Key=PurgeAllow,Value=true Key=Volume,Value=vol-0fad69a30ba7bce0d Key=Created,Value=1488568868
INSTANCE i-0ddb468f7fcf6e0df
INSTANCE NAME: abfinance_lcb_sales02
Tagging Snapshot snap-00c3a82adc05e4750 with the following Tags: Key=CreatedBy,Value=ec2-automate-backup Key=InstanceId,Value=i-0ddb468f7fcf6e0df Key=InstanceName,Value=abfinance_lcb_sales02 Key=PurgeAfterFE,Value=1491160868 Key=PurgeAllow,Value=true Key=Volume,Value=vol-045ed94c459ff8b7f Key=Created,Value=1488568868
INSTANCE i-0b4be2bbf8b348d64
INSTANCE NAME: abfinance_lcb_webview04
Tagging Snapshot snap-09a9f83157a8b4813 with the following Tags: Key=CreatedBy,Value=ec2-automate-backup Key=InstanceId,Value=i-0b4be2bbf8b348d64 Key=InstanceName,Value=abfinance_lcb_webview04 Key=PurgeAfterFE,Value=1491160868 Key=PurgeAllow,Value=true Key=Volume,Value=vol-028cbc9a0070f9b88 Key=Created,Value=1488568868
INSTANCE i-0c9c05c95fadfa579
INSTANCE NAME: abfinance_lcb_webview02
Tagging Snapshot snap-0133b6aa87258855c with the following Tags: Key=CreatedBy,Value=ec2-automate-backup Key=InstanceId,Value=i-0c9c05c95fadfa579 Key=InstanceName,Value=abfinance_lcb_webview02 Key=PurgeAfterFE,Value=1491160868 Key=PurgeAllow,Value=true Key=Volume,Value=vol-0c28572672b1f140b Key=Created,Value=1488568868
INSTANCE i-0b4be2bbf8b348d64
INSTANCE NAME: abfinance_lcb_webview04
Tagging Snapshot snap-069ac654d757aae41 with the following Tags: Key=CreatedBy,Value=ec2-automate-backup Key=InstanceId,Value=i-0b4be2bbf8b348d64 Key=InstanceName,Value=abfinance_lcb_webview04 Key=PurgeAfterFE,Value=1491160868 Key=PurgeAllow,Value=true Key=Volume,Value=vol-0f31367a3565de9bf Key=Created,Value=1488568868
INSTANCE i-014a452a01f729a81
INSTANCE NAME: abfinance_nat02
Tagging Snapshot snap-0ff9e37730a6956c4 with the following Tags: Key=CreatedBy,Value=ec2-automate-backup Key=InstanceId,Value=i-014a452a01f729a81 Key=InstanceName,Value=abfinance_nat02 Key=PurgeAfterFE,Value=1491160868 Key=PurgeAllow,Value=true Key=Volume,Value=vol-0122877394ee0d073 Key=Created,Value=1488568868
INSTANCE i-014a452a01f729a81
INSTANCE NAME: abfinance_nat02
Tagging Snapshot snap-0436e11e8361d8dd0 with the following Tags: Key=CreatedBy,Value=ec2-automate-backup Key=InstanceId,Value=i-014a452a01f729a81 Key=InstanceName,Value=abfinance_nat02 Key=PurgeAfterFE,Value=1491160868 Key=PurgeAllow,Value=true Key=Volume,Value=vol-0eb3627979069db71 Key=Created,Value=1488568868
INSTANCE i-0ee80a69b4f45c60e
INSTANCE NAME: abfinance_waf02
Tagging Snapshot snap-07118f61a69830269 with the following Tags: Key=CreatedBy,Value=ec2-automate-backup Key=InstanceId,Value=i-0ee80a69b4f45c60e Key=InstanceName,Value=abfinance_waf02 Key=PurgeAfterFE,Value=1491160868 Key=PurgeAllow,Value=true Key=Volume,Value=vol-042db02546c7bbc0f Key=Created,Value=1488568868
INSTANCE i-0ee80a69b4f45c60e
INSTANCE NAME: abfinance_waf02
Tagging Snapshot snap-0b7ea688471432447 with the following Tags: Key=CreatedBy,Value=ec2-automate-backup Key=InstanceId,Value=i-0ee80a69b4f45c60e Key=InstanceName,Value=abfinance_waf02 Key=PurgeAfterFE,Value=1491160868 Key=PurgeAllow,Value=true Key=Volume,Value=vol-0b023adea7ec39f41 Key=Created,Value=1488568868
INSTANCE i-0ee80a69b4f45c60e
INSTANCE NAME: abfinance_waf02
Tagging Snapshot snap-0cf5a559cc0fa96ce with the following Tags: Key=CreatedBy,Value=ec2-automate-backup Key=InstanceId,Value=i-0ee80a69b4f45c60e Key=InstanceName,Value=abfinance_waf02 Key=PurgeAfterFE,Value=1491160868 Key=PurgeAllow,Value=true Key=Volume,Value=vol-02480e8655b6a38b6 Key=Created,Value=1488568868
INSTANCE i-0a035c9fe74e932da
INSTANCE NAME: abfinance_top20_ubuntu_app02
Tagging Snapshot snap-0a7e5cf709bb81fb2 with the following Tags: Key=CreatedBy,Value=ec2-automate-backup Key=InstanceId,Value=i-0a035c9fe74e932da Key=InstanceName,Value=abfinance_top20_ubuntu_app02 Key=PurgeAfterFE,Value=1491160868 Key=PurgeAllow,Value=true Key=Volume,Value=vol-0833a0ce5b2b225bf Key=Created,Value=1488568868
INSTANCE i-0ec3141f7a8500cb7
INSTANCE NAME: abfinance_95569_app09
Tagging Snapshot snap-0491e1db63e999756 with the following Tags: Key=CreatedBy,Value=ec2-automate-backup Key=InstanceId,Value=i-0ec3141f7a8500cb7 Key=InstanceName,Value=abfinance_95569_app09 Key=PurgeAfterFE,Value=1491160868 Key=PurgeAllow,Value=true Key=Volume,Value=vol-081196262722f4f10 Key=Created,Value=1488568868
INSTANCE i-03b57928616a8d119
INSTANCE NAME: abfinance_95569_app11
Tagging Snapshot snap-0804465899bd818bb with the following Tags: Key=CreatedBy,Value=ec2-automate-backup Key=InstanceId,Value=i-03b57928616a8d119 Key=InstanceName,Value=abfinance_95569_app11 Key=PurgeAfterFE,Value=1491160868 Key=PurgeAllow,Value=true Key=Volume,Value=vol-00a4d8cc657fd095f Key=Created,Value=1488568868
INSTANCE i-09c114c3c67ac2768
INSTANCE NAME: abfinance_95569_app15
Tagging Snapshot snap-05b47ea9904193d7e with the following Tags: Key=CreatedBy,Value=ec2-automate-backup Key=InstanceId,Value=i-09c114c3c67ac2768 Key=InstanceName,Value=abfinance_95569_app15 Key=PurgeAfterFE,Value=1491160868 Key=PurgeAllow,Value=true Key=Volume,Value=vol-0dc2b205ff3e0db9f Key=Created,Value=1488568868
INSTANCE i-09c114c3c67ac2768
INSTANCE NAME: abfinance_95569_app15
Tagging Snapshot snap-0dc65f1dfb8aef745 with the following Tags: Key=CreatedBy,Value=ec2-automate-backup Key=InstanceId,Value=i-09c114c3c67ac2768 Key=InstanceName,Value=abfinance_95569_app15 Key=PurgeAfterFE,Value=1491160868 Key=PurgeAllow,Value=true Key=Volume,Value=vol-0603570eb189be1e3 Key=Created,Value=1488568868
INSTANCE i-0ec3141f7a8500cb7
INSTANCE NAME: abfinance_95569_app09
Tagging Snapshot snap-0358d3b36bea46b4d with the following Tags: Key=CreatedBy,Value=ec2-automate-backup Key=InstanceId,Value=i-0ec3141f7a8500cb7 Key=InstanceName,Value=abfinance_95569_app09 Key=PurgeAfterFE,Value=1491160868 Key=PurgeAllow,Value=true Key=Volume,Value=vol-033dfab10affed3a2 Key=Created,Value=1488568868
INSTANCE i-0a5f15688eacd2e3e
INSTANCE NAME: abfinance_95569_app13
Tagging Snapshot snap-08cb55bba5f1374a5 with the following Tags: Key=CreatedBy,Value=ec2-automate-backup Key=InstanceId,Value=i-0a5f15688eacd2e3e Key=InstanceName,Value=abfinance_95569_app13 Key=PurgeAfterFE,Value=1491160868 Key=PurgeAllow,Value=true Key=Volume,Value=vol-02298d3eaf4ba7281 Key=Created,Value=1488568868
INSTANCE i-0a5f15688eacd2e3e
INSTANCE NAME: abfinance_95569_app13
Tagging Snapshot snap-0e57d0cf6b75a0e19 with the following Tags: Key=CreatedBy,Value=ec2-automate-backup Key=InstanceId,Value=i-0a5f15688eacd2e3e Key=InstanceName,Value=abfinance_95569_app13 Key=PurgeAfterFE,Value=1491160868 Key=PurgeAllow,Value=true Key=Volume,Value=vol-0785e6333055e6365 Key=Created,Value=1488568868
INSTANCE i-0f0c674e5b6788a2c
INSTANCE NAME: abfinance_95569_app19
Tagging Snapshot snap-04b2f00a45f3d60be with the following Tags: Key=CreatedBy,Value=ec2-automate-backup Key=InstanceId,Value=i-0f0c674e5b6788a2c Key=InstanceName,Value=abfinance_95569_app19 Key=PurgeAfterFE,Value=1491160868 Key=PurgeAllow,Value=true Key=Volume,Value=vol-06b68df3e57d2e58d Key=Created,Value=1488568868
INSTANCE i-0f0c674e5b6788a2c
INSTANCE NAME: abfinance_95569_app19
Tagging Snapshot snap-0f5ca4b0c17221fe0 with the following Tags: Key=CreatedBy,Value=ec2-automate-backup Key=InstanceId,Value=i-0f0c674e5b6788a2c Key=InstanceName,Value=abfinance_95569_app19 Key=PurgeAfterFE,Value=1491160868 Key=PurgeAllow,Value=true Key=Volume,Value=vol-0851a9c76d4ea078c Key=Created,Value=1488568868
INSTANCE i-0a411a0ef749f4cf1
INSTANCE NAME: abfinance_95569_app21
Tagging Snapshot snap-0b1510cababfaca80 with the following Tags: Key=CreatedBy,Value=ec2-automate-backup Key=InstanceId,Value=i-0a411a0ef749f4cf1 Key=InstanceName,Value=abfinance_95569_app21 Key=PurgeAfterFE,Value=1491160868 Key=PurgeAllow,Value=true Key=Volume,Value=vol-0c3d605f9052074d8 Key=Created,Value=1488568868
INSTANCE i-0a411a0ef749f4cf1
INSTANCE NAME: abfinance_95569_app21
Tagging Snapshot snap-0b17c953155f44c94 with the following Tags: Key=CreatedBy,Value=ec2-automate-backup Key=InstanceId,Value=i-0a411a0ef749f4cf1 Key=InstanceName,Value=abfinance_95569_app21 Key=PurgeAfterFE,Value=1491160868 Key=PurgeAllow,Value=true Key=Volume,Value=vol-0310bf0152a386a1f Key=Created,Value=1488568868
INSTANCE i-0d5e1e43bf386d202
INSTANCE NAME: abfinance_95569_app23
Tagging Snapshot snap-0b9d279b878d386b7 with the following Tags: Key=CreatedBy,Value=ec2-automate-backup Key=InstanceId,Value=i-0d5e1e43bf386d202 Key=InstanceName,Value=abfinance_95569_app23 Key=PurgeAfterFE,Value=1491160868 Key=PurgeAllow,Value=true Key=Volume,Value=vol-0f81b4a366156ec4e Key=Created,Value=1488568868
INSTANCE i-0d5e1e43bf386d202
INSTANCE NAME: abfinance_95569_app23
Tagging Snapshot snap-0fcb35bbb85d43088 with the following Tags: Key=CreatedBy,Value=ec2-automate-backup Key=InstanceId,Value=i-0d5e1e43bf386d202 Key=InstanceName,Value=abfinance_95569_app23 Key=PurgeAfterFE,Value=1491160868 Key=PurgeAllow,Value=true Key=Volume,Value=vol-0111d7f26ad53c4cb Key=Created,Value=1488568868
INSTANCE i-0eb8007a14e67dab2
INSTANCE NAME: abfinance_95569_app27
Tagging Snapshot snap-071470a67edb1ad03 with the following Tags: Key=CreatedBy,Value=ec2-automate-backup Key=InstanceId,Value=i-0eb8007a14e67dab2 Key=InstanceName,Value=abfinance_95569_app27 Key=PurgeAfterFE,Value=1491160868 Key=PurgeAllow,Value=true Key=Volume,Value=vol-03525070f4c814961 Key=Created,Value=1488568868
INSTANCE i-07edbc122c6a6ac80
INSTANCE NAME: abfinance_95569_app17
Tagging Snapshot snap-0b88649640fad6f1f with the following Tags: Key=CreatedBy,Value=ec2-automate-backup Key=InstanceId,Value=i-07edbc122c6a6ac80 Key=InstanceName,Value=abfinance_95569_app17 Key=PurgeAfterFE,Value=1491160868 Key=PurgeAllow,Value=true Key=Volume,Value=vol-04e6264745822f286 Key=Created,Value=1488568868
INSTANCE i-03b57928616a8d119
INSTANCE NAME: abfinance_95569_app11
Tagging Snapshot snap-070adea3180400ff1 with the following Tags: Key=CreatedBy,Value=ec2-automate-backup Key=InstanceId,Value=i-03b57928616a8d119 Key=InstanceName,Value=abfinance_95569_app11 Key=PurgeAfterFE,Value=1491160868 Key=PurgeAllow,Value=true Key=Volume,Value=vol-004d8faa59c222aa5 Key=Created,Value=1488568868
INSTANCE i-07edbc122c6a6ac80
INSTANCE NAME: abfinance_95569_app17
Tagging Snapshot snap-0b1399b42eec5ad24 with the following Tags: Key=CreatedBy,Value=ec2-automate-backup Key=InstanceId,Value=i-07edbc122c6a6ac80 Key=InstanceName,Value=abfinance_95569_app17 Key=PurgeAfterFE,Value=1491160868 Key=PurgeAllow,Value=true Key=Volume,Value=vol-01b2522c2d2534299 Key=Created,Value=1488568868
INSTANCE i-07728f7b5bfbf498e
INSTANCE NAME: abfinance_95569_app25
Tagging Snapshot snap-02e57b767f78d608f with the following Tags: Key=CreatedBy,Value=ec2-automate-backup Key=InstanceId,Value=i-07728f7b5bfbf498e Key=InstanceName,Value=abfinance_95569_app25 Key=PurgeAfterFE,Value=1491160868 Key=PurgeAllow,Value=true Key=Volume,Value=vol-04b5c2f0495b27c68 Key=Created,Value=1488568868
INSTANCE i-0eb8007a14e67dab2
INSTANCE NAME: abfinance_95569_app27
Tagging Snapshot snap-0bfbf21913fc4c905 with the following Tags: Key=CreatedBy,Value=ec2-automate-backup Key=InstanceId,Value=i-0eb8007a14e67dab2 Key=InstanceName,Value=abfinance_95569_app27 Key=PurgeAfterFE,Value=1491160868 Key=PurgeAllow,Value=true Key=Volume,Value=vol-0dcf38ce3ae3a060a Key=Created,Value=1488568868
INSTANCE i-07728f7b5bfbf498e
INSTANCE NAME: abfinance_95569_app25
Tagging Snapshot snap-0a7c5c036443cd18c with the following Tags: Key=CreatedBy,Value=ec2-automate-backup Key=InstanceId,Value=i-07728f7b5bfbf498e Key=InstanceName,Value=abfinance_95569_app25 Key=PurgeAfterFE,Value=1491160868 Key=PurgeAllow,Value=true Key=Volume,Value=vol-0200a88c02cfb804d Key=Created,Value=1488568868
INSTANCE i-07705f35bff445c41
INSTANCE NAME: abfinance_95569_app07
Tagging Snapshot snap-0e322f300c39440b4 with the following Tags: Key=CreatedBy,Value=ec2-automate-backup Key=InstanceId,Value=i-07705f35bff445c41 Key=InstanceName,Value=abfinance_95569_app07 Key=PurgeAfterFE,Value=1491160868 Key=PurgeAllow,Value=true Key=Volume,Value=vol-08bc36523beab866f Key=Created,Value=1488568868
INSTANCE i-033cd6848a0ee1ed5
INSTANCE NAME: abfinance_95569_app31
Tagging Snapshot snap-00bf008c5caa3a85c with the following Tags: Key=CreatedBy,Value=ec2-automate-backup Key=InstanceId,Value=i-033cd6848a0ee1ed5 Key=InstanceName,Value=abfinance_95569_app31 Key=PurgeAfterFE,Value=1491160868 Key=PurgeAllow,Value=true Key=Volume,Value=vol-0f627f4a287f07de3 Key=Created,Value=1488568868
INSTANCE i-08b97f2fe53f80f22
INSTANCE NAME: abfinance_95569_app05
Tagging Snapshot snap-0406e8aafc9776a10 with the following Tags: Key=CreatedBy,Value=ec2-automate-backup Key=InstanceId,Value=i-08b97f2fe53f80f22 Key=InstanceName,Value=abfinance_95569_app05 Key=PurgeAfterFE,Value=1491160868 Key=PurgeAllow,Value=true Key=Volume,Value=vol-099c0fd92df48a286 Key=Created,Value=1488568868
INSTANCE i-038f55a947fe549b9
INSTANCE NAME: abfinance_95569_app29
Tagging Snapshot snap-0237e7e0bbe4bb0c7 with the following Tags: Key=CreatedBy,Value=ec2-automate-backup Key=InstanceId,Value=i-038f55a947fe549b9 Key=InstanceName,Value=abfinance_95569_app29 Key=PurgeAfterFE,Value=1491160868 Key=PurgeAllow,Value=true Key=Volume,Value=vol-086413bf696d0b35e Key=Created,Value=1488568868
INSTANCE i-038f55a947fe549b9
INSTANCE NAME: abfinance_95569_app29
Tagging Snapshot snap-00167007dbc1f30f8 with the following Tags: Key=CreatedBy,Value=ec2-automate-backup Key=InstanceId,Value=i-038f55a947fe549b9 Key=InstanceName,Value=abfinance_95569_app29 Key=PurgeAfterFE,Value=1491160868 Key=PurgeAllow,Value=true Key=Volume,Value=vol-0fdaee4b23a29e129 Key=Created,Value=1488568868
INSTANCE i-0c74aacdacea37885
INSTANCE NAME: abfinance_95569_app35
Tagging Snapshot snap-02619011bf888c4fb with the following Tags: Key=CreatedBy,Value=ec2-automate-backup Key=InstanceId,Value=i-0c74aacdacea37885 Key=InstanceName,Value=abfinance_95569_app35 Key=PurgeAfterFE,Value=1491160868 Key=PurgeAllow,Value=true Key=Volume,Value=vol-072183b6a817893f7 Key=Created,Value=1488568868
INSTANCE i-0257be16b51727274
INSTANCE NAME: abfinance_95569_app01
Tagging Snapshot snap-0f19d57f3981ba11f with the following Tags: Key=CreatedBy,Value=ec2-automate-backup Key=InstanceId,Value=i-0257be16b51727274 Key=InstanceName,Value=abfinance_95569_app01 Key=PurgeAfterFE,Value=1491160868 Key=PurgeAllow,Value=true Key=Volume,Value=vol-09653c9b7d7cc8b5a Key=Created,Value=1488568868
INSTANCE i-0c74aacdacea37885
INSTANCE NAME: abfinance_95569_app35
Tagging Snapshot snap-0ac750fcf73547ba2 with the following Tags: Key=CreatedBy,Value=ec2-automate-backup Key=InstanceId,Value=i-0c74aacdacea37885 Key=InstanceName,Value=abfinance_95569_app35 Key=PurgeAfterFE,Value=1491160868 Key=PurgeAllow,Value=true Key=Volume,Value=vol-090f117c456e8e47c Key=Created,Value=1488568868
INSTANCE i-033cd6848a0ee1ed5
INSTANCE NAME: abfinance_95569_app31
Tagging Snapshot snap-02379a9fafd11d8f6 with the following Tags: Key=CreatedBy,Value=ec2-automate-backup Key=InstanceId,Value=i-033cd6848a0ee1ed5 Key=InstanceName,Value=abfinance_95569_app31 Key=PurgeAfterFE,Value=1491160868 Key=PurgeAllow,Value=true Key=Volume,Value=vol-0f44e3615bdc25730 Key=Created,Value=1488568868
INSTANCE i-0f829d60597e5c715
INSTANCE NAME: abfinance_95569_app33
Tagging Snapshot snap-021d752b51688a675 with the following Tags: Key=CreatedBy,Value=ec2-automate-backup Key=InstanceId,Value=i-0f829d60597e5c715 Key=InstanceName,Value=abfinance_95569_app33 Key=PurgeAfterFE,Value=1491160868 Key=PurgeAllow,Value=true Key=Volume,Value=vol-0eb8e231a42b429a3 Key=Created,Value=1488568868
INSTANCE i-0f829d60597e5c715
INSTANCE NAME: abfinance_95569_app33
Tagging Snapshot snap-057fd1bf37ec00f4f with the following Tags: Key=CreatedBy,Value=ec2-automate-backup Key=InstanceId,Value=i-0f829d60597e5c715 Key=InstanceName,Value=abfinance_95569_app33 Key=PurgeAfterFE,Value=1491160868 Key=PurgeAllow,Value=true Key=Volume,Value=vol-0380591138b2bac42 Key=Created,Value=1488568868
INSTANCE i-00737f9ceeaad86d1
INSTANCE NAME: abfinance_95569_app03
Tagging Snapshot snap-0235373c3e68ac5d4 with the following Tags: Key=CreatedBy,Value=ec2-automate-backup Key=InstanceId,Value=i-00737f9ceeaad86d1 Key=InstanceName,Value=abfinance_95569_app03 Key=PurgeAfterFE,Value=1491160868 Key=PurgeAllow,Value=true Key=Volume,Value=vol-0d4af25a0758d6113 Key=Created,Value=1488568868
INSTANCE i-00737f9ceeaad86d1
INSTANCE NAME: abfinance_95569_app03
Tagging Snapshot snap-0b0bc6aefc5cd9c3e with the following Tags: Key=CreatedBy,Value=ec2-automate-backup Key=InstanceId,Value=i-00737f9ceeaad86d1 Key=InstanceName,Value=abfinance_95569_app03 Key=PurgeAfterFE,Value=1491160868 Key=PurgeAllow,Value=true Key=Volume,Value=vol-08c55b678a9fff5df Key=Created,Value=1488568868
INSTANCE i-08b97f2fe53f80f22
INSTANCE NAME: abfinance_95569_app05
Tagging Snapshot snap-06c939cd99f420005 with the following Tags: Key=CreatedBy,Value=ec2-automate-backup Key=InstanceId,Value=i-08b97f2fe53f80f22 Key=InstanceName,Value=abfinance_95569_app05 Key=PurgeAfterFE,Value=1491160868 Key=PurgeAllow,Value=true Key=Volume,Value=vol-00ab47222a671a9a3 Key=Created,Value=1488568868
INSTANCE i-0723ff9b3e8e40be7
INSTANCE NAME: abfinance_95569_app37
Tagging Snapshot snap-0018ef2e110b42814 with the following Tags: Key=CreatedBy,Value=ec2-automate-backup Key=InstanceId,Value=i-0723ff9b3e8e40be7 Key=InstanceName,Value=abfinance_95569_app37 Key=PurgeAfterFE,Value=1491160868 Key=PurgeAllow,Value=true Key=Volume,Value=vol-0281762adebc253ea Key=Created,Value=1488568868
INSTANCE i-0257be16b51727274
INSTANCE NAME: abfinance_95569_app01
Tagging Snapshot snap-032dc83298a969629 with the following Tags: Key=CreatedBy,Value=ec2-automate-backup Key=InstanceId,Value=i-0257be16b51727274 Key=InstanceName,Value=abfinance_95569_app01 Key=PurgeAfterFE,Value=1491160868 Key=PurgeAllow,Value=true Key=Volume,Value=vol-0d8e0588b2630dc6f Key=Created,Value=1488568868
INSTANCE i-07705f35bff445c41
INSTANCE NAME: abfinance_95569_app07
Tagging Snapshot snap-02288154077c169bf with the following Tags: Key=CreatedBy,Value=ec2-automate-backup Key=InstanceId,Value=i-07705f35bff445c41 Key=InstanceName,Value=abfinance_95569_app07 Key=PurgeAfterFE,Value=1491160868 Key=PurgeAllow,Value=true Key=Volume,Value=vol-061fdd835777e319c Key=Created,Value=1488568868
INSTANCE i-0723ff9b3e8e40be7
INSTANCE NAME: abfinance_95569_app37
Tagging Snapshot snap-02e3bc6e4143a5a03 with the following Tags: Key=CreatedBy,Value=ec2-automate-backup Key=InstanceId,Value=i-0723ff9b3e8e40be7 Key=InstanceName,Value=abfinance_95569_app37 Key=PurgeAfterFE,Value=1491160868 Key=PurgeAllow,Value=true Key=Volume,Value=vol-0b7b3d56950413d9b Key=Created,Value=1488568868
INSTANCE i-0f705ab54239a1f52
INSTANCE NAME: abfinance_95569_qyyxapp05
Tagging Snapshot snap-0f3c430ca5ef3ed99 with the following Tags: Key=CreatedBy,Value=ec2-automate-backup Key=InstanceId,Value=i-0f705ab54239a1f52 Key=InstanceName,Value=abfinance_95569_qyyxapp05 Key=PurgeAfterFE,Value=1491160868 Key=PurgeAllow,Value=true Key=Volume,Value=vol-09d6b1837b615adf0 Key=Created,Value=1488568868
INSTANCE i-04a60b0759f7eb2ac
INSTANCE NAME: abfinance_95569_qyyxapp01
Tagging Snapshot snap-002346ebeb5d49b6e with the following Tags: Key=CreatedBy,Value=ec2-automate-backup Key=InstanceId,Value=i-04a60b0759f7eb2ac Key=InstanceName,Value=abfinance_95569_qyyxapp01 Key=PurgeAfterFE,Value=1491160868 Key=PurgeAllow,Value=true Key=Volume,Value=vol-0ab00cc4b064066fb Key=Created,Value=1488568868
INSTANCE i-0b94ec86e798d7437
INSTANCE NAME: abfinance_95569_qyyxapp03
Tagging Snapshot snap-0d1cb55ccd29cf2ba with the following Tags: Key=CreatedBy,Value=ec2-automate-backup Key=InstanceId,Value=i-0b94ec86e798d7437 Key=InstanceName,Value=abfinance_95569_qyyxapp03 Key=PurgeAfterFE,Value=1491160868 Key=PurgeAllow,Value=true Key=Volume,Value=vol-02fe979ffb7dc9b91 Key=Created,Value=1488568868
INSTANCE i-0f705ab54239a1f52
INSTANCE NAME: abfinance_95569_qyyxapp05
Tagging Snapshot snap-0dd049b431aa278de with the following Tags: Key=CreatedBy,Value=ec2-automate-backup Key=InstanceId,Value=i-0f705ab54239a1f52 Key=InstanceName,Value=abfinance_95569_qyyxapp05 Key=PurgeAfterFE,Value=1491160868 Key=PurgeAllow,Value=true Key=Volume,Value=vol-0b8edb31bd17a1ded Key=Created,Value=1488568868
INSTANCE i-04a60b0759f7eb2ac
INSTANCE NAME: abfinance_95569_qyyxapp01
Tagging Snapshot snap-0551cbdb967c0468f with the following Tags: Key=CreatedBy,Value=ec2-automate-backup Key=InstanceId,Value=i-04a60b0759f7eb2ac Key=InstanceName,Value=abfinance_95569_qyyxapp01 Key=PurgeAfterFE,Value=1491160868 Key=PurgeAllow,Value=true Key=Volume,Value=vol-0966ecafbcd12b336 Key=Created,Value=1488568868
INSTANCE i-0b94ec86e798d7437
INSTANCE NAME: abfinance_95569_qyyxapp03
Tagging Snapshot snap-0975b3307d38bf173 with the following Tags: Key=CreatedBy,Value=ec2-automate-backup Key=InstanceId,Value=i-0b94ec86e798d7437 Key=InstanceName,Value=abfinance_95569_qyyxapp03 Key=PurgeAfterFE,Value=1491160868 Key=PurgeAllow,Value=true Key=Volume,Value=vol-037854b3916095873 Key=Created,Value=1488568868
INSTANCE i-04a06b4c7bf9d94e3
INSTANCE NAME: abfinance_95569_qyyxapp07
Tagging Snapshot snap-0526926c06d8caaff with the following Tags: Key=CreatedBy,Value=ec2-automate-backup Key=InstanceId,Value=i-04a06b4c7bf9d94e3 Key=InstanceName,Value=abfinance_95569_qyyxapp07 Key=PurgeAfterFE,Value=1491160868 Key=PurgeAllow,Value=true Key=Volume,Value=vol-0c00fa4c526514642 Key=Created,Value=1488568868
INSTANCE i-04a06b4c7bf9d94e3
INSTANCE NAME: abfinance_95569_qyyxapp07
Tagging Snapshot snap-03a541ba8caed0125 with the following Tags: Key=CreatedBy,Value=ec2-automate-backup Key=InstanceId,Value=i-04a06b4c7bf9d94e3 Key=InstanceName,Value=abfinance_95569_qyyxapp07 Key=PurgeAfterFE,Value=1491160868 Key=PurgeAllow,Value=true Key=Volume,Value=vol-0224e39c7f51f325d Key=Created,Value=1488568868
INSTANCE i-00a83f954cf74b49c
INSTANCE NAME: abfinance_top20_ubuntu_db01
Tagging Snapshot snap-0f1510e8d148a0757 with the following Tags: Key=CreatedBy,Value=ec2-automate-backup Key=InstanceId,Value=i-00a83f954cf74b49c Key=InstanceName,Value=abfinance_top20_ubuntu_db01 Key=PurgeAfterFE,Value=1491160868 Key=PurgeAllow,Value=true Key=Volume,Value=vol-00650e414cf107b17 Key=Created,Value=1488568868
INSTANCE i-0c216734d128c6375
INSTANCE NAME: abfinance_top20_ubuntu_app03
Tagging Snapshot snap-0f97a7170dafda8a6 with the following Tags: Key=CreatedBy,Value=ec2-automate-backup Key=InstanceId,Value=i-0c216734d128c6375 Key=InstanceName,Value=abfinance_top20_ubuntu_app03 Key=PurgeAfterFE,Value=1491160868 Key=PurgeAllow,Value=true Key=Volume,Value=vol-0f763f4259c95c9b5 Key=Created,Value=1488568868
INSTANCE i-0c216734d128c6375
INSTANCE NAME: abfinance_top20_ubuntu_app03
Tagging Snapshot snap-0e094cbff82f38ecc with the following Tags: Key=CreatedBy,Value=ec2-automate-backup Key=InstanceId,Value=i-0c216734d128c6375 Key=InstanceName,Value=abfinance_top20_ubuntu_app03 Key=PurgeAfterFE,Value=1491160868 Key=PurgeAllow,Value=true Key=Volume,Value=vol-0cd52f41e2b7d8e0a Key=Created,Value=1488568868
INSTANCE i-00a83f954cf74b49c
INSTANCE NAME: abfinance_top20_ubuntu_db01
Tagging Snapshot snap-003f88424cd48a4a4 with the following Tags: Key=CreatedBy,Value=ec2-automate-backup Key=InstanceId,Value=i-00a83f954cf74b49c Key=InstanceName,Value=abfinance_top20_ubuntu_db01 Key=PurgeAfterFE,Value=1491160868 Key=PurgeAllow,Value=true Key=Volume,Value=vol-02af501b13bf54b0e Key=Created,Value=1488568868
INSTANCE i-00a83f954cf74b49c
INSTANCE NAME: abfinance_top20_ubuntu_db01
Tagging Snapshot snap-0805a3c6308e1bc48 with the following Tags: Key=CreatedBy,Value=ec2-automate-backup Key=InstanceId,Value=i-00a83f954cf74b49c Key=InstanceName,Value=abfinance_top20_ubuntu_db01 Key=PurgeAfterFE,Value=1491160868 Key=PurgeAllow,Value=true Key=Volume,Value=vol-0bee7854c001f0356 Key=Created,Value=1488568868
INSTANCE i-0c216734d128c6375
INSTANCE NAME: abfinance_top20_ubuntu_app03
Tagging Snapshot snap-015141107c53edb60 with the following Tags: Key=CreatedBy,Value=ec2-automate-backup Key=InstanceId,Value=i-0c216734d128c6375 Key=InstanceName,Value=abfinance_top20_ubuntu_app03 Key=PurgeAfterFE,Value=1491160868 Key=PurgeAllow,Value=true Key=Volume,Value=vol-0cc56bc37e58a69f8 Key=Created,Value=1488568868
INSTANCE i-0c216734d128c6375
INSTANCE NAME: abfinance_top20_ubuntu_app03
Tagging Snapshot snap-06833ec8509adcb0f with the following Tags: Key=CreatedBy,Value=ec2-automate-backup Key=InstanceId,Value=i-0c216734d128c6375 Key=InstanceName,Value=abfinance_top20_ubuntu_app03 Key=PurgeAfterFE,Value=1491160868 Key=PurgeAllow,Value=true Key=Volume,Value=vol-07fdebcf5a0e444be Key=Created,Value=1488568868
INSTANCE i-00a83f954cf74b49c
INSTANCE NAME: abfinance_top20_ubuntu_db01
Tagging Snapshot snap-025ddaf269288728b with the following Tags: Key=CreatedBy,Value=ec2-automate-backup Key=InstanceId,Value=i-00a83f954cf74b49c Key=InstanceName,Value=abfinance_top20_ubuntu_db01 Key=PurgeAfterFE,Value=1491160868 Key=PurgeAllow,Value=true Key=Volume,Value=vol-0689fe07556ce52b6 Key=Created,Value=1488568868
INSTANCE i-00a83f954cf74b49c
INSTANCE NAME: abfinance_top20_ubuntu_db01
Tagging Snapshot snap-06dbe5f314901848a with the following Tags: Key=CreatedBy,Value=ec2-automate-backup Key=InstanceId,Value=i-00a83f954cf74b49c Key=InstanceName,Value=abfinance_top20_ubuntu_db01 Key=PurgeAfterFE,Value=1491160868 Key=PurgeAllow,Value=true Key=Volume,Value=vol-06d9a2487a760806c Key=Created,Value=1488568868
INSTANCE i-084540b57e4187648
INSTANCE NAME: abfinance_fileshare01
Tagging Snapshot snap-0df331cbf06ce8795 with the following Tags: Key=CreatedBy,Value=ec2-automate-backup Key=InstanceId,Value=i-084540b57e4187648 Key=InstanceName,Value=abfinance_fileshare01 Key=PurgeAfterFE,Value=1491160868 Key=PurgeAllow,Value=true Key=Volume,Value=vol-0fabf5c1d62646d8a Key=Created,Value=1488568868
INSTANCE i-084540b57e4187648
INSTANCE NAME: abfinance_fileshare01
Tagging Snapshot snap-0828d21bc36e389b0 with the following Tags: Key=CreatedBy,Value=ec2-automate-backup Key=InstanceId,Value=i-084540b57e4187648 Key=InstanceName,Value=abfinance_fileshare01 Key=PurgeAfterFE,Value=1491160868 Key=PurgeAllow,Value=true Key=Volume,Value=vol-03e0f7adfeb97a6d9 Key=Created,Value=1488568868
INSTANCE i-009d3dba5cea1a5fd
INSTANCE NAME: abfinance_lcb_admin01
Tagging Snapshot snap-01a33f1ade0fefe26 with the following Tags: Key=CreatedBy,Value=ec2-automate-backup Key=InstanceId,Value=i-009d3dba5cea1a5fd Key=InstanceName,Value=abfinance_lcb_admin01 Key=PurgeAfterFE,Value=1491160868 Key=PurgeAllow,Value=true Key=Volume,Value=vol-08e53cbca7fc7d50f Key=Created,Value=1488568868
INSTANCE i-009d3dba5cea1a5fd
INSTANCE NAME: abfinance_lcb_admin01
Tagging Snapshot snap-02742895832c2e9ad with the following Tags: Key=CreatedBy,Value=ec2-automate-backup Key=InstanceId,Value=i-009d3dba5cea1a5fd Key=InstanceName,Value=abfinance_lcb_admin01 Key=PurgeAfterFE,Value=1491160868 Key=PurgeAllow,Value=true Key=Volume,Value=vol-070270ceedb98dca2 Key=Created,Value=1488568868
INSTANCE i-0c692d9224afa0bfa
INSTANCE NAME: abfinance_lcb_production01
Tagging Snapshot snap-0be56c7a9c29b6745 with the following Tags: Key=CreatedBy,Value=ec2-automate-backup Key=InstanceId,Value=i-0c692d9224afa0bfa Key=InstanceName,Value=abfinance_lcb_production01 Key=PurgeAfterFE,Value=1491160868 Key=PurgeAllow,Value=true Key=Volume,Value=vol-03b3d8c0e1cadf8c1 Key=Created,Value=1488568868
INSTANCE i-0e36e12e65d6b4a4e
INSTANCE NAME: abfinance_lcb_sales01
Tagging Snapshot snap-0817c0e8d78b172c7 with the following Tags: Key=CreatedBy,Value=ec2-automate-backup Key=InstanceId,Value=i-0e36e12e65d6b4a4e Key=InstanceName,Value=abfinance_lcb_sales01 Key=PurgeAfterFE,Value=1491160868 Key=PurgeAllow,Value=true Key=Volume,Value=vol-08e5740f9ae393ab6 Key=Created,Value=1488568868
INSTANCE i-0c692d9224afa0bfa
INSTANCE NAME: abfinance_lcb_production01
Tagging Snapshot snap-09f4bda6525bcd480 with the following Tags: Key=CreatedBy,Value=ec2-automate-backup Key=InstanceId,Value=i-0c692d9224afa0bfa Key=InstanceName,Value=abfinance_lcb_production01 Key=PurgeAfterFE,Value=1491160868 Key=PurgeAllow,Value=true Key=Volume,Value=vol-0734128d6832a8b05 Key=Created,Value=1488568868
INSTANCE i-09c2eabe897e928a7
INSTANCE NAME: abfinance_lcb_webview01
Tagging Snapshot snap-04d704aad655025d4 with the following Tags: Key=CreatedBy,Value=ec2-automate-backup Key=InstanceId,Value=i-09c2eabe897e928a7 Key=InstanceName,Value=abfinance_lcb_webview01 Key=PurgeAfterFE,Value=1491160868 Key=PurgeAllow,Value=true Key=Volume,Value=vol-08656f7f1440aa14a Key=Created,Value=1488568868
INSTANCE i-09c2eabe897e928a7
INSTANCE NAME: abfinance_lcb_webview01
Tagging Snapshot snap-05c69c1b28f67fbc9 with the following Tags: Key=CreatedBy,Value=ec2-automate-backup Key=InstanceId,Value=i-09c2eabe897e928a7 Key=InstanceName,Value=abfinance_lcb_webview01 Key=PurgeAfterFE,Value=1491160868 Key=PurgeAllow,Value=true Key=Volume,Value=vol-0aa81463a2ad03c7a Key=Created,Value=1488568868
INSTANCE i-0518c045d2be93427
INSTANCE NAME: abfinance_nat01
Tagging Snapshot snap-09d8b7113fede04a4 with the following Tags: Key=CreatedBy,Value=ec2-automate-backup Key=InstanceId,Value=i-0518c045d2be93427 Key=InstanceName,Value=abfinance_nat01 Key=PurgeAfterFE,Value=1491160868 Key=PurgeAllow,Value=true Key=Volume,Value=vol-0d9130bb61c0d4c56 Key=Created,Value=1488568868
INSTANCE i-0e36e12e65d6b4a4e
INSTANCE NAME: abfinance_lcb_sales01
Tagging Snapshot snap-0832a1df22a077c30 with the following Tags: Key=CreatedBy,Value=ec2-automate-backup Key=InstanceId,Value=i-0e36e12e65d6b4a4e Key=InstanceName,Value=abfinance_lcb_sales01 Key=PurgeAfterFE,Value=1491160868 Key=PurgeAllow,Value=true Key=Volume,Value=vol-023127c32f4b64e52 Key=Created,Value=1488568868
INSTANCE i-0518c045d2be93427
INSTANCE NAME: abfinance_nat01
Tagging Snapshot snap-0b436c8e9cf858bab with the following Tags: Key=CreatedBy,Value=ec2-automate-backup Key=InstanceId,Value=i-0518c045d2be93427 Key=InstanceName,Value=abfinance_nat01 Key=PurgeAfterFE,Value=1491160868 Key=PurgeAllow,Value=true Key=Volume,Value=vol-0528c98fb329dffea Key=Created,Value=1488568868
INSTANCE i-038656cd0a5878996
INSTANCE NAME: abfinance_lcb_webview03
Tagging Snapshot snap-08d70f8af6101e11a with the following Tags: Key=CreatedBy,Value=ec2-automate-backup Key=InstanceId,Value=i-038656cd0a5878996 Key=InstanceName,Value=abfinance_lcb_webview03 Key=PurgeAfterFE,Value=1491160868 Key=PurgeAllow,Value=true Key=Volume,Value=vol-029a78effd0af4174 Key=Created,Value=1488568868
INSTANCE i-038656cd0a5878996
INSTANCE NAME: abfinance_lcb_webview03
Tagging Snapshot snap-0edafbdde6c28ffac with the following Tags: Key=CreatedBy,Value=ec2-automate-backup Key=InstanceId,Value=i-038656cd0a5878996 Key=InstanceName,Value=abfinance_lcb_webview03 Key=PurgeAfterFE,Value=1491160868 Key=PurgeAllow,Value=true Key=Volume,Value=vol-0f119584d4b9ada06 Key=Created,Value=1488568868
INSTANCE i-071c0e09746a7cab2
INSTANCE NAME: abfinance_top20_ubuntu_app01
Tagging Snapshot snap-01df31a2cc135cc0b with the following Tags: Key=CreatedBy,Value=ec2-automate-backup Key=InstanceId,Value=i-071c0e09746a7cab2 Key=InstanceName,Value=abfinance_top20_ubuntu_app01 Key=PurgeAfterFE,Value=1491160868 Key=PurgeAllow,Value=true Key=Volume,Value=vol-028c8b322e5479cf7 Key=Created,Value=1488568868
INSTANCE i-071c0e09746a7cab2
INSTANCE NAME: abfinance_top20_ubuntu_app01
Tagging Snapshot snap-066f9b074ae7df688 with the following Tags: Key=CreatedBy,Value=ec2-automate-backup Key=InstanceId,Value=i-071c0e09746a7cab2 Key=InstanceName,Value=abfinance_top20_ubuntu_app01 Key=PurgeAfterFE,Value=1491160868 Key=PurgeAllow,Value=true Key=Volume,Value=vol-07635e1c11c362ee7 Key=Created,Value=1488568868
INSTANCE i-071c0e09746a7cab2
INSTANCE NAME: abfinance_top20_ubuntu_app01
Tagging Snapshot snap-0fac905dc7b244639 with the following Tags: Key=CreatedBy,Value=ec2-automate-backup Key=InstanceId,Value=i-071c0e09746a7cab2 Key=InstanceName,Value=abfinance_top20_ubuntu_app01 Key=PurgeAfterFE,Value=1491160868 Key=PurgeAllow,Value=true Key=Volume,Value=vol-04f6f153979ec4e04 Key=Created,Value=1488568868
INSTANCE i-071c0e09746a7cab2
INSTANCE NAME: abfinance_top20_ubuntu_app01
Tagging Snapshot snap-0001f45140791e926 with the following Tags: Key=CreatedBy,Value=ec2-automate-backup Key=InstanceId,Value=i-071c0e09746a7cab2 Key=InstanceName,Value=abfinance_top20_ubuntu_app01 Key=PurgeAfterFE,Value=1491160868 Key=PurgeAllow,Value=true Key=Volume,Value=vol-05313c753118b3f0e Key=Created,Value=1488568868
INSTANCE i-04301c43465272923
INSTANCE NAME: abfinance_top20_ubuntu_app05
Tagging Snapshot snap-0b8aa9de5aff17446 with the following Tags: Key=CreatedBy,Value=ec2-automate-backup Key=InstanceId,Value=i-04301c43465272923 Key=InstanceName,Value=abfinance_top20_ubuntu_app05 Key=PurgeAfterFE,Value=1491160868 Key=PurgeAllow,Value=true Key=Volume,Value=vol-042ff0cf25d5159f1 Key=Created,Value=1488568868
INSTANCE i-04301c43465272923
INSTANCE NAME: abfinance_top20_ubuntu_app05
Tagging Snapshot snap-0811e7508d6c334c6 with the following Tags: Key=CreatedBy,Value=ec2-automate-backup Key=InstanceId,Value=i-04301c43465272923 Key=InstanceName,Value=abfinance_top20_ubuntu_app05 Key=PurgeAfterFE,Value=1491160868 Key=PurgeAllow,Value=true Key=Volume,Value=vol-000debe3735b701da Key=Created,Value=1488568868
INSTANCE i-04301c43465272923
INSTANCE NAME: abfinance_top20_ubuntu_app05
Tagging Snapshot snap-040d21861b87e7cd9 with the following Tags: Key=CreatedBy,Value=ec2-automate-backup Key=InstanceId,Value=i-04301c43465272923 Key=InstanceName,Value=abfinance_top20_ubuntu_app05 Key=PurgeAfterFE,Value=1491160868 Key=PurgeAllow,Value=true Key=Volume,Value=vol-01bc3463f6ddd3d8d Key=Created,Value=1488568868
INSTANCE i-04301c43465272923
INSTANCE NAME: abfinance_top20_ubuntu_app05
Tagging Snapshot snap-0cf641b39db988d03 with the following Tags: Key=CreatedBy,Value=ec2-automate-backup Key=InstanceId,Value=i-04301c43465272923 Key=InstanceName,Value=abfinance_top20_ubuntu_app05 Key=PurgeAfterFE,Value=1491160868 Key=PurgeAllow,Value=true Key=Volume,Value=vol-0ce01a4e917347781 Key=Created,Value=1488568868
INSTANCE i-061100ef3944cdc9f
INSTANCE NAME: abfinance_waf01
Tagging Snapshot snap-0934d7e4947f595d5 with the following Tags: Key=CreatedBy,Value=ec2-automate-backup Key=InstanceId,Value=i-061100ef3944cdc9f Key=InstanceName,Value=abfinance_waf01 Key=PurgeAfterFE,Value=1491160868 Key=PurgeAllow,Value=true Key=Volume,Value=vol-047bd2af9ad7b8607 Key=Created,Value=1488568868
INSTANCE i-061100ef3944cdc9f
INSTANCE NAME: abfinance_waf01
Tagging Snapshot snap-087c363bdde37db2b with the following Tags: Key=CreatedBy,Value=ec2-automate-backup Key=InstanceId,Value=i-061100ef3944cdc9f Key=InstanceName,Value=abfinance_waf01 Key=PurgeAfterFE,Value=1491160868 Key=PurgeAllow,Value=true Key=Volume,Value=vol-033f40c6a90487e43 Key=Created,Value=1488568868
INSTANCE i-061100ef3944cdc9f
INSTANCE NAME: abfinance_waf01
Tagging Snapshot snap-05084857c0818ab32 with the following Tags: Key=CreatedBy,Value=ec2-automate-backup Key=InstanceId,Value=i-061100ef3944cdc9f Key=InstanceName,Value=abfinance_waf01 Key=PurgeAfterFE,Value=1491160868 Key=PurgeAllow,Value=true Key=Volume,Value=vol-0e7a9cd48468a007e Key=Created,Value=1488568868
INSTANCE i-05bce44dc8bdd25cc
INSTANCE NAME: test_abfinance_top20_ubuntu_web
Tagging Snapshot snap-0e8f6f17a82cb5c9b with the following Tags: Key=CreatedBy,Value=ec2-automate-backup Key=InstanceId,Value=i-05bce44dc8bdd25cc Key=InstanceName,Value=test_abfinance_top20_ubuntu_web Key=PurgeAfterFE,Value=1491160868 Key=PurgeAllow,Value=true Key=Volume,Value=vol-0bb8640ab9584a3b6 Key=Created,Value=1488568868
INSTANCE i-05bce44dc8bdd25cc
INSTANCE NAME: test_abfinance_top20_ubuntu_web
Tagging Snapshot snap-03753397236a8a840 with the following Tags: Key=CreatedBy,Value=ec2-automate-backup Key=InstanceId,Value=i-05bce44dc8bdd25cc Key=InstanceName,Value=test_abfinance_top20_ubuntu_web Key=PurgeAfterFE,Value=1491160868 Key=PurgeAllow,Value=true Key=Volume,Value=vol-01e180d6472981af9 Key=Created,Value=1488568868
INSTANCE i-068562c066d5fe7a2
INSTANCE NAME: test_abfinance_top20_ubuntu_das
Tagging Snapshot snap-0a08cc372c8e58850 with the following Tags: Key=CreatedBy,Value=ec2-automate-backup Key=InstanceId,Value=i-068562c066d5fe7a2 Key=InstanceName,Value=test_abfinance_top20_ubuntu_das Key=PurgeAfterFE,Value=1491160868 Key=PurgeAllow,Value=true Key=Volume,Value=vol-018ff67469c8f095c Key=Created,Value=1488568868
INSTANCE i-05bce44dc8bdd25cc
INSTANCE NAME: test_abfinance_top20_ubuntu_web
Tagging Snapshot snap-0bcccc455dcaa6699 with the following Tags: Key=CreatedBy,Value=ec2-automate-backup Key=InstanceId,Value=i-05bce44dc8bdd25cc Key=InstanceName,Value=test_abfinance_top20_ubuntu_web Key=PurgeAfterFE,Value=1491160868 Key=PurgeAllow,Value=true Key=Volume,Value=vol-03689106d82cd6e4a Key=Created,Value=1488568868
INSTANCE i-068562c066d5fe7a2
INSTANCE NAME: test_abfinance_top20_ubuntu_das
Tagging Snapshot snap-09bdee8d9751381d6 with the following Tags: Key=CreatedBy,Value=ec2-automate-backup Key=InstanceId,Value=i-068562c066d5fe7a2 Key=InstanceName,Value=test_abfinance_top20_ubuntu_das Key=PurgeAfterFE,Value=1491160868 Key=PurgeAllow,Value=true Key=Volume,Value=vol-0474fb56e6b14a15b Key=Created,Value=1488568868
INSTANCE i-05bce44dc8bdd25cc
INSTANCE NAME: test_abfinance_top20_ubuntu_web
Tagging Snapshot snap-08f50bd0c555fde36 with the following Tags: Key=CreatedBy,Value=ec2-automate-backup Key=InstanceId,Value=i-05bce44dc8bdd25cc Key=InstanceName,Value=test_abfinance_top20_ubuntu_web Key=PurgeAfterFE,Value=1491160868 Key=PurgeAllow,Value=true Key=Volume,Value=vol-0187f4ef773ed4690 Key=Created,Value=1488568868
INSTANCE i-068562c066d5fe7a2
INSTANCE NAME: test_abfinance_top20_ubuntu_das
Tagging Snapshot snap-046505e0a92640929 with the following Tags: Key=CreatedBy,Value=ec2-automate-backup Key=InstanceId,Value=i-068562c066d5fe7a2 Key=InstanceName,Value=test_abfinance_top20_ubuntu_das Key=PurgeAfterFE,Value=1491160868 Key=PurgeAllow,Value=true Key=Volume,Value=vol-0d148878cb016398c Key=Created,Value=1488568868
INSTANCE i-068562c066d5fe7a2
INSTANCE NAME: test_abfinance_top20_ubuntu_das
Tagging Snapshot snap-096ab9f95e525a981 with the following Tags: Key=CreatedBy,Value=ec2-automate-backup Key=InstanceId,Value=i-068562c066d5fe7a2 Key=InstanceName,Value=test_abfinance_top20_ubuntu_das Key=PurgeAfterFE,Value=1491160868 Key=PurgeAllow,Value=true Key=Volume,Value=vol-01bb9e2f8003e968f Key=Created,Value=1488568868
INSTANCE i-052f4f04423466953
INSTANCE NAME: test_abfinance_top20_ubuntu_db
Tagging Snapshot snap-012fafc05bc33b030 with the following Tags: Key=CreatedBy,Value=ec2-automate-backup Key=InstanceId,Value=i-052f4f04423466953 Key=InstanceName,Value=test_abfinance_top20_ubuntu_db Key=PurgeAfterFE,Value=1491160868 Key=PurgeAllow,Value=true Key=Volume,Value=vol-0fc43ef9b5183590f Key=Created,Value=1488568868
INSTANCE i-052f4f04423466953
INSTANCE NAME: test_abfinance_top20_ubuntu_db
Tagging Snapshot snap-060b654045cf7249a with the following Tags: Key=CreatedBy,Value=ec2-automate-backup Key=InstanceId,Value=i-052f4f04423466953 Key=InstanceName,Value=test_abfinance_top20_ubuntu_db Key=PurgeAfterFE,Value=1491160868 Key=PurgeAllow,Value=true Key=Volume,Value=vol-0d39b74222598de3c Key=Created,Value=1488568868
INSTANCE i-052f4f04423466953
INSTANCE NAME: test_abfinance_top20_ubuntu_db
Tagging Snapshot snap-05cbcef19eec8978b with the following Tags: Key=CreatedBy,Value=ec2-automate-backup Key=InstanceId,Value=i-052f4f04423466953 Key=InstanceName,Value=test_abfinance_top20_ubuntu_db Key=PurgeAfterFE,Value=1491160868 Key=PurgeAllow,Value=true Key=Volume,Value=vol-0a1924f6a042870d5 Key=Created,Value=1488568868
INSTANCE i-052f4f04423466953
INSTANCE NAME: test_abfinance_top20_ubuntu_db
Tagging Snapshot snap-03bf39c0bb2f4bea3 with the following Tags: Key=CreatedBy,Value=ec2-automate-backup Key=InstanceId,Value=i-052f4f04423466953 Key=InstanceName,Value=test_abfinance_top20_ubuntu_db Key=PurgeAfterFE,Value=1491160868 Key=PurgeAllow,Value=true Key=Volume,Value=vol-08566fbfa4fcc7349 Key=Created,Value=1488568868
INSTANCE i-052f4f04423466953
INSTANCE NAME: test_abfinance_top20_ubuntu_db
Tagging Snapshot snap-001941bf94dc5eb70 with the following Tags: Key=CreatedBy,Value=ec2-automate-backup Key=InstanceId,Value=i-052f4f04423466953 Key=InstanceName,Value=test_abfinance_top20_ubuntu_db Key=PurgeAfterFE,Value=1491160868 Key=PurgeAllow,Value=true Key=Volume,Value=vol-0ed624d81990c5924 Key=Created,Value=1488568868
Snapshot Purging is Starting Now.
Snapshot "snap-0f3be9f09ccae59d4" with the PurgeAfterFE date of "1488482944" will be deleted.
Snapshot "snap-0beab0325abc70689" with the PurgeAfterFE date of "1488482944" will be deleted.
Snapshot "snap-06c62c44956343fcf" with the PurgeAfterFE date of "1488482944" will be deleted.
Snapshot "snap-0a7f5050e984cd4da" with the PurgeAfterFE date of "1488482944" will be deleted.
Snapshot "snap-075b5a588a9aeaa0d" with the PurgeAfterFE date of "1488482944" will be deleted.
Snapshot "snap-0d9dc3115e6424d96" with the PurgeAfterFE date of "1488482944" will be deleted.
Snapshot "snap-026db961747b61408" with the PurgeAfterFE date of "1488482944" will be deleted.
Snapshot "snap-0a5ee9436365e2c74" with the PurgeAfterFE date of "1488482944" will be deleted.
Snapshot "snap-06a81157ecb60ab52" with the PurgeAfterFE date of "1488482944" will be deleted.
Snapshot "snap-0fe72562cc0f16316" with the PurgeAfterFE date of "1488482944" will be deleted.
Snapshot "snap-03a4d4b20bfbb7a5e" with the PurgeAfterFE date of "1488482944" will be deleted.
Snapshot "snap-029207a116dbbf3bc" with the PurgeAfterFE date of "1488482944" will be deleted.
Snapshot "snap-0db607859333561e4" with the PurgeAfterFE date of "1488482944" will be deleted.
Snapshot "snap-06f2527b29e42fb20" with the PurgeAfterFE date of "1488482944" will be deleted.
Snapshot "snap-0264313d5663a7981" with the PurgeAfterFE date of "1488482944" will be deleted.
Snapshot "snap-069f298638acfd780" with the PurgeAfterFE date of "1488482944" will be deleted.
Snapshot "snap-07b81aadd9c28a992" with the PurgeAfterFE date of "1488482944" will be deleted.
Snapshot "snap-0367d920305e0e935" with the PurgeAfterFE date of "1488482944" will be deleted.
Snapshot "snap-02b007428836d2ba4" with the PurgeAfterFE date of "1488482944" will be deleted.
Snapshot "snap-09ddb5d84e2399b4d" with the PurgeAfterFE date of "1488482944" will be deleted.
Snapshot "snap-0657fc6a122eaba1f" with the PurgeAfterFE date of "1488482944" will be deleted.
Snapshot "snap-0f52cc8180cf55b13" with the PurgeAfterFE date of "1488482944" will be deleted.
Snapshot "snap-07a706615fcad122f" with the PurgeAfterFE date of "1488482944" will be deleted.
Snapshot "snap-05160e70596ed7861" with the PurgeAfterFE date of "1488482944" will be deleted.
Snapshot "snap-0467c385d989c8b8b" with the PurgeAfterFE date of "1488482944" will be deleted.
Snapshot "snap-074b5f578dea0c61b" with the PurgeAfterFE date of "1488482944" will be deleted.
Snapshot "snap-008b6544d4a1065d3" with the PurgeAfterFE date of "1488482944" will be deleted.
Snapshot "snap-06f4d3e646e235e8a" with the PurgeAfterFE date of "1488482944" will be deleted.
Snapshot "snap-0acfcc7b632de82ff" with the PurgeAfterFE date of "1488482944" will be deleted.
Snapshot "snap-0a5d8f19fd3d2a57e" with the PurgeAfterFE date of "1488482944" will be deleted.
Snapshot "snap-04eca86d4444f527c" with the PurgeAfterFE date of "1488482944" will be deleted.
Snapshot "snap-07622a33e13260d20" with the PurgeAfterFE date of "1488482944" will be deleted.
Snapshot "snap-025e7677fdc92a120" with the PurgeAfterFE date of "1488482944" will be deleted.
Snapshot "snap-005061338b8da51b3" with the PurgeAfterFE date of "1488482944" will be deleted.
Snapshot "snap-04c7733f3f64ba864" with the PurgeAfterFE date of "1488482944" will be deleted.
Snapshot "snap-0e414f7f2f62fbe86" with the PurgeAfterFE date of "1488482944" will be deleted.
Snapshot "snap-051e93a069c772dc1" with the PurgeAfterFE date of "1488482944" will be deleted.
Snapshot "snap-08f0d27a792ba1b44" with the PurgeAfterFE date of "1488482944" will be deleted.
Snapshot "snap-0e492c88e092788fd" with the PurgeAfterFE date of "1488482944" will be deleted.
Snapshot "snap-055044ed2ac11adc8" with the PurgeAfterFE date of "1488482944" will be deleted.
Snapshot "snap-0d8eaec07b2889302" with the PurgeAfterFE date of "1488482944" will be deleted.
Snapshot "snap-05d07db959c2ba0ce" with the PurgeAfterFE date of "1488482944" will be deleted.
Snapshot "snap-064e527a7813ead93" with the PurgeAfterFE date of "1488482944" will be deleted.
Snapshot "snap-02f8499acfd8e4d0d" with the PurgeAfterFE date of "1488482944" will be deleted.
Snapshot "snap-03736da09df27977d" with the PurgeAfterFE date of "1488482944" will be deleted.
Snapshot "snap-0c00f1f3920daaf52" with the PurgeAfterFE date of "1488482944" will be deleted.
Snapshot "snap-0e0406f43597a922c" with the PurgeAfterFE date of "1488482944" will be deleted.
Snapshot "snap-015eadd56280d7bad" with the PurgeAfterFE date of "1488482944" will be deleted.
Snapshot "snap-0741921195ef74a8e" with the PurgeAfterFE date of "1488482944" will be deleted.
Snapshot "snap-02fc150722797644e" with the PurgeAfterFE date of "1488482944" will be deleted.
Snapshot "snap-0d215b30788f02c96" with the PurgeAfterFE date of "1488482944" will be deleted.
Snapshot "snap-0ef909dd68ee116a9" with the PurgeAfterFE date of "1488482944" will be deleted.
Snapshot "snap-0925339a9a0526ee4" with the PurgeAfterFE date of "1488482944" will be deleted.
Snapshot "snap-064adfb79d4808f14" with the PurgeAfterFE date of "1488482944" will be deleted.
Snapshot "snap-0208b0f0d4943a389" with the PurgeAfterFE date of "1488482944" will be deleted.
Snapshot "snap-09c85d85b2796b74b" with the PurgeAfterFE date of "1488482944" will be deleted.
Snapshot "snap-064eb04e406f467a4" with the PurgeAfterFE date of "1488482944" will be deleted.
Snapshot "snap-0a93959b553c0c9a0" with the PurgeAfterFE date of "1488482944" will be deleted.
Snapshot "snap-0e0701fa8a93deccd" with the PurgeAfterFE date of "1488482944" will be deleted.
Snapshot "snap-099fcddd9ad64fcd6" with the PurgeAfterFE date of "1488482944" will be deleted.
Snapshot "snap-087268c999d4b1a91" with the PurgeAfterFE date of "1488482944" will be deleted.
Snapshot "snap-0e717b0a44f41195f" with the PurgeAfterFE date of "1488482944" will be deleted.
Snapshot "snap-01d57a725ba467274" with the PurgeAfterFE date of "1488482944" will be deleted.
Snapshot "snap-0efcb90172311048c" with the PurgeAfterFE date of "1488482944" will be deleted.
Snapshot "snap-0c86e1c58d08efd00" with the PurgeAfterFE date of "1488482944" will be deleted.
Snapshot "snap-082006282bbe2468e" with the PurgeAfterFE date of "1488482944" will be deleted.
Snapshot "snap-0e2ed2632b1d790a7" with the PurgeAfterFE date of "1488482944" will be deleted.
Snapshot "snap-06a017069f1a38ead" with the PurgeAfterFE date of "1488482944" will be deleted.
Snapshot "snap-0edd9d42de1b47e22" with the PurgeAfterFE date of "1488482944" will be deleted.
Snapshot "snap-0ba3a839b0ea92a51" with the PurgeAfterFE date of "1488482944" will be deleted.
Snapshot "snap-0f0a6d9ef208408e5" with the PurgeAfterFE date of "1488482944" will be deleted.
Snapshot "snap-0523d4e30a9891501" with the PurgeAfterFE date of "1488482944" will be deleted.
Snapshot "snap-067caf7cda92256ff" with the PurgeAfterFE date of "1488482944" will be deleted.
Snapshot "snap-0746cbf84265788a4" with the PurgeAfterFE date of "1488482944" will be deleted.
Snapshot "snap-01a9c3dc19ee6f91d" with the PurgeAfterFE date of "1488482944" will be deleted.
Snapshot "snap-06abaa19a4016acae" with the PurgeAfterFE date of "1488482944" will be deleted.
Snapshot "snap-068ccc7d7cbdee6cf" with the PurgeAfterFE date of "1488482944" will be deleted.
Snapshot "snap-0d1b1e398cd569965" with the PurgeAfterFE date of "1488482944" will be deleted.
Snapshot "snap-00c9e165ef47cb37a" with the PurgeAfterFE date of "1488482944" will be deleted.
Snapshot "snap-046a2cb7bdfbd94ff" with the PurgeAfterFE date of "1488482944" will be deleted.
Snapshot "snap-0e7853c936d8d9e6c" with the PurgeAfterFE date of "1488482944" will be deleted.
Snapshot "snap-05c022e39b5bf85ab" with the PurgeAfterFE date of "1488482944" will be deleted.
Snapshot "snap-01c749edee8f70046" with the PurgeAfterFE date of "1488482944" will be deleted.
Snapshot "snap-0e1c6b9568d74634a" with the PurgeAfterFE date of "1488482944" will be deleted.
Snapshot "snap-0e38b0183033e51a4" with the PurgeAfterFE date of "1488482944" will be deleted.
Snapshot "snap-026a02b1001298c21" with the PurgeAfterFE date of "1488482944" will be deleted.
Snapshot "snap-0854ed1bdb4e71fcb" with the PurgeAfterFE date of "1488482944" will be deleted.
Snapshot "snap-01a646f1a941817d0" with the PurgeAfterFE date of "1488482944" will be deleted.
Snapshot "snap-0af12bf6b09547677" with the PurgeAfterFE date of "1488482944" will be deleted.
Snapshot "snap-0a4157749dc95cecf" with the PurgeAfterFE date of "1488482944" will be deleted.
Snapshot "snap-053d5783da2a81424" with the PurgeAfterFE date of "1488482944" will be deleted.
Snapshot "snap-045a6782f139e54b7" with the PurgeAfterFE date of "1488482944" will be deleted.
Snapshot "snap-04f593493867f6375" with the PurgeAfterFE date of "1488482944" will be deleted.
Snapshot "snap-0e235fc3531c59a01" with the PurgeAfterFE date of "1488482944" will be deleted.
Snapshot "snap-0150ce942c4ae79a3" with the PurgeAfterFE date of "1488482944" will be deleted.
Snapshot "snap-070ee4ec7b4169cb9" with the PurgeAfterFE date of "1488482944" will be deleted.
Snapshot "snap-07af03fa8511432c7" with the PurgeAfterFE date of "1488482944" will be deleted.
Snapshot "snap-0a25ef3547c953c51" with the PurgeAfterFE date of "1488482944" will be deleted.
Snapshot "snap-00b8b46d768c1cbff" with the PurgeAfterFE date of "1488482944" will be deleted.
Snapshot "snap-0f7c8476477a0d572" with the PurgeAfterFE date of "1488482944" will be deleted.
Snapshot "snap-0a8775f7fcf372e60" with the PurgeAfterFE date of "1488482944" will be deleted.
Snapshot "snap-0a63c24afc97b1956" with the PurgeAfterFE date of "1488482944" will be deleted.
Snapshot "snap-021bea216983d2ec9" with the PurgeAfterFE date of "1488482944" will be deleted.
Snapshot "snap-0f1fcc800f3e30fa5" with the PurgeAfterFE date of "1488482944" will be deleted.
Snapshot "snap-0f1d0689bd7039d42" with the PurgeAfterFE date of "1488482944" will be deleted.
Snapshot "snap-099a20cc8a0215b21" with the PurgeAfterFE date of "1488482944" will be deleted.
Snapshot "snap-01ef811193d9d0585" with the PurgeAfterFE date of "1488482944" will be deleted.
Snapshot "snap-08565a6d713090d75" with the PurgeAfterFE date of "1488482944" will be deleted.
Snapshot "snap-0ecef8699ce72f5ad" with the PurgeAfterFE date of "1488482944" will be deleted.
Snapshot "snap-038147ee6c47b3d55" with the PurgeAfterFE date of "1488482944" will be deleted.
Snapshot "snap-0886303a3cb05280f" with the PurgeAfterFE date of "1488482944" will be deleted.
Snapshot "snap-01ec1c0f51b7d2abd" with the PurgeAfterFE date of "1488482944" will be deleted.
Snapshot "snap-023484f2957346d02" with the PurgeAfterFE date of "1488482944" will be deleted.
Snapshot "snap-0b36c8a746d6fc407" with the PurgeAfterFE date of "1488482944" will be deleted.
Snapshot "snap-0ceb76d83669fc738" with the PurgeAfterFE date of "1488482944" will be deleted.
Snapshot "snap-00dfd63b4c4d81753" with the PurgeAfterFE date of "1488482944" will be deleted.
Snapshot "snap-0ee8addf3ebea3ef7" with the PurgeAfterFE date of "1488482944" will be deleted.
Snapshot "snap-0fa5ee12ddd0d29a7" with the PurgeAfterFE date of "1488482944" will be deleted.
Snapshot "snap-00399e850bf746e0b" with the PurgeAfterFE date of "1488482944" will be deleted.
Snapshot "snap-0b8175580dcae6749" with the PurgeAfterFE date of "1488482944" will be deleted.
Snapshot "snap-046c17137c1e7d4f1" with the PurgeAfterFE date of "1488482944" will be deleted.
Snapshot "snap-0b4a7e310ef253078" with the PurgeAfterFE date of "1488482944" will be deleted.
Snapshot "snap-0ff89bdf7e8856926" with the PurgeAfterFE date of "1488482944" will be deleted.
Snapshot "snap-0daf339c40c2b015e" with the PurgeAfterFE date of "1488482944" will be deleted.
Snapshot "snap-05bd1827d64d909d6" with the PurgeAfterFE date of "1488482944" will be deleted.
Snapshot "snap-0e814de114bb6d9d2" with the PurgeAfterFE date of "1488482944" will be deleted.
Snapshot "snap-0df78ae3c9b968e12" with the PurgeAfterFE date of "1488482944" will be deleted.
Snapshot "snap-08e041e1d29b148e8" with the PurgeAfterFE date of "1488482944" will be deleted.
Snapshot "snap-0392fcf4b95118e99" with the PurgeAfterFE date of "1488482944" will be deleted.
Snapshot "snap-039be3adf5189d80e" with the PurgeAfterFE date of "1488482944" will be deleted.
Snapshot "snap-03a4c4bc2f32190f5" with the PurgeAfterFE date of "1488482944" will be deleted.
Snapshot "snap-0c6ac058e16592817" with the PurgeAfterFE date of "1488482944" will be deleted.
Snapshot "snap-020b3b1a3a73b2b9a" with the PurgeAfterFE date of "1488482944" will be deleted.
Snapshot "snap-06f47d19ac5e797e1" with the PurgeAfterFE date of "1488482944" will be deleted.
Snapshot "snap-01fff0aae5fbdd019" with the PurgeAfterFE date of "1488482944" will be deleted.
Snapshot "snap-0f34f22585bc8560e" with the PurgeAfterFE date of "1488482944" will be deleted.
Snapshot "snap-0960bfa4f87b5a87b" with the PurgeAfterFE date of "1488482944" will be deleted.
Snapshot "snap-096f62ffb02836399" with the PurgeAfterFE date of "1488482944" will be deleted.
Snapshot "snap-05660ecbc395f5dcd" with the PurgeAfterFE date of "1488482944" will be deleted.
Snapshot "snap-08a61c887d96d4ae3" with the PurgeAfterFE date of "1488482944" will be deleted.
Snapshot "snap-01fc6f2a9d69452b8" with the PurgeAfterFE date of "1488482944" will be deleted.
Snapshot "snap-0083b4d73dc788f25" with the PurgeAfterFE date of "1488482944" will be deleted.
Snapshot "snap-0b969f62bff0d4562" with the PurgeAfterFE date of "1488482944" will be deleted.
Snapshot "snap-0de0b41a5bcfbeca1" with the PurgeAfterFE date of "1488482944" will be deleted.
Snapshot "snap-0dcd3001b1c75267c" with the PurgeAfterFE date of "1488482944" will be deleted.
Snapshot "snap-015484c8c197a1222" with the PurgeAfterFE date of "1488482944" will be deleted.
Snapshot "snap-0afb5921994991fbe" with the PurgeAfterFE date of "1488482944" will be deleted.
Snapshot "snap-0fcb5503813809f6d" with the PurgeAfterFE date of "1488482944" will be deleted.
Snapshot "snap-008f7f1479176a0ac" with the PurgeAfterFE date of "1488482944" will be deleted.
Snapshot "snap-0418adc342f5af760" with the PurgeAfterFE date of "1488482944" will be deleted.
Snapshot "snap-020a2d17f9658f902" with the PurgeAfterFE date of "1488482944" will be deleted.
Snapshot "snap-06fa1044252e6431d" with the PurgeAfterFE date of "1488482944" will be deleted.
Snapshot "snap-0ef4572fadadf6398" with the PurgeAfterFE date of "1488482944" will be deleted.
Snapshot "snap-0eada3d133a667bf5" with the PurgeAfterFE date of "1488482944" will be deleted.
Snapshot "snap-0b8c5fe696f7159bc" with the PurgeAfterFE date of "1488482944" will be deleted.
Snapshot "snap-0c8f7b4f1ba88c662" with the PurgeAfterFE date of "1488482944" will be deleted.
Snapshot "snap-08a97a02ec7eaa618" with the PurgeAfterFE date of "1488482944" will be deleted.
Snapshot "snap-0d6f8f05050c759bc" with the PurgeAfterFE date of "1488482944" will be deleted.
Snapshot "snap-007ad97666b4f3085" with the PurgeAfterFE date of "1488482944" will be deleted.
