/etc/login.defs
++++++++++++++++++++
#	PASS_MAX_DAYS	Maximum number of days a password may be used.
PASS_MAX_DAYS	99999
#	PASS_WARN_AGE	Number of days warning given before a password expires.
PASS_WARN_AGE	7
=========================================================================================
root bin daemon adm lp sync shutdown halt mail uucp operator games gopher ftp nobody dbus rpc oprofile usbmuxd named abrt bacula nscd hsqldb vcsa rtkit avahi-autoipd apache tss postgres saslauth postfix dovecot dovenull rpcuser nfsnobody amandabackup haldaemon mysql gdm tomcat mailnull smmsp ntp radvd qemu memcached pulse xguest quagga sabayon sshd mailman webalizer arpwatch ident uuidd nslcd ldap cyrus dhcpd squid tcpdump radiusd viewer oracle grid monitor mocha
=========================================================================================
root
+++++++++++++++
Last password change					: Dec 23, 2014
Password expires					: never
Password inactive					: never
Account expires						: never
Minimum number of days between password change		: 0
Maximum number of days between password change		: 99999
Number of days of warning before password expires	: 7
=========================================================================================
bin
+++++++++++++++
Last password change					: Aug 20, 2013
Password expires					: never
Password inactive					: never
Account expires						: never
Minimum number of days between password change		: 0
Maximum number of days between password change		: 99999
Number of days of warning before password expires	: 7
=========================================================================================
daemon
+++++++++++++++
Last password change					: Aug 20, 2013
Password expires					: never
Password inactive					: never
Account expires						: never
Minimum number of days between password change		: 0
Maximum number of days between password change		: 99999
Number of days of warning before password expires	: 7
=========================================================================================
adm
+++++++++++++++
Last password change					: Aug 20, 2013
Password expires					: never
Password inactive					: never
Account expires						: never
Minimum number of days between password change		: 0
Maximum number of days between password change		: 99999
Number of days of warning before password expires	: 7
=========================================================================================
lp
+++++++++++++++
Last password change					: Aug 20, 2013
Password expires					: never
Password inactive					: never
Account expires						: never
Minimum number of days between password change		: 0
Maximum number of days between password change		: 99999
Number of days of warning before password expires	: 7
=========================================================================================
sync
+++++++++++++++
Last password change					: Aug 20, 2013
Password expires					: never
Password inactive					: never
Account expires						: never
Minimum number of days between password change		: 0
Maximum number of days between password change		: 99999
Number of days of warning before password expires	: 7
=========================================================================================
shutdown
+++++++++++++++
Last password change					: Aug 20, 2013
Password expires					: never
Password inactive					: never
Account expires						: never
Minimum number of days between password change		: 0
Maximum number of days between password change		: 99999
Number of days of warning before password expires	: 7
=========================================================================================
halt
+++++++++++++++
Last password change					: Aug 20, 2013
Password expires					: never
Password inactive					: never
Account expires						: never
Minimum number of days between password change		: 0
Maximum number of days between password change		: 99999
Number of days of warning before password expires	: 7
=========================================================================================
mail
+++++++++++++++
Last password change					: Aug 20, 2013
Password expires					: never
Password inactive					: never
Account expires						: never
Minimum number of days between password change		: 0
Maximum number of days between password change		: 99999
Number of days of warning before password expires	: 7
=========================================================================================
uucp
+++++++++++++++
Last password change					: Aug 20, 2013
Password expires					: never
Password inactive					: never
Account expires						: never
Minimum number of days between password change		: 0
Maximum number of days between password change		: 99999
Number of days of warning before password expires	: 7
=========================================================================================
operator
+++++++++++++++
Last password change					: Aug 20, 2013
Password expires					: never
Password inactive					: never
Account expires						: never
Minimum number of days between password change		: 0
Maximum number of days between password change		: 99999
Number of days of warning before password expires	: 7
=========================================================================================
games
+++++++++++++++
Last password change					: Aug 20, 2013
Password expires					: never
Password inactive					: never
Account expires						: never
Minimum number of days between password change		: 0
Maximum number of days between password change		: 99999
Number of days of warning before password expires	: 7
=========================================================================================
gopher
+++++++++++++++
Last password change					: Aug 20, 2013
Password expires					: never
Password inactive					: never
Account expires						: never
Minimum number of days between password change		: 0
Maximum number of days between password change		: 99999
Number of days of warning before password expires	: 7
=========================================================================================
ftp
+++++++++++++++
Last password change					: Aug 20, 2013
Password expires					: never
Password inactive					: never
Account expires						: never
Minimum number of days between password change		: 0
Maximum number of days between password change		: 99999
Number of days of warning before password expires	: 7
=========================================================================================
nobody
+++++++++++++++
Last password change					: Aug 20, 2013
Password expires					: never
Password inactive					: never
Account expires						: never
Minimum number of days between password change		: 0
Maximum number of days between password change		: 99999
Number of days of warning before password expires	: 7
=========================================================================================
dbus
+++++++++++++++
Last password change					: Dec 19, 2014
Password expires					: never
Password inactive					: never
Account expires						: never
Minimum number of days between password change		: -1
Maximum number of days between password change		: -1
Number of days of warning before password expires	: -1
=========================================================================================
rpc
+++++++++++++++
Last password change					: Dec 19, 2014
Password expires					: never
Password inactive					: never
Account expires						: never
Minimum number of days between password change		: 0
Maximum number of days between password change		: 99999
Number of days of warning before password expires	: 7
=========================================================================================
oprofile
+++++++++++++++
Last password change					: Dec 19, 2014
Password expires					: never
Password inactive					: never
Account expires						: never
Minimum number of days between password change		: -1
Maximum number of days between password change		: -1
Number of days of warning before password expires	: -1
=========================================================================================
usbmuxd
+++++++++++++++
Last password change					: Dec 19, 2014
Password expires					: never
Password inactive					: never
Account expires						: never
Minimum number of days between password change		: -1
Maximum number of days between password change		: -1
Number of days of warning before password expires	: -1
=========================================================================================
named
+++++++++++++++
Last password change					: Dec 19, 2014
Password expires					: never
Password inactive					: never
Account expires						: never
Minimum number of days between password change		: -1
Maximum number of days between password change		: -1
Number of days of warning before password expires	: -1
=========================================================================================
abrt
+++++++++++++++
Last password change					: Dec 19, 2014
Password expires					: never
Password inactive					: never
Account expires						: never
Minimum number of days between password change		: -1
Maximum number of days between password change		: -1
Number of days of warning before password expires	: -1
=========================================================================================
bacula
+++++++++++++++
Last password change					: Dec 19, 2014
Password expires					: never
Password inactive					: never
Account expires						: never
Minimum number of days between password change		: -1
Maximum number of days between password change		: -1
Number of days of warning before password expires	: -1
=========================================================================================
nscd
+++++++++++++++
Last password change					: Dec 19, 2014
Password expires					: never
Password inactive					: never
Account expires						: never
Minimum number of days between password change		: -1
Maximum number of days between password change		: -1
Number of days of warning before password expires	: -1
=========================================================================================
hsqldb
+++++++++++++++
Last password change					: Dec 19, 2014
Password expires					: never
Password inactive					: never
Account expires						: never
Minimum number of days between password change		: -1
Maximum number of days between password change		: -1
Number of days of warning before password expires	: -1
=========================================================================================
vcsa
+++++++++++++++
Last password change					: Dec 19, 2014
Password expires					: never
Password inactive					: never
Account expires						: never
Minimum number of days between password change		: -1
Maximum number of days between password change		: -1
Number of days of warning before password expires	: -1
=========================================================================================
rtkit
+++++++++++++++
Last password change					: Dec 19, 2014
Password expires					: never
Password inactive					: never
Account expires						: never
Minimum number of days between password change		: -1
Maximum number of days between password change		: -1
Number of days of warning before password expires	: -1
=========================================================================================
avahi-autoipd
+++++++++++++++
Last password change					: Dec 19, 2014
Password expires					: never
Password inactive					: never
Account expires						: never
Minimum number of days between password change		: -1
Maximum number of days between password change		: -1
Number of days of warning before password expires	: -1
=========================================================================================
apache
+++++++++++++++
Last password change					: Dec 19, 2014
Password expires					: never
Password inactive					: never
Account expires						: never
Minimum number of days between password change		: -1
Maximum number of days between password change		: -1
Number of days of warning before password expires	: -1
=========================================================================================
tss
+++++++++++++++
Last password change					: Dec 19, 2014
Password expires					: never
Password inactive					: never
Account expires						: never
Minimum number of days between password change		: -1
Maximum number of days between password change		: -1
Number of days of warning before password expires	: -1
=========================================================================================
postgres
+++++++++++++++
Last password change					: Dec 19, 2014
Password expires					: never
Password inactive					: never
Account expires						: never
Minimum number of days between password change		: -1
Maximum number of days between password change		: -1
Number of days of warning before password expires	: -1
=========================================================================================
saslauth
+++++++++++++++
Last password change					: Dec 19, 2014
Password expires					: never
Password inactive					: never
Account expires						: never
Minimum number of days between password change		: -1
Maximum number of days between password change		: -1
Number of days of warning before password expires	: -1
=========================================================================================
postfix
+++++++++++++++
Last password change					: Dec 19, 2014
Password expires					: never
Password inactive					: never
Account expires						: never
Minimum number of days between password change		: -1
Maximum number of days between password change		: -1
Number of days of warning before password expires	: -1
=========================================================================================
dovecot
+++++++++++++++
Last password change					: Dec 19, 2014
Password expires					: never
Password inactive					: never
Account expires						: never
Minimum number of days between password change		: -1
Maximum number of days between password change		: -1
Number of days of warning before password expires	: -1
=========================================================================================
dovenull
+++++++++++++++
Last password change					: Dec 19, 2014
Password expires					: never
Password inactive					: never
Account expires						: never
Minimum number of days between password change		: -1
Maximum number of days between password change		: -1
Number of days of warning before password expires	: -1
=========================================================================================
rpcuser
+++++++++++++++
Last password change					: Dec 19, 2014
Password expires					: never
Password inactive					: never
Account expires						: never
Minimum number of days between password change		: -1
Maximum number of days between password change		: -1
Number of days of warning before password expires	: -1
=========================================================================================
nfsnobody
+++++++++++++++
Last password change					: Dec 19, 2014
Password expires					: never
Password inactive					: never
Account expires						: never
Minimum number of days between password change		: -1
Maximum number of days between password change		: -1
Number of days of warning before password expires	: -1
=========================================================================================
amandabackup
+++++++++++++++
Last password change					: Dec 19, 2014
Password expires					: never
Password inactive					: never
Account expires						: never
Minimum number of days between password change		: -1
Maximum number of days between password change		: -1
Number of days of warning before password expires	: -1
=========================================================================================
haldaemon
+++++++++++++++
Last password change					: Dec 19, 2014
Password expires					: never
Password inactive					: never
Account expires						: never
Minimum number of days between password change		: -1
Maximum number of days between password change		: -1
Number of days of warning before password expires	: -1
=========================================================================================
mysql
+++++++++++++++
Last password change					: Dec 19, 2014
Password expires					: never
Password inactive					: never
Account expires						: never
Minimum number of days between password change		: -1
Maximum number of days between password change		: -1
Number of days of warning before password expires	: -1
=========================================================================================
gdm
+++++++++++++++
Last password change					: Dec 19, 2014
Password expires					: never
Password inactive					: never
Account expires						: never
Minimum number of days between password change		: -1
Maximum number of days between password change		: -1
Number of days of warning before password expires	: -1
=========================================================================================
tomcat
+++++++++++++++
Last password change					: Dec 19, 2014
Password expires					: never
Password inactive					: never
Account expires						: never
Minimum number of days between password change		: -1
Maximum number of days between password change		: -1
Number of days of warning before password expires	: -1
=========================================================================================
mailnull
+++++++++++++++
Last password change					: Dec 19, 2014
Password expires					: never
Password inactive					: never
Account expires						: never
Minimum number of days between password change		: -1
Maximum number of days between password change		: -1
Number of days of warning before password expires	: -1
=========================================================================================
smmsp
+++++++++++++++
Last password change					: Dec 19, 2014
Password expires					: never
Password inactive					: never
Account expires						: never
Minimum number of days between password change		: -1
Maximum number of days between password change		: -1
Number of days of warning before password expires	: -1
=========================================================================================
ntp
+++++++++++++++
Last password change					: Dec 19, 2014
Password expires					: never
Password inactive					: never
Account expires						: never
Minimum number of days between password change		: -1
Maximum number of days between password change		: -1
Number of days of warning before password expires	: -1
=========================================================================================
radvd
+++++++++++++++
Last password change					: Dec 19, 2014
Password expires					: never
Password inactive					: never
Account expires						: never
Minimum number of days between password change		: -1
Maximum number of days between password change		: -1
Number of days of warning before password expires	: -1
=========================================================================================
qemu
+++++++++++++++
Last password change					: Dec 19, 2014
Password expires					: never
Password inactive					: never
Account expires						: never
Minimum number of days between password change		: -1
Maximum number of days between password change		: -1
Number of days of warning before password expires	: -1
=========================================================================================
memcached
+++++++++++++++
Last password change					: Dec 19, 2014
Password expires					: never
Password inactive					: never
Account expires						: never
Minimum number of days between password change		: -1
Maximum number of days between password change		: -1
Number of days of warning before password expires	: -1
=========================================================================================
pulse
+++++++++++++++
Last password change					: Dec 19, 2014
Password expires					: never
Password inactive					: never
Account expires						: never
Minimum number of days between password change		: -1
Maximum number of days between password change		: -1
Number of days of warning before password expires	: -1
=========================================================================================
xguest
+++++++++++++++
Last password change					: Dec 19, 2014
Password expires					: never
Password inactive					: never
Account expires						: never
Minimum number of days between password change		: 0
Maximum number of days between password change		: 99999
Number of days of warning before password expires	: 7
=========================================================================================
quagga
+++++++++++++++
Last password change					: Dec 19, 2014
Password expires					: never
Password inactive					: never
Account expires						: never
Minimum number of days between password change		: -1
Maximum number of days between password change		: -1
Number of days of warning before password expires	: -1
=========================================================================================
sabayon
+++++++++++++++
Last password change					: Dec 19, 2014
Password expires					: never
Password inactive					: never
Account expires						: never
Minimum number of days between password change		: -1
Maximum number of days between password change		: -1
Number of days of warning before password expires	: -1
=========================================================================================
sshd
+++++++++++++++
Last password change					: Dec 19, 2014
Password expires					: never
Password inactive					: never
Account expires						: never
Minimum number of days between password change		: -1
Maximum number of days between password change		: -1
Number of days of warning before password expires	: -1
=========================================================================================
mailman
+++++++++++++++
Last password change					: Dec 19, 2014
Password expires					: never
Password inactive					: never
Account expires						: never
Minimum number of days between password change		: -1
Maximum number of days between password change		: -1
Number of days of warning before password expires	: -1
=========================================================================================
webalizer
+++++++++++++++
Last password change					: Dec 19, 2014
Password expires					: never
Password inactive					: never
Account expires						: never
Minimum number of days between password change		: -1
Maximum number of days between password change		: -1
Number of days of warning before password expires	: -1
=========================================================================================
arpwatch
+++++++++++++++
Last password change					: Dec 19, 2014
Password expires					: never
Password inactive					: never
Account expires						: never
Minimum number of days between password change		: -1
Maximum number of days between password change		: -1
Number of days of warning before password expires	: -1
=========================================================================================
ident
+++++++++++++++
Last password change					: Dec 19, 2014
Password expires					: never
Password inactive					: never
Account expires						: never
Minimum number of days between password change		: -1
Maximum number of days between password change		: -1
Number of days of warning before password expires	: -1
=========================================================================================
uuidd
+++++++++++++++
Last password change					: Dec 19, 2014
Password expires					: never
Password inactive					: never
Account expires						: never
Minimum number of days between password change		: -1
Maximum number of days between password change		: -1
Number of days of warning before password expires	: -1
=========================================================================================
nslcd
+++++++++++++++
Last password change					: Dec 19, 2014
Password expires					: never
Password inactive					: never
Account expires						: never
Minimum number of days between password change		: -1
Maximum number of days between password change		: -1
Number of days of warning before password expires	: -1
=========================================================================================
ldap
+++++++++++++++
Last password change					: Dec 19, 2014
Password expires					: never
Password inactive					: never
Account expires						: never
Minimum number of days between password change		: -1
Maximum number of days between password change		: -1
Number of days of warning before password expires	: -1
=========================================================================================
cyrus
+++++++++++++++
Last password change					: Dec 19, 2014
Password expires					: never
Password inactive					: never
Account expires						: never
Minimum number of days between password change		: -1
Maximum number of days between password change		: -1
Number of days of warning before password expires	: -1
=========================================================================================
dhcpd
+++++++++++++++
Last password change					: Dec 19, 2014
Password expires					: never
Password inactive					: never
Account expires						: never
Minimum number of days between password change		: -1
Maximum number of days between password change		: -1
Number of days of warning before password expires	: -1
=========================================================================================
squid
+++++++++++++++
Last password change					: Dec 19, 2014
Password expires					: never
Password inactive					: never
Account expires						: never
Minimum number of days between password change		: -1
Maximum number of days between password change		: -1
Number of days of warning before password expires	: -1
=========================================================================================
tcpdump
+++++++++++++++
Last password change					: Dec 19, 2014
Password expires					: never
Password inactive					: never
Account expires						: never
Minimum number of days between password change		: -1
Maximum number of days between password change		: -1
Number of days of warning before password expires	: -1
=========================================================================================
radiusd
+++++++++++++++
Last password change					: Dec 19, 2014
Password expires					: never
Password inactive					: never
Account expires						: never
Minimum number of days between password change		: -1
Maximum number of days between password change		: -1
Number of days of warning before password expires	: -1
=========================================================================================
viewer
+++++++++++++++
Last password change					: Dec 24, 2014
Password expires					: never
Password inactive					: never
Account expires						: never
Minimum number of days between password change		: 0
Maximum number of days between password change		: 99999
Number of days of warning before password expires	: 7
=========================================================================================
oracle
+++++++++++++++
Last password change					: Jan 19, 2015
Password expires					: never
Password inactive					: never
Account expires						: never
Minimum number of days between password change		: 0
Maximum number of days between password change		: 99999
Number of days of warning before password expires	: 7
=========================================================================================
grid
+++++++++++++++
Last password change					: Dec 25, 2014
Password expires					: never
Password inactive					: never
Account expires						: never
Minimum number of days between password change		: 0
Maximum number of days between password change		: 99999
Number of days of warning before password expires	: 7
=========================================================================================
monitor
+++++++++++++++
Last password change					: Dec 31, 2014
Password expires					: never
Password inactive					: never
Account expires						: never
Minimum number of days between password change		: 0
Maximum number of days between password change		: 99999
Number of days of warning before password expires	: 7
=========================================================================================
mocha
+++++++++++++++
Last password change					: Dec 31, 2014
Password expires					: never
Password inactive					: never
Account expires						: never
Minimum number of days between password change		: 0
Maximum number of days between password change		: 99999
Number of days of warning before password expires	: 7
=========================================================================================
