/etc/login.defs
++++++++++++++++++++
#	PASS_MAX_DAYS	Maximum number of days a password may be used.
PASS_MAX_DAYS	99999
#	PASS_WARN_AGE	Number of days warning given before a password expires.
PASS_WARN_AGE	7
=========================================================================================
root bin daemon adm lp sync shutdown halt mail news uucp operator games gopher ftp nobody nscd vcsa ldap distcache cyrus ntp mysql pcap uuidd dbus apache avahi rpc sshd postgres named mailnull smmsp amanda cimsrvr radiusd mailman ident postfix webalizer pvm dovecot exim quagga radvd privoxy oprofile squid xfs rpcuser nfsnobody tomcat haldaemon avahi-autoipd gdm sabayon cognos oracle mocha
=========================================================================================
root
+++++++++++++++
Last password change					: Dec 01, 2015
Password expires					: never
Password inactive					: never
Account expires						: never
Minimum number of days between password change		: 0
Maximum number of days between password change		: 99999
Number of days of warning before password expires	: 7
=========================================================================================
bin
+++++++++++++++
Last password change					: Jun 20, 2014
Password expires					: never
Password inactive					: never
Account expires						: never
Minimum number of days between password change		: 0
Maximum number of days between password change		: 99999
Number of days of warning before password expires	: 7
=========================================================================================
daemon
+++++++++++++++
Last password change					: Jun 20, 2014
Password expires					: never
Password inactive					: never
Account expires						: never
Minimum number of days between password change		: 0
Maximum number of days between password change		: 99999
Number of days of warning before password expires	: 7
=========================================================================================
adm
+++++++++++++++
Last password change					: Jun 20, 2014
Password expires					: never
Password inactive					: never
Account expires						: never
Minimum number of days between password change		: 0
Maximum number of days between password change		: 99999
Number of days of warning before password expires	: 7
=========================================================================================
lp
+++++++++++++++
Last password change					: Jun 20, 2014
Password expires					: never
Password inactive					: never
Account expires						: never
Minimum number of days between password change		: 0
Maximum number of days between password change		: 99999
Number of days of warning before password expires	: 7
=========================================================================================
sync
+++++++++++++++
Last password change					: Jun 20, 2014
Password expires					: never
Password inactive					: never
Account expires						: never
Minimum number of days between password change		: 0
Maximum number of days between password change		: 99999
Number of days of warning before password expires	: 7
=========================================================================================
shutdown
+++++++++++++++
Last password change					: Jun 20, 2014
Password expires					: never
Password inactive					: never
Account expires						: never
Minimum number of days between password change		: 0
Maximum number of days between password change		: 99999
Number of days of warning before password expires	: 7
=========================================================================================
halt
+++++++++++++++
Last password change					: Jun 20, 2014
Password expires					: never
Password inactive					: never
Account expires						: never
Minimum number of days between password change		: 0
Maximum number of days between password change		: 99999
Number of days of warning before password expires	: 7
=========================================================================================
mail
+++++++++++++++
Last password change					: Jun 20, 2014
Password expires					: never
Password inactive					: never
Account expires						: never
Minimum number of days between password change		: 0
Maximum number of days between password change		: 99999
Number of days of warning before password expires	: 7
=========================================================================================
news
+++++++++++++++
Last password change					: Jun 20, 2014
Password expires					: never
Password inactive					: never
Account expires						: never
Minimum number of days between password change		: 0
Maximum number of days between password change		: 99999
Number of days of warning before password expires	: 7
=========================================================================================
uucp
+++++++++++++++
Last password change					: Jun 20, 2014
Password expires					: never
Password inactive					: never
Account expires						: never
Minimum number of days between password change		: 0
Maximum number of days between password change		: 99999
Number of days of warning before password expires	: 7
=========================================================================================
operator
+++++++++++++++
Last password change					: Jun 20, 2014
Password expires					: never
Password inactive					: never
Account expires						: never
Minimum number of days between password change		: 0
Maximum number of days between password change		: 99999
Number of days of warning before password expires	: 7
=========================================================================================
games
+++++++++++++++
Last password change					: Jun 20, 2014
Password expires					: never
Password inactive					: never
Account expires						: never
Minimum number of days between password change		: 0
Maximum number of days between password change		: 99999
Number of days of warning before password expires	: 7
=========================================================================================
gopher
+++++++++++++++
Last password change					: Jun 20, 2014
Password expires					: never
Password inactive					: never
Account expires						: never
Minimum number of days between password change		: 0
Maximum number of days between password change		: 99999
Number of days of warning before password expires	: 7
=========================================================================================
ftp
+++++++++++++++
Last password change					: Jun 20, 2014
Password expires					: never
Password inactive					: never
Account expires						: never
Minimum number of days between password change		: 0
Maximum number of days between password change		: 99999
Number of days of warning before password expires	: 7
=========================================================================================
nobody
+++++++++++++++
Last password change					: Jun 20, 2014
Password expires					: never
Password inactive					: never
Account expires						: never
Minimum number of days between password change		: 0
Maximum number of days between password change		: 99999
Number of days of warning before password expires	: 7
=========================================================================================
nscd
+++++++++++++++
Last password change					: Jun 20, 2014
Password expires					: never
Password inactive					: never
Account expires						: never
Minimum number of days between password change		: 0
Maximum number of days between password change		: 99999
Number of days of warning before password expires	: 7
=========================================================================================
vcsa
+++++++++++++++
Last password change					: Jun 20, 2014
Password expires					: never
Password inactive					: never
Account expires						: never
Minimum number of days between password change		: 0
Maximum number of days between password change		: 99999
Number of days of warning before password expires	: 7
=========================================================================================
ldap
+++++++++++++++
Last password change					: Jun 20, 2014
Password expires					: never
Password inactive					: never
Account expires						: never
Minimum number of days between password change		: 0
Maximum number of days between password change		: 99999
Number of days of warning before password expires	: 7
=========================================================================================
distcache
+++++++++++++++
Last password change					: Jun 20, 2014
Password expires					: never
Password inactive					: never
Account expires						: never
Minimum number of days between password change		: 0
Maximum number of days between password change		: 99999
Number of days of warning before password expires	: 7
=========================================================================================
cyrus
+++++++++++++++
Last password change					: Jun 20, 2014
Password expires					: never
Password inactive					: never
Account expires						: never
Minimum number of days between password change		: 0
Maximum number of days between password change		: 99999
Number of days of warning before password expires	: 7
=========================================================================================
ntp
+++++++++++++++
Last password change					: Jun 20, 2014
Password expires					: never
Password inactive					: never
Account expires						: never
Minimum number of days between password change		: 0
Maximum number of days between password change		: 99999
Number of days of warning before password expires	: 7
=========================================================================================
mysql
+++++++++++++++
Last password change					: Jun 20, 2014
Password expires					: never
Password inactive					: never
Account expires						: never
Minimum number of days between password change		: 0
Maximum number of days between password change		: 99999
Number of days of warning before password expires	: 7
=========================================================================================
pcap
+++++++++++++++
Last password change					: Jun 20, 2014
Password expires					: never
Password inactive					: never
Account expires						: never
Minimum number of days between password change		: 0
Maximum number of days between password change		: 99999
Number of days of warning before password expires	: 7
=========================================================================================
uuidd
+++++++++++++++
Last password change					: Jun 20, 2014
Password expires					: never
Password inactive					: never
Account expires						: never
Minimum number of days between password change		: 0
Maximum number of days between password change		: 99999
Number of days of warning before password expires	: 7
=========================================================================================
dbus
+++++++++++++++
Last password change					: Jun 20, 2014
Password expires					: never
Password inactive					: never
Account expires						: never
Minimum number of days between password change		: 0
Maximum number of days between password change		: 99999
Number of days of warning before password expires	: 7
=========================================================================================
apache
+++++++++++++++
Last password change					: Jun 20, 2014
Password expires					: never
Password inactive					: never
Account expires						: never
Minimum number of days between password change		: 0
Maximum number of days between password change		: 99999
Number of days of warning before password expires	: 7
=========================================================================================
avahi
+++++++++++++++
Last password change					: Jun 20, 2014
Password expires					: never
Password inactive					: never
Account expires						: never
Minimum number of days between password change		: 0
Maximum number of days between password change		: 99999
Number of days of warning before password expires	: 7
=========================================================================================
rpc
+++++++++++++++
Last password change					: Jun 20, 2014
Password expires					: never
Password inactive					: never
Account expires						: never
Minimum number of days between password change		: 0
Maximum number of days between password change		: 99999
Number of days of warning before password expires	: 7
=========================================================================================
sshd
+++++++++++++++
Last password change					: Jun 20, 2014
Password expires					: never
Password inactive					: never
Account expires						: never
Minimum number of days between password change		: 0
Maximum number of days between password change		: 99999
Number of days of warning before password expires	: 7
=========================================================================================
postgres
+++++++++++++++
Last password change					: Jun 20, 2014
Password expires					: never
Password inactive					: never
Account expires						: never
Minimum number of days between password change		: 0
Maximum number of days between password change		: 99999
Number of days of warning before password expires	: 7
=========================================================================================
named
+++++++++++++++
Last password change					: Jun 20, 2014
Password expires					: never
Password inactive					: never
Account expires						: never
Minimum number of days between password change		: 0
Maximum number of days between password change		: 99999
Number of days of warning before password expires	: 7
=========================================================================================
mailnull
+++++++++++++++
Last password change					: Jun 20, 2014
Password expires					: never
Password inactive					: never
Account expires						: never
Minimum number of days between password change		: 0
Maximum number of days between password change		: 99999
Number of days of warning before password expires	: 7
=========================================================================================
smmsp
+++++++++++++++
Last password change					: Jun 20, 2014
Password expires					: never
Password inactive					: never
Account expires						: never
Minimum number of days between password change		: 0
Maximum number of days between password change		: 99999
Number of days of warning before password expires	: 7
=========================================================================================
amanda
+++++++++++++++
Last password change					: Jun 20, 2014
Password expires					: never
Password inactive					: never
Account expires						: never
Minimum number of days between password change		: 0
Maximum number of days between password change		: 99999
Number of days of warning before password expires	: 7
=========================================================================================
cimsrvr
+++++++++++++++
Last password change					: Jun 20, 2014
Password expires					: never
Password inactive					: never
Account expires						: never
Minimum number of days between password change		: 0
Maximum number of days between password change		: 99999
Number of days of warning before password expires	: 7
=========================================================================================
radiusd
+++++++++++++++
Last password change					: Jun 20, 2014
Password expires					: never
Password inactive					: never
Account expires						: never
Minimum number of days between password change		: 0
Maximum number of days between password change		: 99999
Number of days of warning before password expires	: 7
=========================================================================================
mailman
+++++++++++++++
Last password change					: Jun 20, 2014
Password expires					: never
Password inactive					: never
Account expires						: never
Minimum number of days between password change		: 0
Maximum number of days between password change		: 99999
Number of days of warning before password expires	: 7
=========================================================================================
ident
+++++++++++++++
Last password change					: Jun 20, 2014
Password expires					: never
Password inactive					: never
Account expires						: never
Minimum number of days between password change		: 0
Maximum number of days between password change		: 99999
Number of days of warning before password expires	: 7
=========================================================================================
postfix
+++++++++++++++
Last password change					: Jun 20, 2014
Password expires					: never
Password inactive					: never
Account expires						: never
Minimum number of days between password change		: 0
Maximum number of days between password change		: 99999
Number of days of warning before password expires	: 7
=========================================================================================
webalizer
+++++++++++++++
Last password change					: Jun 20, 2014
Password expires					: never
Password inactive					: never
Account expires						: never
Minimum number of days between password change		: 0
Maximum number of days between password change		: 99999
Number of days of warning before password expires	: 7
=========================================================================================
pvm
+++++++++++++++
Last password change					: Jun 20, 2014
Password expires					: never
Password inactive					: never
Account expires						: never
Minimum number of days between password change		: 0
Maximum number of days between password change		: 99999
Number of days of warning before password expires	: 7
=========================================================================================
dovecot
+++++++++++++++
Last password change					: Jun 20, 2014
Password expires					: never
Password inactive					: never
Account expires						: never
Minimum number of days between password change		: 0
Maximum number of days between password change		: 99999
Number of days of warning before password expires	: 7
=========================================================================================
exim
+++++++++++++++
Last password change					: Jun 20, 2014
Password expires					: never
Password inactive					: never
Account expires						: never
Minimum number of days between password change		: 0
Maximum number of days between password change		: 99999
Number of days of warning before password expires	: 7
=========================================================================================
quagga
+++++++++++++++
Last password change					: Jun 20, 2014
Password expires					: never
Password inactive					: never
Account expires						: never
Minimum number of days between password change		: 0
Maximum number of days between password change		: 99999
Number of days of warning before password expires	: 7
=========================================================================================
radvd
+++++++++++++++
Last password change					: Jun 20, 2014
Password expires					: never
Password inactive					: never
Account expires						: never
Minimum number of days between password change		: 0
Maximum number of days between password change		: 99999
Number of days of warning before password expires	: 7
=========================================================================================
privoxy
+++++++++++++++
Last password change					: Jun 20, 2014
Password expires					: never
Password inactive					: never
Account expires						: never
Minimum number of days between password change		: 0
Maximum number of days between password change		: 99999
Number of days of warning before password expires	: 7
=========================================================================================
oprofile
+++++++++++++++
Last password change					: Jun 20, 2014
Password expires					: never
Password inactive					: never
Account expires						: never
Minimum number of days between password change		: 0
Maximum number of days between password change		: 99999
Number of days of warning before password expires	: 7
=========================================================================================
squid
+++++++++++++++
Last password change					: Jun 20, 2014
Password expires					: never
Password inactive					: never
Account expires						: never
Minimum number of days between password change		: 0
Maximum number of days between password change		: 99999
Number of days of warning before password expires	: 7
=========================================================================================
xfs
+++++++++++++++
Last password change					: Jun 20, 2014
Password expires					: never
Password inactive					: never
Account expires						: never
Minimum number of days between password change		: 0
Maximum number of days between password change		: 99999
Number of days of warning before password expires	: 7
=========================================================================================
rpcuser
+++++++++++++++
Last password change					: Jun 20, 2014
Password expires					: never
Password inactive					: never
Account expires						: never
Minimum number of days between password change		: 0
Maximum number of days between password change		: 99999
Number of days of warning before password expires	: 7
=========================================================================================
nfsnobody
+++++++++++++++
Last password change					: Jun 20, 2014
Password expires					: never
Password inactive					: never
Account expires						: never
Minimum number of days between password change		: 0
Maximum number of days between password change		: 99999
Number of days of warning before password expires	: 7
=========================================================================================
tomcat
+++++++++++++++
Last password change					: Jun 20, 2014
Password expires					: never
Password inactive					: never
Account expires						: never
Minimum number of days between password change		: 0
Maximum number of days between password change		: 99999
Number of days of warning before password expires	: 7
=========================================================================================
haldaemon
+++++++++++++++
Last password change					: Jun 20, 2014
Password expires					: never
Password inactive					: never
Account expires						: never
Minimum number of days between password change		: 0
Maximum number of days between password change		: 99999
Number of days of warning before password expires	: 7
=========================================================================================
avahi-autoipd
+++++++++++++++
Last password change					: Jun 20, 2014
Password expires					: never
Password inactive					: never
Account expires						: never
Minimum number of days between password change		: 0
Maximum number of days between password change		: 99999
Number of days of warning before password expires	: 7
=========================================================================================
gdm
+++++++++++++++
Last password change					: Jun 20, 2014
Password expires					: never
Password inactive					: never
Account expires						: never
Minimum number of days between password change		: 0
Maximum number of days between password change		: 99999
Number of days of warning before password expires	: 7
=========================================================================================
sabayon
+++++++++++++++
Last password change					: Jun 20, 2014
Password expires					: never
Password inactive					: never
Account expires						: never
Minimum number of days between password change		: 0
Maximum number of days between password change		: 99999
Number of days of warning before password expires	: 7
=========================================================================================
cognos
+++++++++++++++
Last password change					: Jun 24, 2014
Password expires					: never
Password inactive					: never
Account expires						: never
Minimum number of days between password change		: 0
Maximum number of days between password change		: 99999
Number of days of warning before password expires	: 7
=========================================================================================
oracle
+++++++++++++++
Last password change					: Jun 25, 2014
Password expires					: never
Password inactive					: never
Account expires						: never
Minimum number of days between password change		: 0
Maximum number of days between password change		: 99999
Number of days of warning before password expires	: 7
=========================================================================================
mocha
+++++++++++++++
Last password change					: Aug 15, 2014
Password expires					: never
Password inactive					: never
Account expires						: never
Minimum number of days between password change		: 0
Maximum number of days between password change		: 99999
Number of days of warning before password expires	: 7
=========================================================================================
