/etc/login.defs
++++++++++++++++++++
#	PASS_MAX_DAYS	Maximum number of days a password may be used.
PASS_MAX_DAYS	99999
#	PASS_WARN_AGE	Number of days warning given before a password expires.
PASS_WARN_AGE	7
=========================================================================================
root bin daemon adm lp sync shutdown halt mail news uucp operator games gopher ftp nobody dbus vcsa rpm haldaemon netdump nscd sshd rpc mailnull smmsp rpcuser nfsnobody pcap apache squid webalizer xfs ntp gdm pegasus htt weblogic tomcat shoujibaojia bankcomm splunk
=========================================================================================
root
+++++++++++++++
Minimum:	0
Maximum:	99999
Warning:	7
Inactive:	-1
Last Change:		Mar 16, 2015
Password Expires:	Never
Password Inactive:	Never
Account Expires:	Never
=========================================================================================
bin
+++++++++++++++
Minimum:	0
Maximum:	99999
Warning:	7
Inactive:	-1
Last Change:		Nov 02, 2009
Password Expires:	Never
Password Inactive:	Never
Account Expires:	Never
=========================================================================================
daemon
+++++++++++++++
Minimum:	0
Maximum:	99999
Warning:	7
Inactive:	-1
Last Change:		Nov 02, 2009
Password Expires:	Never
Password Inactive:	Never
Account Expires:	Never
=========================================================================================
adm
+++++++++++++++
Minimum:	0
Maximum:	99999
Warning:	7
Inactive:	-1
Last Change:		Nov 02, 2009
Password Expires:	Never
Password Inactive:	Never
Account Expires:	Never
=========================================================================================
lp
+++++++++++++++
Minimum:	0
Maximum:	99999
Warning:	7
Inactive:	-1
Last Change:		Nov 02, 2009
Password Expires:	Never
Password Inactive:	Never
Account Expires:	Never
=========================================================================================
sync
+++++++++++++++
Minimum:	0
Maximum:	99999
Warning:	7
Inactive:	-1
Last Change:		Nov 02, 2009
Password Expires:	Never
Password Inactive:	Never
Account Expires:	Never
=========================================================================================
shutdown
+++++++++++++++
Minimum:	0
Maximum:	99999
Warning:	7
Inactive:	-1
Last Change:		Nov 02, 2009
Password Expires:	Never
Password Inactive:	Never
Account Expires:	Never
=========================================================================================
halt
+++++++++++++++
Minimum:	0
Maximum:	99999
Warning:	7
Inactive:	-1
Last Change:		Nov 02, 2009
Password Expires:	Never
Password Inactive:	Never
Account Expires:	Never
=========================================================================================
mail
+++++++++++++++
Minimum:	0
Maximum:	99999
Warning:	7
Inactive:	-1
Last Change:		Nov 02, 2009
Password Expires:	Never
Password Inactive:	Never
Account Expires:	Never
=========================================================================================
news
+++++++++++++++
Minimum:	0
Maximum:	99999
Warning:	7
Inactive:	-1
Last Change:		Nov 02, 2009
Password Expires:	Never
Password Inactive:	Never
Account Expires:	Never
=========================================================================================
uucp
+++++++++++++++
Minimum:	0
Maximum:	99999
Warning:	7
Inactive:	-1
Last Change:		Nov 02, 2009
Password Expires:	Never
Password Inactive:	Never
Account Expires:	Never
=========================================================================================
operator
+++++++++++++++
Minimum:	0
Maximum:	99999
Warning:	7
Inactive:	-1
Last Change:		Nov 02, 2009
Password Expires:	Never
Password Inactive:	Never
Account Expires:	Never
=========================================================================================
games
+++++++++++++++
Minimum:	0
Maximum:	99999
Warning:	7
Inactive:	-1
Last Change:		Nov 02, 2009
Password Expires:	Never
Password Inactive:	Never
Account Expires:	Never
=========================================================================================
gopher
+++++++++++++++
Minimum:	0
Maximum:	99999
Warning:	7
Inactive:	-1
Last Change:		Nov 02, 2009
Password Expires:	Never
Password Inactive:	Never
Account Expires:	Never
=========================================================================================
ftp
+++++++++++++++
Minimum:	0
Maximum:	99999
Warning:	7
Inactive:	-1
Last Change:		Nov 02, 2009
Password Expires:	Never
Password Inactive:	Never
Account Expires:	Never
=========================================================================================
nobody
+++++++++++++++
Minimum:	0
Maximum:	99999
Warning:	7
Inactive:	-1
Last Change:		Nov 02, 2009
Password Expires:	Never
Password Inactive:	Never
Account Expires:	Never
=========================================================================================
dbus
+++++++++++++++
Minimum:	0
Maximum:	99999
Warning:	7
Inactive:	-1
Last Change:		Nov 02, 2009
Password Expires:	Never
Password Inactive:	Never
Account Expires:	Never
=========================================================================================
vcsa
+++++++++++++++
Minimum:	0
Maximum:	99999
Warning:	7
Inactive:	-1
Last Change:		Nov 02, 2009
Password Expires:	Never
Password Inactive:	Never
Account Expires:	Never
=========================================================================================
rpm
+++++++++++++++
Minimum:	0
Maximum:	99999
Warning:	7
Inactive:	-1
Last Change:		Nov 02, 2009
Password Expires:	Never
Password Inactive:	Never
Account Expires:	Never
=========================================================================================
haldaemon
+++++++++++++++
Minimum:	0
Maximum:	99999
Warning:	7
Inactive:	-1
Last Change:		Nov 02, 2009
Password Expires:	Never
Password Inactive:	Never
Account Expires:	Never
=========================================================================================
netdump
+++++++++++++++
Minimum:	0
Maximum:	99999
Warning:	7
Inactive:	-1
Last Change:		Nov 02, 2009
Password Expires:	Never
Password Inactive:	Never
Account Expires:	Never
=========================================================================================
nscd
+++++++++++++++
Minimum:	0
Maximum:	99999
Warning:	7
Inactive:	-1
Last Change:		Nov 02, 2009
Password Expires:	Never
Password Inactive:	Never
Account Expires:	Never
=========================================================================================
sshd
+++++++++++++++
Minimum:	0
Maximum:	99999
Warning:	7
Inactive:	-1
Last Change:		Nov 02, 2009
Password Expires:	Never
Password Inactive:	Never
Account Expires:	Never
=========================================================================================
rpc
+++++++++++++++
Minimum:	0
Maximum:	99999
Warning:	7
Inactive:	-1
Last Change:		Nov 02, 2009
Password Expires:	Never
Password Inactive:	Never
Account Expires:	Never
=========================================================================================
mailnull
+++++++++++++++
Minimum:	0
Maximum:	99999
Warning:	7
Inactive:	-1
Last Change:		Nov 02, 2009
Password Expires:	Never
Password Inactive:	Never
Account Expires:	Never
=========================================================================================
smmsp
+++++++++++++++
Minimum:	0
Maximum:	99999
Warning:	7
Inactive:	-1
Last Change:		Nov 02, 2009
Password Expires:	Never
Password Inactive:	Never
Account Expires:	Never
=========================================================================================
rpcuser
+++++++++++++++
Minimum:	0
Maximum:	99999
Warning:	7
Inactive:	-1
Last Change:		Nov 02, 2009
Password Expires:	Never
Password Inactive:	Never
Account Expires:	Never
=========================================================================================
nfsnobody
+++++++++++++++
Minimum:	0
Maximum:	99999
Warning:	7
Inactive:	-1
Last Change:		Nov 02, 2009
Password Expires:	Never
Password Inactive:	Never
Account Expires:	Never
=========================================================================================
pcap
+++++++++++++++
Minimum:	0
Maximum:	99999
Warning:	7
Inactive:	-1
Last Change:		Nov 02, 2009
Password Expires:	Never
Password Inactive:	Never
Account Expires:	Never
=========================================================================================
apache
+++++++++++++++
Minimum:	0
Maximum:	99999
Warning:	7
Inactive:	-1
Last Change:		Nov 02, 2009
Password Expires:	Never
Password Inactive:	Never
Account Expires:	Never
=========================================================================================
squid
+++++++++++++++
Minimum:	0
Maximum:	99999
Warning:	7
Inactive:	-1
Last Change:		Nov 02, 2009
Password Expires:	Never
Password Inactive:	Never
Account Expires:	Never
=========================================================================================
webalizer
+++++++++++++++
Minimum:	0
Maximum:	99999
Warning:	7
Inactive:	-1
Last Change:		Nov 02, 2009
Password Expires:	Never
Password Inactive:	Never
Account Expires:	Never
=========================================================================================
xfs
+++++++++++++++
Minimum:	0
Maximum:	99999
Warning:	7
Inactive:	-1
Last Change:		Nov 02, 2009
Password Expires:	Never
Password Inactive:	Never
Account Expires:	Never
=========================================================================================
ntp
+++++++++++++++
Minimum:	0
Maximum:	99999
Warning:	7
Inactive:	-1
Last Change:		Nov 02, 2009
Password Expires:	Never
Password Inactive:	Never
Account Expires:	Never
=========================================================================================
gdm
+++++++++++++++
Minimum:	0
Maximum:	99999
Warning:	7
Inactive:	-1
Last Change:		Nov 02, 2009
Password Expires:	Never
Password Inactive:	Never
Account Expires:	Never
=========================================================================================
pegasus
+++++++++++++++
Minimum:	0
Maximum:	99999
Warning:	7
Inactive:	-1
Last Change:		Nov 02, 2009
Password Expires:	Never
Password Inactive:	Never
Account Expires:	Never
=========================================================================================
htt
+++++++++++++++
Minimum:	0
Maximum:	99999
Warning:	7
Inactive:	-1
Last Change:		Nov 02, 2009
Password Expires:	Never
Password Inactive:	Never
Account Expires:	Never
=========================================================================================
weblogic
+++++++++++++++
Minimum:	0
Maximum:	99999
Warning:	7
Inactive:	-1
Last Change:		Dec 22, 2009
Password Expires:	Never
Password Inactive:	Never
Account Expires:	Never
=========================================================================================
tomcat
+++++++++++++++
Minimum:	0
Maximum:	99999
Warning:	7
Inactive:	-1
Last Change:		Dec 22, 2009
Password Expires:	Never
Password Inactive:	Never
Account Expires:	Never
=========================================================================================
shoujibaojia
+++++++++++++++
Minimum:	0
Maximum:	99999
Warning:	7
Inactive:	-1
Last Change:		Aug 29, 2014
Password Expires:	Never
Password Inactive:	Never
Account Expires:	Never
=========================================================================================
bankcomm
+++++++++++++++
Minimum:	0
Maximum:	99999
Warning:	7
Inactive:	-1
Last Change:		Aug 08, 2011
Password Expires:	Never
Password Inactive:	Never
Account Expires:	Never
=========================================================================================
splunk
+++++++++++++++
Minimum:	0
Maximum:	99999
Warning:	7
Inactive:	-1
Last Change:		Jul 24, 2012
Password Expires:	Never
Password Inactive:	Never
Account Expires:	Never
=========================================================================================
